1574724569 22.929
1574724570 24.182
1574724573 17.552
1574724574 30.139
1574724575 41.939
1574724576 23.309
1574724577 23.361
1574724578 49.124
1574724579 27.897
1574724581 23.411
1574724582 30.554
1574724583 23.969
1574724584 18.268
1574724630 15.433
1574724631 11.463
1574724631 11.463
1574724692 23.246
1574724693 19.447
1574724697 14.178
1574724701 12.725
1574724754 15.422
1574724754 15.422
1574724799 19.278
1574724800 12.697
1574724850 15.532
1574724851 14.186
1574724896 33.791
1574725444 21.624
1574725490 34.975
1574725536 27.939
1574725581 36.183
1574725582 36.183
1574725628 12.026
1574725684 26.991
1574725731 28.045
1574725776 34.829
1574725821 11.338
1574725822 22.356
1574725868 33.869
1574725913 20.936
1574725959 21.319
1574726004 12.374
1574726005 19.941
1574726051 23.193
1574726097 10.377
1574726098 12.32
1574726099 10.714
1574726144 11.713
1574726147 14.437
1574726192 17.64
1574726193 15.304
1574726238 34.85
1574726283 23.658
1574726440 36.404
1574726486 16.518
1574726507 29.744
1574726508 33.9
1574726509 41.64
1574726510 34.921
1574726511 33.433
