1579147809 28.357
1579147810 189.616
1579147811 265.45
1579147812 271.578
1579147813 241.673
1579147814 258.397
1579147815 251.158
1579147816 232.907
1579147817 213.063
1579147818 221.45
1579147819 205.918
1579147822 10.107
1579147823 19.584
1579147824 21.038
1579147825 20.859
1579147826 18.113
1579147827 19.639
1579147829 21.544
1579147830 86.819
1579147831 94.855
1579147832 163.044
1579147833 189.388
1579147833 189.388
1579147833 189.388
1579147834 10.835
1579147835 10.835
1579147836 201.742
1579147838 214.095
1579147839 195.081
1579147840 69.295
1579147841 88.008
1579147842 74.835
1579147843 185.658
1579147844 159.373
1579147845 170.296
1579147848 55.635
1579147849 55.635
1579147850 15.546
1579147851 14.854
1579147852 18.73
1579147853 20.731
1579147854 13.401
1579147856 75.319
1579147857 222.349
1579147858 231.34
1579147859 226.878
1579147860 213.02
1579147861 247.708
1579147864 15.676
1579147866 19.557
1579147867 13.838
1579147868 16.713
1579147869 21.328
1579147870 23.128
1579147871 22.714
1579147872 84.779
1579147873 84.779
1579147874 213.904
1579147875 231.012
1579147878 23.686
1579147879 25.275
1579147880 105.567
1579147881 120.799
1579147882 106.462
1579147884 107.98
1579147885 101.905
1579147886 86.717
1579147887 159.44
1579147889 60.978
1579147890 60.978
1579147891 20.348
1579147893 55.694
1579147894 144.022
1579147895 223.527
1579147896 240.017
1579147897 207.309
1579147898 261.862
1579147899 268.007
1579147900 248.253
1579147901 245.881
1579147903 197.284
1579147905 22.209
1579147906 96.92
1579147907 224.729
1579147908 296.93
1579147909 310.134
1579147910 327.97
1579147911 243.975
1579147912 334.705
1579147914 326.388
1579147915 199.638
1579147917 82.177
1579147918 82.177
1579147919 277.729
1579147920 244.693
1579147921 236.91
1579147922 207.271
1579147924 194.391
1579147925 220.088
1579147926 184.152
1579147927 175.362
1579147928 213.841
1579147929 169.634
1579147930 137.965
1579147932 69.361
1579147934 196.766
1579147935 229.81
1579147936 225.498
1579147937 272.332
1579147938 226.451
1579147939 208.171
1579147940 206.614
1579147941 224.31
1579147942 228.532
1579147945 14.621
1579147945 14.621
1579147947 311.303
1579147948 270.348
1579147949 249.031
1579147950 166.978
1579147951 201.363
1579147952 160.636
1579147953 185.565
1579147953 185.565
1579147955 185.806
1579147956 184.734
1579147957 191.82
1579147958 155.304
1579147960 209.871
1579147961 266.55
1579147963 270.419
1579147964 283.773
1579147965 244.851
1579147966 235.634
1579147967 251.066
1579147968 273.214
1579147969 254.726
1579147970 222.376
1579147971 252.402
1579147973 11.237
1579147975 192.184
1579147976 242.343
1579147977 371.824
1579147978 274.426
1579147979 285.107
1579147980 263.204
1579147981 248.087
1579147982 297.996
1579147983 300.83
1579147985 223.864
1579147985 223.864
1579147986 111.885
1579147988 80.308
1579147989 132.518
1579147990 199.667
1579147991 258.63
1579147992 162.716
1579147993 236.626
1579147995 184.406
1579147996 139.936
1579147997 148.521
1579147998 106.935
1579147999 135.148
1579148001 14.855
1579148002 86.249
1579148004 134.265
1579148005 119.181
1579148006 93.131
1579148007 81.106
1579148008 98.724
1579148009 94.62
1579148010 88.226
1579148011 104.404
1579148014 54.267
1579148014 54.267
1579148016 52.998
1579148016 52.998
1579148017 142.299
1579148018 163.183
1579148019 169.674
1579148020 178.044
1579148022 177.395
1579148023 99.57
1579148024 180.357
1579148025 182.715
1579148026 179.873
1579148027 69.136
1579148029 16.826
1579148031 54.443
1579148031 54.443
1579148032 266.501
1579148033 297.801
1579148034 316.509
1579148035 328.861
1579148036 269.056
1579148037 169.428
1579148038 133.593
1579148039 51.718
1579148041 112.077
1579148043 31.658
1579148044 198.813
1579148045 241.931
1579148046 193.213
1579148047 128.77
1579148048 215.658
1579148050 247.985
1579148051 161.474
1579148052 145.024
1579148052 145.024
1579148053 117.76
1579148057 26.891
1579148059 76.939
1579148060 183.238
1579148061 139.182
1579148062 113.978
1579148062 113.978
1579148063 121.786
1579148064 103.804
1579148065 97.631
1579148066 103.469
1579148069 49.631
1579148071 289.097
1579148072 368.405
1579148073 361.136
1579148074 303.606
1579148075 329.965
1579148076 321.959
1579148077 300.831
1579148079 347.509
1579148080 297.735
1579148081 279.866
1579148082 336.532
1579148085 63.864
1579148086 137.714
1579148087 123.578
1579148088 265.393
1579148089 352.468
1579148090 261.875
1579148091 304.518
1579148092 243.564
1579148093 272.664
1579148095 228.505
1579148096 220.663
1579148097 78.705
1579148097 78.705
1579148098 10.124
1579148099 34.831
1579148100 33.884
1579148101 32.882
1579148102 34.203
1579148103 32.864
1579148105 33.898
1579148106 33.915
1579148107 33.906
1579148108 33.001
1579148115 17.193
1579148116 19.595
1579148117 10.209
1579148118 18.555
1579148119 74.749
1579148120 88.241
1579148121 70.595
1579148124 85.096
1579148126 15.678
1579148127 142.386
1579148128 104.658
1579148129 53.141
1579148129 53.141
1579148130 53.401
1579148131 48.478
1579148132 39.218
1579148133 30.594
1579148135 20.595
1579148136 101.326
1579148137 148.255
1579148138 75.796
1579148139 75.796
1579148140 25.204
1579148141 27.232
1579148142 29.944
1579148143 94.534
1579148144 132.964
1579148146 143.247
1579148147 170.236
1579148148 158.683
1579148149 171.5
1579148149 171.5
1579148150 185.458
1579148151 120.018
1579148153 11.97
1579148155 20.061
1579148156 19.898
1579148157 20.569
1579148158 20.111
1579148159 20.617
1579148160 20.262
1579148161 19.562
1579148161 19.562
1579148162 20.231
1579148163 19.951
1579148164 69.372
1579148165 24.679
1579148166 24.679
1579148168 22.297
1579148169 126.752
1579148170 172.766
1579148171 159.481
1579148172 165.809
1579148173 142.302
1579148174 189.973
1579148175 227.203
1579148175 227.203
1579148176 189.578
1579148179 145.0
1579148182 17.406
1579148183 76.235
1579148184 112.567
