1574637949 14.798
1574637950 10.328
1574637955 27.898
1574637956 14.726
1574637957 13.145
1574637960 18.048
1574637961 26.078
1574637962 17.861
1574637963 21.855
1574637964 21.417
1574637965 21.839
1574638025 16.898
1574638026 12.402
1574638026 12.402
1574638072 22.037
1574638072 22.037
1574638077 11.274
1574638083 15.948
1574638118 21.261
1574638165 27.61
1574638211 25.07
1574638258 23.545
1574638304 27.772
1574638349 10.695
1574638350 22.156
1574638737 15.483
1574638738 19.627
1574638783 23.009
1574638830 21.561
1574638875 34.665
1574638920 14.554
1574638967 29.163
1574639012 32.754
1574639057 14.394
1574639058 14.394
1574639104 14.177
1574639105 12.999
1574639150 26.383
1574639196 35.801
1574639242 29.775
1574639288 14.594
1574639333 16.906
1574639379 11.445
1574639380 11.422
1574639483 11.162
1574639548 11.223
1574639549 13.284
1574639550 22.269
1574639551 16.413
1574639552 29.522
1574639554 24.408
1574639555 29.667
1574639556 31.911
1574639557 20.24
1574639557 20.24
1574639558 22.818
1574639604 16.53
1574639651 33.169
1574639696 33.146
1574639741 32.261
1574639786 30.046
1574639832 17.01
1574639878 31.74
1574639925 11.557
1574639927 15.134
1574639975 15.139
1574639976 10.846
1574640021 22.682
