1574486915 10.099
1574486916 14.548
1574486929 23.169
1574486930 16.829
1574486931 14.194
1574486932 26.623
1574486933 21.903
1574486934 10.236
1574486935 23.477
1574486937 10.516
1574486982 13.593
1574487027 20.131
1574487073 21.559
1574487118 11.743
1574487166 18.921
1574487211 27.434
1574487257 13.974
1574487396 17.364
1574487397 21.138
1574487442 22.172
1574487488 12.21
1574487489 11.952
1574487534 24.457
1574487579 23.523
1574487632 24.414
1574487678 17.443
1574487679 11.28
1574487772 11.01
1574487817 16.137
1574487908 18.139
1574487953 16.016
1574488161 18.44
1574488225 15.758
1574488226 26.079
1574488228 18.989
1574488230 22.26
1574488231 16.634
1574488232 16.968
1574488233 14.521
1574488354 16.28
1574488760 11.45
1574488761 10.218
1574488806 13.512
1574489096 10.985
1574489141 15.3
1574489232 14.83
1574489444 10.556
1574489506 44.102
1574489507 26.256
