1574733231 111.617
1574733232 61.611
1574733286 20.334
1574733331 34.521
1574733332 34.521
1574733376 29.705
1574733422 22.753
1574733468 28.411
1574733513 35.632
1574733559 31.122
1574733604 31.373
1574733650 16.626
1574733698 29.699
1574733743 23.756
1574734135 22.036
1574734181 20.623
1574734228 13.523
1574734229 13.565
1574734276 17.204
1574734323 21.047
1574734372 10.156
1574734473 16.57
1574734474 11.494
1574734524 10.73
1574734526 11.014
1574734573 10.119
1574734574 10.119
1574734665 14.195
1574734800 20.643
1574734865 28.293
1574734866 33.314
1574734867 20.111
1574734868 27.938
1574734869 25.849
1574734870 31.959
1574734871 24.446
1574734872 17.236
1574734873 19.333
1574734874 19.333
1574734920 23.584
1574734966 22.187
1574734967 12.321
1574735013 22.748
1574735059 28.313
1574735105 26.382
1574735152 11.248
1574735153 16.263
1574735199 21.81
1574735245 32.629
1574735290 26.085
1574735336 25.395
1574735432 10.537
1574735433 12.418
1574735434 12.418
1574735481 10.192
1574735482 10.568
1574735574 19.112
1574735620 32.77
1574735666 30.537
1574735715 34.213
1574735716 34.213
1574735766 10.493
1574735767 28.858
1574735812 25.68
1574735907 16.334
1574735953 34.168
1574735954 34.168
1574735998 13.89
1574736000 15.784
1574736055 17.951
1574736059 17.576
1574736105 15.319
1574736150 21.984
1574736151 10.453
1574736209 18.684
1574736210 20.703
1574736256 19.354
1574736303 12.6
1574736304 19.602
1574736349 17.588
1574736350 15.166
1574736395 22.948
1574736418 19.941
1574736419 28.982
1574736420 14.446
