1581645149 11.024
1581645156 22.625
1581645157 16.189
1581645163 19.659
1581645166 12.322
1581645167 16.191
1581645168 16.16
1581645169 20.629
1581645170 22.475
1581645171 18.739
1581645175 12.363
1581645176 10.267
1581645178 16.906
1581645179 36.656
1581645181 25.915
1581645184 38.456
1581645185 28.917
1581645188 11.737
1581645191 16.559
1581645192 18.056
1581645194 14.217
1581645195 14.613
1581645196 12.039
1581645197 13.081
1581645198 28.786
1581645199 18.931
1581645202 12.145
1581645205 10.776
1581645258 19.637
1581645259 131.112
1581645260 227.56
1581645261 227.56
1581645261 264.338
1581645262 214.03
1581645263 251.456
1581645265 257.95
1581645266 242.078
1581645267 250.804
1581645269 32.101
1581645270 32.101
1581645271 24.414
1581645273 24.003
1581645274 24.048
1581645275 76.519
1581645276 156.025
1581645277 283.323
1581645278 302.978
1581645280 321.223
1581645281 282.26
1581645283 35.035
1581645284 35.035
1581645285 130.493
1581645286 331.135
1581645288 311.919
1581645289 314.37
1581645290 348.843
1581645291 443.024
1581645292 484.565
1581645293 360.997
1581645294 373.179
1581645295 356.113
1581645296 198.401
1581645299 20.336
1581645300 24.599
1581645301 23.901
1581645302 23.249
1581645303 26.619
1581645305 145.677
1581645306 142.466
1581645307 139.479
1581645308 197.276
1581645309 260.274
1581645310 113.853
1581645311 113.853
1581645314 18.271
1581645315 20.427
1581645316 19.233
1581645317 21.677
1581645319 19.832
1581645320 21.885
1581645321 18.838
1581645322 19.27
1581645327 23.12
1581645328 119.255
1581645329 133.39
1581645330 142.92
1581645331 140.988
1581645333 151.912
1581645333 151.912
1581645334 155.747
1581645335 128.367
1581645336 133.892
1581645338 59.741
1581645342 19.822
1581645343 53.633
1581645344 177.308
1581645345 192.589
1581645346 217.359
1581645348 176.141
1581645349 175.397
1581645349 175.397
1581645350 193.786
1581645352 130.686
1581645354 63.987
1581645356 260.064
1581645357 226.166
1581645358 226.166
1581645358 235.364
1581645359 244.274
1581645360 248.309
1581645361 246.78
1581645362 259.361
1581645363 251.722
1581645366 234.187
1581645367 50.887
1581645367 50.887
1581645368 11.265
1581645369 11.265
1581645369 14.337
1581645370 14.262
1581645372 19.724
1581645373 65.438
1581645374 116.194
1581645375 152.165
1581645376 180.82
1581645377 178.678
1581645379 156.545
1581645380 107.961
1581645382 13.694
1581645383 17.107
1581645384 17.494
1581645386 81.51
1581645387 151.149
1581645388 190.29
1581645389 179.104
1581645390 155.944
1581645391 198.028
1581645392 198.028
1581645393 175.962
1581645394 99.871
1581645395 99.871
1581645682 18.911
1581645684 55.625
1581645685 121.798
1581645687 78.714
1581645688 13.48
1581645688 13.48
1581645703 12.045
1581645704 79.847
1581645705 79.847
1581645705 177.102
1581645706 152.383
1581645707 158.113
1581645709 142.15
1581645710 142.615
1581645711 130.638
1581645712 130.638
1581645712 158.02
1581645713 167.336
1581645714 139.886
1581645718 50.228
1581645719 135.823
1581645720 154.514
1581645721 154.514
1581645721 119.816
1581645723 153.948
1581645724 167.394
1581645725 155.1
1581645726 143.355
1581645727 165.278
1581645728 135.39
1581645731 25.342
1581645732 126.161
1581645733 166.606
1581645734 111.295
1581645735 174.944
1581645736 169.15
1581645737 110.488
1581645738 110.488
1581645739 164.833
1581645740 169.382
1581645741 152.535
1581645742 127.047
1581645746 129.947
1581645747 170.582
1581645748 168.88
1581645749 166.528
1581645750 175.726
1581645752 157.87
1581645753 157.1
1581645753 157.1
1581645754 152.66
1581645755 149.978
1581645756 111.655
1581645759 65.622
1581645760 150.011
1581645761 163.537
1581645761 163.537
1581645762 150.386
1581645763 161.694
1581645764 159.52
1581645766 149.495
1581645767 155.64
1581645768 166.545
1581645769 166.545
1581645770 152.659
1581645772 35.908
1581645774 133.325
1581645775 164.147
1581645775 164.147
1581645776 147.889
1581645777 155.157
1581645778 158.113
1581645779 156.456
1581645781 130.42
1581645782 142.621
1581645783 142.621
1581645784 84.664
1581645786 15.937
1581645788 76.996
1581645789 159.574
1581645790 159.574
1581645790 160.686
1581645791 105.207
1581645792 105.299
1581645793 168.238
1581645794 158.275
1581645796 136.243
1581645797 136.243
1581645798 79.24
1581645800 21.288
1581645801 13.064
1581645803 10.357
1581645804 10.357
1581645807 11.212
1581645810 11.801
1581645814 11.794
1581645824 11.628
1581645829 29.209
1581645830 15.369
1581645831 11.683
1581645832 12.369
1581645842 12.394
1581645843 17.595
1581645857 15.509
1581645858 13.833
1581645863 11.345
1581645864 11.008
1581645866 10.334
1581645870 12.822
1581645871 16.353
1581645872 16.015
1581645873 18.363
1581645874 18.443
1581645875 18.443
1581645876 18.414
1581645877 17.613
1581645878 11.146
1581645879 12.821
1581645884 17.721
1581645885 17.384
1581645886 16.06
1581645887 14.741
1581645889 16.971
1581645890 16.429
1581645891 17.621
1581645892 15.882
1581645892 15.882
1581645893 22.093
1581645898 15.055
1581645899 14.941
1581645900 10.332
1581645901 12.833
1581645902 12.833
1581645908 13.029
1581645909 14.437
1581645910 14.437
1581645912 11.855
1581645923 10.49
1581645925 14.32
1581645926 17.047
1581645927 17.047
1581645927 17.098
1581645939 18.59
1581645939 18.59
1581645940 13.158
1581645942 10.733
1581645943 10.264
1581645944 11.971
1581645945 18.114
1581645946 21.521
1581645948 14.807
1581645949 13.694
1581645950 13.694
1581645954 22.735
1581645955 12.485
1581645956 10.139
1581645957 15.365
1581645958 16.415
1581645958 16.415
1581645959 18.015
1581645961 14.543
1581645962 13.454
1581645963 19.868
1581645964 21.994
1581645967 24.646
1581645968 24.646
1581645969 17.662
1581645970 17.366
1581645971 13.54
1581645972 12.467
1581645974 11.587
1581645977 11.151
1581645988 11.116
1581645997 11.307
1581646003 11.853
1581646004 11.201
1581646005 10.867
1581646009 19.138
1581646015 10.171
1581646019 12.417
1581646020 12.417
