1574810995 23.885
1574810999 21.292
1574811000 25.945
1574811001 24.636
1574811002 22.587
1574811003 19.63
1574811004 31.503
1574811005 36.713
1574811006 20.949
1574811007 18.373
1574811073 22.174
1574811120 27.996
1574811120 27.996
1574811166 23.363
1574811212 26.296
1574811258 15.001
1574811260 15.057
1574811328 14.821
1574811328 14.821
1574811329 21.714
1574811375 23.593
1574811376 23.593
1574811941 15.723
1574812003 13.082
1574812048 14.217
1574812093 22.306
1574812139 11.96
1574812187 11.267
1574812233 26.347
1574812283 12.033
1574812329 23.542
1574812375 24.707
1574812422 13.685
1574812423 16.621
1574812469 21.076
1574812515 20.219
1574812516 12.385
1574812563 10.112
1574812611 11.179
1574812612 11.904
1574812661 13.19
1574812662 12.436
1574812708 23.439
1574812755 26.404
1574812803 10.643
1574812852 12.407
1574812853 16.219
1574812904 16.688
1574812905 11.684
1574812950 12.999
1574812951 11.165
1574812998 10.772
1574812999 11.331
1574813046 32.505
1574813091 13.139
1574813092 16.174
1574813138 33.074
1574813138 33.074
1574813183 16.072
1574813184 14.227
