1579130816 15.492
1579130817 10.893
1579130819 11.688
1579130820 15.58
1579130821 13.716
1579130822 11.36
1579130825 10.74
1579130826 13.04
1579130828 12.277
1579130829 14.753
1579130830 12.684
1579130832 10.039
1579130834 11.357
1579130839 16.725
1579130840 15.86
1579130841 17.785
1579130842 14.486
1579130845 10.339
1579130846 15.572
1579130847 15.988
1579130848 17.507
1579130853 14.387
1579130854 10.294
1579130856 11.204
1579130859 10.251
1579130861 10.936
1579130862 12.719
1579130863 15.249
1579130863 15.249
1579130867 17.558
1579130868 18.665
1579130869 14.246
1579130870 11.502
1579130871 11.502
1579130872 17.819
1579130873 17.791
1579130874 18.363
1579130875 13.015
1579130881 17.97
1579130882 17.97
1579130882 15.384
1579130883 11.637
1579130885 13.009
1579130887 10.522
1579130888 10.097
1579130889 12.476
1579130895 17.184
1579130896 14.234
1579130899 17.614
1579130900 14.32
1579130901 17.78
1579130901 17.78
1579130902 10.224
1579130903 19.208
1579130904 17.833
1579130906 12.747
1579130908 13.092
1579130909 15.44
1579130910 17.152
1579130911 16.44
1579130912 16.44
1579130913 14.93
1579130914 10.16
1579130915 11.887
1579130918 12.472
1579130922 14.58
1579130923 19.475
1579130925 17.06
1579130927 15.746
1579130929 13.66
1579130930 12.033
1579130931 12.725
1579130936 16.149
1579130937 15.77
1579130938 17.565
1579130941 13.272
1579130942 10.722
1579130942 10.722
1579130943 14.834
1579130944 13.221
1579130945 12.896
1579130946 12.03
1579130950 14.72
1579130951 11.703
1579130956 12.914
1579130956 12.914
1579130957 11.354
1579130958 13.771
1579130959 11.526
1579130964 11.672
1579130965 10.705
1579130966 12.956
1579130967 10.952
1579130972 10.182
1579130979 14.391
1579130980 11.376
1579130981 11.343
1579131034 13.003
1579131038 12.114
1579131039 10.75
1579131040 15.917
1579131041 15.917
1579131041 10.469
1579131047 16.437
1579131048 16.437
1579131048 11.951
1579131050 11.494
1579131051 10.837
1579131052 10.744
1579131053 14.072
1579131054 12.79
1579131055 12.79
1579131063 13.204
1579131064 16.801
1579131065 14.977
1579131068 10.093
1579131069 10.093
1579131070 14.557
1579131071 10.073
1579131072 15.454
1579131075 18.524
1579131076 18.524
1579131077 17.825
1579131078 18.985
1579131079 18.336
1579131080 17.22
1579131081 19.242
1579131083 18.356
1579131083 18.356
1579131084 19.423
1579131085 19.881
1579131086 16.081
1579131090 19.735
1579131091 19.742
1579131091 19.742
1579131092 18.921
1579131093 20.101
1579131094 19.163
1579131095 18.836
1579131097 18.926
1579131098 19.638
1579131099 19.147
1579131100 15.246
1579131100 15.246
1579131102 14.995
1579131104 21.633
1579131105 22.746
1579131106 23.391
1579131107 20.407
1579131108 19.99
1579131109 19.99
1579131109 21.338
1579131111 20.523
1579131112 19.462
1579131114 14.083
1579131119 16.221
1579131120 18.1
1579131121 13.214
1579131122 18.137
1579131124 18.958
1579131125 19.28
1579131125 19.28
1579131126 18.704
1579131131 17.467
1579131132 17.681
1579131133 17.531
1579131134 16.055
1579131135 18.773
1579131136 18.773
1579131137 17.53
1579131138 17.475
1579131139 18.462
1579131140 18.225
1579131145 16.065
1579131145 16.065
1579131146 16.051
1579131147 15.936
1579131148 17.543
1579131149 19.429
1579131151 18.648
1579131152 19.627
1579131158 16.783
1579131239 11.133
1579131243 10.174
1579131567 10.654
1579131568 17.17
1579131569 18.132
1579131571 17.114
1579131575 21.853
1579131576 22.698
1579131577 22.715
1579131578 20.844
1579131579 23.483
1579131581 23.385
1579131582 22.422
1579131583 22.749
1579131584 21.573
1579131586 20.399
1579131589 22.012
1579131590 20.296
1579131591 21.052
1579131592 19.436
1579131593 20.679
1579131603 19.241
1579131604 16.834
1579131605 20.465
1579131607 10.668
1579131609 22.335
1579131610 19.737
1579131611 14.97
1579131612 20.595
1579131613 23.977
1579131617 22.395
1579131618 23.064
1579131618 23.064
1579131619 22.147
1579131620 22.371
1579131621 22.763
1579131623 21.634
1579131624 23.807
1579131625 24.165
1579131626 23.181
1579131627 22.95
1579131630 14.76
1579131631 33.355
1579131632 35.229
1579131633 32.806
1579131634 30.715
1579131635 30.715
1579131635 22.927
1579131636 30.082
1579131638 16.741
1579131639 30.361
1579131640 33.549
1579131641 23.214
1579131644 23.004
1579131646 21.796
1579131647 23.593
1579131648 23.68
1579131649 22.959
1579131650 25.895
1579131651 22.597
1579131653 23.338
1579131654 12.754
1579131658 21.536
1579131660 18.497
1579131661 20.814
1579131662 12.214
1579131663 14.614
1579131664 19.192
1579131666 17.701
1579131667 22.232
1579131668 23.018
1579131669 12.87
1579131673 20.638
1579131674 19.248
1579131675 20.104
1579131676 22.107
1579131678 22.724
1579131679 21.705
1579131680 21.053
1579131681 24.099
1579131682 21.797
1579131684 23.565
1579131686 11.648
1579131687 30.558
1579131688 31.313
1579131689 31.257
1579131691 31.244
1579131692 30.879
1579131693 31.633
1579131694 29.672
1579131695 31.253
1579131698 17.186
1579131700 12.497
1579131701 19.415
1579131702 16.316
1579131704 21.695
1579131705 19.057
1579131706 21.054
1579131707 20.32
1579131708 20.775
1579131710 22.41
1579131714 22.549
1579131715 23.714
1579131717 23.319
1579131718 22.495
1579131719 22.893
1579131720 21.693
1579131721 16.592
1579131723 22.407
1579131724 19.684
1579131725 19.718
1579131728 12.109
1579131730 24.888
1579131731 17.822
1579131732 13.01
1579131733 19.297
1579131734 18.896
1579131736 22.246
1579131737 25.553
1579131738 24.118
1579131739 16.009
1579131743 23.078
1579131744 12.548
1579131745 23.321
1579131745 23.321
1579131746 11.603
1579131747 22.237
1579131749 22.757
1579131750 23.879
1579131752 22.382
1579131756 19.047
1579131757 19.639
1579131758 19.212
1579131777 13.848
1579131778 13.848
1579131778 17.453
1579131792 10.111
1579131794 11.099
1579131799 10.333
1579131812 13.894
1579131813 16.333
1579131814 15.724
1579131834 10.163
1579131870 15.902
1579131871 15.902
1579131871 15.732
1579131872 16.431
1579131874 15.388
1579131875 15.647
1579131876 15.282
1579131878 14.997
1579131884 16.055
1579131885 19.27
1579131887 16.615
1579131888 15.77
1579131889 16.7
1579131890 17.789
1579131894 10.322
1579131895 16.156
1579131896 14.655
1579131897 11.673
1579131898 10.134
1579131900 10.119
1579131901 12.487
1579131902 10.51
1579131903 11.978
1579131905 10.335
1579131916 12.879
1579131917 16.904
1579131918 17.002
1579131923 18.448
1579131925 16.824
1579131926 17.245
1579131928 15.669
1579131929 19.212
1579131930 17.829
1579131931 18.867
1579131932 19.009
1579131934 17.643
1579131936 11.665
1579131937 21.473
1579131938 21.559
1579131940 21.868
1579131941 22.137
1579131942 21.143
1579131943 22.999
1579131944 22.202
1579131946 22.06
1579131948 15.606
1579131950 20.911
1579131952 22.084
1579131953 21.659
1579131954 22.163
1579131955 22.931
1579131956 22.618
1579131957 22.82
1579131959 22.34
1579131960 23.33
1579131961 23.439
1579131961 23.439
1579131965 20.762
1579131966 20.721
1579131967 20.33
1579131968 20.404
1579131969 20.757
1579131971 21.706
1579131972 20.298
1579131973 18.785
1579131974 20.422
1579131975 14.483
1579131978 18.246
1579131979 28.814
1579131980 29.028
1579131981 31.174
1579131982 28.342
1579131984 25.756
1579131985 26.272
1579131986 27.777
1579131987 26.6
1579131988 26.222
1579131990 17.474
1579131990 17.474
1579131992 22.767
1579131993 27.119
1579131994 27.494
1579131996 26.865
1579131997 25.47
1579131998 24.371
1579131999 25.418
1579132000 25.25
1579132006 23.415
1579132007 21.901
1579132009 23.417
1579132010 20.01
1579132011 20.14
1579132012 19.967
1579132013 18.167
1579132015 19.958
1579132017 16.078
1579132019 18.77
1579132021 22.812
1579132022 20.457
1579132023 20.78
1579132024 19.561
1579132025 21.586
1579132026 22.058
1579132028 22.699
1579132029 19.717
1579132034 15.269
1579132035 18.471
1579132036 16.982
1579132037 17.69
1579132038 17.374
1579132040 17.36
1579132041 17.226
1579132042 17.847
1579132043 18.451
1579132044 17.86
1579132044 17.86
1579132048 24.42
1579132048 24.42
1579132049 27.068
1579132050 25.405
1579132051 24.458
1579132052 23.948
1579132054 23.895
1579132055 22.763
1579132056 22.089
1579132057 21.976
1579132058 21.976
1579132058 18.419
1579132061 13.698
1579132062 23.327
1579132063 24.215
1579132064 22.916
1579132065 12.386
1579132067 14.45
1579132068 13.299
1579132069 14.17
1579132070 13.906
1579132071 14.189
1579132075 11.952
1579132076 15.048
1579132077 14.961
1579132078 14.961
1579132078 14.528
1579132080 14.885
1579132081 13.993
1579132082 14.902
1579132083 14.567
1579132084 14.775
1579132085 14.504
1579132089 12.618
1579132090 14.448
1579132091 14.652
1579132092 14.611
1579132094 14.468
1579132095 15.141
1579132096 12.695
1579132208 19.797
1579132209 20.761
1579132214 29.297
1579132215 31.614
1579132217 34.415
1579132217 34.415
1579132218 36.417
1579132219 35.231
1579132220 39.857
1579132221 38.015
1579132222 37.963
1579132224 47.477
1579132225 47.477
1579132225 43.819
1579132227 10.873
1579132228 24.96
1579132229 24.792
1579132231 24.763
1579132232 25.498
1579132233 24.804
1579132234 25.564
1579132235 24.898
1579132237 25.008
1579132239 16.6
1579132241 28.189
1579132243 33.507
1579132244 32.345
1579132245 31.933
1579132246 31.754
1579132247 32.558
1579132248 32.932
1579132250 32.896
1579132251 30.773
1579132256 15.871
1579132257 17.94
1579132258 17.169
1579132259 17.796
