1576452173 19.121
1576452174 13.847
1576452176 17.36
1576452177 10.999
1576452178 13.204
1576452179 15.966
1576452180 20.216
1576452181 11.607
1576452182 15.639
1576452183 14.326
1576452187 15.47
1576452188 15.999
1576452189 14.373
1576452190 15.0
1576452191 22.277
1576452193 13.659
1576452194 14.997
1576452195 16.699
1576452196 22.449
1576452197 15.764
1576452202 16.707
1576452203 15.375
1576452204 15.79
1576452205 18.652
1576452206 18.419
1576452207 17.14
1576452208 15.969
1576452209 11.926
1576452215 16.763
1576452216 16.33
1576452218 14.892
1576452220 18.306
1576452221 11.223
1576452223 11.254
1576452224 11.23
1576452225 11.204
1576452229 15.16
1576452230 12.415
1576452231 10.051
1576452232 10.171
1576452233 14.429
1576452234 17.839
1576452235 14.375
1576452236 10.555
1576452238 12.96
1576452239 14.186
1576452242 11.282
1576452243 20.158
1576452244 17.249
1576452246 12.711
1576452252 11.165
1576452254 16.075
1576452257 13.166
1576452262 13.247
1576452264 10.867
1576452270 13.673
1576452271 16.977
1576452273 16.329
1576452274 18.683
1576452276 10.231
1576452277 10.627
1576452279 10.006
1576452282 10.853
1576452282 10.853
1576452287 11.297
1576452288 16.034
1576452292 10.792
1576452295 10.23
1576452299 14.213
1576452300 11.853
1576452300 11.853
1576452304 12.577
1576452307 10.702
1576452307 10.702
1576452308 13.31
1576452312 10.654
1576452313 11.164
1576452318 11.616
1576452319 11.709
1576452328 12.593
1576452329 13.879
1576452331 10.733
1576452335 16.795
1576452336 10.06
1576452340 10.346
1576452344 11.366
1576452345 11.82
1576452346 15.529
1576452347 15.37
1576452348 12.363
1576452350 11.312
1576452351 13.151
1576452351 13.151
1576452354 11.936
1576452355 10.446
1576452360 11.92
1576452361 10.719
1576452361 10.719
1576452362 12.307
1576452368 12.653
1576452369 15.618
1576452370 15.457
1576452370 15.457
1576452371 14.231
1576452372 18.387
1576452373 14.765
1576452374 13.637
1576452376 15.385
1576452381 10.797
1576452382 19.077
1576452383 17.171
1576452385 16.192
1576452386 14.784
1576452387 11.596
1576452388 10.304
1576452389 13.443
1576452390 15.536
1576452391 15.536
1576452391 12.253
1576452396 17.232
1576452398 12.038
1576452399 12.038
1576452404 10.822
1576452405 11.697
1576452409 13.919
1576452416 13.508
1576452417 10.853
1576452418 12.206
1576452424 13.029
1576452432 19.687
1576452433 22.9
1576452434 22.9
1576452434 28.411
1576452434 28.411
1576452435 28.411
1576452438 13.9
1576452439 15.813
1576452440 15.0
1576452441 17.054
1576452442 17.054
1576452442 15.152
1576452443 11.788
1576452444 11.857
1576452446 13.906
1576452447 11.287
1576452448 15.99
1576452451 69.047
1576452452 78.013
1576452453 83.335
1576452455 103.964
1576452456 124.362
1576452456 124.362
1576452457 135.749
1576452458 141.256
1576452459 150.401
1576452460 148.164
1576452461 150.032
1576452462 78.823
1576452465 11.998
1576452466 21.131
1576452467 22.201
1576452468 22.899
1576452469 20.117
1576452470 19.443
1576452471 18.019
1576452472 18.019
1576452472 17.473
1576452474 13.396
1576452475 10.28
1576452480 10.954
1576452483 10.096
1576452488 59.19
1576452489 98.59
1576452491 10.425
1576452492 10.425
1576452497 35.138
1576452499 60.864
1576452500 77.51
1576452501 154.285
1576452502 164.656
1576452503 154.124
1576452503 154.124
1576452504 109.857
1576452506 11.743
1576452507 17.945
1576452509 17.692
1576452510 17.411
1576452511 17.269
1576452511 17.269
1576452512 18.726
1576452513 15.654
1576452514 15.934
1576452515 18.625
1576452518 15.106
1576452518 15.106
1576452885 37.337
1576452886 45.939
1576452887 45.939
1576452888 45.351
1576452889 44.041
1576452890 46.567
1576452891 32.108
1576452892 40.149
1576452893 37.869
1576452897 19.31
1576452898 19.356
1576452899 13.494
1576452900 13.494
1576452900 18.093
1576452901 18.848
1576452902 16.695
1576452903 16.887
1576452905 15.121
1576452906 44.524
1576452910 161.052
1576452911 353.338
1576452912 366.042
1576452913 378.867
1576452914 397.527
1576452915 397.527
1576452916 389.75
1576452917 424.651
1576452918 406.774
1576452919 371.278
1576452920 349.717
1576452921 378.345
1576452923 11.354
1576452924 32.531
1576452925 39.176
1576452926 319.279
1576452928 401.381
1576452929 532.905
1576452930 411.49
1576452930 411.49
1576452931 450.214
1576452932 483.139
1576452933 419.382
1576452934 419.98
1576452935 215.798
1576452937 10.755
1576452940 15.933
1576452941 19.899
1576452942 20.364
1576452944 21.215
1576452945 20.449
1576452946 21.782
1576452947 21.997
1576452949 21.673
1576452952 20.044
1576452953 21.195
1576452954 19.999
1576452955 22.334
1576452957 21.922
1576452958 21.765
1576452959 22.146
1576452960 21.371
1576452961 18.756
1576452966 28.761
1576452967 28.276
1576452968 34.491
1576452969 32.941
1576452970 32.941
1576452970 31.65
1576452971 33.995
1576452972 32.916
1576452974 22.169
1576452975 18.131
1576452976 31.603
1576452977 19.145
1576452977 19.145
1576453034 10.575
1576453168 19.514
1576453169 34.156
1576453170 42.406
1576453170 42.406
1576453174 24.415
1576453175 26.719
1576453177 148.771
1576453178 199.452
1576453179 183.442
1576453180 164.615
1576453181 168.964
1576453182 158.351
1576453183 167.795
1576453184 167.795
1576453184 153.261
1576453185 83.377
1576453188 10.271
1576453189 19.597
1576453190 21.434
1576453191 20.377
1576453192 21.209
1576453193 20.433
1576453194 21.807
1576453206 13.269
1576453207 18.676
1576453208 19.142
1576453209 19.065
1576453210 12.717
1576453241 10.327
1576453242 15.668
1576453243 17.634
1576453247 33.998
1576453248 33.347
1576453248 33.347
1576453249 32.964
1576453250 33.551
1576453251 33.993
1576453252 34.25
1576453255 11.407
1576453261 11.058
1576453262 11.835
1576453265 17.091
1576453266 19.287
1576453267 20.198
1576453268 20.854
1576453269 19.799
1576453270 20.734
1576453271 12.014
1576453274 14.408
1576453275 17.298
1576453279 17.87
1576453280 19.711
1576453281 10.162
1576453283 17.016
1576453284 19.496
1576453284 19.496
1576453285 19.574
1576453293 10.425
1576453302 13.405
1576453303 20.054
1576453304 19.717
1576453305 18.851
1576453306 19.824
1576453307 67.529
1576453308 85.368
1576453310 85.775
1576453311 227.515
1576453313 219.704
1576453315 15.386
1576453316 155.525
1576453317 342.72
1576453318 418.552
1576453319 319.806
1576453320 360.059
1576453322 371.493
1576453323 391.567
1576453324 410.941
1576453325 362.584
1576453326 370.029
1576453327 145.828
1576453329 22.419
1576453330 33.394
1576453331 78.186
1576453333 119.446
1576453334 163.551
1576453335 161.593
1576453336 165.929
1576453337 32.95
1576453344 18.227
1576453345 18.227
1576453345 16.045
1576453346 17.642
1576453347 19.672
1576453348 28.948
1576453350 81.572
1576453351 87.332
1576453352 93.907
1576453353 96.269
1576453354 85.046
1576453358 58.961
1576453359 220.201
1576453360 223.028
1576453361 182.03
1576453362 246.726
1576453363 275.16
1576453364 170.784
1576453365 55.023
1576453366 10.712
1576453367 13.114
1576453371 11.681
1576453394 11.091
1576453395 11.522
1576453402 19.215
1576453403 14.355
1576453404 22.552
1576453405 15.728
1576453406 12.798
1576453408 24.915
1576453410 13.205
1576453421 12.07
1576453422 19.024
1576453427 23.297
1576453428 23.081
1576453429 22.976
1576453430 22.56
1576453431 22.075
1576453432 45.077
1576453433 106.195
1576453435 158.445
1576453436 159.001
1576453438 74.489
1576453440 22.122
1576453441 48.713
1576453442 50.846
1576453443 40.939
1576453445 45.054
1576453446 42.13
1576453447 62.447
1576453448 68.022
1576453449 111.472
1576453450 111.472
1576453450 121.175
1576453451 122.704
1576453452 18.73
1576453453 18.73
1576453455 15.941
1576453456 16.395
1576453457 16.301
1576453458 15.522
1576453459 10.384
1576453554 14.554
1576453555 21.729
1576453556 36.658
1576453558 50.388
1576453559 48.309
1576453560 59.853
1576453560 59.853
1576453561 56.333
1576453569 28.339
1576453570 30.931
1576453571 12.77
1576453572 22.458
1576453573 77.198
1576453575 73.082
1576453576 69.022
1576453577 34.74
1576453579 16.783
1576453580 23.219
1576453581 23.368
1576453583 23.469
1576453584 22.393
1576453585 23.367
1576453586 20.924
1576453587 22.946
1576453588 22.324
1576453589 24.218
1576453590 37.91
1576453591 37.91
1576453593 12.542
1576453594 24.334
1576453595 24.409
1576453596 23.93
1576453597 23.256
1576453598 23.35
1576453599 23.065
1576453601 30.87
1576453602 225.764
1576453603 232.756
1576453605 53.256
1576453606 53.256
1576453607 30.506
1576453608 25.374
1576453609 26.184
1576453611 50.215
1576453612 261.063
1576453612 261.063
1576453613 340.018
1576453614 321.715
1576453615 315.719
1576453616 260.535
1576453617 12.79
1576453618 73.653
1576453621 77.492
1576453622 136.448
1576453623 145.071
1576453623 145.071
1576453624 127.495
1576453625 180.32
1576453626 159.707
1576453627 146.065
1576453628 138.252
1576453629 159.156
1576453631 157.603
1576453633 20.048
1576453634 20.048
1576453635 20.994
1576453636 22.007
1576453637 22.33
1576453638 21.499
1576453639 21.499
1576453640 19.904
1576453641 24.204
1576453642 135.237
1576453643 49.468
1576453645 16.77
1576453646 35.805
1576453652 15.64
1576453653 12.503
1576453668 13.575
1576453669 18.465
1576453687 11.815
1576453691 15.961
1576453692 18.69
1576453693 17.939
1576453694 19.327
1576453696 17.843
1576453697 19.634
1576453698 19.733
1576453699 19.976
1576453700 19.516
1576453701 17.557
1576453702 11.648
1576453705 16.478
1576453706 22.084
1576453707 22.057
1576453708 23.131
1576453709 22.129
1576453710 23.723
1576453711 22.064
1576453713 22.168
1576453714 22.45
1576453715 21.966
1576453716 19.804
1576453718 10.542
1576453719 30.655
1576453720 29.083
1576453722 31.688
1576453723 198.563
1576453724 197.369
1576453725 217.508
1576453726 201.35
1576453727 202.537
1576453728 168.496
1576453729 193.346
1576453730 64.524
1576453731 64.524
1576453733 15.652
1576453734 20.016
1576453735 21.423
1576453736 33.272
1576453737 74.27
1576453738 75.144
1576453739 72.745
1576453741 73.849
1576453742 76.059
1576453743 77.786
1576453744 44.447
1576453746 19.468
1576453747 29.312
1576453748 28.629
1576453750 28.451
1576453751 28.881
1576453752 30.3
1576453753 27.743
1576453754 63.044
1576453755 163.223
1576453758 138.022
1576453760 13.644
1576453761 22.978
1576453762 21.635
1576453763 129.847
1576453765 190.621
1576453766 204.345
1576453767 200.758
1576453768 205.652
1576453769 163.941
1576453770 179.363
1576453771 186.897
1576453771 186.897
1576453774 26.83
1576453776 28.247
1576453777 29.606
1576453778 143.658
1576453779 115.46
1576453780 115.46
1576453857 11.71
1576453859 20.406
1576453860 21.975
1576453861 21.307
1576453862 21.526
1576453863 21.816
1576453864 21.05
1576453865 21.19
1576453866 20.699
1576453868 22.304
1576453871 10.393
1576453872 30.331
1576453873 27.953
1576453875 27.494
1576453876 28.114
1576453876 28.114
1576453877 27.609
1576453878 29.041
1576453879 26.499
1576453880 28.569
1576453881 27.343
1576453883 26.991
1576453886 25.737
1576453887 30.537
1576453888 30.537
1576453888 30.271
1576453889 31.825
1576453890 34.013
1576453892 35.108
1576453893 36.122
1576453894 35.398
1576453895 37.045
1576453900 30.852
1576453901 32.07
1576453902 33.642
1576453903 32.805
1576453904 33.175
1576453905 27.364
1576453906 28.312
1576453908 28.792
1576453909 26.428
1576453911 11.155
1576453913 28.974
1576453914 32.553
1576453916 33.329
1576453917 34.33
1576453918 33.587
1576453919 34.013
1576453920 33.935
1576453921 33.431
1576453923 33.959
1576453924 32.959
1576453925 19.561
1576453927 24.599
1576453928 29.912
1576453929 29.912
1576453929 27.237
1576453930 28.59
1576453932 28.86
1576453933 30.316
1576453934 27.506
1576453935 27.816
1576453936 25.231
1576453937 25.231
1576453937 18.607
1576453938 14.646
1576453941 10.331
1576453942 21.496
1576453943 21.36
1576453944 21.571
1576453945 21.571
1576453945 21.155
1576453946 21.738
1576453947 21.832
1576453949 21.175
1576453950 21.369
1576453951 21.784
1576453952 20.147
1576453955 31.963
1576453956 34.66
1576453958 34.948
1576453959 34.361
1576453960 35.218
1576453961 35.02
1576453962 34.36
1576453963 35.527
1576453964 33.024
1576453969 32.712
1576453970 33.288
1576453971 213.784
1576453972 242.69
1576453973 222.668
1576453974 231.434
1576453976 229.926
1576453977 236.24
1576453978 225.569
1576453979 237.853
1576453980 215.182
1576453982 12.886
1576453983 31.687
1576453984 10.881
1576453986 27.782
1576453987 31.601
1576453988 31.463
1576453989 32.775
1576453990 32.993
1576453991 32.773
1576453992 35.063
1576453994 33.903
1576453997 30.257
1576453998 24.43
1576453999 22.988
1576454000 15.359
1576454001 22.463
1576454002 23.895
1576454003 23.895
1576454004 24.382
1576454005 24.381
1576454006 22.143
1576454008 10.184
1576454298 10.558
1576454351 42.928
1576454353 90.994
1576454354 77.981
1576454355 79.589
1576454356 25.874
1576454358 17.516
1576454359 18.902
1576454360 20.169
1576454362 67.253
1576454363 99.622
1576454363 99.622
1576454364 112.198
1576454365 103.901
1576454366 102.619
1576454367 112.799
1576454368 150.654
1576454369 145.042
1576454373 49.216
1576454374 60.006
1576454375 61.471
1576454376 57.941
1576454377 51.567
1576454378 56.762
1576454379 89.28
1576454380 151.86
1576454382 129.142
1576454384 26.377
1576454385 26.377
1576454386 19.292
1576454387 18.928
1576454388 19.172
1576454391 17.015
1576454392 17.511
1576454392 17.511
1576454393 19.207
1576454394 17.022
1576454395 18.668
1576454396 20.557
1576454397 10.502
1576454400 16.634
1576454401 22.939
1576454402 21.255
1576454403 23.511
1576454404 20.422
1576454405 20.245
1576454406 20.661
1576454407 17.067
1576454409 19.486
1576454409 19.486
1576454410 20.153
1576454414 20.741
1576454415 19.32
1576454416 19.32
1576454417 21.272
1576454418 19.922
1576454419 20.464
1576454420 21.576
1576454421 20.4
1576454422 20.786
1576454423 20.975
1576454424 19.489
1576454425 19.489
1576454428 20.34
1576454429 19.876
1576454430 20.784
1576454431 21.011
1576454432 20.094
1576454433 20.094
1576454433 21.63
1576454435 21.249
1576454436 20.058
1576454437 18.865
1576454438 18.578
1576454439 10.029
1576454440 10.029
1576454441 12.254
1576454442 23.414
1576454443 27.627
1576454445 26.708
1576454446 24.137
1576454447 21.675
1576454447 21.675
1576454448 20.691
1576454449 16.083
1576454450 16.437
1576454451 17.582
1576454453 16.908
1576454457 16.286
1576454458 16.861
1576454459 17.913
1576454460 17.774
1576454461 17.774
1576454461 16.48
1576454463 15.642
1576454464 15.764
1576454465 17.025
1576454472 16.35
1576454473 14.533
1576454474 12.786
1576454475 12.786
1576454475 13.07
1576454476 12.51
1576454477 10.62
1576454481 10.154
1576454483 13.916
1576454484 17.645
1576454485 15.908
1576454486 11.318
1576454488 10.983
1576454489 14.893
1576454490 13.058
1576454492 10.984
1576454493 11.75
1576454494 11.726
1576454495 11.726
1576454497 10.305
1576454498 19.517
1576454499 13.485
1576454500 15.982
1576454501 14.848
1576454502 13.728
1576454503 13.728
1576454504 10.96
1576454505 12.027
1576454506 12.912
1576454507 14.12
1576454511 14.401
1576454513 12.229
1576454515 15.444
1576454517 10.036
1576454518 10.036
1576454518 11.943
1576454519 14.722
1576454521 18.824
1576454525 16.846
1576454526 16.846
1576454526 11.172
1576454527 16.842
1576454528 18.533
1576454530 16.072
1576454531 17.679
1576454532 14.321
1576454534 10.717
1576454535 10.717
1576454535 10.596
1576454539 10.575
1576454540 17.922
1576454541 15.584
1576454543 10.932
1576454544 18.398
1576454545 19.495
1576454546 16.804
1576454548 19.977
1576454549 28.621
1576454550 29.556
1576454553 19.238
1576454554 19.238
1576454554 42.65
1576454555 25.191
1576454557 18.229
1576454558 22.529
1576454559 10.706
1576454560 14.475
1576454561 18.737
1576454562 18.737
1576454562 19.759
1576454563 17.657
1576454567 17.692
1576454568 34.91
1576454570 36.919
1576454571 27.626
1576454574 14.223
1576454578 10.691
1576454580 11.494
1576454581 13.127
1576454583 11.736
1576454583 11.736
1576454589 10.901
1576454590 10.901
1576454623 10.071
1576454623 10.071
1576454626 13.973
1576454627 12.68
1576454641 10.715
1576454642 10.848
1576454646 10.334
1576454648 11.624
1576454648 11.624
1576454650 11.51
1576454651 15.836
1576454652 12.045
1576454653 16.002
1576454654 13.756
1576454664 17.2
1576454665 17.047
1576454667 10.316
1576454669 10.351
1576454672 10.568
1576454674 10.463
1576454675 10.463
1576454680 13.547
1576454682 14.198
1576454683 13.623
1576454684 13.623
1576454686 10.015
1576454688 10.101
1576454692 13.16
1576454693 15.398
1576454694 14.545
1576454695 14.09
1576454696 10.296
1576454697 10.97
1576454698 10.97
1576454699 10.721
1576454702 12.233
1576454703 19.675
1576454706 10.239
1576454708 10.074
1576454709 14.829
1576454712 12.14
1576454713 14.175
1576454720 16.011
1576454721 18.758
1576454722 30.12
1576454723 19.772
1576454730 11.753
1576454735 11.882
1576454741 10.387
1576454742 14.287
1576454743 16.488
1576454750 10.493
1576454751 25.528
1576454752 30.994
1576454753 24.701
1576454754 26.475
1576454756 27.276
1576454757 19.019
1576454758 22.01
1576454759 11.228
