1576477418 118.778
1576477419 221.234
1576477420 206.757
1576477421 248.354
1576477422 237.666
1576477423 220.148
1576477424 224.147
1576477425 198.879
1576477427 210.793
1576477428 167.216
1576477429 167.216
1576477431 19.015
1576477432 111.854
1576477433 90.027
1576477434 107.597
1576477435 146.13
1576477436 104.69
1576477438 132.619
1576477439 132.536
1576477440 138.136
1576477441 192.803
1576477443 49.514
1576477446 57.46
1576477447 68.831
1576477448 77.25
1576477449 67.354
1576477450 68.716
1576477451 61.517
1576477452 95.256
1576477453 85.727
1576477455 88.889
1576477457 68.963
1576477460 29.694
1576477461 84.286
1576477462 63.702
1576477464 17.5
1576477464 17.5
1576477465 25.509
1576477466 51.66
1576477467 61.714
1576477468 72.345
1576477469 88.389
1576477474 14.493
1576477475 12.134
1576477479 31.082
1576477480 48.697
1576477481 40.565
1576477482 12.464
1576477487 21.529
1576477488 64.331
1576477489 91.381
1576477490 55.062
1576477491 72.963
1576477492 71.265
1576477494 98.05
1576477495 67.675
1576477496 113.929
1576477497 126.688
1576477497 126.688
1576477501 10.062
1576477503 17.574
1576477504 18.737
1576477505 20.441
1576477506 19.095
1576477507 56.66
1576477508 137.289
1576477509 286.411
1576477510 243.735
1576477511 200.915
1576477512 158.697
1576477515 15.152
1576477516 21.94
1576477517 20.188
1576477518 20.387
1576477519 18.769
1576477519 18.769
1576477520 20.797
1576477521 20.962
1576477523 21.057
1576477524 20.439
1576477525 20.653
1576477526 21.97
1576477526 21.97
1576477529 32.176
1576477530 204.618
1576477531 135.473
1576477533 132.092
1576477534 134.126
1576477535 141.426
1576477536 150.211
1576477537 128.661
1576477538 87.064
1576477539 91.762
1576477541 18.037
1576477541 18.037
1576477543 31.394
1576477544 57.344
1576477545 322.611
1576477546 327.806
1576477547 321.894
1576477548 319.469
1576477549 219.75
1576477550 213.797
1576477552 230.076
1576477554 232.002
1576477554 171.351
1576477556 45.229
1576477557 309.565
1576477558 286.557
1576477559 244.154
1576477560 213.836
1576477561 230.991
1576477562 168.694
1576477563 176.395
1576477565 201.27
1576477566 201.68
1576477568 149.012
1576477570 102.213
1576477571 292.708
1576477572 266.991
1576477573 281.833
1576477574 284.269
1576477575 242.538
1576477577 234.453
1576477578 146.179
1576477579 176.305
1576477580 205.932
1576477582 46.408
1576477584 217.069
1576477585 256.377
1576477586 249.053
1576477588 268.112
1576477589 262.26
1576477590 269.694
1576477591 266.05
1576477592 261.619
1576477593 276.794
1576477594 287.678
1576477596 29.556
1576477597 29.556
1576477598 230.071
1576477599 276.575
1576477601 285.546
1576477602 259.889
1576477603 322.758
1576477604 217.504
1576477604 217.504
1576477605 198.1
1576477606 228.806
1576477607 230.493
1576477608 213.552
1576477609 187.276
1576477613 30.589
1576477614 29.939
1576477615 32.119
1576477616 29.875
1576477617 31.103
1576477618 32.576
1576477619 105.028
1576477620 253.267
1576477622 294.488
1576477624 64.021
1576477625 64.021
1576477626 30.296
1576477627 30.181
1576477628 31.359
1576477629 215.096
1576477630 201.042
1576477631 230.577
1576477632 237.267
1576477634 200.373
1576477635 208.957
1576477636 197.426
1576477637 212.179
1576477640 24.483
1576477641 25.687
1576477642 24.898
1576477643 25.009
1576477645 80.646
1576477646 183.418
1576477647 201.187
1576477648 230.68
1576477649 194.695
1576477651 190.583
1576477651 132.272
1576477653 18.092
1576477654 23.413
1576477656 60.552
1576477657 204.288
1576477658 312.497
1576477659 189.322
1576477660 245.101
1576477661 226.827
1576477662 222.528
1576477663 189.736
1576477668 155.198
1576477669 155.662
1576477670 290.164
1576477671 139.651
1576477672 169.322
1576477673 160.36
1576477674 186.389
1576477675 187.123
1576477676 62.008
1576477679 102.671
1576477681 19.618
1576477682 113.781
1576477683 54.622
1576477684 157.844
1576477685 135.682
1576477686 164.044
1576477688 166.685
1576477689 171.733
1576477690 177.415
1576477691 101.093
1576477693 13.932
1576477694 13.932
1576477695 91.7
1576477696 148.979
1576477697 165.155
1576477699 162.147
1576477700 179.034
1576477701 178.219
1576477702 179.215
1576477703 184.348
1576477704 181.25
1576477705 140.365
1576477706 115.789
1576477709 84.747
1576477710 140.492
1576477711 117.974
1576477712 205.372
1576477713 108.583
1576477714 163.888
1576477715 178.448
1576477716 145.156
1576477717 126.608
1576477719 57.844
1576477723 99.389
1576477724 124.117
1576477725 99.988
1576477726 90.821
1576477727 64.356
1576477729 177.694
1576477730 262.874
1576477731 249.753
1576477732 218.744
1576477733 188.429
1576477734 149.53
1576477736 49.08
1576477737 192.901
1576477738 107.262
1576477740 132.598
1576477741 63.677
1576477742 65.749
1576477743 60.485
1576477744 48.986
1576477745 71.799
1576477746 71.799
1576477746 88.026
1576477751 66.888
1576477752 45.318
1576477753 56.048
1576477754 30.334
1576477755 111.677
1576477757 47.334
1576477758 101.127
1576477759 91.681
1576477760 77.087
1576477764 20.397
1576477766 88.547
1576477767 117.355
1576477768 147.989
1576477769 106.638
1576477769 106.638
1576477770 183.48
1576477771 200.818
1576477772 216.925
1576477773 194.308
1576477774 174.408
1576477776 166.464
1576477778 24.892
1576477779 249.1
1576477780 263.77
1576477781 236.588
1576477782 211.206
1576477783 241.055
1576477784 220.307
1576477785 153.171
1576477787 146.044
1576477788 160.972
1576477790 120.357
1576477792 101.927
1576477793 298.363
1576477794 216.615
1576477795 165.986
1576477796 161.512
1576477797 86.595
1576477799 91.406
1576477800 92.991
1576477801 143.716
1576477802 158.408
1576477804 35.635
1576477805 35.635
1576477811 16.857
1576477812 22.313
1576477813 26.67
1576477814 29.864
1576477815 41.123
1576477818 34.663
1576477820 15.296
1576477821 22.734
1576477822 22.352
1576477823 22.072
1576477824 22.057
1576477825 22.586
1576477827 21.616
1576477828 22.543
1576477829 21.924
1576477830 22.793
1576477831 31.974
1576477835 22.864
1576477836 24.819
1576477837 23.076
1576477838 53.427
1576477839 260.849
1576477839 260.849
1576477840 213.496
1576477841 207.382
1576477842 231.284
1576477843 239.697
1576477844 256.065
1576477845 114.953
1576477848 23.705
1576477848 23.705
1576477849 108.028
1576477850 172.329
1576477851 173.2
1576477852 141.09
1576477853 205.51
1576477854 218.137
1576477855 220.565
1576477856 221.762
1576477857 221.762
1576477858 204.849
1576477860 34.348
1576477861 34.348
1576477862 23.13
1576477863 24.268
1576477864 23.094
1576477865 24.007
1576477866 24.152
1576477868 26.015
1576477869 134.25
1576477870 141.806
1576477871 149.091
1576477872 158.732
1576477873 100.155
1576477875 16.764
1576477876 21.037
1576477878 26.09
1576477879 24.516
1576477880 25.418
1576477881 24.429
1576477882 24.66
1576477883 23.535
1576477884 25.726
1576477887 164.976
1576477890 25.63
1576477891 24.747
1576477892 26.178
1576477893 25.395
1576477895 25.19
1576477896 25.728
1576477897 26.01
1576477898 24.798
1576477899 24.902
1576477901 33.445
1576477902 33.445
1576477904 165.026
1576477905 273.642
1576477906 235.789
1576477907 240.899
1576477908 248.904
1576477909 194.262
1576477910 200.798
1576477911 158.669
1576477912 152.739
1576477913 168.11
1576477914 133.198
1576477918 18.111
1576477919 72.509
1576477920 101.654
1576477921 101.654
1576477921 240.515
1576477922 248.585
1576477923 245.262
1576477925 272.582
1576477926 244.331
1576477927 208.557
1576477928 191.498
1576477929 95.328
1576477931 63.51
1576477932 195.924
1576477933 247.289
1576477934 262.226
1576477935 201.446
1576477937 179.082
1576477938 203.82
1576477939 147.674
1576477940 83.366
1576477941 199.446
1576477942 231.485
1576477945 57.46
1576477946 177.733
1576477948 183.202
1576477949 140.111
1576477950 180.062
1576477951 167.889
1576477952 186.976
1576477953 93.133
1576477954 111.184
1576477955 130.726
1576477956 55.19
1576477959 20.297
1576477960 98.133
1576477961 257.041
1576477962 267.125
1576477963 220.599
1576477964 203.684
1576477965 198.801
1576477966 157.381
1576477967 116.045
1576477969 127.595
1576477970 128.279
1576477973 23.226
1576477974 21.188
1576477976 20.673
1576477977 23.066
1576477978 22.492
1576477979 21.025
1576477980 23.293
1576477981 21.807
1576477982 21.013
1576477984 20.762
1576477987 18.546
1576477988 53.061
1576477989 126.997
1576477990 192.134
1576477991 154.654
1576477992 191.976
1576477993 272.851
1576477995 209.463
1576477996 179.885
1576477998 127.607
1576478000 15.018
1576478001 25.569
1576478002 24.75
1576478003 24.548
1576478005 24.71
1576478006 24.385
1576478007 23.519
1576478008 24.63
1576478009 46.892
1576478010 170.995
1576478011 221.257
1576478011 221.257
1576478015 22.731
1576478016 21.931
1576478017 22.877
1576478018 21.226
1576478019 21.216
1576478020 22.732
1576478021 21.901
1576478023 21.213
1576478024 22.021
1576478028 17.611
1576478029 17.872
1576478031 18.598
1576478032 19.98
1576478032 19.98
1576478033 18.839
1576478034 18.015
1576478035 18.178
1576478036 18.733
1576478037 13.483
1576478042 20.665
1576478043 21.123
1576478044 53.521
1576478045 127.172
1576478046 96.117
1576478048 91.098
1576478049 100.801
1576478050 112.007
1576478051 128.506
1576478052 130.05
1576478053 109.633
1576478057 17.801
1576478058 18.697
1576478059 20.367
1576478060 20.883
1576478061 38.838
1576478062 96.711
1576478063 255.772
1576478064 238.909
1576478065 205.864
1576478066 158.211
1576478068 54.31
1576478068 54.31
1576478070 27.792
1576478071 29.171
1576478072 31.126
1576478073 33.56
1576478074 32.29
1576478076 33.352
1576478077 32.05
1576478078 32.356
1576478078 32.356
1576478079 32.829
1576478080 32.275
1576478081 15.455
1576478083 17.543
1576478085 22.428
1576478086 21.842
1576478087 21.557
1576478088 21.648
1576478089 22.153
1576478090 20.858
1576478092 22.398
1576478093 21.708
1576478095 21.682
1576478095 16.438
1576478097 21.124
1576478098 30.391
1576478099 31.252
1576478101 207.411
1576478102 293.58
1576478103 282.454
1576478104 275.196
1576478105 210.861
1576478106 262.044
1576478107 200.805
1576478109 28.243
1576478110 28.243
1576478112 17.776
1576478113 22.949
1576478114 75.433
1576478115 71.014
1576478116 131.634
1576478117 219.579
1576478118 133.709
1576478119 204.375
1576478120 207.327
1576478127 21.811
1576478128 12.022
1576478129 20.607
1576478131 23.256
1576478132 50.383
1576478133 235.394
1576478133 235.394
1576478134 205.737
1576478135 200.63
1576478137 66.512
1576478139 18.605
1576478141 37.091
1576478142 91.743
1576478143 93.154
1576478144 117.339
1576478145 265.929
1576478146 249.951
1576478147 238.7
1576478148 200.47
1576478149 200.47
1576478149 202.46
1576478151 170.496
1576478153 10.026
1576478154 22.806
1576478155 20.216
1576478156 19.02
1576478157 20.511
1576478158 20.431
1576478160 39.093
1576478161 32.627
1576478162 26.814
1576478163 27.39
1576478168 52.153
1576478169 149.314
1576478170 128.724
1576478171 162.669
1576478172 118.109
1576478173 92.917
1576478174 89.087
1576478175 134.866
1576478176 134.866
1576478176 180.191
1576478179 71.058
1576478181 40.449
1576478182 214.64
1576478183 289.991
1576478184 243.174
1576478185 214.982
1576478186 220.086
1576478187 181.124
1576478188 181.124
1576478188 195.9
1576478189 207.23
1576478191 181.462
1576478192 158.043
1576478193 53.865
1576478195 51.66
1576478196 108.439
1576478197 95.795
1576478198 105.422
1576478199 101.767
1576478201 104.08
1576478202 101.554
1576478203 104.785
1576478204 98.535
1576478205 89.01
1576478206 84.48
1576478208 11.843
1576478210 19.122
1576478211 20.98
1576478211 20.98
1576478212 20.615
1576478213 16.516
1576478214 55.526
1576478215 122.679
1576478216 100.681
1576478221 10.416
1576478222 10.416
1576478223 18.327
1576478224 19.31
1576478225 20.083
1576478226 21.371
1576478228 22.673
1576478229 86.828
1576478229 86.828
1576478230 98.231
1576478231 97.47
1576478232 90.033
1576478233 96.384
1576478234 51.209
1576478236 15.081
1576478237 15.081
1576478238 16.434
1576478239 16.222
1576478240 14.613
1576478241 14.038
1576478242 16.412
1576478243 16.81
1576478244 16.821
1576478245 15.834
1576478246 15.834
1576478246 16.136
1576478248 14.058
1576478251 20.975
1576478252 71.935
1576478253 20.596
1576478254 53.659
1576478255 66.187
1576478256 89.958
1576478258 46.591
1576478259 30.531
1576478371 41.957
1576478373 81.433
1576478420 11.898
1576478426 12.05
1576478438 10.576
1576478438 10.576
1576478440 16.803
1576478441 15.729
1576478442 11.464
1576478447 12.096
1576478450 18.402
1576478451 16.655
1576478451 16.655
1576478452 23.839
1576478453 17.023
1576478454 20.835
1576478457 15.348
1576478463 12.202
1576478465 26.17
1576478466 26.713
1576478467 21.025
1576478468 21.171
1576478469 27.523
1576478470 32.321
1576478475 10.522
1576478476 10.545
1576478477 10.959
1576478480 10.173
1576478490 22.856
1576478491 27.703
1576478492 18.504
1576478494 36.458
1576478495 30.24
1576478496 32.051
1576478497 52.697
1576478498 39.832
1576478501 23.118
1576478502 17.276
1576478504 41.659
1576478505 23.871
1576478505 23.871
1576478506 32.263
1576478507 26.895
1576478508 33.264
1576478509 52.912
1576478510 32.601
1576478511 24.254
1576478512 13.843
1576478513 13.843
1576478517 13.342
1576478519 10.332
1576478520 12.938
1576478521 10.621
1576478544 23.879
1576478593 20.888
1576478594 28.448
1576478595 36.301
1576478596 36.301
1576478596 27.11
1576478599 19.267
1576478600 32.247
1576478601 33.923
1576478602 33.395
1576478603 33.463
1576478603 33.463
1576478604 32.902
1576478606 155.317
1576478607 172.736
1576478608 146.871
1576478609 154.103
1576478610 158.619
1576478610 158.619
1576478613 53.742
1576478614 112.569
1576478615 113.886
1576478617 111.151
1576478618 114.929
1576478618 114.929
1576478619 121.022
1576478620 114.876
1576478621 116.5
1576478622 116.812
1576478623 121.433
1576478624 52.424
1576478627 23.864
1576478628 27.198
1576478629 26.676
1576478630 24.936
1576478631 27.029
1576478632 25.783
1576478633 23.501
1576478635 24.625
1576478636 23.803
1576478637 22.212
1576478638 15.855
1576478641 21.288
1576478642 21.343
1576478644 20.999
1576478645 21.227
1576478646 21.399
1576478647 21.193
1576478648 21.152
1576478649 21.043
1576478650 20.369
1576478652 21.24
1576478655 21.643
1576478656 22.797
1576478657 23.612
1576478658 23.248
1576478659 21.111
1576478661 22.364
1576478662 22.642
1576478663 22.77
1576478664 22.965
1576478668 25.826
1576478669 34.011
1576478671 34.288
1576478672 32.643
1576478673 34.626
1576478674 33.199
1576478675 32.981
1576478676 33.387
1576478677 32.981
1576478680 20.571
1576478682 23.791
1576478683 31.939
1576478684 32.559
1576478685 32.685
1576478687 32.606
1576478688 325.748
1576478689 347.193
1576478690 175.823
1576478691 114.574
1576478692 118.964
1576478693 124.084
1576478696 19.977
1576478698 74.22
1576478699 128.72
1576478700 127.984
1576478701 234.11
1576478702 313.043
1576478703 275.283
1576478704 165.932
1576478705 113.7
1576478708 52.755
1576478710 49.521
1576478711 236.547
1576478712 158.083
1576478713 169.71
1576478714 180.288
1576478715 177.288
1576478717 184.371
1576478718 189.719
1576478719 190.029
1576478720 168.179
1576478721 142.789
1576478724 24.672
1576478725 24.598
1576478727 25.46
1576478728 25.108
1576478729 25.625
1576478730 24.707
1576478730 24.707
1576478731 26.392
1576478732 25.384
1576478733 24.792
1576478734 25.687
1576478738 263.452
1576478739 81.864
1576478740 95.329
1576478741 254.93
1576478742 294.052
1576478743 249.465
1576478744 249.465
1576478744 282.561
1576478745 221.04
1576478747 243.309
1576478749 203.616
1576478752 75.874
1576478753 204.179
1576478754 204.179
1576478754 272.408
1576478823 18.325
1576478852 10.375
1576478853 17.864
1576478856 16.498
1576478857 31.777
1576478858 23.297
1576478859 26.283
1576478860 44.413
1576478860 44.413
1576478863 10.729
1576478866 18.599
1576478867 73.545
1576478868 83.296
1576478869 77.218
1576478871 80.319
1576478872 73.831
1576478873 75.173
1576478874 85.286
1576478877 32.808
1576478878 94.759
1576478880 152.132
1576478881 142.187
1576478882 129.338
1576478883 139.416
1576478884 130.813
1576478885 116.602
1576478886 139.003
1576478887 112.972
1576478891 134.046
1576478892 134.353
1576478893 133.902
1576478894 144.33
1576478895 126.136
1576478897 135.907
1576478898 137.115
1576478899 120.605
1576478900 113.831
1576478902 54.886
1576478904 97.078
1576478906 121.327
1576478907 127.456
1576478908 116.757
1576478909 101.568
1576478910 86.451
1576478911 74.018
1576478912 53.82
1576478913 51.109
1576478916 30.125
1576478918 57.75
1576478919 100.981
1576478920 118.18
1576478921 108.43
1576478923 109.435
1576478924 143.272
1576478925 149.241
1576478926 112.831
1576478927 111.197
1576478928 114.863
1576478932 19.284
1576478933 119.046
1576478934 114.282
1576478935 136.496
1576478936 114.137
1576478937 115.87
1576478938 114.187
1576478939 129.361
1576478941 119.761
1576478941 119.761
1576478942 129.164
1576478951 10.597
1576478951 10.597
1576478955 15.095
1576478956 20.369
1576478957 19.612
1576478964 16.533
1576478965 20.298
1576478966 11.559
1576478967 10.744
1576478968 11.478
1576478970 17.164
1576478974 10.189
1576478981 19.442
1576478982 12.599
1576478985 14.579
1576478988 16.419
1576478990 10.075
1576478991 22.954
1576478992 26.5
1576478993 39.66
1576478994 36.8
1576478994 36.8
1576478995 18.932
1576478996 27.295
1576478997 108.218
1576479000 15.206
1576479001 15.206
1576479002 152.842
1576479003 246.985
1576479004 221.506
1576479005 248.22
1576479006 242.415
1576479007 204.05
1576479008 248.886
1576479009 211.008
1576479010 230.683
1576479012 194.505
1576479016 98.636
1576479017 192.961
1576479018 240.259
1576479019 169.512
1576479020 169.512
1576479020 133.551
1576479021 147.008
1576479023 109.917
1576479024 173.073
1576479025 190.851
1576479026 88.463
1576479027 36.397
1576479031 10.014
1576479033 25.839
1576479034 15.487
1576479035 12.498
1576479036 17.936
1576479037 24.077
1576479038 18.382
1576479039 18.429
1576479040 13.455
1576479041 16.745
1576479042 11.367
1576479043 11.367
1576479046 11.432
1576479047 19.538
1576479048 19.724
1576479049 22.256
1576479051 21.139
1576479053 21.155
1576479054 18.571
1576479055 16.474
1576479059 11.747
1576479060 28.658
1576479061 45.694
1576479063 34.022
1576479064 39.593
1576479065 50.581
1576479066 16.593
1576479067 15.1
1576479068 27.716
1576479069 61.48
1576479070 58.638
1576479074 29.742
1576479075 31.487
1576479076 29.753
1576479077 27.024
1576479078 31.542
1576479079 55.837
1576479080 63.044
1576479082 36.071
1576479083 37.441
1576479085 37.282
1576479087 19.798
1576479088 21.546
1576479089 22.617
1576479091 21.997
1576479092 22.694
1576479093 20.492
1576479094 20.107
1576479095 22.946
1576479096 21.664
1576479097 21.762
1576479099 13.5
1576479101 18.937
1576479102 28.266
1576479103 27.26
1576479104 27.072
1576479105 27.655
1576479106 25.706
1576479108 24.866
1576479109 28.745
1576479110 25.976
1576479111 27.125
1576479112 21.6
1576479116 18.361
1576479117 17.815
1576479118 18.344
1576479119 18.728
1576479120 18.247
1576479121 17.308
1576479122 17.612
1576479124 17.913
1576479125 17.368
1576479129 27.059
1576479130 28.973
1576479132 26.396
1576479133 28.566
1576479134 95.989
1576479135 146.19
1576479136 106.411
1576479137 139.255
1576479138 121.304
1576479139 109.587
1576479141 29.258
1576479141 29.258
1576479143 38.917
1576479144 129.837
1576479145 156.151
1576479146 203.053
1576479147 197.34
1576479148 227.93
1576479149 178.33
1576479150 192.612
1576479152 191.331
1576479153 149.473
1576479154 193.494
1576479157 25.778
1576479158 25.515
1576479159 136.088
1576479160 173.912
1576479162 184.879
1576479163 149.674
1576479164 166.344
1576479165 196.359
1576479166 146.134
1576479168 49.847
1576479169 49.847
1576479170 134.398
1576479172 162.06
1576479173 168.146
1576479174 146.548
1576479175 169.819
1576479176 168.427
1576479177 170.674
1576479178 142.775
1576479179 111.426
1576479180 111.426
1576479182 81.441
1576479184 36.402
1576479185 92.086
1576479186 90.171
1576479187 95.042
1576479189 97.789
1576479190 142.178
1576479191 76.956
1576479192 63.114
1576479193 86.846
1576479194 56.564
1576479195 64.863
1576479196 12.371
1576479197 12.371
1576479199 36.892
1576479200 101.458
1576479201 104.921
1576479202 115.947
1576479203 108.498
1576479204 131.727
1576479205 120.277
1576479498 13.916
1576479499 16.503
1576479505 23.982
1576479506 10.174
1576479512 19.57
1576479513 43.088
1576479514 14.331
1576479515 13.75
1576479517 10.875
1576479518 141.004
1576479520 220.755
1576479521 240.269
1576479522 192.569
1576479523 230.252
1576479524 236.101
1576479525 262.446
1576479526 200.934
1576479527 202.727
1576479528 219.855
1576479529 196.287
1576479529 196.287
1576479531 15.022
1576479533 126.94
1576479534 270.248
1576479535 279.562
1576479536 256.311
1576479537 267.838
1576479538 232.505
1576479539 292.738
1576479540 253.312
1576479541 280.696
1576479542 276.107
1576479543 118.958
1576479545 160.475
1576479547 263.699
1576479548 206.089
1576479549 252.009
1576479550 138.903
1576479550 138.903
1576479551 214.463
1576479552 163.001
1576479553 224.519
1576479554 227.246
1576479555 206.124
1576479556 193.716
1576479558 18.166
1576479558 18.166
1576479560 69.322
1576479561 216.314
1576479562 154.992
1576479563 215.817
1576479564 220.429
1576479565 202.454
1576479566 227.247
1576479567 178.127
1576479568 206.253
1576479571 168.201
1576479573 13.521
1576479574 126.072
1576479575 242.877
1576479576 266.212
1576479577 290.705
1576479578 239.589
1576479579 308.544
1576479581 248.564
1576479583 10.525
1576479587 30.488
1576479588 79.81
1576479589 253.621
1576479590 306.929
1576479591 306.929
1576479592 322.467
1576479593 77.625
1576479595 22.251
1576479596 112.293
1576479597 141.004
1576479598 136.149
1576479604 15.986
1576479605 22.446
1576479606 26.469
1576479607 31.181
1576479609 43.505
1576479610 51.823
1576479611 56.361
1576479615 22.426
1576479617 21.5
1576479618 24.165
1576479619 23.107
1576479620 24.484
1576479621 181.435
1576479622 121.209
1576479638 16.971
1576479639 33.343
1576479639 33.343
1576479640 21.184
1576479661 10.739
1576479662 81.374
1576479663 236.5
1576479664 251.053
1576479666 245.433
1576479667 241.815
1576479668 225.53
1576479670 59.951
1576479671 259.366
1576479672 261.482
1576479673 249.368
1576479674 245.272
1576479675 260.211
1576479676 242.474
1576479677 203.97
1576479679 221.042
1576479680 302.769
1576479682 149.906
1576479726 65.032
1576479727 84.705
1576479728 102.132
1576479729 99.44
1576479730 114.092
1576479731 121.114
1576479733 114.682
1576479734 109.448
1576479735 113.057
1576479736 117.211
1576479736 117.211
1576479737 69.139
1576479739 13.032
1576479740 23.997
1576479741 86.018
1576479743 131.866
1576479744 137.673
1576479745 137.872
1576479746 143.31
1576479747 133.499
1576479748 132.906
1576479749 123.24
1576479751 17.584
1576479752 17.584
1576479754 84.485
1576479755 90.248
1576479756 103.098
1576479757 111.364
1576479758 126.965
1576479759 135.37
1576479761 134.52
1576479762 141.612
1576479763 133.11
1576479765 70.178
1576479767 15.243
1576479768 19.244
1576479770 19.52
1576479771 19.854
1576479772 19.242
1576479773 18.804
1576479774 19.722
1576479775 19.743
1576479776 18.879
1576479777 20.449
1576479779 13.699
1576479781 13.577
1576479782 26.985
1576479783 30.127
1576479784 28.829
1576479785 29.146
1576479786 27.957
1576479788 28.263
1576479789 28.955
1576479790 99.789
1576479791 105.025
1576479793 32.501
1576479794 32.501
1576479795 63.374
1576479796 101.787
1576479797 130.199
1576479798 122.401
1576479799 136.453
1576479801 109.722
1576479802 125.853
1576479803 112.491
1576479804 121.877
1576479805 105.647
1576479806 100.248
1576479809 39.369
1576479811 110.869
1576479812 149.27
1576479813 124.896
1576479814 117.524
1576479815 108.77
1576479816 101.244
1576479817 136.521
1576479818 125.904
1576479819 114.823
1576479820 86.479
1576479822 10.256
1576479823 19.954
1576479824 21.269
1576479825 12.123
1576479828 10.694
1576479829 15.884
1576479830 11.356
1576479831 11.577
1576479833 15.02
1576479836 15.816
1576479837 18.418
1576479839 26.862
1576479840 72.711
1576479841 73.496
1576479842 68.774
1576479843 68.033
1576479844 70.361
1576479845 68.583
1576479846 71.843
1576479851 26.785
1576479852 28.489
1576479853 26.332
1576479854 27.618
1576479855 27.618
1576479856 27.554
1576479857 28.814
1576479858 27.483
1576479859 27.593
1576479860 23.937
1576479916 23.171
1576479937 18.558
1576479938 18.558
1576479939 24.619
1576479940 25.177
1576479941 22.637
1576479942 31.645
1576479943 38.478
1576479944 46.081
1576479945 26.606
1576479948 127.761
1576479949 274.468
1576479949 274.468
1576479950 296.269
1576479951 185.71
1576479952 255.635
1576479953 268.975
1576479954 255.468
1576479955 276.025
1576479956 226.276
1576479957 276.018
1576479958 270.211
1576479959 73.448
1576479960 73.448
1576479962 106.211
1576479963 247.19
1576479964 207.928
1576479965 293.016
1576479966 228.097
1576479967 178.464
1576479968 268.237
1576479969 197.354
1576479971 281.445
1576479972 295.267
1576479973 260.742
1576479976 30.575
1576479977 32.284
1576479978 32.673
1576479979 32.627
1576479981 32.889
1576479982 33.207
1576479983 34.337
1576479984 33.777
1576479985 32.078
1576479990 17.059
1576479991 17.881
1576479992 14.969
1576479993 17.531
1576479994 18.252
1576479995 17.172
1576479997 17.73
1576479998 20.175
1576479999 19.47
1576479999 19.47
1576480003 23.994
1576480004 26.087
1576480006 25.22
1576480007 25.184
1576480008 26.268
1576480008 26.268
1576480009 22.215
1576480010 13.177
1576480011 11.095
1576480025 13.395
1576480026 14.805
1576480027 17.133
1576480028 18.957
1576480032 19.213
1576480033 19.234
1576480034 18.815
1576480035 18.186
1576480036 17.337
1576480037 19.224
1576480038 20.021
1576480040 19.587
1576480041 19.644
1576480045 19.682
1576480046 19.401
1576480047 20.394
1576480049 18.029
1576480050 20.21
1576480051 19.752
1576480052 20.802
1576480053 19.113
1576480054 20.759
1576480055 20.013
1576480056 20.013
1576480059 27.865
1576480060 31.661
1576480061 308.301
1576480062 408.658
1576480063 373.384
1576480064 456.818
1576480065 397.715
1576480066 377.612
1576480068 418.638
1576480069 391.48
1576480070 391.48
1576480073 31.943
1576480074 32.767
1576480075 32.491
1576480076 33.427
1576480078 101.53
1576480079 353.353
1576480080 408.277
1576480081 417.364
1576480082 385.433
1576480084 153.02
1576480086 23.474
1576480087 26.249
1576480089 32.25
1576480090 30.652
1576480091 33.256
1576480092 34.687
1576480093 234.25
1576480094 334.219
1576480095 303.388
1576480096 377.777
1576480097 326.552
1576480100 16.349
1576480101 172.31
1576480102 364.184
1576480103 345.832
1576480104 341.335
1576480105 312.785
1576480106 347.182
1576480107 229.587
1576480108 389.835
1576480109 310.435
1576480110 310.435
1576480110 258.607
1576480111 185.045
1576480115 79.374
1576480116 256.758
1576480117 198.606
1576480118 218.224
1576480119 108.741
1576480120 30.237
1576480121 30.237
1576480128 127.169
1576480129 146.279
1576480130 133.0
1576480131 144.293
1576480133 148.954
1576480134 138.329
1576480135 136.461
1576480136 101.639
1576480137 87.48
1576480138 91.685
1576480139 51.059
1576480142 14.651
1576480143 26.357
1576480144 28.387
1576480145 30.116
1576480146 128.475
1576480147 183.901
1576480148 216.577
1576480150 178.666
