1574240425 10.876
1574240426 19.737
1574240472 22.799
1574240518 12.678
1574240563 16.878
1574240608 19.456
1574240655 22.594
1574240700 15.884
1574240844 23.106
1574240845 22.06
1574240890 16.291
1574240891 17.932
1574241085 17.862
1574241167 16.04
1574241469 28.509
1574241470 36.929
1574241471 38.178
1574241472 38.267
1574241474 13.448
1574241518 14.468
1574241609 21.965
1574241655 24.747
1574241700 18.004
1574242164 13.282
1574242255 15.799
1574242256 15.799
1574242301 11.719
1574242349 11.945
1574242753 13.736
