1576289800 14.316
1576289801 10.62
1576289802 16.739
1576289804 18.803
1576289807 10.045
1576289808 12.042
1576289809 12.772
1576289810 16.067
1576289814 39.077
1576289815 35.611
1576289816 22.253
1576289817 27.177
1576289818 23.112
1576289819 11.63
1576289822 10.681
1576289823 16.361
1576289824 17.851
1576289825 18.459
1576289832 13.908
1576289833 17.429
1576289834 14.486
1576289835 17.712
1576289836 16.01
1576289837 16.01
1576289837 18.463
1576289842 17.808
1576289843 17.014
1576289844 22.439
1576289845 19.641
1576289846 13.585
1576289848 11.47
1576289849 11.954
1576289850 13.382
1576289851 10.055
1576289851 10.055
1576289855 13.637
1576289857 14.838
1576289858 14.622
1576289859 14.342
1576289860 14.362
1576289861 17.06
1576289862 13.887
1576289863 15.613
1576289864 22.559
1576289867 21.405
1576289871 14.216
1576289872 10.088
1576289873 10.167
1576289876 10.051
1576289884 16.66
1576289885 14.908
1576289887 10.116
1576289889 11.466
1576289890 14.35
1576289891 12.477
1576289893 16.733
1576289897 10.011
1576289900 14.653
1576289902 18.414
1576289905 13.795
1576289906 15.658
1576289907 21.004
1576289908 13.581
1576289912 13.9
1576289913 15.28
1576289914 12.689
1576289915 14.712
1576289916 14.46
1576289917 15.465
1576289921 10.762
1576289922 18.583
1576289931 20.98
1576289932 22.038
1576289933 13.278
1576289934 11.287
1576289935 13.442
1576289936 10.116
1576289939 12.26
1576289940 18.127
1576289941 14.601
1576289942 10.295
1576289943 13.936
1576289944 16.191
1576289946 12.725
1576289947 10.86
1576289947 10.86
1576289953 15.197
1576289955 20.61
1576289956 20.032
1576289957 10.117
1576289959 11.223
1576289960 18.634
1576289961 20.779
1576289962 24.135
1576289964 29.461
1576289967 27.378
1576289968 13.992
1576289969 14.333
1576289970 17.089
1576289972 23.267
1576289972 23.267
1576289973 28.404
1576289974 28.254
1576289975 22.626
1576289976 26.336
1576289977 12.781
1576289981 21.968
1576289982 20.504
1576289983 21.035
1576289984 18.328
1576289985 15.974
1576289986 22.993
1576289987 11.68
1576289989 12.319
1576289990 16.216
1576289991 21.939
1576289992 15.684
1576289994 22.484
1576289995 33.741
1576289997 23.502
1576289998 13.778
1576289999 13.186
1576290003 14.116
1576290006 16.34
1576290009 24.389
1576290010 24.057
1576290011 23.866
1576290012 18.754
1576290014 10.727
1576290016 12.259
1576290018 12.735
1576290023 15.739
1576290024 27.78
1576290025 22.252
1576290026 12.328
1576290027 13.078
1576290028 20.631
1576290030 17.67
1576290031 12.313
1576290036 12.788
1576290037 10.123
1576290039 10.698
1576290040 12.407
1576290045 11.024
1576290046 16.208
1576290052 10.881
1576290060 12.358
1576290065 12.162
1576290066 10.376
1576290068 10.7
1576290069 11.233
1576290071 10.006
1576290073 12.438
1576290078 10.46
1576290079 10.294
1576290082 10.228
1576290083 14.046
1576290084 15.4
1576290085 20.328
1576290085 20.328
1576290086 10.709
1576290087 16.587
1576290088 14.949
1576290089 14.949
1576290092 11.163
1576290092 11.163
1576290093 12.27
1576290094 13.901
1576290096 10.332
1576290097 11.643
1576290101 10.334
1576290102 11.828
1576290103 12.347
1576290106 13.445
1576290108 11.119
1576290109 11.822
1576290110 10.931
1576290113 10.693
1576290114 11.375
1576290120 12.699
1576290130 13.392
1576290135 11.88
1576290136 14.57
1576290137 12.638
1576290138 15.735
1576290139 10.948
1576290143 12.412
1576290148 10.799
1576290149 12.008
1576290156 10.631
1576290157 15.853
1576290162 23.202
1576290163 25.636
1576290164 23.829
1576290165 23.829
1576290165 18.352
1576290166 10.836
1576290168 12.308
1576290169 10.906
1576290170 10.58
1576290171 12.958
1576290172 15.936
1576290173 15.936
1576290175 13.081
1576290178 11.125
1576290179 12.736
1576290180 12.467
1576290180 12.467
1576290181 14.121
1576290182 12.748
1576290184 11.905
1576290186 12.939
1576290187 11.195
1576290187 11.195
1576290190 11.706
1576290191 11.569
1576290204 16.843
1576290205 15.499
1576290206 17.752
1576290206 17.752
1576290207 17.676
1576290208 31.275
1576290209 69.355
1576290210 82.821
1576290211 86.46
1576290212 86.46
1576290213 87.511
1576290214 74.921
1576290215 38.868
1576290217 18.279
1576290218 18.279
1576290218 19.445
1576290219 20.867
1576290220 23.025
1576290222 76.559
1576290223 74.262
1576290224 67.836
1576290224 67.836
1576290225 49.892
1576290226 52.927
1576290227 58.289
1576290228 51.641
1576290232 25.955
1576290233 93.909
1576290234 85.955
1576290235 91.958
1576290236 96.925
1576290237 93.18
1576290239 72.945
1576290239 72.945
1576290240 61.577
1576290241 65.075
1576290242 68.138
1576290244 13.727
1576290245 49.723
1576290246 49.723
1576290247 57.094
1576290248 62.348
1576290249 20.897
1576290250 69.994
1576290251 82.745
1576290252 80.683
1576290253 82.307
1576290254 82.307
1576290255 62.875
1576290257 13.845
1576290258 13.845
1576290259 42.375
1576290260 56.024
1576290261 56.024
1576290261 69.67
1576290262 74.736
1576290264 72.831
1576290265 70.323
1576290266 70.871
1576290267 69.599
1576290267 69.599
1576290268 74.26
1576290269 70.088
1576290270 34.194
1576290272 82.755
1576290274 83.136
1576290274 83.136
1576290275 82.673
1576290276 67.887
1576290277 71.222
1576290278 33.459
1576290298 11.499
1576290316 10.252
1576290317 10.205
1576290318 10.205
1576290329 15.04
1576290330 20.234
1576290331 16.774
1576290332 16.516
1576290338 20.78
1576290340 10.061
1576290343 11.451
1576290345 11.565
1576290517 12.669
