1581570212 14.348
1581570213 17.229
1581570214 10.414
1581570225 14.607
1581570226 11.938
1581570227 14.205
1581570228 15.122
1581570229 21.587
1581570230 15.154
1581570232 14.103
1581570233 16.752
1581570234 14.651
1581570239 18.772
1581570240 12.262
1581570241 15.545
1581570242 13.408
1581570244 11.188
1581570246 10.195
1581570259 10.238
1581570270 11.614
1581570274 16.074
1581570275 15.494
1581570280 13.65
1581570281 10.094
1581570296 10.349
1581570297 11.095
1581570298 14.69
1581570300 11.519
1581570301 11.443
1581570303 13.255
1581570304 13.255
1581570309 15.994
1581570310 17.259
1581570311 16.612
1581570313 17.452
1581570314 17.31
1581570315 17.33
1581570316 15.476
1581570322 17.631
1581570323 16.624
1581570324 10.693
1581570335 10.312
1581570336 22.079
1581570337 16.346
1581570344 10.807
1581570354 12.762
1581570355 13.441
1581570356 15.083
1581570363 14.772
1581570364 12.186
1581570366 10.567
1581570367 11.272
1581570368 17.452
1581570369 17.241
1581570370 10.051
1581570371 11.414
1581570393 16.17
1581570422 11.522
1581570425 10.868
1581570426 11.12
1581570429 13.852
1581570453 10.152
1581570461 14.202
1581570462 12.072
1581570463 12.404
1581570465 10.689
1581570469 13.738
1581570471 14.358
1581570474 14.332
1581570475 13.205
1581570476 11.947
1581570478 19.854
1581570479 15.379
1581570480 13.858
1581570481 13.062
1581570482 11.658
1581570484 15.108
1581570488 12.826
1581570503 10.587
1581570516 12.97
1581570517 15.445
1581570518 21.34
1581570519 29.501
1581570520 26.287
1581570526 13.641
1581570530 15.944
1581570531 11.199
1581570533 11.383
1581570535 12.704
1581570536 19.706
1581570537 16.97
1581570538 10.33
1581570539 11.626
1581570540 11.898
1581570544 12.257
1581570545 10.29
1581570546 15.207
1581570547 12.147
1581570549 14.864
1581570550 13.757
1581570551 13.646
1581570552 10.979
1581570553 14.157
1581570555 21.012
1581570558 14.926
1581570559 18.63
1581570560 16.309
1581570562 23.107
1581570563 26.453
1581570564 22.352
1581570569 12.223
1581570575 11.955
1581570576 10.581
1581570578 10.804
1581570579 12.054
1581570581 13.643
1581570585 16.208
1581570587 15.421
1581570614 11.112
1581570615 17.257
1581570617 15.834
1581570619 13.982
1581570620 14.144
1581570621 11.78
1581570622 13.347
1581570627 11.691
1581570628 12.663
1581570629 11.499
1581570642 14.648
1581570643 15.556
1581570644 12.32
1581570646 14.038
1581570647 14.032
1581570648 11.548
1581570649 11.914
1581570655 13.799
1581570662 10.825
1581570668 10.26
1581570672 10.415
1581570676 12.255
1581570682 10.055
1581570683 10.397
1581570685 13.503
1581570686 14.809
1581570687 13.904
1581570689 11.159
1581570691 14.789
1581570697 15.981
1581570701 10.341
1581570702 11.925
1581570704 10.105
1581570713 10.883
1581570717 10.582
1581570718 16.483
1581570728 10.037
1581570738 14.944
1581570739 13.02
1581570743 11.244
1581570744 13.287
1581570745 10.407
1581570747 11.533
1581570749 14.777
1581570752 14.635
1581570753 11.019
1581570759 14.586
1581570784 10.475
1581570794 10.837
1581570797 10.71
1581570799 10.897
1581570801 14.493
1581570803 11.691
1581570808 21.123
1581570809 21.751
1581570810 10.324
1581570811 11.145
1581570812 10.007
1581570817 13.514
1581570818 11.19
1581570826 15.234
1581570828 18.486
1581570831 10.622
1581570832 11.07
1581570836 11.48
1581570837 10.336
1581570839 10.82
1581570849 15.716
1581570850 10.076
1581570856 13.553
1581570857 14.313
1581570863 10.198
1581570880 12.321
1581570882 10.586
1581570883 16.557
1581570884 13.674
1581570886 11.36
1581570888 11.216
1581570891 12.038
1581570899 10.585
1581570900 12.744
1581570904 16.498
1581570934 11.799
1581570936 10.368
1581570941 11.105
1581570946 11.098
1581570947 10.999
1581570965 10.339
1581570994 12.549
1581570996 11.282
1581571001 10.316
1581571003 11.353
1581571004 10.24
1581571016 12.172
1581571017 10.088
1581571025 13.648
1581571030 11.631
1581571033 13.963
1581571035 11.978
1581571036 12.074
1581571037 14.806
1581571038 16.132
1581571047 14.053
1581571048 14.533
1581571057 19.215
1581571058 16.11
1581571060 12.306
1581571064 11.382
1581571065 13.067
1581572156 13.83
1581572157 23.213
1581572158 45.779
1581572160 44.489
1581572161 33.699
1581572162 33.699
1581572162 46.448
1581572163 69.386
