1574318010 21.27
1574318013 29.755
1574318014 16.53
1574318015 10.334
1574318017 18.568
1574318018 14.097
1574318019 19.503
1574318021 21.406
1574318022 26.414
1574318023 12.16
1574318024 12.607
1574318131 14.073
1574318132 19.722
1574318232 22.173
1574318233 22.173
1574318277 10.943
1574318326 13.294
1574318372 13.446
1574318373 13.446
1574318418 12.396
1574318571 12.65
1574318832 30.03
1574318833 40.531
1574318834 63.389
1574318835 24.976
1574319249 28.234
1574319295 16.439
1574319340 15.45
1574319391 13.024
1574319621 23.848
