1582806969 20.705
1582806970 19.509
1582806971 24.99
1582806972 81.22
1582806973 81.76
1582806974 91.193
1582806975 107.058
1582806976 71.667
1582806978 17.331
1582806980 29.663
1582806981 95.001
1582806982 101.647
1582806983 180.855
1582806984 154.803
1582806985 92.803
1582806986 98.844
1582806987 104.863
1582806988 110.481
1582806993 28.055
1582806994 19.483
1582806995 70.535
1582806996 72.331
1582806997 104.252
1582806998 42.653
1582806999 135.437
1582807001 174.276
1582807002 142.323
1582807004 96.379
1582807005 96.379
1582807006 19.186
1582807007 20.866
1582807009 19.743
1582807010 20.771
1582807011 21.663
1582807012 20.925
1582807013 20.697
1582807014 20.409
1582807015 18.775
1582807018 10.02
1582807020 22.257
1582807021 25.671
1582807022 24.748
1582807023 26.002
1582807024 23.841
1582807025 27.278
1582807026 25.156
1582807028 20.71
1582807029 27.521
1582807030 140.924
1582807032 31.393
1582807033 31.393
1582807034 32.119
1582807035 31.281
1582807037 29.809
1582807038 31.927
1582807039 32.145
1582807040 31.856
1582807041 16.71
1582807042 19.115
1582807043 31.821
1582807046 19.066
1582807047 19.066
1582807048 18.47
1582807049 60.107
1582807050 189.814
1582807051 128.49
1582807053 136.16
1582807054 142.345
1582807055 138.435
1582807056 151.125
1582807057 147.84
1582807058 158.001
1582807059 97.928
1582807060 97.928
1582807062 33.67
1582807063 148.42
1582807064 189.583
1582807065 170.777
1582807066 141.296
1582807067 151.007
1582807068 164.238
1582807069 172.273
1582807071 166.819
1582807072 152.511
1582807073 109.424
1582807075 18.081
1582807076 127.577
1582807077 205.109
1582807078 110.115
1582807079 179.944
1582807080 188.312
1582807082 178.723
1582807083 171.979
1582807084 153.891
1582807085 140.226
1582807087 30.54
1582807088 30.54
1582807089 20.676
1582807090 117.959
1582807092 75.282
1582807093 88.54
1582807094 77.496
1582807095 63.083
1582807096 64.258
1582807096 64.258
1582807097 77.641
1582807098 86.408
1582807100 99.144
1582807101 52.342
1582807103 94.808
1582807104 168.634
1582807105 229.791
1582807106 253.839
1582807106 253.839
1582807107 269.927
1582807109 213.49
1582807110 205.823
1582807111 183.85
1582807112 176.461
1582807113 138.917
1582807114 136.041
1582807116 10.187
1582807118 22.261
1582807119 20.083
1582807120 31.093
1582807121 106.25
1582807122 107.032
1582807123 106.975
1582807124 113.486
1582807125 110.772
1582807127 123.458
1582807128 218.559
1582807131 28.571
1582807132 34.271
1582807133 67.525
1582807135 70.619
1582807136 76.922
1582807137 81.917
1582807138 88.697
1582807139 85.913
1582807140 91.525
1582807141 58.845
1582807141 58.845
1582807142 21.016
1582807143 21.016
1582807145 12.813
1582807146 17.536
1582807147 19.767
1582807148 11.806
1582807149 17.291
1582807150 15.761
1582807153 19.033
1582807154 19.416
1582807154 19.416
1582807156 14.559
1582807159 16.117
1582807161 17.29
1582807162 18.469
1582807163 19.03
1582807163 19.03
1582807164 19.779
1582807165 21.734
1582807166 140.494
1582807167 276.344
1582807168 310.495
1582807170 240.439
1582807172 11.075
1582807172 11.075
1582807173 40.644
1582807174 180.03
1582807175 150.102
1582807176 178.889
1582807177 196.635
1582807179 119.119
1582807180 117.281
1582807181 127.465
1582807182 171.953
1582807184 56.4
1582807185 56.4
1582807186 23.312
1582807188 24.499
1582807189 22.625
1582807190 23.94
1582807191 19.772
1582807192 20.791
1582807192 20.791
1582807193 33.735
1582807194 172.903
1582807195 208.609
1582807198 71.434
1582807198 71.434
1582807200 19.415
1582807201 21.789
1582807202 22.068
1582807203 20.687
1582807204 20.687
1582807205 20.177
1582807206 18.773
1582807207 21.42
1582807208 18.962
1582807209 20.918
1582807210 21.896
1582807210 21.896
1582807211 55.552
1582807216 20.922
1582807216 20.922
1582807217 12.033
1582807218 17.399
1582807219 17.954
1582807220 10.942
1582807222 32.06
1582807222 32.06
1582807223 65.053
1582807224 86.199
1582807225 99.488
1582807227 10.514
1582807228 22.321
1582807228 22.321
1582807229 20.962
1582807231 49.498
1582807232 145.866
1582807233 113.438
1582807233 113.438
1582807237 27.133
1582807238 42.308
1582807239 18.761
1582807240 18.761
1582807242 23.713
1582807243 31.824
1582807243 31.824
1582807244 43.25
1582807245 37.53
1582807246 135.633
1582807247 159.238
1582807248 156.712
1582807251 145.398
1582807252 144.333
1582807253 84.195
1582807256 42.395
1582807257 69.377
1582807258 85.522
1582807260 42.588
1582807261 93.076
1582807261 93.076
1582807262 139.426
1582807263 118.664
1582807264 99.6
1582807265 74.677
1582807266 34.412
1582807267 40.263
1582807267 40.263
1582807268 40.263
1582807268 36.905
1582807270 12.23
1582807273 13.805
1582807273 13.805
1582807274 40.593
1582807275 13.986
1582807276 12.577
