1581637068 16.963
1581637077 17.27
1581637078 32.132
1581637079 32.132
1581637080 24.392
1581637081 15.484
1581637082 21.859
1581637083 16.35
1581637100 10.351
1581637454 23.459
1581637455 23.459
1581637455 62.309
1581637456 62.13
1581637458 57.64
1581637459 63.634
1581637460 63.206
1581637461 60.513
1581637462 35.739
1581637466 19.201
1581637468 22.118
1581637469 21.573
1581637471 122.478
1581637472 270.157
1581637473 346.367
1581637474 335.81
1581637475 324.598
1581637476 305.656
1581637479 17.337
1581637480 34.608
1581637481 34.327
1581637482 34.86
1581637483 38.194
1581637484 37.488
1581637486 38.206
1581637487 34.559
1581637488 39.201
1581637489 35.439
1581637490 20.428
1581637493 21.206
1581637494 24.186
1581637495 25.038
1581637496 25.725
1581637497 102.522
1581637499 159.952
1581637500 178.075
1581637501 175.34
1581637502 171.317
1581637503 169.172
1581637504 103.893
1581637505 103.893
1581637507 29.439
1581637508 30.308
1581637510 33.676
1581637512 32.096
1581637513 28.703
1581637514 27.636
1581637515 28.589
1581637516 27.522
1581637517 27.522
1581637518 28.021
1581637521 20.694
1581637522 23.609
1581637523 24.867
1581637524 24.101
1581637526 24.354
1581637527 24.169
1581637528 24.658
1581637529 23.446
1581637530 42.786
1581637532 157.421
1581637535 17.96
1581637536 19.101
1581637537 20.154
1581637538 19.994
1581637540 20.131
1581637541 20.172
1581637542 19.685
1581637543 18.701
1581637544 20.045
1581637545 19.606
1581637549 33.1
1581637550 30.751
1581637552 28.885
1581637553 27.426
1581637555 29.292
1581637556 30.213
1581637557 28.17
1581637558 28.887
1581637559 28.887
1581637559 29.814
1581637562 12.339
1581637563 31.544
1581637564 30.382
1581637565 20.688
1581637640 10.321
1581637640 10.321
1581637687 11.718
1581637688 18.832
1581637689 17.658
1581637691 17.93
1581637692 18.41
1581637693 18.618
1581637693 18.618
1581637694 63.509
1581637695 124.526
1581637697 157.082
1581637699 45.17
1581637804 13.148
1581637816 10.204
1581637817 25.446
1581637818 51.943
1581637820 61.442
1581637821 65.008
1581637822 89.467
1581637824 15.11
1581637825 15.11
1581637830 17.659
1581637831 25.858
1581637833 33.744
1581637834 41.476
1581637835 49.975
1581637836 66.111
1581637837 95.741
1581637840 16.945
1581637841 26.572
1581637842 28.945
1581637843 30.392
1581637845 156.827
1581637846 197.563
1581637847 166.64
1581637848 179.061
1581637849 211.024
1581637850 230.465
1581637851 142.783
1581637854 14.367
1581637855 28.391
1581637856 31.447
1581637857 30.982
1581637858 30.52
1581637860 27.735
1581637861 179.522
1581637862 182.461
1581637863 186.362
1581637864 210.814
1581637865 123.281
1581637868 21.721
1581637869 28.826
1581637870 29.27
1581637871 31.012
1581637872 137.267
1581637874 180.766
1581637874 180.766
1581637875 188.379
1581637876 211.777
1581637877 194.286
1581637878 194.344
1581637882 19.275
1581637883 19.22
1581637884 20.012
1581637889 11.324
1581637890 34.849
1581637891 124.261
1581637893 105.197
1581637896 16.249
1581637897 27.108
1581637898 27.154
1581637900 86.659
1581637900 86.659
1581637901 134.815
1581637902 133.513
1581637903 125.297
1581637904 132.384
1581637905 124.902
1581637907 96.054
1581637909 24.26
1581637910 101.951
1581637911 119.994
1581637912 122.966
1581637914 125.877
1581637915 134.636
1581637916 134.661
1581637917 134.351
1581637918 132.381
1581637919 131.826
1581637921 119.202
1581637924 18.027
1581637925 19.95
1581637926 10.556
1581637927 10.556
1581637927 13.935
1581637929 21.095
1581637930 69.26
1581637931 75.259
1581637932 73.514
1581637933 73.51
1581637934 52.923
1581637937 14.377
1581637938 27.215
1581637939 22.778
1581637940 24.057
1581637941 24.779
1581637942 22.154
1581637944 23.674
1581637945 63.14
1581637946 134.726
1581637947 134.154
1581637948 99.499
1581637951 17.322
1581637952 27.148
1581637953 28.185
1581637954 26.893
1581637955 26.184
1581637956 28.431
1581637958 29.37
1581637959 24.079
1581637960 91.765
1581637961 121.322
1581637962 77.337
1581637965 15.78
1581637966 26.986
1581637967 24.866
1581637968 29.364
1581637969 28.361
1581637970 14.787
1581637973 17.857
1581637974 14.38
1581637979 12.216
1581637980 17.27
1581637981 17.814
1581637982 17.824
1581637983 16.673
1581637987 13.087
1581637988 16.762
1581637993 20.746
1581637994 22.732
1581637995 21.419
1581637996 73.406
1581637998 127.85
1581637999 130.182
1581638000 131.238
1581638001 142.551
1581638002 319.536
1581638005 13.063
1581638005 13.063
1581638006 11.183
1581638007 33.406
1581638008 32.942
1581638009 33.011
1581638010 95.703
1581638012 310.539
1581638013 274.358
1581638014 312.128
1581638015 385.542
1581638016 28.187
1581638022 13.934
1581638023 115.805
1581638024 165.933
1581638029 55.313
1581638030 247.928
1581638032 26.885
1581638033 26.885
1581638036 45.898
1581638037 136.47
1581638038 253.432
1581638040 217.184
1581638041 193.698
1581638042 206.757
1581638043 231.125
1581638044 253.097
1581638048 59.903
1581638049 274.968
1581638050 291.862
1581638051 180.987
1581638052 276.546
1581638053 245.971
1581638054 242.332
1581638055 267.054
1581638057 298.408
1581638058 296.094
1581638060 132.12
1581638061 132.12
1581638062 61.27
1581638064 212.077
1581638065 207.298
1581638066 213.761
1581638067 238.365
1581638068 240.84
1581638069 238.198
1581638070 241.93
1581638071 264.958
1581638072 293.724
1581638074 105.431
1581638076 43.755
1581638076 43.755
1581638077 126.601
1581638078 186.814
1581638079 249.981
1581638080 245.411
1581638082 222.812
1581638083 162.875
1581638084 152.381
1581638085 189.731
1581638086 141.707
1581638087 141.707
1581638087 47.935
1581638090 15.11
1581638091 46.596
1581638092 57.888
1581638093 47.605
1581638095 47.914
1581638096 37.234
1581638097 53.62
1581638098 42.109
1581638099 35.079
1581638100 23.524
1581638102 47.035
1581638105 10.794
1581638106 11.257
1581638107 26.878
1581638108 33.095
1581638110 27.297
1581638111 34.312
1581638112 38.204
1581638113 31.857
1581638113 31.857
1581638114 28.689
1581638115 21.903
1581638119 16.338
1581638120 11.341
1581638121 14.207
1581638124 11.916
1581638125 36.038
1581638126 71.353
1581638127 81.529
1581638128 50.11
1581638129 43.24
1581638130 43.24
1581638132 20.557
1581638134 18.5
1581638137 22.884
1581638138 25.638
1581638139 33.548
1581638140 38.476
1581638141 43.508
1581638143 47.946
1581638285 14.402
1581638286 14.402
1581638287 43.246
1581638289 39.43
1581638290 68.547
1581638291 55.469
1581638292 63.759
1581638293 68.056
1581638294 70.45
1581638296 68.338
1581638298 13.044
1581638299 71.66
1581638300 70.074
1581638301 91.962
1581638303 66.992
1581638304 84.906
1581638305 78.543
1581638306 83.67
1581638307 75.717
1581638310 66.709
1581638312 15.67
1581638313 31.881
1581638314 87.231
1581638316 72.797
1581638317 68.174
1581638318 85.932
1581638319 99.849
1581638320 98.675
1581638322 69.264
1581638324 29.685
1581638325 29.685
1581638326 27.026
1581638327 77.546
1581638329 74.569
1581638330 43.781
1581638331 67.102
1581638332 65.919
1581638333 81.321
1581638335 87.805
1581638336 85.419
1581638337 80.175
1581638342 12.776
1581638343 13.767
1581638344 18.509
1581638345 22.606
1581638346 18.973
1581638348 52.826
1581638349 113.815
1581638350 88.9
1581638351 117.837
1581638355 46.047
1581638356 94.367
1581638357 64.869
1581638358 94.603
1581638359 94.603
1581638359 86.257
1581638361 75.122
1581638362 74.062
1581638363 79.439
1581638364 79.673
1581638365 71.498
1581638368 16.47
1581638369 45.776
1581638370 57.266
1581638371 79.127
1581638373 78.37
1581638374 98.423
1581638375 85.865
1581638376 42.147
1581638377 97.011
1581638379 11.876
1581638380 11.876
1581638383 14.85
1581638384 16.358
1581638385 15.031
1581638387 10.481
1581638388 13.828
1581638388 13.828
1581638389 11.794
1581638390 15.317
1581638392 18.627
1581638393 18.627
1581638396 35.819
1581638397 47.945
1581638399 79.471
1581638400 94.147
1581638401 106.437
1581638402 100.209
1581638403 92.229
1581638405 112.523
1581638407 55.159
1581638409 15.693
1581638410 17.017
1581638412 17.57
1581638413 16.404
1581638414 18.406
1581638415 17.161
1581638416 18.915
1581638418 17.818
1581638419 17.227
1581638423 14.417
1581638425 17.02
1581638425 17.02
1581638426 15.756
1581638427 16.159
1581638428 12.686
1581638429 13.118
1581638432 10.379
1581638433 15.744
1581638434 20.591
1581638435 20.591
1581638438 14.536
1581638439 20.903
1581638440 20.176
1581638441 24.113
1581638442 30.971
1581638444 39.119
1581638445 42.77
1581638445 42.77
1581638446 25.077
1581638447 43.887
1581638448 44.716
1581638451 22.57
1581638452 89.26
1581638453 113.435
1581638454 101.842
1581638456 63.619
1581638457 87.424
1581638458 66.941
1581638459 105.144
1581638460 84.241
1581638463 24.864
1581638464 24.864
1581638466 61.983
1581638467 76.56
1581638469 87.143
1581638470 82.345
1581638471 79.518
1581638472 73.805
1581638473 95.652
1581638475 76.724
1581638478 41.785
1581638479 87.297
1581638481 93.622
1581638482 82.176
1581638483 71.358
1581638484 94.09
1581638485 94.567
1581638487 81.134
1581638488 92.129
1581638490 78.134
1581638492 39.869
1581638494 70.289
1581638495 88.408
1581638496 92.035
1581638497 89.744
1581638498 92.589
1581638500 90.024
1581638501 79.074
1581638502 80.671
1581638504 58.204
1581638505 58.204
1581638507 51.161
1581638507 51.161
1581638508 77.886
1581638509 79.411
1581638510 84.997
1581638512 83.971
1581638513 50.497
1581638514 87.59
1581638515 78.719
1581638516 68.077
1581638517 101.736
1581638520 28.253
1581638521 71.282
1581638522 77.742
1581638523 94.086
1581638525 91.382
1581638526 62.538
1581638527 44.686
1581638528 44.686
1581638528 74.519
1581638529 63.712
1581638534 12.73
1581638535 60.633
1581638536 60.633
1581638536 47.027
1581638538 75.954
1581638539 78.273
1581638540 63.983
1581638541 60.445
1581638542 57.341
1581638544 78.712
1581638545 80.022
1581638546 69.555
1581638548 30.583
1581638550 96.811
1581638551 103.899
1581638552 78.565
1581638553 56.46
