1574496507 23.314
1574496508 18.569
1574496509 20.833
1574496510 23.992
1574496511 25.321
1574496512 21.552
1574496513 15.722
1574496514 17.674
1574496515 24.553
1574496516 26.841
1574496518 17.427
1574496519 23.086
1574496520 23.876
1574496521 24.685
1574496522 18.733
1574496569 13.774
1574496615 13.127
1574496616 11.771
1574496617 10.236
1574496664 19.237
1574496710 15.221
1574496710 15.221
1574496711 15.947
1574496758 26.677
1574496803 12.674
1574496805 10.639
1574496850 14.455
1574496851 14.737
1574496898 11.251
1574496944 14.618
1574496991 10.345
1574496992 10.041
1574497040 12.972
1574497142 13.84
1574497143 15.84
1574497190 15.521
1574497191 12.259
1574497237 13.833
1574497238 15.23
1574497287 12.541
1574497333 13.86
1574497334 14.101
1574497380 22.041
1574497427 17.989
1574497428 10.277
1574497474 18.24
1574497475 13.335
1574497530 14.504
1574497588 24.345
1574497636 11.893
1574497637 12.657
1574497683 21.441
1574497729 23.803
1574497775 10.547
1574497821 15.31
1574497849 11.481
1574497850 19.379
1574497851 29.608
