1574667582 27.007
1574667677 30.093
1574667722 10.424
1574667723 20.704
1574667769 20.121
1574667815 22.701
1574667816 10.102
1574667861 28.625
1574667909 23.387
1574667954 20.772
1574668004 22.627
1574668051 29.805
1574668097 29.515
1574668142 18.835
1574668188 33.1
1574668233 15.422
1574668234 15.422
1574668234 13.419
1574668280 30.921
1574668690 26.14
1574668736 17.271
1574668782 17.683
1574668783 13.488
1574668834 15.301
1574668835 23.531
1574668880 19.164
1574668927 20.18
1574668973 20.754
1574669020 13.208
1574669021 13.314
1574669021 13.314
1574669067 27.153
1574669068 32.883
