1574745647 18.082
1574745648 33.135
1574745649 38.209
1574745650 31.63
1574745652 19.703
1574745654 18.435
1574745655 20.617
1574745656 20.971
1574745657 16.708
1574745658 14.948
1574745660 11.699
1574745661 11.949
1574745662 10.529
1574745663 10.351
1574745691 22.632
1574745692 22.632
1574745713 12.269
1574745759 25.375
1574745805 18.435
1574745904 29.883
1574745952 11.627
1574745952 11.627
1574746000 27.022
1574746050 15.256
1574746096 23.579
1574746142 30.791
1574746188 34.267
1574746233 12.927
1574746234 14.979
1574746244 18.615
