1574744462 12.0
1574744463 31.224
1574744464 35.735
1574744465 11.36
1574744466 24.554
1574744467 32.901
1574744468 23.303
1574744469 24.919
1574744470 29.802
1574744471 26.581
1574744473 16.238
1574744474 19.772
1574744481 22.587
1574744523 20.101
1574744569 14.454
1574744571 16.281
1574744616 13.913
1574744617 20.122
1574744662 15.915
1574744708 12.916
1574744709 19.981
1574744759 11.471
1574744760 21.118
1574744856 15.166
1574744902 11.688
1574744903 13.069
1574744948 10.997
1574744949 18.435
1574744995 16.248
1574745042 15.254
1574745043 14.951
1574745089 10.967
1574745090 11.445
1574745137 10.136
1574745233 14.037
1574745234 10.995
1574745283 24.868
