1579139822 18.586
1579139823 18.723
1579139824 17.582
1579139825 16.185
1579139826 17.557
1579139827 18.702
1579139828 18.389
1579139829 18.086
1579139831 18.969
1579139832 14.395
1579139835 15.44
1579139836 17.579
1579139838 15.908
1579139839 17.737
1579139839 17.737
1579139840 17.159
1579139841 16.808
1579139842 19.569
1579139843 18.368
1579139844 19.053
1579139847 11.628
1579139849 14.645
1579139850 17.037
1579139851 11.168
1579139852 14.631
1579139854 15.157
1579139856 15.47
1579139857 11.709
1579139858 16.819
1579139859 16.819
1579139859 16.318
1579139861 11.302
1579139863 10.257
1579139864 16.675
1579139865 18.44
1579139866 19.182
1579139868 13.34
1579139869 16.459
1579139871 14.556
1579139872 18.85
1579139873 18.015
1579139874 12.681
1579139887 14.101
1579139891 13.174
1579139893 13.918
1579139895 14.012
1579139896 10.752
1579139915 15.184
1579139916 22.946
1579139921 22.804
1579139922 24.557
1579139923 21.831
1579139927 15.827
1579139928 11.931
1579139936 13.533
1579139937 13.533
1579139937 15.04
1579139938 10.687
1579139961 15.099
1579139962 14.89
1579139963 16.057
1579139965 16.25
1579139966 16.302
1579139967 10.999
1579139967 10.999
1579139989 19.863
1579139990 19.649
1579139991 21.284
1579139993 20.031
1579139994 21.061
1579139995 21.16
1579139996 20.328
1579139997 95.271
1579139998 95.271
1579139998 127.305
1579140000 119.869
1579140002 12.041
1579140003 19.598
1579140005 19.547
1579140006 19.957
1579140007 19.653
1579140008 20.24
1579140009 20.24
1579140009 18.702
1579140010 18.711
1579140012 10.102
1579140014 11.165
1579140018 12.574
1579140019 13.88
1579140020 13.665
1579140021 14.4
1579140022 14.4
1579140022 14.009
1579140024 15.03
1579140025 12.538
1579140026 12.813
1579140031 26.175
1579140032 43.78
1579140033 43.78
1579140033 75.982
1579140034 134.781
1579140035 122.487
1579140036 122.65
1579140038 147.695
1579140039 159.78
1579140040 149.247
1579140041 165.181
1579140042 165.181
1579140046 11.094
1579140047 14.078
1579140048 11.271
1579140049 14.241
1579140051 18.91
1579140052 58.062
1579140052 58.062
1579140053 56.563
1579140054 60.843
1579140055 40.471
1579140058 13.617
1579140059 15.797
1579140060 16.248
1579140061 17.143
1579140062 18.524
1579140064 16.248
1579140064 16.248
1579140065 17.681
1579140066 16.426
1579140067 17.098
1579140068 16.827
1579140070 10.599
1579140070 10.599
1579140072 22.192
1579140073 22.497
1579140074 43.861
1579140076 60.166
1579140077 76.264
1579140078 130.385
1579140079 130.385
1579140079 114.018
1579140080 134.104
1579140082 146.583
1579140083 130.108
1579140086 15.007
1579140087 14.925
1579140089 15.371
1579140090 14.373
1579140091 13.065
1579140092 15.267
1579140094 15.024
1579140095 14.621
1579140101 15.492
1579140102 16.63
1579140103 16.237
1579140104 16.791
1579140106 28.28
1579140107 108.156
1579140108 105.31
1579140109 102.705
1579140110 112.57
1579140111 135.356
1579140112 20.824
1579140113 20.824
1579140115 21.151
1579140116 62.82
1579140117 65.809
1579140118 106.428
1579140119 102.224
1579140120 133.227
1579140121 128.385
1579140123 111.224
1579140124 137.293
1579140126 18.803
1579140127 18.803
1579140128 16.251
1579140130 15.941
1579140131 17.47
1579140132 17.072
1579140133 53.559
1579140134 74.516
1579140136 90.391
1579140137 140.313
1579140138 112.291
1579140139 98.389
1579140142 15.308
1579140144 16.408
1579140145 16.841
1579140146 17.468
1579140147 15.62
1579140148 17.202
1579140150 18.564
1579140151 18.458
1579140152 17.84
1579140156 13.383
1579140157 16.921
1579140158 17.413
1579140159 17.61
1579140160 17.093
1579140162 16.559
1579140163 17.063
1579140164 17.793
1579140165 17.649
1579140166 18.392
1579140170 17.482
1579140171 18.281
1579140172 19.159
1579140173 17.863
1579140175 18.865
1579140176 18.467
1579140177 18.854
1579140178 17.01
1579140179 19.068
1579140181 17.096
1579140184 19.304
1579140185 20.477
1579140186 19.509
1579140188 19.246
1579140189 19.367
1579140190 87.221
1579140191 103.545
1579140192 148.215
1579140226 19.632
1579140258 12.277
1579140260 26.408
1579140261 31.063
1579140262 36.84
1579140263 29.146
1579140264 29.146
1579140264 19.829
1579140282 10.508
1579140283 11.611
1579140284 13.186
1579140285 19.288
1579140302 17.253
1579140304 19.06
1579140306 12.637
1579140308 19.024
1579140309 20.027
1579140311 18.926
1579140312 18.626
1579140336 11.082
1579140338 24.191
1579140339 16.928
1579140340 13.736
1579140344 14.693
1579140345 73.0
1579140346 185.685
1579140348 77.466
1579140351 37.975
1579140352 88.635
1579140353 107.017
1579140354 115.37
1579140355 91.307
1579140357 95.462
1579140358 98.973
1579140359 102.75
1579140360 107.134
1579140365 60.852
1579140366 150.065
1579140367 162.7
1579140368 152.308
1579140369 154.18
1579140371 148.352
1579140372 149.659
1579140373 155.067
1579140374 158.086
1579140375 144.263
1579140378 11.023
1579140379 26.931
1579140380 28.727
1579140381 29.849
1579140383 25.987
1579140384 29.01
1579140385 29.756
1579140386 29.212
1579140387 30.247
1579140389 29.422
1579140390 33.289
1579140392 24.568
1579140393 28.332
1579140394 31.183
1579140396 31.924
1579140397 32.592
1579140398 31.513
1579140399 30.659
1579140400 33.786
1579140402 31.384
1579140406 25.019
1579140407 26.938
1579140409 27.028
1579140410 27.683
1579140411 26.434
1579140412 126.672
1579140413 157.713
1579140415 157.548
1579140416 134.53
1579140417 139.379
1579140418 10.356
1579140419 10.356
1579140420 18.856
1579140422 19.237
1579140423 20.67
1579140424 19.742
1579140425 19.791
1579140426 20.498
1579140428 18.782
1579140429 18.479
1579140430 19.216
1579140431 12.151
1579140434 20.012
1579140435 32.722
1579140436 150.772
1579140437 152.318
1579140438 155.693
1579140439 75.87
1579140441 92.423
1579140442 133.081
1579140444 67.08
1579140445 93.731
1579140448 72.378
1579140448 72.378
1579140449 113.601
1579140450 152.186
1579140451 151.475
1579140452 140.992
1579140453 152.237
1579140455 66.769
1579140455 66.769
1579140456 121.722
1579140457 166.611
1579140459 133.167
1579140462 15.799
1579140462 15.799
1579140463 16.296
1579140464 17.707
1579140465 116.364
1579140466 118.805
1579140467 115.56
1579140469 118.576
1579140470 99.046
1579140471 108.923
1579140473 17.564
1579140474 17.564
1579140476 22.815
1579140477 22.815
1579140477 23.082
1579140478 24.183
1579140479 25.295
1579140480 25.119
1579140482 43.971
1579140483 245.57
1579140484 290.796
1579140485 201.058
1579140486 192.424
1579140487 192.424
1579140490 22.226
1579140491 21.389
1579140492 18.152
1579140493 73.001
1579140494 114.995
1579140495 114.995
1579140496 259.602
1579140497 269.355
1579140498 235.078
1579140499 62.431
1579140500 231.637
1579140502 10.616
1579140504 23.215
1579140504 23.215
1579140505 26.574
1579140506 25.955
1579140507 24.554
1579140508 26.312
1579140509 22.8
1579140511 25.468
1579140512 25.079
1579140513 25.914
1579140514 25.914
1579140514 18.046
1579140516 19.648
1579140518 309.064
1579140519 319.827
1579140520 389.891
1579140521 327.496
1579140522 327.496
1579140522 272.978
1579140573 17.978
1579140574 19.096
1579140591 58.873
1579140592 92.897
1579140594 91.383
1579140595 94.586
1579140596 93.021
1579140597 90.676
1579140600 13.9
1579140601 133.541
1579140602 162.242
1579140603 151.562
1579140604 152.575
1579140605 156.492
1579140607 137.691
1579140608 140.336
1579140609 159.647
1579140610 162.638
1579140611 98.586
1579140614 20.862
1579140615 25.226
1579140616 28.194
1579140617 30.529
1579140618 29.683
1579140620 29.925
1579140621 28.79
1579140622 31.914
1579140623 27.851
1579140624 27.301
1579140628 44.487
1579140629 154.77
1579140630 152.751
1579140631 166.041
1579140633 182.322
1579140634 177.831
1579140635 160.109
1579140636 154.111
1579140637 162.214
1579140638 148.282
1579140640 21.079
1579140640 21.079
1579140642 23.216
1579140643 23.307
1579140644 23.166
1579140646 22.287
1579140647 22.571
1579140648 22.897
1579140649 22.397
1579140650 22.426
1579140653 17.969
1579140655 13.689
1579140656 28.841
1579140657 25.71
1579140659 28.388
1579140660 29.173
1579140661 29.155
1579140662 29.155
1579140662 27.86
1579140663 28.325
1579140665 29.028
1579140667 14.058
1579140669 26.162
1579140671 28.607
1579140672 26.764
1579140673 30.02
1579140674 29.056
1579140675 26.543
1579140676 29.902
1579140678 29.199
1579140679 36.921
1579140681 11.525
1579140682 11.525
1579140684 16.02
1579140685 17.279
1579140686 17.254
1579140687 18.568
1579140688 19.546
1579140690 19.665
1579140691 20.049
1579140692 19.102
1579140693 19.874
1579140694 15.214
1579140697 13.494
1579140698 23.38
1579140699 22.124
1579140700 24.722
1579140701 24.722
1579140701 22.128
1579140703 23.533
1579140704 130.601
1579140705 136.235
1579140706 148.426
1579140707 115.107
1579140708 85.493
1579140711 14.175
1579140712 14.175
1579140712 19.692
1579140713 52.325
1579140714 105.502
1579140716 135.338
1579140717 122.488
1579140782 12.548
1579140783 13.381
1579140818 23.58
1579140820 31.084
1579140823 19.071
1579140908 14.227
1579140910 18.924
1579140911 35.692
1579140912 74.591
1579140913 71.907
1579140914 73.932
1579140915 71.192
1579140918 24.076
1579140919 24.076
1579140920 60.783
1579140921 60.783
1579140921 58.61
1579140922 57.218
1579140924 46.33
1579140925 78.782
1579140926 105.786
1579140927 111.168
1579140928 125.535
1579140929 126.946
1579140931 127.649
1579140932 37.703
1579140933 37.703
1579140934 30.339
1579140935 84.169
1579140936 230.098
1579140937 217.004
1579140938 217.004
1579140939 206.372
1579140940 238.89
1579140941 142.867
1579140942 128.119
1579140943 153.697
1579140944 100.195
1579140945 100.195
1579140945 59.907
1579140946 59.907
1579140948 11.537
1579140981 12.094
1579140982 16.857
1579140984 15.056
1579140985 11.749
1579140987 22.284
1579140992 11.108
1579140997 19.286
1579140998 37.889
1579141001 27.593
1579141002 27.593
1579141002 27.593
1579141020 11.981
1579141021 16.895
1579141022 15.255
1579141023 15.255
1579141024 12.727
1579141025 20.459
1579141079 11.956
1579141080 11.956
1579141188 17.452
1579141189 18.17
1579141190 16.24
1579141191 16.24
1579141191 18.422
1579141192 18.919
1579141194 18.231
1579141198 34.519
1579141199 33.623
1579141200 33.383
1579141202 32.227
1579141203 29.022
1579141204 28.488
1579141205 32.969
1579141206 32.969
1579141206 27.836
1579141207 27.969
1579141209 26.278
1579141212 66.572
1579141213 90.26
1579141214 90.26
1579141214 95.249
1579141216 91.976
1579141217 94.767
1579141218 93.173
1579141219 93.888
1579141220 96.029
1579141222 94.328
1579141222 94.328
1579141223 78.626
1579141226 18.489
1579141227 18.517
1579141229 17.874
1579141230 18.499
1579141231 59.783
1579141232 71.272
1579141233 71.272
1579141233 74.138
1579141235 160.654
1579141236 218.984
1579141237 111.879
1579141239 14.46
1579141240 22.813
1579141242 21.869
1579141243 21.889
1579141244 18.78
1579141245 20.552
1579141246 21.531
1579141247 74.262
1579141249 195.368
1579141251 98.413
1579141252 98.413
1579141253 19.016
1579141254 18.853
1579141256 20.62
1579141257 19.942
1579141258 20.112
1579141259 45.082
1579141260 92.642
1579141262 240.101
1579141263 352.419
1579141265 13.757
1579141266 13.757
1579141268 13.034
1579141269 20.797
1579141270 21.285
1579141271 20.583
1579141272 20.038
1579141273 25.743
1579141275 38.74
1579141276 42.658
1579141277 52.381
1579141278 49.637
1579141280 15.043
1579141282 108.159
1579141283 124.712
1579141284 127.657
1579141285 128.69
1579141286 209.724
1579141287 272.899
1579141289 219.116
1579141290 247.741
1579141291 241.941
1579141292 205.145
1579141294 12.083
1579141295 31.011
1579141297 33.743
1579141298 29.898
1579141299 32.387
1579141300 29.291
1579141301 29.322
1579141302 25.087
1579141304 28.488
1579141305 27.01
1579141306 27.01
1579141306 17.015
1579141308 15.966
1579141310 18.839
1579141311 19.91
1579141312 61.509
1579141313 112.181
1579141314 110.945
1579141316 109.483
1579141316 109.483
1579141317 111.972
1579141318 108.122
1579141320 36.81
1579141321 36.81
1579141323 22.089
1579141324 21.416
1579141324 21.416
1579141325 22.541
1579141326 21.837
1579141327 20.657
1579141328 20.054
1579141330 13.242
1579141331 16.175
1579141334 10.155
1579141337 47.344
1579141338 295.123
1579141339 247.019
1579141340 247.019
1579141340 182.417
1579141341 304.977
1579141342 289.212
1579141343 274.371
1579141344 305.413
1579141346 338.146
1579141347 321.437
1579141348 187.398
1579141350 17.712
1579141351 17.712
1579141351 147.737
1579141352 176.978
1579141353 181.484
1579141355 49.856
1579141362 69.972
1579141364 22.375
1579141365 56.367
1579141366 199.532
1579141367 161.667
1579141369 104.833
1579141370 128.353
1579141371 100.051
1579141372 101.92
1579141373 106.17
1579141374 101.533
1579141376 93.702
1579141378 11.927
1579141379 21.178
1579141380 20.566
1579141381 18.831
1579141383 17.311
1579141384 22.557
1579141385 70.046
1579141386 96.369
1579141387 104.055
1579141390 72.362
1579141391 72.362
1579141392 17.32
1579141393 23.871
1579141394 74.532
1579141396 70.629
1579141397 97.213
1579141398 91.917
1579141399 85.366
1579141400 96.323
1579141401 87.323
1579141406 91.569
1579141407 176.911
1579141409 191.845
1579141410 167.355
1579141411 147.582
1579141412 172.756
1579141413 137.724
1579141414 138.566
1579141416 100.272
1579141417 124.366
1579141420 24.054
1579141421 109.273
1579141422 143.047
1579141424 118.773
1579141425 138.362
1579141426 145.775
1579141427 113.685
1579141428 135.457
1579141429 137.034
1579141431 160.04
1579141434 21.303
1579141435 20.611
1579141436 21.164
1579141438 21.783
1579141439 21.846
1579141440 21.765
1579141441 20.866
1579141442 20.71
1579141443 20.71
1579141443 21.656
1579141445 20.949
1579141447 15.808
1579141448 51.378
1579141449 193.523
1579141450 185.852
1579141451 185.852
1579141452 199.162
1579141453 243.026
1579141454 246.217
1579141455 214.377
1579141456 175.635
1579141457 188.133
1579141458 203.404
1579141461 10.803
1579141462 26.406
1579141463 26.892
1579141464 43.211
1579141465 180.477
1579141466 180.477
1579141466 268.122
1579141467 134.881
1579141469 198.63
1579141470 309.125
1579141471 247.892
1579141472 195.613
1579141476 33.034
1579141477 166.373
1579141478 294.929
1579141479 294.725
1579141480 242.458
1579141481 145.778
1579141482 127.58
1579141483 127.58
1579141483 88.225
1579141485 144.474
1579141488 13.807
1579141489 89.645
1579141490 171.14
1579141492 217.548
1579141492 217.548
1579141493 85.45
1579141494 70.415
1579141495 79.287
1579141496 145.129
1579141497 106.878
1579141499 122.385
1579141500 88.794
1579141500 88.794
1579141501 88.794
1579141502 10.284
1579141503 88.052
1579141504 228.303
1579141506 239.929
1579141507 239.058
1579141508 192.604
1579141509 201.895
1579141510 205.602
1579141511 201.444
1579141512 206.033
1579141513 198.768
1579141513 198.768
1579141513 198.768
1579141517 16.369
1579141518 20.114
1579141519 20.114
1579141519 11.574
1579141521 22.867
1579141522 17.185
1579141523 22.342
1579141524 23.034
1579141525 22.656
1579141528 20.325
1579141530 19.19
1579141531 26.85
1579141532 21.701
1579141533 21.751
1579141535 20.554
1579141536 23.99
1579141537 25.275
1579141538 65.297
1579141539 79.597
1579141540 86.466
1579141542 68.616
1579141544 17.336
1579141545 22.986
1579141546 22.842
1579141548 22.346
1579141549 22.228
1579141550 20.573
1579141551 22.347
1579141552 133.363
1579141553 158.585
1579141556 56.405
1579141557 56.405
1579141557 56.405
1579141558 84.363
1579141559 230.007
1579141560 156.174
1579141562 148.277
1579141563 158.531
1579141564 161.001
1579141565 159.283
1579141566 157.143
1579141567 147.075
1579141568 147.075
1579141569 160.729
1579141570 45.7
1579141571 45.7
1579141572 30.085
1579141573 30.591
1579141575 26.163
1579141576 24.045
1579141577 17.383
1579141578 30.438
1579141579 20.226
1579141580 31.779
1579141582 192.669
1579141586 22.428
1579141587 22.428
1579141587 42.603
1579141589 97.635
1579141590 149.375
1579141591 93.769
1579141592 106.831
1579141593 172.195
1579141594 143.263
1579141596 263.118
1579141597 146.15
1579141600 30.544
1579141601 32.827
1579141602 30.743
1579141604 29.028
1579141605 31.255
1579141606 29.753
1579141607 34.63
1579141608 31.249
1579141609 32.934
1579141614 22.828
1579141615 23.723
1579141616 23.013
1579141618 22.848
1579141619 22.363
1579141620 23.225
1579141621 24.003
1579141622 23.828
1579141623 22.188
1579141628 25.312
1579141629 24.284
1579141630 25.23
1579141632 24.027
1579141633 21.222
1579141634 21.617
1579141635 104.069
1579141636 224.101
1579141637 217.048
