1574843984 30.877
1574844030 24.616
1574844076 23.723
1574844122 17.371
1574844123 14.127
1574844169 17.302
1574844231 17.395
1574844277 30.943
1574844322 17.553
1574844323 12.24
1574844373 26.401
1574844418 13.565
1574844419 17.104
1574844464 23.411
1574844513 26.742
1574844605 32.023
1574844652 20.736
1574844711 22.178
1574844712 23.569
1574844757 34.648
1574845150 21.999
1574845196 22.237
1574845242 11.594
1574845243 19.631
1574845301 14.866
1574845347 21.915
1574845393 18.683
1574845634 10.042
1574845646 31.156
1574845647 26.79
