1576470430 11.962
1576470431 24.925
1576470433 16.274
1576470435 13.7
1576470436 17.119
1576470437 13.023
1576470438 16.01
1576470439 22.776
1576470440 30.671
1576470445 35.138
1576470446 33.936
1576470447 25.971
1576470448 19.851
1576470450 17.709
1576470451 16.998
1576470455 10.348
1576470459 11.171
1576470460 11.499
1576470461 10.498
1576470462 11.797
1576470463 12.909
1576470464 13.009
1576470466 16.879
1576470467 22.364
1576470468 26.253
1576470469 28.033
1576470470 21.557
1576470472 12.798
1576470473 13.269
1576470475 10.886
1576470476 10.954
1576470477 14.857
1576470478 11.829
1576470479 10.04
1576470483 13.039
1576470488 10.981
1576470488 10.981
1576470490 10.108
1576470493 10.118
1576470500 17.022
1576470502 12.423
1576470503 14.986
1576470504 18.509
1576470507 10.029
1576470508 15.33
1576470509 17.115
1576470511 11.883
1576470516 11.857
1576470517 11.075
1576470518 10.143
1576470520 13.085
1576470521 13.976
1576470521 13.976
1576470522 14.374
1576470523 12.074
1576470524 13.737
1576470529 12.167
1576470532 13.297
1576470533 14.371
1576470534 10.667
1576470535 10.872
1576470536 14.406
1576470543 14.917
1576470544 18.527
1576470545 22.153
1576470547 20.196
1576470548 23.534
1576470549 28.191
1576470550 20.116
1576470551 15.945
1576470552 18.249
1576470553 16.514
1576470556 10.15
1576470557 23.03
1576470557 23.03
1576470558 11.542
1576470570 18.264
1576470571 16.95
1576470572 14.846
1576470573 14.233
1576470574 14.233
1576470575 12.105
1576470576 14.875
1576470577 11.322
1576470578 11.404
1576470579 10.395
1576470580 12.692
1576470584 13.116
1576470585 15.246
1576470586 10.518
1576470587 13.302
1576470588 16.593
1576470589 14.495
1576470589 14.495
1576470592 11.293
1576470593 18.103
1576470594 12.762
1576470595 14.896
1576470598 16.287
1576470600 15.318
1576470601 16.384
1576470602 14.098
1576470603 10.822
1576470607 13.479
1576470612 15.686
1576470613 10.123
1576470628 10.884
1576470628 10.884
1576470629 13.493
1576470630 13.198
1576470631 18.537
1576470632 20.378
1576470633 16.872
1576470635 24.399
1576470636 23.045
1576470637 13.483
1576470640 10.907
1576470641 10.618
1576470643 10.851
1576470644 14.478
1576470645 12.726
1576470646 13.509
1576470647 16.889
1576470648 12.809
1576470649 11.205
1576470654 11.994
1576470655 12.289
1576470663 10.514
1576470664 12.088
1576470667 17.854
1576470669 14.175
1576470670 14.571
1576470674 11.512
1576470675 12.064
1576470676 13.654
1576470679 10.756
1576470681 13.998
1576470682 13.346
1576470684 11.024
1576470686 14.105
1576470687 16.741
1576470688 25.274
1576470689 32.192
1576470690 35.833
1576470691 20.28
1576470692 24.412
1576470696 18.322
1576470696 18.322
1576470697 19.357
1576470698 17.693
1576470699 25.422
1576470700 30.454
1576470701 35.425
1576470703 31.06
1576470704 15.098
1576470705 18.823
1576470705 18.823
1576470709 16.662
1576470710 17.47
1576470712 15.265
1576470712 15.265
1576470713 14.037
1576470714 12.336
1576470715 13.335
1576470716 14.629
1576470717 18.986
1576470723 12.409
1576470724 13.308
1576470728 19.468
1576470729 12.936
1576470730 10.443
1576470731 12.675
1576470732 17.537
1576470732 17.537
1576470738 11.783
1576470745 11.096
1576470746 16.374
1576470746 16.374
1576470747 19.871
1576470748 20.786
1576470756 13.679
1576470757 15.712
1576470758 14.496
1576470759 10.508
1576470760 14.91
1576470760 14.91
1576470762 11.641
1576470795 10.198
1576470796 10.975
1576470797 10.372
1576470800 11.147
1576470807 25.228
1576470808 28.866
1576470809 25.301
1576470810 20.019
1576470811 20.348
1576470812 29.152
1576470814 25.819
1576470815 20.083
1576470816 10.057
1576471170 36.994
1576471174 32.037
1576471175 87.155
1576471176 133.13
1576471177 92.107
1576471177 92.107
1576471178 135.232
1576471179 154.595
1576471180 156.387
1576471181 125.301
1576471182 125.301
1576471182 131.553
1576471185 24.79
1576471185 24.79
1576471187 15.741
1576471187 15.741
1576471188 16.826
1576471189 16.262
1576471190 16.407
1576471191 13.532
1576471193 13.896
1576471194 17.295
1576471194 17.295
1576471195 60.724
1576471196 161.359
1576471197 113.713
1576471200 10.979
1576471201 14.249
1576471203 16.257
1576471204 16.071
1576471205 22.929
1576471206 71.974
1576471206 71.974
1576471207 77.593
1576471208 70.537
1576471209 62.557
1576471210 40.615
1576471211 40.615
1576471216 17.814
1576471217 17.814
1576471217 17.983
1576471218 17.143
1576471219 18.556
1576471221 12.899
1576471222 18.548
1576471223 20.275
1576471223 20.275
1576471224 18.765
1576471225 18.692
1576471229 25.025
1576471229 25.025
1576471230 23.834
1576471231 24.853
1576471232 24.172
1576471233 25.575
1576471234 25.575
1576471234 25.55
1576471235 20.904
1576471236 22.216
1576471238 23.701
1576471240 12.514
1576471240 12.514
1576471242 20.86
1576471243 29.689
1576471244 10.073
1576471245 16.415
1576471246 16.415
1576471247 23.361
1576471248 21.98
1576471249 22.517
1576471250 22.362
1576471251 23.302
1576471257 18.17
1576471258 22.838
1576471259 19.18
1576471260 15.958
1576471261 20.858
1576471262 17.478
1576471263 20.03
1576471265 21.092
1576471266 21.822
1576471270 23.991
1576471271 26.637
1576471272 23.706
1576471274 16.78
1576471275 23.171
1576471276 22.825
1576471277 20.737
1576471278 19.739
1576471279 20.525
1576471280 18.279
1576471284 16.948
1576471285 22.721
1576471286 22.038
1576471287 20.567
1576471288 24.769
1576471289 19.93
1576471291 18.139
1576471292 21.961
1576471293 45.547
1576471294 88.521
1576471295 81.417
1576471297 12.846
1576471298 27.236
1576471300 25.108
1576471301 24.717
1576471302 26.114
1576471303 25.186
1576471304 22.92
1576471305 23.351
1576471306 30.731
1576471308 26.993
1576471312 25.788
1576471313 23.065
1576471314 26.135
1576471315 29.988
1576471317 25.734
1576471318 25.011
1576471319 28.685
1576471320 25.04
1576471321 20.953
1576471322 24.841
1576471323 11.858
1576471326 21.55
1576471327 19.536
1576471328 125.964
1576471329 150.178
1576471330 259.593
1576471331 262.06
1576471332 242.514
1576471333 226.696
1576471334 108.486
1576471337 61.357
1576471340 22.787
1576471341 22.021
1576471342 23.057
1576471343 88.042
1576471345 98.117
1576471346 29.438
1576471347 28.796
1576471348 38.611
1576471349 46.664
1576471354 16.971
1576471355 19.099
1576471356 20.844
1576471357 61.971
1576471358 247.063
1576471359 276.859
1576471360 340.427
1576471361 294.462
1576471362 303.771
1576471363 117.534
1576471365 105.362
1576471368 23.836
1576471369 24.511
1576471370 22.183
1576471371 23.296
1576471372 21.098
1576471374 18.61
1576471375 21.349
1576471376 20.095
1576471377 22.036
1576471381 66.961
1576471383 99.302
1576471384 72.115
1576471385 130.209
1576471386 151.774
1576471387 135.172
1576471388 146.257
1576471389 167.677
1576471390 158.575
1576471393 51.281
1576471395 16.281
1576471396 24.659
1576471397 22.825
1576471398 22.871
1576471399 24.042
1576471401 23.778
1576471402 22.545
1576471403 23.959
1576471404 24.719
1576471405 23.209
1576471406 24.107
1576471410 21.353
1576471411 18.922
1576471412 23.568
1576471413 22.262
1576471414 23.057
1576471415 21.832
1576471416 21.775
1576471417 22.441
1576471419 19.986
1576471423 71.476
1576471424 159.769
1576471425 111.694
1576471426 147.752
1576471428 101.743
1576471429 129.15
1576471430 69.107
1576471431 62.553
1576471432 75.093
1576471433 79.179
1576471434 41.839
1576471437 14.195
1576471438 18.842
1576471439 20.042
1576471440 18.9
1576471441 19.406
1576471442 18.844
1576471443 20.067
1576471444 23.72
1576471446 59.278
1576471447 64.723
1576471448 106.595
1576471450 13.041
1576471451 103.411
1576471452 129.45
1576471454 140.68
1576471455 111.661
1576471456 112.755
1576471457 142.109
1576471458 165.863
1576471459 164.354
1576471460 80.965
1576471462 159.146
1576471462 38.745
1576471463 38.745
1576471465 78.63
1576471466 105.529
1576471467 87.984
1576471468 100.511
1576471469 99.939
1576471470 108.541
1576471471 155.319
1576471472 325.545
1576471474 281.284
1576471476 75.446
1576471478 10.913
1576471480 22.334
1576471481 54.279
1576471482 189.246
1576471484 302.671
1576471485 260.55
1576471486 191.382
1576471487 215.458
1576471488 212.929
1576471489 220.266
1576471490 73.735
1576471491 73.735
1576471492 25.491
1576471493 69.935
1576471495 64.022
1576471496 75.759
1576471497 59.621
1576471498 64.971
1576471499 62.838
1576471500 59.894
1576471501 58.404
1576471502 63.76
1576471504 37.621
1576471506 12.01
1576471507 19.685
1576471508 20.271
1576471509 51.445
1576471510 93.89
1576471511 86.599
1576471513 77.663
1576471513 77.663
1576471514 87.718
1576471515 162.36
1576471516 165.274
1576471522 12.688
1576471522 12.688
1576471523 15.374
1576471524 16.597
1576471525 18.077
1576471526 18.047
1576471527 18.58
1576471528 18.501
1576471529 17.808
1576471531 16.944
1576471534 15.873
1576471535 18.704
1576471536 18.557
1576471537 19.02
1576471538 18.158
1576471540 16.806
1576471541 20.043
1576471542 58.375
1576471543 59.412
1576471544 60.197
1576471545 36.729
1576471547 10.338
1576471549 15.197
1576471550 16.23
1576471551 15.415
1576471552 16.763
1576471553 16.609
1576471554 28.992
1576471555 43.091
1576471556 42.72
1576471557 30.967
1576471559 44.412
1576471562 15.074
1576471563 41.74
1576471564 29.42
1576471565 28.882
1576471566 37.534
1576471568 28.566
1576471569 26.149
1576471570 35.165
1576471571 35.315
1576471573 17.881
1576471575 20.67
1576471577 24.456
1576471578 52.051
1576471579 30.412
1576471580 44.516
1576471581 52.572
1576471582 51.504
1576471583 35.596
1576471584 43.455
1576471587 30.551
1576471590 15.281
1576471591 14.995
1576471592 15.613
1576471593 13.081
1576471594 17.786
1576471596 38.34
1576471597 20.3
1576471598 27.012
1576471599 19.105
1576471619 10.198
1576471620 18.368
1576471621 31.775
1576471623 36.333
1576471624 49.165
1576471625 51.493
1576471626 63.628
1576471627 61.09
1576471628 43.559
1576471632 12.451
1576471633 10.126
1576471634 10.115
1576471636 19.43
1576471637 16.099
1576471638 16.427
1576471639 15.136
1576471640 22.177
1576471646 13.795
1576471647 17.037
1576471648 22.866
1576471649 19.263
1576471651 14.465
1576471652 18.21
1576471653 17.079
1576471654 10.795
1576471655 16.537
1576471656 16.609
1576471663 14.48
1576471664 23.035
1576471665 25.661
1576471666 34.251
1576471667 35.379
1576471669 52.175
1576471670 57.533
1576471673 22.782
1576471674 19.308
1576471675 25.281
1576471676 24.29
1576471678 21.021
1576471679 22.274
1576471680 22.641
1576471681 117.479
1576471682 231.378
1576471682 231.378
1576471683 181.598
1576471684 95.964
1576471685 95.964
1576471687 185.359
1576471688 292.128
1576471689 270.035
1576471690 353.379
1576471691 351.217
1576471692 99.02
1576471693 78.52
1576471695 279.716
1576471696 196.121
1576471698 12.833
1576471699 12.833
1576471701 257.063
1576471702 199.291
1576471703 223.495
1576471703 223.495
1576471704 308.447
1576471705 230.652
1576471706 197.69
1576471707 244.6
1576471708 97.715
1576471709 102.268
1576471710 206.417
1576471711 141.503
1576471714 10.345
1576471715 87.487
1576471716 108.796
1576471717 96.127
1576471718 82.48
1576471719 83.862
1576471720 48.183
1576471721 48.183
1576471722 73.638
1576471723 61.582
1576471724 46.28
1576471726 14.727
1576471727 14.727
1576471728 17.154
1576471729 17.363
1576471731 18.032
1576471732 17.062
1576471733 16.29
1576471734 18.41
1576471735 18.269
1576471736 18.176
1576471737 17.703
1576471739 19.031
1576471742 13.229
1576471743 13.041
1576471744 13.017
1576471745 13.161
1576471747 13.083
1576471748 14.742
1576471749 11.183
1576471750 14.803
1576471751 18.04
1576471752 16.696
1576471756 10.461
1576471757 15.009
1576471758 13.493
1576471759 12.023
1576471760 15.162
1576471761 13.347
1576471763 25.957
1576471764 78.349
1576471765 58.589
1576471766 73.166
1576471767 49.531
1576471770 37.713
1576471771 67.399
1576471773 16.189
