1574751776 11.256
1574751777 13.946
1574751778 12.408
1574751779 13.777
1574751780 11.297
1574751782 13.324
1574751793 11.768
1574751794 13.922
1574751795 12.629
1574751796 11.842
1574751798 16.473
1574751799 14.448
1574751800 18.178
1574751801 16.397
1574751802 15.147
1574751803 11.007
1574751807 11.633
1574751808 12.596
1574751954 15.207
1574751955 17.777
1574752092 13.663
1574752166 21.357
1574752346 13.938
1574752443 17.336
1574752444 13.29
1574752823 22.521
1574752823 22.521
1574753012 33.222
1574753106 22.705
1574753152 20.663
1574753198 14.611
1574753199 18.893
1574753245 31.901
1574753290 20.976
1574753451 14.525
1574753452 12.444
1574753559 31.732
1574753604 10.716
1574753605 15.534
1574753652 22.409
1574753698 31.223
1574753918 20.789
1574753965 27.288
1574754011 22.76
1574754121 10.371
1574754122 15.358
1574754170 24.926
1574754224 28.097
1574754270 26.269
1574754316 23.19
1574754362 28.166
1574754407 34.942
1574754453 14.502
1574754498 17.136
1574754545 22.799
1574754590 31.452
1574754635 30.876
1574754682 10.018
1574754730 33.62
1574755187 14.681
1574755232 17.778
1574755304 20.15
1574755370 20.571
1574755371 19.191
1574755371 19.191
1574755373 17.136
1574755374 23.07
1574755375 34.97
1574755376 12.635
1574755378 18.294
1574755379 14.63
1574755380 10.855
1574755381 14.747
1574755381 14.747
1574755382 15.383
1574755428 13.187
1574755476 10.976
1574755477 16.895
1574755523 23.417
1574755569 18.996
1574755571 12.346
1574755607 22.643
