1581577328 10.935
1581577329 58.15
1581577330 76.065
1581577331 75.617
1581577333 88.352
1581577334 80.987
1581577335 91.754
1581577336 125.602
1581577337 95.524
1581577338 112.916
1581577340 44.061
1581577341 44.061
1581577342 20.574
1581577343 19.411
1581577344 20.303
1581577346 48.966
1581577347 106.362
1581577348 98.75
1581577349 116.546
1581577350 113.447
1581577351 103.654
1581577354 27.246
1581577355 27.246
1581577356 77.306
1581577357 81.317
1581577358 104.605
1581577360 116.78
1581577361 86.135
1581577362 86.076
1581577363 80.913
1581577364 97.397
1581577365 121.257
1581577368 36.267
1581577370 50.649
1581577371 124.658
1581577372 132.155
1581577374 102.761
1581577375 76.329
1581577376 98.931
1581577377 125.444
1581577378 126.27
1581577379 88.433
1581577382 124.583
1581577385 68.167
1581577386 207.862
1581577388 233.202
1581577389 201.576
1581577390 70.82
1581577391 143.672
1581577392 47.896
1581577393 97.867
1581577396 103.652
1581577398 13.533
1581577399 117.267
1581577400 66.504
1581577402 63.866
1581577403 34.908
1581577404 59.981
1581577405 42.592
1581577406 64.025
1581577407 79.67
1581577410 79.12
1581577412 11.714
1581577413 18.517
1581577414 19.84
1581577416 18.5
1581577417 14.664
1581577418 39.184
1581577419 60.948
1581577420 108.843
1581577422 110.704
1581577424 116.346
1581577427 15.889
1581577428 16.743
1581577430 110.295
1581577431 206.113
1581577432 256.54
1581577433 256.54
1581577433 264.295
1581577434 263.557
1581577435 222.037
1581577436 122.398
1581577438 124.509
1581577440 107.877
1581577441 259.996
1581577442 268.116
1581577443 223.726
1581577444 223.726
1581577444 247.07
1581577445 265.279
1581577446 249.174
1581577448 250.523
1581577449 273.659
1581577450 238.104
1581577451 273.746
1581577452 68.073
1581577453 68.073
1581577454 22.194
1581577456 22.445
1581577457 22.446
1581577458 23.431
1581577459 23.431
1581577459 33.153
1581577460 90.937
1581577461 117.549
1581577463 78.396
1581577464 77.822
1581577466 47.312
1581577468 11.795
1581577469 18.93
1581577471 35.653
1581577472 32.772
1581577473 32.772
1581577473 37.567
1581577474 60.782
1581577475 64.021
1581577476 61.194
1581577478 77.898
1581577480 30.347
1581577482 33.764
1581577484 52.544
1581577485 52.96
1581577486 56.319
1581577487 54.68
1581577488 54.155
1581577490 166.644
1581577491 219.644
1581577492 281.586
1581577493 279.898
1581577494 59.316
1581577495 59.316
1581577496 30.382
1581577498 31.134
1581577499 32.251
1581577500 31.102
1581577501 17.494
1581577502 26.492
1581577504 138.51
1581577505 212.426
1581577506 270.643
1581577508 19.978
1581577509 19.978
1581577509 19.978
1581577510 17.733
1581577512 17.857
1581577513 18.388
1581577514 18.17
1581577515 18.164
1581577516 18.164
1581577516 89.232
1581577517 132.745
1581577519 186.284
1581577520 82.872
1581577521 139.937
1581577524 20.213
1581577526 34.699
1581577527 49.516
1581577528 56.625
1581577529 63.872
1581577530 72.747
1581577531 80.471
1581577532 80.471
1581577533 88.313
1581577534 97.076
1581577535 82.243
1581577538 36.358
1581577539 178.905
1581577540 180.819
1581577541 180.512
1581577542 165.506
1581577543 177.041
1581577545 175.756
1581577546 179.842
1581577547 180.204
1581577549 68.789
1581577552 17.287
1581577553 20.046
1581577554 19.868
1581577555 20.419
1581577556 20.856
1581577557 21.067
1581577559 11.18
1581577561 16.838
1581577562 18.484
1581577566 30.426
1581577567 32.334
1581577567 32.334
1581577568 30.238
1581577569 31.101
1581577570 66.948
1581577571 145.536
1581577573 112.153
1581577575 58.43
1581577577 21.611
1581577578 21.611
1581577581 16.502
1581577582 12.219
1581577582 12.219
1581577590 22.192
1581577594 25.049
1581577595 23.803
1581577596 24.562
1581577597 24.701
1581577599 24.895
1581577600 25.045
1581577601 24.003
1581577602 24.631
1581577603 23.703
1581577605 18.389
1581577607 71.962
1581577608 87.737
1581577609 89.478
1581577610 77.273
1581577612 325.551
1581577613 291.419
1581577614 251.917
1581577615 190.059
1581577616 211.864
1581577617 225.41
1581577618 127.061
1581577621 106.632
1581577622 288.126
1581577623 284.946
1581577624 254.49
1581577625 263.081
1581577626 267.502
1581577627 272.153
1581577628 260.455
1581577630 247.537
1581577631 228.888
1581577632 243.198
1581577635 23.757
1581577637 23.046
1581577638 23.059
1581577639 23.081
1581577640 23.056
1581577641 22.742
1581577643 23.035
1581577644 22.457
1581577646 16.003
1581577648 15.518
1581577650 20.509
1581577651 57.577
1581577652 129.321
1581577653 205.588
1581577654 187.296
1581577655 246.668
1581577656 228.658
1581577658 228.336
1581577660 162.366
1581577662 13.302
1581577663 15.663
1581577665 45.924
1581577665 45.924
1581577666 113.929
1581577667 99.325
1581577668 168.088
1581577669 126.657
1581577670 96.252
1581577671 104.341
1581577674 61.946
1581577674 61.946
1581577676 16.038
1581577677 84.794
1581577679 114.743
1581577680 184.466
1581577681 111.354
1581577682 188.081
1581577683 188.081
1581577683 113.887
1581577684 126.952
1581577685 160.519
1581577687 120.587
1581577688 80.894
1581577690 10.692
1581577691 30.02
1581577693 30.994
1581577694 280.679
1581577695 255.498
1581577696 240.999
1581577697 202.742
1581577698 204.677
1581577699 211.739
1581577700 222.128
1581577702 157.316
1581577704 36.289
1581577705 229.699
1581577706 158.988
1581577707 148.671
1581577709 153.462
1581577710 162.915
1581577711 162.842
1581577712 163.381
1581577713 171.014
1581577714 175.515
1581577716 126.159
1581577718 26.199
1581577719 156.762
1581577720 160.049
1581577722 200.118
1581577723 203.481
1581577724 214.632
1581577725 220.397
1581577726 210.974
1581577727 181.015
1581577728 180.978
1581577730 151.917
1581577732 175.918
1581577733 104.499
1581577734 208.059
1581577735 234.018
1581577736 223.571
1581577737 223.571
1581577738 266.95
1581577739 209.239
1581577740 173.207
1581577741 181.891
1581577742 173.143
1581577743 141.731
1581577746 15.566
1581577747 37.182
1581577748 79.486
1581577749 326.246
1581577750 272.86
1581577751 207.147
1581577753 185.741
1581577754 201.248
1581577755 190.138
1581577756 205.115
1581577757 135.398
1581577759 38.668
1581577761 236.596
1581577762 185.9
1581577763 203.052
1581577764 213.692
1581577765 202.793
1581577766 128.197
1581577767 209.327
1581577769 205.845
1581577771 216.027
1581577771 189.744
1581577773 95.615
1581577774 278.597
1581577775 294.235
1581577776 230.699
1581577778 253.3
1581577779 257.3
1581577780 256.613
1581577781 267.665
1581577782 270.561
1581577783 209.968
1581577785 24.042
1581577786 24.042
1581577788 219.114
1581577789 240.403
1581577790 253.832
1581577791 267.388
1581577792 200.7
1581577793 255.163
1581577795 256.53
1581577796 238.271
1581577799 57.331
1581577800 57.331
1581577801 13.07
1581577803 12.992
1581577804 12.49
1581577805 12.17
1581577806 11.935
1581577807 24.022
1581577808 42.626
1581577810 100.231
1581577811 266.556
1581577813 37.79
1581577814 37.79
1581577815 20.751
1581577816 20.751
1581577816 19.599
1581577818 19.859
1581577819 19.077
1581577820 19.59
1581577821 21.022
1581577822 19.571
1581577824 20.511
1581577825 19.938
1581577826 18.887
1581577830 17.539
1581577831 17.594
1581577832 19.243
1581577833 12.004
1581577834 14.153
1581577835 16.357
1581577837 15.496
1581577837 15.496
1581577838 14.504
1581577839 11.792
1581577853 16.057
1581577854 17.305
1581577857 56.631
1581577859 85.049
1581577859 85.049
1581577860 121.418
1581577861 64.259
1581577862 72.878
1581577863 56.847
1581577864 53.425
1581577866 51.228
1581577866 51.228
1581577868 75.644
1581577868 45.404
1581577871 10.819
1581577874 13.171
1581577875 12.669
1581577876 11.498
1581577877 12.795
1581577878 12.182
1581577879 10.832
1581577882 11.994
1581578204 52.61
1581578205 52.61
1581578210 11.698
1581578211 232.988
1581578213 238.967
1581578214 234.503
1581578216 68.36
1581578217 68.36
1581578283 42.94
1581578285 49.465
1581578285 35.729
1581578287 26.733
1581578289 32.159
1581578290 30.68
1581578291 143.845
1581578292 143.845
1581578292 197.804
1581578293 189.85
1581578294 201.712
1581578295 217.859
1581578297 198.582
1581578298 170.493
1581578299 112.983
1581578299 112.983
1581578301 25.978
1581578302 25.412
1581578304 58.523
1581578305 210.38
1581578306 238.767
1581578307 219.951
1581578308 235.213
1581578309 235.213
1581578309 243.501
1581578310 237.748
1581578311 222.277
1581578313 159.615
1581578315 13.88
1581578316 108.383
1581578317 312.386
1581578318 402.783
1581578319 261.128
1581578320 361.225
1581578322 304.817
1581578323 304.802
1581578324 305.746
1581578325 314.093
1581578326 258.906
1581578327 258.906
1581578328 68.061
1581578329 258.632
1581578330 319.403
1581578332 258.825
1581578333 101.639
1581578334 168.916
1581578335 181.618
1581578336 319.61
1581578337 321.551
1581578338 305.642
1581578339 339.409
1581578341 48.249
1581578341 48.249
1581578343 13.036
1581578344 121.683
1581578345 290.171
1581578346 340.489
1581578347 324.474
1581578349 226.463
1581578350 210.387
1581578351 261.31
1581578352 72.681
1581578354 71.003
1581578355 71.003
1581578357 31.075
1581578358 32.137
1581578359 28.766
1581578360 30.283
1581578361 29.19
1581578363 171.96
1581578364 151.185
1581578365 119.46
1581578366 126.934
1581578367 126.934
1581578368 10.416
1581578369 10.416
1581578426 37.194
1581578427 15.538
1581578440 166.438
1581578441 166.438
1581578441 218.987
1581578443 139.459
1581578444 267.705
1581578445 343.426
1581578446 352.34
1581578447 341.375
1581578448 362.89
1581578449 358.397
1581578450 373.519
1581578452 170.113
1581578453 170.113
1581578454 325.668
1581578455 386.462
1581578456 368.53
1581578457 368.53
1581578457 358.745
1581578458 348.097
1581578459 367.051
1581578461 369.581
1581578462 367.234
1581578463 359.35
1581578464 305.093
1581578465 266.277
1581578467 23.289
1581578468 117.569
1581578470 78.293
1581578471 178.653
1581578472 192.356
1581578473 194.59
1581578474 204.195
1581578475 202.686
1581578476 202.757
1581578478 206.553
1581578478 206.553
1581578479 171.518
1581578481 13.271
1581578482 33.052
1581578483 174.262
1581578485 294.157
1581578486 307.639
1581578487 313.3
1581578488 301.117
1581578489 306.202
1581578490 317.433
1581578491 311.737
1581578492 311.737
1581578492 291.645
1581578492 291.645
1581578493 29.183
1581578494 29.183
1581578496 16.934
1581578497 17.836
1581578498 20.82
1581578499 20.917
1581578501 21.739
1581578502 21.734
1581578503 19.997
1581578504 19.278
1581578505 19.715
1581578506 17.215
1581578510 16.909
1581578511 18.152
1581578512 16.612
1581578513 17.462
1581578515 16.188
1581578516 17.284
1581578517 16.649
1581578518 54.253
1581578519 50.557
1581578521 32.872
1581578523 16.305
1581578524 17.988
1581578525 19.734
1581578526 19.409
1581578528 20.284
1581578529 17.165
1581578530 16.13
1581578531 18.974
1581578532 17.989
1581578533 18.707
1581578541 18.958
1581578542 57.045
1581578543 75.505
1581578544 75.742
1581578545 181.091
1581578547 214.622
1581578549 15.481
1581578549 15.481
1581578551 23.015
1581578552 22.031
1581578554 11.908
1581578555 20.668
1581578556 22.419
1581578557 21.646
1581578558 16.971
1581578559 13.224
1581578562 12.725
1581578565 12.548
1581578580 12.947
1581578581 12.115
1581578582 10.726
1581578583 11.115
1581578585 10.489
1581578586 11.408
1581578587 12.327
1581578588 14.179
1581578593 15.801
1581578594 12.1
1581578595 27.124
1581578596 30.641
1581578597 16.448
1581578599 22.282
1581578600 28.008
1581578601 23.371
1581578602 30.915
1581578607 14.872
1581578608 37.054
1581578609 49.16
1581578610 50.041
1581578611 56.232
1581578613 52.221
1581578614 45.786
1581578615 31.83
1581578616 49.048
1581578617 36.418
1581578621 25.687
1581578622 23.824
1581578623 32.541
1581578624 39.348
1581578625 38.261
1581578626 36.812
1581578627 40.214
1581578629 42.63
1581578630 45.572
1581578634 21.952
1581578636 55.774
1581578637 59.032
1581578637 59.032
1581578638 66.088
1581578639 44.252
1581578640 24.015
1581578641 46.345
1581578642 53.537
1581578644 35.168
1581578648 11.983
1581578649 27.756
1581578653 28.877
1581578654 56.474
1581578655 41.92
1581578656 71.177
1581578657 54.668
1581578663 13.27
1581578664 19.494
1581578666 20.07
1581578667 31.703
1581578668 21.565
1581578669 31.16
1581578670 37.62
1581578671 43.338
1581578673 48.23
1581578676 10.34
1581578677 24.941
1581578678 28.607
1581578679 35.044
1581578681 24.741
1581578682 32.53
1581578683 23.859
1581578684 29.817
1581578686 19.811
1581578698 11.643
1581578699 14.757
1581578700 13.567
1581578703 18.31
1581578704 23.973
1581578705 34.333
1581578706 23.7
1581578707 24.024
1581578708 25.753
1581578710 21.511
1581578711 14.831
1581578712 12.147
1581578713 19.157
1581578714 14.595
1581578718 15.953
1581578719 28.268
1581578720 14.921
1581578721 15.597
1581578722 14.05
1581578724 14.906
1581578725 24.865
1581578726 27.283
1581578727 21.366
1581578728 29.308
1581578734 19.145
1581578735 41.944
1581578736 41.944
1581578736 24.4
1581578737 19.568
1581578738 20.381
1581578740 31.285
1581578741 31.808
1581578745 11.949
1581578748 14.111
1581578750 14.662
1581578751 22.48
1581578752 17.032
1581578754 19.967
1581578754 19.967
1581578755 22.671
1581578759 11.262
1581578875 10.289
1581578876 10.4
1581578885 10.677
1581578887 10.927
1581578888 12.072
1581578889 10.151
1581578891 11.623
1581578896 13.093
1581578907 10.029
1581578909 11.393
1581578910 11.462
1581578915 11.866
1581578916 10.051
1581578921 11.412
1581578923 10.273
1581578924 10.054
1581578992 11.046
1581579000 10.465
1581579013 10.724
1581579014 11.697
1581579015 10.715
1581579016 10.733
1581579062 11.918
1581579197 10.2
1581579213 10.032
1581579217 11.466
1581579218 18.281
1581579219 13.476
1581579220 13.476
1581579221 18.474
1581579222 22.338
1581579224 22.347
1581579225 23.612
1581579226 23.304
1581579227 23.698
1581579228 49.707
1581579230 169.928
1581579231 160.686
1581579233 81.458
1581579235 22.373
1581579237 12.009
1581579238 19.756
1581579239 22.608
1581579240 21.921
1581579241 21.921
1581579241 21.996
1581579243 22.12
1581579244 20.406
1581579245 22.341
1581579250 18.459
1581579251 20.492
1581579252 21.083
1581579253 21.244
1581579254 21.679
1581579256 25.72
1581579257 111.976
1581579258 118.418
1581579259 128.144
1581579260 114.76
1581579262 11.97
1581579264 27.582
1581579264 27.582
1581579265 77.775
1581579266 185.308
1581579267 259.679
1581579268 265.269
1581579269 232.883
1581579270 285.648
1581579272 242.691
1581579273 249.421
1581579275 47.026
1581579276 47.026
1581579277 56.637
1581579278 31.245
1581579281 15.091
1581579284 18.604
1581579286 26.386
1581579287 35.54
1581579288 40.631
1581579291 45.0
1581579293 76.339
1581579294 206.716
1581579295 335.777
1581579296 295.681
1581579298 38.605
1581579300 100.233
1581579301 69.619
1581579302 116.392
1581579303 15.514
1581579303 15.514
1581579304 34.289
1581579305 100.666
1581579307 112.967
1581579307 112.967
1581579308 131.348
1581579309 129.752
1581579310 100.628
1581579311 114.393
1581579312 135.879
1581579314 108.155
1581579316 70.746
1581579318 22.067
1581579319 116.031
1581579321 105.623
1581579322 115.003
1581579323 110.832
1581579324 136.737
1581579325 126.292
1581579327 133.265
1581579328 143.305
1581579330 62.098
1581579332 115.844
1581579334 145.495
1581579335 130.691
1581579336 123.615
1581579337 133.518
1581579338 157.697
1581579340 122.899
1581579341 118.083
1581579342 128.921
1581579344 11.256
1581579345 11.256
1581579346 12.793
1581579347 108.852
1581579348 105.816
1581579349 109.953
1581579350 132.158
1581579351 127.196
1581579353 111.455
1581579354 108.443
1581579355 137.738
1581579356 143.488
1581579357 102.459
1581579359 14.407
1581579359 14.407
1581579360 67.075
1581579361 108.444
1581579362 120.042
1581579363 111.026
1581579364 125.961
1581579366 120.653
1581579367 103.026
1581579368 114.211
1581579369 101.017
1581579370 115.931
1581579372 103.227
1581579374 19.116
1581579375 22.996
1581579376 23.599
1581579378 21.23
1581579379 21.292
1581579380 23.849
1581579381 22.563
1581579382 21.889
1581579383 24.011
1581579386 52.297
1581579387 52.297
1581579388 109.337
1581579389 112.295
1581579390 125.542
1581579392 112.88
1581579393 108.014
1581579394 99.487
1581579395 112.291
1581579396 120.514
1581579398 102.283
1581579399 108.771
1581579402 19.965
1581579439 36.419
1581579441 29.207
1581579442 29.207
1581579444 22.082
1581579445 20.404
1581579446 22.188
1581579447 22.978
1581579449 23.127
1581579450 106.515
1581579451 117.753
1581579452 111.316
1581579453 119.412
1581579454 96.013
1581579458 25.686
1581579459 26.555
1581579460 26.555
1581579460 24.96
1581579461 26.258
1581579463 22.18
1581579464 22.353
1581579465 21.867
1581579466 21.567
1581579467 19.989
1581579469 16.504
1581579471 19.633
1581579472 26.586
1581579473 26.898
1581579474 27.994
1581579476 30.238
1581579477 44.143
1581579478 26.936
1581579479 28.072
1581579480 29.052
1581579485 25.639
1581579486 25.708
1581579487 28.557
1581579489 28.192
1581579490 28.46
1581579491 27.866
1581579492 26.422
1581579493 28.135
1581579495 26.933
1581579499 27.489
1581579500 27.01
1581579502 26.869
1581579503 27.749
1581579504 28.644
1581579505 86.462
1581579506 98.954
1581579508 97.855
1581579509 101.659
1581579510 102.239
1581579511 10.192
1581579511 10.192
1581579513 23.879
1581579515 22.929
1581579516 95.339
1581579517 110.509
1581579518 92.197
1581579519 113.116
1581579520 111.905
1581579522 106.231
1581579523 114.885
1581579524 102.913
1581579526 12.93
1581579527 18.579
1581579529 20.192
1581579530 19.005
1581579531 19.855
1581579532 19.017
1581579533 20.013
1581579535 19.647
1581579536 18.899
1581579537 63.42
1581579538 42.105
1581579540 17.424
1581579542 20.651
1581579543 19.992
1581579544 18.286
1581579545 19.477
1581579546 19.146
1581579548 20.042
1581579549 18.426
1581579550 19.687
1581579555 26.042
1581579556 24.697
1581579557 83.651
1581579558 87.991
1581579559 100.233
1581579561 99.708
1581579562 98.956
1581579563 110.623
1581579564 129.198
1581579565 110.849
1581579569 21.264
1581579570 20.502
1581579571 20.64
1581579573 64.129
1581579574 115.845
1581579575 117.539
1581579576 107.05
1581579577 96.699
1581579578 104.189
1581579580 100.993
1581579582 22.165
1581579583 22.745
1581579584 23.098
1581579586 24.323
1581579587 22.444
1581579588 22.156
1581579589 109.742
1581579590 118.945
1581579592 121.019
1581579596 17.955
1581579598 17.745
1581579599 18.939
1581579600 18.463
1581579601 60.281
1581579602 72.73
1581579603 70.858
1581579605 79.808
1581579606 76.765
1581579607 69.561
1581579609 11.222
1581579611 16.794
1581579612 18.812
1581579613 17.941
1581579614 17.916
1581579615 16.732
1581579616 29.317
1581579617 29.317
1581579618 34.705
1581579675 69.741
1581579677 201.938
1581579677 77.432
1581579681 15.395
1581579682 23.52
1581579683 25.483
1581579684 23.787
1581579685 22.872
1581579686 23.985
1581579688 24.187
1581579689 24.34
1581579689 24.34
1581579690 24.012
1581579694 22.899
1581579696 22.496
1581579697 23.148
1581579698 23.786
1581579699 23.786
1581579699 23.384
1581579700 64.617
1581579701 136.781
1581579703 118.817
1581579704 117.942
1581579705 127.317
1581579706 127.317
1581579708 140.242
1581579710 341.44
1581579711 357.409
1581579712 251.371
1581579713 251.371
1581579713 201.31
1581579714 368.617
1581579715 417.213
1581579716 346.585
1581579717 334.941
1581579718 311.594
1581579720 95.005
1581579720 95.005
1581579722 39.054
1581579722 39.054
1581579723 107.444
1581579724 119.158
1581579725 123.726
1581579727 126.639
1581579728 122.065
1581579729 121.889
1581579730 126.384
1581579731 124.115
1581579732 127.912
1581579736 23.09
1581579737 20.766
1581579738 21.932
1581579740 21.503
1581579741 19.914
1581579742 21.771
1581579743 28.246
1581579744 154.911
1581579745 291.043
1581579748 10.196
1581579748 10.196
1581579750 17.878
1581579751 18.972
1581579752 20.583
1581579754 18.983
1581579755 19.887
1581579756 20.791
1581579757 19.712
1581579758 19.823
1581579759 20.245
1581579761 17.522
1581579763 14.17
1581579764 30.375
1581579765 32.296
1581579767 30.135
1581579768 31.265
1581579769 28.953
1581579770 28.626
1581579771 30.346
1581579772 27.641
1581579775 16.837
1581579777 26.343
1581579778 27.615
1581579780 65.192
1581579781 151.75
1581579782 156.306
1581579783 154.664
1581579784 149.721
1581579785 159.542
1581579787 160.59
1581579789 34.455
1581579791 28.245
1581579792 38.485
1581579794 290.352
1581579795 386.209
1581579796 397.391
1581579797 343.359
1581579798 261.243
1581579799 297.321
1581579800 295.387
1581579801 272.07
1581579802 261.244
1581579803 261.244
1581579805 16.27
1581579806 22.041
1581579807 121.513
1581579808 51.969
1581579810 103.296
1581579811 144.48
1581579812 144.48
1581579812 143.493
1581579813 144.993
1581579814 157.485
1581579815 146.736
1581579817 95.573
1581579818 95.573
1581579819 19.403
1581579820 20.33
1581579821 17.98
1581579822 19.32
1581579824 21.831
1581579825 21.04
1581579826 20.458
1581579827 21.852
1581579828 70.294
1581579829 138.912
1581579831 29.135
1581579831 29.135
1581579833 84.874
1581579834 155.073
1581579835 187.589
1581579836 190.603
1581579838 161.296
1581579839 159.256
1581579840 147.85
1581579841 37.857
1581579856 18.819
1581579857 18.819
1581579858 21.916
1581580144 44.727
1581580146 52.548
1581580147 52.405
1581580148 57.673
1581580149 57.673
1581580149 60.324
1581580150 61.417
1581580152 31.988
1581580154 25.769
1581580155 125.671
1581580156 154.425
1581580157 154.425
1581580157 155.343
1581580158 160.863
1581580160 159.776
1581580161 157.42
1581580162 139.468
1581580163 148.262
1581580164 150.126
1581580165 77.017
1581580166 77.017
1581580168 23.504
1581580169 30.951
1581580170 36.354
1581580171 45.601
1581580172 53.792
1581580174 57.039
1581580175 64.132
1581580176 64.132
1581580176 66.075
1581580177 11.323
1581580178 12.745
1581580182 158.269
1581580183 129.056
1581580184 129.056
1581580184 144.185
1581580185 129.113
1581580187 132.854
1581580188 139.358
1581580189 137.667
1581580190 142.583
1581580191 131.555
1581580193 132.838
1581580194 15.865
1581580194 15.865
1581580196 137.878
1581580197 157.951
1581580198 155.835
1581580199 157.876
1581580200 160.557
1581580202 151.356
1581580202 151.356
1581580203 160.681
1581580204 156.403
1581580205 164.363
1581580210 51.349
1581580210 51.349
1581580211 146.887
1581580212 160.071
1581580213 159.686
1581580214 133.577
1581580215 147.547
1581580217 124.817
1581580218 121.569
1581580218 121.569
1581580219 126.321
1581580221 27.516
1581580222 27.516
1581580224 36.245
1581580225 122.191
1581580225 122.191
1581580226 159.134
1581580227 153.162
1581580228 120.869
1581580229 149.351
1581580231 166.327
1581580232 156.296
1581580235 24.435
1581580237 11.276
1581580239 32.965
1581580240 121.37
1581580241 121.37
1581580241 145.273
1581580242 122.665
1581580243 75.573
1581580254 15.204
1581580255 12.309
1581580256 12.309
1581580274 10.395
1581580284 12.986
1581580289 10.298
1581580294 12.294
1581580307 11.358
1581580308 11.345
1581580314 14.63
1581580321 10.919
1581580324 10.171
1581580358 10.548
1581580370 10.037
1581580370 10.037
1581580371 14.822
1581580373 14.293
1581580373 14.293
1581580386 12.427
1581580391 11.137
1581580393 14.148
1581580395 17.596
1581580396 16.582
1581580397 11.293
1581580398 10.207
1581580399 10.207
1581580399 10.414
1581580404 17.468
1581580405 22.284
1581580406 21.514
1581580408 16.312
1581580409 12.427
1581580412 12.306
1581580414 18.229
1581580418 21.037
1581580419 13.954
1581580420 13.954
1581580422 11.331
1581580423 12.458
1581580424 11.244
1581580428 12.159
1581580432 17.022
1581580438 10.97
1581580440 12.857
1581580441 15.82
1581580442 15.742
1581580443 12.022
1581580449 11.711
1581580450 11.711
1581580451 11.562
1581580452 13.383
1581580455 11.357
1581581095 11.08
