1576539166 16.549
1576539167 19.279
1576539168 17.878
1576539169 18.342
1576539170 10.497
1576539172 14.416
1576539173 17.25
1576539175 17.115
1576539177 10.668
1576539179 10.364
1576539180 16.479
1576539181 15.156
1576539183 10.556
1576539184 10.109
1576539189 12.08
1576539191 12.36
1576539194 12.425
1576539195 13.345
1576539196 10.852
1576539197 12.182
1576539199 16.841
1576539200 17.177
1576539201 16.309
1576539202 21.743
1576539203 26.738
1576539204 20.695
1576539204 20.695
1576539208 20.516
1576539209 28.001
1576539209 28.001
1576539210 30.943
1576539211 22.762
1576539212 24.395
1576539213 28.006
1576539214 26.317
1576539215 33.219
1576539216 23.606
1576539221 13.114
1576539222 15.409
1576539223 16.474
1576539224 14.233
1576539226 14.351
1576539227 10.874
1576539228 15.46
1576539229 14.661
1576539230 16.303
1576539231 12.128
1576539236 12.407
1576539237 11.229
1576539237 11.229
1576539238 11.093
1576539240 10.109
1576539242 10.462
1576539244 10.132
1576539249 16.165
1576539252 14.401
1576539253 17.158
1576539254 16.087
1576539255 14.84
1576539256 15.746
1576539263 16.904
1576539264 16.004
1576539265 16.375
1576539266 15.993
1576539267 17.45
1576539268 11.031
1576539271 13.187
1576539272 15.543
1576539273 16.109
1576539274 12.367
1576539274 12.367
1576539278 18.054
1576539279 19.148
1576539280 17.829
1576539281 14.5
1576539282 10.669
1576539283 15.276
1576539284 11.335
1576539285 11.273
1576539291 14.404
1576539291 14.404
1576539292 10.894
1576539293 15.1
1576539295 10.242
1576539296 14.312
1576539297 14.917
1576539298 13.518
1576539298 13.518
1576539299 12.052
1576539300 12.822
1576539301 18.699
1576539305 13.431
1576539306 16.695
1576539306 16.695
1576539307 12.95
1576539308 12.803
1576539312 10.411
1576539314 10.013
1576539314 10.013
1576539319 17.379
1576539320 14.631
1576539321 15.649
1576539323 17.049
1576539323 17.049
1576539325 14.513
1576539326 12.88
1576539327 10.042
1576539328 11.875
1576539333 13.289
1576539334 11.379
1576539335 11.358
1576539336 12.658
1576539337 17.479
1576539338 19.37
1576539339 21.486
1576539341 17.943
1576539342 15.815
1576539346 11.759
1576539347 14.238
1576539349 13.01
1576539350 15.035
1576539351 12.637
1576539352 10.915
1576539353 15.607
1576539354 23.146
1576539355 29.423
1576539356 15.061
1576539361 13.934
1576539362 11.733
1576539363 14.217
1576539369 11.807
1576539370 12.333
1576539371 11.3
1576539375 14.155
1576539376 13.321
1576539379 14.052
1576539380 19.466
1576539381 19.695
1576539382 19.624
1576539384 22.435
1576539384 22.435
1576539388 17.543
1576539389 19.923
1576539390 23.001
1576539392 16.065
1576539393 11.705
1576539393 11.705
1576539394 10.862
1576539395 12.929
1576539396 18.961
1576539397 12.211
1576539398 13.153
1576539402 11.019
1576539404 10.157
1576539412 13.66
1576539417 13.889
1576539418 11.73
1576539419 11.158
1576539422 11.49
1576539423 11.7
1576539430 10.358
1576539438 10.828
1576539439 15.01
1576539444 11.225
1576539446 10.675
1576539446 10.675
1576539447 11.324
1576539453 12.368
1576539458 17.166
1576539459 12.259
1576539460 10.088
1576539461 10.421
1576539462 11.135
1576539463 16.062
1576539464 18.885
1576539465 18.885
1576539466 16.582
1576539467 13.983
1576539471 15.69
1576539472 19.928
1576539473 19.928
1576539474 26.261
1576539475 20.968
1576539476 22.575
1576539477 18.017
1576539478 17.801
1576539479 11.226
1576539481 12.225
1576539482 12.225
1576539483 13.8
1576539486 16.769
1576539487 15.826
1576539488 10.644
1576539489 10.218
1576539490 14.116
1576539492 20.961
1576539493 18.545
1576539494 24.012
1576539495 16.821
1576539495 16.821
1576539496 18.688
1576539500 15.605
1576539501 13.391
1576539502 15.286
1576539503 16.29
1576539504 17.26
1576539505 16.635
1576539505 16.635
1576539506 14.891
1576539507 12.856
1576539509 15.801
1576539513 17.044
1576539514 17.542
1576539515 17.542
1576539515 17.6
1576539517 16.559
1576539518 17.578
1576539519 17.498
1576539520 16.73
1576539521 16.2
1576539522 17.838
1576539523 17.835
1576539524 10.883
1576539527 12.192
1576539527 12.192
1576539528 18.119
1576539529 18.832
1576539530 20.22
1576539531 19.853
1576539532 17.442
1576539534 18.217
1576539535 18.222
1576539536 17.503
1576539537 16.269
1576539538 17.121
1576539542 18.62
1576539543 53.62
1576539544 60.975
1576539545 60.924
1576539546 60.302
1576539547 57.068
1576539548 56.905
1576539549 60.754
1576539551 56.445
1576539552 60.696
1576539555 19.508
1576539556 72.804
1576539557 120.983
1576539558 123.791
1576539560 149.012
1576539561 156.387
1576539562 173.74
1576539563 175.466
1576539564 154.065
1576539565 156.733
1576539566 122.177
1576539566 122.177
1576539568 13.539
1576539570 20.261
1576539571 16.815
1576539572 19.213
1576539573 57.135
1576539574 119.156
1576539575 124.961
1576539576 111.751
1576539577 110.472
1576539579 116.164
1576539580 119.165
1576539583 15.076
1576539584 13.873
1576539585 15.172
1576539586 15.218
1576539588 11.896
1576539589 13.204
1576539590 11.529
1576539591 20.147
1576539592 51.024
1576539593 79.171
1576539594 25.597
1576539595 25.597
1576539597 13.877
1576539598 13.582
1576539599 33.863
1576539600 51.646
1576539601 60.69
1576539602 39.258
1576539603 46.676
1576539604 45.108
1576539606 28.812
1576539606 28.812
1576539607 69.275
1576539608 33.666
1576539610 11.918
1576539611 18.663
1576539612 15.708
1576539614 14.195
1576539615 15.618
1576539616 16.396
1576539617 15.746
1576539618 17.104
1576539619 16.278
1576539619 16.278
1576539620 16.338
1576539622 12.552
1576539625 19.643
1576539626 18.514
1576539627 17.52
1576539628 16.929
1576539630 20.978
1576539631 85.325
1576539631 85.325
1576539632 92.449
1576539633 85.573
1576539634 90.633
1576539635 90.633
1576539635 87.354
1576539635 87.354
1576539638 13.588
1576539640 13.549
1576539641 13.41
1576539641 13.41
1576539642 12.515
1576539643 13.788
1576539644 54.506
1576539645 144.928
1576539646 167.208
1576539647 172.569
1576539648 170.703
1576539650 92.456
1576539750 16.741
1576539751 16.741
1576539754 14.009
1576539755 11.377
1576539756 11.259
1576540245 10.084
1576540250 15.249
1576540251 18.293
1576540252 21.534
1576540253 20.538
1576540254 17.158
1576540255 19.209
1576540257 17.999
1576540258 17.717
1576540259 18.468
1576540260 16.134
1576540261 20.265
1576540264 16.333
1576540265 15.077
1576540267 19.498
1576540268 17.778
1576540269 16.877
1576540270 19.909
1576540271 19.53
1576540272 18.439
1576540273 18.776
1576540274 15.912
1576540279 12.573
1576540280 14.423
1576540281 18.301
1576540289 13.234
1576540291 10.35
1576540292 26.912
1576540293 31.717
1576540294 31.74
1576540296 33.324
1576540297 29.591
1576540298 29.161
1576540299 28.797
1576540300 27.332
1576540301 28.24
1576540303 30.395
1576540306 20.136
1576540307 19.952
1576540308 20.874
1576540309 21.268
1576540310 18.458
1576540311 21.05
1576540314 20.311
1576540315 20.904
1576540317 10.757
1576540319 22.98
1576540320 32.325
1576540321 32.608
1576540323 31.979
1576540324 29.234
1576540324 29.234
1576540325 30.808
1576540326 24.308
1576540327 12.668
1576540328 12.012
1576540329 20.661
1576540330 18.623
1576540347 16.979
1576540348 21.434
1576540350 22.853
1576540351 23.206
1576540352 22.096
1576540352 22.096
1576540353 22.758
1576540354 79.209
1576540355 151.047
1576540356 189.308
1576540357 236.126
1576540358 202.33
1576540361 12.531
1576540362 19.587
1576540362 19.587
1576540363 22.0
1576540364 26.119
1576540365 145.977
1576540366 297.948
1576540367 356.097
1576540368 297.019
1576540369 297.019
1576540370 335.63
1576540371 13.696
1576540456 26.267
1576540458 22.006
1576540459 28.149
1576540461 28.14
1576540462 27.116
1576540463 49.423
1576540464 164.933
1576540465 178.008
1576540466 161.592
1576540467 174.864
1576540468 53.624
1576540557 10.477
1576540558 28.547
1576540560 25.764
1576540561 89.668
1576540562 178.745
1576540563 184.604
1576540564 202.839
1576540565 195.761
1576540566 188.645
1576540567 214.287
1576540568 188.814
1576540570 21.725
1576540570 21.725
1576540572 20.252
1576540573 27.972
1576540574 27.309
1576540575 28.619
1576540576 29.898
1576540578 28.346
1576540579 29.244
1576540580 28.837
1576540581 29.383
1576540583 13.862
1576540585 20.148
1576540587 20.883
1576540588 22.548
1576540589 22.741
1576540590 24.106
1576540591 107.174
1576540592 199.349
1576540593 200.663
1576540594 218.712
1576540595 228.081
1576540597 155.249
1576540599 72.61
1576540600 198.584
1576540601 212.749
1576540602 209.6
1576540603 200.438
1576540604 196.825
1576540605 199.492
1576540606 187.199
1576540608 165.501
1576540609 210.079
1576540611 93.805
1576540613 161.868
1576540614 180.525
1576540615 205.276
1576540616 186.344
1576540617 184.471
1576540619 186.581
1576540620 212.769
1576540621 200.938
1576540622 153.972
1576540623 217.395
1576540627 18.998
1576540628 18.998
1576540629 22.028
1576540630 20.588
1576540631 59.853
1576540632 123.654
1576540633 172.526
1576540634 204.091
1576540635 205.345
1576540637 207.86
1576540639 71.058
1576540641 24.03
1576540642 26.712
1576540642 26.712
1576540643 26.516
1576540644 26.485
1576540645 25.341
1576540647 31.26
1576540648 65.904
1576540651 14.611
1576540652 10.79
1576540652 10.79
1576540654 10.637
1576540696 19.202
1576540697 21.153
1576540699 21.324
1576540700 18.889
1576540701 19.858
1576540702 23.248
1576540702 23.248
1576540703 21.969
1576540704 22.339
1576540705 23.619
1576540706 22.032
1576540707 12.672
1576540710 12.775
1576540711 30.789
1576540712 38.105
1576540713 62.119
1576540714 44.565
1576540715 48.002
1576540716 29.713
1576540717 40.233
1576540719 40.869
1576540720 47.834
1576540725 10.242
1576540726 10.889
1576540731 12.925
1576540732 34.628
1576540733 21.502
1576540734 16.785
1576540735 20.391
1576540738 13.357
1576540739 27.604
1576540740 34.37
1576540741 46.194
1576540742 42.8
1576540747 18.585
1576540752 12.462
1576540754 11.139
1576540757 10.608
1576540760 13.207
1576540761 15.379
1576540763 11.282
1576540767 15.096
1576540768 14.032
1576540769 11.95
1576540770 15.175
1576540772 13.069
1576540776 13.696
1576540777 11.484
1576540779 19.219
1576540781 26.574
1576540782 23.315
1576540783 22.883
1576540783 22.883
1576540784 17.028
1576540785 11.683
1576540794 17.83
1576540794 17.83
1576540813 10.202
1576540816 10.055
1576540826 10.527
1576540831 11.838
1576540835 10.357
1576540836 16.47
1576540837 17.27
1576540838 20.014
1576540839 22.251
1576540841 21.629
1576540842 18.207
1576540843 17.701
1576540844 20.262
1576540845 19.385
1576540846 12.722
1576540850 17.809
1576540851 11.863
1576540852 14.211
1576540853 14.094
1576540854 14.686
1576540855 18.36
1576540856 18.113
1576540858 15.819
1576540859 16.816
1576540863 11.194
1576540865 16.106
1576540867 15.854
1576540868 13.44
1576540869 16.194
1576540870 19.115
1576540878 13.83
1576540886 12.088
1576540893 12.705
1576540897 11.246
1576540898 10.802
1576540905 14.783
1576540906 65.474
1576540907 49.87
1576540909 26.957
1576540910 61.477
1576540911 54.657
1576540912 68.416
1576540913 38.819
1576540914 33.62
1576540914 33.62
1576540941 23.175
1576540944 47.645
1576540947 11.529
1576540948 14.912
1576540949 33.777
1576540950 43.832
1576540952 36.405
1576540953 31.095
1576540954 30.088
1576540955 29.831
1576540956 27.636
1576540963 11.495
1576540964 16.625
1576540965 23.869
1576540966 32.401
1576540967 36.338
1576540968 31.694
1576540969 33.171
1576540970 44.261
1576540971 41.708
1576540996 10.401
1576540997 15.704
1576540998 20.498
1576540999 12.166
1576541010 10.181
1576541012 14.107
1576541013 11.212
1576541016 11.773
1576541075 10.661
1576541078 14.702
1576541081 13.491
1576541083 11.588
1576541092 10.229
1576541093 12.182
1576541093 12.182
1576541094 10.187
1576541096 13.742
1576541100 12.244
1576541107 14.198
1576541108 14.033
1576541109 12.948
1576541115 11.379
1576541116 12.052
1576541193 23.636
1576541201 15.302
1576541203 16.025
1576541204 16.96
1576541205 16.152
1576541206 16.725
1576541207 17.163
1576541211 14.342
1576541212 15.137
1576541213 16.828
1576541214 15.642
1576541215 13.75
1576541216 15.208
1576541217 13.806
1576541218 14.749
1576541220 10.669
1576541222 10.655
1576541225 15.435
1576541226 21.301
1576541228 74.164
1576541229 203.249
1576541230 252.959
1576541231 252.35
1576541232 278.044
1576541233 277.221
1576541234 274.547
1576541236 27.798
1576541237 27.798
1576541240 10.088
1576541241 11.414
1576541244 10.414
1576541245 16.822
1576541246 17.437
1576541247 17.437
1576541247 26.366
1576541249 17.498
1576541250 10.395
1576541255 10.089
1576541257 17.138
1576541258 10.559
1576541259 14.091
1576541260 18.636
1576541261 54.414
1576541262 54.447
1576541263 62.563
1576541266 17.162
1576541267 34.178
1576541268 183.208
1576541269 190.633
1576541270 276.964
1576541271 198.471
1576541272 317.745
1576541273 321.518
1576541274 199.649
1576541275 191.516
1576541290 10.46
1576541291 23.857
1576541300 19.881
1576541301 23.642
1576541302 16.882
1576541303 46.401
1576541306 11.106
1576541309 17.449
1576541310 15.331
1576541311 18.86
1576541312 20.92
1576541314 71.623
1576541315 173.676
1576541316 202.875
1576541317 197.992
1576541318 209.823
1576541319 191.239
1576541322 23.438
1576541324 25.136
1576541325 24.072
1576541326 23.799
1576541327 23.093
1576541328 24.34
1576541329 24.455
1576541330 22.398
1576541332 62.163
1576541334 37.528
1576541335 37.528
1576541336 148.054
1576541337 194.794
1576541338 200.167
1576541339 202.172
1576541340 232.558
1576541341 227.154
1576541342 213.787
1576541344 223.638
1576541345 220.864
1576541346 195.122
1576541347 185.502
1576541350 23.111
1576541351 24.589
1576541352 23.274
1576541354 21.737
1576541355 20.778
1576541356 22.33
1576541357 20.536
1576541358 20.689
1576541359 18.558
1576541364 29.395
1576541364 29.395
1576541365 143.094
1576541366 226.417
1576541367 206.3
1576541368 189.296
1576541373 48.346
1576541374 184.921
1576541375 128.233
1576541401 13.476
1576541402 11.608
1576541406 11.01
1576541408 11.793
1576541409 10.837
1576541411 10.784
1576541415 11.884
1576541421 12.663
1576541423 10.388
1576541424 13.391
1576541426 12.838
1576541427 17.596
1576541428 17.596
1576541429 29.18
1576541431 21.695
1576541432 21.695
1576541434 23.018
1576541435 21.673
1576541436 23.302
1576541437 29.215
1576541438 132.117
1576541439 138.425
1576541441 139.733
1576541442 136.252
1576541443 147.896
1576541445 82.963
1576541447 19.137
1576541448 22.816
1576541449 21.973
1576541451 23.622
1576541452 21.715
1576541453 22.512
1576541454 21.956
1576541455 63.439
1576541456 138.657
1576541458 179.369
1576541459 134.905
1576541462 31.374
1576541463 135.778
1576541464 173.479
1576541464 173.479
1576541465 221.391
1576541466 217.827
1576541467 201.788
1576541469 215.971
1576541470 219.156
1576541471 195.053
1576541473 69.017
1576541474 69.017
1576541475 36.856
1576541476 205.53
1576541477 211.137
1576541479 204.576
1576541480 204.03
1576541481 214.806
1576541482 198.632
1576541483 180.322
1576541484 215.262
1576541485 209.633
1576541486 180.341
1576541488 53.29
1576541490 196.635
1576541491 175.618
1576541492 139.594
1576541493 132.558
1576541601 11.948
1576541602 12.545
1576541603 14.142
1576541605 22.012
1576541606 57.46
1576541607 65.923
1576541608 67.27
1576541609 69.828
1576541610 51.534
1576541611 65.656
1576541614 11.052
1576541615 17.693
1576541616 18.264
1576541617 18.925
1576541618 28.562
1576541619 122.369
1576541621 136.083
1576541622 129.914
1576541623 128.775
1576541624 136.545
1576541625 138.237
1576541628 23.158
1576541630 23.968
1576541631 22.614
1576541632 23.3
1576541633 22.881
1576541634 52.796
1576541635 171.796
1576541636 150.398
1576541638 161.174
1576541640 69.394
1576541642 28.844
1576541643 30.915
1576541644 31.198
1576541645 32.138
1576541647 31.822
1576541648 258.219
1576541649 197.413
1576541650 262.648
1576541651 250.623
1576541652 244.892
1576541653 227.442
1576541656 19.797
1576541657 19.797
1576541657 10.059
1576541659 20.247
1576541660 43.564
1576541661 147.192
1576541662 337.164
1576541663 244.321
1576541664 379.664
1576541665 377.988
1576541666 339.14
1576541666 339.14
1576541667 216.987
1576541670 15.689
1576541671 17.319
1576541672 10.994
1576541673 19.333
1576541674 21.548
1576541674 21.548
1576541675 21.048
1576541676 25.233
1576541677 94.775
1576541678 172.141
1576541680 164.712
1576541681 162.304
1576541684 24.466
1576541685 24.028
1576541686 23.275
1576541687 23.797
1576541688 25.203
1576541689 25.383
1576541690 24.006
1576541692 24.967
1576541693 24.802
1576541694 23.65
1576541695 18.29
1576541697 16.209
1576541698 176.669
1576541699 198.071
1576541700 214.076
1576541702 375.274
1576541703 437.717
1576541704 377.746
1576541705 441.378
1576541706 462.254
1576541707 437.845
1576541707 437.845
1576541709 134.439
1576541711 14.599
1576541712 21.714
1576541713 21.316
1576541715 21.275
1576541716 19.979
1576541717 18.073
1576541718 19.003
1576541718 19.003
1576541719 17.201
1576541726 21.938
1576541727 22.721
1576541728 22.406
1576541728 22.406
1576541729 21.97
1576541730 12.327
