1574569160 15.928
1574569161 30.994
1574569162 30.554
1574569163 20.619
1574569167 11.468
1574569168 13.713
1574569169 15.048
1574569170 11.597
1574569172 12.288
1574569173 10.764
1574569175 13.288
1574569177 16.54
1574569286 19.263
1574569291 12.291
1574569370 46.531
1574569371 36.174
1574569372 29.302
1574569374 14.525
1574569375 24.992
1574569376 24.296
1574569377 15.763
1574569378 17.695
1574569379 14.865
1574569380 20.882
1574569381 20.958
1574569428 13.291
1574569428 13.291
1574569429 10.186
1574569476 23.628
1574569522 25.87
1574569568 13.921
1574569569 19.105
