1581656303 14.834
1581656304 10.272
1581656307 11.018
1581656309 15.544
1581656310 11.105
1581656311 10.956
1581656312 13.098
1581656317 13.201
1581656318 12.685
1581656320 12.713
1581656322 12.956
1581656323 12.599
1581656324 11.447
1581656325 10.249
1581656326 16.77
1581656327 14.805
1581656331 32.863
1581656332 28.175
1581656333 21.798
1581656335 27.821
1581656336 22.475
1581656336 22.475
1581656337 22.54
1581656338 20.636
1581656340 12.039
1581656346 10.967
1581656347 14.51
1581656350 13.007
1581656351 14.262
1581656352 19.685
1581656353 12.857
1581656353 12.857
1581656356 16.234
1581656359 13.304
1581656363 10.381
1581656386 22.101
1581656387 21.1
1581656389 14.144
1581656391 10.99
1581656438 11.191
1581656443 11.877
1581656444 15.809
1581656445 19.716
1581656446 13.287
1581656448 19.511
1581656449 17.638
1581656450 15.939
1581656451 19.005
1581656452 18.584
1581656453 13.457
1581656454 13.457
1581656456 19.355
1581656457 18.576
1581656458 16.176
1581656459 16.342
1581656460 19.108
1581656462 20.46
1581656463 14.879
1581656464 15.591
1581656465 16.604
1581656471 15.652
1581656472 10.043
