1574483260 41.296
1574483261 36.804
1574483262 10.729
1574483263 37.457
1574483264 34.951
1574483265 28.028
1574483267 42.319
1574483268 52.522
1574483368 18.006
1574483369 14.423
1574483414 22.052
1574483459 35.274
1574483505 30.112
1574483785 14.495
1574483831 12.644
1574483832 12.598
1574483880 21.259
1574483926 22.477
1574483972 21.311
1574483972 21.311
1574484019 11.136
1574484019 11.136
1574484066 11.172
1574484206 13.765
1574484278 13.569
1574484294 14.111
1574484294 14.111
1574484297 15.136
1574484298 25.944
1574484299 30.497
1574484300 35.264
1574484301 38.825
1574484348 16.343
1574484349 14.986
1574484396 11.926
1574484444 28.933
1574484461 24.057
1574484462 20.028
