0 20.08
1 31.72
2 36.12
3 35.8
4 33.6
5 31.84
6 35.56
7 39.52
8 38.36
9 39.24
10 40.0
11 40.8
12 40.0
13 47.2
14 46.0
15 46.0
16 38.88
17 42.0
18 38.4
19 39.68
20 42.0
21 36.76
22 40.8
23 42.0
24 39.04
25 40.8
26 39.16
27 44.0
28 33.52
29 41.2
30 40.0
31 42.4
32 42.0
33 46.0
34 38.16
35 51.2
36 33.04
37 56.8
38 55.6
39 48.4
40 44.0
41 43.2
42 48.4
43 48.0
44 45.2
45 31.92
46 35.72
47 33.16
48 45.2
49 44.0
50 32.0
51 35.2
52 20.72
53 13.36
54 13.08
55 14.96
56 40.8
57 66.8
58 78.0
59 72.8
60 79.6
61 96.8
62 97.6
63 72.0
64 86.0
65 100.4
66 91.2
67 98.8
68 97.2
69 90.0
70 90.4
71 69.6
72 76.4
73 72.4
74 80.8
75 82.4
76 59.6
77 61.2
78 34.68
79 65.2
80 69.2
81 67.6
82 90.0
83 82.4
84 74.8
85 44.8
86 71.6
87 24.16
88 49.6
89 26.36
90 34.2
91 45.6
92 44.0
93 24.8
94 44.4
95 21.4
96 31.48
97 18.76
98 60.4
99 72.4
100 91.2
101 85.2
102 82.8
103 83.2
104 83.6
105 68.0
106 56.0
107 24.92
108 15.4
109 19.56
110 36.12
111 42.4
112 0.76
113 2.16
114 0.56
115 2.96
116 46.8
117 73.2
118 43.6
119 23.32
120 22.56
121 1.28
122 0.96
123 0.64
124 67.6
125 12.6
126 3.48
127 3.68
128 3.72
129 7.6
130 8.6
131 8.24
132 4.84
133 4.6
134 3.84
135 4.48
136 4.84
137 9.48
138 8.92
139 10.24
140 11.48
141 17.56
142 16.2
143 5.76
144 0.56
145 39.88
146 16.8
147 20.44
148 16.24
149 15.24
150 13.8
151 6.68
152 4.8
153 3.08
154 3.72
155 74.0
156 43.6
157 68.4
158 72.0
159 7.0
160 8.4
161 56.0
162 72.8
163 85.6
164 78.0
165 68.4
166 85.6
167 76.0
168 98.4
169 101.6
170 98.8
171 92.0
172 101.6
173 98.4
174 90.4
175 90.8
176 95.2
177 100.4
178 98.0
179 98.4
180 87.6
181 70.4
182 50.0
183 67.2
184 71.6
185 62.4
186 26.68
187 6.48
188 92.8
189 50.4
190 64.4
191 58.8
192 33.64
193 35.0
194 44.0
195 65.6
196 87.2
197 92.8
198 92.4
199 101.2
200 100.4
201 101.6
202 97.2
203 81.2
204 94.4
205 79.2
206 92.4
207 88.0
208 95.6
209 94.4
210 97.2
211 97.6
212 92.8
213 90.8
214 91.6
215 94.8
216 93.6
217 92.0
218 88.4
219 88.8
220 92.4
221 92.8
222 76.4
223 75.2
224 78.0
225 75.2
226 68.0
227 69.2
228 64.4
229 86.0
230 87.2
231 82.0
232 86.0
233 86.4
234 87.6
235 85.2
236 89.2
237 88.4
238 85.2
239 92.4
240 87.2
241 90.8
242 84.0
243 89.6
244 79.6
245 83.2
246 73.6
247 67.2
248 69.6
249 63.6
250 33.6
251 46.0
252 40.8
253 52.0
254 22.92
255 35.0
256 59.2
257 29.76
258 73.2
259 50.8
260 23.8
261 5.88
262 36.44
263 2.64
264 2.92
265 5.84
266 6.4
267 1.6
268 9.68
269 17.2
270 22.28
271 25.32
272 20.64
273 26.32
274 23.88
275 28.68
276 32.2
277 47.2
278 36.64
279 72.4
280 77.6
281 73.6
282 69.6
283 66.4
284 61.2
285 64.0
286 65.6
287 71.2
288 64.8
289 66.4
290 64.8
291 62.4
292 50.4
293 60.0
294 70.8
295 62.0
296 73.6
297 66.4
298 63.6
299 70.8
300 66.0
301 67.6
302 55.6
303 51.6
304 60.8
305 59.6
306 42.0
307 54.8
308 51.6
309 48.4
310 52.4
311 48.8
312 39.88
313 59.6
314 62.4
315 32.68
316 47.6
317 31.48
318 77.2
319 83.6
320 75.6
321 33.56
322 24.28
323 31.6
324 13.76
325 47.6
326 60.4
327 72.8
328 74.0
329 64.8
330 57.6
331 44.8
332 39.36
333 68.0
334 69.6
335 58.4
336 50.8
337 25.8
338 72.0
339 86.4
340 82.8
341 87.6
342 63.6
343 81.2
344 73.2
345 62.4
346 70.0
347 61.2
348 68.0
349 68.4
350 73.2
351 42.8
352 52.8
353 58.4
354 77.2
355 80.8
356 86.4
357 80.0
358 74.0
359 79.2
360 68.8
361 66.4
362 85.2
363 77.6
364 40.4
365 61.6
366 84.4
367 64.0
368 70.8
369 85.6
370 87.6
371 80.0
372 86.8
373 96.4
374 90.0
375 83.6
376 83.2
377 85.2
378 84.8
379 84.8
380 84.4
381 88.0
382 86.8
383 89.6
384 80.4
385 87.2
386 92.4
387 68.8
388 70.4
389 83.2
390 84.8
391 84.0
392 83.6
393 84.0
394 77.6
395 66.0
396 63.2
397 58.4
398 66.4
399 74.0
400 66.8
401 58.8
402 64.8
403 59.6
404 61.6
405 40.4
406 28.92
407 60.8
408 38.32
409 2.92
410 44.4
411 36.2
412 38.92
413 26.68
414 41.6
415 31.56
416 25.92
417 56.4
418 39.28
419 57.6
420 56.8
421 55.2
422 52.0
423 46.0
424 63.6
425 64.4
426 67.6
427 65.6
428 52.8
429 65.2
430 72.4
431 38.04
432 92.4
433 68.4
434 70.4
435 58.0
436 70.4
437 68.0
438 67.6
439 62.8
440 59.6
441 47.2
442 60.8
443 55.6
444 60.4
445 58.8
446 69.6
447 65.2
448 54.0
449 64.4
450 64.8
451 66.0
452 64.0
453 68.8
454 62.4
455 66.4
456 69.6
457 66.4
458 67.6
459 64.8
460 68.0
461 63.6
462 50.4
463 50.4
464 52.8
465 41.6
466 51.6
467 42.8
468 46.4
469 50.8
470 42.0
471 59.6
472 64.8
473 67.6
474 56.0
475 34.76
476 66.4
477 72.8
478 69.2
479 68.8
480 52.8
481 80.8
482 70.0
483 68.4
484 69.6
485 68.8
486 55.2
487 65.2
488 65.2
489 70.8
490 66.8
491 61.6
492 58.8
493 64.8
494 62.0
495 63.2
496 50.0
497 66.0
498 60.4
499 68.8
500 57.2
501 67.2
502 64.0
503 61.6
504 71.6
505 66.8
506 64.4
507 60.0
508 52.4
509 62.8
510 65.2
511 69.2
512 67.6
513 70.4
514 70.8
515 64.8
516 52.4
517 72.4
518 67.6
519 68.4
520 64.4
521 65.2
522 65.2
523 63.6
524 62.0
525 53.2
526 73.6
527 61.6
528 45.6
529 42.4
530 33.04
531 50.4
532 40.8
533 46.4
534 35.28
535 66.8
536 65.2
537 60.0
538 40.4
539 30.68
540 36.64
541 14.04
542 26.04
543 7.56
544 15.48
545 13.76
546 12.16
547 10.24
548 8.36
549 14.36
550 16.76
551 21.24
552 30.4
553 36.32
554 21.72
555 10.08
556 16.08
557 13.28
558 19.24
559 23.84
560 11.76
561 27.92
562 65.2
563 69.6
564 69.6
565 68.8
566 69.2
567 70.8
568 68.8
569 71.2
570 9.24
571 45.2
572 28.84
573 30.52
574 28.44
575 9.52
576 27.84
577 29.12
578 23.16
579 22.92
580 8.2
581 54.4
582 51.2
583 31.68
584 27.64
585 45.6
586 38.88
587 33.44
588 34.76
589 41.2
590 43.6
591 42.8
592 11.92
593 34.64
594 16.16
595 7.6
596 43.2
597 52.8
598 4.76
599 42.4
600 39.28
601 34.76
602 40.4
603 30.48
604 21.4
605 21.6
606 21.68
607 10.36
608 21.2
609 19.76
610 18.24
611 12.0
612 7.04
613 5.64
614 4.2
615 5.64
616 6.12
617 5.8
618 5.6
619 4.84
620 4.0
621 4.0
622 5.16
623 4.12
624 6.08
625 3.2
626 5.16
627 4.6
628 3.84
629 4.96
630 5.24
631 5.0
632 5.28
633 4.92
634 5.32
635 6.68
636 6.44
637 6.72
638 6.28
639 5.64
640 3.72
641 3.72
642 2.56
643 3.56
644 6.08
645 9.32
646 9.76
647 10.0
648 5.24
649 3.84
650 9.76
651 17.16
652 21.96
653 26.04
654 24.68
655 19.8
656 5.72
657 8.48
658 5.08
659 5.32
660 4.0
661 21.76
662 14.92
663 16.44
664 12.56
665 12.48
666 15.16
667 14.92
668 7.16
669 3.0
670 9.72
671 18.28
672 17.76
673 17.4
674 17.96
675 10.96
676 12.76
677 14.08
678 11.4
679 4.2
680 12.52
681 53.6
682 50.4
683 55.6
684 53.2
685 35.28
686 61.6
687 54.8
688 58.0
689 37.92
690 60.0
691 56.0
692 66.0
693 64.8
694 62.8
695 65.2
696 65.2
697 69.2
698 50.0
699 66.4
700 59.2
701 67.2
702 65.6
703 64.4
704 54.4
705 62.8
706 60.8
707 50.4
708 61.2
709 45.6
710 40.8
711 48.4
712 57.6
713 53.2
714 59.2
715 30.12
716 46.0
717 39.4
718 30.24
719 34.0
720 37.08
721 26.6
722 34.44
723 81.6
724 52.8
725 51.6
726 42.8
727 71.6
728 60.4
729 40.4
730 49.6
731 28.84
732 65.6
733 65.6
734 62.4
735 36.84
736 49.6
737 21.84
738 13.0
739 43.6
740 27.12
741 31.6
742 30.2
743 30.68
744 37.2
745 20.52
746 3.84
747 7.6
748 11.32
749 5.0
750 6.4
751 7.0
752 1.28
753 29.64
754 16.88
755 12.4
756 8.16
757 43.6
758 51.6
759 36.44
760 30.28
761 19.96
762 26.48
763 12.64
764 40.4
765 17.92
766 25.96
767 32.6
768 54.4
769 53.6
770 58.8
771 54.8
772 58.8
773 62.0
774 65.6
775 65.2
776 64.8
777 63.6
778 64.4
779 66.8
780 70.8
781 68.0
782 68.8
783 57.2
784 42.8
785 47.6
786 51.6
787 39.48
788 29.68
789 37.16
790 27.88
791 34.44
792 35.36
793 51.6
794 56.4
795 23.2
796 44.0
797 67.6
798 70.4
799 69.2
800 25.64
801 4.8
802 65.2
803 15.04
804 65.2
805 66.0
806 17.76
807 9.6
808 39.16
809 78.0
810 54.4
811 6.0
812 10.76
813 12.24
814 9.0
815 9.32
816 11.16
817 10.48
818 9.96
819 9.36
820 11.92
821 19.0
822 31.92
823 22.88
824 20.44
825 22.12
826 1.32
827 31.28
828 23.16
829 26.2
830 22.12
831 19.08
832 27.56
833 26.08
834 27.12
835 15.48
836 32.64
837 23.88
838 23.08
839 28.84
840 22.76
841 29.72
842 20.72
843 29.32
844 32.68
845 29.52
846 31.0
847 38.76
848 39.04
849 33.84
850 6.4
851 70.0
852 36.36
853 15.68
854 15.64
855 55.6
856 33.12
857 1.24
858 42.8
859 27.72
860 7.04
861 33.2
862 19.36
863 21.92
864 8.24
865 22.32
866 19.92
867 15.28
868 23.44
869 22.48
870 19.24
871 18.24
872 23.76
873 25.08
874 21.56
875 17.36
876 30.0
877 31.32
878 33.8
879 31.36
880 37.96
881 30.72
882 83.6
883 30.2
884 49.2
885 65.2
886 63.2
887 67.2
888 67.2
889 63.2
890 72.8
891 38.8
892 66.4
893 50.4
894 42.4
895 24.28
896 42.0
897 34.96
898 40.8
899 25.8
900 40.8
901 32.88
902 29.24
903 37.2
904 43.2
905 35.68
906 31.48
907 48.4
908 46.0
909 43.2
910 45.2
911 50.0
912 49.6
913 47.2
914 48.8
915 47.2
916 12.36
917 16.04
918 21.0
919 25.32
920 30.36
921 14.88
922 14.2
923 9.96
924 10.0
925 11.32
926 9.88
927 9.36
928 11.16
929 10.32
930 11.68
931 13.16
932 14.76
933 16.36
934 16.6
935 21.0
936 23.0
937 22.32
938 23.68
939 25.6
940 27.0
941 17.08
942 35.12
943 10.84
944 36.52
945 16.8
946 14.96
947 16.64
948 17.04
949 16.88
950 15.52
951 5.0
952 9.28
953 27.88
954 13.36
955 14.0
956 15.6
957 14.64
958 14.56
959 16.08
960 16.28
961 15.92
962 16.4
963 10.44
964 6.36
965 22.84
966 11.72
967 0.48
968 11.4
969 19.96
970 16.76
971 11.8
972 12.2
973 11.92
974 9.44
975 11.8
976 9.88
977 8.28
978 6.84
979 4.24
980 4.2
981 3.64
982 12.56
983 22.44
984 29.16
985 27.32
986 16.92
987 12.32
988 21.32
989 18.6
990 20.4
991 9.32
992 17.48
993 18.52
994 23.6
995 34.16
996 28.48
997 46.4
998 43.2
999 41.6
1000 34.8
1001 42.4
1002 37.96
1003 30.44
1004 34.08
1005 31.56
1006 17.96
1007 28.0
1008 32.64
1009 36.6
1010 33.44
1011 15.16
1012 11.24
1013 25.76
1014 17.2
1015 25.52
1016 3.48
1017 52.4
1018 51.6
1019 69.6
1020 69.2
1021 46.0
1022 82.4
1023 68.4
1024 70.4
1025 69.6
1026 62.8
1027 71.2
1028 69.2
1029 71.6
1030 71.2
1031 70.8
1032 71.2
1033 71.6
1034 68.8
1035 69.6
1036 69.6
1037 71.6
1038 68.8
1039 62.4
1040 70.8
1041 70.4
1042 72.4
1043 65.2
1044 42.4
1045 40.4
1046 17.96
1047 60.0
1048 48.0
1049 40.8
1050 20.8
1051 39.48
1052 46.0
1053 53.6
1054 50.4
1055 48.0
1056 40.8
1057 49.2
1058 45.6
1059 64.4
1060 37.48
1061 15.64
1062 21.28
1063 24.64
1064 23.4
1065 20.0
1066 13.44
1067 33.16
1068 0.56
1069 37.88
1070 7.8
1071 15.28
1072 4.6
1073 3.12
1074 46.8
1075 4.48
1076 4.92
1077 10.08
1078 17.6
1079 6.8
1080 18.92
1081 10.6
1082 14.08
1083 17.92
1084 12.92
1085 12.92
1086 24.56
1087 21.0
1088 13.28
1089 14.44
1090 32.28
1091 25.32
1092 28.72
1093 30.6
1094 31.04
1095 19.08
1096 30.08
1097 27.48
1098 22.68
1099 22.96
1100 25.0
1101 21.6
1102 21.16
1103 27.8
1104 21.04
1105 20.36
1106 11.4
1107 31.0
1108 18.96
1109 23.08
1110 5.76
1111 25.2
1112 5.2
1113 5.6
1114 9.12
1115 15.4
1116 11.88
1117 16.36
1118 18.92
1119 20.68
1120 16.28
1121 23.28
1122 9.16
1123 35.12
1124 19.96
1125 16.24
1126 16.32
1127 6.6
1128 9.6
1129 1.08
1130 12.72
1131 6.8
1132 5.24
1133 5.44
1134 3.76
1135 4.24
1136 22.4
1137 12.84
1138 6.12
1139 2.44
1140 11.68
1141 5.2
1142 4.6
1143 10.44
1144 9.96
1145 4.76
1146 5.6
1147 4.12
1148 11.16
1149 12.4
1150 10.76
1151 8.32
1152 10.2
1153 8.16
1154 9.88
1155 11.16
1156 13.32
1157 14.08
1158 14.72
1159 13.2
1160 13.24
1161 7.72
1162 6.44
1163 1.6
1164 7.84
1165 7.6
1166 5.24
1167 6.6
1168 6.08
1169 5.6
1170 7.32
1171 4.04
1172 4.28
1173 8.24
1174 10.92
1175 10.56
1176 10.96
1177 7.92
1178 8.48
1179 8.08
1180 10.68
1181 8.48
1182 9.88
1183 7.44
1184 14.92
1185 0.6
1186 2.84
1187 4.32
1188 4.76
1189 1.96
1190 4.12
1191 3.84
1192 3.6
1193 4.24
1194 0.28
1195 3.32
1196 1.08
1197 0.84
1198 6.76
1199 6.72
1200 8.08
1201 8.72
1202 9.32
1203 8.2
1204 8.56
1205 9.32
1206 7.76
1207 7.68
1208 1.44
1209 5.64
1210 7.12
1211 6.88
1212 7.2
1213 9.04
1214 5.84
1215 12.04
1216 10.08
1217 9.84
1218 10.12
1219 9.44
1220 10.4
1221 13.96
1222 12.92
1223 8.2
1224 9.76
1225 7.48
1226 11.16
1227 11.76
1228 12.16
1229 10.2
1230 10.56
1231 9.44
1232 9.6
1233 3.8
1234 9.68
1235 7.68
1236 10.28
1237 8.56
1238 9.0
1239 9.48
1240 11.0
1241 9.56
1242 8.2
1243 8.48
1244 7.84
1245 8.72
1246 9.08
1247 9.44
1248 9.48
1249 10.24
1250 12.76
1251 13.6
1252 8.92
1253 13.4
1254 8.92
1255 12.44
1256 9.48
1257 12.44
1258 10.08
1259 18.6
1260 17.12
1261 12.12
1262 13.0
1263 14.08
1264 5.12
1265 3.36
1266 5.12
1267 5.96
1268 5.2
1269 5.08
1270 5.68
1271 5.84
1272 8.2
1273 5.92
1274 7.2
1275 6.32
1276 6.04
1277 7.16
1278 7.64
1279 8.72
1280 9.56
1281 14.36
1282 10.36
1283 12.96
1284 20.04
1285 23.08
1286 14.6
1287 10.2
1288 10.2
1289 6.76
1290 8.28
1291 10.12
1292 12.28
1293 10.64
1294 10.84
1295 9.08
1296 9.84
1297 10.8
1298 12.72
1299 13.24
1300 14.96
1301 15.56
1302 14.2
1303 14.24
1304 15.44
1305 10.6
1306 24.36
1307 26.12
1308 44.8
1309 38.92
1310 44.0
1311 70.8
1312 44.4
1313 55.2
1314 64.0
1315 51.6
1316 35.72
1317 50.0
1318 56.8
1319 44.4
1320 67.6
1321 66.4
1322 65.6
1323 70.8
1324 68.0
1325 51.6
1326 57.6
1327 39.4
1328 68.8
1329 48.8
1330 30.24
1331 59.2
1332 66.4
1333 72.0
1334 69.2
1335 61.6
1336 37.44
1337 37.12
1338 43.2
1339 21.96
1340 31.92
1341 24.4
1342 26.88
1343 26.64
1344 32.72
1345 27.48
1346 48.8
1347 35.64
1348 64.0
1349 66.0
1350 67.2
1351 58.4
1352 29.88
1353 72.0
1354 72.4
1355 67.2
1356 52.0
1357 64.0
1358 80.4
1359 80.8
1360 68.8
1361 78.4
1362 64.8
1363 72.8
1364 73.6
1365 54.4
1366 34.08
1367 48.8
1368 70.4
1369 54.0
1370 51.2
1371 48.4
1372 56.0
1373 34.8
1374 44.0
1375 44.8
1376 45.6
1377 38.32
1378 45.2
1379 44.8
1380 51.6
1381 40.0
1382 47.2
1383 59.6
1384 42.0
1385 41.2
1386 60.0
1387 49.6
1388 58.4
1389 51.2
1390 51.6
1391 49.6
1392 42.4
1393 57.6
1394 50.4
1395 56.8
1396 53.6
1397 53.6
1398 50.0
1399 53.6
1400 61.6
1401 52.8
1402 64.4
1403 64.0
1404 62.4
1405 62.0
1406 60.0
1407 55.2
1408 64.0
1409 62.8
1410 44.4
1411 69.2
1412 66.0
1413 52.8
1414 54.8
1415 58.4
1416 62.8
1417 60.4
1418 56.8
1419 57.2
1420 52.4
1421 61.6
1422 61.2
1423 50.8
1424 66.8
1425 62.8
1426 62.4
1427 63.6
1428 58.4
1429 56.8
1430 44.4
1431 44.0
1432 35.84
1433 34.0
1434 37.24
1435 32.32
1436 34.76
1437 31.8
1438 57.6
1439 52.8
1440 48.0
1441 47.6
1442 64.8
1443 64.8
1444 55.2
1445 60.4
1446 58.0
1447 48.8
1448 58.8
1449 55.2
1450 59.6
1451 63.2
1452 68.0
1453 69.6
1454 65.2
1455 58.4
1456 49.2
1457 66.8
1458 64.4
1459 63.2
1460 63.2
1461 49.2
1462 40.8
1463 58.0
1464 26.88
1465 39.48
1466 27.04
1467 29.52
1468 46.0
1469 36.88
1470 46.4
1471 39.92
1472 31.64
1473 40.4
1474 43.2
1475 40.8
1476 44.8
1477 60.8
1478 44.8
1479 45.6
1480 37.76
1481 42.8
1482 21.36
1483 35.96
1484 56.8
1485 64.8
1486 60.0
1487 54.4
1488 56.4
1489 59.2
1490 41.6
1491 40.4
1492 39.44
1493 46.4
1494 68.0
1495 52.4
1496 62.8
1497 64.4
1498 61.2
1499 63.2
1500 56.4
1501 58.8
1502 44.8
1503 42.4
1504 42.8
1505 47.6
1506 54.0
1507 61.6
1508 62.4
1509 43.6
1510 37.84
1511 36.76
1512 62.4
1513 61.6
1514 61.2
1515 50.4
1516 58.0
1517 62.0
1518 62.0
1519 48.4
1520 66.4
1521 67.6
1522 66.4
1523 68.4
1524 41.2
1525 64.4
1526 48.4
1527 54.8
1528 60.4
1529 48.4
1530 64.8
1531 54.4
1532 55.6
1533 64.8
1534 67.2
1535 67.6
1536 68.8
1537 56.4
1538 52.0
1539 63.2
1540 41.6
1541 59.2
1542 66.0
1543 69.2
1544 64.8
1545 62.4
1546 62.4
1547 63.6
1548 63.2
1549 62.8
1550 47.6
1551 57.2
1552 18.36
1553 48.4
1554 60.4
1555 57.2
1556 62.4
1557 62.4
1558 59.6
1559 56.0
1560 54.0
1561 65.2
1562 63.2
1563 66.0
1564 67.2
1565 34.12
1566 55.6
1567 57.2
1568 50.8
1569 41.2
1570 50.0
1571 64.4
1572 38.12
1573 39.24
1574 50.0
1575 48.4
1576 44.4
1577 34.96
1578 31.68
1579 41.6
1580 42.8
1581 35.6
1582 37.84
1583 37.36
1584 55.2
1585 41.6
1586 50.4
1587 63.2
1588 58.4
1589 46.0
1590 38.92
1591 44.4
1592 47.2
1593 53.2
1594 60.4
1595 46.4
1596 60.0
1597 51.6
1598 61.6
1599 64.8
1600 62.4
1601 59.6
1602 62.0
1603 23.92
1604 52.4
1605 48.0
1606 50.4
1607 53.2
1608 60.4
1609 59.6
1610 57.2
1611 60.8
1612 39.92
1613 35.96
1614 62.4
1615 58.0
1616 61.2
1617 65.2
1618 61.6
1619 42.8
1620 60.0
1621 63.2
1622 51.2
1623 51.2
1624 42.0
1625 39.4
1626 58.8
1627 55.2
1628 54.4
1629 63.2
1630 57.2
1631 54.8
1632 50.4
1633 56.4
1634 54.4
1635 57.2
1636 40.0
1637 68.0
1638 46.8
1639 56.0
1640 60.4
1641 54.4
1642 36.68
1643 41.6
1644 42.8
1645 38.52
1646 33.92
1647 20.0
1648 27.56
1649 13.24
1650 18.92
1651 15.88
1652 21.36
1653 47.6
1654 43.2
1655 38.12
1656 35.0
1657 43.2
1658 48.4
1659 43.2
1660 46.4
1661 40.8
1662 25.44
1663 38.48
1664 45.2
1665 45.2
1666 20.08
1667 47.6
1668 62.4
1669 50.4
1670 56.4
1671 57.2
1672 50.0
1673 56.4
1674 58.0
1675 60.8
1676 54.0
1677 33.68
1678 53.2
1679 62.4
1680 57.2
1681 52.8
1682 33.32
1683 46.8
1684 44.8
1685 37.4
1686 37.68
1687 39.44
1688 24.04
1689 45.6
1690 38.24
1691 52.4
1692 64.0
1693 33.52
1694 36.52
1695 48.4
1696 43.2
1697 44.4
1698 42.4
1699 44.8
1700 43.2
1701 54.8
1702 43.6
1703 55.2
1704 52.4
1705 52.4
1706 50.4
1707 39.44
1708 42.4
1709 49.6
1710 40.4
1711 46.4
1712 61.6
1713 56.0
1714 61.2
1715 50.8
1716 36.24
1717 33.24
1718 56.8
1719 56.4
1720 62.8
1721 62.0
1722 44.0
1723 26.56
1724 38.44
1725 47.6
1726 37.52
1727 51.6
1728 64.4
1729 50.0
1730 46.8
1731 34.8
1732 26.28
1733 34.2
1734 23.12
1735 21.64
1736 19.2
1737 19.88
1738 32.08
1739 28.16
1740 44.4
1741 32.32
1742 26.4
1743 32.36
1744 40.8
1745 30.88
1746 22.12
1747 22.88
1748 22.6
1749 13.92
1750 10.76
1751 13.68
1752 21.84
1753 36.08
1754 42.8
1755 36.92
1756 31.4
1757 18.0
1758 10.32
1759 4.56
1760 2.64
1761 7.32
1762 6.4
1763 7.04
1764 7.44
1765 6.0
1766 6.92
1767 3.44
1768 5.04
1769 3.92
1770 6.8
1771 6.36
1772 8.76
1773 10.8
1774 9.64
1775 8.0
1776 7.16
1777 7.6
1778 4.92
1779 7.04
1780 7.8
1781 6.04
1782 6.04
1783 6.92
1784 6.64
1785 7.72
1786 6.76
1787 8.48
1788 4.84
1789 5.84
1790 9.32
1791 8.64
1792 9.44
1793 9.24
1794 8.08
1795 11.32
1796 11.08
1797 8.08
1798 11.08
1799 11.48
1800 12.08
1801 13.92
1802 12.16
1803 11.92
1804 8.56
1805 8.12
1806 13.04
1807 9.0
1808 10.32
1809 11.72
1810 8.4
1811 11.6
1812 11.32
1813 7.44
1814 11.6
1815 10.36
1816 7.6
1817 9.28
1818 11.68
1819 8.96
1820 5.44
1821 9.6
1822 10.72
1823 10.6
1824 13.72
1825 15.48
1826 14.88
1827 16.48
1828 12.32
1829 9.6
1830 16.64
1831 16.92
1832 16.32
1833 16.24
1834 17.2
1835 22.64
1836 20.32
1837 18.16
1838 16.04
1839 15.72
1840 22.44
1841 23.64
1842 20.44
1843 14.76
1844 11.76
1845 15.2
1846 13.92
1847 12.36
1848 13.2
1849 15.84
1850 17.8
1851 18.88
1852 17.92
1853 18.84
1854 16.96
1855 18.88
1856 19.72
1857 17.08
1858 17.48
1859 16.96
1860 15.68
1861 12.24
1862 9.64
1863 9.12
1864 2.88
1865 6.04
1866 5.88
1867 5.08
1868 8.4
1869 11.88
1870 14.88
1871 10.6
1872 7.32
1873 12.96
1874 9.04
1875 3.72
1876 20.0
1877 7.48
1878 5.04
1879 9.96
1880 2.28
1881 3.68
1882 8.08
1883 14.68
1884 13.0
1885 6.96
1886 10.52
1887 6.04
1888 9.08
1889 4.56
1890 5.28
1891 3.88
1892 1.96
1893 1.64
1894 0.8
1895 0.44
1896 2.2
1897 3.12
1898 4.84
1899 1.4
1900 1.8
1901 3.04
1902 3.4
1903 4.0
1904 6.32
1905 2.48
1906 1.88
1907 6.52
1908 14.8
1909 8.76
1910 14.68
1911 10.2
1912 17.88
1913 11.24
1914 21.48
1915 35.6
1916 34.24
1917 37.92
1918 39.88
1919 23.84
1920 34.64
1921 38.04
1922 39.64
1923 77.6
1924 85.2
1925 85.6
1926 98.0
1927 89.2
1928 84.0
1929 80.0
1930 77.6
1931 88.0
1932 94.4
1933 100.4
1934 91.6
1935 88.4
1936 91.2
1937 69.6
1938 22.08
1939 10.24
1940 8.6
1941 12.56
1942 12.36
1943 11.36
1944 15.44
1945 12.28
1946 12.64
1947 13.6
1948 12.76
1949 10.64
1950 15.72
1951 15.4
1952 15.0
1953 18.44
1954 18.48
1955 18.52
1956 24.04
1957 12.92
1958 30.52
1959 11.84
1960 22.2
1961 20.32
1962 22.76
1963 17.0
1964 21.64
1965 25.0
1966 19.88
1967 24.28
1968 15.72
1969 25.12
1970 5.12
1971 59.2
1972 13.32
1973 22.88
1974 44.8
1975 35.24
1976 42.4
1977 39.32
1978 42.8
1979 43.6
1980 21.32
1981 29.36
1982 24.4
1983 11.64
1984 49.6
1985 51.6
1986 53.2
1987 12.72
1988 0.44
1989 37.44
1990 22.6
1991 14.36
1992 1.16
1993 19.68
1994 2.12
1995 7.64
1996 9.6
1997 9.2
1998 11.44
1999 11.24
2000 12.6
2001 11.72
2002 7.4
2003 14.36
2004 14.12
2005 15.24
2006 10.56
2007 14.12
2008 14.4
2009 13.96
2010 14.44
2011 12.64
2012 10.92
2013 8.48
2014 7.68
2015 7.48
2016 8.84
2017 9.08
2018 13.76
2019 7.08
2020 11.32
2021 14.0
2022 12.92
2023 12.0
2024 15.48
2025 17.48
2026 19.76
2027 21.72
2028 20.44
2029 1.44
2030 18.8
2031 39.28
2032 19.96
2033 20.56
2034 23.24
2035 25.24
2036 25.8
2037 29.36
2038 25.68
2039 25.2
2040 6.12
2041 43.2
2042 22.0
2043 18.68
2044 3.32
2045 32.04
2046 1.56
2047 15.88
2048 10.24
2049 15.64
2050 16.44
2051 12.56
2052 14.72
2053 15.6
2054 18.0
2055 16.84
2056 16.32
2057 12.68
2058 11.6
2059 12.84
2060 19.84
2061 17.44
2062 18.8
2063 11.64
2064 19.0
2065 1.48
2066 0.8
2067 57.2
2068 9.16
2069 18.0
2070 39.88
2071 35.96
2072 32.68
2073 33.32
2074 17.44
2075 0.2
2076 30.08
2077 22.56
2078 25.88
2079 17.12
2080 18.52
2081 8.72
2082 4.88
2083 30.8
2084 9.36
2085 27.6
2086 28.36
2087 28.24
2088 29.36
2089 24.4
2090 20.88
2091 37.56
2092 36.8
2093 33.24
2094 23.84
2095 12.64
2096 25.28
2097 25.8
2098 25.76
2099 19.04
2100 17.8
2101 4.88
2102 16.6
2103 14.24
2104 4.64
2105 3.24
2106 6.16
2107 3.24
2108 3.48
2109 2.16
2110 4.56
2111 5.8
2112 4.68
2113 4.88
2114 4.96
2115 7.48
2116 6.64
2117 5.56
2118 9.32
2119 9.6
2120 8.36
2121 8.64
2122 12.24
2123 12.24
2124 12.12
2125 11.96
2126 14.16
2127 13.72
2128 13.64
2129 9.12
2130 4.16
2131 15.76
2132 15.08
2133 7.96
2134 9.0
2135 7.76
2136 9.4
2137 11.0
2138 11.88
2139 9.16
2140 7.2
2141 11.32
2142 10.96
2143 9.28
2144 1.2
2145 18.52
2146 11.04
2147 8.24
2148 9.88
2149 10.64
2150 11.0
2151 8.92
2152 12.44
2153 11.24
2154 10.44
2155 14.24
2156 12.0
2157 15.24
2158 4.4
2159 27.24
2160 19.84
2161 11.96
2162 2.92
2163 0.2
2164 13.72
2165 4.48
2166 5.36
2167 5.8
2168 6.84
2169 4.92
2170 6.76
2171 2.36
2172 3.28
2173 20.48
2174 6.16
2175 2.8
2176 11.16
2177 1.0
2178 23.84
2179 31.04
2180 15.4
2181 17.96
2182 19.08
2183 18.28
2184 21.6
2185 44.0
2186 22.08
2187 35.76
2188 36.12
2189 54.4
2190 58.0
2191 36.88
2192 42.0
2193 49.6
2194 41.2
2195 32.68
2196 41.2
2197 40.8
2198 40.0
2199 59.2
2200 63.6
2201 45.2
2202 25.48
2203 66.0
2204 19.36
2205 7.08
2206 67.2
2207 39.08
2208 23.92
2209 42.0
2210 0.08
2211 57.2
2212 29.2
2213 59.2
2214 63.2
2215 64.8
2216 62.4
2217 64.8
2218 62.8
2219 58.0
2220 58.8
2221 63.6
2222 66.4
2223 42.0
2224 60.8
2225 41.6
2226 8.0
2227 45.6
2228 32.12
2229 29.84
2230 50.8
2231 22.32
2232 33.2
2233 34.64
2234 24.64
2235 26.96
2236 34.48
2237 33.32
2238 33.24
2239 47.6
2240 26.12
2241 54.8
2242 16.36
2243 1.2
2244 16.6
2245 20.96
2246 15.96
2247 15.96
2248 4.48
2249 8.24
2250 24.24
2251 2.28
2252 21.2
2253 10.68
2254 9.28
2255 14.68
2256 12.24
2257 11.56
2258 12.32
2259 11.6
2260 10.96
2261 9.4
2262 9.64
2263 0.56
2264 17.32
2265 11.0
2266 13.16
2267 10.68
2268 12.2
2269 6.92
2270 19.56
2271 0.16
2272 45.2
2273 13.64
2274 11.8
2275 28.52
2276 20.08
2277 22.44
2278 19.0
2279 17.6
2280 24.0
2281 27.52
2282 18.68
2283 15.64
2284 17.72
2285 12.8
2286 17.4
2287 20.48
2288 18.0
2289 15.32
2290 14.0
2291 11.16
2292 7.24
2293 20.16
2294 8.8
2295 13.28
2296 7.68
2297 2.68
2298 39.0
2299 7.12
2300 9.16
2301 5.56
2302 6.16
2303 6.12
2304 10.36
2305 12.8
2306 13.88
2307 7.16
2308 11.24
2309 7.16
2310 8.6
2311 9.4
2312 14.68
2313 12.84
2314 2.24
2315 12.88
2316 11.72
2317 13.64
2318 7.8
2319 7.92
2320 9.92
2321 8.16
2322 9.4
2323 6.2
2324 7.56
2325 7.16
2326 7.48
2327 9.32
2328 5.64
2329 4.8
2330 6.08
2331 7.6
2332 6.56
2333 1.68
2334 10.76
2335 6.8
2336 6.48
2337 2.92
2338 9.44
2339 3.84
2340 7.68
2341 5.0
2342 6.04
2343 3.4
2344 5.6
2345 6.4
2346 8.6
2347 3.32
2348 14.84
2349 16.4
2350 6.6
2351 11.08
2352 0.44
2353 2.12
2354 4.0
2355 6.2
2356 23.72
2357 25.88
2358 14.68
2359 26.44
2360 15.32
2361 12.68
2362 8.48
2363 16.12
2364 0.12
2365 15.0
2366 11.32
2367 0.84
2368 19.44
2369 4.68
2370 25.84
2371 5.52
2372 5.4
2373 16.84
2374 11.6
2375 11.44
2376 8.48
2377 5.44
2378 16.16
2379 4.92
2380 6.96
2381 5.24
2382 4.32
2383 5.64
2384 6.32
2385 6.24
2386 4.76
2387 5.76
2388 5.12
2389 5.12
2390 5.12
2391 5.72
2392 6.44
2393 3.72
2394 6.12
2395 5.8
2396 7.08
2397 4.08
2398 4.32
2399 4.68
2400 2.92
2401 4.08
2402 6.48
2403 5.48
2404 5.92
2405 4.12
2406 5.8
2407 4.92
2408 5.0
2409 5.4
2410 6.24
2411 4.0
2412 2.68
2413 4.64
2414 6.08
2415 6.8
2416 5.32
2417 2.84
2418 3.08
2419 2.44
2420 3.04
2421 7.16
2422 7.6
2423 6.32
2424 6.84
2425 9.92
2426 12.4
2427 25.6
2428 31.0
2429 11.8
2430 19.28
2431 9.24
2432 16.28
2433 30.68
2434 18.36
2435 2.96
2436 14.64
2437 21.88
2438 15.84
2439 43.2
2440 11.16
2441 40.0
2442 25.6
2443 22.24
2444 20.84
2445 29.52
2446 10.36
2447 18.4
2448 13.52
2449 17.8
2450 24.44
2451 1.68
2452 31.92
2453 16.64
2454 22.2
2455 16.0
2456 13.68
2457 30.44
2458 9.8
2459 23.68
2460 8.12
2461 13.24
2462 14.4
2463 14.04
2464 66.8
2465 70.8
2466 12.4
2467 62.8
2468 67.2
2469 69.6
2470 72.4
2471 69.2
2472 68.0
2473 71.2
2474 68.0
2475 70.0
2476 68.8
2477 66.4
2478 64.8
2479 60.4
2480 62.4
2481 59.6
2482 56.0
2483 55.6
2484 52.4
2485 59.2
2486 56.8
2487 56.4
2488 58.4
2489 67.2
2490 66.8
2491 67.6
2492 72.8
2493 62.8
2494 69.6
2495 70.4
2496 64.4
2497 73.2
2498 70.0
2499 64.0
2500 61.2
2501 65.2
2502 65.2
2503 55.6
2504 67.2
2505 58.0
2506 62.0
2507 64.8
2508 68.4
2509 66.8
2510 70.0
2511 71.2
2512 69.6
2513 71.6
2514 57.2
2515 55.2
2516 66.4
2517 70.0
2518 63.6
2519 46.0
2520 18.32
2521 56.0
2522 64.8
2523 57.6
2524 30.0
2525 25.44
2526 31.08
2527 29.28
2528 9.2
2529 52.0
2530 5.12
2531 45.2
2532 15.4
2533 40.4
2534 36.28
2535 40.8
2536 16.2
2537 40.4
2538 49.2
2539 58.0
2540 36.12
2541 25.4
2542 29.2
2543 29.32
2544 22.56
2545 49.6
2546 30.68
2547 22.4
2548 21.0
2549 44.0
2550 31.32
2551 53.2
2552 18.4
2553 28.8
2554 15.32
2555 18.2
2556 27.16
2557 16.0
2558 28.04
2559 11.64
2560 16.04
2561 29.12
2562 20.52
2563 25.04
2564 14.08
2565 22.24
2566 20.24
2567 32.76
2568 39.8
2569 58.0
2570 43.2
2571 40.8
2572 62.4
2573 60.8
2574 41.2
2575 42.4
2576 65.2
2577 46.0
2578 63.2
2579 71.2
2580 70.0
2581 68.0
2582 70.8
2583 70.0
2584 58.8
2585 69.2
2586 70.0
2587 67.2
2588 38.64
2589 75.6
2590 63.2
2591 70.0
2592 70.8
2593 73.6
2594 70.8
2595 70.0
2596 70.0
2597 70.0
2598 70.8
2599 70.4
2600 70.0
2601 44.8
2602 78.4
2603 69.6
2604 62.4
2605 62.8
2606 63.2
2607 62.4
2608 62.8
2609 68.0
2610 68.8
2611 70.4
2612 70.0
2613 71.2
2614 71.6
2615 70.0
2616 70.0
2617 68.8
2618 70.0
2619 68.0
2620 66.8
2621 65.6
2622 44.0
2623 85.2
2624 67.2
2625 65.6
2626 51.6
2627 48.4
2628 59.6
2629 66.4
2630 44.4
2631 68.4
2632 70.4
2633 74.0
2634 69.2
2635 49.2
2636 82.8
2637 69.6
2638 57.2
2639 33.32
2640 56.8
2641 12.04
2642 28.96
2643 41.2
2644 71.2
2645 72.4
2646 63.2
2647 59.6
2648 45.2
2649 10.8
2650 48.4
2651 58.8
2652 67.2
2653 66.8
2654 42.4
2655 4.44
2656 10.56
2657 9.92
2658 13.16
2659 15.16
2660 16.32
2661 16.6
2662 18.48
2663 27.92
2664 15.84
2665 18.0
2666 17.4
2667 13.84
2668 46.4
2669 41.6
2670 22.64
2671 28.76
2672 24.88
2673 44.0
2674 33.0
2675 46.4
2676 48.4
2677 49.2
2678 25.28
2679 38.8
2680 49.2
2681 56.4
2682 45.6
2683 33.48
2684 42.4
2685 34.0
2686 40.8
2687 34.96
2688 50.4
2689 40.0
2690 24.48
2691 54.0
2692 51.2
2693 48.4
2694 37.0
2695 50.0
2696 44.0
2697 40.8
2698 32.64
2699 47.2
2700 50.4
2701 50.4
2702 37.0
2703 41.2
2704 40.8
2705 56.0
2706 59.6
2707 38.44
2708 42.8
2709 32.36
2710 34.48
2711 44.4
2712 29.2
2713 34.08
2714 32.36
2715 49.6
2716 55.6
2717 64.4
2718 73.6
2719 70.0
2720 63.6
2721 73.6
2722 42.8
2723 80.4
2724 54.8
2725 66.0
2726 52.8
2727 65.2
2728 68.4
2729 64.8
2730 73.6
2731 35.56
2732 33.68
2733 25.24
2734 17.8
2735 33.92
2736 33.88
2737 18.96
2738 16.76
2739 31.76
2740 19.84
2741 20.08
2742 19.64
2743 24.28
2744 27.8
2745 28.08
2746 24.12
2747 30.12
2748 20.28
2749 27.68
2750 34.2
2751 29.2
2752 31.0
2753 16.92
2754 23.16
2755 19.6
2756 27.32
2757 29.96
2758 23.44
2759 20.76
2760 24.24
2761 24.76
2762 21.28
2763 26.2
2764 44.8
2765 45.2
2766 3.68
2767 0.72
2768 4.28
2769 6.64
2770 61.2
2771 32.28
2772 30.92
2773 37.24
2774 23.88
2775 29.4
2776 37.68
2777 29.68
2778 29.48
2779 29.12
2780 36.12
2781 24.72
2782 33.92
2783 14.28
2784 22.28
2785 25.96
2786 23.96
2787 23.64
2788 16.56
2789 17.32
2790 18.16
2791 15.76
2792 32.24
2793 56.8
2794 44.8
2795 43.2
2796 40.4
2797 56.4
2798 26.32
2799 46.0
2800 18.0
2801 10.72
2802 32.84
2803 28.64
2804 37.36
2805 38.44
2806 17.64
2807 22.92
2808 54.8
2809 65.6
2810 49.2
2811 33.04
2812 19.64
2813 61.6
2814 62.8
2815 65.2
2816 44.8
2817 23.8
2818 52.8
2819 61.6
2820 29.04
2821 65.2
2822 64.4
2823 71.2
2824 59.2
2825 70.8
2826 70.4
2827 68.4
2828 39.48
2829 91.2
2830 67.6
2831 69.6
2832 70.0
2833 71.2
2834 70.8
2835 70.0
2836 67.2
2837 70.4
2838 70.0
2839 69.6
2840 59.2
2841 68.4
2842 68.4
2843 68.8
2844 68.8
2845 69.6
2846 70.4
2847 71.2
2848 70.8
2849 70.0
2850 70.4
2851 69.2
2852 51.2
2853 83.6
2854 71.2
2855 70.8
2856 71.6
2857 70.0
2858 65.6
2859 63.6
2860 72.0
2861 70.8
2862 70.8
2863 67.2
2864 68.8
2865 70.8
2866 68.8
2867 68.4
2868 73.2
2869 64.4
2870 68.4
2871 61.6
2872 63.6
2873 61.2
2874 64.0
2875 62.0
2876 66.4
2877 65.2
2878 65.2
2879 67.2
2880 68.8
2881 68.0
2882 54.4
2883 58.8
2884 64.0
2885 64.0
2886 29.16
2887 24.24
2888 32.96
2889 37.48
2890 38.8
2891 36.8
2892 3.48
2893 1.8
2894 4.12
2895 2.76
2896 4.08
2897 4.32
2898 2.6
2899 7.16
2900 0.24
2901 1.44
2902 1.44
2903 0.72
2904 16.48
2905 2.68
2906 4.48
2907 7.64
2908 14.04
2909 19.32
2910 29.32
2911 58.8
2912 66.4
2913 61.2
2914 62.4
2915 65.2
2916 60.4
2917 64.8
2918 68.0
2919 70.4
2920 44.0
2921 76.8
2922 1.84
2923 16.6
2924 0.8
2925 2.16
2926 50.4
2927 58.0
2928 10.04
2929 59.6
2930 49.6
2931 70.0
2932 58.4
2933 70.0
2934 60.0
2935 68.4
2936 64.4
2937 61.2
2938 64.0
2939 58.8
2940 61.2
2941 44.4
2942 0.28
2943 15.16
2944 37.76
2945 63.6
2946 64.8
2947 68.0
2948 70.0
2949 68.8
2950 72.0
2951 60.8
2952 62.8
2953 71.6
2954 53.6
2955 71.6
2956 62.8
2957 69.2
2958 66.4
2959 62.0
2960 66.0
2961 62.0
2962 54.0
2963 56.8
2964 57.2
2965 54.4
2966 52.8
2967 51.6
2968 42.4
2969 40.0
2970 39.52
2971 45.6
2972 17.88
2973 7.48
2974 3.88
2975 5.48
2976 7.84
2977 6.88
2978 7.4
2979 7.84
2980 9.36
2981 11.84
2982 10.16
2983 10.24
2984 14.28
2985 11.76
2986 13.6
2987 1.08
2988 7.68
2989 26.08
2990 12.0
2991 11.36
2992 2.44
2993 23.16
2994 11.4
2995 12.12
2996 12.08
2997 12.64
2998 13.6
2999 12.32
3000 10.12
3001 1.76
3002 5.0
3003 20.92
3004 8.64
3005 17.56
3006 0.72
3007 0.8
3008 2.56
3009 3.2
3010 6.64
3011 3.48
3012 4.6
3013 4.92
3014 7.68
3015 12.08
3016 16.6
3017 16.48
3018 17.76
3019 15.0
3020 25.04
3021 32.36
3022 29.96
3023 27.36
3024 36.28
3025 35.8
3026 37.52
3027 40.4
3028 41.6
3029 20.6
3030 39.56
3031 43.2
3032 42.4
3033 45.6
3034 49.6
3035 42.4
3036 46.4
3037 48.4
3038 48.0
3039 50.8
3040 54.8
3041 50.0
3042 52.4
3043 55.6
3044 43.6
3045 54.4
3046 50.4
3047 46.4
3048 44.0
3049 45.6
3050 39.68
3051 46.0
3052 43.2
3053 44.4
3054 39.48
3055 48.4
3056 50.4
3057 50.4
3058 51.2
3059 50.4
3060 46.8
3061 43.2
3062 48.8
3063 46.8
3064 50.4
3065 47.2
3066 49.2
3067 47.6
3068 48.4
3069 23.12
3070 27.68
3071 50.0
3072 46.4
3073 46.8
3074 38.8
3075 54.0
3076 46.4
3077 48.4
3078 46.0
3079 39.2
3080 39.84
3081 48.0
3082 45.6
3083 36.08
3084 45.6
3085 39.88
3086 24.68
3087 30.04
3088 35.88
3089 26.6
3090 35.92
3091 34.76
3092 37.88
3093 29.8
3094 36.32
3095 35.68
3096 40.0
3097 34.88
3098 21.76
3099 21.68
3100 11.56
3101 5.64
3102 5.96
3103 4.68
3104 4.92
3105 5.64
3106 6.04
3107 4.96
3108 3.96
3109 1.6
3110 2.04
3111 12.4
3112 14.44
3113 15.2
3114 16.68
