0 41.2
1 43.2
2 27.88
3 29.72
4 42.8
5 49.2
6 54.8
7 52.4
8 46.4
9 45.2
10 48.0
11 51.6
12 54.0
13 50.8
14 58.4
15 68.0
16 66.8
17 66.8
18 62.8
19 62.8
20 61.6
21 58.0
22 64.0
23 54.8
24 66.8
25 67.2
26 70.4
27 69.2
28 59.2
29 46.8
30 47.2
31 57.2
32 57.2
33 42.0
34 42.8
35 37.68
36 29.84
37 35.36
38 31.4
39 33.88
40 32.2
41 38.12
42 36.48
43 40.0
44 38.72
45 37.04
46 42.0
47 39.08
48 34.6
49 40.4
50 32.12
51 36.56
52 31.08
53 24.88
54 25.96
55 88.0
56 73.6
57 90.0
58 82.8
59 79.2
60 104.8
61 82.8
62 55.6
63 69.2
64 72.0
65 45.6
66 91.6
67 51.2
68 68.0
69 66.8
70 56.4
71 92.8
72 83.6
73 104.4
74 80.0
75 64.8
76 106.8
77 85.6
78 80.8
79 83.2
80 100.4
81 81.6
82 80.0
83 82.4
84 80.4
85 78.8
86 73.6
87 63.6
88 72.0
89 57.6
90 53.6
91 74.4
92 74.4
93 48.8
94 22.72
95 868.0
96 7.4
97 18.44
98 20.72
99 20.4
100 23.52
101 20.32
102 21.92
103 23.24
104 28.16
105 23.32
106 27.24
107 23.12
108 22.36
109 18.68
110 28.16
111 12.68
112 24.24
113 5.56
114 20.08
115 16.56
116 16.64
117 14.2
118 13.48
119 12.84
120 10.12
121 173.2
122 15.52
123 7.96
124 8.8
125 10.4
126 12.2
127 12.2
128 12.12
129 20.44
130 21.24
131 20.84
132 23.52
133 13.68
134 8.52
135 9.68
136 13.16
137 11.6
138 10.32
139 10.96
140 14.0
141 12.2
142 8.4
143 6.4
144 9.52
145 13.24
146 10.24
147 13.96
148 15.56
149 17.36
150 22.88
151 16.68
152 10.96
153 14.52
154 23.88
155 17.12
156 25.56
157 22.88
158 27.8
159 23.0
160 10.04
161 12.48
162 10.6
163 69.6
164 72.8
165 58.0
166 67.2
167 76.0
168 74.8
169 62.8
170 62.0
171 68.4
172 74.0
173 62.0
174 66.4
175 77.6
176 77.6
177 69.2
178 63.2
179 81.6
180 70.4
181 59.6
182 51.6
183 70.8
184 65.6
185 72.8
186 72.4
187 81.2
188 75.6
189 80.0
190 73.2
191 71.2
192 79.6
193 81.2
194 78.0
195 66.0
196 71.2
197 75.2
198 77.2
199 75.6
200 76.8
201 77.2
202 72.0
203 79.6
204 61.6
205 74.0
206 62.8
207 62.0
208 57.6
209 73.2
210 63.6
211 69.6
212 60.8
213 61.6
214 56.8
215 61.2
216 66.0
217 67.6
218 78.4
219 76.0
220 82.0
221 68.4
222 78.8
223 80.0
224 81.6
225 75.6
226 79.6
227 69.2
228 46.4
229 41.2
230 44.4
231 68.8
232 71.6
233 79.2
234 76.0
235 68.4
236 79.2
237 51.6
238 52.0
239 64.8
240 63.2
241 21.48
242 45.6
243 37.04
244 39.68
245 11.6
246 35.6
247 7.36
248 46.8
249 25.52
250 54.0
251 21.88
252 41.2
253 14.24
254 6.4
255 0.0
256 2864.0
257 15.24
258 30.92
259 5.96
260 43.2
261 20.52
262 3380.0
263 0.0
264 0.0
265 0.0
266 12.52
267 7.44
268 9.0
269 7.72
270 130.0
271 0.0
272 3340.0
273 12.68
274 16.28
275 14.44
276 20.08
277 18.24
278 20.56
279 11.08
280 17.24
281 20.92
282 25.92
283 32.04
284 30.76
285 19.8
286 260.0
287 42.4
288 14.44
289 16.36
290 10.44
291 17.68
292 17.56
293 22.72
294 22.72
295 28.96
296 19.32
297 25.72
298 18.88
299 20.76
300 21.8
301 18.84
302 14.08
303 20.2
304 23.64
305 21.28
306 23.08
307 20.72
308 22.44
309 21.28
310 16.2
311 21.96
312 22.36
313 26.88
314 29.92
315 30.52
316 24.08
317 29.72
318 21.32
319 28.36
320 27.4
321 29.0
322 23.52
323 28.84
324 32.6
325 24.32
326 14.2
327 28.08
328 27.2
329 34.92
330 36.6
331 35.72
332 33.24
333 23.08
334 38.24
335 34.84
336 23.8
337 35.72
338 27.72
339 37.32
340 11.92
341 42.0
342 42.4
343 36.16
344 1384.0
345 0.0
346 33.88
347 41.6
348 45.6
349 38.12
350 42.0
351 35.4
352 22.28
353 37.24
354 11.16
355 3032.0
356 0.0
357 19.2
358 18.0
359 43.2
360 1432.0
361 37.28
362 30.24
363 38.92
364 20.64
365 6.0
366 1996.0
367 22.48
368 15.52
369 18.28
370 8.48
371 16.92
372 22.8
373 25.68
374 24.2
375 18.44
376 20.0
377 15.72
378 15.28
379 27.96
380 27.08
381 15.52
382 23.92
383 25.48
384 18.36
385 17.52
386 18.8
387 26.76
388 29.28
389 39.12
390 43.6
391 40.8
392 37.6
393 27.48
394 23.08
395 22.04
396 28.8
397 28.56
398 30.68
399 28.52
400 17.6
401 7.88
402 9.0
403 7.72
404 8.4
405 23.32
406 2948.0
407 40.8
408 34.88
409 37.76
410 33.68
411 29.4
412 31.8
413 35.16
414 28.6
415 18.88
416 20.6
417 7.44
418 6.72
419 15.92
420 27.2
421 40.4
422 46.8
423 42.0
424 46.8
425 54.4
426 43.2
427 31.76
428 29.36
429 31.84
430 50.8
431 39.8
432 63.2
433 48.8
434 38.4
435 51.2
436 52.8
437 49.6
438 48.4
439 50.0
440 57.2
441 57.2
442 50.8
443 55.2
444 56.8
445 52.0
446 48.4
447 50.4
448 44.8
449 49.2
450 50.8
451 50.4
452 49.2
453 44.4
454 45.6
455 45.2
456 45.6
457 43.2
458 41.6
459 43.2
460 50.0
461 54.8
462 53.6
463 47.6
464 34.04
465 8.0
466 13.16
467 8.56
468 11.12
469 17.04
470 16.64
471 15.0
472 10.56
473 21.56
474 18.64
475 24.84
476 34.08
477 29.08
478 30.2
479 30.04
480 16.16
481 4.76
482 9.2
483 3424.0
484 12.84
485 17.28
486 19.28
487 13.36
488 14.88
489 15.2
490 13.88
491 19.84
492 20.68
493 16.36
494 16.56
495 18.64
496 19.68
497 9.4
498 12.04
499 6.8
500 14.84
501 11.64
502 16.48
503 16.72
504 13.6
505 6.6
506 25.68
507 22.16
508 28.64
509 29.6
510 33.04
511 33.84
512 36.08
513 34.24
514 33.84
515 42.4
516 40.8
517 39.04
518 56.0
519 30.28
520 33.2
521 26.24
522 25.4
523 26.96
524 31.44
525 32.76
526 24.44
527 22.2
528 608.0
529 0.0
530 736.0
531 23.32
532 40.0
533 30.32
534 31.64
535 43.2
536 36.4
537 24.92
538 7.48
539 8.04
540 14.0
541 6.2
542 36.36
543 44.0
544 35.36
545 15.44
546 13.36
547 11.28
548 10.12
549 608.0
550 9.52
551 6.84
552 10.52
553 10.12
554 11.24
555 10.0
556 7.52
557 16.44
558 26.84
559 19.76
560 25.28
561 20.32
562 26.04
563 46.8
564 34.56
565 28.16
566 22.04
567 5.6
568 31.44
569 26.32
570 22.08
571 12.32
572 9.88
573 14.0
574 19.64
575 26.52
576 32.48
577 31.0
578 31.8
579 33.64
580 46.8
581 32.0
582 39.44
583 46.4
584 48.0
585 48.4
586 41.6
587 44.4
588 53.6
589 46.4
590 46.8
591 48.4
592 49.6
593 48.0
594 52.4
595 44.0
596 46.0
597 41.2
598 53.2
599 48.0
600 47.2
601 50.8
602 50.8
603 48.4
604 48.8
605 51.2
606 75.2
607 62.4
608 74.0
609 65.2
610 71.2
611 66.8
612 71.2
613 68.4
614 76.0
615 73.6
616 40.8
617 53.2
618 72.4
619 70.0
620 69.6
621 68.0
622 70.8
623 65.2
624 64.0
625 72.8
626 64.0
627 65.6
628 70.0
629 66.4
630 63.6
631 71.6
632 70.0
633 21.92
634 38.64
635 34.52
636 38.12
637 39.28
638 57.6
639 60.4
640 50.8
641 59.2
642 56.8
643 50.0
644 60.4
645 56.4
646 56.8
647 55.6
648 57.6
649 54.4
650 60.0
651 47.6
652 9.72
653 0.0
654 71.6
655 21.64
656 21.8
657 27.6
658 24.64
659 28.6
660 23.76
661 30.88
662 34.76
663 38.56
664 38.2
665 40.4
666 39.6
667 13.36
668 36.68
669 11.64
670 8.56
671 0.0
672 10.2
673 1688.0
674 0.0
675 25.88
676 40.4
677 2080.0
678 0.0
679 29.0
680 14.04
681 4.64
682 4.6
683 3812.0
684 7.68
685 6.04
686 7.0
687 5.84
688 3944.0
689 5.16
690 4.08
691 2164.0
692 5.72
693 9.8
694 10.44
695 15.24
696 12.88
697 12.08
698 13.52
699 14.2
700 6.56
701 2904.0
702 7.32
703 13.32
704 9.2
705 7.44
706 10.08
707 8.84
708 9.72
709 11.92
710 9.68
711 11.04
712 8.68
713 5.6
714 11.48
715 9.04
716 11.28
717 10.08
718 7.8
719 10.08
720 9.92
721 6.32
722 7.28
723 9.28
724 14.24
725 13.68
726 16.2
727 14.28
728 15.16
729 12.4
730 11.56
731 12.0
732 10.08
733 10.48
734 8.88
735 43.2
736 15.68
737 11.64
738 11.04
739 9.08
740 7.12
741 6.28
742 12.64
743 13.56
744 16.16
745 22.4
746 21.4
747 22.24
748 29.88
749 34.48
750 37.36
751 35.84
752 42.0
753 30.32
754 30.56
755 42.0
756 42.4
757 43.2
758 47.6
759 53.2
760 48.0
761 50.4
762 29.36
763 46.4
764 55.6
765 54.4
766 56.0
767 57.6
768 56.4
769 63.2
770 62.4
771 58.8
772 61.6
773 58.8
774 58.0
775 31.44
776 80.0
777 57.2
778 41.6
779 61.2
780 56.4
781 40.8
782 49.6
783 56.4
784 51.2
785 47.2
786 40.4
787 42.4
788 48.0
789 56.8
790 49.2
791 60.4
792 45.2
793 55.2
794 55.6
795 54.8
796 54.4
797 56.0
798 58.0
799 62.4
800 64.4
801 62.4
802 58.0
803 56.4
804 69.2
805 63.2
806 58.0
807 32.28
808 70.8
809 65.6
810 55.6
811 60.4
812 55.2
813 57.6
814 59.2
815 47.2
816 61.6
817 58.0
818 63.2
819 64.4
820 53.6
821 59.2
822 56.8
823 57.6
824 62.8
825 59.6
826 57.2
827 65.6
828 52.8
829 53.6
830 54.4
831 59.2
832 60.8
833 60.8
834 58.8
835 58.0
836 53.2
837 53.2
838 44.0
839 43.2
840 59.6
841 3596.0
842 7.44
843 6.68
844 5.44
845 5.88
846 6.6
847 10.84
848 4.76
849 11.36
850 50.4
851 59.2
852 51.2
853 53.2
854 56.0
855 55.2
856 56.0
857 56.4
858 52.4
859 58.8
860 58.0
861 58.8
862 58.8
863 58.4
864 59.6
865 59.6
866 59.6
867 58.0
868 56.0
869 48.8
870 63.6
871 59.6
872 60.0
873 52.0
874 52.0
875 63.6
876 56.4
877 55.2
878 52.0
879 45.2
880 47.6
881 64.8
882 56.0
883 55.6
884 56.0
885 59.2
886 59.6
887 32.64
888 0.0
889 8.56
890 57.2
891 56.0
892 56.4
893 56.4
894 51.2
895 56.0
896 41.2
897 50.8
898 64.0
899 59.6
900 52.4
901 66.4
902 44.4
903 39.36
904 80.0
905 60.0
906 56.8
907 37.52
908 70.4
909 58.0
910 54.0
911 43.2
912 73.2
913 60.8
914 60.0
915 60.4
916 39.96
917 74.4
918 58.4
919 62.8
920 56.8
921 55.2
922 54.0
923 56.8
924 55.2
925 55.6
926 59.6
927 59.6
928 54.8
929 58.8
930 55.6
931 56.0
932 54.0
933 53.2
934 52.0
935 60.0
936 56.0
937 56.0
938 55.6
939 54.8
940 62.0
941 61.6
942 60.4
943 61.6
944 60.0
945 61.6
946 60.4
947 52.0
948 62.4
949 59.2
950 60.4
951 58.8
952 60.4
953 60.4
954 60.0
955 60.4
956 61.2
957 60.0
958 60.4
959 56.8
960 55.6
961 55.2
962 47.6
963 53.6
964 24.08
965 56.4
966 47.6
967 28.52
968 59.6
969 50.0
970 46.4
971 37.24
972 48.0
973 33.2
974 38.56
975 53.6
976 55.2
977 56.8
978 56.4
979 55.2
980 55.6
981 58.4
982 59.2
983 60.0
984 60.0
985 42.4
986 1256.0
987 0.0
988 28.44
989 40.4
990 32.24
991 40.8
992 46.0
993 47.6
994 30.04
995 30.16
996 34.72
997 22.08
998 24.84
999 26.72
1000 27.04
1001 25.52
1002 35.72
1003 4.24
1004 3248.0
1005 27.36
1006 23.96
1007 26.16
1008 4.6
1009 260.0
1010 38.68
1011 24.56
1012 20.32
1013 24.12
1014 22.88
1015 24.0
1016 24.8
1017 27.04
1018 26.76
1019 9.84
1020 32.4
1021 11.32
1022 16.8
1023 15.24
1024 17.2
1025 25.08
1026 21.88
1027 24.12
1028 21.76
1029 18.04
1030 780.0
1031 34.76
1032 18.2
1033 20.64
1034 21.0
1035 18.44
1036 24.68
1037 28.56
1038 22.4
1039 16.52
1040 15.44
1041 21.36
1042 15.04
1043 13.04
1044 13.56
1045 14.08
1046 11.04
1047 11.0
1048 16.88
1049 21.0
1050 20.04
1051 18.44
1052 8.32
1053 20.64
1054 18.0
1055 11.4
1056 12.2
1057 15.56
1058 8.76
1059 5.4
1060 8.04
1061 13.92
1062 59.2
1063 56.8
1064 59.6
1065 59.2
1066 56.0
1067 56.4
1068 57.6
1069 55.6
1070 53.6
1071 63.2
1072 60.8
1073 60.0
1074 59.2
1075 63.6
1076 59.2
1077 39.56
1078 69.2
1079 57.6
1080 55.6
1081 61.2
1082 59.2
1083 59.6
1084 59.2
1085 59.6
1086 59.6
1087 58.0
1088 60.4
1089 60.0
1090 60.0
1091 60.4
1092 59.2
1093 59.6
1094 58.8
1095 34.96
1096 80.8
1097 57.6
1098 39.72
1099 80.4
1100 57.2
1101 63.6
1102 58.4
1103 56.8
1104 56.8
1105 56.8
1106 57.2
1107 54.8
1108 54.8
1109 49.2
1110 60.0
1111 56.0
1112 64.0
1113 63.2
1114 58.0
1115 56.8
1116 62.0
1117 56.8
1118 59.2
1119 60.0
1120 60.4
1121 60.0
1122 58.4
1123 57.6
1124 62.8
1125 56.8
1126 61.2
1127 42.4
1128 34.28
1129 74.4
1130 54.0
1131 50.0
1132 14.76
1133 28.88
1134 15.2
1135 0.0
1136 8.04
1137 7.84
1138 2384.0
1139 6.96
1140 864.0
1141 1084.0
1142 0.0
1143 0.0
1144 6.16
1145 8.52
1146 1472.0
1147 216.4
1148 0.0
1149 476.0
1150 1688.0
1151 1256.0
1152 908.0
1153 0.0
1154 0.0
1155 0.0
1156 0.0
1157 0.0
1158 0.0
1159 6.04
1160 8.2
1161 8.8
1162 5.36
1163 8.12
1164 6.72
1165 9.0
1166 11.52
1167 15.16
1168 20.12
1169 15.24
1170 18.52
1171 20.64
1172 19.72
1173 34.32
1174 38.88
1175 21.0
1176 28.68
1177 22.72
1178 34.68
1179 32.52
1180 23.76
1181 24.68
1182 29.04
1183 23.08
1184 14.68
1185 29.08
1186 27.52
1187 24.36
1188 26.44
1189 22.0
1190 19.16
1191 11.08
1192 22.24
1193 19.68
1194 19.6
1195 24.0
1196 16.24
1197 21.96
1198 16.24
1199 10.0
1200 20.28
1201 23.96
1202 21.12
1203 29.64
1204 19.92
1205 27.2
1206 40.8
1207 44.0
1208 47.2
1209 48.4
1210 51.6
1211 49.6
1212 48.0
1213 54.4
1214 48.4
1215 37.6
1216 43.2
1217 48.0
1218 49.2
1219 47.6
1220 45.2
1221 37.44
1222 19.92
1223 18.08
1224 18.24
1225 27.2
1226 42.4
1227 40.8
1228 48.0
1229 42.0
1230 52.4
1231 38.88
1232 45.2
1233 44.8
1234 54.4
1235 54.4
1236 56.0
1237 41.6
1238 52.8
1239 58.4
1240 57.2
1241 43.2
1242 69.6
1243 58.4
1244 58.8
1245 54.8
1246 52.8
1247 33.72
1248 17.48
1249 20.0
1250 19.4
1251 30.52
1252 29.04
1253 26.32
1254 29.32
1255 28.48
1256 30.6
1257 35.88
1258 20.48
1259 17.2
1260 21.56
1261 20.68
1262 24.88
1263 17.12
1264 28.4
1265 24.96
1266 15.84
1267 26.52
1268 19.68
1269 28.88
1270 26.04
1271 25.96
1272 10.48
1273 25.48
1274 20.16
1275 18.84
1276 20.76
1277 19.76
1278 11.08
1279 2252.0
1280 35.64
1281 23.48
1282 20.32
1283 24.08
1284 19.76
1285 22.04
1286 16.36
1287 16.08
1288 15.16
1289 13.72
1290 20.36
1291 19.32
1292 16.28
1293 9.12
1294 11.92
1295 7.08
1296 7.6
1297 130.0
1298 5.08
1299 6.44
1300 11.16
1301 14.2
1302 16.2
1303 13.6
1304 20.76
1305 24.28
1306 25.48
1307 23.84
1308 30.92
1309 39.44
1310 36.64
1311 35.16
1312 35.48
1313 40.0
1314 33.84
1315 25.12
1316 21.84
1317 31.24
1318 38.72
1319 53.6
1320 53.6
1321 52.8
1322 54.4
1323 61.2
1324 60.0
1325 32.96
1326 40.8
1327 31.32
1328 33.52
1329 27.44
1330 34.68
1331 44.8
1332 52.4
1333 47.2
1334 61.2
1335 57.6
1336 55.2
1337 60.0
1338 55.6
1339 52.4
1340 56.8
1341 19.84
1342 76.4
1343 55.2
1344 52.0
1345 61.6
1346 59.6
1347 56.0
1348 61.6
1349 59.2
1350 54.4
1351 61.2
1352 59.2
1353 58.0
1354 54.8
1355 52.0
1356 52.8
1357 60.0
1358 23.48
1359 78.0
1360 27.64
1361 56.8
1362 26.88
1363 30.4
1364 34.04
1365 9.8
1366 15.64
1367 23.4
1368 8.16
1369 8.8
1370 45.2
1371 42.4
1372 51.6
1373 57.2
1374 55.6
1375 54.4
1376 54.8
1377 54.8
1378 62.8
1379 61.6
1380 53.2
1381 32.32
1382 42.4
1383 70.4
1384 59.6
1385 60.4
1386 56.4
1387 59.6
1388 62.0
1389 61.6
1390 59.6
1391 60.8
1392 60.0
1393 56.4
1394 55.2
1395 32.04
1396 3984.0
1397 0.0
1398 260.0
1399 173.2
1400 692.0
1401 260.0
1402 4.8
1403 16.04
1404 20.16
1405 27.0
1406 20.88
1407 25.88
1408 32.0
1409 39.32
1410 48.0
1411 42.8
1412 50.0
1413 56.0
1414 53.6
1415 39.28
1416 58.8
1417 48.8
1418 44.8
1419 48.4
1420 47.2
1421 36.6
1422 21.84
1423 33.96
1424 33.96
1425 43.6
1426 55.6
1427 57.6
1428 58.4
1429 54.0
1430 54.8
1431 52.8
1432 60.8
1433 56.4
1434 56.0
1435 54.8
1436 57.6
1437 56.0
1438 57.6
1439 29.84
1440 72.0
1441 45.2
1442 38.12
1443 33.8
1444 52.4
1445 33.76
1446 34.52
1447 34.6
1448 42.8
