0 11.76
1 16.2
2 14.4
3 12.68
4 16.76
5 14.0
6 18.76
7 24.4
8 26.44
9 30.48
10 37.32
11 34.84
12 35.24
13 39.48
14 34.72
15 32.24
16 24.16
17 31.04
18 30.64
19 27.12
20 38.52
21 37.44
22 34.04
23 36.08
24 22.76
25 44.0
26 34.36
27 36.0
28 36.8
29 35.36
30 37.16
31 36.72
32 33.88
33 35.44
34 35.68
35 32.84
36 35.6
37 33.4
38 33.2
39 33.04
40 34.04
41 33.04
42 32.52
43 31.76
44 34.24
45 38.28
46 35.32
47 37.04
48 33.52
49 31.24
50 30.8
51 31.96
52 34.36
53 36.0
54 32.88
55 34.12
56 30.12
57 30.96
58 31.56
59 32.44
60 30.72
61 30.4
62 23.6
63 18.72
64 23.48
65 32.24
66 30.96
67 30.44
68 20.68
69 17.92
70 26.64
71 21.04
72 23.24
73 22.96
74 25.44
75 21.8
76 29.76
77 19.76
78 32.32
79 35.6
80 39.12
81 34.76
82 42.0
83 35.04
84 33.8
85 20.92
86 35.0
87 37.8
88 26.44
89 44.8
90 25.88
91 39.24
92 37.24
93 36.84
94 33.12
95 38.4
96 23.28
97 37.36
98 37.96
99 40.8
100 35.32
101 22.32
102 37.92
103 37.92
104 41.2
105 37.68
106 37.4
107 31.28
108 3.24
109 46.0
110 40.4
111 35.12
112 29.8
113 30.68
114 32.36
115 32.64
116 34.6
117 32.08
118 34.0
119 33.32
120 37.04
121 34.32
122 26.84
123 31.04
124 35.8
125 28.48
126 32.16
127 29.24
128 27.92
129 31.16
130 26.84
131 28.68
132 31.72
133 21.64
134 10.8
135 27.96
136 36.12
137 37.04
138 31.48
139 29.44
140 33.24
141 38.2
142 30.84
143 26.24
144 32.84
145 29.76
146 30.08
147 32.28
148 35.12
149 34.52
150 40.8
151 37.8
152 38.84
153 37.32
154 38.12
155 34.72
156 36.84
157 37.08
158 32.36
159 34.36
160 35.24
161 33.24
162 35.56
163 33.88
164 33.12
165 29.12
166 33.92
167 32.12
168 36.4
169 42.0
170 40.4
171 44.4
172 43.6
173 44.8
174 40.4
175 40.4
176 44.4
177 26.48
178 37.52
179 37.12
180 35.4
181 35.28
182 37.44
183 30.84
184 30.88
185 42.4
186 39.04
187 34.24
188 35.04
189 28.16
190 27.24
191 31.92
192 39.36
193 40.0
194 44.0
195 42.4
196 45.2
197 42.8
198 39.24
199 32.72
200 33.48
201 40.8
202 39.8
203 43.2
204 46.0
205 46.0
206 40.8
207 38.4
208 39.44
209 38.12
210 46.0
211 44.0
212 40.8
213 37.48
214 42.8
215 66.8
216 66.8
217 57.6
218 58.4
219 58.4
220 51.2
221 53.6
222 58.4
223 60.0
224 48.4
225 43.2
226 36.12
227 16.84
228 17.6
229 15.28
230 5.48
231 10.48
232 8.16
233 23.92
234 8.76
235 9.92
236 10.68
237 12.76
238 10.56
239 14.64
240 0.0
241 13.76
242 0.04
243 3.96
244 32.68
245 28.0
246 22.48
247 7.68
248 0.04
249 14.6
250 17.4
251 11.24
252 11.92
253 7.36
254 10.8
255 17.32
256 6.4
257 14.44
258 0.68
259 17.08
260 0.48
261 10.68
262 1.56
263 32.56
264 16.8
265 18.68
266 21.16
267 18.28
268 11.12
269 8.4
270 8.24
271 13.16
272 22.92
273 18.68
274 16.36
275 21.64
276 12.88
277 20.44
278 13.84
279 17.24
280 22.76
281 19.12
282 21.44
283 10.04
284 27.2
285 5.8
286 18.0
287 17.88
288 27.4
289 25.12
290 8.0
291 12.88
292 19.8
293 17.84
294 9.4
295 0.0
296 11.4
297 9.4
298 14.08
299 8.28
300 3.32
301 2.28
302 4.16
303 11.44
304 11.96
305 7.4
306 10.32
307 11.0
308 2.76
309 7.84
310 13.08
311 16.16
312 10.92
313 22.68
314 13.56
315 21.52
316 25.6
317 17.28
318 34.6
319 19.36
320 22.24
321 0.0
322 47.6
323 14.32
324 12.72
325 15.0
326 17.68
327 12.24
328 15.96
329 15.6
330 12.88
331 12.48
332 20.08
333 18.4
334 5.96
335 22.04
336 11.16
337 11.24
338 11.76
339 13.68
340 11.96
341 10.68
342 16.04
343 15.92
344 12.84
345 12.76
346 14.2
347 2.8
348 7.24
349 9.6
350 14.84
351 14.32
352 22.44
353 25.48
354 19.8
355 10.92
356 12.84
357 23.72
358 14.12
359 15.64
360 0.0
361 43.6
362 0.48
363 0.76
364 0.52
365 5.36
366 2.96
367 2.6
368 3.28
369 3.28
370 4.88
371 6.72
372 3.68
373 3.48
374 5.68
375 4.4
376 5.96
377 1.68
378 8.56
379 1.32
380 1.64
381 0.0
382 0.0
383 0.0
384 0.0
385 0.0
386 1.72
387 0.0
388 0.0
389 0.4
390 21.6
391 17.8
392 8.72
393 2.88
394 6.2
395 16.76
396 13.0
397 10.12
398 21.72
399 8.32
400 8.16
401 9.08
402 19.68
403 24.32
404 23.76
405 18.92
406 14.92
407 5.88
408 0.08
409 38.52
410 12.32
411 12.48
412 15.4
413 5.12
414 3.28
415 11.56
416 20.44
417 28.64
418 11.56
419 14.2
420 33.4
421 21.12
422 16.8
423 4.44
424 3.68
425 7.84
426 1.12
427 11.36
428 8.88
429 8.76
430 13.28
431 9.8
432 10.56
433 12.44
434 24.12
435 13.64
436 15.36
437 12.24
438 6.36
439 7.16
440 11.88
441 11.36
442 20.96
443 13.72
444 16.96
445 17.72
446 20.44
447 14.68
448 22.36
449 22.16
450 21.56
451 19.04
452 0.0
453 14.24
454 32.28
455 15.84
456 23.28
457 19.92
458 17.56
459 19.04
460 25.36
461 18.16
462 3.12
463 7.44
464 40.0
465 20.92
466 14.8
467 14.28
468 6.68
469 3.28
470 20.64
471 2.84
472 16.28
473 0.0
474 0.0
475 0.0
476 4.52
477 7.0
478 9.72
479 0.0
480 0.0
481 13.68
482 3.12
483 2.48
484 4.64
485 3.6
486 3.12
487 3.12
488 2.8
489 2.76
490 2.8
491 3.16
492 2.88
493 2.68
494 3.92
495 3.36
496 4.6
497 4.76
498 5.2
499 4.16
500 3.32
501 3.56
502 4.44
503 1.96
504 5.68
505 4.88
506 2.84
507 3.72
508 5.84
509 3.72
510 3.12
511 0.96
512 2.32
513 1.12
514 0.0
515 0.0
516 0.0
517 0.0
518 0.0
519 0.0
520 0.0
521 0.0
522 0.0
523 0.0
524 0.0
525 0.0
526 0.0
527 0.0
528 0.0
529 0.0
530 0.0
531 5.8
532 9.04
533 1.04
534 1.0
535 4.76
536 0.6
537 1.84
538 6.24
539 3.0
540 0.0
541 0.0
542 0.0
543 0.0
544 0.0
545 0.0
546 0.0
547 0.0
548 0.0
549 0.0
550 0.0
551 0.0
552 2.12
553 3.2
554 0.0
555 0.0
556 0.0
557 3.2
558 4.68
559 5.96
560 0.0
561 0.32
562 6.84
563 8.4
564 8.24
565 8.2
566 5.96
567 11.76
568 17.96
569 21.12
570 28.84
571 48.4
572 56.4
573 15.84
574 13.24
575 0.12
576 2.36
577 0.64
578 0.0
579 2.8
580 0.36
581 3.32
582 35.28
583 13.08
584 22.24
585 4.76
586 2.6
587 9.96
588 11.96
589 0.92
590 0.0
591 0.0
592 0.0
593 0.0
594 0.0
595 1.4
596 36.12
597 25.88
598 13.36
599 19.12
600 26.92
601 16.48
602 12.72
603 28.4
604 29.76
605 34.32
606 0.0
607 22.08
608 20.16
609 10.08
610 4.92
611 10.64
612 21.6
613 8.88
614 19.32
615 8.84
616 10.28
617 9.48
618 17.64
619 7.4
620 16.2
621 7.88
622 6.92
623 11.08
624 0.28
625 0.16
626 17.48
627 5.32
628 7.08
629 8.56
630 13.28
631 8.4
632 8.2
633 17.44
634 28.64
635 26.68
636 15.6
637 0.0
638 0.0
639 8.56
640 12.24
641 8.68
642 4.92
643 10.56
644 3.2
645 13.44
646 0.08
647 0.0
648 0.0
649 7.76
650 0.04
651 0.0
652 0.0
653 0.0
654 0.0
655 0.0
656 0.0
657 7.96
658 6.6
659 0.0
660 0.0
661 4.32
662 10.2
663 1.76
664 0.0
665 0.0
666 0.0
667 13.2
668 0.0
669 0.0
670 0.0
671 0.0
672 0.0
673 2.64
674 13.48
675 12.08
676 15.72
677 14.84
678 0.0
679 0.0
680 13.72
681 17.0
682 2.12
683 18.4
684 15.08
685 6.56
686 8.8
687 8.32
688 4.92
689 14.08
690 11.12
691 23.0
692 22.72
693 15.04
694 22.12
695 15.72
696 5.92
697 32.88
698 25.6
699 16.16
700 24.36
701 19.6
702 23.12
703 20.4
704 24.76
705 21.4
706 23.24
707 27.92
708 13.16
709 0.0
710 38.72
711 21.24
712 18.24
713 19.44
714 19.68
715 0.0
716 33.56
717 16.68
718 14.6
719 5.56
720 9.8
721 25.2
722 1.32
723 9.2
724 18.04
725 5.76
726 4.36
727 12.56
728 4.28
729 7.8
730 7.68
731 3.56
732 1.28
733 0.0
734 0.0
735 0.0
736 0.04
737 0.32
738 7.32
739 1.32
740 2.16
741 3.48
742 1.96
743 2.12
744 3.44
745 3.6
746 3.08
747 4.52
748 2.68
749 8.84
750 10.92
751 6.76
752 16.4
753 5.6
754 9.24
755 7.32
756 4.12
757 3.08
758 0.0
759 2.68
760 0.0
761 0.0
762 0.0
763 0.0
764 0.0
765 0.0
766 0.0
767 0.0
768 6.08
769 0.8
770 0.0
771 2.4
772 2.8
773 2.56
774 1.88
775 6.08
776 5.36
777 4.16
778 6.24
779 9.16
780 8.84
781 7.4
782 6.92
783 16.68
784 9.68
785 12.44
786 19.12
787 14.32
788 18.68
789 0.68
790 0.0
791 0.76
792 12.2
793 0.0
794 0.0
795 0.0
796 0.0
797 0.0
798 3.16
799 46.0
800 2.12
801 0.0
802 0.0
803 16.08
804 9.76
805 8.88
806 8.8
807 12.4
808 5.6
809 8.16
810 6.0
811 5.76
812 9.08
813 7.76
814 7.48
815 9.16
816 10.08
817 7.24
818 0.0
819 18.48
820 2.52
821 12.8
822 10.08
823 5.36
824 7.4
825 4.84
826 3.24
827 0.0
828 0.0
829 5.08
830 0.08
831 0.0
832 0.0
833 0.0
834 0.0
835 0.0
836 4.64
837 9.88
838 5.6
839 17.08
840 16.32
841 15.12
842 12.04
843 1.72
844 3.92
845 2.48
846 2.4
847 1.8
848 7.08
849 1.44
850 0.0
851 0.0
852 0.0
853 0.0
854 0.0
855 0.0
856 0.0
857 0.0
858 0.0
859 0.0
860 0.0
861 0.0
862 0.0
863 0.0
864 0.0
865 0.0
866 0.0
867 0.0
868 0.12
869 0.04
870 0.04
871 0.4
872 3.32
873 2.76
874 2.96
875 3.36
876 2.32
877 2.84
878 1.96
879 0.44
880 0.2
881 0.56
882 0.96
883 1.44
884 3.4
885 2.64
886 2.64
887 2.64
888 0.96
889 0.16
890 0.0
891 0.72
892 0.4
893 0.04
894 0.0
895 0.0
896 1.0
897 0.0
898 0.0
899 6.88
900 6.92
901 8.44
902 4.28
903 0.0
904 0.0
905 0.76
906 3.76
907 7.16
908 13.16
909 4.16
910 6.24
911 2.4
912 1.36
913 0.0
914 0.0
915 5.76
916 0.0
917 0.0
918 0.0
919 0.0
920 0.0
921 0.0
922 0.0
923 0.0
924 0.0
925 0.0
926 38.72
927 4.72
928 8.2
929 9.28
930 5.08
931 9.76
932 9.36
933 8.16
934 8.24
935 6.32
936 4.6
937 2.24
938 1.08
939 0.08
940 0.2
941 0.0
942 0.0
943 0.0
944 0.0
945 0.04
946 0.0
947 0.0
948 0.0
949 0.0
950 0.0
951 0.0
952 0.0
953 0.0
954 0.0
955 0.0
956 0.0
957 0.0
958 2.04
959 2.88
960 6.68
961 7.64
962 4.72
963 0.04
964 2.8
965 0.24
966 0.0
967 0.0
968 0.0
969 0.72
970 0.04
971 0.0
972 0.0
973 0.0
974 0.0
975 0.0
976 0.0
977 0.0
978 0.0
979 0.0
980 0.0
981 0.0
982 0.0
983 0.0
984 0.0
985 0.0
986 0.0
987 0.0
988 0.0
989 0.0
990 0.0
991 0.0
992 0.0
993 0.0
994 0.0
995 0.0
996 1.04
997 4.04
998 2.28
999 3.28
1000 3.84
1001 2.16
1002 4.08
1003 6.16
1004 7.08
1005 8.92
1006 2.32
1007 4.2
1008 4.88
1009 4.44
1010 0.12
1011 0.0
1012 0.0
1013 0.0
1014 0.0
1015 0.0
1016 0.0
1017 0.0
1018 0.0
1019 0.0
1020 0.0
1021 3.92
1022 3.6
1023 5.2
1024 6.88
1025 3.68
1026 3.0
1027 4.84
1028 4.04
1029 6.84
1030 6.88
1031 6.88
1032 7.56
1033 4.44
1034 5.72
1035 6.56
1036 2.92
1037 7.52
1038 5.24
1039 2.44
1040 8.72
1041 5.08
1042 4.96
1043 2.44
1044 0.0
1045 7.12
1046 7.04
1047 6.76
1048 7.6
1049 10.04
1050 10.44
1051 13.0
1052 15.4
1053 13.6
1054 10.48
1055 8.48
1056 7.84
1057 9.84
1058 11.0
1059 11.84
1060 17.12
1061 21.88
1062 24.28
1063 20.72
1064 17.44
1065 13.64
1066 14.6
1067 14.92
1068 16.16
1069 13.72
1070 12.72
1071 12.0
1072 12.92
1073 11.32
1074 11.0
1075 11.24
1076 9.8
1077 8.32
1078 6.8
1079 8.6
1080 7.76
1081 9.24
1082 9.28
1083 6.88
1084 5.84
1085 8.48
1086 9.68
1087 11.0
1088 13.4
1089 15.2
1090 6.24
1091 12.2
1092 12.08
1093 11.32
1094 9.68
1095 11.44
1096 10.64
1097 9.68
1098 10.76
1099 11.84
1100 11.36
1101 9.2
1102 8.72
1103 8.64
1104 9.12
1105 9.0
1106 9.64
1107 11.0
1108 10.4
1109 11.0
1110 7.92
1111 7.24
1112 9.6
1113 10.48
1114 9.0
1115 8.08
1116 8.84
1117 8.36
1118 6.64
1119 6.0
1120 7.24
1121 9.92
1122 11.2
1123 10.2
1124 8.84
1125 9.76
1126 12.08
1127 12.4
1128 12.56
1129 13.2
1130 14.64
1131 12.36
1132 16.04
1133 12.8
1134 12.4
1135 13.6
1136 12.68
1137 12.28
1138 12.2
1139 13.4
1140 15.4
1141 16.16
1142 17.4
1143 17.12
1144 11.56
1145 13.6
1146 13.0
1147 14.32
1148 13.08
1149 9.6
1150 9.6
1151 10.32
1152 9.48
1153 8.88
1154 8.92
1155 10.08
1156 9.36
1157 8.08
1158 6.24
1159 7.48
1160 8.84
1161 10.92
1162 12.16
1163 16.68
1164 16.68
1165 14.84
1166 13.92
1167 13.48
1168 12.32
1169 13.08
1170 8.36
1171 13.0
1172 15.44
1173 15.84
1174 17.6
1175 17.68
1176 18.8
1177 14.12
1178 11.0
1179 12.16
1180 14.08
1181 15.68
1182 14.08
1183 16.4
1184 17.64
1185 18.4
1186 15.88
1187 13.76
1188 14.32
1189 14.6
1190 13.4
1191 12.12
1192 12.88
1193 13.24
1194 14.32
1195 13.4
1196 14.16
1197 15.48
1198 17.76
1199 14.6
1200 13.16
1201 13.92
1202 13.0
1203 12.24
1204 9.88
1205 8.76
1206 9.04
1207 9.6
1208 10.16
1209 11.16
1210 11.92
1211 13.16
1212 9.88
1213 9.8
1214 8.92
1215 9.44
1216 10.04
1217 7.08
1218 7.0
1219 8.92
1220 10.0
1221 11.84
1222 11.0
1223 11.08
1224 9.32
1225 6.76
1226 8.16
1227 10.68
1228 11.0
1229 10.32
1230 9.72
1231 9.96
1232 10.84
1233 9.68
1234 7.56
1235 7.64
1236 7.68
1237 9.4
1238 8.4
1239 10.0
1240 8.24
1241 9.76
1242 11.04
1243 7.04
1244 4.68
1245 5.24
1246 4.92
1247 5.84
1248 7.76
1249 8.84
1250 10.4
1251 13.48
1252 19.8
1253 10.32
1254 12.12
1255 14.84
1256 12.56
1257 11.44
1258 9.6
1259 9.88
1260 12.04
1261 12.64
1262 12.72
1263 12.92
1264 14.04
1265 16.88
1266 18.96
1267 16.28
1268 15.4
1269 12.76
1270 11.4
1271 10.0
1272 11.24
1273 8.6
1274 10.04
1275 10.88
1276 12.72
1277 14.44
1278 20.12
1279 17.44
1280 17.8
1281 16.68
1282 21.76
1283 24.48
1284 21.92
1285 22.04
1286 17.88
1287 14.12
1288 12.4
1289 8.92
1290 7.0
1291 3.16
1292 7.08
1293 6.84
1294 9.48
1295 11.48
1296 9.92
1297 10.84
1298 10.24
1299 12.2
1300 13.08
1301 13.12
1302 13.84
1303 13.4
1304 13.16
1305 11.4
1306 11.0
1307 11.16
1308 7.76
1309 6.48
1310 8.08
1311 9.4
1312 9.0
1313 10.24
1314 8.08
1315 8.68
1316 7.84
1317 7.24
1318 7.48
1319 5.6
1320 4.84
1321 6.48
1322 6.0
1323 6.16
1324 5.92
1325 6.84
1326 7.32
1327 7.16
1328 8.0
1329 8.68
1330 9.68
