0 31.88
1 47.6
2 44.4
3 43.2
4 47.2
5 50.8
6 52.8
7 62.0
8 42.0
9 54.4
10 54.0
11 52.0
12 44.8
13 42.4
14 50.8
15 49.6
16 42.8
17 40.8
18 28.0
19 21.36
20 12.16
21 16.96
22 62.0
23 104.8
24 26.36
25 4.04
26 1.44
27 42.4
28 138.0
29 145.2
30 140.8
31 136.0
32 149.2
33 112.8
34 124.0
35 142.4
36 141.6
37 87.6
38 68.0
39 54.4
40 99.6
41 36.52
42 38.68
43 34.92
44 38.84
45 49.2
46 80.4
47 79.2
48 76.8
49 86.0
50 87.6
51 93.2
52 93.2
53 94.4
54 104.4
55 99.6
56 94.4
57 81.6
58 96.4
59 97.6
60 95.2
61 94.0
62 96.8
63 106.4
64 91.6
65 93.2
66 103.6
67 100.8
68 98.0
69 96.8
70 94.8
71 93.6
72 94.4
73 99.2
74 103.2
75 100.8
76 102.0
77 87.2
78 98.0
79 98.8
80 101.6
81 101.2
82 98.4
83 65.2
84 76.4
85 75.2
86 96.8
87 82.8
88 87.6
89 109.2
90 104.0
91 101.6
92 100.8
93 81.2
94 84.4
95 102.0
96 94.4
97 90.4
98 92.0
99 92.4
100 86.0
101 92.4
102 90.4
103 91.2
104 94.8
105 96.4
106 96.8
107 107.6
108 103.6
109 91.6
110 71.2
111 78.4
112 71.2
113 69.2
114 66.8
115 33.2
116 3.84
117 6.32
118 8.76
119 5.28
120 10.24
121 3.2
122 6.88
123 11.4
124 11.48
125 14.72
126 14.08
127 16.24
128 16.0
129 15.92
130 18.16
131 18.72
132 16.56
133 13.6
134 12.4
135 12.08
136 16.52
137 9.76
138 6.48
139 12.4
140 10.96
141 10.36
142 9.12
143 10.96
144 15.2
145 13.4
146 14.16
147 19.12
148 15.08
149 18.2
150 18.12
151 15.96
152 11.76
153 10.48
154 14.76
155 7.32
156 7.4
157 9.04
158 15.16
159 8.12
160 10.92
161 10.6
162 11.56
163 11.28
164 13.2
165 15.6
166 12.96
167 14.2
168 7.52
169 4.2
170 5.16
171 5.76
172 8.08
173 8.0
174 8.08
175 8.28
176 5.88
177 4.32
178 8.24
179 4.24
180 5.96
181 3.64
182 7.48
183 12.16
184 6.04
185 6.44
186 6.0
187 5.04
188 3.8
189 6.0
190 4.0
191 3.04
192 32.32
193 5.16
194 34.72
195 0.0
196 26.8
197 19.64
198 44.0
199 43.6
200 39.8
201 1.08
202 5.4
203 3.08
204 9.4
205 2.84
206 8.0
207 5.32
208 5.88
209 7.52
210 10.96
211 8.12
212 7.72
213 7.8
214 12.04
215 4.96
216 2.32
217 0.84
218 0.04
219 29.48
220 0.0
221 0.0
222 0.0
223 0.0
224 0.0
225 0.0
226 0.44
227 32.04
228 0.0
229 0.0
230 0.0
231 0.0
232 0.0
233 0.0
234 26.8
235 0.0
236 0.0
237 0.0
238 0.0
239 0.0
240 0.0
241 0.0
242 0.0
243 18.04
244 27.88
245 2.08
246 3.64
247 1.32
248 0.16
249 0.0
250 0.0
251 0.0
252 2.8
253 10.72
254 14.56
255 9.84
256 8.68
257 20.84
258 11.84
259 0.8
260 8.88
261 15.0
262 19.44
263 13.72
264 3.2
265 7.88
266 16.68
267 15.84
268 13.6
269 18.68
270 14.16
271 23.0
272 22.64
273 29.76
274 43.2
275 33.6
276 40.8
277 50.0
278 58.8
279 42.0
280 56.4
281 70.0
282 68.4
283 78.8
284 79.2
285 81.6
286 90.0
287 74.4
288 87.6
289 100.4
290 97.6
291 59.6
292 93.2
293 58.8
294 92.8
295 82.4
296 110.0
297 98.8
298 112.0
299 110.8
300 88.0
301 62.4
302 56.0
303 65.6
304 64.8
305 57.2
306 54.8
307 59.2
308 74.4
309 81.2
310 82.0
311 0.0
312 8.24
313 5.72
314 30.04
315 26.96
316 27.32
317 29.44
318 32.8
319 35.4
320 33.92
321 32.28
322 34.8
323 29.48
324 22.76
325 37.72
326 80.8
327 88.4
328 76.4
329 77.2
330 90.0
331 84.8
332 82.0
333 83.6
334 90.8
335 68.0
336 35.2
337 30.8
338 47.6
339 29.08
340 95.6
341 121.2
342 132.4
343 130.8
344 130.8
345 134.0
346 144.4
347 129.2
348 33.84
349 34.6
350 64.4
351 59.6
352 61.6
353 61.6
354 45.6
355 19.56
356 26.72
357 15.8
358 15.16
359 17.08
360 20.08
361 11.36
362 14.04
363 3.24
364 8.32
365 0.6
366 0.0
367 5.08
368 10.36
369 20.88
370 16.84
371 15.92
372 8.44
373 7.56
374 0.0
375 5.16
376 18.04
377 20.52
378 16.4
379 17.76
380 21.84
381 29.88
382 33.48
383 42.0
384 51.6
385 68.0
386 86.4
387 98.8
388 88.0
389 90.0
390 106.0
391 92.0
392 94.4
393 95.6
394 97.2
395 101.2
396 93.2
397 91.2
398 92.0
399 59.2
400 16.12
401 44.0
402 34.6
403 38.72
404 46.8
405 40.8
406 36.08
407 42.4
408 44.4
409 46.0
410 48.0
411 44.8
412 50.4
413 53.2
414 52.0
415 55.2
416 45.6
417 26.4
418 72.8
419 80.8
420 85.6
421 82.8
422 74.8
423 78.0
424 74.8
425 77.6
426 73.2
427 59.6
428 25.0
429 66.0
430 79.2
431 92.8
432 92.0
433 93.2
434 89.6
435 97.6
436 97.6
437 92.8
438 80.4
439 76.4
440 75.2
441 74.4
442 74.8
443 74.0
444 72.8
445 83.6
446 84.8
447 80.8
448 81.6
449 74.4
450 57.6
451 23.56
452 24.12
453 33.8
454 40.8
455 44.4
456 45.2
457 44.0
458 42.8
459 44.4
460 45.6
461 44.0
462 44.8
463 44.4
464 44.8
465 43.6
466 42.0
467 40.4
468 41.6
469 36.4
470 22.44
471 19.08
472 84.0
473 90.4
474 89.2
475 91.2
476 92.0
477 94.4
478 93.2
479 98.8
480 98.8
481 65.6
482 80.4
483 80.4
484 73.6
485 74.4
486 73.6
487 78.0
488 74.8
489 46.8
490 79.2
491 58.0
492 56.0
493 33.04
494 55.6
495 31.0
496 22.04
497 21.72
498 17.48
499 17.76
500 12.92
501 15.48
502 15.8
503 6.48
504 12.92
505 16.2
506 6.8
507 11.0
508 13.28
509 18.52
510 7.56
511 4.68
512 5.4
513 2.12
514 3.2
515 1.36
516 1.04
517 2.84
518 4.4
519 2.68
520 1.8
521 1.96
522 4.2
523 6.36
524 6.2
525 9.04
526 5.84
527 22.68
528 34.68
529 28.32
530 14.48
531 7.44
532 5.96
533 0.0
534 0.0
535 0.0
536 0.08
537 3.68
538 2.52
539 7.56
540 9.84
541 13.72
542 14.6
543 14.24
544 13.44
545 23.0
546 24.88
547 23.0
548 2.08
549 0.12
550 7.8
551 6.6
552 1.76
553 3.64
554 6.44
555 16.24
556 18.88
557 16.04
558 18.96
559 25.6
560 21.68
561 16.68
562 24.68
563 24.8
564 27.0
565 25.0
566 21.84
567 3.8
568 17.64
569 26.6
570 30.88
571 38.96
572 37.88
573 38.36
574 41.6
575 41.2
576 42.0
577 36.04
578 37.28
579 40.8
580 38.16
581 25.88
582 25.16
583 31.32
584 29.92
585 30.28
586 29.8
587 29.64
588 14.88
589 19.0
590 21.32
591 24.92
592 25.12
593 22.52
594 23.56
595 21.08
596 22.36
597 14.36
598 16.84
599 4.08
600 63.6
601 69.2
602 70.4
603 72.4
604 42.4
605 56.4
606 52.0
607 31.84
608 29.0
609 19.28
610 7.08
611 0.0
612 0.0
613 0.0
614 7.12
615 7.96
616 3.08
617 5.6
618 5.44
619 3.32
620 1.76
621 4.64
622 4.44
623 7.96
624 6.28
625 6.68
626 6.88
627 5.6
628 5.6
629 8.16
630 8.76
631 5.72
632 5.2
633 6.36
634 2.68
635 2.36
636 0.96
637 1.36
638 1.16
639 1.24
640 2.08
641 3.56
642 2.56
643 4.28
644 4.16
645 2.96
646 4.28
647 2.24
648 2.16
649 1.68
650 2.44
651 1.96
652 1.0
653 1.04
654 2.2
655 1.92
656 2.28
657 2.72
658 2.6
659 3.2
660 2.88
661 7.12
662 6.88
663 7.04
664 7.32
665 5.16
666 7.48
667 8.64
668 4.92
669 6.48
670 6.04
671 0.08
672 2.56
673 1.84
674 2.44
675 1.88
676 1.28
677 2.52
678 1.16
679 2.4
680 4.0
681 1.68
682 1.92
683 2.6
684 1.68
685 0.8
686 1.36
687 3.8
688 5.16
689 3.2
690 2.0
691 1.0
692 0.76
693 1.0
694 0.12
695 0.48
696 2.28
697 2.16
698 2.56
699 3.28
700 0.56
701 4.8
702 5.8
703 3.88
704 2.24
705 2.36
706 2.52
707 4.6
708 4.64
709 2.88
710 0.0
711 0.0
712 0.0
713 3.8
714 2.88
715 2.44
716 2.6
717 2.76
718 2.92
719 4.2
720 3.64
721 0.36
722 1.32
723 1.16
724 0.64
725 0.32
726 0.16
727 0.44
728 0.24
729 0.8
730 0.12
731 0.0
732 0.0
733 0.0
734 0.0
735 0.0
736 0.0
737 0.0
738 0.28
739 1.08
740 0.72
741 1.2
742 0.8
743 1.6
744 2.44
745 1.0
746 1.44
747 2.36
748 3.28
749 2.04
750 0.72
751 0.56
752 1.04
753 1.44
754 2.6
755 4.16
756 3.76
757 2.36
758 2.44
759 2.6
760 2.6
761 2.32
762 3.08
763 4.32
764 4.44
765 2.84
766 2.6
767 4.36
768 1.72
769 3.4
770 5.16
771 3.92
772 3.2
773 3.36
774 4.24
775 2.32
776 3.12
777 3.24
778 1.68
779 2.6
780 3.6
781 3.36
782 2.96
783 2.96
784 3.48
785 2.72
786 3.92
787 2.12
788 3.16
789 2.64
790 3.68
791 2.88
792 2.32
793 2.56
794 2.0
795 1.76
796 2.2
797 2.6
798 4.24
799 1.76
800 4.12
801 1.88
802 2.44
803 1.72
804 1.6
805 2.0
806 1.76
807 1.24
808 0.64
809 0.64
810 1.88
811 3.72
812 3.56
813 2.84
814 3.24
815 2.88
816 6.12
817 5.56
818 4.92
819 3.36
820 1.08
821 6.0
822 6.16
823 2.92
824 5.16
825 5.8
826 0.56
827 1.72
828 2.4
829 3.4
830 1.44
831 4.56
832 6.12
833 5.84
834 9.28
835 11.2
836 8.92
837 9.44
838 6.72
839 3.48
840 5.56
841 7.96
842 7.36
843 10.04
844 10.24
845 11.92
846 12.64
847 9.12
848 11.12
849 10.76
850 12.2
851 9.48
852 11.0
853 14.6
854 12.64
855 12.64
856 10.04
857 11.8
858 7.84
859 13.32
860 13.32
861 8.56
862 10.56
863 9.96
864 7.72
865 5.68
866 7.12
867 7.48
868 7.6
869 7.16
870 4.28
871 8.48
872 7.24
873 8.4
874 12.28
875 12.28
876 13.64
877 11.0
878 9.04
879 16.64
880 18.92
881 16.36
882 12.04
883 13.04
884 18.0
885 16.4
886 15.4
887 13.84
888 13.4
889 12.36
890 9.88
891 14.92
892 3.24
893 8.12
894 4.84
895 5.88
896 6.84
897 6.8
898 7.28
