0 17.6
1 33.04
2 30.72
3 28.4
4 21.8
5 18.24
6 14.08
7 8.32
8 13.96
9 12.28
10 10.12
11 18.8
12 22.04
13 9.24
14 10.28
15 6.32
16 9.24
17 5.04
18 6.92
19 7.52
20 6.64
21 9.2
22 7.0
23 5.96
24 2904.0
25 0.0
26 260.4
27 6.24
28 8.04
29 8.16
30 12.72
31 16.72
32 13.24
33 11.96
34 9.8
35 9.4
36 14.64
37 10.6
38 7.68
39 8.96
40 8.32
41 14.04
42 14.68
43 17.0
44 15.04
45 14.2
46 14.04
47 13.6
48 13.64
49 14.08
50 7.28
51 6.92
52 7.36
53 11.32
54 10.08
55 10.84
56 11.52
57 11.0
58 9.8
59 4.92
60 4.6
61 6.6
62 9.04
63 6.68
64 6.96
65 6.48
66 8.92
67 8.4
68 6.84
69 12.0
70 12.56
71 8.72
72 10.24
73 9.6
74 8.76
75 10.92
76 8.68
77 6.6
78 3552.0
79 5.2
80 8.76
81 6.16
82 12.92
83 11.84
84 14.68
85 5.16
86 13.36
87 13.2
88 13.36
89 20.84
90 16.12
91 10.0
92 18.08
93 23.32
94 26.64
95 22.84
96 12.64
97 15.72
98 15.76
99 17.04
100 22.84
101 18.72
102 23.48
103 13.96
104 7.0
105 9.08
106 7.48
107 7.12
108 5.16
109 3984.0
110 4.24
111 3336.0
112 3772.0
113 4.16
114 7.36
115 6.48
116 8.04
117 8.8
118 7.4
119 9.8
120 8.64
121 5.84
122 5.32
123 9.24
124 8.92
125 11.68
126 11.48
127 11.4
128 11.0
129 5.16
130 8.24
131 8.8
132 5.56
133 5.56
134 5.6
135 10.8
136 10.32
137 18.84
138 13.48
139 12.04
140 11.36
141 5.36
142 6.08
143 5.12
144 10.4
145 4.76
146 0.0
147 4.72
148 8.2
149 8.76
150 12.36
151 12.96
152 9.4
153 9.44
154 11.24
155 9.36
156 11.68
157 8.44
158 14.08
159 16.72
160 14.72
161 17.36
162 20.76
163 13.64
164 17.4
165 12.8
166 14.64
167 8.4
168 11.88
169 5.8
170 1212.0
171 6.16
172 7.0
173 3988.0
174 8.16
175 10.92
176 9.16
177 5.56
178 6.8
179 12.84
180 9.88
181 13.36
182 8.92
183 12.48
184 15.6
185 19.28
186 18.16
187 12.2
188 10.4
189 10.4
190 13.68
191 11.8
192 11.96
193 8.76
194 11.24
195 9.16
196 9.44
197 11.8
198 15.12
199 10.48
200 15.48
201 17.0
202 14.12
203 14.28
204 12.12
205 15.24
206 7.96
207 12.04
208 13.12
209 11.12
210 9.08
211 5.44
212 6.84
213 5.16
214 6.12
215 6.88
216 9.76
217 14.12
218 15.76
219 8.2
220 11.04
221 5.76
222 8.0
223 7.88
224 6.84
225 7.12
226 8.16
227 9.6
228 9.52
229 6.68
230 6.4
231 6.84
232 9.72
233 9.08
234 7.8
235 8.12
236 10.92
237 11.0
238 8.36
239 4.68
240 10.4
241 13.96
242 10.04
243 10.92
244 7.68
245 8.44
246 8.48
247 13.68
248 9.36
249 7.96
250 15.96
251 12.68
252 13.04
253 11.8
254 9.88
255 10.44
256 12.0
257 10.24
258 18.44
259 10.76
260 8.04
261 8.68
262 6.92
263 10.24
264 8.44
265 10.64
266 10.84
267 11.32
268 9.44
269 8.52
270 2424.0
271 2816.0
272 4.32
273 1908.0
274 7.36
275 3812.0
276 1084.0
277 130.0
278 0.0
279 4.84
280 8.48
281 8.16
282 9.84
283 9.24
284 10.72
285 7.76
286 7.08
287 1688.0
288 0.0
289 0.0
290 2168.0
291 5.64
292 4.48
293 1864.0
294 6.16
295 6.4
296 389.6
297 0.0
298 1996.0
299 86.4
300 2340.0
301 1388.0
302 3900.0
303 3684.0
304 5.4
305 3508.0
306 3120.0
307 3900.0
308 1776.0
309 1820.0
310 1732.0
311 2556.0
312 2340.0
313 2428.0
314 2948.0
315 648.0
316 0.0
317 2732.0
318 1732.0
319 520.0
320 2820.0
321 2688.0
322 2384.0
323 3380.0
324 952.0
325 3380.0
326 2600.0
327 2296.0
328 2384.0
329 2036.0
330 2340.0
331 3336.0
332 2948.0
333 4.64
334 9.16
335 9.08
336 8.92
337 12.08
338 12.44
339 13.0
340 13.04
341 17.04
342 14.72
343 14.04
344 11.48
345 9.4
346 7.6
347 5.84
348 5.8
349 7.88
350 9.48
351 6.72
352 9.72
353 13.76
354 16.04
355 12.4
356 13.0
357 12.12
358 9.72
359 8.84
360 9.2
361 7.64
362 9.88
363 8.68
364 13.76
365 16.28
366 12.72
367 15.76
368 14.2
369 12.48
370 12.68
371 9.32
372 7.88
373 6.4
374 6.16
375 5.12
376 6.56
377 8.64
378 9.48
379 9.24
380 10.32
381 7.24
382 21.36
383 21.8
384 23.88
385 21.96
386 15.2
387 11.52
388 12.56
389 8.68
390 9.96
391 9.96
392 14.68
393 11.48
394 9.52
395 10.4
396 12.12
397 13.36
398 14.12
399 10.92
400 10.64
401 8.92
402 8.92
403 8.56
404 9.44
405 9.8
406 3596.0
407 8.44
408 5.56
409 7.0
410 9.0
411 11.36
412 11.16
413 17.04
414 12.28
415 16.8
416 11.76
417 13.4
418 15.72
419 20.64
420 11.04
421 9.88
422 6.92
423 12.12
424 14.64
425 12.12
426 13.56
427 16.68
428 11.0
429 15.04
430 16.0
431 13.52
432 15.32
433 18.64
434 10.12
435 7.44
436 6.76
437 4.76
438 5.44
439 7.52
440 9.36
441 11.8
442 12.32
443 17.92
444 15.68
445 12.92
446 13.76
447 14.92
448 10.84
449 6.92
450 7.28
451 6.84
452 10.64
453 10.2
454 11.04
455 9.52
456 13.08
457 14.4
458 15.44
459 18.28
460 15.0
461 8.04
462 10.76
463 8.92
464 7.72
465 10.4
466 8.52
467 8.96
468 7.32
469 3856.0
470 3944.0
471 2208.0
472 6.4
473 8.32
474 9.0
475 13.44
476 16.28
477 12.48
478 15.96
479 16.72
480 18.12
481 17.56
482 6.12
483 6.8
484 10.72
485 11.0
486 9.88
487 10.4
488 12.64
489 11.16
490 10.56
491 10.04
492 9.36
493 9.56
494 10.96
495 6.6
496 11.36
497 17.4
498 12.32
499 6.16
500 9.84
501 14.48
502 11.92
503 9.08
504 7.0
505 8.16
506 9.96
507 13.68
508 18.64
509 13.0
510 17.52
511 16.52
512 17.48
513 15.52
514 13.36
515 12.0
516 11.8
517 12.0
518 13.32
519 9.4
520 8.2
521 6.72
522 8.96
523 10.4
524 10.96
525 12.2
526 15.56
527 10.24
528 6.84
529 8.12
530 9.72
531 6.48
532 5.12
533 11.08
534 9.2
535 8.56
536 12.64
537 12.12
538 7.52
539 11.32
540 9.68
541 9.2
542 8.32
543 15.12
544 17.4
545 15.04
546 10.24
547 10.48
548 8.92
549 12.4
550 8.24
551 8.44
552 7.76
553 9.44
554 7.8
555 12.12
556 12.56
557 10.04
558 9.88
559 8.84
560 10.64
561 13.32
562 14.52
563 15.44
564 14.04
565 9.0
566 7.44
567 7.6
568 9.24
569 12.0
570 9.72
571 13.0
572 17.48
573 17.0
574 20.24
575 16.8
576 10.48
577 6.28
578 4.76
579 8.32
580 11.68
581 15.4
582 12.96
583 16.8
584 14.2
585 12.64
586 15.0
587 19.12
588 22.36
589 27.4
590 25.92
591 16.76
592 15.76
593 13.88
594 13.96
595 15.24
596 18.48
597 13.96
598 9.92
599 11.36
600 9.52
601 7.96
602 12.08
603 9.56
604 7.44
605 13.16
606 14.4
607 13.0
608 9.4
609 10.88
610 9.52
611 8.76
612 9.76
613 7.84
614 12.12
615 14.0
616 10.44
617 7.44
618 8.84
619 9.48
620 12.2
621 13.24
622 15.64
623 12.56
624 9.96
625 9.76
626 9.16
627 7.2
628 4.84
629 7.64
630 8.48
631 8.36
632 9.84
633 8.32
634 7.64
635 12.92
636 14.72
637 9.48
638 13.48
639 14.28
640 10.12
641 9.84
642 6.12
643 7.84
644 7.28
645 8.68
646 5.4
647 520.0
648 6.36
649 8.64
650 11.76
651 19.44
652 19.08
653 20.96
654 12.64
655 11.36
656 12.48
657 11.52
658 9.08
659 8.8
660 9.56
661 9.36
662 9.16
663 11.8
664 11.76
665 12.56
666 13.4
667 11.4
668 8.32
669 9.48
670 13.52
671 12.6
672 7.72
673 9.2
674 13.76
675 11.6
676 9.72
677 9.48
678 10.08
679 8.84
680 7.96
681 8.76
682 7.12
683 7.8
684 9.12
685 11.0
686 11.96
687 8.72
688 12.36
689 12.4
690 9.8
691 10.76
692 10.32
693 0.0
694 5.56
695 13.6
696 12.4
697 14.12
698 9.72
699 9.32
700 14.24
701 15.52
702 15.0
703 20.64
704 19.72
705 20.8
706 16.44
707 10.56
708 7.28
709 8.64
710 4.16
711 7.4
712 7.2
713 8.0
714 11.28
715 15.0
716 18.28
717 12.08
718 10.84
719 12.64
720 7.08
721 12.16
722 14.68
723 14.72
724 21.04
725 21.56
726 7.84
727 12.32
728 18.68
729 10.6
730 15.6
731 15.24
732 15.12
733 11.12
734 4.72
735 19.6
736 22.84
737 20.08
738 23.4
739 17.28
740 12.68
741 10.0
742 14.04
743 18.12
744 21.4
745 11.44
746 12.4
747 13.44
748 14.48
749 13.44
750 16.6
751 12.08
752 18.52
753 20.4
754 12.16
755 11.24
756 10.2
757 10.6
758 12.6
759 13.64
760 11.76
761 16.76
762 17.64
763 13.4
764 15.24
765 20.72
766 19.04
767 16.48
768 17.72
769 17.24
770 21.76
771 17.6
772 14.2
773 12.44
774 17.88
775 14.92
776 14.2
777 21.68
778 24.08
779 23.36
780 21.56
781 20.92
782 19.92
783 10.48
784 10.76
785 11.16
786 12.84
787 9.36
788 9.44
789 11.36
790 10.92
791 14.56
792 14.0
793 13.4
794 14.96
795 13.4
796 12.2
797 11.8
798 14.72
799 12.28
800 11.48
801 13.76
802 13.12
803 10.88
804 9.72
805 11.68
806 10.2
807 10.0
808 15.92
809 16.32
810 14.96
811 13.6
812 12.56
813 14.36
814 16.88
815 16.68
816 12.36
817 12.68
818 13.96
819 16.72
820 18.24
821 18.96
822 16.08
823 11.32
824 11.36
825 14.2
826 16.24
827 11.24
828 15.2
829 9.68
830 10.84
831 9.16
832 7.2
833 6.2
834 6.76
835 5.88
836 11.68
837 13.52
838 11.08
839 14.12
840 12.84
841 14.56
842 15.8
843 12.52
844 9.72
845 18.64
846 15.24
847 23.68
848 13.52
849 14.64
850 17.36
851 16.56
852 13.24
853 14.56
854 10.84
855 12.84
856 15.44
857 15.0
858 12.2
859 10.76
860 8.68
861 8.56
862 9.28
863 8.2
864 16.36
865 16.84
866 16.8
867 20.12
868 18.12
869 20.36
870 14.72
871 12.6
872 10.36
873 15.08
874 11.6
875 13.52
876 12.04
877 14.48
878 13.08
879 12.92
880 14.72
881 11.92
882 18.4
883 14.56
884 6.56
885 7.4
886 7.12
887 7.8
888 10.76
889 12.2
890 17.52
891 17.24
892 10.32
893 11.88
894 12.12
895 11.88
896 14.8
897 14.24
898 14.6
899 14.8
900 8.76
901 6.92
902 8.16
903 7.28
904 8.4
905 11.8
906 12.92
907 14.4
908 14.52
909 12.28
910 12.12
911 13.16
912 13.96
913 16.12
914 7.28
915 6.76
916 8.52
917 10.44
918 8.48
919 10.4
920 9.08
921 12.64
922 11.28
923 11.52
924 11.56
925 15.04
926 9.28
927 8.92
928 8.48
929 11.16
930 14.8
931 11.24
932 12.08
933 14.04
934 13.24
935 15.32
936 12.2
937 9.48
938 8.88
939 8.56
940 8.36
941 6.04
942 4.64
943 4.88
944 6.48
945 10.12
946 11.08
947 9.8
948 12.84
949 11.36
950 5.44
951 7.36
952 6.92
953 12.12
954 11.8
955 12.48
956 10.08
957 14.08
958 14.48
959 14.72
960 15.28
961 12.52
962 6.68
963 11.8
964 13.44
965 12.64
966 9.16
967 9.56
968 9.24
969 7.16
970 6.48
971 7.72
972 7.72
973 6.84
974 7.84
975 12.28
976 13.84
977 13.4
978 11.28
979 11.8
980 8.8
981 8.28
982 9.72
983 12.52
984 12.08
985 8.76
986 6.84
987 11.4
988 11.32
989 13.68
990 14.56
991 12.12
992 6.6
993 9.8
994 12.12
995 13.68
996 10.56
997 12.84
998 12.04
999 10.48
1000 12.84
1001 13.68
1002 9.28
1003 12.32
1004 10.84
1005 11.84
1006 9.04
1007 9.28
1008 10.12
1009 10.44
1010 4.92
1011 10.48
1012 14.0
1013 12.72
1014 9.44
1015 13.36
1016 15.4
1017 17.0
1018 18.4
1019 17.08
1020 18.32
1021 13.36
1022 12.96
1023 17.16
1024 14.04
1025 10.88
1026 8.88
1027 13.08
1028 11.04
1029 10.8
1030 10.12
1031 13.0
1032 14.4
1033 16.36
1034 9.92
1035 12.64
1036 13.84
1037 17.68
1038 8.16
1039 8.48
1040 5.56
1041 9.44
1042 10.92
1043 10.32
1044 7.16
1045 8.0
1046 10.48
1047 14.2
1048 14.8
1049 13.32
1050 9.84
1051 9.0
1052 9.16
1053 8.92
1054 9.76
1055 8.48
1056 10.24
1057 12.2
1058 11.08
1059 11.56
1060 14.16
1061 12.8
1062 12.88
1063 15.4
1064 10.8
1065 7.2
1066 5.08
1067 5.68
1068 7.72
1069 6.76
1070 6.84
1071 4.76
1072 6.08
1073 8.16
1074 5.2
1075 4.52
1076 5.36
1077 6.4
1078 7.28
1079 8.76
1080 7.76
1081 2988.0
1082 8.84
1083 8.28
1084 8.36
1085 9.08
1086 7.2
1087 5.08
1088 4.2
1089 5.44
1090 4.56
1091 8.0
1092 9.0
1093 10.12
1094 10.24
1095 4.32
1096 7.72
1097 12.72
1098 8.92
1099 10.4
1100 6.24
1101 7.12
1102 9.2
1103 7.28
1104 7.8
1105 5.72
1106 9.96
1107 7.8
1108 9.36
1109 7.52
1110 7.64
1111 11.8
1112 9.6
1113 8.56
1114 5.64
1115 6.24
1116 5.8
1117 9.44
1118 11.64
1119 10.0
1120 10.12
1121 12.48
1122 6.84
1123 8.92
1124 6.64
1125 11.48
1126 16.2
1127 9.04
1128 8.8
1129 9.44
1130 12.12
1131 13.44
1132 10.56
1133 14.08
1134 9.48
1135 10.84
1136 9.28
1137 5.16
1138 3944.0
1139 5.8
1140 8.24
1141 9.6
1142 5.12
1143 4.08
1144 5.28
1145 8.68
1146 3120.0
1147 9.96
1148 12.72
1149 12.0
1150 10.28
1151 10.04
1152 7.08
1153 12.68
1154 10.96
1155 10.2
1156 7.44
1157 6.84
1158 5.16
1159 8.4
1160 7.4
1161 8.84
1162 10.08
1163 5.6
1164 5.28
1165 4.92
1166 5.0
1167 1648.0
1168 3164.0
1169 7.48
1170 7.48
1171 6.96
1172 4.56
1173 5.84
1174 7.76
1175 7.44
1176 5.0
1177 4.8
1178 3988.0
1179 4.68
1180 6.76
1181 6.08
1182 7.24
1183 8.44
1184 6.8
1185 7.12
1186 8.68
1187 8.4
1188 8.12
1189 6.08
1190 7.84
1191 6.88
1192 6.44
1193 4.6
1194 10.96
1195 7.64
1196 6.28
1197 5.4
1198 4.12
1199 2600.0
1200 3900.0
1201 3944.0
1202 1128.0
1203 780.0
1204 4.88
1205 824.0
1206 0.0
1207 1604.0
1208 648.0
1209 0.0
1210 2384.0
1211 4.92
1212 4.64
1213 4.24
1214 5.16
1215 5.72
1216 5.8
1217 4.56
1218 4.2
1219 3812.0
1220 6.2
1221 6.56
1222 6.08
1223 5.92
1224 6.08
1225 7.2
1226 8.12
1227 5.6
1228 5.52
1229 5.68
1230 5.92
1231 6.36
1232 6.84
1233 9.44
1234 6.84
1235 9.4
1236 9.16
1237 7.76
1238 6.68
1239 5.68
1240 5.0
1241 3508.0
1242 4.36
1243 4.72
1244 4.24
1245 4.2
1246 3768.0
1247 4.92
1248 5.08
1249 4.72
1250 5.84
1251 4.88
1252 7.52
1253 5.96
1254 10.08
1255 9.84
1256 6.88
1257 10.24
1258 6.64
1259 7.2
1260 8.84
1261 7.8
1262 9.08
1263 12.32
1264 10.4
1265 14.88
1266 16.0
1267 8.32
1268 8.92
1269 12.72
1270 11.16
1271 12.96
1272 10.6
1273 11.36
1274 8.36
1275 4.56
1276 9.12
1277 6.2
1278 8.84
1279 8.88
1280 9.0
1281 9.96
1282 10.4
1283 10.76
1284 11.24
1285 9.76
1286 6.68
1287 5.56
1288 4.68
1289 6.88
1290 8.36
1291 11.68
1292 7.88
1293 9.36
1294 11.88
1295 10.72
1296 15.32
1297 9.92
1298 9.32
1299 6.64
1300 11.8
1301 7.88
1302 11.48
1303 10.64
1304 9.36
1305 12.56
1306 17.28
1307 12.36
1308 9.88
1309 9.56
1310 8.16
1311 8.56
1312 9.72
1313 9.8
1314 13.92
1315 12.0
1316 9.0
1317 11.68
1318 13.72
1319 13.96
1320 17.0
1321 12.44
1322 15.84
1323 15.52
1324 11.44
1325 3768.0
1326 2208.0
1327 6.8
1328 11.36
1329 10.28
1330 11.08
1331 14.56
1332 8.92
1333 11.76
1334 8.8
1335 9.36
1336 12.96
1337 10.96
1338 8.68
1339 9.08
1340 9.0
1341 7.8
1342 10.12
1343 8.84
1344 8.76
1345 13.16
1346 13.88
1347 13.68
1348 14.44
1349 10.8
1350 9.76
1351 8.52
1352 6.48
1353 6.16
1354 7.68
1355 8.8
1356 8.76
1357 9.88
1358 12.48
1359 12.32
1360 9.56
1361 7.48
1362 13.08
1363 12.92
1364 9.44
1365 8.16
1366 8.32
1367 12.2
1368 9.96
1369 7.48
1370 14.08
1371 9.2
1372 8.96
1373 10.36
1374 15.16
1375 11.36
1376 6.76
1377 12.32
1378 12.32
1379 11.36
1380 7.28
1381 9.96
1382 9.88
1383 8.48
1384 9.72
1385 12.84
1386 9.36
1387 10.04
1388 5.64
1389 7.36
1390 9.0
1391 11.16
1392 9.6
1393 9.4
1394 15.72
1395 15.96
1396 14.92
1397 9.8
1398 9.36
1399 15.24
1400 12.92
1401 13.6
1402 9.2
1403 11.0
1404 12.6
1405 13.2
1406 11.48
1407 7.68
1408 15.4
1409 14.12
1410 10.48
1411 10.44
1412 7.6
1413 9.48
1414 9.44
1415 11.08
1416 7.48
1417 9.84
1418 10.12
1419 11.28
1420 10.8
1421 9.76
1422 8.32
1423 8.4
1424 8.16
1425 10.64
1426 11.28
1427 10.96
1428 11.8
1429 11.76
1430 10.92
1431 8.84
1432 16.28
1433 15.44
1434 12.2
1435 8.84
1436 11.08
1437 7.96
1438 8.24
1439 10.64
1440 13.72
1441 16.0
1442 18.24
1443 14.48
1444 8.32
1445 10.52
1446 12.32
1447 14.0
1448 15.92
1449 14.12
1450 17.0
1451 12.92
1452 11.08
1453 8.56
1454 7.88
1455 5.04
1456 8.6
1457 7.08
1458 4.28
1459 8.84
1460 9.8
1461 11.44
1462 7.8
1463 7.0
1464 7.52
1465 13.4
1466 14.88
1467 15.0
1468 7.72
1469 8.84
1470 10.52
1471 10.88
1472 6.76
1473 5.8
1474 6.32
1475 6.16
1476 10.04
1477 7.48
1478 9.4
1479 6.6
1480 7.32
1481 8.88
1482 12.4
1483 9.72
1484 14.28
1485 9.28
1486 7.2
1487 11.08
1488 7.2
1489 10.92
1490 10.4
1491 8.36
1492 7.32
1493 7.2
1494 6.64
1495 7.48
1496 10.12
1497 14.12
1498 5.96
1499 9.52
1500 16.88
1501 9.88
1502 9.52
1503 10.64
1504 11.16
1505 4.4
1506 12.92
1507 8.56
1508 7.96
1509 11.96
1510 10.56
1511 14.72
1512 14.2
1513 14.68
1514 17.2
1515 9.08
1516 11.64
1517 7.32
1518 9.96
1519 12.48
1520 13.88
1521 9.28
1522 10.56
1523 9.88
1524 11.44
1525 9.08
1526 8.28
1527 14.8
1528 10.6
1529 7.16
1530 6.72
1531 6.48
1532 5.2
1533 11.36
1534 7.28
1535 5.96
1536 5.24
1537 4.36
1538 5.8
1539 8.48
1540 9.4
1541 11.92
1542 10.56
1543 8.84
1544 7.36
1545 9.8
1546 8.84
1547 7.52
1548 8.48
1549 9.8
1550 8.92
1551 9.96
1552 10.56
1553 9.8
1554 11.28
1555 6.48
1556 9.52
1557 10.04
1558 11.16
1559 16.24
1560 13.2
1561 9.44
1562 13.76
1563 14.68
1564 13.2
1565 15.72
1566 15.04
1567 12.2
1568 7.96
1569 7.8
1570 7.0
1571 8.2
1572 9.2
1573 13.92
1574 13.16
1575 9.6
1576 12.68
1577 13.56
1578 11.96
1579 8.24
1580 10.24
1581 11.96
1582 12.56
1583 7.08
1584 10.36
1585 9.44
1586 9.0
1587 6.68
1588 4.68
1589 14.4
1590 11.76
1591 11.76
1592 13.88
1593 14.88
1594 14.36
1595 12.4
1596 14.92
1597 12.28
1598 11.6
1599 15.8
1600 10.92
1601 11.0
1602 10.2
1603 9.92
1604 12.56
1605 14.64
1606 7.96
1607 9.36
1608 6.92
1609 12.88
1610 15.8
1611 15.28
1612 18.4
1613 20.64
1614 13.08
1615 13.6
1616 15.84
1617 19.16
1618 17.48
1619 19.4
1620 20.76
1621 14.28
1622 11.6
1623 15.84
1624 18.6
1625 16.6
1626 15.72
1627 20.4
1628 20.28
1629 14.36
1630 19.08
1631 12.6
1632 20.16
1633 17.84
1634 19.12
1635 15.68
1636 13.96
1637 13.2
1638 15.4
1639 10.32
1640 6.92
1641 6.56
1642 12.96
1643 10.32
1644 15.04
1645 16.84
1646 18.76
1647 20.16
1648 17.92
1649 17.4
1650 14.2
1651 12.64
1652 12.72
1653 8.2
1654 5.92
1655 8.48
1656 11.68
1657 12.8
1658 8.36
1659 9.88
1660 7.52
1661 7.88
1662 9.08
1663 9.16
1664 8.68
1665 12.96
1666 13.0
1667 13.84
1668 12.6
1669 14.2
1670 16.04
1671 18.88
1672 24.96
1673 22.52
1674 27.04
1675 24.16
1676 14.6
1677 19.88
1678 15.08
1679 19.6
1680 16.12
1681 16.64
1682 22.28
1683 19.32
1684 12.32
1685 7.64
1686 9.56
1687 12.44
1688 15.32
1689 17.6
1690 16.12
1691 25.84
1692 24.72
1693 20.48
1694 12.92
1695 19.68
1696 17.24
1697 18.44
1698 15.32
1699 11.08
1700 16.04
1701 11.36
1702 12.44
1703 12.88
1704 11.88
1705 13.48
1706 11.56
1707 11.08
1708 6.84
1709 13.6
1710 13.08
1711 17.92
1712 18.28
1713 18.4
1714 17.88
1715 11.84
1716 11.84
1717 13.24
1718 16.08
1719 12.68
1720 16.72
1721 17.16
1722 16.0
1723 18.2
1724 18.52
1725 15.32
1726 15.0
1727 22.36
1728 17.84
1729 13.08
1730 13.48
1731 12.88
1732 21.24
1733 19.56
1734 19.72
1735 9.92
1736 6.72
1737 10.04
1738 16.48
1739 11.8
1740 12.84
1741 12.2
1742 10.04
1743 6.08
1744 7.08
1745 4.8
1746 3076.0
1747 7.48
1748 6.68
1749 9.72
1750 9.8
1751 17.0
1752 14.96
1753 18.6
1754 17.68
1755 22.64
1756 23.88
1757 18.28
1758 8.68
1759 11.16
1760 9.72
1761 8.84
1762 8.24
1763 5.44
1764 7.8
1765 7.96
1766 11.44
1767 10.92
1768 11.76
1769 20.24
1770 21.52
1771 20.44
1772 14.08
1773 12.12
1774 7.52
1775 13.36
1776 13.68
1777 11.68
1778 13.96
1779 12.64
1780 11.92
1781 14.24
1782 10.24
1783 7.36
1784 6.48
1785 8.24
1786 15.52
1787 12.72
1788 7.64
1789 5.56
1790 7.32
1791 5.76
1792 5.8
1793 9.44
1794 11.68
1795 11.56
1796 9.92
1797 9.32
1798 12.2
1799 11.4
1800 14.2
1801 18.72
1802 17.04
1803 11.76
1804 11.76
1805 12.0
1806 10.92
1807 9.56
1808 12.4
1809 13.76
1810 15.76
1811 12.0
1812 11.04
1813 11.16
1814 8.0
1815 9.0
1816 7.92
1817 6.68
1818 1472.0
1819 5.24
1820 6.6
1821 5.2
1822 9.52
1823 12.96
1824 6.64
1825 7.72
1826 8.16
1827 7.44
1828 10.32
1829 8.76
1830 7.6
1831 8.92
1832 8.64
1833 12.36
1834 11.68
1835 8.92
1836 12.28
1837 11.16
1838 17.28
1839 12.32
1840 18.88
1841 16.04
1842 11.88
1843 17.0
1844 18.64
1845 15.6
1846 18.68
1847 20.88
1848 17.48
1849 26.24
1850 14.28
1851 21.64
1852 22.56
1853 15.56
1854 18.08
1855 12.72
1856 16.64
1857 20.36
1858 17.76
1859 16.28
1860 15.24
1861 6.4
1862 13.36
1863 11.6
1864 11.92
1865 16.12
1866 19.96
1867 11.96
1868 7.12
1869 11.36
1870 7.88
1871 7.0
1872 9.52
1873 12.56
1874 17.6
1875 14.6
1876 18.4
1877 8.68
1878 11.28
1879 6.16
1880 3468.0
1881 7.28
1882 3728.0
1883 5.36
1884 7.2
1885 9.36
1886 9.68
1887 12.16
1888 11.16
1889 12.96
1890 15.6
1891 8.2
1892 7.88
1893 9.8
1894 9.6
1895 9.36
1896 10.56
1897 10.76
1898 13.96
1899 12.48
1900 10.24
1901 8.2
1902 8.12
1903 7.4
1904 10.36
1905 15.48
1906 13.24
1907 11.04
1908 10.0
1909 5.68
1910 5.08
1911 6.72
1912 5.44
1913 7.8
1914 6.84
1915 10.36
1916 10.72
1917 9.96
1918 9.8
1919 12.52
1920 17.04
1921 10.24
1922 6.16
1923 8.84
1924 8.92
1925 11.36
1926 8.48
1927 7.64
1928 5.96
1929 8.16
1930 13.32
1931 15.8
1932 7.2
1933 4.52
1934 7.28
1935 9.44
1936 10.8
1937 8.2
1938 9.52
1939 9.44
1940 9.72
1941 10.48
1942 7.64
1943 8.56
1944 12.2
1945 10.56
1946 12.64
1947 12.12
1948 11.44
1949 5.2
1950 6.08
1951 5.64
1952 7.96
1953 8.76
1954 10.48
1955 10.64
1956 5.72
1957 8.32
1958 10.84
1959 14.2
1960 15.96
1961 16.32
1962 12.36
1963 13.36
1964 12.64
1965 11.4
1966 14.36
1967 12.64
1968 13.16
1969 14.6
1970 10.72
1971 15.84
1972 16.48
1973 16.68
1974 13.08
1975 11.64
1976 9.28
1977 6.08
1978 11.88
1979 9.2
1980 9.08
1981 7.96
1982 6.68
1983 8.84
1984 8.56
1985 6.32
1986 7.6
1987 7.8
1988 8.28
1989 9.08
1990 6.96
1991 8.24
1992 14.4
1993 15.64
1994 14.48
1995 9.4
1996 9.0
1997 8.2
1998 7.36
1999 9.44
2000 9.72
2001 6.92
2002 9.52
2003 8.84
2004 9.28
2005 7.64
2006 9.72
2007 8.72
2008 8.0
2009 13.84
2010 12.44
2011 11.6
2012 12.12
2013 8.4
2014 9.08
2015 9.2
2016 10.76
2017 13.6
2018 14.76
2019 13.88
2020 10.44
2021 8.4
2022 6.72
2023 3596.0
2024 5.88
2025 9.0
2026 11.8
2027 11.36
2028 9.96
2029 7.88
2030 7.44
2031 8.84
2032 11.8
2033 11.96
2034 10.04
2035 9.28
2036 9.28
2037 9.28
2038 8.04
2039 11.56
2040 14.76
2041 8.16
2042 8.56
2043 10.2
2044 11.76
2045 14.08
2046 12.8
2047 11.44
2048 10.56
2049 8.68
2050 11.4
2051 9.8
2052 13.2
2053 15.76
2054 12.36
2055 9.04
2056 7.6
2057 8.72
2058 10.48
2059 11.32
2060 8.0
2061 9.8
2062 12.12
2063 9.6
2064 10.24
2065 8.56
2066 8.24
2067 8.16
2068 7.52
2069 7.44
2070 9.96
2071 13.16
2072 12.56
2073 15.96
2074 13.16
2075 11.28
2076 8.52
2077 9.92
2078 10.96
2079 9.76
2080 11.4
2081 9.88
2082 10.28
2083 13.52
2084 15.96
2085 17.8
2086 14.76
2087 13.76
2088 11.44
2089 13.52
2090 7.8
2091 6.92
2092 7.88
2093 6.48
2094 7.52
2095 12.16
2096 16.04
2097 12.4
2098 10.32
2099 7.84
2100 7.36
2101 10.56
2102 7.36
2103 5.44
2104 7.88
2105 7.72
2106 12.2
2107 9.72
2108 14.48
2109 8.44
2110 13.4
2111 12.92
2112 11.24
2113 9.32
2114 8.84
2115 14.56
2116 11.84
2117 12.56
2118 15.48
2119 12.64
2120 10.36
2121 11.32
2122 15.72
2123 17.56
2124 16.04
2125 16.48
2126 18.16
2127 14.52
2128 9.72
2129 5.96
2130 5.56
2131 5.64
2132 10.2
2133 11.12
2134 11.84
2135 9.56
2136 6.92
2137 10.32
2138 8.24
2139 9.72
2140 6.92
2141 12.08
2142 11.0
2143 10.12
2144 14.28
2145 13.92
2146 14.04
2147 16.88
2148 16.96
2149 11.4
2150 11.64
2151 14.16
2152 16.12
2153 17.2
2154 17.36
2155 13.08
2156 8.32
2157 13.36
2158 11.28
2159 4.24
2160 6.96
2161 5.84
2162 8.56
2163 10.4
2164 8.56
2165 8.32
2166 6.6
2167 7.72
2168 5.96
2169 6.48
2170 6.84
2171 9.56
2172 10.08
2173 12.36
2174 13.36
2175 9.36
2176 8.12
2177 6.08
2178 4.2
2179 2384.0
2180 3120.0
2181 2860.0
2182 7.6
2183 7.48
2184 7.72
2185 10.84
2186 10.24
2187 10.28
2188 8.28
2189 6.48
2190 7.88
2191 7.64
2192 9.24
2193 6.72
2194 7.36
2195 9.6
2196 9.0
2197 11.52
2198 15.76
2199 13.04
2200 15.64
2201 17.08
2202 10.0
2203 16.08
2204 9.48
2205 10.08
2206 14.0
2207 8.96
2208 8.36
2209 7.84
2210 10.12
2211 5.96
2212 9.6
2213 11.36
2214 12.36
2215 10.44
2216 7.72
2217 5.96
2218 6.32
2219 6.76
2220 9.0
2221 11.88
2222 9.2
2223 12.4
2224 17.72
2225 14.24
2226 11.8
2227 10.6
2228 11.16
2229 9.56
2230 11.36
2231 9.56
2232 14.24
2233 16.36
2234 12.72
2235 11.84
2236 6.72
2237 12.92
2238 8.32
2239 8.88
2240 9.56
2241 7.84
2242 7.32
2243 5.72
2244 5.96
2245 7.64
2246 13.2
2247 9.56
2248 9.6
2249 5.88
2250 7.68
2251 10.44
2252 11.8
2253 11.6
2254 14.12
2255 9.68
2256 9.48
2257 9.0
2258 7.44
2259 4.24
2260 7.64
2261 6.92
2262 4.84
2263 5.52
2264 4.48
2265 6.68
2266 7.96
2267 5.6
2268 8.88
2269 10.28
2270 9.76
2271 12.92
2272 7.52
2273 8.4
2274 9.2
2275 11.44
2276 10.72
2277 13.48
2278 11.48
2279 12.6
2280 13.0
2281 10.92
2282 10.24
2283 14.72
2284 15.2
2285 13.92
2286 13.6
2287 12.92
2288 12.6
2289 10.08
2290 7.52
2291 9.6
2292 7.44
2293 9.68
2294 8.32
2295 8.28
2296 10.88
2297 8.52
2298 9.2
2299 12.04
2300 10.76
2301 11.96
2302 9.56
2303 9.36
2304 8.32
2305 6.92
2306 9.96
2307 8.52
2308 8.2
2309 8.48
2310 0.0
2311 1128.0
2312 8.12
2313 8.92
2314 11.4
2315 7.0
2316 8.96
2317 8.68
2318 6.4
2319 7.44
2320 8.0
2321 3508.0
2322 3292.0
2323 3552.0
2324 2688.0
2325 5.04
2326 5.32
2327 5.76
2328 3380.0
2329 10.56
2330 11.12
2331 16.44
2332 17.32
2333 10.56
2334 9.6
2335 9.56
2336 11.88
2337 12.08
2338 14.76
2339 14.0
2340 19.4
2341 18.72
2342 12.2
2343 12.72
2344 14.64
2345 13.56
2346 13.76
2347 11.36
2348 18.84
2349 12.32
2350 7.72
2351 11.12
2352 15.56
2353 12.72
2354 13.56
2355 15.92
2356 17.04
2357 11.88
2358 13.76
2359 8.64
2360 6.84
2361 8.92
2362 12.36
2363 12.44
2364 12.6
2365 15.4
2366 19.24
2367 20.88
2368 14.12
2369 9.28
2370 10.92
2371 10.64
2372 7.8
2373 5.8
2374 6.68
2375 10.04
2376 12.36
2377 10.6
2378 6.68
2379 10.52
2380 9.16
2381 8.48
2382 7.64
2383 5.36
2384 5.28
2385 5.44
2386 4.92
2387 10.48
2388 8.4
2389 8.44
2390 8.44
2391 4.84
2392 7.72
2393 8.4
2394 8.48
2395 5.8
2396 7.0
2397 8.68
2398 10.84
2399 11.04
2400 16.16
2401 20.96
2402 15.48
2403 15.72
2404 12.92
2405 20.92
2406 17.12
2407 16.2
2408 13.92
2409 9.84
2410 13.24
2411 6.12
2412 17.8
2413 22.8
2414 8.76
2415 19.08
2416 15.84
2417 8.04
2418 9.6
2419 10.24
2420 9.88
2421 14.28
2422 9.72
2423 13.68
2424 9.88
2425 13.2
2426 13.16
2427 12.12
2428 13.04
2429 11.28
2430 16.56
2431 8.04
2432 9.28
2433 13.36
2434 14.92
2435 17.68
2436 23.4
2437 21.56
2438 14.88
2439 18.32
2440 12.92
2441 14.64
2442 15.52
2443 12.12
2444 18.52
2445 17.52
2446 13.72
2447 11.44
2448 16.12
2449 18.32
2450 15.96
2451 12.44
2452 15.0
2453 9.92
2454 12.68
2455 11.44
2456 15.52
2457 11.68
2458 6.92
2459 9.6
2460 10.44
2461 13.92
2462 15.6
2463 11.04
2464 16.64
2465 11.84
2466 12.84
2467 14.64
2468 10.24
2469 9.84
2470 17.64
2471 13.76
2472 14.36
2473 14.4
2474 11.56
2475 11.84
2476 10.2
2477 8.68
2478 11.6
2479 9.88
2480 12.92
2481 15.0
2482 12.84
2483 12.08
2484 7.4
2485 8.24
2486 10.48
2487 14.24
2488 10.08
2489 12.32
2490 9.52
2491 13.36
2492 16.64
2493 17.92
2494 15.84
2495 9.36
2496 8.16
2497 8.76
2498 11.88
2499 12.48
2500 12.56
2501 13.0
2502 14.28
2503 12.04
2504 12.88
2505 9.48
2506 12.4
2507 11.08
2508 10.92
2509 9.88
2510 10.76
2511 8.04
2512 8.04
2513 16.8
2514 13.08
2515 9.08
2516 1648.0
2517 5.2
2518 7.72
2519 9.88
2520 8.24
2521 8.44
2522 11.12
2523 6.84
2524 5.96
2525 7.2
2526 6.84
2527 5.6
2528 4.48
2529 6.32
2530 9.04
2531 7.52
2532 4.72
2533 8.84
2534 10.32
2535 13.6
2536 8.52
2537 6.04
2538 5.72
2539 7.88
2540 6.6
2541 10.56
2542 7.68
2543 9.32
2544 2904.0
2545 8.36
2546 9.88
2547 11.24
2548 11.88
2549 12.6
2550 11.8
2551 10.8
2552 9.36
2553 12.6
2554 9.36
2555 9.52
2556 9.84
2557 9.68
2558 9.36
2559 6.32
2560 692.0
2561 4.84
2562 4.56
2563 1344.0
2564 7.68
2565 7.84
2566 5.24
2567 5.16
2568 6.8
2569 3812.0
2570 0.0
2571 1216.0
2572 1428.0
2573 908.0
2574 216.8
2575 1212.0
2576 43.2
2577 652.0
2578 692.0
2579 260.0
2580 173.2
2581 0.0
2582 0.0
2583 216.8
2584 43.2
2585 0.0
2586 0.0
2587 0.0
2588 0.0
2589 86.8
2590 0.0
2591 0.0
2592 173.6
2593 0.0
2594 0.0
2595 173.6
2596 0.0
2597 0.0
2598 130.0
2599 1084.0
2600 1168.0
2601 1344.0
2602 908.0
2603 996.0
2604 996.0
2605 824.0
2606 43.2
2607 173.6
2608 173.2
2609 648.0
2610 996.0
2611 824.0
2612 0.0
2613 0.0
2614 0.0
2615 0.0
2616 0.0
2617 0.0
2618 0.0
2619 43.2
2620 303.2
2621 1256.0
2622 1776.0
2623 2252.0
2624 2168.0
2625 2860.0
2626 2512.0
2627 3252.0
2628 2164.0
2629 4.28
2630 1864.0
2631 1604.0
2632 2208.0
2633 2080.0
2634 1212.0
2635 1688.0
2636 259.6
2637 0.0
2638 0.0
2639 0.0
2640 0.0
2641 0.0
2642 86.8
2643 0.0
2644 692.0
2645 648.0
2646 390.0
2647 43.2
2648 1300.0
2649 1516.0
2650 2556.0
2651 5.76
2652 6.16
2653 8.16
2654 7.84
2655 6.04
2656 9.36
2657 9.28
2658 8.48
2659 9.88
2660 9.08
2661 6.84
2662 10.08
2663 14.44
2664 14.48
2665 5.96
2666 10.24
2667 11.44
2668 9.92
2669 10.88
2670 9.0
2671 9.04
2672 5.24
2673 6.84
2674 10.48
2675 4.16
2676 6.28
2677 7.08
2678 7.92
2679 4.4
2680 11.28
2681 8.4
2682 5.24
2683 2252.0
2684 692.0
2685 173.2
2686 0.0
2687 5.36
2688 11.88
2689 6.56
2690 8.56
2691 10.0
2692 10.64
2693 7.92
2694 14.24
2695 12.4
2696 11.12
2697 9.08
2698 8.28
2699 9.44
2700 9.88
2701 8.32
2702 5.28
2703 4.84
2704 4.84
2705 3856.0
2706 824.0
2707 1864.0
2708 2080.0
2709 1948.0
2710 3076.0
2711 2296.0
2712 1776.0
2713 3076.0
2714 564.0
2715 5.16
2716 9.16
2717 12.8
2718 10.76
2719 10.12
2720 7.44
2721 6.28
2722 3768.0
2723 520.0
2724 736.0
2725 1212.0
2726 1128.0
2727 0.0
2728 0.0
2729 956.0
2730 1128.0
2731 520.0
2732 2212.0
2733 2296.0
2734 2252.0
2735 3468.0
2736 4.6
2737 5.08
2738 6.24
2739 4.92
2740 7.28
2741 6.84
2742 6.24
2743 14.12
2744 10.24
2745 6.76
2746 7.6
2747 7.48
2748 8.32
2749 9.56
2750 12.0
2751 16.36
2752 14.52
2753 13.84
2754 11.64
2755 10.96
2756 11.88
2757 14.12
2758 17.56
2759 18.04
2760 16.8
2761 14.88
2762 10.12
2763 11.0
2764 14.48
2765 12.36
2766 11.24
2767 14.28
2768 12.64
2769 13.76
2770 16.24
2771 10.92
2772 10.24
2773 11.6
2774 14.24
2775 11.44
2776 15.48
2777 17.04
2778 18.96
2779 10.28
2780 15.8
2781 16.12
2782 14.96
2783 12.36
2784 10.48
2785 7.8
2786 11.28
2787 14.8
2788 13.36
2789 9.6
2790 16.32
2791 13.32
2792 18.76
2793 16.96
2794 8.4
2795 9.92
2796 11.24
2797 8.32
2798 8.4
2799 8.68
2800 10.64
2801 10.4
2802 7.88
2803 8.28
2804 7.8
2805 9.16
2806 12.04
2807 11.6
2808 12.88
2809 11.52
2810 10.08
2811 14.92
2812 17.24
2813 12.56
2814 10.32
2815 9.68
2816 7.84
2817 12.4
2818 17.88
2819 17.08
2820 17.0
2821 14.16
2822 13.0
2823 13.24
2824 13.08
2825 9.2
2826 8.76
2827 7.44
2828 8.2
2829 13.92
2830 10.72
2831 9.28
2832 9.2
2833 5.04
2834 4.16
2835 432.0
2836 2988.0
2837 3856.0
2838 4.84
2839 2340.0
2840 432.0
2841 1344.0
2842 3596.0
2843 4.48
2844 6.48
2845 8.68
2846 10.44
2847 5.88
2848 10.28
2849 7.68
2850 9.76
2851 9.32
2852 11.56
2853 13.4
2854 13.04
2855 8.56
2856 8.76
2857 9.44
2858 9.92
2859 13.84
2860 13.96
2861 14.4
2862 14.8
2863 13.24
2864 14.0
2865 12.72
2866 13.72
2867 14.04
2868 13.4
2869 13.4
2870 9.68
2871 10.96
2872 5.6
2873 9.32
2874 5.2
2875 4.72
2876 7.4
2877 8.04
2878 2600.0
2879 11.32
2880 10.92
2881 13.12
2882 10.6
2883 11.52
2884 13.44
2885 9.76
2886 9.48
2887 13.52
2888 11.88
2889 6.12
2890 9.16
2891 9.28
2892 6.96
2893 7.48
2894 6.88
2895 6.4
2896 6.32
2897 5.96
2898 5.72
2899 6.08
2900 7.44
2901 6.44
2902 5.12
2903 5.52
2904 5.44
2905 6.16
2906 6.56
2907 7.92
2908 8.2
2909 9.56
2910 8.32
2911 6.88
2912 8.56
2913 9.0
2914 7.12
2915 10.24
2916 9.04
2917 9.84
2918 10.64
2919 11.32
2920 10.92
2921 15.48
2922 16.76
2923 13.44
2924 9.92
2925 16.24
2926 11.0
2927 11.56
2928 11.32
2929 14.96
2930 11.64
2931 11.36
2932 13.64
2933 12.52
2934 9.16
2935 9.04
2936 9.0
2937 4.52
2938 5.8
2939 6.6
2940 5.92
2941 7.52
2942 8.0
2943 9.44
2944 14.44
2945 9.68
2946 12.48
2947 12.36
2948 7.72
2949 7.6
2950 6.64
2951 7.08
2952 7.72
2953 9.6
2954 9.0
2955 9.72
2956 12.12
2957 7.12
2958 5.44
2959 7.52
2960 5.52
2961 5.96
2962 5.64
2963 6.96
2964 4.84
2965 5.92
2966 8.36
2967 7.6
2968 7.88
2969 7.2
2970 10.08
2971 8.8
2972 10.36
2973 8.76
2974 8.68
2975 8.44
2976 8.04
2977 9.92
2978 10.96
2979 9.84
2980 10.2
2981 7.88
2982 11.48
2983 11.88
2984 11.56
2985 18.24
2986 13.24
2987 12.2
2988 15.48
2989 15.56
2990 11.4
2991 10.76
2992 8.8
2993 12.04
2994 7.52
2995 13.72
2996 14.16
2997 14.08
2998 13.72
2999 11.84
3000 12.4
3001 14.08
3002 10.52
3003 10.08
3004 12.0
3005 13.32
3006 16.88
3007 16.04
3008 16.88
3009 9.84
3010 5.72
3011 9.56
3012 13.88
3013 11.4
3014 16.96
3015 10.28
3016 8.28
3017 16.48
3018 16.44
3019 11.32
3020 9.48
3021 14.08
3022 17.24
3023 14.48
3024 22.36
3025 12.2
3026 8.92
3027 13.44
3028 11.8
3029 8.44
3030 8.88
3031 11.52
3032 13.88
3033 12.48
3034 17.36
3035 16.24
3036 21.04
3037 11.28
3038 11.28
3039 14.64
3040 14.8
3041 15.32
3042 14.64
3043 12.2
3044 18.28
3045 18.08
3046 20.24
3047 16.2
3048 11.08
3049 10.84
3050 9.8
3051 8.16
3052 8.96
3053 9.68
3054 7.92
3055 8.28
3056 9.88
3057 5.72
3058 4.84
3059 4.92
3060 9.32
3061 6.08
3062 6.04
3063 7.12
3064 9.08
3065 10.24
3066 13.96
3067 11.8
3068 12.2
3069 11.04
3070 15.96
3071 16.68
3072 14.64
3073 17.76
3074 16.56
3075 18.96
3076 18.28
3077 16.28
3078 22.68
3079 18.0
3080 15.96
3081 11.16
3082 9.8
3083 11.96
3084 13.76
3085 13.44
3086 11.76
3087 12.6
3088 11.68
3089 9.96
3090 11.6
3091 11.96
3092 16.28
3093 16.56
3094 17.24
3095 21.4
3096 18.72
3097 18.56
3098 33.0
3099 49.2
3100 46.0
3101 42.8
3102 34.84
3103 28.6
3104 24.16
3105 30.6
3106 18.56
3107 15.72
3108 20.32
3109 20.2
3110 14.16
3111 12.8
3112 11.44
3113 10.48
3114 9.6
3115 12.72
3116 12.56
3117 15.24
3118 14.48
3119 15.32
3120 12.92
3121 4.56
3122 12.36
3123 16.24
3124 17.28
3125 7.2
3126 11.4
3127 15.2
3128 18.0
3129 17.56
3130 19.28
3131 17.64
3132 14.92
3133 8.76
3134 11.24
3135 10.88
3136 11.08
3137 6.08
3138 7.8
3139 5.28
3140 6.24
3141 4.68
3142 9.88
3143 11.44
3144 16.72
3145 25.2
3146 27.72
3147 15.32
3148 17.92
3149 14.36
3150 15.04
3151 14.04
3152 12.84
3153 12.04
3154 15.68
3155 17.48
3156 23.88
3157 18.88
3158 17.08
3159 8.32
3160 6.96
3161 7.96
3162 8.88
3163 8.76
3164 8.48
3165 9.96
3166 14.12
3167 15.84
3168 20.44
3169 22.76
3170 39.2
3171 38.12
3172 35.2
3173 29.76
3174 24.68
3175 22.8
3176 17.64
3177 17.6
3178 23.32
3179 14.44
3180 12.36
3181 13.16
3182 13.0
3183 12.44
3184 9.56
3185 14.2
3186 19.08
3187 14.92
3188 12.0
3189 14.96
3190 12.08
3191 15.12
3192 14.52
3193 17.12
3194 11.52
3195 12.32
3196 9.68
3197 9.04
3198 9.28
3199 9.36
3200 9.44
3201 5.84
3202 10.6
3203 12.12
3204 5.76
3205 8.64
3206 12.92
3207 16.12
3208 8.76
3209 5.36
3210 6.6
3211 8.4
3212 13.08
3213 10.92
3214 21.84
3215 13.52
3216 9.96
3217 10.32
3218 9.0
3219 8.92
3220 9.44
3221 8.48
3222 7.64
3223 4.32
3224 6.32
3225 7.52
3226 7.44
3227 6.24
3228 4.08
3229 7.0
3230 10.48
3231 6.84
3232 8.4
3233 15.16
3234 11.56
3235 12.8
3236 13.24
3237 15.28
3238 9.4
3239 11.68
3240 7.84
3241 5.08
3242 6.84
3243 6.04
3244 10.44
3245 6.4
3246 0.0
3247 303.6
3248 6.24
3249 9.04
3250 9.28
3251 6.72
3252 5.56
3253 6.28
3254 8.0
3255 5.36
3256 4.32
3257 7.76
3258 7.52
3259 13.16
3260 12.92
3261 9.8
3262 10.76
3263 10.4
3264 9.36
3265 9.36
3266 12.04
3267 10.84
3268 14.56
3269 11.68
3270 8.24
3271 11.84
3272 20.76
3273 15.2
3274 19.2
3275 13.16
3276 18.44
3277 14.2
3278 11.48
3279 12.0
3280 13.64
3281 15.64
3282 18.88
3283 16.24
3284 10.08
3285 12.84
3286 7.44
3287 6.36
3288 10.36
3289 6.4
3290 7.72
3291 11.76
