0 17.72
1 14.56
2 19.32
3 15.32
4 17.84
5 16.32
6 19.8
7 16.32
8 25.16
9 33.92
10 16.16
11 24.6
12 19.84
13 22.68
14 32.68
15 24.16
16 28.36
17 24.44
18 13.44
19 10.64
20 10.12
21 46.4
22 59.2
23 64.4
24 23.56
25 15.84
26 8.52
27 10.12
28 10.96
29 10.72
30 12.0
31 13.16
32 15.04
33 14.96
34 15.4
35 14.76
36 19.08
37 11.0
38 32.28
39 22.0
40 20.16
41 18.48
42 26.96
43 16.16
44 17.52
45 15.04
46 20.84
47 16.24
48 20.72
49 15.12
50 31.84
51 11.52
52 15.32
53 19.92
54 22.0
55 28.52
56 28.08
57 26.6
58 25.16
59 23.68
60 35.24
61 33.68
62 39.36
63 37.04
64 20.12
65 21.0
66 18.96
67 10.72
68 9.4
69 14.92
70 15.84
71 11.0
72 11.52
73 11.48
74 13.72
75 20.48
76 15.2
77 17.64
78 15.4
79 15.92
80 17.28
81 12.4
82 14.52
83 17.64
84 12.84
85 20.08
86 10.32
87 19.44
88 16.56
89 18.52
90 26.12
91 22.08
92 15.32
93 9.76
94 19.56
95 23.2
96 24.92
97 12.28
98 10.92
99 16.44
100 43.6
101 61.2
102 66.4
103 31.56
104 45.6
105 51.2
106 53.2
107 39.44
108 56.8
109 45.2
110 44.4
111 41.6
112 24.32
113 35.92
114 55.2
115 65.6
116 50.8
117 48.8
118 49.6
119 45.6
120 51.2
121 42.8
122 35.8
123 31.88
124 37.64
125 38.32
126 36.88
127 46.4
128 43.2
129 44.8
130 33.32
131 25.76
132 24.64
133 13.72
134 22.56
135 27.28
136 35.36
137 35.04
138 33.96
139 28.12
140 20.12
141 23.12
142 24.36
143 24.0
144 22.68
145 31.08
146 28.76
147 22.44
148 21.92
149 22.0
150 26.68
151 32.48
152 34.56
153 44.8
154 37.64
155 44.8
156 62.8
157 52.0
158 62.0
159 89.2
160 65.2
161 74.8
162 92.8
163 59.2
164 58.0
165 66.0
166 67.6
167 65.6
168 49.2
169 56.8
170 45.2
171 28.44
172 6.16
173 9.0
174 12.2
175 16.48
176 22.4
177 24.4
178 27.52
179 44.8
180 63.6
181 51.6
182 79.6
183 39.2
184 48.4
185 38.08
186 50.0
187 52.8
188 37.8
189 41.6
190 26.92
191 40.4
192 33.64
193 46.0
194 32.6
195 30.64
196 46.4
197 43.2
198 42.4
199 54.4
200 74.8
201 45.2
202 62.0
203 54.4
204 62.0
205 42.8
206 30.0
207 20.36
208 20.6
209 17.88
210 20.88
211 23.56
212 25.12
213 26.0
214 21.68
215 24.28
216 27.8
217 29.8
218 28.08
219 38.52
220 43.6
221 45.2
222 49.2
223 45.6
224 58.4
225 61.6
226 61.2
227 59.6
228 52.8
229 57.6
230 63.2
231 65.2
232 56.4
233 48.8
234 51.6
235 59.6
236 57.6
237 70.0
238 49.2
239 50.8
240 53.2
241 52.4
242 48.8
243 49.6
244 54.4
245 64.0
246 32.2
247 42.0
248 50.4
249 43.6
250 52.0
251 42.0
252 59.2
253 44.8
254 42.0
255 37.0
256 60.4
257 76.4
258 64.0
259 88.8
260 82.8
261 88.0
262 75.6
263 66.8
264 68.0
265 80.8
266 56.8
267 76.0
268 67.2
269 76.8
270 65.6
271 63.2
272 76.0
273 74.8
274 63.2
275 68.0
276 66.0
277 52.0
278 56.4
279 51.6
280 51.6
281 54.4
282 47.6
283 66.4
284 61.6
285 41.6
286 50.4
287 37.6
288 44.4
289 48.4
290 56.8
291 42.4
292 44.4
293 41.2
294 36.36
295 20.72
296 26.96
297 35.6
298 13.96
299 11.76
300 30.6
301 25.32
302 37.68
303 40.0
304 41.6
305 47.6
306 48.0
307 60.0
308 60.0
309 62.4
310 52.4
311 47.2
312 54.0
313 54.0
314 66.0
315 73.6
316 70.8
317 61.2
318 66.0
319 54.8
320 51.6
321 70.4
322 59.2
323 66.4
324 55.6
325 64.4
326 59.2
327 87.2
328 75.6
329 62.4
330 62.0
331 63.2
332 54.4
333 66.4
334 81.6
335 70.0
336 80.4
337 83.2
338 87.6
339 88.0
340 72.4
341 87.2
342 78.0
343 77.2
344 72.0
345 77.2
346 69.6
347 85.2
348 73.2
349 82.0
350 70.0
351 70.4
352 78.8
353 85.6
354 81.6
355 73.6
356 72.8
357 90.0
358 73.6
359 86.4
360 82.4
361 77.2
362 92.8
363 69.2
364 76.0
365 76.8
366 63.6
367 61.2
368 60.4
369 69.6
370 60.8
371 64.4
372 66.8
373 74.4
374 60.0
375 60.4
376 52.8
377 58.4
378 57.6
379 64.0
380 83.6
381 62.8
382 64.0
383 47.6
384 52.4
385 60.8
386 47.2
387 48.0
388 22.84
389 33.52
390 15.56
391 13.76
392 19.4
393 23.04
394 24.88
395 24.52
396 19.04
397 19.16
398 27.44
399 22.0
400 37.28
401 31.24
402 27.12
403 30.64
404 33.32
405 26.68
406 25.36
407 26.16
408 28.2
409 24.76
410 27.2
411 20.0
412 14.92
413 14.12
414 13.64
415 16.68
416 20.64
417 13.96
418 23.24
419 24.28
420 16.88
421 21.32
422 19.44
423 17.2
424 27.24
425 24.76
426 35.52
427 36.16
428 33.84
429 28.6
430 27.28
431 28.52
432 27.24
433 35.28
434 29.96
435 35.12
436 32.84
437 28.96
438 34.36
439 32.24
440 34.56
441 44.8
442 25.04
443 22.48
444 27.6
445 28.6
446 27.76
447 35.92
448 36.68
449 29.2
450 28.52
451 23.04
452 30.08
453 26.52
454 21.16
455 16.12
456 14.28
457 17.64
458 19.88
459 27.92
460 22.08
461 22.4
462 21.0
463 17.68
464 23.4
465 21.92
466 28.44
467 23.36
468 26.0
469 23.28
470 17.84
471 15.84
472 17.8
473 18.0
474 26.04
475 23.12
476 28.12
477 25.92
478 28.52
479 31.4
480 28.96
481 27.6
482 26.88
483 29.68
484 36.28
485 26.72
486 30.04
487 30.6
488 26.4
489 39.04
490 26.2
491 49.6
492 60.0
493 56.0
494 79.2
495 74.4
496 68.4
497 76.0
498 43.2
499 45.6
500 24.64
501 43.2
502 34.4
503 36.12
504 39.24
505 30.52
506 19.48
507 18.96
508 32.72
509 32.28
510 19.76
511 27.28
512 31.44
513 34.4
514 37.52
515 21.36
516 20.08
517 31.92
518 24.2
519 24.88
520 31.44
521 38.0
522 38.12
523 50.8
524 44.8
525 52.4
526 48.8
527 44.0
528 40.4
529 60.0
530 53.6
531 42.4
532 49.6
533 39.0
534 31.92
535 27.16
536 32.32
537 35.48
538 33.4
539 27.64
540 48.4
541 39.6
542 33.12
543 40.8
544 36.36
545 34.16
546 54.4
547 50.4
548 34.56
549 33.72
550 37.36
551 48.0
552 54.0
553 37.44
554 34.24
555 40.8
556 61.2
557 67.6
558 69.2
559 65.6
560 55.6
561 55.2
562 54.8
563 58.8
564 43.2
565 42.8
566 32.64
567 30.76
568 30.2
569 7.72
570 13.8
571 11.12
572 8.16
573 13.72
574 3164.0
575 9.76
576 5.04
577 8.8
578 2600.0
579 3988.0
580 8.84
581 4.72
582 4.32
583 4.56
584 5.36
585 3596.0
586 173.2
587 2904.0
588 303.2
589 2776.0
590 520.0
591 648.0
592 130.0
593 692.0
594 564.0
595 692.0
596 390.0
597 1344.0
598 2252.0
599 5.2
600 8.36
601 5.88
602 8.0
603 9.56
604 12.64
605 10.2
606 15.08
607 14.04
608 16.76
609 20.08
610 28.6
611 26.44
612 26.36
613 42.0
614 41.2
615 47.2
616 33.76
617 41.2
618 45.6
619 34.36
620 27.72
621 33.48
622 19.4
623 22.44
624 19.96
625 18.96
626 14.4
627 19.56
628 24.44
629 22.4
630 24.6
631 19.92
632 27.6
633 20.88
634 18.28
635 16.88
636 13.04
637 12.68
638 12.36
639 9.36
640 13.24
641 20.6
642 11.52
643 9.08
644 11.68
645 9.28
646 11.6
647 8.44
648 12.8
649 20.16
650 23.96
651 23.4
652 26.88
653 20.92
654 21.44
655 24.64
656 22.52
657 29.08
658 23.76
659 25.72
660 10.48
661 16.48
662 18.64
663 11.88
664 15.92
665 17.56
666 12.08
667 15.72
668 12.48
669 10.84
670 12.64
671 8.76
672 8.68
673 11.28
674 13.24
675 12.92
676 20.92
677 22.04
678 13.4
679 22.56
680 23.92
681 16.48
682 24.28
683 33.76
684 19.92
685 12.16
686 18.96
687 19.92
688 15.32
689 19.16
690 17.76
691 17.72
692 20.92
693 21.28
694 21.12
695 21.84
696 32.32
697 27.56
698 26.08
699 22.04
700 33.32
701 32.68
702 35.72
703 26.6
704 27.12
705 20.52
706 10.52
707 8.28
708 5.4
709 6.28
710 173.2
711 0.0
712 0.0
713 216.8
714 173.2
715 908.0
716 652.0
717 43.2
718 476.0
719 648.0
720 216.4
721 43.2
722 520.0
723 736.0
724 868.0
725 1084.0
726 2512.0
727 3424.0
728 1256.0
729 5.92
730 4.72
731 4.12
732 7.12
733 6.36
734 3076.0
735 5.0
736 3032.0
737 3596.0
738 3552.0
739 1992.0
740 2556.0
741 2988.0
742 4.24
743 4.52
744 3856.0
745 4.76
746 3336.0
747 3856.0
748 1992.0
749 43.2
750 5.0
751 3164.0
752 2772.0
753 1256.0
754 1820.0
755 1732.0
756 2384.0
757 3164.0
758 3468.0
759 2728.0
760 6.56
761 6.76
762 10.04
763 8.72
764 12.92
765 12.64
766 12.2
767 10.76
768 9.36
769 11.52
770 9.44
771 9.4
772 8.48
773 12.2
774 11.24
775 4.52
776 6.8
777 5.36
778 7.2
779 7.08
780 8.2
781 8.52
782 8.52
783 9.0
784 10.36
785 9.16
786 8.96
787 10.56
788 11.6
789 14.56
790 12.92
791 12.32
792 9.56
793 10.24
794 13.52
795 12.04
796 12.16
797 14.48
798 13.4
799 13.84
800 12.72
801 2340.0
802 2212.0
803 7.52
804 260.0
805 10.12
806 6.64
807 5.72
808 4.12
809 6.4
810 6.96
811 6.6
812 5.84
813 6.28
814 9.2
815 7.96
816 10.76
817 9.2
818 10.32
819 10.96
820 12.84
821 10.32
822 8.4
823 11.44
824 12.36
825 8.92
826 8.32
827 11.04
828 10.84
829 9.28
830 12.88
831 13.4
832 14.56
833 8.28
834 14.64
835 13.4
836 13.16
837 17.36
838 18.4
839 14.52
840 13.68
841 11.16
842 14.4
843 15.08
844 8.76
845 7.96
846 7.88
847 11.04
848 10.12
849 10.72
850 7.44
851 9.2
852 9.04
853 9.16
854 10.84
855 17.36
856 15.52
857 17.4
858 14.52
859 16.76
860 15.4
861 14.8
862 17.4
863 16.72
864 16.0
865 20.48
866 16.96
867 19.56
868 15.28
869 18.6
870 19.2
871 18.64
872 16.28
873 14.96
874 14.0
875 14.16
876 16.52
877 15.64
878 17.2
879 16.72
880 12.12
881 15.72
882 15.08
883 19.96
884 17.72
885 20.36
886 21.44
887 17.72
888 19.4
889 16.88
890 19.96
891 22.44
892 16.88
893 17.84
894 18.96
895 18.28
896 17.04
897 17.52
898 17.12
899 16.56
900 16.2
901 13.64
902 15.72
903 14.76
904 16.32
905 23.6
906 17.36
907 16.72
908 17.36
909 20.8
910 22.04
911 21.96
912 21.32
913 21.44
914 25.8
915 19.16
916 1256.0
917 43.2
918 13.44
919 14.56
920 13.36
921 11.24
922 14.52
923 11.44
924 13.92
925 10.04
926 14.0
927 11.0
928 8.36
929 12.16
930 17.52
931 17.08
932 19.48
933 14.6
934 17.64
935 16.6
936 18.96
937 25.36
938 23.88
939 20.08
940 21.16
941 21.56
942 19.48
943 24.2
944 21.04
945 19.96
946 20.44
947 24.48
948 27.12
949 16.88
950 21.28
951 22.0
952 20.28
953 26.12
954 24.76
955 15.2
956 26.68
957 33.52
958 33.56
959 41.6
960 32.92
961 24.08
962 30.88
963 24.92
964 20.16
965 17.4
966 17.28
967 18.04
968 19.64
969 16.28
970 16.28
971 20.28
972 26.16
973 33.16
974 32.6
975 32.72
976 33.28
977 45.2
978 44.4
979 42.8
980 55.6
981 34.48
982 39.76
983 54.8
984 43.2
985 52.4
986 57.2
987 59.2
988 51.2
989 26.44
990 47.6
991 51.2
992 49.2
993 34.72
994 57.2
995 50.8
996 43.6
997 47.2
998 35.56
999 36.8
1000 24.08
1001 25.44
1002 29.4
1003 37.04
1004 42.0
1005 45.6
1006 38.88
1007 41.2
1008 59.6
1009 75.6
1010 89.2
1011 85.6
1012 81.2
1013 72.4
1014 75.2
1015 64.4
1016 55.2
1017 19.16
1018 23.64
1019 23.92
1020 25.92
1021 22.56
1022 32.36
1023 10.84
1024 4.32
1025 2080.0
1026 3552.0
1027 11.08
1028 14.96
1029 14.52
1030 18.92
1031 17.04
1032 20.72
1033 28.24
1034 25.04
1035 29.96
1036 33.64
1037 48.0
1038 55.2
1039 37.0
1040 36.92
1041 37.96
1042 41.2
1043 35.76
1044 37.36
1045 35.72
1046 31.28
1047 22.96
1048 29.8
1049 23.24
1050 21.48
1051 28.28
1052 19.04
1053 25.76
1054 26.04
1055 20.76
1056 26.48
1057 25.72
1058 29.2
1059 17.52
1060 25.64
1061 30.92
1062 22.8
1063 27.08
1064 27.76
1065 16.36
1066 13.64
1067 27.96
1068 30.92
1069 23.8
1070 23.0
1071 28.48
1072 24.56
1073 13.36
1074 11.6
1075 21.04
1076 23.84
1077 32.32
1078 31.76
1079 30.2
1080 29.28
1081 26.0
1082 28.96
1083 24.96
1084 18.92
1085 23.8
1086 33.12
1087 18.32
1088 27.84
1089 27.32
1090 25.48
1091 26.32
1092 32.48
1093 31.68
1094 23.08
1095 31.04
1096 30.28
1097 25.28
1098 28.6
1099 30.6
1100 36.88
1101 32.44
1102 38.64
1103 35.6
1104 26.0
1105 29.84
1106 34.52
1107 35.92
1108 30.76
1109 36.08
1110 33.52
1111 32.0
1112 24.56
1113 18.16
1114 21.48
1115 21.68
1116 21.76
1117 21.36
1118 20.72
1119 27.64
1120 21.16
1121 18.72
1122 25.12
1123 17.24
1124 23.76
1125 28.08
1126 24.16
1127 27.6
1128 24.64
1129 24.12
1130 24.48
1131 23.88
1132 18.84
1133 9.04
1134 11.12
1135 7.24
1136 2772.0
1137 3208.0
1138 13.44
1139 19.12
1140 18.2
1141 17.32
1142 29.0
1143 26.76
1144 24.04
1145 26.4
1146 20.24
1147 17.48
1148 18.12
1149 25.12
1150 23.68
1151 30.52
1152 23.08
1153 35.2
1154 28.52
1155 27.56
1156 36.44
1157 34.84
1158 34.44
1159 36.8
1160 43.6
1161 40.0
1162 40.8
1163 36.48
1164 38.64
1165 35.8
1166 31.04
1167 35.64
1168 45.2
1169 34.48
1170 35.88
1171 35.52
1172 39.12
1173 42.4
1174 29.12
1175 37.64
1176 38.84
1177 41.6
1178 32.64
1179 38.52
1180 48.8
1181 27.28
1182 37.84
1183 37.48
1184 25.68
1185 27.72
1186 27.76
1187 26.6
1188 29.6
1189 25.56
1190 26.28
1191 29.0
1192 28.08
1193 31.2
1194 33.88
1195 33.8
1196 37.28
1197 34.16
1198 39.6
1199 36.76
1200 33.84
1201 31.6
1202 19.48
1203 35.2
1204 34.16
1205 27.56
1206 29.72
1207 27.44
1208 26.24
1209 42.4
1210 35.36
1211 36.6
1212 38.52
1213 34.8
1214 21.56
1215 30.36
1216 28.76
1217 19.76
1218 19.76
1219 22.32
1220 31.72
1221 23.96
1222 35.84
1223 34.68
1224 22.92
1225 35.64
1226 32.56
1227 32.64
1228 32.52
1229 31.68
1230 36.92
1231 37.88
1232 17.84
1233 23.84
1234 27.68
1235 30.52
1236 28.08
1237 36.44
1238 22.76
1239 346.8
1240 8.48
1241 4.32
1242 8.84
1243 13.08
1244 18.0
1245 17.88
1246 19.76
1247 21.0
1248 33.84
1249 42.8
1250 25.92
1251 39.12
1252 34.0
1253 45.6
1254 37.16
1255 23.68
1256 35.0
1257 33.6
1258 26.52
1259 18.6
1260 18.36
1261 22.0
1262 20.52
1263 23.56
1264 43.2
1265 50.0
1266 36.52
1267 41.2
1268 35.84
1269 27.16
1270 33.72
1271 39.96
1272 27.52
1273 30.36
1274 26.24
1275 36.32
1276 35.6
1277 24.04
1278 15.08
1279 28.56
1280 29.76
1281 33.16
1282 29.6
1283 25.8
1284 26.88
1285 22.44
1286 25.64
1287 20.44
1288 16.48
1289 32.08
1290 23.84
1291 18.72
1292 15.56
1293 17.88
1294 18.12
1295 20.48
1296 28.4
1297 27.6
1298 24.44
1299 27.24
1300 27.24
1301 26.56
1302 26.88
1303 28.56
1304 25.12
1305 31.12
1306 30.96
1307 34.32
1308 24.8
1309 16.36
1310 20.52
1311 22.8
1312 22.44
1313 25.32
1314 22.44
1315 25.84
1316 18.28
1317 22.36
1318 20.64
1319 20.28
1320 8.88
1321 15.8
1322 15.48
1323 19.28
1324 16.68
1325 17.36
1326 20.96
1327 21.48
1328 17.6
1329 20.88
1330 23.24
1331 25.52
1332 20.92
1333 26.0
1334 30.24
1335 26.12
1336 31.6
1337 25.64
1338 25.56
1339 34.76
1340 32.4
1341 28.12
1342 24.16
1343 23.52
1344 25.92
1345 30.6
1346 37.28
1347 35.4
1348 33.04
1349 39.88
1350 28.16
1351 20.12
1352 27.6
1353 43.6
1354 33.76
1355 29.0
1356 18.08
1357 17.08
1358 18.6
1359 18.92
1360 18.96
1361 16.44
1362 14.96
1363 14.8
1364 16.84
1365 17.68
1366 20.44
1367 19.96
1368 17.56
1369 26.48
1370 19.24
1371 22.8
1372 18.88
1373 21.68
1374 20.36
1375 13.24
1376 15.16
1377 14.56
1378 20.48
1379 25.6
1380 28.92
1381 26.04
1382 21.36
1383 13.2
1384 22.44
1385 20.52
1386 22.6
1387 11.08
1388 11.68
1389 11.52
1390 10.24
1391 16.2
1392 19.16
1393 17.6
1394 21.12
1395 25.4
1396 42.0
1397 43.2
1398 37.56
1399 48.4
1400 41.6
1401 38.84
1402 37.56
1403 32.36
1404 21.84
1405 29.68
1406 28.64
1407 26.12
1408 27.28
1409 16.6
1410 13.32
1411 16.8
1412 19.64
1413 12.96
1414 12.96
1415 13.0
1416 18.04
1417 19.4
1418 16.8
1419 21.48
1420 22.76
1421 27.48
1422 30.92
1423 23.28
1424 23.56
1425 26.56
1426 25.8
1427 19.16
1428 25.36
1429 16.12
1430 22.6
1431 18.76
1432 26.04
1433 24.32
1434 24.4
1435 23.72
1436 7.72
1437 16.16
1438 25.68
1439 22.56
1440 23.64
1441 22.84
1442 20.2
1443 23.6
1444 24.64
1445 22.24
1446 25.28
1447 17.28
1448 24.44
1449 29.2
1450 25.16
1451 25.88
1452 26.48
1453 19.4
1454 21.76
1455 20.8
1456 22.0
1457 19.68
1458 25.64
1459 21.96
1460 22.68
1461 18.0
1462 23.8
1463 25.44
1464 32.72
1465 28.36
1466 13.36
1467 21.0
1468 17.84
1469 26.32
1470 31.6
1471 31.32
1472 26.32
1473 24.76
1474 23.44
1475 19.28
1476 16.76
1477 17.72
1478 15.72
1479 16.88
1480 15.04
1481 10.72
1482 12.12
1483 11.68
1484 9.4
1485 8.56
1486 6.12
1487 11.6
1488 13.0
1489 8.76
1490 9.72
1491 11.96
1492 5.72
1493 5.48
1494 9.08
1495 8.8
1496 14.08
1497 13.68
1498 13.0
1499 22.48
1500 21.32
1501 13.44
1502 13.32
1503 16.68
1504 18.44
1505 14.36
1506 14.48
1507 11.6
1508 7.08
1509 14.2
1510 12.4
1511 13.2
1512 3292.0
1513 15.16
1514 17.76
1515 20.08
1516 15.4
1517 10.4
1518 11.88
1519 3248.0
1520 3944.0
1521 6.32
1522 7.4
1523 6.4
1524 6.36
1525 4.2
1526 6.44
1527 6.4
1528 7.32
1529 5.52
1530 6.56
1531 1688.0
1532 1864.0
1533 8.68
1534 5.68
1535 564.0
1536 8.4
1537 9.56
1538 2816.0
1539 5.36
1540 5.04
1541 2732.0
1542 5.0
1543 8.92
1544 4.72
1545 8.0
1546 6.88
1547 3640.0
1548 3032.0
1549 868.0
1550 520.0
1551 8.4
1552 10.84
1553 12.36
1554 15.28
1555 18.36
1556 17.0
1557 2728.0
1558 9.84
1559 10.04
1560 130.0
1561 0.0
1562 8.4
1563 6.68
1564 476.0
1565 0.0
1566 0.0
1567 0.0
1568 0.0
1569 1516.0
1570 21.12
1571 12.68
1572 15.56
1573 12.72
1574 12.8
1575 11.92
1576 10.76
1577 6.72
1578 12.36
1579 11.64
1580 16.08
1581 15.64
1582 15.28
1583 12.2
1584 4.12
1585 7.76
1586 10.8
1587 10.44
1588 9.36
1589 9.48
1590 9.4
1591 9.4
1592 7.72
1593 10.36
1594 7.92
1595 13.36
1596 14.12
1597 12.36
1598 6.68
1599 8.64
1600 9.16
1601 17.4
1602 18.6
1603 22.56
1604 24.4
1605 17.64
1606 14.96
1607 19.84
1608 13.16
1609 13.88
1610 17.84
1611 22.08
1612 19.88
1613 20.76
1614 14.24
1615 18.6
1616 15.8
1617 21.44
1618 23.36
1619 22.16
1620 11.96
1621 15.8
1622 16.0
1623 5.6
1624 12.88
1625 12.08
1626 14.68
1627 12.36
1628 12.16
1629 10.44
1630 6.92
1631 692.0
1632 1604.0
1633 8.12
1634 7.44
1635 3768.0
1636 7.36
1637 3768.0
1638 8.48
1639 10.44
1640 8.72
1641 16.12
1642 12.2
1643 17.64
1644 22.6
1645 21.48
1646 23.36
1647 17.56
1648 15.48
1649 16.64
1650 17.28
1651 10.32
1652 25.0
1653 24.6
1654 23.76
1655 3120.0
1656 18.72
1657 11.52
1658 25.16
1659 37.64
1660 35.88
1661 30.12
1662 31.96
1663 32.0
1664 33.64
1665 32.6
1666 33.12
1667 33.96
1668 36.16
1669 37.84
1670 38.88
1671 38.04
1672 37.72
1673 41.6
1674 39.24
1675 36.64
1676 29.96
1677 30.72
1678 32.96
1679 37.76
1680 30.92
1681 37.36
1682 27.84
1683 30.2
1684 30.52
1685 37.12
1686 37.08
1687 38.48
1688 33.6
1689 32.4
1690 30.6
1691 35.56
1692 22.84
1693 25.48
1694 21.76
1695 22.36
1696 22.48
1697 26.64
1698 27.48
1699 24.64
1700 24.04
1701 25.68
1702 26.16
1703 18.64
1704 22.04
1705 22.28
1706 24.08
1707 23.28
1708 15.68
1709 19.84
1710 14.4
1711 21.04
1712 25.68
1713 25.84
1714 25.0
1715 24.24
1716 19.12
1717 25.52
1718 20.08
1719 17.4
1720 19.76
1721 20.44
1722 20.64
1723 22.24
1724 16.76
1725 15.84
1726 16.36
1727 16.36
1728 18.16
1729 19.28
1730 15.92
1731 15.76
1732 20.4
1733 19.28
1734 20.36
1735 21.88
1736 29.64
1737 25.48
1738 23.8
1739 21.88
1740 23.6
1741 24.68
1742 28.72
1743 24.32
1744 28.04
1745 31.12
1746 27.6
1747 29.76
1748 26.08
1749 24.44
1750 26.16
1751 26.08
1752 29.64
1753 31.36
1754 30.28
1755 30.64
1756 29.64
1757 29.04
1758 27.44
1759 32.88
1760 30.72
1761 28.36
1762 29.24
1763 30.4
1764 35.84
1765 27.6
1766 16.96
1767 30.68
1768 17.24
1769 24.88
1770 15.12
1771 15.28
1772 18.0
1773 22.56
1774 22.96
1775 25.68
1776 23.36
1777 22.88
1778 23.52
1779 34.36
1780 27.48
1781 31.4
1782 30.12
1783 30.32
1784 27.52
1785 34.4
1786 35.92
1787 32.12
1788 27.44
1789 27.4
1790 23.6
1791 27.08
1792 31.56
1793 33.96
1794 33.04
1795 39.44
1796 33.12
1797 42.4
1798 32.12
1799 29.72
1800 33.4
1801 35.76
1802 36.8
1803 36.36
1804 28.64
1805 37.64
1806 25.68
1807 28.28
1808 29.88
1809 30.64
1810 22.8
1811 27.16
1812 23.48
1813 21.64
1814 34.92
1815 29.4
1816 27.44
1817 26.08
1818 35.8
1819 26.16
1820 35.4
1821 35.48
1822 32.96
1823 25.92
1824 30.72
1825 35.36
1826 37.68
1827 36.08
1828 36.04
1829 33.2
1830 31.32
1831 31.84
1832 29.52
1833 35.88
1834 22.48
1835 41.6
1836 29.12
1837 35.76
1838 30.28
1839 34.08
1840 25.76
1841 26.36
1842 30.36
1843 30.92
1844 31.12
1845 31.72
1846 28.84
1847 25.88
1848 20.96
1849 15.12
1850 16.08
1851 27.08
1852 19.96
1853 26.0
1854 25.84
1855 18.88
1856 20.96
1857 27.44
1858 27.56
1859 22.44
1860 24.52
1861 21.4
1862 21.2
1863 15.48
1864 25.4
1865 15.36
1866 24.24
1867 22.8
1868 26.52
1869 30.56
1870 27.28
1871 32.12
1872 26.36
1873 34.92
1874 30.64
1875 39.6
1876 40.8
1877 43.6
1878 47.6
1879 45.6
1880 44.0
1881 42.8
1882 47.6
1883 45.2
1884 39.16
1885 38.44
1886 44.8
1887 43.6
1888 20.2
1889 22.64
1890 19.48
1891 14.48
1892 18.2
1893 23.52
1894 21.32
1895 23.48
1896 25.12
1897 21.52
1898 18.16
1899 14.4
1900 27.12
1901 23.08
1902 17.28
1903 22.52
1904 21.2
1905 18.12
1906 12.96
1907 5.72
1908 5.44
1909 0.0
1910 0.0
1911 0.0
1912 28.32
1913 15.28
1914 24.68
1915 16.28
1916 21.32
1917 29.12
1918 25.52
1919 29.28
1920 24.92
1921 30.84
1922 25.56
1923 34.4
1924 37.32
1925 42.0
1926 45.6
1927 53.2
1928 54.4
1929 55.6
1930 55.6
1931 55.2
1932 56.0
1933 55.2
1934 24.64
1935 78.0
1936 51.2
1937 55.2
1938 69.6
1939 50.0
1940 51.2
1941 53.6
1942 57.2
1943 54.8
1944 56.0
1945 42.8
1946 60.8
1947 49.6
1948 52.8
1949 54.0
1950 52.8
1951 20.2
1952 54.4
1953 54.4
1954 50.4
1955 55.2
1956 37.76
1957 57.2
1958 38.08
1959 43.6
1960 34.84
1961 44.8
1962 32.96
1963 26.64
1964 40.4
1965 35.04
1966 37.12
1967 45.6
1968 41.2
1969 37.88
1970 38.32
1971 33.2
1972 35.6
1973 35.4
1974 37.8
1975 39.92
1976 36.6
1977 46.8
1978 44.4
1979 33.92
1980 44.8
1981 40.4
1982 50.4
1983 49.2
1984 48.8
1985 27.92
1986 37.6
1987 37.08
1988 18.12
1989 31.24
1990 32.6
1991 14.76
1992 25.28
1993 23.88
1994 23.64
1995 27.92
1996 25.88
1997 27.76
1998 19.84
1999 23.0
2000 20.44
2001 16.64
2002 20.36
2003 22.52
2004 26.72
2005 23.88
2006 26.56
2007 32.08
2008 48.0
2009 33.48
2010 28.72
2011 37.48
2012 31.44
2013 34.92
2014 37.56
2015 45.6
2016 35.8
2017 25.12
2018 31.8
2019 36.96
2020 22.48
2021 25.72
2022 39.76
2023 38.36
2024 46.4
2025 34.16
2026 48.0
2027 30.6
2028 36.96
2029 36.92
2030 52.4
2031 52.0
2032 37.88
2033 44.0
2034 55.2
2035 48.0
2036 38.6
2037 38.72
2038 29.88
2039 32.36
2040 31.8
2041 26.0
2042 31.76
2043 30.4
2044 38.96
2045 26.72
2046 52.0
2047 56.0
2048 51.6
2049 55.2
2050 51.6
2051 54.4
2052 52.4
2053 50.8
2054 60.0
2055 52.4
2056 56.4
2057 52.4
2058 54.4
2059 47.2
2060 54.0
2061 57.2
2062 54.8
2063 48.8
2064 26.6
2065 32.16
2066 26.6
2067 35.0
2068 37.4
2069 33.52
2070 31.88
2071 24.76
2072 17.0
2073 8.92
2074 22.08
2075 23.52
2076 23.64
2077 27.52
2078 19.72
2079 33.68
2080 37.08
2081 33.76
2082 20.48
2083 29.32
2084 22.6
2085 13.68
2086 22.0
2087 21.48
2088 21.36
2089 32.08
2090 31.96
2091 30.92
2092 38.96
2093 36.84
2094 33.04
2095 51.6
2096 31.76
2097 35.28
2098 22.28
2099 17.84
2100 25.64
2101 26.16
2102 30.68
2103 20.0
2104 17.16
2105 15.4
2106 15.2
2107 21.32
2108 22.8
2109 23.04
2110 34.36
2111 34.28
2112 46.8
2113 54.4
2114 49.6
2115 57.2
2116 56.0
2117 59.6
2118 57.2
2119 62.4
2120 20.88
2121 13.44
2122 68.8
2123 40.0
2124 44.0
2125 46.0
2126 48.4
2127 44.8
2128 32.92
2129 31.8
2130 24.8
2131 33.4
2132 32.76
2133 30.12
2134 32.08
2135 25.08
2136 36.8
2137 18.04
2138 13.84
2139 20.44
2140 25.8
2141 31.36
2142 14.68
2143 30.0
2144 34.76
2145 31.96
2146 21.0
2147 25.92
2148 27.52
2149 23.72
2150 28.92
2151 32.84
2152 33.72
2153 24.8
2154 17.08
2155 19.76
2156 23.52
2157 21.32
2158 24.36
2159 19.04
2160 18.04
2161 20.88
2162 21.24
2163 11.16
2164 15.6
2165 17.68
2166 25.32
2167 22.28
2168 30.6
2169 34.56
2170 25.2
2171 24.64
2172 40.4
2173 45.6
2174 47.6
2175 51.2
2176 39.72
2177 48.4
2178 52.4
2179 61.6
2180 49.2
2181 60.0
2182 47.2
2183 49.6
2184 55.2
2185 44.4
2186 48.4
2187 43.6
2188 46.0
2189 40.4
2190 39.48
2191 46.0
2192 45.2
2193 54.8
2194 50.4
2195 56.4
2196 56.4
2197 55.2
2198 49.6
2199 54.4
2200 50.8
2201 56.8
2202 57.2
2203 53.2
2204 60.4
2205 59.2
2206 56.0
2207 54.4
2208 19.8
2209 60.4
2210 45.6
2211 52.4
2212 56.0
2213 57.2
2214 52.0
2215 54.8
2216 40.8
2217 34.16
2218 64.0
2219 52.4
2220 50.0
2221 52.8
2222 52.8
2223 53.6
2224 52.0
2225 54.0
2226 44.4
2227 55.6
2228 46.0
2229 50.0
2230 45.6
2231 52.0
2232 54.4
2233 54.8
2234 55.2
2235 49.6
2236 50.4
2237 54.4
2238 34.36
2239 69.6
2240 59.2
2241 55.6
2242 54.0
2243 54.4
2244 55.2
2245 54.4
2246 50.0
2247 59.2
2248 50.0
2249 49.6
2250 49.2
2251 47.2
2252 51.6
2253 47.6
2254 39.64
2255 29.24
2256 38.88
2257 36.84
2258 34.96
2259 35.48
2260 42.0
2261 44.8
2262 39.44
2263 50.0
2264 54.0
2265 21.96
2266 40.0
2267 34.4
2268 36.48
2269 26.12
2270 24.08
2271 20.32
2272 24.8
2273 21.88
2274 25.4
2275 28.64
2276 29.88
2277 29.8
2278 25.4
2279 25.6
2280 17.76
2281 22.52
2282 25.28
2283 38.4
2284 24.6
2285 30.04
2286 34.72
2287 35.28
2288 26.52
2289 27.56
2290 31.88
2291 39.36
2292 32.0
2293 28.16
2294 36.32
2295 29.52
2296 31.56
2297 36.04
2298 30.4
2299 37.64
2300 30.28
2301 27.28
2302 35.44
2303 35.2
2304 34.4
2305 31.28
2306 27.92
2307 21.48
2308 35.44
2309 30.12
2310 15.0
2311 30.08
2312 19.2
2313 21.92
2314 30.64
2315 32.52
2316 10.24
2317 27.24
2318 21.36
2319 24.0
2320 18.12
2321 25.88
2322 29.32
2323 24.44
2324 31.56
2325 17.32
2326 29.88
2327 37.12
2328 38.72
2329 37.0
2330 31.12
2331 31.32
2332 25.64
2333 25.2
2334 39.08
2335 34.84
2336 30.08
2337 26.6
2338 29.2
2339 31.12
2340 29.8
2341 28.0
2342 30.96
2343 38.84
2344 38.36
2345 37.12
2346 32.84
2347 33.32
2348 40.4
2349 24.16
2350 31.56
2351 23.84
2352 24.76
2353 28.0
2354 19.64
2355 24.68
2356 19.44
2357 31.68
2358 30.6
2359 32.08
2360 32.84
2361 30.0
2362 31.04
2363 40.0
2364 39.92
2365 44.4
2366 42.8
2367 12.88
2368 46.8
2369 18.68
2370 18.28
2371 13.96
2372 18.56
2373 20.32
2374 19.72
2375 15.6
2376 13.04
2377 15.12
2378 11.56
2379 1904.0
2380 0.0
2381 0.0
2382 1172.0
2383 8.72
2384 11.28
2385 13.0
2386 13.4
2387 22.44
2388 12.12
2389 12.0
2390 23.48
2391 34.2
2392 36.84
2393 36.72
2394 46.8
2395 47.2
2396 34.52
2397 47.2
2398 44.0
2399 34.2
2400 22.2
2401 24.84
