0 0.2
1 1.8
2 1.36
3 1.64
4 1.36
5 2.92
6 2.24
7 2.36
8 2.28
9 3.56
10 6.0
11 12.08
12 14.72
13 19.72
14 21.8
15 30.32
16 12.6
17 26.24
18 46.4
19 60.4
20 63.2
21 62.8
22 62.4
23 68.8
24 52.4
25 63.2
26 57.2
27 70.8
28 58.4
29 79.6
30 83.2
31 129.2
32 102.0
33 73.2
34 43.2
35 43.2
36 28.64
37 33.4
38 38.2
39 31.32
40 59.6
41 59.2
42 61.6
43 62.8
44 70.4
45 80.0
46 71.6
47 55.2
48 33.12
49 23.32
50 24.72
51 15.96
52 9.44
53 34.28
54 44.0
55 54.0
56 57.2
57 53.6
58 56.0
59 52.0
60 58.8
61 63.6
62 73.6
63 91.6
64 65.2
65 80.8
66 53.2
67 84.0
68 82.0
69 90.0
70 80.0
71 86.0
72 80.0
73 52.8
74 30.96
75 37.64
76 20.36
77 40.8
78 58.4
79 61.6
80 66.0
81 68.0
82 72.8
83 73.2
84 77.6
85 71.6
86 74.4
87 78.0
88 72.8
89 78.8
90 75.2
91 84.8
92 90.8
93 92.0
94 82.4
95 59.2
96 52.0
97 47.6
98 45.2
99 37.04
100 42.8
101 46.4
102 62.4
103 68.0
104 67.2
105 59.6
106 33.84
107 46.8
108 60.4
109 68.4
110 73.6
111 66.8
112 64.0
113 48.0
114 80.0
115 64.8
116 71.6
117 70.8
118 66.8
119 58.8
120 55.2
121 55.6
122 62.8
123 63.2
124 56.4
125 58.0
126 66.8
127 66.4
128 66.0
129 68.4
130 64.4
131 60.4
132 67.2
133 69.6
134 62.8
135 60.0
136 56.8
137 64.0
138 62.8
139 60.4
140 58.4
141 59.6
142 62.0
143 47.6
144 54.4
145 53.2
146 44.4
147 47.2
148 45.6
149 45.6
150 40.4
151 36.0
152 25.56
153 18.8
154 38.56
155 19.04
156 30.64
157 22.72
158 25.76
159 8.92
160 32.24
161 30.88
162 19.92
163 31.48
164 20.16
165 23.12
166 13.92
167 11.48
168 31.32
169 35.8
170 30.96
171 26.2
172 29.4
173 36.32
174 32.68
175 33.08
176 31.4
177 32.16
178 33.52
179 39.28
180 37.48
181 37.84
182 33.72
183 34.8
184 33.96
185 30.6
186 27.76
187 28.6
188 27.16
189 24.28
190 27.4
191 26.88
192 35.76
193 18.12
194 19.32
195 29.72
196 22.68
197 28.0
198 19.32
199 13.2
200 16.64
201 21.04
202 7.28
203 18.2
204 16.36
205 28.36
206 25.48
207 2.88
208 0.0
209 15.8
210 17.4
211 15.32
212 11.96
213 20.72
214 25.2
215 19.84
216 17.28
217 19.84
218 28.44
219 24.68
220 0.88
221 0.0
222 0.0
223 39.8
224 106.4
225 98.0
226 100.4
227 103.2
228 98.0
229 85.6
230 77.6
231 66.0
232 55.2
233 55.6
234 82.8
235 97.6
236 150.0
237 145.2
238 134.0
239 53.2
240 66.4
241 72.4
242 72.4
243 72.8
244 65.6
245 65.6
246 150.4
247 150.4
248 161.6
249 155.2
250 151.6
251 156.4
252 158.8
253 159.6
254 153.2
255 162.0
256 159.6
257 158.8
258 158.4
259 161.2
260 161.2
261 164.8
262 157.6
263 150.4
264 144.0
265 150.8
266 144.8
267 130.4
268 116.8
269 102.8
270 98.0
271 97.6
272 97.2
273 97.2
274 103.2
275 97.6
276 96.0
277 98.8
278 96.4
279 96.8
280 43.2
281 61.6
282 46.0
283 48.8
284 48.4
285 46.0
286 50.0
287 52.4
288 50.8
289 49.6
290 47.2
291 48.8
292 51.2
293 50.8
294 40.4
295 90.4
296 72.4
297 53.6
298 48.4
299 45.6
300 41.6
301 46.8
302 43.6
303 46.0
304 41.6
305 45.2
306 41.6
307 44.4
308 43.2
309 56.8
310 48.4
311 50.8
312 47.6
313 33.96
314 44.8
315 48.4
316 33.56
317 33.68
318 23.24
319 21.6
320 38.16
321 16.44
322 11.12
323 6.64
324 28.08
325 38.24
326 44.0
327 36.24
328 38.96
329 30.04
330 39.4
331 45.2
332 41.2
333 48.4
334 55.2
335 38.84
336 33.68
337 32.28
338 40.0
339 23.28
340 40.4
341 45.6
342 54.8
343 37.48
344 37.24
345 46.0
346 60.0
347 56.0
348 82.4
349 72.0
350 71.2
351 77.6
352 74.8
353 81.2
354 82.4
355 72.4
356 68.8
357 71.6
358 73.2
359 83.2
360 86.0
361 74.4
362 82.4
363 85.6
364 78.8
365 62.4
366 76.8
367 68.4
368 69.2
369 76.0
370 81.2
371 88.4
372 81.2
373 82.8
374 74.4
375 86.8
376 83.2
377 81.2
378 62.4
379 72.0
380 80.0
381 69.6
382 63.2
383 85.2
384 72.0
385 84.4
386 83.6
387 72.8
388 80.8
389 71.6
390 81.2
391 76.0
392 70.8
393 87.2
394 88.0
395 67.2
396 81.6
397 94.0
398 65.6
399 66.4
400 78.8
401 82.4
402 85.6
403 80.4
404 88.8
405 85.6
406 86.4
407 76.8
408 88.0
409 90.8
410 93.6
411 90.4
412 72.4
413 68.4
414 78.8
415 91.6
416 84.0
417 78.8
418 80.4
419 94.0
420 90.4
421 74.4
422 78.8
423 87.6
424 92.4
425 86.8
426 86.8
427 88.4
428 95.6
429 84.8
430 86.8
431 55.2
432 74.0
433 92.4
434 92.0
435 83.6
436 83.6
437 74.4
438 91.6
439 90.8
440 84.4
441 82.4
442 90.8
443 88.8
444 91.2
445 75.2
446 102.4
447 88.0
448 83.6
449 89.6
450 89.6
451 92.4
452 88.8
453 87.2
454 90.4
455 92.4
456 91.6
457 95.2
458 92.0
459 94.8
460 80.8
461 89.2
462 91.2
463 89.6
464 88.0
465 92.4
466 90.8
467 88.4
468 84.4
469 88.8
470 89.6
471 94.8
472 96.8
473 88.8
474 89.6
475 93.6
476 89.6
477 72.4
478 39.44
479 45.2
480 35.08
481 52.8
482 50.4
483 50.4
484 46.8
485 44.0
486 40.0
487 39.68
488 36.4
489 42.4
490 42.0
491 48.4
492 49.2
493 75.6
494 90.0
495 88.4
496 87.2
497 90.8
498 98.8
499 93.6
500 92.4
501 96.8
502 63.2
503 97.2
504 88.8
505 80.4
506 66.0
507 83.6
508 85.6
509 84.8
510 84.8
511 90.8
512 78.8
513 90.8
514 90.8
515 63.6
516 68.8
517 74.0
518 77.2
519 100.4
520 93.2
521 88.4
522 83.6
523 82.8
524 88.0
525 90.4
526 96.8
527 94.8
528 96.0
529 92.0
530 68.0
531 88.8
532 88.8
533 93.6
534 101.2
535 92.4
536 86.8
537 99.2
538 92.8
539 80.0
540 89.2
541 90.0
542 89.2
543 89.6
544 95.6
545 88.8
546 96.8
547 90.8
548 74.0
549 50.4
550 53.6
551 72.8
552 80.4
553 83.6
554 84.0
555 85.2
556 84.0
557 88.0
558 86.4
559 89.6
560 87.6
561 55.2
562 72.4
563 59.6
564 64.4
565 61.6
566 66.0
567 58.4
568 61.6
569 68.4
570 84.4
571 86.4
572 94.4
573 79.6
574 86.8
575 84.0
576 87.2
577 67.2
578 93.2
579 95.2
580 98.8
581 96.8
582 96.4
583 89.2
584 97.2
585 98.0
586 94.8
587 96.0
588 99.6
589 86.0
590 86.4
591 95.6
592 82.8
593 90.8
594 98.8
595 70.8
596 83.6
597 80.8
598 94.8
599 80.4
600 83.2
601 74.4
602 76.0
603 88.4
604 77.2
605 89.6
606 82.8
607 85.6
608 86.8
609 82.4
610 92.8
611 90.8
612 92.8
613 97.6
614 98.8
615 82.8
616 76.8
617 83.2
618 87.6
619 88.8
620 74.0
621 83.6
622 90.0
623 88.8
624 84.0
625 77.2
626 71.2
627 63.6
628 63.6
629 83.6
630 78.8
631 66.8
632 84.0
633 73.6
634 26.4
635 51.6
636 44.0
637 45.2
638 43.6
639 51.6
640 48.4
641 45.6
642 52.8
643 42.8
644 51.2
645 52.4
646 59.6
647 48.4
648 56.0
649 44.0
650 54.8
651 50.8
652 58.8
653 45.2
654 45.2
655 43.2
656 44.8
657 44.8
658 52.4
659 57.6
660 59.6
661 58.4
662 50.4
663 58.8
664 37.8
665 42.4
666 34.76
667 37.88
668 45.6
669 46.4
670 54.4
671 52.8
672 44.8
673 40.8
674 31.68
675 44.8
676 56.0
677 70.0
678 47.6
679 57.2
680 26.36
681 32.92
682 55.2
683 59.2
684 68.0
685 48.8
686 38.4
687 52.8
688 65.6
689 73.6
690 73.6
691 65.2
692 64.8
693 50.8
694 79.6
695 72.4
696 65.6
697 33.68
698 67.6
699 52.0
700 47.2
701 41.6
702 11.08
703 39.6
704 39.76
705 21.16
706 24.2
707 44.4
708 34.08
709 8.08
710 29.8
711 17.8
712 40.8
713 9.72
714 13.12
715 16.36
716 14.28
717 15.52
718 24.8
719 13.76
720 0.0
721 14.08
722 4.44
723 5.96
724 8.48
725 13.56
726 12.84
727 9.04
728 10.44
729 15.8
730 17.64
731 16.56
732 17.72
733 16.08
734 16.88
735 25.36
736 14.4
737 18.08
738 14.16
739 16.36
740 15.4
741 16.96
742 17.0
743 19.12
744 9.68
745 9.88
746 13.64
747 16.64
748 20.08
749 19.36
750 21.28
751 15.44
752 20.68
753 19.16
754 17.92
755 19.8
756 17.0
757 12.24
758 20.68
759 22.52
760 24.04
761 22.24
762 21.48
763 23.32
764 22.0
765 22.8
766 18.72
767 13.32
768 15.84
769 17.36
770 19.36
771 24.36
772 12.32
773 49.6
774 41.2
775 52.4
776 75.6
777 78.8
778 82.0
779 83.2
780 84.8
781 86.0
782 85.2
783 78.0
784 73.6
785 56.8
786 25.76
787 76.0
788 64.4
789 40.8
790 40.8
791 38.8
792 38.68
793 38.52
794 28.76
795 34.2
796 24.56
797 48.0
798 52.4
799 56.8
800 58.0
801 56.8
802 56.8
803 56.4
804 56.8
805 56.0
806 56.8
807 38.72
808 53.6
809 52.4
810 52.0
811 52.4
812 53.2
813 51.6
814 49.2
815 46.4
816 55.2
817 37.48
818 32.76
819 35.36
820 16.0
821 43.6
822 44.8
823 54.4
824 56.4
825 55.6
826 36.52
827 36.88
828 66.8
829 70.0
830 85.6
831 88.0
832 86.0
833 81.6
834 87.2
835 89.6
836 75.6
837 74.4
838 91.6
839 88.4
840 89.6
841 93.2
842 86.4
843 88.4
844 88.8
845 90.8
846 90.8
847 78.8
848 85.2
849 92.4
850 91.6
851 80.8
852 75.6
853 74.4
854 68.4
855 82.0
856 72.8
857 70.4
858 67.2
859 66.8
860 49.2
861 27.84
862 32.0
863 27.56
864 20.12
865 22.48
866 10.08
867 3.28
868 9.76
869 0.0
870 28.68
871 27.76
872 29.28
873 35.88
874 36.8
875 37.68
876 37.84
877 42.0
878 46.4
879 10.16
880 7.64
881 0.36
882 0.0
883 15.12
884 24.92
885 19.48
886 2.24
887 0.0
888 0.04
889 0.0
890 1.68
891 0.44
892 5.12
893 4.48
894 7.72
895 4.24
896 10.04
897 15.68
898 14.48
899 17.96
900 21.48
901 18.2
902 10.96
903 19.04
904 39.76
905 43.2
906 42.4
907 47.6
908 47.2
909 52.0
910 59.2
911 64.8
912 76.4
913 54.0
914 23.8
915 2.92
916 12.12
917 2.64
918 11.68
919 5.56
920 8.28
921 9.76
922 11.44
923 13.24
924 11.32
925 11.68
926 9.04
927 10.2
928 11.92
929 16.76
930 15.44
931 18.4
932 19.72
933 17.2
934 19.44
935 15.72
936 12.72
937 11.72
938 13.96
939 13.84
940 18.24
941 17.96
942 0.48
943 27.4
944 28.92
945 26.0
946 25.6
947 34.52
948 30.52
949 34.04
950 30.96
951 36.64
952 38.96
953 36.2
954 34.04
955 34.36
956 31.64
957 32.76
958 30.2
959 31.44
960 30.08
961 33.4
962 30.08
963 30.64
964 35.6
965 24.48
966 35.84
967 35.28
968 37.12
969 29.32
970 32.84
971 37.44
972 35.24
973 31.2
974 34.84
975 31.12
976 32.72
977 32.44
978 2.6
979 82.0
980 80.4
981 79.2
982 36.8
983 27.96
984 27.32
985 21.64
986 24.36
987 22.28
988 26.16
989 30.76
990 29.76
991 29.04
992 25.68
993 31.76
994 38.76
995 38.48
996 33.48
997 34.12
998 39.16
999 34.96
1000 34.6
1001 34.84
1002 32.2
1003 33.72
1004 32.84
1005 34.44
1006 33.88
1007 20.2
1008 31.0
1009 26.12
1010 18.96
1011 31.04
1012 31.64
1013 27.24
1014 25.28
1015 22.68
1016 27.28
1017 32.76
1018 32.08
1019 34.2
1020 35.8
1021 30.88
1022 23.64
1023 37.12
1024 33.16
1025 30.76
1026 34.72
1027 34.6
1028 32.36
1029 23.48
1030 25.0
1031 36.64
1032 34.68
1033 30.84
1034 36.92
1035 33.64
1036 27.8
1037 29.04
1038 2.56
1039 19.12
1040 15.48
1041 9.92
1042 12.08
1043 13.12
1044 14.96
1045 13.2
1046 11.6
1047 12.16
1048 11.4
1049 11.4
1050 10.64
1051 10.68
1052 10.28
1053 8.68
1054 11.44
1055 12.88
1056 11.24
1057 10.4
1058 9.84
1059 11.24
1060 11.24
1061 11.64
1062 13.16
1063 12.48
1064 9.04
1065 10.44
1066 10.92
1067 9.84
1068 11.12
1069 13.8
1070 11.32
1071 11.72
1072 12.2
1073 10.84
1074 9.2
1075 9.48
1076 10.48
1077 10.56
1078 7.32
1079 10.92
1080 8.4
1081 9.08
1082 9.68
1083 12.04
1084 11.36
1085 10.4
1086 4.12
1087 4.16
1088 6.32
1089 4.96
1090 3.96
1091 1.8
1092 3.32
1093 12.6
1094 3.08
1095 10.64
1096 3.16
1097 2.64
1098 4.6
1099 3.72
1100 7.0
1101 14.68
1102 14.64
1103 23.08
1104 67.6
1105 59.6
1106 64.8
1107 76.0
1108 73.6
1109 82.0
1110 33.92
1111 26.44
1112 17.72
1113 12.4
1114 19.04
1115 15.72
1116 20.32
1117 23.36
1118 14.72
1119 16.92
1120 17.24
1121 16.08
1122 18.4
1123 22.88
1124 18.2
1125 14.48
1126 8.52
1127 35.12
1128 9.8
1129 1.76
1130 22.52
1131 2.0
1132 7.44
1133 2.4
1134 12.6
1135 9.68
1136 19.8
1137 15.68
1138 25.08
1139 22.64
1140 20.08
1141 26.32
1142 22.84
1143 19.4
1144 24.32
1145 23.68
1146 24.32
1147 15.08
1148 29.32
1149 60.8
1150 84.0
1151 80.4
1152 79.2
1153 78.8
1154 82.4
1155 64.4
1156 35.04
1157 34.64
1158 21.84
1159 23.08
1160 9.44
1161 70.8
1162 67.2
1163 28.8
1164 37.92
1165 36.4
1166 37.72
1167 33.04
1168 28.56
1169 22.08
1170 21.96
1171 28.04
1172 25.08
1173 34.36
1174 25.36
1175 30.92
1176 17.2
1177 23.08
1178 13.96
1179 14.04
1180 18.24
1181 25.68
1182 27.48
1183 53.6
1184 57.6
1185 38.72
1186 24.04
1187 37.8
1188 42.4
1189 43.2
1190 42.8
1191 29.56
1192 52.0
1193 57.2
1194 59.6
1195 56.0
1196 63.6
1197 62.8
1198 72.8
1199 77.6
1200 85.2
1201 88.8
1202 90.4
1203 90.8
1204 89.6
1205 85.6
1206 84.0
1207 98.4
1208 98.8
1209 98.4
1210 82.0
1211 96.0
1212 90.4
1213 91.6
1214 97.6
1215 96.4
1216 91.6
1217 88.8
1218 88.8
1219 89.6
1220 92.0
1221 88.0
1222 93.2
1223 90.4
1224 92.0
1225 96.8
1226 94.8
1227 97.2
1228 82.0
1229 104.8
1230 97.2
1231 89.6
1232 93.6
1233 92.8
1234 96.4
1235 97.2
1236 98.8
1237 99.2
1238 99.2
1239 98.0
1240 100.0
1241 79.6
1242 100.4
1243 49.6
1244 55.6
1245 52.8
1246 42.4
1247 43.2
1248 57.2
1249 57.2
1250 56.0
1251 55.6
1252 54.0
1253 42.4
1254 29.72
1255 50.8
1256 41.6
1257 42.8
1258 40.0
1259 47.2
1260 86.8
1261 90.0
1262 90.4
