0 11.0
1 8.24
2 9.6
3 9.96
4 10.96
5 12.48
6 12.28
7 13.44
8 11.44
9 9.2
10 9.76
11 10.32
12 11.56
13 10.44
14 5.64
15 10.28
16 10.76
17 9.88
18 10.6
19 15.44
20 19.32
21 24.16
22 36.84
23 51.6
24 64.4
25 71.6
26 78.8
27 63.2
28 63.2
29 31.68
30 28.48
31 29.32
32 29.16
33 28.16
34 28.0
35 25.4
36 29.36
37 31.2
38 33.44
39 31.88
40 24.4
41 14.28
42 8.8
43 7.48
44 9.6
45 11.24
46 11.68
47 13.76
48 20.48
49 32.44
50 46.8
51 45.2
52 26.24
53 19.2
54 13.08
55 13.76
56 14.4
57 14.48
58 10.0
59 9.36
60 10.28
61 12.0
62 13.56
63 13.44
64 17.68
65 9.76
66 23.16
67 20.76
68 17.16
69 19.92
70 18.4
71 19.08
72 21.16
73 28.6
74 35.96
75 50.4
76 54.8
77 34.52
78 21.64
79 22.76
80 23.8
81 24.64
82 26.8
83 30.72
84 36.92
85 50.8
86 59.6
87 74.4
88 78.8
89 48.8
90 22.2
91 20.24
92 20.32
93 21.08
94 20.16
95 22.24
96 23.84
97 29.96
98 40.0
99 32.76
100 33.36
101 10.68
102 3.0
103 4.52
104 3.88
105 2.48
106 10.64
107 14.28
108 26.0
109 44.8
110 51.6
111 52.0
112 29.8
113 58.8
114 32.88
115 28.16
116 20.04
117 20.12
118 22.96
119 33.04
120 43.2
121 45.2
122 44.0
123 49.6
124 48.4
125 44.4
126 62.4
127 55.2
128 53.2
129 51.2
130 52.4
131 56.0
132 55.2
133 54.0
134 50.8
135 50.4
136 53.6
137 54.4
138 54.4
139 45.2
140 40.8
141 40.8
142 41.6
143 40.0
144 34.76
145 36.16
146 39.2
147 39.96
148 40.4
149 39.72
150 36.64
151 38.64
152 38.12
153 35.52
154 37.32
155 38.92
156 39.24
157 36.12
158 34.28
159 38.52
160 36.2
161 37.08
162 35.76
163 32.92
164 36.24
165 37.08
166 39.32
167 37.6
168 36.72
169 48.0
170 51.6
171 49.6
172 48.4
173 46.8
174 46.8
175 48.4
176 46.8
177 39.24
178 44.0
179 43.2
180 47.6
181 49.2
182 46.8
183 43.2
184 54.4
185 50.4
186 48.8
187 39.92
188 56.0
189 51.2
190 48.4
191 44.8
192 37.24
193 33.6
194 33.04
195 53.2
196 22.8
197 42.0
198 44.8
199 42.4
200 38.96
201 40.0
202 19.0
203 48.8
204 56.8
205 56.4
206 58.8
207 64.8
208 60.4
209 63.2
210 63.2
211 47.2
212 28.2
213 37.56
214 35.48
215 36.12
216 39.32
217 30.88
218 25.96
219 34.16
220 9.92
221 4.72
222 4.84
223 6.08
224 9.0
225 15.64
226 18.8
227 20.88
228 24.04
229 26.48
230 26.52
231 28.6
232 27.48
233 33.6
234 30.68
235 23.16
236 9.68
237 7.96
238 8.32
239 8.4
240 9.4
241 11.64
242 12.44
243 17.56
244 26.32
245 35.96
246 40.4
247 39.32
248 46.8
249 36.16
250 32.24
251 33.6
252 34.96
253 39.36
254 40.8
255 37.04
256 50.0
257 48.8
258 33.36
259 41.2
260 38.0
261 37.24
262 34.84
263 39.24
264 35.0
265 35.28
266 22.8
267 42.0
268 26.68
269 21.04
270 27.92
271 23.56
272 29.84
273 28.32
274 20.24
275 38.76
276 50.0
277 64.0
278 73.6
279 80.8
280 49.6
281 13.8
282 36.68
283 44.4
284 43.6
285 41.6
286 44.4
287 42.8
288 53.6
289 59.6
290 55.2
291 51.6
292 56.8
293 69.2
294 63.2
295 62.4
296 70.0
297 71.2
298 65.6
299 60.4
300 64.4
301 66.0
302 67.6
303 69.2
304 65.6
305 54.0
306 49.6
307 77.2
308 68.8
309 70.4
310 71.2
311 58.8
312 78.0
313 69.2
314 69.6
315 66.4
316 65.2
317 66.4
318 61.6
319 67.6
320 66.0
321 35.36
322 53.2
323 53.6
324 65.6
325 65.6
326 63.6
327 70.8
328 70.4
329 63.6
330 59.6
331 65.2
332 70.8
333 62.4
334 67.6
335 62.4
336 58.0
337 105.6
338 116.0
339 115.6
340 107.6
341 107.2
342 117.2
343 114.8
344 112.8
345 103.6
346 106.0
347 116.4
348 124.0
349 126.0
350 123.6
351 125.6
352 129.6
353 136.0
354 131.2
355 136.0
356 124.8
357 121.6
358 122.4
359 132.4
360 126.8
361 123.2
362 130.4
363 123.2
364 117.6
365 117.2
366 84.8
367 58.8
368 66.0
369 66.4
370 67.6
371 65.2
372 67.6
373 68.4
374 73.6
375 75.6
376 85.6
377 92.4
378 94.0
379 95.2
380 98.8
381 86.0
382 86.0
383 90.4
384 98.0
385 92.8
386 92.0
387 95.6
388 94.8
389 93.2
390 97.2
391 76.4
392 100.4
393 93.2
394 93.6
395 98.0
396 97.2
397 97.2
398 97.6
399 81.6
400 90.4
401 78.0
402 44.0
403 25.76
404 38.12
405 55.2
406 63.2
407 64.4
408 57.6
409 62.0
410 62.0
411 54.4
412 54.0
413 56.4
414 54.4
415 54.4
416 53.2
417 62.0
418 70.8
419 55.2
420 56.4
421 46.4
422 44.8
423 52.0
424 58.4
425 65.6
426 57.2
427 52.8
428 46.0
429 39.84
430 40.0
431 88.8
432 79.6
433 66.4
434 38.72
435 36.72
436 33.92
437 32.68
438 21.28
439 22.64
440 23.92
441 14.92
442 18.52
443 11.36
444 1.88
445 0.0
446 2.12
447 5.76
448 5.6
449 7.8
450 11.84
451 11.24
452 9.76
453 10.64
454 12.28
455 15.4
456 11.08
457 0.88
458 19.24
459 11.24
460 10.64
461 13.96
462 10.68
463 13.4
464 17.44
465 14.76
466 13.88
467 14.4
468 11.6
469 14.48
470 16.6
471 15.64
472 17.28
473 19.32
474 21.08
475 24.84
476 25.16
477 9.0
478 49.2
479 16.84
480 7.64
481 25.96
482 30.44
483 10.64
484 18.0
485 20.12
486 16.88
487 21.24
488 20.4
489 27.96
490 23.64
491 26.84
492 20.84
493 13.96
494 19.28
495 11.92
496 16.76
497 22.92
498 30.6
499 34.0
500 16.76
501 18.32
502 18.32
503 17.0
504 17.84
505 22.04
506 17.92
507 17.92
508 16.84
509 23.28
510 18.76
511 5.32
512 38.72
513 16.8
514 21.88
515 18.0
516 11.08
517 0.0
518 0.04
519 42.8
520 15.0
521 20.88
522 23.44
523 28.04
524 29.72
525 26.96
526 25.2
527 29.32
528 31.44
529 33.12
530 28.0
531 35.6
532 30.24
533 26.44
534 23.8
535 21.64
536 25.36
537 29.44
538 29.4
539 31.12
540 20.56
541 29.56
542 27.72
543 26.24
544 22.48
545 19.08
546 9.16
547 17.2
548 16.72
549 16.84
550 17.48
551 11.16
552 9.08
553 7.08
554 10.84
555 58.4
556 71.2
557 63.6
558 78.0
559 58.0
560 27.48
561 26.2
562 24.68
563 15.88
564 21.16
565 40.8
566 63.6
567 59.2
568 52.0
569 53.6
570 58.8
571 57.6
572 45.2
573 58.0
574 48.4
575 42.0
576 48.8
577 58.0
578 58.0
579 49.6
580 47.6
581 44.0
582 33.2
583 37.12
584 44.8
585 36.76
586 46.8
587 55.2
588 44.0
589 51.6
590 44.8
591 88.8
592 62.4
593 66.0
594 52.8
595 58.0
596 63.6
597 41.6
598 61.6
599 58.4
600 52.8
601 48.0
602 61.6
603 44.4
604 42.0
605 48.8
606 51.2
607 42.4
608 45.6
609 50.0
610 51.6
611 45.6
612 54.4
613 52.8
614 62.8
615 64.0
616 59.6
617 70.4
618 66.8
619 50.8
620 50.8
621 48.8
622 48.4
623 33.68
624 74.4
625 60.0
626 62.0
627 77.6
628 46.4
629 36.16
630 15.04
631 16.92
632 17.16
633 9.0
634 14.88
635 18.96
636 17.92
637 19.04
638 18.88
639 23.64
640 30.0
641 40.8
642 57.6
643 70.8
644 93.2
645 112.4
646 117.6
647 113.6
648 90.0
649 74.0
650 87.2
651 44.4
652 56.0
653 26.76
654 46.4
655 0.0
656 36.04
657 34.76
658 24.68
659 27.16
660 22.24
661 19.92
662 33.52
663 32.0
664 33.08
665 35.0
666 29.8
667 34.92
668 38.48
669 45.6
670 58.0
671 75.2
672 87.6
673 91.6
674 82.0
675 42.4
676 71.2
677 47.6
678 55.6
679 50.4
680 44.8
681 19.28
682 24.56
683 22.68
684 29.96
685 28.96
686 31.32
687 26.28
688 49.2
689 32.16
690 33.4
691 32.16
692 31.08
693 24.0
694 23.08
695 27.88
696 31.92
697 31.4
698 31.44
699 32.2
700 34.8
701 33.16
702 28.72
703 37.68
704 37.2
705 33.6
706 39.16
707 37.48
708 38.16
709 45.2
710 50.0
711 21.68
712 7.6
713 8.4
714 8.32
715 10.48
716 11.24
717 14.28
718 20.96
719 20.32
720 13.84
721 9.68
722 11.56
723 10.2
724 10.84
725 12.6
726 7.76
727 5.68
728 12.44
729 25.0
730 40.4
731 25.56
732 14.76
733 34.2
734 34.28
735 31.88
736 34.08
737 33.32
738 30.16
739 26.72
740 35.48
741 28.68
742 31.28
743 13.64
744 9.92
745 7.68
746 10.16
747 11.2
748 13.36
749 15.2
750 16.2
751 18.72
752 11.36
753 2.44
754 1.8
755 3.16
756 4.4
757 6.48
758 14.12
759 25.8
760 46.8
761 62.0
762 83.6
763 91.2
764 90.8
765 84.4
766 86.0
767 87.2
768 86.0
769 83.2
770 80.8
771 86.8
772 74.4
773 69.2
774 78.4
775 68.4
776 73.6
777 87.6
778 85.6
779 68.0
780 59.6
781 45.6
782 48.8
783 44.0
784 41.6
785 40.8
786 46.4
787 47.6
788 39.88
789 40.8
790 33.68
791 28.64
792 21.72
793 7.4
794 5.8
795 3.6
796 4.6
797 5.32
798 6.92
799 8.4
800 9.4
801 14.68
802 25.08
803 31.08
804 17.28
805 12.44
806 11.4
807 12.64
808 14.28
809 14.6
810 17.16
811 21.2
812 29.28
813 44.8
814 54.8
815 67.2
816 67.6
817 65.6
818 67.6
819 67.6
820 76.0
821 88.0
822 83.6
823 86.8
824 89.2
825 53.2
826 37.32
827 33.32
828 35.2
829 35.48
830 34.76
831 35.52
832 39.4
833 44.4
834 56.8
835 55.2
836 40.0
837 44.0
838 49.2
839 50.8
840 51.6
841 54.4
842 51.6
843 56.4
844 60.8
845 75.2
846 76.4
847 83.6
848 84.8
849 79.6
850 62.4
851 73.2
852 57.2
853 73.6
854 83.2
855 81.2
856 38.48
857 17.68
858 18.08
859 19.6
860 20.12
861 22.52
862 24.76
863 29.88
864 37.2
865 50.4
866 30.0
867 14.08
868 14.48
869 15.96
870 17.64
871 18.48
872 21.08
873 30.96
874 44.4
875 65.2
876 77.2
877 115.2
878 145.2
879 138.8
880 144.8
881 149.2
882 156.4
883 152.0
884 159.2
885 153.6
886 84.8
887 96.0
888 52.8
889 56.8
890 62.4
891 64.0
892 62.0
893 62.0
894 61.6
895 69.2
896 82.4
897 91.2
898 110.4
899 130.0
900 138.4
901 150.8
902 146.0
903 142.8
904 133.2
905 124.0
906 126.8
907 132.0
908 142.8
909 139.6
910 131.6
911 88.0
912 54.8
913 53.2
914 57.2
915 61.6
916 57.6
917 60.4
918 62.8
919 66.8
920 73.6
921 83.6
922 91.6
923 96.4
924 104.0
925 100.4
926 105.6
927 96.8
928 104.4
929 105.6
930 92.8
931 14.28
932 49.6
933 35.16
934 44.4
935 39.48
936 42.4
937 52.8
938 51.2
939 50.8
940 46.8
941 50.0
942 56.4
943 66.4
944 76.8
945 78.8
946 66.8
947 27.12
948 66.0
949 58.8
950 60.8
951 60.4
952 62.8
953 63.6
954 67.6
955 60.0
956 67.2
957 66.4
958 68.4
959 68.0
960 64.0
961 58.0
962 61.2
963 50.4
964 48.4
965 49.6
966 49.6
967 48.8
968 50.4
969 51.2
970 50.0
971 28.28
972 80.0
973 74.0
974 87.2
975 90.8
976 71.6
977 51.2
978 32.68
979 32.84
980 38.24
981 37.68
982 38.76
983 41.2
984 45.6
985 49.6
986 59.2
987 74.8
988 77.2
989 53.2
990 48.8
991 52.4
992 41.6
993 57.2
994 58.4
995 58.4
996 72.4
997 76.8
998 85.2
999 96.4
1000 96.4
1001 85.2
1002 74.0
1003 82.8
1004 86.4
1005 66.8
1006 63.2
1007 57.6
1008 49.6
1009 52.8
1010 51.6
1011 71.2
1012 94.0
1013 102.0
1014 100.4
1015 100.4
1016 91.2
1017 0.0
1018 43.6
1019 25.08
1020 24.08
1021 27.08
1022 25.4
1023 24.52
1024 27.04
1025 24.68
1026 25.72
1027 26.36
1028 23.76
1029 25.08
1030 24.12
1031 22.88
1032 23.16
1033 24.92
1034 25.32
1035 26.04
1036 27.08
1037 26.68
1038 22.6
1039 25.2
1040 33.04
1041 32.76
1042 27.76
1043 31.12
1044 32.6
1045 31.0
1046 42.4
1047 46.0
1048 44.8
1049 45.6
1050 30.36
1051 70.4
1052 72.0
1053 88.4
1054 84.4
1055 80.4
1056 88.4
1057 73.2
1058 75.6
1059 76.0
1060 78.4
1061 71.2
1062 81.2
1063 80.4
1064 78.8
1065 73.2
1066 75.6
1067 64.0
1068 40.8
1069 21.36
1070 5.72
1071 2.0
1072 1.76
1073 1.68
1074 0.92
1075 0.92
1076 1.4
1077 0.84
1078 1.2
1079 1.36
1080 2.12
1081 2.2
1082 0.6
1083 0.48
1084 1.32
1085 2.6
1086 4.6
1087 6.4
1088 4.68
1089 1.32
1090 2.76
1091 3.52
1092 5.68
1093 8.96
1094 6.64
1095 10.84
1096 12.76
1097 12.8
1098 12.04
1099 13.24
1100 10.76
1101 8.6
1102 8.76
1103 10.4
1104 11.4
1105 13.6
1106 17.64
1107 25.56
1108 39.92
1109 58.4
1110 65.6
1111 75.6
1112 87.6
1113 88.4
1114 94.0
1115 86.8
1116 82.8
1117 91.2
1118 92.0
1119 86.0
1120 87.6
1121 84.8
1122 92.8
1123 74.8
1124 69.2
1125 85.6
1126 22.72
1127 2.64
1128 0.0
1129 21.6
1130 68.0
1131 71.6
1132 67.6
1133 74.0
1134 71.6
1135 72.8
1136 75.6
1137 76.4
1138 80.4
1139 90.4
1140 89.6
1141 94.0
1142 83.2
1143 55.6
1144 28.4
1145 34.8
1146 5.16
1147 0.16
1148 52.8
1149 50.0
1150 45.6
1151 46.8
1152 25.68
1153 5.8
1154 8.2
1155 12.4
1156 6.0
1157 4.72
1158 12.4
1159 14.0
1160 12.72
1161 12.28
1162 15.24
1163 13.36
1164 22.32
1165 36.2
1166 44.4
1167 60.8
1168 67.6
1169 52.8
1170 30.68
1171 22.68
1172 24.76
1173 11.12
1174 24.84
1175 27.36
1176 29.28
1177 8.76
1178 20.12
1179 8.88
1180 5.36
1181 9.24
1182 9.48
1183 6.76
1184 5.76
1185 5.76
1186 6.4
1187 7.76
1188 8.08
1189 7.92
1190 10.32
1191 16.32
1192 27.08
1193 37.84
1194 54.8
1195 65.2
1196 69.6
1197 65.6
1198 62.0
1199 54.4
1200 54.8
1201 63.2
1202 66.0
1203 12.84
1204 11.2
1205 8.36
1206 15.96
1207 5.96
1208 8.6
1209 3.88
1210 5.96
1211 8.48
1212 10.64
1213 11.56
1214 10.72
1215 11.32
1216 13.88
1217 14.08
1218 14.32
1219 6.4
1220 18.88
1221 14.04
1222 7.36
1223 15.2
1224 10.64
1225 10.32
1226 16.04
1227 14.72
1228 13.28
1229 10.36
1230 19.0
1231 17.16
1232 18.0
1233 21.04
1234 19.2
1235 18.36
1236 23.76
1237 24.2
1238 21.84
1239 22.88
1240 17.12
1241 26.08
1242 21.48
1243 24.44
1244 23.44
1245 24.84
1246 23.68
1247 20.96
1248 25.88
1249 29.36
1250 33.12
1251 23.44
1252 25.32
1253 21.48
1254 20.64
1255 19.4
1256 18.0
1257 19.56
1258 21.72
1259 22.56
1260 21.28
1261 23.8
1262 24.56
1263 24.68
1264 25.44
1265 25.92
1266 27.12
1267 28.12
1268 31.0
1269 27.56
1270 40.4
1271 29.52
1272 27.4
1273 22.8
1274 49.6
1275 52.4
1276 52.4
1277 53.2
1278 54.8
1279 53.2
1280 52.4
1281 61.6
1282 66.8
1283 76.8
1284 87.6
1285 94.0
1286 95.2
1287 79.2
1288 76.0
1289 70.0
1290 69.2
1291 72.8
1292 62.8
1293 74.8
1294 82.0
1295 80.8
1296 75.2
1297 76.4
1298 80.8
1299 69.6
1300 115.6
1301 92.4
1302 86.0
1303 96.4
1304 93.2
1305 100.8
1306 97.2
1307 96.0
1308 98.0
1309 98.0
1310 99.6
1311 97.2
1312 100.4
1313 92.4
1314 88.0
1315 101.6
1316 98.4
1317 90.0
1318 89.6
1319 90.4
1320 91.6
1321 90.4
1322 96.8
1323 93.6
1324 100.0
1325 88.4
1326 97.6
1327 94.4
1328 90.0
1329 88.8
1330 75.2
1331 89.2
1332 81.6
1333 62.8
1334 43.6
1335 44.8
1336 67.6
1337 81.6
1338 64.8
1339 66.4
1340 70.4
1341 63.6
1342 70.8
1343 13.4
1344 28.04
1345 49.2
1346 74.4
1347 70.8
1348 42.4
1349 26.68
1350 26.16
1351 23.04
1352 22.2
1353 27.36
1354 25.08
1355 23.12
1356 27.2
1357 28.28
1358 28.16
1359 28.44
1360 20.84
1361 21.24
1362 23.4
1363 28.12
1364 29.12
1365 29.88
1366 30.52
1367 26.48
1368 27.28
1369 11.68
1370 19.68
1371 13.32
1372 9.44
1373 14.04
1374 19.44
1375 17.72
1376 17.44
1377 22.36
1378 24.96
1379 29.92
1380 41.6
1381 52.0
1382 54.4
1383 58.4
1384 60.8
1385 59.6
1386 32.64
1387 37.04
1388 27.12
1389 14.08
1390 36.44
1391 32.44
1392 30.6
1393 28.48
1394 33.8
1395 30.8
1396 31.32
1397 30.0
1398 24.4
1399 30.76
1400 33.76
1401 35.0
1402 43.2
1403 38.4
1404 43.6
1405 44.0
1406 36.76
1407 33.12
1408 25.44
1409 56.0
1410 46.0
1411 41.6
1412 40.8
1413 43.6
1414 48.8
1415 39.2
1416 29.52
1417 32.64
1418 28.16
1419 20.28
1420 25.88
1421 18.08
1422 20.12
1423 20.32
1424 21.24
1425 21.28
1426 22.2
1427 31.0
1428 41.6
1429 52.0
1430 66.8
1431 72.8
1432 116.0
1433 112.0
1434 71.2
1435 84.8
1436 78.0
1437 73.6
1438 70.8
1439 68.0
1440 81.6
1441 80.8
1442 74.0
1443 75.6
1444 78.8
1445 75.2
1446 85.6
1447 86.4
1448 82.0
1449 71.6
1450 100.0
1451 82.8
1452 75.6
1453 68.0
1454 66.8
1455 60.0
1456 64.0
1457 72.8
1458 72.4
1459 67.2
1460 52.4
1461 72.0
1462 90.4
1463 92.4
1464 78.8
1465 49.2
1466 32.4
1467 49.6
1468 26.96
1469 18.04
1470 19.32
1471 19.76
1472 21.84
1473 22.52
1474 24.96
1475 32.64
1476 42.8
1477 56.8
1478 71.6
1479 74.8
1480 76.4
1481 74.4
1482 74.4
1483 80.4
1484 85.2
1485 91.2
1486 84.0
1487 86.4
1488 77.2
1489 85.6
1490 92.0
1491 86.8
1492 86.4
1493 81.6
1494 80.4
1495 66.4
1496 59.6
1497 79.2
1498 75.2
1499 72.8
1500 65.2
1501 76.4
1502 69.2
1503 74.8
1504 78.8
1505 70.8
1506 67.6
1507 57.6
1508 76.8
1509 56.8
1510 67.2
1511 53.2
1512 61.2
1513 67.6
1514 82.0
1515 79.6
1516 57.2
1517 56.0
1518 58.4
1519 64.0
1520 63.6
1521 60.0
1522 56.8
1523 60.4
1524 53.2
1525 49.6
1526 32.8
1527 38.08
1528 50.4
1529 46.4
1530 53.2
1531 31.96
1532 55.6
1533 57.6
1534 64.4
1535 58.4
1536 53.2
1537 46.4
1538 32.92
1539 52.8
1540 75.2
1541 81.6
1542 80.8
1543 76.4
1544 78.4
1545 61.2
1546 74.4
1547 70.8
1548 73.2
1549 75.6
1550 72.8
1551 82.4
1552 68.8
1553 72.8
1554 82.0
1555 86.0
1556 90.8
1557 73.2
1558 91.2
1559 90.0
1560 89.2
1561 57.6
1562 66.8
1563 91.2
1564 88.4
1565 82.8
1566 83.2
1567 81.6
1568 65.6
1569 77.2
1570 58.0
1571 61.2
1572 64.0
1573 74.0
1574 67.6
1575 55.6
1576 60.0
1577 74.8
1578 64.4
1579 78.4
1580 87.6
1581 84.0
1582 78.4
1583 83.6
1584 80.4
1585 89.6
1586 88.0
1587 92.0
1588 88.0
1589 84.4
1590 88.0
1591 89.6
1592 86.8
1593 86.4
1594 74.8
1595 68.4
1596 84.4
1597 82.0
1598 89.2
1599 89.6
1600 58.4
1601 69.6
1602 70.8
1603 72.4
1604 82.4
1605 76.8
1606 81.2
1607 69.2
1608 82.4
1609 94.4
1610 84.4
1611 62.8
1612 99.2
1613 86.0
1614 82.0
1615 79.6
1616 79.2
1617 82.8
1618 84.8
1619 84.0
1620 93.6
1621 90.0
1622 96.8
1623 90.0
1624 99.6
1625 95.2
1626 68.0
1627 102.8
1628 96.0
1629 91.6
1630 98.4
1631 93.2
1632 90.0
1633 94.4
1634 96.8
1635 94.4
1636 86.0
1637 82.4
1638 76.4
1639 86.8
1640 93.6
1641 93.6
1642 91.6
1643 78.0
1644 77.6
1645 63.6
1646 74.4
1647 76.8
1648 67.6
1649 75.2
1650 69.6
1651 60.4
1652 60.0
1653 60.8
1654 61.6
1655 54.8
1656 54.0
1657 64.8
1658 68.4
1659 76.0
1660 80.8
1661 89.2
1662 88.8
1663 97.6
1664 99.6
1665 103.6
1666 54.8
1667 128.4
1668 74.8
1669 72.8
1670 98.0
1671 93.2
1672 90.0
1673 93.2
1674 88.0
1675 91.2
1676 96.0
1677 87.2
1678 96.4
1679 92.4
1680 93.2
1681 86.8
1682 62.4
1683 84.0
1684 88.8
1685 92.0
1686 83.6
1687 87.2
1688 72.8
1689 63.2
1690 68.8
1691 52.0
1692 64.0
1693 68.0
1694 75.2
1695 66.8
1696 71.2
1697 79.6
1698 68.0
1699 69.6
1700 68.4
1701 67.2
1702 60.0
1703 58.8
1704 65.6
1705 64.4
1706 64.4
1707 64.0
1708 75.2
1709 66.8
1710 80.4
1711 78.4
1712 69.2
1713 74.0
1714 71.2
1715 78.4
1716 91.6
1717 64.8
1718 80.8
1719 63.6
1720 70.0
1721 74.8
1722 76.4
1723 77.6
1724 73.6
1725 70.4
1726 73.2
1727 84.4
1728 80.0
1729 78.8
1730 74.4
1731 68.4
1732 82.8
1733 80.4
1734 86.8
1735 78.8
1736 80.8
1737 78.0
1738 78.0
1739 73.2
1740 83.2
1741 68.4
1742 71.2
1743 68.0
1744 78.4
1745 68.8
1746 66.4
1747 79.6
1748 72.0
1749 82.4
1750 86.8
1751 77.6
1752 76.4
1753 75.2
1754 80.8
1755 70.8
1756 68.4
1757 69.2
1758 76.4
1759 72.8
1760 69.2
1761 79.2
1762 72.8
1763 64.4
1764 53.2
1765 60.8
1766 62.4
1767 60.0
1768 52.0
1769 61.2
1770 61.2
1771 61.2
1772 56.0
1773 54.0
1774 62.4
1775 59.6
1776 66.8
1777 53.2
1778 41.2
1779 37.92
1780 39.36
1781 35.6
1782 36.52
1783 36.0
1784 40.8
1785 48.4
1786 56.8
1787 63.6
1788 69.2
1789 66.4
1790 66.4
1791 58.0
1792 52.8
1793 71.6
1794 66.0
1795 62.4
1796 62.8
1797 71.2
1798 68.8
1799 75.6
1800 72.4
1801 73.6
1802 52.0
1803 68.4
1804 71.6
1805 67.6
1806 69.2
1807 57.2
1808 64.4
1809 58.0
1810 50.0
1811 54.4
1812 55.6
1813 73.2
1814 74.0
1815 60.4
1816 40.0
1817 34.6
1818 54.4
1819 38.88
1820 39.24
1821 36.92
1822 37.56
1823 33.4
1824 33.52
1825 32.24
1826 32.84
1827 19.36
1828 38.52
1829 30.92
1830 33.8
1831 40.4
1832 39.24
1833 38.2
1834 31.04
1835 37.36
1836 36.24
1837 35.08
1838 37.84
1839 40.0
1840 39.12
1841 40.8
1842 42.8
1843 40.8
1844 42.0
1845 43.6
1846 80.8
1847 87.6
1848 87.6
1849 84.4
1850 73.6
1851 94.4
1852 100.0
1853 99.6
1854 94.4
1855 40.8
1856 39.48
1857 52.0
1858 42.0
1859 46.0
1860 34.56
1861 35.72
1862 29.48
1863 33.76
1864 38.36
1865 36.08
1866 37.56
1867 39.08
1868 43.2
1869 47.6
1870 62.4
1871 68.4
1872 66.4
1873 64.8
1874 64.8
1875 64.8
1876 65.2
1877 62.8
1878 55.2
1879 72.8
1880 74.0
1881 47.6
1882 44.4
1883 49.6
1884 60.0
1885 80.0
1886 85.6
1887 81.2
1888 83.2
1889 73.6
1890 86.4
1891 88.4
1892 85.6
1893 88.4
1894 74.4
1895 77.6
1896 76.4
1897 75.2
1898 92.8
1899 93.2
1900 81.6
1901 83.2
1902 80.8
1903 79.6
1904 78.4
1905 82.4
1906 62.0
1907 67.6
1908 69.2
1909 63.2
1910 57.6
1911 63.2
1912 65.2
1913 69.6
1914 56.8
1915 94.0
1916 71.2
1917 69.2
1918 84.4
1919 81.6
1920 79.6
1921 74.4
1922 67.2
1923 62.4
1924 65.6
1925 37.64
1926 61.6
1927 70.4
1928 36.12
1929 45.2
1930 37.8
1931 31.24
1932 35.88
1933 35.44
1934 24.12
1935 40.8
1936 38.12
1937 36.08
1938 34.88
1939 42.4
1940 44.0
1941 34.36
1942 31.8
1943 35.72
1944 34.64
1945 36.8
1946 28.24
1947 47.2
1948 40.4
1949 34.96
1950 26.36
1951 27.8
1952 32.2
1953 33.92
1954 38.8
1955 35.92
1956 34.44
1957 41.6
1958 37.48
1959 39.12
1960 24.72
1961 41.6
1962 31.96
1963 22.24
1964 33.08
1965 30.64
1966 40.8
1967 44.0
1968 42.8
1969 44.0
1970 40.4
1971 46.4
1972 42.0
1973 34.08
1974 34.4
1975 38.16
1976 25.16
1977 31.96
1978 30.88
1979 39.28
1980 39.04
1981 32.24
1982 26.56
1983 21.32
1984 30.76
1985 35.6
1986 68.8
1987 69.2
1988 69.6
1989 62.0
1990 54.4
1991 50.8
1992 50.4
1993 52.4
1994 52.0
1995 51.2
1996 53.2
1997 54.0
1998 53.2
1999 52.4
2000 46.8
2001 46.8
2002 37.48
2003 36.24
2004 46.8
2005 50.0
2006 58.0
2007 52.4
2008 52.4
2009 58.4
2010 58.8
2011 52.4
2012 46.8
2013 54.4
2014 52.8
2015 49.6
2016 49.6
2017 40.4
2018 39.24
2019 51.6
2020 55.6
2021 57.2
2022 54.0
2023 57.6
2024 50.4
2025 52.8
2026 49.6
2027 47.6
2028 58.8
2029 54.8
2030 49.6
2031 64.4
2032 62.8
2033 53.6
2034 53.2
2035 60.8
2036 58.4
2037 55.2
2038 59.2
2039 48.0
2040 66.8
2041 87.6
2042 86.8
2043 89.6
2044 89.6
2045 81.6
2046 59.6
2047 62.8
2048 58.8
2049 58.4
2050 58.4
2051 58.8
2052 60.8
2053 61.6
2054 49.6
2055 66.4
2056 61.6
2057 56.4
2058 60.8
2059 55.6
2060 54.0
2061 93.2
2062 96.0
2063 96.0
2064 100.0
2065 93.6
2066 100.4
2067 98.8
2068 92.4
2069 96.8
2070 100.0
2071 91.6
2072 97.6
2073 101.2
2074 97.6
2075 99.2
2076 100.4
2077 80.8
2078 98.8
2079 95.2
2080 82.0
2081 86.8
2082 79.2
2083 50.8
2084 54.0
2085 56.0
2086 50.8
2087 55.2
2088 59.2
2089 57.6
2090 53.6
2091 51.6
2092 56.4
2093 53.6
2094 54.0
2095 56.8
2096 58.0
2097 56.4
2098 53.2
2099 54.8
2100 62.4
2101 50.8
2102 66.0
2103 26.0
2104 44.0
2105 53.6
2106 53.2
2107 46.0
2108 50.4
2109 55.2
2110 62.8
2111 46.8
2112 46.0
2113 39.84
2114 40.4
2115 61.2
2116 62.8
2117 36.2
2118 41.2
2119 61.6
2120 58.0
2121 54.8
2122 62.4
2123 62.0
2124 52.8
2125 53.6
2126 42.4
2127 45.2
2128 44.8
2129 35.12
2130 54.4
2131 48.0
2132 50.0
2133 47.2
2134 33.64
2135 53.2
2136 37.2
2137 42.4
2138 37.12
2139 40.4
2140 45.2
2141 43.6
2142 42.8
2143 34.92
2144 28.48
2145 16.6
2146 15.92
2147 30.72
2148 38.72
2149 48.0
2150 51.2
2151 19.88
2152 63.6
2153 47.6
2154 38.6
2155 27.96
2156 27.84
2157 31.12
2158 32.04
2159 30.72
2160 32.72
2161 32.88
2162 39.68
2163 42.0
2164 41.2
2165 48.4
2166 41.6
2167 36.52
2168 60.0
2169 39.16
2170 31.28
2171 19.28
2172 17.88
2173 20.76
2174 24.2
2175 22.2
2176 21.2
2177 26.44
2178 31.92
2179 39.32
2180 39.84
2181 43.2
2182 56.4
2183 39.48
2184 62.8
2185 48.8
2186 44.0
2187 46.8
2188 33.76
2189 35.96
2190 41.6
2191 36.96
2192 40.0
2193 42.0
2194 42.4
2195 33.16
2196 46.0
2197 46.0
2198 44.0
2199 48.8
2200 49.2
2201 45.6
2202 42.4
2203 25.24
2204 35.2
2205 41.2
2206 34.8
2207 26.72
2208 28.12
2209 24.56
2210 44.8
2211 38.32
2212 21.8
2213 46.4
2214 48.0
2215 52.4
2216 30.08
2217 30.92
2218 37.72
2219 27.24
2220 33.36
2221 26.48
2222 20.76
2223 10.8
2224 6.2
2225 7.16
2226 7.28
2227 8.44
2228 9.32
2229 8.16
2230 8.24
2231 9.84
2232 9.76
2233 9.08
2234 12.0
2235 16.84
2236 22.64
2237 30.72
2238 37.4
2239 40.4
2240 28.04
2241 19.24
2242 40.4
2243 32.64
2244 36.32
2245 30.76
2246 28.08
2247 26.64
2248 25.24
2249 27.52
2250 26.84
2251 18.24
2252 11.8
2253 14.4
2254 29.88
2255 48.4
2256 33.8
2257 42.4
2258 38.08
2259 40.4
2260 29.96
2261 46.8
2262 19.96
2263 21.64
2264 21.16
2265 22.64
2266 24.04
2267 25.6
2268 29.84
2269 40.0
2270 52.0
2271 57.6
2272 59.6
2273 63.6
2274 73.2
2275 62.8
2276 60.8
2277 56.8
2278 44.4
2279 50.0
2280 56.0
2281 57.6
2282 67.6
2283 65.6
2284 72.4
2285 66.0
2286 60.4
2287 68.8
2288 64.0
2289 60.0
2290 66.0
2291 66.8
2292 72.0
2293 59.6
2294 66.8
2295 65.2
2296 73.2
2297 66.0
2298 66.0
2299 76.8
2300 78.0
2301 72.4
2302 72.4
2303 68.8
2304 80.8
2305 64.0
2306 71.2
2307 70.8
2308 67.2
2309 60.0
2310 61.6
2311 52.0
2312 68.8
2313 48.4
2314 64.8
2315 71.6
2316 66.4
2317 62.0
2318 72.4
2319 75.6
2320 72.0
2321 79.2
2322 70.8
2323 56.8
2324 63.6
2325 57.2
2326 60.0
2327 57.6
2328 58.4
2329 53.2
2330 49.2
2331 53.6
2332 40.8
2333 33.16
2334 23.72
2335 17.88
2336 19.72
2337 22.2
2338 10.8
2339 11.0
2340 20.64
2341 3.52
2342 3.4
2343 3.32
2344 3.84
2345 5.24
2346 5.48
2347 6.6
2348 5.28
2349 4.88
2350 2.32
2351 1.12
2352 11.28
2353 8.0
2354 8.56
2355 3.84
2356 5.0
2357 1.92
2358 2.88
2359 8.28
2360 8.2
2361 8.8
2362 5.4
2363 3.88
2364 4.88
2365 2.6
2366 3.76
2367 2.32
2368 5.08
2369 0.92
2370 0.4
2371 10.16
2372 25.36
2373 34.8
2374 31.16
2375 13.8
2376 12.28
2377 10.16
2378 9.36
2379 10.72
2380 7.28
2381 8.56
2382 12.88
2383 5.36
2384 8.68
2385 8.4
2386 10.0
2387 10.4
2388 11.44
2389 9.32
2390 10.72
2391 6.88
2392 9.24
2393 10.04
2394 8.04
2395 10.28
2396 11.16
2397 8.16
2398 10.64
2399 8.92
2400 10.12
2401 7.08
2402 4.08
2403 7.76
2404 7.76
2405 6.32
2406 7.92
2407 10.52
2408 22.56
2409 17.2
2410 30.76
2411 35.28
2412 38.92
2413 31.4
2414 25.2
2415 30.04
2416 33.44
2417 24.36
2418 29.28
2419 34.08
2420 38.52
2421 41.6
2422 32.48
2423 44.8
2424 36.44
2425 27.48
2426 26.28
2427 36.2
2428 34.04
2429 33.68
2430 34.84
2431 38.28
2432 44.0
2433 45.2
2434 44.4
2435 40.4
2436 44.4
2437 41.6
2438 43.6
2439 35.64
2440 33.72
2441 38.12
2442 49.2
2443 49.2
2444 41.2
2445 42.8
2446 45.2
2447 42.0
2448 42.8
2449 44.8
2450 49.2
2451 44.4
2452 45.6
2453 49.2
2454 49.6
2455 46.8
2456 46.4
2457 43.6
2458 42.0
2459 47.2
2460 44.8
2461 45.6
2462 47.6
2463 49.2
2464 45.2
2465 46.8
2466 45.6
2467 44.8
2468 45.6
2469 44.8
2470 31.64
2471 34.0
2472 45.2
2473 48.8
2474 48.0
2475 48.4
2476 43.2
2477 42.4
2478 46.0
2479 46.4
2480 47.2
2481 44.8
2482 43.2
2483 37.36
2484 56.8
2485 46.8
2486 44.4
2487 44.8
2488 42.0
2489 42.0
2490 40.0
2491 40.4
2492 42.0
2493 42.4
2494 44.8
2495 45.6
2496 45.2
2497 46.0
2498 33.68
2499 37.08
2500 38.64
2501 32.96
2502 29.0
2503 31.88
2504 43.2
2505 36.88
2506 42.0
2507 38.32
2508 47.2
2509 40.4
2510 44.4
2511 43.2
2512 45.6
2513 44.0
2514 44.8
2515 36.12
2516 34.04
2517 42.8
2518 46.4
2519 45.2
2520 44.4
2521 44.8
2522 45.2
2523 48.8
2524 48.8
2525 45.6
2526 47.6
2527 45.2
2528 44.4
2529 45.2
2530 30.6
2531 50.4
2532 38.64
2533 44.4
2534 44.4
2535 45.6
2536 46.0
2537 45.6
2538 52.0
2539 47.2
2540 44.8
2541 41.6
2542 45.2
2543 41.6
2544 40.8
2545 42.0
2546 40.8
2547 41.6
2548 41.6
2549 44.0
2550 45.2
2551 42.0
2552 44.0
2553 46.8
2554 45.2
2555 48.8
2556 41.6
2557 38.96
2558 41.6
2559 26.04
2560 39.68
2561 35.96
2562 40.4
2563 37.2
2564 34.44
2565 36.36
2566 28.4
2567 35.44
2568 38.0
2569 40.4
2570 40.4
2571 42.0
2572 43.6
2573 42.0
2574 44.8
2575 46.4
2576 47.6
2577 42.8
2578 31.76
2579 51.6
2580 38.08
2581 43.2
2582 37.48
2583 37.4
2584 39.16
2585 39.76
2586 40.4
2587 42.0
2588 35.92
2589 40.8
2590 32.2
2591 31.36
2592 33.6
2593 45.6
2594 40.0
2595 32.24
2596 48.0
2597 49.6
2598 48.4
2599 46.8
2600 47.2
2601 46.0
2602 51.6
2603 55.6
2604 39.88
2605 42.4
2606 53.6
2607 53.6
2608 54.8
2609 49.2
2610 49.6
2611 46.4
2612 46.4
2613 44.4
2614 48.8
2615 50.0
2616 52.8
2617 52.0
2618 42.0
2619 56.0
2620 36.92
2621 38.72
2622 52.4
2623 48.4
2624 50.4
2625 52.0
2626 49.6
2627 50.4
2628 48.0
2629 48.4
2630 48.4
2631 48.8
2632 50.0
2633 50.8
2634 32.24
2635 41.6
2636 49.2
2637 54.4
2638 50.8
2639 51.2
2640 48.0
2641 44.4
2642 20.12
2643 71.6
2644 21.76
2645 29.48
2646 24.32
2647 25.8
2648 23.6
2649 27.4
2650 29.88
2651 25.8
2652 71.6
2653 74.4
2654 66.0
2655 72.0
2656 74.4
2657 74.8
2658 81.2
2659 85.6
2660 91.2
2661 84.4
2662 82.4
2663 80.8
2664 84.8
2665 80.8
2666 77.6
2667 84.0
2668 86.4
2669 87.6
2670 84.0
2671 81.6
2672 88.0
2673 94.0
2674 84.8
2675 90.4
2676 90.8
2677 82.4
2678 88.0
2679 88.4
2680 78.4
2681 77.6
2682 85.6
2683 88.8
2684 80.8
2685 79.2
2686 84.4
2687 82.0
2688 87.2
2689 86.0
2690 76.0
2691 73.6
2692 82.8
2693 82.4
2694 86.0
2695 85.2
2696 91.6
2697 79.2
2698 79.2
2699 89.2
2700 91.2
2701 75.2
2702 82.8
2703 90.0
2704 98.4
2705 78.0
2706 84.8
2707 53.6
2708 32.4
2709 35.84
2710 30.12
2711 10.28
2712 17.88
2713 26.44
2714 32.72
2715 27.2
2716 34.68
2717 34.64
2718 26.96
