0 33.92
1 31.84
2 52.0
3 47.2
4 50.8
5 53.2
6 42.8
7 46.8
8 57.6
9 48.8
10 65.2
11 77.6
12 78.4
13 86.0
14 79.6
15 82.4
16 56.4
17 62.8
18 64.0
19 59.2
20 64.8
21 77.2
22 72.4
23 80.0
24 60.0
25 71.6
26 69.2
27 86.8
28 85.2
29 102.0
30 76.0
31 51.2
32 58.4
33 52.8
34 55.6
35 56.4
36 53.2
37 54.8
38 66.8
39 74.0
40 65.6
41 69.2
42 52.8
43 28.64
44 37.24
45 26.12
46 38.04
47 40.8
48 44.0
49 40.8
50 33.56
51 37.12
52 24.48
53 11.28
54 21.76
55 34.56
56 19.32
57 25.32
58 37.12
59 39.08
60 32.6
61 26.56
62 22.92
63 20.08
64 3164.0
65 30.6
66 15.08
67 10.48
68 10.52
69 21.52
70 22.36
71 23.08
72 36.68
73 40.0
74 39.88
75 33.96
76 7.84
77 50.4
78 22.68
79 30.24
80 54.8
81 51.2
82 64.4
83 58.0
84 52.0
85 58.4
86 50.8
87 52.0
88 47.6
89 56.8
90 68.4
91 63.2
92 66.8
93 64.4
94 58.0
95 66.8
96 60.0
97 58.8
98 51.2
99 64.0
100 58.0
101 70.4
102 59.2
103 20.28
104 53.2
105 56.0
106 62.0
107 67.6
108 54.8
109 57.6
110 61.6
111 50.8
112 58.8
113 44.8
114 62.0
115 57.6
116 57.2
117 48.0
118 54.4
119 41.2
120 44.0
121 49.2
122 49.2
123 46.8
124 36.28
125 37.56
126 23.28
127 24.96
128 23.64
129 29.88
130 21.44
131 23.84
132 33.2
133 40.4
134 12.48
135 27.16
136 26.28
137 50.4
138 17.64
139 59.6
140 52.4
141 64.8
142 70.0
143 80.8
144 70.0
145 79.6
146 85.2
147 79.6
148 75.2
149 54.4
150 31.48
151 45.6
152 78.0
153 68.8
154 62.8
155 66.4
156 65.2
157 46.8
158 51.2
159 63.2
160 78.8
161 69.6
162 91.2
163 78.0
164 61.2
165 64.0
166 53.6
167 55.2
168 50.8
169 52.8
170 54.0
171 42.0
172 31.72
173 27.8
174 29.2
175 36.52
176 33.08
177 24.96
178 34.76
179 24.8
180 39.64
181 38.76
182 29.84
183 32.2
184 20.8
185 18.12
186 40.8
187 37.16
188 50.8
189 46.4
190 61.2
191 46.0
192 52.0
193 42.0
194 37.28
195 35.04
196 43.2
197 26.04
198 40.4
199 35.72
200 21.92
201 25.4
202 36.52
203 28.72
204 26.08
205 24.52
206 40.4
207 44.4
208 24.28
209 34.6
210 26.72
211 47.6
212 54.0
213 35.56
214 24.88
215 34.4
216 27.28
217 42.4
218 52.0
219 14.8
220 19.32
221 43.2
222 53.2
223 28.0
224 45.2
225 32.6
226 61.2
227 39.52
228 34.32
229 31.92
230 28.08
231 33.4
232 45.6
233 30.12
234 33.76
235 21.04
236 31.2
237 13.0
238 11.64
239 16.6
240 11.4
241 7.68
242 1040.0
243 520.0
244 0.0
245 0.0
246 4.48
247 5.2
248 3728.0
249 520.0
250 1908.0
251 2816.0
252 2296.0
253 2860.0
254 2468.0
255 130.0
256 1432.0
257 346.4
258 2860.0
259 1732.0
260 216.8
261 173.2
262 952.0
263 303.2
264 1212.0
265 1516.0
266 0.0
267 0.0
268 520.0
269 1428.0
270 2860.0
271 3684.0
272 1168.0
273 303.2
274 5.6
275 10.84
276 15.68
277 19.72
278 23.36
279 39.68
280 59.2
281 71.6
282 67.6
283 68.4
284 86.8
285 72.8
286 39.16
287 44.8
288 15.6
289 21.4
290 23.4
291 31.28
292 48.8
293 44.4
294 63.2
295 63.6
296 64.0
297 63.6
298 74.8
299 70.8
300 59.6
301 71.6
302 69.6
303 68.4
304 82.0
305 77.6
306 71.2
307 80.4
308 74.4
309 74.0
310 78.8
311 80.4
312 82.0
313 79.2
314 91.6
315 81.6
316 82.8
317 85.2
318 47.6
319 80.4
320 59.2
321 80.8
322 85.6
323 79.6
324 87.2
325 84.8
326 81.6
327 82.8
328 83.2
329 70.8
330 76.4
331 78.8
332 81.2
333 76.8
334 74.8
335 66.8
336 71.6
337 72.8
338 76.0
339 89.6
340 70.8
341 61.6
342 46.4
343 37.8
344 42.4
345 33.44
346 47.2
347 40.4
348 40.8
349 40.8
350 32.36
351 36.16
352 29.32
353 17.24
354 24.4
355 21.88
356 22.0
357 216.4
358 130.0
359 15.76
360 3420.0
361 2556.0
362 4.44
363 11.56
364 6.28
365 3596.0
366 4.08
367 4.88
368 4.56
369 5.36
370 2512.0
371 86.8
372 86.8
373 11.24
374 4.88
375 7.44
376 8.28
377 7.6
378 7.48
379 6.92
380 3596.0
381 8.36
382 6.36
383 8.52
384 8.32
385 5.68
386 6.8
387 9.04
388 8.68
389 8.36
390 7.88
391 5.0
392 8.16
393 8.96
394 4.04
395 10.4
396 8.12
397 9.0
398 8.92
399 6.92
400 7.2
401 6.76
402 1644.0
403 5.76
404 6.44
405 7.8
406 7.32
407 7.64
408 12.2
409 5.76
410 2164.0
411 43.2
412 12.4
413 5.28
414 3684.0
415 8.44
416 15.64
417 19.16
418 11.96
419 22.08
420 18.64
421 19.2
422 11.88
423 19.56
424 22.88
425 23.2
426 3116.0
427 30.72
428 12.56
429 16.2
430 13.6
431 9.4
432 11.4
433 20.4
434 17.88
435 13.16
436 13.64
437 18.68
438 9.12
439 54.4
440 46.0
441 42.0
442 46.8
443 55.6
444 72.4
445 62.8
446 73.6
447 70.4
448 65.6
449 56.0
450 37.72
451 31.6
452 36.04
453 37.68
454 33.8
455 21.44
456 35.88
457 12.84
458 9.04
459 21.48
460 24.56
461 48.4
462 58.0
463 49.6
464 44.4
465 39.24
466 48.4
467 42.0
468 36.84
469 47.6
470 42.8
471 41.6
472 42.0
473 49.6
474 48.0
475 38.4
476 39.96
477 39.76
478 36.6
479 48.4
480 50.4
481 56.4
482 49.6
483 55.6
484 53.6
485 48.4
486 58.4
487 44.0
488 43.2
489 68.8
490 54.8
491 43.6
492 54.8
493 52.8
494 58.4
495 52.0
496 52.0
497 50.0
498 45.2
499 45.6
500 46.4
501 34.08
502 41.6
503 42.8
504 41.6
505 43.2
506 48.4
507 47.2
508 41.2
509 47.2
510 54.4
511 37.0
512 76.4
513 35.0
514 42.8
515 41.6
516 30.36
517 16.88
518 64.4
519 16.28
520 25.36
521 32.6
522 26.2
523 31.72
524 31.96
525 30.12
526 29.72
527 34.48
528 26.32
529 33.88
530 46.0
531 48.0
532 31.64
533 53.6
534 55.6
535 58.0
536 59.2
537 52.4
538 56.4
539 48.4
540 53.6
541 58.0
542 23.72
543 60.4
544 62.8
545 55.6
546 59.6
547 51.6
548 57.2
549 57.6
550 53.2
551 63.2
552 56.4
553 58.0
554 54.8
555 54.4
556 54.8
557 52.0
558 60.0
559 54.4
560 63.2
561 60.4
562 60.0
563 60.4
564 59.6
565 57.6
566 58.0
567 60.8
568 61.6
569 53.2
570 65.6
571 52.4
572 68.8
573 59.2
574 58.8
575 64.8
576 58.0
577 63.6
578 56.0
579 60.0
580 43.2
581 45.6
582 56.8
583 60.8
584 59.2
585 54.0
586 5.36
587 39.52
588 2860.0
589 38.28
590 16.88
591 16.12
592 19.8
593 23.32
594 38.64
595 6.4
596 59.6
597 53.2
598 52.8
599 57.2
600 62.8
601 61.2
602 61.2
603 60.0
604 59.2
605 58.4
606 62.8
607 57.2
608 63.2
609 65.2
610 59.2
611 62.4
612 60.8
613 59.6
614 60.8
615 58.8
616 54.8
617 62.8
618 59.6
619 57.6
620 57.6
621 58.8
622 57.2
623 40.4
624 42.8
625 74.8
626 60.8
627 62.0
628 60.8
629 58.8
630 56.0
631 63.2
632 57.6
633 53.2
634 57.2
635 55.2
636 62.4
637 58.8
638 56.8
639 59.2
640 59.6
641 61.6
642 54.8
643 62.4
644 60.4
645 62.0
646 42.0
647 71.2
648 62.8
649 58.4
650 57.6
651 60.4
652 60.8
653 62.8
654 66.0
655 34.28
656 61.6
657 57.6
658 56.0
659 64.0
660 59.6
661 55.2
662 14.52
663 2728.0
664 83.6
665 39.16
666 43.2
667 43.2
668 32.48
669 56.0
670 50.4
671 56.8
672 54.0
673 60.4
674 60.8
675 52.0
676 60.8
677 46.8
678 62.0
679 64.4
680 59.6
681 53.6
682 62.8
683 61.2
684 61.6
685 42.8
686 68.8
687 59.6
688 64.4
689 51.6
690 61.6
691 57.6
692 58.0
693 55.6
694 59.6
695 59.6
696 66.0
697 62.0
698 60.4
699 62.0
700 62.8
701 61.6
702 23.76
703 5.88
704 68.0
705 6.92
706 11.68
707 14.72
708 23.48
709 30.6
710 47.6
711 31.12
712 45.6
713 34.28
714 27.4
715 46.0
716 42.4
717 55.2
718 57.6
719 47.2
720 52.4
721 39.0
722 26.4
723 40.8
724 34.76
725 54.8
726 60.0
727 48.8
728 59.6
729 58.8
730 62.8
731 63.6
732 60.0
733 60.0
734 28.6
735 82.0
736 62.0
737 60.8
738 51.6
739 64.0
740 61.2
741 51.2
742 56.8
743 59.2
744 57.6
745 57.6
746 56.4
747 20.0
748 66.0
749 9.12
750 43.2
751 66.4
752 16.48
753 22.2
754 25.32
755 26.64
756 21.52
757 16.36
758 10.92
759 6.8
760 13.84
761 5.36
762 7.96
763 6.76
764 7.92
765 9.48
766 4.76
767 0.0
768 15.28
769 2684.0
770 8.12
771 2772.0
772 0.0
773 0.0
774 0.0
775 0.0
776 0.0
777 0.0
778 20.0
779 44.4
780 30.6
781 24.04
782 45.2
783 39.04
784 39.52
785 38.44
786 42.8
787 41.2
788 52.4
789 46.0
790 59.2
791 50.0
792 47.2
793 45.6
794 52.0
795 46.8
796 52.8
797 48.0
798 49.6
799 25.16
800 22.6
801 60.0
802 58.0
803 27.36
804 57.6
805 70.0
806 33.0
807 22.16
808 28.2
809 56.4
810 60.4
811 61.2
812 46.4
813 8.76
814 44.8
815 24.8
816 43.2
817 18.8
818 5.24
819 30.48
820 31.76
821 23.36
822 5.2
823 22.32
824 15.12
825 12.16
826 16.96
827 30.2
828 18.52
829 6.88
830 19.64
831 12.88
832 10.64
833 13.8
834 24.28
835 34.44
836 15.48
837 16.36
838 22.4
839 10.12
840 8.04
841 56.4
842 21.88
843 19.08
844 29.56
845 42.0
846 55.6
847 42.0
848 36.0
849 53.2
850 18.36
851 32.84
852 21.32
853 28.04
854 38.64
855 35.88
856 32.44
857 40.4
858 39.92
859 33.88
860 30.4
861 34.4
862 41.2
863 39.92
864 48.4
865 41.6
866 46.0
867 44.0
868 48.4
869 41.6
870 42.8
871 40.0
872 32.2
873 41.2
874 46.0
875 52.8
876 42.0
877 46.8
878 46.8
879 43.2
880 36.16
881 27.28
882 32.68
883 41.6
884 46.8
885 61.2
886 61.2
887 54.4
888 54.0
889 43.2
890 42.0
891 42.0
892 43.6
893 20.84
894 27.76
895 23.32
896 38.72
897 47.2
898 48.0
899 34.28
900 55.2
901 52.4
902 19.44
903 42.4
904 23.6
905 13.6
906 18.52
907 38.6
908 50.0
909 54.8
910 20.52
911 44.0
912 42.0
913 51.2
914 30.04
915 44.0
916 53.2
917 63.6
918 56.8
919 55.6
920 53.2
921 42.0
922 42.0
923 53.6
924 27.16
925 44.8
926 58.8
927 58.0
928 53.6
929 33.4
930 59.2
931 48.8
932 37.72
933 49.2
934 32.72
935 48.4
936 44.8
937 40.8
938 61.6
939 51.2
940 59.6
941 59.6
942 36.04
943 64.4
944 37.6
945 34.2
946 27.08
947 44.8
948 44.8
949 46.0
950 21.56
951 23.12
952 18.8
953 28.52
954 17.56
955 23.08
956 34.76
957 33.92
958 15.6
959 40.4
960 2124.0
961 49.6
962 27.28
963 15.04
964 15.56
965 17.76
966 1904.0
967 0.0
968 32.68
969 6.96
970 15.8
971 36.68
972 19.2
973 25.76
974 35.92
975 4.88
976 29.12
977 13.04
978 14.88
979 8.24
980 22.0
981 21.68
982 16.48
983 11.68
984 17.84
985 17.68
986 14.72
987 2468.0
988 1476.0
989 0.0
990 0.0
991 25.64
992 35.0
993 0.0
994 5.44
995 0.0
996 0.0
997 0.0
998 0.0
999 43.2
1000 68.8
1001 8.52
1002 10.44
1003 7.72
1004 12.16
1005 13.16
1006 12.8
1007 11.92
1008 17.56
1009 23.96
1010 24.12
1011 21.24
1012 35.76
1013 57.2
1014 50.8
1015 47.6
1016 53.6
1017 40.4
1018 9.24
1019 19.44
1020 10.28
1021 0.0
1022 432.0
1023 51.6
1024 0.0
1025 8.16
1026 9.28
1027 3336.0
1028 0.0
1029 3944.0
1030 0.0
1031 0.0
1032 5.04
1033 0.0
1034 6.88
1035 1776.0
1036 0.0
1037 0.0
1038 43.2
1039 32.72
1040 6.84
1041 4.88
1042 9.32
1043 5.4
1044 6.56
1045 7.2
1046 11.52
1047 11.36
1048 5.88
1049 8.04
1050 10.28
1051 7.76
1052 13.16
1053 12.56
1054 8.0
1055 10.72
1056 13.4
1057 8.76
1058 8.68
1059 7.96
1060 11.0
1061 9.84
1062 8.16
1063 9.68
1064 9.68
1065 10.48
1066 6.36
1067 4.36
1068 16.2
1069 6.76
1070 8.8
1071 7.44
1072 6.8
1073 10.8
1074 6.2
1075 10.36
1076 8.16
1077 8.88
1078 3940.0
1079 1952.0
1080 8.28
1081 0.0
1082 0.0
1083 0.0
1084 692.0
1085 52.4
1086 8.68
1087 16.84
1088 23.12
1089 20.92
1090 17.56
1091 19.08
1092 10.72
1093 9.6
1094 26.24
1095 28.68
1096 20.16
1097 29.32
1098 34.36
1099 23.64
1100 26.52
1101 32.92
1102 8.8
1103 29.12
1104 22.36
1105 36.12
1106 18.64
1107 23.12
1108 26.36
1109 23.4
1110 22.28
1111 17.24
1112 25.96
1113 25.4
1114 28.28
1115 23.96
1116 4.92
1117 0.0
1118 0.0
1119 28.52
1120 38.64
1121 43.2
1122 46.4
1123 41.6
1124 43.2
1125 38.36
1126 37.68
1127 30.4
1128 31.68
1129 36.4
1130 32.08
1131 35.64
1132 36.48
1133 45.2
1134 41.2
1135 41.6
1136 47.6
1137 49.6
1138 51.2
1139 48.4
1140 50.0
1141 47.2
1142 47.2
1143 50.8
1144 40.0
1145 53.6
1146 49.2
1147 50.0
1148 48.8
1149 46.0
1150 48.0
1151 50.8
1152 46.4
1153 49.2
1154 46.4
1155 37.68
1156 50.4
1157 51.2
1158 55.6
1159 47.2
1160 53.2
1161 49.2
1162 53.6
1163 50.8
1164 52.8
1165 55.2
1166 54.8
1167 49.6
1168 68.8
1169 69.2
1170 65.6
1171 72.4
1172 67.6
1173 64.0
1174 64.4
1175 54.4
1176 68.8
1177 59.2
1178 56.4
1179 55.2
1180 62.0
1181 57.6
1182 66.0
1183 58.8
1184 7.16
1185 42.0
1186 42.0
1187 51.6
1188 51.2
1189 43.6
1190 41.2
1191 39.96
1192 41.2
1193 41.6
1194 37.48
1195 40.0
1196 52.8
1197 45.6
1198 58.0
1199 48.4
1200 54.0
1201 54.0
1202 22.88
1203 39.92
1204 10.0
1205 20.48
1206 24.12
1207 32.44
1208 32.04
1209 35.88
1210 20.64
1211 39.96
1212 39.08
1213 14.84
1214 1084.0
1215 64.0
1216 25.08
1217 18.0
1218 18.68
1219 18.04
1220 15.68
1221 26.88
1222 19.84
1223 18.28
1224 14.68
1225 14.2
1226 11.92
1227 5.16
1228 10.48
1229 10.04
1230 9.52
1231 10.44
1232 9.24
1233 12.88
1234 16.84
1235 14.92
1236 18.2
1237 18.88
1238 19.88
1239 16.72
1240 19.04
1241 21.52
1242 19.08
1243 15.2
1244 17.24
1245 16.04
1246 12.2
1247 12.64
1248 16.64
1249 18.12
1250 17.24
1251 20.24
1252 19.4
1253 17.88
1254 20.32
1255 19.08
1256 17.72
1257 15.92
1258 15.24
1259 15.12
1260 16.28
1261 20.64
1262 19.56
1263 19.68
1264 18.04
1265 17.52
1266 17.68
1267 17.0
1268 18.72
1269 12.84
1270 20.16
1271 19.44
1272 16.08
1273 16.48
1274 14.44
1275 17.84
1276 14.48
1277 22.96
1278 23.04
1279 19.6
1280 16.48
1281 18.2
1282 16.76
1283 20.4
1284 19.64
1285 21.44
1286 29.52
1287 26.72
1288 27.64
1289 20.72
1290 17.88
1291 25.44
1292 37.2
1293 35.24
1294 46.4
1295 29.68
1296 28.12
1297 27.84
1298 21.76
1299 24.92
1300 28.16
1301 31.64
1302 27.6
1303 25.76
1304 22.44
1305 20.44
1306 19.72
1307 6.44
1308 908.0
1309 22.0
1310 13.36
1311 17.68
1312 14.4
1313 18.8
1314 17.08
1315 19.88
1316 23.96
1317 30.96
1318 33.72
1319 15.8
1320 11.0
1321 9.44
1322 7.24
1323 32.48
1324 29.12
1325 27.64
1326 25.2
1327 25.6
1328 20.8
1329 28.24
1330 23.24
1331 23.32
1332 48.4
1333 11.0
1334 40.0
1335 19.4
1336 25.44
1337 19.76
1338 25.68
1339 36.32
1340 23.2
1341 26.04
1342 19.4
1343 27.0
1344 35.8
1345 43.6
1346 36.56
1347 40.0
1348 50.4
1349 57.2
1350 48.0
1351 45.6
1352 49.6
1353 58.4
1354 46.8
1355 54.8
1356 50.0
1357 69.2
1358 62.0
1359 49.2
1360 43.6
1361 39.68
1362 53.6
1363 40.8
1364 42.4
1365 37.08
1366 27.76
1367 49.2
1368 47.6
1369 56.8
1370 54.8
1371 42.4
1372 36.88
1373 36.6
1374 48.0
1375 52.0
1376 43.6
1377 42.0
1378 38.52
1379 53.2
1380 50.0
1381 42.8
1382 43.6
1383 46.0
1384 49.2
1385 49.2
1386 56.8
1387 54.0
1388 62.4
1389 42.8
1390 43.2
1391 50.8
1392 53.2
1393 51.6
