0 41.6
1 63.2
2 69.6
3 63.6
4 75.6
5 72.8
6 82.4
7 70.8
8 67.2
9 72.4
10 62.0
11 78.4
12 66.0
13 63.6
14 74.0
15 64.0
16 50.8
17 41.2
18 39.4
19 42.0
20 52.0
21 52.8
22 64.0
23 65.6
24 63.2
25 61.6
26 69.2
27 62.0
28 63.2
29 61.6
30 59.2
31 55.6
32 66.0
33 28.92
34 16.32
35 16.24
36 10.08
37 39.2
38 64.4
39 68.4
40 66.4
41 75.2
42 74.0
43 61.2
44 70.4
45 72.4
46 80.8
47 76.8
48 72.4
49 54.8
50 58.4
51 51.6
52 50.0
53 41.6
54 28.52
55 44.8
56 56.0
57 45.6
58 52.4
59 24.76
60 84.8
61 80.8
62 82.0
63 80.4
64 55.2
65 50.8
66 42.4
67 70.4
68 76.4
69 80.0
70 84.0
71 84.0
72 85.6
73 86.0
74 92.4
75 89.6
76 94.8
77 91.6
78 88.0
79 78.4
80 91.6
81 90.8
82 91.6
83 92.8
84 90.4
85 90.0
86 90.4
87 89.2
88 92.4
89 89.6
90 86.8
91 81.6
92 91.6
93 89.2
94 74.8
95 94.4
96 84.4
97 64.8
98 78.8
99 95.6
100 82.4
101 74.8
102 91.6
103 92.0
104 88.8
105 86.4
106 94.4
107 92.8
108 90.4
109 82.4
110 60.4
111 84.0
112 85.2
113 93.2
114 91.6
115 74.4
116 56.4
117 70.4
118 94.0
119 86.0
120 80.8
121 84.0
122 85.2
123 85.2
124 88.4
125 89.6
126 91.2
127 89.2
128 91.2
129 90.0
130 88.8
131 86.8
132 78.0
133 89.2
134 88.0
135 85.6
136 76.4
137 86.4
138 86.8
139 78.0
140 86.8
141 83.6
142 84.8
143 83.2
144 75.6
145 58.4
146 81.6
147 77.6
148 52.0
149 86.8
150 12.52
151 58.4
152 64.8
153 61.2
154 59.6
155 60.8
156 80.4
157 67.6
158 52.4
159 43.6
160 26.16
161 23.32
162 0.0
163 41.6
164 32.6
165 23.6
166 23.48
167 24.0
168 16.92
169 11.72
170 7.12
171 1.36
172 12.48
173 13.32
174 7.16
175 22.72
176 50.8
177 50.0
178 48.0
179 41.6
180 43.2
181 42.4
182 47.2
183 44.8
184 48.0
185 53.6
186 59.2
187 53.6
188 76.4
189 45.2
190 48.0
191 40.8
192 46.8
193 43.6
194 41.6
195 42.0
196 45.2
197 41.2
198 42.0
199 39.68
200 29.28
201 43.2
202 39.0
203 38.48
204 36.24
205 37.84
206 43.2
207 36.28
208 34.72
209 29.6
210 40.8
211 40.8
212 52.4
213 57.6
214 55.6
215 60.8
216 77.6
217 72.8
218 56.8
219 14.52
220 47.6
221 46.8
222 38.12
223 46.8
224 44.4
225 75.2
226 56.8
227 37.44
228 47.2
229 68.4
230 70.0
231 68.4
232 62.4
233 46.8
234 55.6
235 42.4
236 29.64
237 32.6
238 44.8
239 33.84
240 8.4
241 22.56
242 47.2
243 87.6
244 92.8
245 94.4
246 90.4
247 91.6
248 83.6
249 90.4
250 86.4
251 81.6
252 90.0
253 72.0
254 85.2
255 86.0
256 78.4
257 80.4
258 91.6
259 88.8
260 90.4
261 90.4
262 92.0
263 61.6
264 63.2
265 64.4
266 80.4
267 96.0
268 91.2
269 90.0
270 89.6
271 93.2
272 89.2
273 92.0
274 90.8
275 90.4
276 86.4
277 90.0
278 88.8
279 92.0
280 92.0
281 92.8
282 90.0
283 90.0
284 91.2
285 91.2
286 90.4
287 90.0
288 92.8
289 92.0
290 89.2
291 67.6
292 101.2
293 87.6
294 88.4
295 88.4
296 47.2
297 109.2
298 88.8
299 86.8
300 92.0
301 89.6
302 91.6
303 82.8
304 77.6
305 64.4
306 52.0
307 55.2
308 55.2
309 59.6
310 63.2
311 69.2
312 67.6
313 75.2
314 81.2
315 59.2
316 54.0
317 50.0
318 42.0
319 57.2
320 51.6
321 48.0
322 39.16
323 31.2
324 54.0
325 50.8
326 66.4
327 56.8
328 55.2
329 35.32
330 51.6
331 19.4
332 45.6
333 4.36
334 10.8
335 46.0
336 25.32
337 49.6
338 35.72
339 19.8
340 24.24
341 35.48
342 37.0
343 45.6
344 36.56
345 34.2
346 28.48
347 51.2
348 42.0
349 49.6
350 56.8
351 62.0
352 28.04
353 46.0
354 42.8
355 71.6
356 84.0
357 52.8
358 72.8
359 74.0
360 74.4
361 80.0
362 67.2
363 64.4
364 56.8
365 67.6
366 70.0
367 79.2
368 70.0
369 66.8
370 55.6
371 78.0
372 78.0
373 44.4
374 30.92
375 41.6
376 45.2
377 33.24
378 56.4
379 50.8
380 37.68
381 30.12
382 32.96
383 18.68
384 20.92
385 13.04
386 20.04
387 19.92
388 17.56
389 0.4
390 2.36
391 29.44
392 67.2
393 50.0
394 6.52
395 6.64
396 15.84
397 11.36
398 22.84
399 25.84
400 18.12
401 23.88
402 11.88
403 16.48
404 34.24
405 35.28
406 44.8
407 42.4
408 40.0
409 33.64
410 20.76
411 22.24
412 53.6
413 46.0
414 52.0
415 38.76
416 42.0
417 43.2
418 26.36
419 45.2
420 55.2
421 67.2
422 67.2
423 70.0
424 71.6
425 65.2
426 66.0
427 64.0
428 65.2
429 62.0
430 58.4
431 43.6
432 53.2
433 64.0
434 68.8
435 74.8
436 79.6
437 68.4
438 66.4
439 48.4
440 65.2
441 62.0
442 62.8
443 64.8
444 70.4
445 68.4
446 67.2
447 62.4
448 64.8
449 68.8
450 75.2
451 81.6
452 82.4
453 81.2
454 90.0
455 92.0
456 92.8
457 86.0
458 86.4
459 89.6
460 94.4
461 91.6
462 82.4
463 82.8
464 80.4
465 87.2
466 81.6
467 80.0
468 85.2
469 88.0
470 90.0
471 89.2
472 80.0
473 80.4
474 66.0
475 80.0
476 73.6
477 88.0
478 78.8
479 76.0
480 78.0
481 84.0
482 90.8
483 92.0
484 48.8
485 70.8
486 63.6
487 63.2
488 75.2
489 75.6
490 56.4
491 63.2
492 84.0
493 73.6
494 83.6
495 60.0
496 57.2
497 43.6
498 50.4
499 20.8
500 33.76
501 32.2
502 33.44
503 34.52
504 29.52
505 45.2
506 25.44
507 26.08
508 39.08
509 15.76
510 10.2
511 48.0
512 27.28
513 94.4
514 93.6
515 23.56
516 0.0
517 32.72
518 34.6
519 32.88
520 34.24
521 33.44
522 22.44
523 33.24
524 33.4
525 35.88
526 36.72
527 42.8
528 40.8
529 41.6
530 41.2
531 36.0
532 39.88
533 32.0
534 32.64
535 36.48
536 24.68
537 42.8
538 48.8
539 47.6
540 73.6
541 92.4
542 92.8
543 93.2
544 91.2
545 92.4
546 91.2
547 93.2
548 92.4
549 91.6
550 82.8
551 75.2
552 90.0
553 90.4
554 87.2
555 90.0
556 79.6
557 90.0
558 69.6
559 97.2
560 87.6
561 78.4
562 80.4
563 71.6
564 56.4
565 70.8
566 85.6
567 65.6
568 61.6
569 65.2
570 60.4
571 49.2
572 33.68
573 50.4
574 39.4
575 34.76
576 30.84
577 44.8
578 39.6
579 55.6
580 50.0
581 42.0
582 51.2
583 91.6
584 87.2
585 90.8
586 92.0
587 92.0
588 93.6
589 92.4
590 89.6
591 68.0
592 72.4
593 70.0
594 68.8
595 68.8
596 54.0
597 28.08
598 56.4
599 52.4
600 58.4
601 46.8
602 30.36
603 28.76
604 39.4
605 37.96
606 33.8
607 30.0
608 48.4
609 39.96
610 48.8
611 47.2
612 54.0
613 50.4
614 43.6
615 22.44
616 22.4
617 40.8
618 21.68
619 15.64
620 9.4
621 16.96
622 19.92
623 9.6
624 23.96
625 26.48
626 5.96
627 33.0
628 23.76
629 19.8
630 20.0
631 25.8
632 25.32
633 21.6
634 26.28
635 19.04
636 18.96
637 21.76
638 14.16
639 11.96
640 20.16
641 14.56
642 18.24
643 11.24
644 21.8
645 25.24
646 16.76
647 20.76
648 20.2
649 10.44
650 9.32
651 16.8
652 17.8
653 9.92
654 12.08
655 12.56
656 12.04
657 13.4
658 18.68
659 10.6
660 16.6
661 18.84
662 15.12
663 18.52
664 23.32
665 27.68
666 21.8
667 0.32
668 49.2
669 22.2
670 26.12
671 24.52
672 3.64
673 13.72
674 27.12
675 29.84
676 45.2
677 17.84
678 7.0
679 12.92
680 32.0
681 32.64
682 30.4
683 19.28
684 17.6
685 24.32
686 23.12
687 22.64
688 31.16
689 34.92
690 26.44
691 37.16
692 35.96
693 23.28
694 38.32
695 13.36
696 40.8
697 35.72
698 37.72
699 20.44
700 13.0
701 33.76
702 35.88
703 38.36
704 10.72
705 33.64
706 36.96
707 30.0
708 3.92
709 25.88
710 23.96
711 0.04
712 27.6
713 51.6
714 50.0
715 39.96
716 49.6
717 46.0
718 58.8
719 61.2
720 62.0
721 55.2
722 32.6
723 31.88
724 34.04
725 34.84
726 30.0
727 17.36
728 26.0
729 33.48
730 30.92
731 29.08
732 27.24
733 30.32
734 39.36
735 34.4
736 27.84
737 26.44
738 26.72
739 23.96
740 24.36
741 23.28
742 27.12
743 27.76
744 24.96
745 23.4
746 22.88
747 20.0
748 15.64
749 23.84
750 19.16
751 24.96
752 18.68
753 24.24
754 18.52
755 19.16
756 24.04
757 22.08
758 24.32
759 19.76
760 18.76
761 23.84
762 21.4
763 21.96
764 20.92
765 20.68
766 22.36
767 26.72
768 25.2
769 25.12
770 23.44
771 16.32
772 27.28
773 23.6
774 16.0
775 11.96
776 22.64
777 27.96
778 28.52
779 29.4
780 19.12
781 21.96
782 28.28
783 28.52
784 64.0
785 70.4
786 77.2
787 58.8
788 77.6
789 79.6
790 88.0
791 77.6
792 69.2
793 72.4
794 70.0
795 81.2
796 81.2
797 82.4
798 90.4
799 87.6
800 89.6
801 94.0
802 77.2
803 49.2
804 61.2
805 62.8
806 54.8
807 72.8
808 63.6
809 60.4
810 66.8
811 72.4
812 64.0
813 48.4
814 24.96
815 24.68
816 20.0
817 22.96
818 25.56
819 25.32
820 23.12
821 25.16
822 22.16
823 22.36
824 25.12
825 17.64
826 19.28
827 14.04
828 13.0
829 14.16
830 12.76
831 15.76
832 9.0
833 13.92
834 12.76
835 11.68
836 12.28
837 10.88
838 10.68
839 8.76
840 11.72
841 11.4
842 12.44
843 11.76
844 11.24
845 12.68
846 11.76
847 3.92
848 9.6
849 4.72
850 5.24
851 4.8
852 5.64
853 5.84
854 6.28
855 6.68
856 13.48
857 14.96
858 13.16
859 1.56
860 13.84
861 9.32
862 8.2
863 7.92
864 8.6
865 8.12
866 5.4
867 13.68
868 6.84
869 11.2
870 5.6
871 5.16
872 5.76
873 6.32
874 7.36
875 7.76
876 4.88
877 5.84
878 5.04
879 2.68
880 8.64
881 4.4
882 7.36
883 8.08
884 7.96
885 10.0
886 6.56
887 7.32
888 8.6
889 8.12
890 9.56
891 11.28
892 11.96
893 11.44
894 8.0
895 9.36
896 7.6
897 5.8
898 5.68
899 6.96
900 7.0
901 8.36
902 7.16
903 6.28
904 9.56
905 6.64
906 0.6
907 8.08
908 9.88
909 3.48
910 8.08
911 0.04
912 33.6
913 59.6
914 58.4
915 62.0
916 67.6
917 58.4
918 80.4
919 87.6
920 66.8
921 60.8
922 60.0
923 58.8
924 58.4
925 6.4
926 0.0
927 33.68
928 31.44
929 33.16
930 36.28
931 34.6
932 30.0
933 19.56
934 25.4
935 39.0
936 38.4
937 38.52
938 34.84
939 35.96
940 11.28
941 0.0
942 32.64
943 18.6
944 19.44
945 18.56
946 18.48
947 10.0
948 29.4
949 29.76
950 24.24
951 24.16
952 24.88
953 19.48
954 7.36
955 22.16
956 21.8
957 34.32
958 33.32
959 33.08
960 33.92
961 22.56
962 39.16
963 32.6
964 36.84
965 24.2
966 33.88
967 36.12
968 37.24
969 35.44
970 34.8
971 35.32
972 25.0
973 28.2
974 37.12
975 26.2
976 21.16
977 24.24
978 29.76
979 30.92
980 34.36
981 34.76
982 33.72
983 33.8
984 34.12
985 35.12
986 34.68
987 38.64
988 37.2
989 37.04
990 37.96
991 35.76
992 35.76
993 37.12
994 29.92
995 24.72
996 27.04
997 16.92
998 10.4
999 13.28
1000 19.24
1001 15.92
1002 2.88
1003 5.04
1004 7.16
1005 7.36
1006 21.32
1007 19.24
1008 19.76
1009 18.28
1010 21.4
1011 22.6
1012 17.28
1013 27.24
1014 30.44
1015 28.12
1016 18.64
1017 0.08
1018 26.88
1019 14.96
1020 7.84
1021 32.76
1022 33.2
1023 44.0
1024 49.2
1025 43.6
1026 15.0
1027 9.8
1028 15.76
1029 18.92
1030 10.0
1031 12.44
1032 6.4
1033 4.24
1034 7.4
1035 22.44
1036 21.76
1037 26.2
1038 30.88
1039 29.12
1040 7.6
1041 3.28
1042 0.0
1043 11.44
1044 8.16
1045 6.36
1046 6.88
1047 23.12
1048 3.4
1049 2.8
1050 0.0
1051 5.12
1052 5.68
1053 0.0
1054 7.08
1055 23.92
1056 14.04
1057 27.24
1058 27.6
1059 16.84
1060 27.44
1061 44.8
1062 43.2
1063 21.56
1064 38.92
1065 10.32
1066 0.0
1067 46.4
1068 58.8
1069 64.4
1070 59.2
1071 54.0
1072 52.4
1073 65.2
1074 64.8
1075 84.4
1076 48.4
1077 93.2
1078 91.6
1079 92.8
1080 93.2
1081 85.2
1082 94.8
1083 83.2
1084 65.2
1085 83.6
1086 71.6
1087 60.0
1088 79.6
1089 76.0
1090 81.6
1091 76.0
1092 91.6
1093 84.8
1094 86.4
1095 82.4
1096 88.0
1097 80.8
1098 84.8
1099 62.8
1100 82.0
1101 76.4
1102 48.8
1103 12.88
1104 4.64
1105 2.16
1106 6.4
1107 15.72
1108 35.12
1109 67.6
1110 88.8
1111 86.0
1112 76.0
1113 74.8
1114 58.8
1115 76.0
1116 73.6
1117 74.4
1118 73.6
1119 71.2
1120 72.8
1121 75.6
1122 78.8
1123 76.8
1124 76.8
1125 77.6
1126 76.4
1127 76.8
1128 72.4
1129 74.8
1130 73.6
1131 74.8
1132 68.0
1133 77.2
1134 76.8
1135 77.2
1136 62.0
1137 72.0
1138 60.0
1139 60.0
1140 58.4
1141 52.8
1142 60.0
1143 56.4
1144 58.8
1145 59.2
1146 60.4
1147 58.8
1148 60.0
1149 33.44
1150 72.8
1151 60.8
1152 59.2
1153 53.6
1154 50.0
1155 58.4
1156 61.2
1157 62.8
1158 60.8
1159 58.4
1160 62.0
1161 62.4
1162 61.2
1163 60.8
1164 54.4
1165 61.6
1166 60.4
1167 56.0
1168 56.8
1169 62.0
1170 58.4
1171 59.2
1172 58.4
1173 51.6
1174 60.0
1175 57.6
1176 60.4
1177 59.6
1178 51.2
1179 63.6
1180 39.44
1181 56.4
1182 60.0
1183 56.0
1184 58.4
1185 62.4
1186 60.8
1187 60.8
1188 61.2
1189 59.2
1190 61.2
1191 56.8
1192 57.6
1193 50.0
1194 61.2
1195 39.88
1196 71.2
1197 60.0
1198 60.0
1199 59.2
1200 59.2
1201 60.4
1202 56.4
1203 29.28
1204 26.56
1205 21.84
1206 29.84
1207 8.76
1208 3.16
1209 0.0
1210 67.6
1211 24.92
1212 22.96
1213 25.4
1214 29.72
1215 34.4
1216 32.84
1217 36.48
1218 53.2
1219 55.6
1220 54.8
1221 51.2
1222 52.8
1223 56.4
1224 56.8
1225 47.2
1226 46.0
1227 35.92
1228 27.24
1229 23.68
1230 38.72
1231 38.52
1232 24.52
1233 13.76
1234 12.88
1235 2.96
1236 0.04
1237 20.24
1238 30.56
1239 30.28
1240 21.44
1241 36.0
1242 13.88
1243 17.64
1244 6.92
1245 13.92
1246 20.8
1247 14.96
1248 18.0
1249 16.76
1250 18.32
1251 17.92
1252 13.04
1253 15.32
1254 14.76
1255 30.4
1256 43.6
1257 50.0
1258 45.6
1259 32.6
1260 19.0
1261 7.84
1262 10.6
1263 16.48
1264 11.44
1265 7.4
1266 2.04
1267 2.44
1268 1.64
1269 3.08
1270 6.84
1271 5.24
1272 2.44
1273 2.4
1274 3.68
1275 6.64
1276 10.84
1277 6.44
1278 19.32
1279 25.6
1280 32.28
1281 30.8
1282 21.8
1283 19.84
1284 20.28
1285 15.76
1286 15.96
1287 17.8
1288 25.24
1289 29.64
1290 30.68
1291 30.72
1292 28.36
1293 38.28
1294 31.92
1295 51.6
1296 50.0
1297 37.88
1298 38.0
1299 49.2
1300 29.36
1301 37.72
1302 37.48
1303 54.0
1304 53.6
1305 54.4
1306 56.8
1307 54.8
1308 46.4
1309 51.6
1310 50.4
1311 58.0
1312 56.4
1313 56.4
1314 44.0
1315 64.0
1316 42.8
1317 45.2
1318 54.0
1319 54.4
1320 56.8
1321 56.0
1322 55.6
1323 53.6
1324 56.0
1325 54.4
1326 55.6
1327 56.4
1328 57.6
1329 51.6
1330 60.8
1331 41.6
1332 41.6
1333 54.4
1334 53.6
1335 54.4
1336 53.6
1337 54.8
1338 56.0
1339 56.0
1340 54.0
1341 54.0
1342 58.4
1343 56.4
1344 54.8
1345 55.6
1346 58.4
1347 53.6
1348 52.4
1349 56.8
1350 57.2
1351 57.6
1352 57.2
1353 56.8
1354 56.4
1355 56.8
1356 55.6
1357 56.8
1358 56.0
1359 55.2
1360 56.0
1361 56.4
1362 52.4
1363 44.0
1364 13.56
1365 48.8
1366 42.8
1367 44.0
1368 43.6
1369 45.6
1370 43.6
1371 39.84
1372 35.92
1373 40.0
1374 44.0
1375 42.8
1376 45.6
1377 45.2
1378 44.4
1379 43.2
1380 38.28
1381 42.0
1382 43.2
1383 45.2
1384 44.0
1385 39.96
1386 41.6
1387 43.6
1388 44.0
1389 43.6
1390 43.2
1391 43.2
1392 43.6
1393 39.2
1394 36.24
1395 41.2
1396 41.6
1397 35.76
1398 29.12
1399 33.76
1400 30.04
1401 29.28
1402 36.6
1403 33.52
1404 34.32
1405 33.28
1406 34.72
1407 37.2
1408 34.4
1409 28.8
1410 8.64
1411 17.72
1412 32.92
1413 41.6
1414 44.0
1415 40.8
1416 41.6
1417 39.72
1418 40.4
1419 47.2
1420 41.2
1421 39.48
1422 45.6
1423 42.0
1424 58.4
1425 48.8
1426 51.2
1427 46.8
1428 50.0
1429 41.6
1430 46.4
1431 47.2
1432 50.0
1433 52.8
1434 44.8
1435 40.8
1436 31.88
1437 34.8
1438 41.2
1439 35.84
1440 38.44
1441 33.04
1442 33.36
1443 42.0
1444 49.6
1445 47.6
1446 46.0
1447 38.4
1448 35.4
1449 47.6
1450 49.2
1451 47.2
1452 44.0
1453 46.4
1454 50.8
1455 55.2
1456 66.8
1457 68.4
1458 84.4
1459 83.2
1460 82.8
1461 80.8
1462 70.0
1463 56.8
1464 55.2
1465 46.8
1466 43.2
1467 36.48
1468 29.8
1469 37.4
1470 29.96
1471 36.12
1472 33.24
1473 28.44
1474 34.64
1475 37.92
1476 43.2
1477 42.8
1478 42.8
1479 12.04
1480 20.4
1481 42.4
1482 40.0
1483 42.4
1484 42.8
1485 50.8
1486 47.6
1487 44.8
1488 42.4
1489 42.8
1490 46.0
1491 45.2
1492 44.0
1493 50.8
1494 56.4
1495 48.8
1496 62.4
1497 57.6
1498 54.4
1499 48.4
1500 50.0
1501 39.8
1502 31.6
1503 64.8
1504 69.2
1505 88.4
1506 88.4
1507 66.4
1508 62.8
1509 65.6
1510 44.8
1511 41.2
1512 30.64
1513 42.0
1514 62.4
1515 58.8
1516 42.4
1517 61.2
1518 58.0
1519 42.8
1520 55.6
1521 58.0
1522 58.4
1523 60.8
1524 57.2
1525 50.4
1526 51.2
1527 48.0
1528 49.6
1529 50.8
1530 50.0
1531 38.44
1532 51.6
1533 51.2
1534 73.6
1535 65.2
1536 60.0
1537 97.6
1538 84.8
1539 65.6
1540 91.2
1541 92.8
1542 58.4
1543 58.8
1544 53.6
1545 56.0
1546 59.2
1547 59.2
1548 58.8
1549 54.4
1550 84.4
1551 97.2
1552 90.4
1553 92.4
1554 89.6
1555 58.4
1556 51.6
1557 94.8
1558 91.2
1559 82.4
1560 84.0
1561 82.0
1562 65.2
1563 63.6
1564 61.2
1565 87.2
1566 87.2
1567 75.2
1568 53.6
1569 64.4
1570 55.6
1571 34.08
1572 32.6
1573 35.88
1574 32.88
1575 35.28
1576 35.08
1577 25.92
1578 28.48
1579 20.4
1580 11.08
1581 1.0
1582 18.32
1583 17.64
1584 3.44
1585 0.0
1586 0.0
1587 0.0
1588 0.0
1589 15.84
1590 0.04
1591 0.0
1592 0.0
1593 0.0
1594 0.0
1595 22.08
1596 23.8
1597 19.6
1598 13.08
1599 5.36
1600 5.32
1601 42.4
1602 34.6
1603 41.6
1604 50.4
1605 53.6
1606 36.96
1607 52.4
1608 49.6
1609 56.8
1610 62.0
1611 67.2
1612 52.0
1613 47.2
1614 44.0
1615 51.2
1616 78.8
1617 82.8
1618 68.4
1619 70.4
1620 64.4
1621 96.8
1622 89.6
1623 95.6
1624 92.4
1625 80.4
1626 92.0
1627 62.0
1628 108.4
1629 85.2
1630 88.0
1631 89.2
1632 94.0
1633 92.0
1634 84.8
1635 52.8
1636 90.0
1637 77.2
1638 69.6
1639 94.4
1640 96.0
1641 95.6
1642 101.2
1643 99.6
1644 94.4
1645 97.6
1646 101.6
1647 81.6
1648 94.4
1649 94.0
1650 86.4
1651 97.2
1652 98.8
1653 96.8
1654 86.0
1655 90.8
1656 91.6
1657 89.2
1658 94.4
1659 93.2
1660 92.0
1661 93.6
1662 95.2
1663 94.8
1664 101.6
1665 97.6
1666 96.4
1667 89.2
1668 95.2
1669 98.0
1670 97.2
1671 92.8
1672 91.2
1673 89.2
1674 57.6
1675 35.0
1676 92.4
1677 92.8
1678 100.4
1679 84.8
1680 100.0
1681 75.2
1682 28.64
1683 81.6
1684 84.0
1685 57.2
1686 66.4
1687 80.4
1688 74.8
1689 80.4
1690 80.8
1691 84.8
1692 72.0
1693 73.2
1694 51.2
1695 0.0
1696 0.52
1697 35.04
1698 41.6
1699 37.88
1700 48.4
1701 38.44
1702 44.4
1703 43.6
1704 41.2
1705 30.04
1706 25.04
1707 27.12
1708 24.36
1709 19.08
1710 20.04
1711 17.68
1712 16.6
1713 0.0
1714 0.0
1715 3.48
1716 28.16
1717 22.08
1718 18.2
1719 20.88
1720 10.92
1721 8.2
1722 15.76
1723 16.16
1724 18.84
1725 19.96
1726 22.32
1727 16.04
1728 14.44
1729 6.2
1730 1.2
1731 16.92
1732 7.92
1733 17.92
1734 10.48
1735 8.88
1736 10.68
1737 11.2
1738 11.56
1739 11.6
1740 25.36
1741 33.2
1742 43.6
1743 50.0
1744 52.4
1745 47.6
1746 48.4
1747 7.28
1748 0.0
1749 9.68
1750 18.76
1751 18.32
1752 19.32
1753 20.92
1754 26.0
1755 60.0
1756 59.2
1757 62.4
1758 57.2
1759 62.8
1760 57.6
1761 67.2
1762 67.2
1763 69.2
1764 9.4
1765 0.0
1766 0.0
1767 12.08
1768 16.2
1769 8.4
1770 5.08
1771 22.28
1772 22.28
1773 29.96
1774 32.04
1775 29.6
1776 37.32
1777 39.48
1778 39.2
1779 36.92
1780 33.4
1781 35.12
1782 41.2
1783 39.28
1784 39.96
1785 39.36
1786 39.72
1787 35.36
1788 39.0
1789 34.64
1790 40.0
1791 42.8
1792 40.4
1793 42.8
1794 42.4
1795 35.8
1796 46.0
1797 29.56
1798 24.48
1799 25.8
1800 27.04
1801 28.0
1802 34.28
1803 40.0
1804 41.6
1805 45.2
1806 42.0
1807 47.6
1808 35.36
1809 50.0
1810 27.32
1811 39.92
1812 39.68
1813 44.8
1814 33.84
1815 39.32
1816 41.6
1817 37.8
1818 34.8
1819 40.8
1820 37.0
1821 33.76
1822 40.4
1823 36.8
1824 24.16
1825 31.12
1826 25.32
1827 27.64
1828 27.16
1829 25.36
1830 19.56
1831 21.72
1832 25.6
1833 12.88
1834 40.0
1835 42.4
1836 23.96
1837 32.08
1838 35.12
1839 29.2
1840 28.28
1841 39.64
1842 40.8
1843 14.44
1844 8.4
1845 15.4
1846 9.92
1847 9.84
1848 9.08
1849 8.8
1850 5.12
1851 8.56
1852 7.6
1853 8.92
1854 8.48
1855 8.2
1856 6.36
1857 6.56
1858 6.28
1859 5.4
1860 2.76
1861 3.92
1862 8.76
1863 7.56
1864 7.28
1865 5.44
1866 2.8
1867 10.04
1868 19.0
1869 19.6
1870 20.12
1871 23.8
1872 29.84
1873 27.2
1874 25.2
1875 23.92
1876 22.24
1877 25.28
1878 26.32
1879 22.8
1880 24.28
1881 21.6
1882 16.84
1883 13.88
1884 18.84
1885 24.24
1886 17.92
1887 23.72
1888 22.64
1889 27.64
1890 26.88
1891 30.32
1892 34.28
1893 34.64
1894 32.12
1895 30.4
1896 30.12
1897 25.64
1898 22.48
1899 32.28
1900 29.04
1901 29.52
1902 28.68
1903 29.64
1904 28.32
1905 27.88
1906 26.2
1907 22.84
1908 22.96
1909 23.2
1910 26.08
1911 24.36
1912 28.96
1913 23.84
1914 24.56
1915 24.2
1916 34.72
1917 38.08
1918 42.8
1919 42.4
1920 31.96
1921 37.6
1922 48.0
1923 41.6
1924 43.6
1925 32.92
1926 54.0
1927 42.4
1928 38.36
1929 53.2
1930 5.04
1931 12.88
1932 15.6
1933 11.2
1934 11.48
1935 9.36
1936 9.08
1937 9.2
1938 6.68
1939 10.2
1940 9.56
1941 9.48
1942 10.36
1943 11.2
1944 11.72
1945 11.0
1946 11.76
1947 13.92
1948 12.28
1949 10.4
1950 6.92
1951 8.6
1952 8.32
1953 11.44
1954 19.44
1955 16.12
1956 13.04
1957 16.04
1958 16.36
1959 15.24
1960 13.68
1961 15.28
1962 9.64
1963 14.12
1964 17.76
1965 18.08
1966 16.24
1967 18.4
1968 13.92
1969 13.64
1970 16.76
1971 15.8
1972 17.24
1973 16.88
1974 13.36
1975 16.72
1976 14.68
1977 13.88
1978 12.72
1979 5.64
1980 2.64
1981 14.16
1982 30.32
1983 37.24
1984 42.8
1985 42.4
1986 37.76
1987 36.32
1988 39.28
1989 37.2
1990 39.64
1991 41.2
1992 39.32
1993 12.28
1994 12.0
1995 14.08
1996 14.24
1997 9.24
1998 10.68
1999 9.16
2000 13.68
2001 9.4
2002 4.08
2003 10.52
2004 10.72
2005 10.32
2006 10.24
2007 19.4
2008 2.68
2009 0.08
2010 0.0
2011 7.48
2012 21.68
2013 16.0
2014 19.6
2015 16.92
2016 7.84
2017 25.8
2018 30.32
2019 29.72
2020 47.2
2021 25.76
2022 27.48
2023 19.92
2024 20.28
2025 0.0
2026 39.36
2027 27.44
2028 2.16
2029 2.68
2030 6.84
2031 26.84
2032 23.6
2033 20.68
2034 28.0
2035 27.84
2036 28.16
2037 31.32
2038 22.6
2039 26.8
2040 30.72
2041 30.24
2042 26.92
2043 23.6
2044 30.32
2045 2.16
2046 17.68
2047 32.32
2048 36.2
2049 31.88
2050 36.24
2051 27.16
2052 25.6
2053 38.88
2054 37.04
2055 30.72
2056 41.2
2057 38.0
2058 60.4
2059 19.8
2060 45.6
2061 37.48
2062 37.84
2063 44.8
2064 45.2
2065 48.8
2066 47.6
2067 55.6
2068 58.0
2069 31.64
2070 22.52
2071 33.68
2072 52.4
2073 69.2
2074 64.0
2075 66.0
2076 66.8
2077 54.8
2078 64.0
2079 71.2
2080 72.8
2081 57.6
2082 58.0
2083 66.0
2084 64.8
2085 28.4
2086 48.4
2087 62.8
2088 62.0
2089 58.4
2090 60.8
2091 68.0
2092 53.6
2093 47.2
2094 41.2
2095 17.36
2096 88.4
2097 88.8
2098 87.6
2099 90.4
2100 92.0
2101 88.8
2102 78.8
2103 82.8
2104 91.2
2105 88.8
2106 82.0
2107 90.4
2108 89.2
2109 90.8
2110 92.4
2111 92.0
2112 88.0
2113 91.6
2114 85.6
2115 89.2
2116 91.2
2117 83.6
2118 90.4
2119 85.2
2120 82.0
2121 86.0
2122 90.0
2123 88.8
2124 88.0
2125 94.0
2126 90.0
2127 90.8
2128 89.2
2129 87.6
2130 84.8
2131 78.4
2132 81.2
2133 71.2
2134 72.8
2135 79.6
2136 75.2
2137 66.8
2138 77.2
2139 75.6
2140 73.6
2141 76.4
2142 76.8
2143 78.0
2144 74.8
2145 77.2
2146 78.4
2147 74.8
2148 70.0
2149 49.6
2150 68.8
2151 52.4
2152 67.6
2153 58.0
2154 60.0
2155 58.8
2156 52.8
2157 40.8
2158 49.6
2159 57.6
2160 58.8
2161 60.0
2162 52.4
2163 44.4
2164 42.8
2165 8.32
2166 62.8
2167 63.6
2168 31.68
2169 0.0
2170 0.0
2171 0.0
2172 32.12
2173 46.4
2174 44.0
2175 48.4
2176 38.68
2177 28.4
2178 31.48
2179 9.36
2180 26.08
2181 43.6
2182 39.16
2183 50.0
2184 47.2
2185 52.8
2186 52.0
2187 56.0
2188 56.4
2189 56.8
2190 48.0
2191 33.04
2192 42.4
2193 44.8
2194 54.0
2195 42.8
2196 58.0
2197 49.2
2198 48.8
2199 44.4
2200 44.4
2201 44.8
2202 59.2
2203 59.2
2204 60.0
2205 60.4
2206 48.8
2207 16.92
2208 36.04
2209 40.8
2210 38.56
2211 43.2
2212 45.6
2213 45.2
2214 45.2
2215 50.4
2216 45.6
2217 53.2
2218 64.4
2219 62.8
2220 63.2
2221 62.4
2222 62.4
2223 59.6
2224 60.8
2225 58.8
2226 61.6
2227 61.6
2228 62.8
2229 53.6
2230 29.44
2231 48.8
2232 58.4
2233 58.8
2234 58.8
2235 60.0
2236 57.6
2237 57.6
2238 58.8
2239 56.8
2240 62.8
2241 60.0
2242 58.4
2243 63.2
2244 50.4
2245 52.8
2246 53.6
2247 60.4
2248 48.8
2249 55.2
2250 48.0
2251 67.6
2252 56.4
2253 56.0
2254 46.4
2255 54.4
2256 54.0
2257 61.6
2258 64.0
2259 63.2
2260 62.0
2261 54.8
2262 36.56
2263 62.8
2264 59.2
2265 62.0
2266 62.8
2267 45.2
2268 41.6
2269 7.8
2270 33.36
2271 64.0
2272 60.4
2273 32.36
2274 37.84
2275 14.2
2276 14.92
2277 19.4
2278 21.84
2279 18.6
2280 30.72
2281 39.68
2282 16.6
2283 24.64
2284 22.96
2285 19.48
2286 4.76
2287 9.12
2288 32.24
2289 11.4
2290 13.24
2291 8.44
2292 29.72
2293 37.64
2294 17.36
2295 16.72
2296 18.04
2297 19.76
2298 19.32
2299 22.8
2300 30.88
2301 21.96
2302 29.24
2303 6.76
2304 19.48
2305 56.4
2306 15.72
2307 23.72
2308 26.08
2309 26.16
2310 27.28
2311 38.56
2312 42.4
2313 57.2
2314 48.8
2315 54.4
2316 26.16
2317 72.0
2318 53.2
2319 54.8
2320 58.4
2321 25.2
2322 62.8
2323 34.08
2324 31.96
2325 34.12
2326 53.2
2327 48.4
2328 50.0
2329 58.4
2330 46.4
2331 42.4
2332 49.2
2333 48.8
2334 34.12
2335 18.52
2336 0.0
2337 0.0
2338 0.0
2339 0.0
2340 0.0
2341 25.6
2342 20.8
2343 32.44
2344 10.08
2345 17.32
2346 20.48
2347 30.4
2348 13.48
2349 33.12
2350 11.4
2351 29.52
2352 1.04
2353 22.28
2354 24.92
2355 43.2
2356 45.6
2357 50.8
2358 53.2
2359 54.8
2360 30.84
2361 39.64
2362 56.0
2363 50.0
2364 47.2
2365 52.8
2366 43.6
2367 54.4
2368 55.2
2369 59.2
2370 56.4
2371 54.8
2372 54.0
2373 51.2
2374 50.0
2375 50.8
2376 54.4
2377 60.8
2378 61.2
2379 60.0
2380 62.4
2381 64.0
2382 62.4
2383 62.4
2384 61.6
2385 55.2
2386 56.0
2387 58.4
2388 62.0
2389 63.2
2390 58.8
2391 52.4
2392 66.8
2393 62.8
2394 58.4
2395 63.2
2396 63.6
2397 64.0
2398 63.2
2399 58.0
2400 61.2
2401 64.8
2402 64.4
2403 62.4
2404 34.68
2405 75.6
2406 64.4
2407 62.0
2408 62.0
2409 62.0
2410 55.6
2411 62.8
2412 62.4
2413 55.6
2414 62.0
2415 61.2
2416 54.8
2417 57.6
2418 62.4
2419 64.0
2420 61.6
2421 62.0
2422 57.6
2423 45.2
2424 44.0
2425 57.2
2426 74.4
2427 55.6
2428 56.4
2429 62.8
2430 62.8
2431 61.2
2432 54.0
2433 63.6
2434 61.6
2435 62.8
2436 38.08
2437 4.0
2438 13.0
2439 27.4
2440 48.4
2441 36.8
2442 18.16
2443 37.32
2444 48.4
2445 52.4
2446 14.8
2447 26.48
2448 44.4
2449 33.68
2450 15.8
2451 6.88
2452 10.6
2453 15.28
2454 10.2
2455 11.68
2456 11.4
2457 3.0
2458 48.0
2459 64.8
2460 62.8
2461 61.2
2462 55.6
2463 63.6
2464 63.6
2465 61.6
2466 58.8
2467 50.4
2468 62.4
2469 62.8
2470 64.4
2471 38.44
2472 76.4
2473 52.4
2474 54.4
2475 58.4
2476 62.4
2477 58.8
2478 62.0
2479 58.8
2480 57.2
2481 61.2
2482 60.0
2483 65.2
2484 45.6
2485 56.8
2486 57.6
2487 62.4
2488 51.6
2489 28.04
2490 30.24
2491 42.0
2492 56.4
2493 42.0
2494 50.0
2495 45.6
2496 30.36
2497 0.16
2498 50.0
2499 42.4
2500 42.0
2501 57.6
2502 41.2
2503 38.16
2504 42.4
2505 48.8
2506 32.36
2507 42.8
2508 40.8
2509 17.6
2510 17.24
2511 20.84
2512 26.76
2513 37.16
2514 22.6
2515 0.0
2516 32.52
2517 57.2
2518 52.4
2519 49.6
2520 53.6
2521 61.2
2522 58.8
2523 46.8
2524 63.6
2525 64.8
2526 61.6
2527 61.2
2528 61.6
2529 60.0
2530 60.0
2531 30.4
2532 54.8
2533 40.8
2534 50.4
2535 46.8
2536 53.2
2537 60.4
2538 51.6
2539 39.48
2540 56.8
2541 33.2
2542 36.4
2543 58.4
2544 58.0
2545 62.0
2546 57.6
2547 58.8
2548 51.2
2549 55.6
2550 10.44
2551 64.8
2552 52.4
2553 50.8
2554 64.4
2555 64.4
2556 60.8
2557 61.2
2558 64.0
2559 38.8
2560 80.8
2561 63.6
2562 63.2
2563 62.0
2564 48.8
2565 61.2
2566 54.8
2567 61.6
2568 57.6
2569 53.2
2570 60.4
2571 58.4
2572 61.2
2573 57.6
2574 69.2
2575 55.6
2576 58.0
2577 36.68
2578 4.32
2579 86.8
2580 63.2
2581 64.0
2582 59.2
2583 60.4
2584 62.4
2585 64.4
2586 52.8
2587 64.0
2588 54.4
2589 64.8
2590 51.6
2591 63.2
2592 62.4
2593 58.4
2594 64.8
2595 61.6
2596 60.4
2597 58.4
2598 59.6
2599 63.2
2600 58.8
2601 61.2
2602 61.6
2603 55.6
2604 60.4
2605 60.4
2606 59.6
2607 58.8
2608 51.2
2609 66.4
2610 59.6
2611 51.6
2612 37.6
2613 4.12
2614 77.6
2615 37.88
2616 49.2
2617 41.6
2618 53.2
2619 48.0
2620 55.6
2621 53.6
2622 54.8
2623 15.28
2624 16.08
2625 23.64
2626 17.08
2627 23.72
2628 21.0
2629 14.28
2630 22.36
2631 32.28
2632 36.28
2633 44.0
2634 23.0
2635 22.48
2636 53.2
2637 48.8
2638 49.6
2639 38.6
2640 31.6
2641 52.0
2642 58.0
2643 61.2
2644 59.2
2645 58.4
2646 37.2
2647 6.8
2648 36.8
2649 35.08
2650 16.68
2651 13.32
2652 18.24
2653 66.0
2654 60.0
2655 59.2
2656 53.6
2657 61.6
2658 61.6
2659 62.8
2660 56.4
2661 61.2
2662 59.6
2663 61.2
2664 62.4
2665 61.6
2666 64.0
2667 58.4
2668 61.2
2669 60.4
2670 60.4
2671 62.4
2672 53.6
2673 59.6
2674 61.6
2675 62.4
2676 62.0
2677 62.0
2678 53.2
2679 62.4
2680 62.8
2681 61.6
2682 59.2
2683 62.8
2684 63.2
2685 63.2
2686 62.4
2687 57.6
2688 54.0
2689 64.0
2690 58.0
2691 21.12
2692 27.64
2693 26.68
2694 17.88
2695 16.64
2696 16.08
2697 16.96
2698 18.72
2699 20.08
2700 20.12
2701 18.2
2702 17.04
2703 18.92
2704 17.12
2705 22.48
2706 24.36
2707 31.64
2708 33.8
2709 36.08
2710 34.32
2711 42.8
2712 42.0
2713 39.44
2714 41.2
2715 30.64
2716 31.4
2717 37.72
2718 38.44
2719 12.48
2720 1.08
2721 0.0
2722 0.0
2723 62.4
2724 66.4
2725 54.0
2726 53.6
2727 63.6
2728 68.0
2729 70.8
2730 55.2
2731 50.4
2732 34.64
2733 74.0
2734 63.6
2735 53.6
2736 44.8
2737 50.0
2738 40.0
2739 55.2
2740 44.8
2741 55.6
2742 53.2
2743 53.6
2744 50.4
2745 54.4
2746 51.6
2747 58.4
2748 52.8
2749 58.8
2750 48.0
2751 20.36
2752 27.08
2753 28.24
2754 70.4
2755 64.8
2756 61.6
2757 52.0
2758 51.2
2759 72.8
2760 87.6
2761 78.8
2762 80.4
2763 79.6
2764 83.6
2765 70.8
2766 61.2
2767 76.0
2768 77.2
2769 72.8
2770 76.8
2771 81.6
2772 84.0
2773 68.8
2774 68.4
2775 70.4
2776 79.2
2777 74.4
2778 83.6
2779 78.4
2780 74.4
2781 40.4
2782 18.96
2783 57.2
2784 82.8
2785 49.2
2786 64.4
2787 80.0
2788 81.6
2789 85.6
2790 84.4
2791 86.4
2792 86.0
2793 80.0
2794 87.6
2795 86.0
2796 78.8
2797 86.4
2798 84.8
2799 81.6
2800 84.0
2801 89.2
2802 78.8
2803 82.4
2804 75.6
2805 82.0
2806 68.0
2807 66.4
2808 73.2
2809 67.2
2810 73.6
2811 72.8
2812 86.8
2813 84.8
2814 80.8
2815 82.8
2816 92.0
2817 76.0
2818 74.8
2819 73.2
2820 70.0
2821 73.2
2822 70.4
2823 63.2
2824 76.0
2825 77.2
2826 74.4
2827 81.6
2828 81.2
2829 74.8
2830 74.0
2831 77.2
2832 79.2
2833 78.0
2834 58.4
2835 67.6
2836 70.8
2837 60.0
2838 40.0
2839 38.32
2840 59.6
2841 34.0
2842 58.4
2843 62.0
2844 45.6
2845 51.2
2846 77.6
2847 75.2
2848 61.2
2849 50.8
2850 27.44
2851 17.52
2852 11.96
2853 23.36
2854 59.6
2855 27.28
2856 26.4
2857 9.68
2858 16.08
2859 13.4
2860 14.8
2861 14.44
2862 16.4
2863 19.44
2864 21.2
2865 15.12
2866 18.88
2867 19.44
2868 24.8
2869 26.36
2870 22.08
2871 17.76
2872 28.88
2873 29.28
2874 34.88
2875 39.28
2876 37.28
2877 45.2
2878 44.4
2879 45.2
2880 44.4
2881 43.6
2882 44.0
2883 45.2
2884 44.4
2885 32.76
2886 34.72
2887 48.4
2888 67.2
2889 67.2
2890 65.6
2891 66.8
2892 66.8
2893 67.6
2894 67.6
2895 66.4
2896 65.2
2897 66.0
2898 52.0
2899 62.4
2900 58.0
2901 61.6
2902 70.0
2903 66.4
2904 66.8
2905 64.8
2906 66.4
2907 56.8
2908 15.88
2909 60.8
2910 45.2
2911 41.6
2912 40.8
2913 44.0
2914 31.64
2915 19.48
2916 20.04
2917 15.68
2918 6.16
2919 8.64
2920 20.88
2921 24.84
2922 12.64
2923 45.2
2924 41.2
2925 37.08
2926 56.8
2927 57.2
2928 58.4
2929 60.0
2930 64.0
2931 65.6
2932 64.4
2933 61.6
2934 62.0
2935 37.44
2936 71.2
2937 64.8
2938 64.8
2939 66.0
2940 66.4
2941 65.6
2942 65.6
2943 63.6
2944 64.4
2945 64.0
2946 63.2
2947 65.6
2948 64.4
2949 57.6
2950 61.6
2951 63.6
2952 64.4
2953 62.4
2954 64.8
2955 64.4
2956 63.2
2957 63.6
2958 63.6
2959 64.8
2960 62.4
2961 64.0
2962 64.4
2963 43.6
2964 76.8
2965 64.8
2966 58.4
2967 66.8
2968 40.8
2969 70.4
2970 60.4
2971 60.4
2972 62.4
2973 60.8
2974 64.0
2975 60.4
2976 66.8
2977 60.8
2978 62.0
2979 53.2
2980 61.2
2981 57.2
2982 49.6
2983 54.8
2984 65.2
2985 66.4
2986 64.4
2987 51.6
2988 62.8
2989 64.8
2990 42.4
2991 52.4
2992 61.6
2993 66.0
2994 66.8
2995 67.6
2996 60.4
2997 64.4
