0 26.72
1 38.68
2 46.4
3 54.4
4 44.4
5 56.0
6 58.0
7 59.2
8 52.4
9 36.6
10 56.0
11 30.36
12 38.32
13 42.8
14 48.8
15 36.16
16 39.24
17 48.4
18 44.8
19 50.4
20 47.2
21 24.12
22 65.6
23 52.4
24 39.2
25 42.0
26 27.56
27 20.12
28 29.84
29 22.04
30 20.96
31 9.92
32 24.48
33 29.6
34 33.28
35 24.08
36 36.84
37 38.72
38 30.64
39 35.04
40 38.36
41 38.88
42 39.4
43 49.2
44 52.8
45 56.0
46 40.0
47 52.0
48 35.4
49 44.4
50 44.4
51 35.36
52 50.8
53 45.2
54 46.0
55 57.2
56 42.0
57 46.8
58 48.8
59 29.44
60 36.32
61 29.04
62 23.52
63 24.96
64 26.92
65 996.0
66 20.28
67 29.52
68 29.4
69 26.12
70 26.4
71 21.0
72 23.04
73 16.6
74 6.68
75 30.12
76 19.6
77 19.2
78 23.76
79 22.04
80 21.28
81 21.56
82 21.52
83 20.64
84 16.16
85 12.2
86 14.72
87 18.64
88 22.56
89 21.28
90 23.4
91 21.28
92 22.36
93 23.36
94 22.0
95 15.08
96 15.72
97 20.04
98 20.16
99 24.56
100 26.68
101 24.44
102 20.68
103 19.08
104 22.72
105 16.36
106 21.88
107 20.76
108 26.96
109 21.76
110 22.64
111 25.72
112 25.0
113 24.8
114 20.96
115 12.36
116 23.68
117 28.16
118 20.36
119 13.04
120 12.04
121 13.6
122 10.72
123 14.76
124 11.6
125 12.0
126 18.24
127 14.88
128 13.48
129 16.6
130 16.12
131 17.04
132 16.0
133 18.32
134 17.36
135 18.32
136 21.32
137 21.92
138 16.96
139 20.16
140 11.92
141 19.16
142 22.2
143 20.8
144 21.12
145 24.12
146 21.48
147 18.92
148 21.48
149 21.76
150 21.4
151 28.68
152 28.28
153 29.8
154 29.72
155 17.56
156 24.24
157 29.32
158 32.52
159 34.6
160 23.8
161 37.88
162 34.16
163 30.72
164 36.4
165 37.04
166 31.84
167 39.12
168 20.36
169 27.48
170 14.72
171 26.72
172 24.36
173 30.28
174 27.96
175 24.32
176 33.48
177 34.4
178 30.04
179 28.88
180 34.16
181 40.0
182 38.12
183 35.8
184 38.04
185 36.52
186 27.28
187 39.2
188 31.2
189 35.64
190 33.4
191 32.84
192 31.04
193 39.52
194 32.6
195 38.64
196 31.28
197 33.72
198 35.48
199 25.92
200 24.76
201 24.88
202 26.0
203 26.36
204 22.96
205 24.48
206 24.52
207 32.12
208 30.16
209 33.96
210 27.8
211 19.08
212 32.28
213 31.08
214 27.32
215 30.8
216 33.4
217 26.08
218 36.2
219 33.44
220 30.08
221 31.4
222 32.08
223 22.68
224 40.8
225 35.04
226 33.04
227 33.8
228 34.8
229 28.68
230 28.56
231 26.68
232 32.36
233 33.28
234 27.72
235 32.48
236 31.04
237 21.72
238 27.04
239 15.96
240 13.72
241 18.12
242 19.32
243 20.24
244 16.68
245 24.84
246 18.68
247 25.16
248 14.52
249 19.44
250 23.08
251 25.92
252 28.44
253 26.2
254 29.24
255 18.08
256 28.8
257 22.28
258 25.64
259 26.0
260 27.08
261 25.48
262 23.52
263 26.24
264 28.44
265 34.6
266 33.84
267 29.72
268 54.4
269 41.6
270 57.6
271 55.2
272 59.2
273 57.2
274 52.8
275 58.4
276 29.88
277 48.8
278 76.4
279 59.6
280 56.8
281 58.4
282 57.6
283 50.8
284 62.0
285 56.4
286 57.2
287 53.2
288 63.2
289 56.8
290 55.2
291 56.4
292 56.8
293 55.2
294 55.6
295 61.2
296 59.6
297 59.6
298 58.0
299 59.2
300 57.6
301 43.6
302 86.4
303 0.0
304 0.0
305 0.0
306 0.0
307 0.0
308 0.0
309 0.0
310 7.48
311 0.0
312 0.0
313 0.0
314 0.0
315 0.0
316 0.0
317 0.0
318 0.0
319 93.6
320 41.2
321 29.48
322 12.88
323 28.04
324 36.76
325 45.6
326 43.6
327 43.2
328 45.2
329 37.88
330 42.4
331 43.2
332 53.6
333 37.96
334 27.2
335 44.8
336 38.96
337 42.8
338 39.48
339 28.52
340 37.28
341 18.12
342 34.84
343 21.48
344 24.52
345 29.56
346 21.44
347 29.04
348 34.6
349 35.04
350 38.76
351 37.92
352 38.92
353 41.2
354 43.2
355 38.44
356 44.8
357 27.36
358 31.04
359 6.48
360 27.2
361 30.12
362 31.96
363 34.48
364 37.52
365 39.88
366 33.12
367 40.8
368 44.8
369 52.8
370 48.8
371 46.8
372 432.0
373 38.24
374 25.48
375 23.48
376 31.44
377 21.92
378 35.52
379 46.8
380 44.8
381 54.4
382 61.6
383 50.0
384 35.52
385 39.96
386 36.88
387 34.84
388 42.4
389 54.0
390 44.8
391 45.6
392 50.0
393 55.6
394 50.8
395 48.0
396 54.4
397 61.6
398 56.8
399 52.8
400 62.8
401 50.0
402 55.6
403 46.8
404 49.2
405 45.2
406 55.6
407 49.2
408 62.0
409 54.8
410 57.2
411 57.6
412 59.2
413 55.2
414 54.0
415 52.0
416 52.4
417 62.4
418 57.6
419 54.0
420 30.8
421 78.4
422 54.0
423 66.4
424 60.0
425 56.4
426 61.2
427 61.2
428 57.6
429 62.0
430 62.8
431 62.0
432 58.8
433 61.2
434 62.4
435 61.2
436 61.6
437 57.6
438 55.2
439 44.4
440 62.0
441 52.8
442 58.0
443 56.0
444 53.2
445 64.0
446 54.0
447 60.0
448 47.6
449 56.8
450 49.2
451 54.8
452 55.2
453 33.84
454 49.2
455 46.0
456 47.6
457 44.8
458 53.6
459 53.6
460 56.8
461 25.2
462 8.84
463 58.8
464 40.4
465 33.2
466 51.6
467 57.6
468 47.6
469 42.0
470 46.8
471 46.0
472 44.4
473 43.2
474 39.16
475 35.84
476 22.24
477 32.92
478 26.32
479 26.76
480 15.92
481 32.56
482 29.52
483 26.0
484 36.68
485 44.8
486 38.96
487 27.0
488 24.36
489 27.76
490 27.8
491 27.48
492 28.64
493 60.4
494 58.4
495 54.4
496 48.8
497 33.48
498 20.96
499 63.2
500 58.8
501 58.0
502 56.8
503 54.0
504 61.2
505 56.8
506 60.4
507 54.4
508 19.28
509 76.8
510 54.8
511 58.8
512 60.4
513 56.8
514 63.6
515 61.2
516 59.2
517 56.4
518 59.6
519 63.2
520 63.6
521 60.8
522 63.6
523 56.0
524 56.4
525 62.0
526 52.8
527 39.72
528 42.8
529 52.0
530 59.2
531 52.4
532 59.2
533 59.6
534 59.2
535 61.6
536 42.4
537 74.0
538 56.8
539 58.8
540 59.2
541 58.8
542 55.6
543 58.8
544 56.8
545 62.4
546 59.2
547 56.0
548 59.2
549 62.8
550 62.0
551 58.0
552 58.8
553 59.2
554 15.0
555 84.0
556 59.2
557 64.4
558 62.0
559 58.4
560 64.8
561 63.2
562 61.6
563 50.0
564 15.24
565 33.92
566 11.72
567 26.12
568 25.88
569 21.68
570 20.08
571 15.6
572 22.4
573 14.24
574 13.76
575 15.76
576 12.84
577 10.76
578 15.76
579 15.6
580 16.48
581 21.52
582 17.88
583 16.32
584 20.6
585 19.64
586 28.36
587 30.84
588 36.48
589 37.48
590 16.4
591 8.44
592 55.6
593 15.44
594 1648.0
595 65.2
596 20.92
597 3120.0
598 0.0
599 62.0
600 18.64
601 16.84
602 21.28
603 18.12
604 18.84
605 21.16
606 21.76
607 20.76
608 19.84
609 17.08
610 34.76
611 30.04
612 6.8
613 0.0
614 48.8
615 15.32
616 15.0
617 15.44
618 20.52
619 11.28
620 28.76
621 48.4
622 56.0
623 53.6
624 57.2
625 60.4
626 36.04
627 45.2
628 38.4
629 50.4
630 47.2
631 46.8
632 35.08
633 37.68
634 38.36
635 25.6
636 18.68
637 26.6
638 26.48
639 36.12
640 27.76
641 36.48
642 25.8
643 31.28
644 30.92
645 33.2
646 18.12
647 0.0
648 0.0
649 43.2
650 75.6
651 4.92
652 8.24
653 6.92
654 5.4
655 6.56
656 3684.0
657 389.6
658 17.56
659 7.68
660 7.52
661 9.08
662 0.0
663 12.2
664 19.68
665 18.44
666 19.68
667 19.92
668 20.76
669 36.36
670 31.88
671 33.76
672 30.36
673 16.92
674 22.36
675 17.88
676 18.12
677 19.84
678 9.32
679 18.76
680 5.08
681 9.08
682 14.4
683 17.32
684 15.84
685 19.56
686 18.84
687 19.96
688 15.96
689 19.92
690 23.0
691 22.24
692 22.36
693 23.2
694 21.2
695 26.64
696 24.6
697 25.96
698 25.04
699 23.8
700 21.92
701 20.8
702 25.28
703 24.28
704 22.08
705 22.36
706 20.92
707 32.08
708 37.32
709 37.56
710 35.2
711 34.48
712 34.28
713 33.56
714 29.64
715 19.36
716 32.32
717 23.84
718 26.76
719 31.12
720 28.8
721 30.88
722 28.8
723 31.0
724 39.96
725 36.16
726 37.48
727 30.08
728 32.96
729 29.56
730 28.72
731 38.56
732 37.68
733 39.24
734 40.4
735 41.6
736 39.56
737 42.4
738 41.6
739 39.76
740 39.76
741 39.6
742 35.64
743 35.24
744 13.52
745 8.24
746 27.08
747 22.92
748 21.56
749 27.56
750 27.76
751 28.68
752 36.52
753 21.64
754 8.08
755 9.92
756 16.48
757 33.92
758 41.6
759 40.8
760 31.44
761 35.2
762 28.36
763 21.92
764 4.32
765 29.52
766 12.92
767 34.48
768 22.36
769 24.88
770 25.32
771 19.12
772 19.76
773 25.16
774 22.32
775 24.44
776 29.32
777 24.44
778 16.8
779 20.28
780 20.96
781 33.12
782 24.96
783 22.16
784 35.8
785 25.68
786 28.4
787 6.16
788 7.88
789 30.84
790 13.72
791 12.04
792 14.28
793 20.88
794 20.28
795 22.76
796 23.28
797 26.48
798 21.28
799 25.36
800 28.32
801 30.16
802 33.44
803 29.56
804 28.76
805 30.56
806 24.88
807 30.04
808 27.76
809 29.24
810 28.84
811 29.68
812 31.32
813 19.16
814 26.2
815 21.56
816 23.52
817 24.88
818 22.56
819 24.68
820 21.92
821 29.84
822 31.72
823 27.08
824 29.48
825 22.48
826 26.64
827 19.16
828 17.92
829 25.4
830 21.76
831 22.2
832 23.36
833 28.28
834 28.36
835 22.24
836 13.44
837 24.6
838 21.2
839 29.64
840 25.32
841 21.64
842 23.6
843 23.08
844 25.64
845 22.88
846 28.64
847 23.4
848 23.6
849 23.4
850 24.36
851 24.0
852 24.24
853 25.44
854 22.32
855 16.28
856 18.36
857 21.68
858 21.92
859 19.76
860 19.4
861 17.8
862 9.48
863 25.0
864 18.72
865 21.2
866 10.4
867 27.0
868 20.48
869 18.08
870 11.68
871 25.12
872 16.04
873 17.52
874 17.16
875 17.24
876 20.12
877 19.08
878 20.12
879 21.72
880 20.6
881 10.36
882 17.16
883 4.16
884 18.88
885 14.6
886 16.68
887 19.12
888 20.32
889 23.12
890 23.0
891 13.56
892 22.76
893 22.28
894 21.2
895 20.84
896 12.44
897 20.0
898 13.08
899 9.88
900 15.4
901 18.92
902 22.32
903 15.6
904 19.6
905 18.36
906 20.8
907 25.28
908 23.88
909 25.08
910 24.0
911 31.04
912 24.48
913 22.52
914 6.6
915 17.48
916 15.8
917 22.24
918 19.08
919 27.96
920 25.92
921 23.08
922 33.84
923 31.92
924 21.56
925 24.68
926 28.8
927 31.16
928 33.92
929 33.0
930 29.2
931 26.76
932 26.2
933 42.4
934 43.6
935 38.52
936 38.6
937 39.56
938 34.48
939 38.6
940 27.08
941 18.92
942 28.08
943 22.16
944 17.8
945 39.04
946 36.24
947 38.36
948 48.8
949 42.8
950 31.56
951 32.4
952 36.8
953 34.84
954 21.4
955 24.28
956 37.64
957 39.92
958 36.44
959 44.8
960 36.84
961 44.4
962 40.8
963 48.4
964 9.0
965 28.12
966 42.0
967 50.0
968 45.6
969 47.6
970 47.2
971 46.4
972 45.6
973 41.6
974 35.32
975 31.28
976 42.8
977 42.4
978 48.4
979 48.0
980 47.6
981 48.0
982 48.4
983 47.2
984 53.6
985 37.88
986 36.0
987 50.0
988 50.4
989 46.4
990 52.8
991 51.6
992 52.0
993 51.6
994 52.4
995 52.0
996 49.6
997 48.4
998 47.2
999 48.8
1000 50.0
1001 45.2
1002 46.8
1003 45.6
1004 37.6
1005 38.16
1006 51.2
1007 45.6
1008 51.2
1009 47.6
1010 56.0
1011 54.4
1012 55.2
1013 55.6
1014 40.8
1015 66.4
1016 52.8
1017 49.6
1018 54.8
1019 59.6
1020 49.2
1021 57.6
1022 54.8
1023 53.2
1024 54.8
1025 52.0
1026 54.8
1027 54.8
1028 53.2
1029 49.6
1030 58.8
1031 54.4
1032 51.2
1033 52.8
1034 56.8
1035 51.2
1036 54.8
1037 49.2
1038 48.0
1039 56.8
1040 54.4
1041 50.0
1042 57.2
1043 49.6
1044 44.0
1045 40.8
1046 24.28
1047 37.08
1048 908.0
1049 34.16
1050 17.84
1051 21.08
1052 18.64
1053 2164.0
1054 19.76
1055 9.28
1056 9.16
1057 7.4
1058 6.88
1059 10.12
1060 15.04
1061 19.32
1062 16.64
1063 21.92
1064 20.96
1065 30.04
1066 25.84
1067 32.68
1068 39.96
1069 32.4
1070 26.6
1071 37.8
1072 48.4
1073 51.2
1074 59.2
1075 50.0
1076 57.2
1077 57.2
1078 51.6
1079 51.2
1080 53.6
1081 58.4
1082 55.6
1083 41.6
1084 36.0
1085 12.28
1086 21.4
1087 26.12
1088 43.6
1089 47.6
1090 50.4
1091 51.6
1092 43.6
1093 50.8
1094 51.2
1095 51.2
1096 41.2
1097 59.2
1098 47.6
1099 48.4
1100 42.8
1101 45.6
1102 52.8
1103 50.8
1104 50.8
1105 54.0
1106 50.0
1107 44.8
1108 49.6
1109 45.2
1110 44.8
1111 49.2
1112 45.6
1113 44.4
1114 46.4
1115 28.36
1116 65.6
1117 49.2
1118 57.6
1119 63.2
1120 61.6
1121 62.0
1122 59.6
1123 59.2
1124 51.2
1125 58.8
1126 59.6
1127 54.0
1128 62.4
1129 58.0
1130 60.0
1131 62.4
1132 61.6
1133 38.56
1134 72.0
1135 58.8
1136 58.8
1137 59.6
1138 59.2
1139 58.4
1140 57.2
1141 46.4
1142 40.4
1143 55.2
1144 51.2
1145 46.4
1146 53.6
1147 62.0
1148 50.4
1149 46.0
1150 36.32
1151 57.6
1152 54.8
1153 52.4
1154 56.4
1155 54.0
1156 45.6
1157 45.6
1158 45.6
1159 43.2
1160 53.2
1161 36.64
1162 42.8
1163 37.32
1164 50.0
1165 34.08
1166 50.0
1167 54.8
1168 49.6
1169 53.6
1170 52.4
1171 48.8
1172 52.8
1173 49.2
1174 54.0
1175 48.8
1176 47.2
1177 58.4
1178 48.8
1179 57.6
1180 49.6
1181 48.4
1182 48.8
1183 42.8
1184 49.2
1185 39.12
1186 56.0
1187 62.0
1188 57.2
1189 61.2
1190 60.0
1191 65.2
1192 60.8
1193 60.8
1194 65.6
1195 62.8
1196 62.0
1197 62.8
1198 61.6
1199 62.0
1200 62.8
1201 60.4
1202 60.8
1203 63.6
1204 58.4
1205 34.2
1206 73.2
1207 59.2
1208 61.6
1209 64.0
1210 48.0
1211 57.6
1212 58.4
1213 63.2
1214 62.0
1215 62.8
1216 61.2
1217 61.6
1218 62.8
1219 57.6
1220 58.0
1221 68.0
1222 62.0
1223 60.4
1224 64.8
1225 58.8
1226 66.4
1227 63.2
1228 54.0
1229 27.4
1230 83.6
1231 62.8
1232 62.8
1233 37.08
1234 76.8
1235 61.2
1236 61.6
1237 57.2
1238 65.2
1239 61.2
1240 54.8
1241 63.6
1242 57.6
1243 64.0
1244 62.4
1245 60.4
1246 58.8
1247 63.6
1248 60.8
1249 59.6
1250 61.2
1251 59.2
1252 62.8
1253 62.0
1254 60.4
1255 62.0
1256 62.8
1257 61.2
1258 17.2
1259 74.8
1260 20.36
1261 93.6
1262 61.6
1263 61.6
1264 54.0
1265 68.8
1266 60.8
1267 61.2
1268 58.4
1269 60.8
1270 58.8
1271 58.8
1272 58.4
1273 64.4
1274 62.8
1275 61.2
1276 63.6
1277 14.28
1278 82.8
1279 57.6
1280 62.8
1281 66.0
1282 56.8
1283 10.2
1284 83.2
1285 58.0
1286 66.4
1287 60.4
1288 62.8
1289 58.0
1290 58.8
1291 53.2
1292 66.4
1293 62.4
1294 60.0
1295 62.0
1296 61.6
1297 57.6
1298 52.4
1299 37.56
1300 81.6
1301 64.4
1302 60.8
1303 61.2
1304 58.8
1305 60.0
1306 53.2
1307 64.4
1308 63.2
1309 62.8
1310 58.8
1311 64.0
1312 61.6
1313 58.4
1314 64.4
1315 61.2
1316 40.4
1317 69.2
1318 56.0
1319 61.6
1320 62.8
1321 57.6
1322 62.8
1323 37.52
1324 58.8
1325 66.0
1326 59.2
1327 68.4
1328 60.8
1329 64.4
1330 55.6
1331 64.8
1332 63.2
1333 66.4
1334 61.2
1335 62.8
1336 56.4
1337 64.4
1338 56.8
1339 64.0
1340 62.0
1341 61.2
1342 26.72
1343 61.2
1344 70.8
1345 61.6
1346 37.68
1347 74.4
1348 59.6
1349 65.2
1350 60.4
1351 64.8
1352 61.6
1353 62.0
1354 60.0
1355 60.8
1356 56.8
1357 62.4
1358 65.2
1359 60.4
1360 57.6
1361 64.8
1362 58.4
1363 54.4
1364 19.84
1365 79.6
1366 37.04
1367 173.2
1368 64.8
1369 28.88
1370 30.68
1371 25.48
1372 30.56
1373 22.96
1374 38.04
1375 46.8
1376 44.0
1377 36.16
1378 48.4
1379 43.6
1380 42.4
1381 44.8
1382 42.0
1383 49.2
1384 45.6
1385 48.0
1386 44.4
1387 44.0
1388 48.8
1389 37.84
1390 43.6
1391 44.0
1392 46.4
1393 46.0
1394 46.0
1395 40.4
1396 38.16
1397 54.0
1398 49.2
1399 52.0
1400 41.2
1401 50.8
1402 56.4
1403 46.4
1404 48.4
1405 50.0
1406 51.6
1407 45.6
1408 41.6
1409 42.4
1410 44.0
1411 46.4
1412 57.6
1413 48.0
1414 48.8
1415 28.08
1416 44.4
1417 40.8
1418 26.32
1419 47.6
1420 49.6
1421 55.2
1422 48.0
1423 42.8
1424 34.76
1425 44.8
1426 48.0
1427 42.0
1428 44.0
1429 43.2
1430 47.2
1431 51.2
1432 56.0
1433 39.2
1434 38.48
1435 37.52
1436 59.2
1437 42.8
1438 37.56
1439 48.0
1440 40.0
1441 44.4
1442 42.8
1443 42.8
1444 38.64
1445 31.56
1446 31.32
1447 27.2
1448 11.6
1449 12.36
1450 2124.0
1451 13.52
1452 21.36
1453 19.76
1454 12.8
1455 14.76
1456 37.88
1457 36.52
1458 39.0
1459 38.56
1460 37.88
1461 24.44
1462 48.8
1463 46.8
1464 39.12
1465 36.0
1466 36.92
1467 37.84
1468 27.44
1469 32.48
1470 30.76
1471 19.88
1472 868.0
1473 1428.0
1474 0.0
1475 0.0
1476 0.0
1477 0.0
1478 0.0
1479 130.0
1480 17.24
1481 692.0
1482 10.88
1483 9.88
1484 9.4
1485 12.2
1486 12.12
1487 12.44
1488 12.52
1489 11.84
1490 9.0
1491 11.8
1492 10.04
1493 11.04
1494 9.88
1495 7.8
1496 4.52
1497 8.48
1498 6.12
1499 9.0
1500 6.88
1501 9.16
1502 7.44
1503 11.12
1504 9.08
1505 11.76
1506 10.64
1507 10.92
1508 8.32
1509 8.12
1510 4.24
1511 8.24
1512 7.72
1513 3380.0
1514 10.56
1515 3164.0
1516 8.72
1517 16.12
1518 12.4
1519 15.24
1520 13.08
1521 12.04
1522 13.52
1523 19.44
1524 13.92
1525 15.44
1526 13.84
1527 16.44
1528 17.92
1529 15.28
1530 37.36
1531 42.0
1532 36.0
1533 31.6
1534 40.8
1535 44.0
1536 53.6
1537 42.8
1538 49.6
1539 49.6
1540 52.4
1541 52.0
1542 53.6
1543 53.2
1544 53.6
1545 47.6
1546 60.4
1547 56.4
1548 51.2
1549 46.8
1550 55.2
1551 33.92
1552 66.8
1553 50.8
1554 47.6
1555 57.2
1556 53.6
1557 48.4
1558 52.4
1559 53.2
1560 52.4
1561 52.4
1562 56.8
1563 56.8
1564 50.4
1565 60.8
1566 55.6
1567 55.6
1568 21.76
1569 71.2
1570 60.4
1571 52.0
1572 54.4
1573 58.0
1574 56.4
1575 55.2
1576 54.8
1577 58.8
1578 57.6
1579 50.8
1580 57.6
1581 50.8
1582 54.8
1583 51.2
1584 45.2
1585 64.4
1586 57.2
1587 54.4
1588 59.6
1589 55.6
1590 57.6
1591 57.2
1592 53.2
1593 58.4
1594 51.6
1595 48.0
1596 45.6
1597 40.8
1598 33.96
1599 31.28
1600 72.4
1601 50.0
1602 53.2
1603 60.4
1604 52.4
1605 58.0
1606 46.8
1607 67.6
1608 58.8
1609 57.2
1610 55.6
1611 55.6
1612 56.4
1613 57.2
1614 55.6
1615 55.2
1616 56.8
1617 27.56
1618 54.4
1619 59.6
1620 50.0
1621 52.4
1622 57.2
1623 58.0
1624 55.6
1625 56.4
1626 53.2
1627 59.6
1628 53.2
1629 60.0
1630 53.6
1631 58.4
1632 56.0
1633 57.6
1634 50.8
1635 53.2
1636 58.8
1637 55.2
1638 59.6
1639 53.2
1640 54.4
1641 62.8
1642 56.0
1643 56.0
1644 57.6
1645 56.0
1646 55.2
1647 58.4
1648 56.4
1649 45.2
1650 24.84
1651 72.8
1652 27.92
1653 29.52
1654 32.68
1655 16.36
1656 3508.0
1657 20.8
1658 14.8
1659 12.8
1660 10.28
1661 12.6
1662 17.2
1663 19.36
1664 21.68
1665 24.68
1666 28.48
1667 32.88
1668 35.72
1669 31.2
1670 30.44
1671 39.48
1672 37.28
1673 36.36
1674 42.4
1675 31.08
1676 56.4
1677 37.64
1678 42.4
1679 38.56
1680 42.4
1681 54.8
1682 50.0
1683 45.6
1684 40.4
1685 38.72
1686 45.6
1687 51.2
1688 56.0
1689 51.6
1690 57.6
1691 52.4
1692 56.0
1693 51.6
1694 52.0
1695 52.8
1696 59.6
1697 56.0
1698 58.0
1699 42.0
1700 68.0
1701 60.8
1702 56.4
1703 57.6
1704 56.4
1705 57.2
1706 60.4
1707 54.4
1708 58.8
1709 57.2
1710 52.4
1711 48.0
1712 56.8
1713 54.8
1714 57.2
1715 55.2
1716 55.2
1717 49.2
1718 34.8
1719 12.64
1720 64.4
1721 23.16
1722 25.2
1723 23.04
1724 26.68
1725 41.6
1726 34.44
1727 55.2
1728 47.2
1729 55.6
1730 45.2
1731 53.2
1732 56.8
1733 52.8
1734 56.0
1735 57.2
1736 60.0
1737 58.0
1738 55.6
1739 54.4
1740 52.8
1741 59.6
1742 56.8
1743 56.8
1744 56.8
1745 56.8
1746 54.4
1747 55.6
1748 48.0
1749 29.48
1750 75.6
1751 56.0
1752 51.6
1753 54.8
1754 56.0
1755 56.4
1756 56.0
1757 56.4
1758 56.4
1759 56.4
1760 52.0
1761 54.8
1762 56.4
1763 56.8
1764 56.0
1765 56.4
1766 56.8
1767 21.92
1768 74.8
1769 56.8
1770 57.6
1771 56.4
1772 58.8
1773 58.4
1774 57.2
1775 54.8
1776 56.0
1777 56.8
1778 57.6
1779 58.0
1780 54.8
1781 53.2
1782 51.6
1783 53.2
1784 50.4
1785 28.44
1786 78.0
1787 56.4
1788 59.2
1789 57.6
1790 54.4
1791 26.16
1792 73.6
1793 47.6
1794 59.6
1795 57.2
1796 55.6
1797 60.8
1798 58.0
1799 57.6
1800 60.4
1801 58.8
1802 58.4
1803 54.8
1804 62.0
1805 54.8
1806 60.0
1807 57.2
1808 58.8
1809 54.8
1810 59.6
1811 36.28
1812 33.12
1813 78.4
1814 49.6
1815 37.08
1816 33.92
1817 52.0
1818 57.6
1819 58.8
1820 50.0
1821 26.16
1822 40.4
1823 36.76
1824 50.8
1825 40.8
1826 54.0
1827 64.8
1828 50.8
1829 61.2
1830 58.4
1831 55.2
1832 58.8
1833 44.0
1834 68.0
1835 45.6
1836 45.2
1837 50.4
1838 45.6
1839 40.0
1840 40.8
1841 40.0
1842 38.36
1843 33.96
1844 42.0
1845 42.4
1846 32.2
1847 34.0
1848 27.4
1849 27.12
1850 26.4
1851 25.6
1852 27.68
1853 32.32
1854 30.2
1855 23.8
1856 21.92
1857 22.88
1858 21.92
1859 28.0
1860 19.6
1861 10.4
1862 13.08
1863 25.16
1864 14.96
1865 16.64
1866 13.96
1867 22.2
1868 28.0
1869 12.88
1870 27.08
1871 21.32
1872 34.24
1873 27.52
1874 34.4
1875 33.16
1876 29.36
1877 0.0
1878 46.8
1879 41.2
1880 22.08
1881 996.0
1882 11.76
1883 0.0
1884 81.2
1885 16.64
1886 22.2
1887 21.48
1888 26.84
1889 27.16
1890 20.68
1891 27.16
1892 23.56
1893 20.92
1894 23.08
1895 27.24
1896 33.24
1897 31.4
1898 19.56
1899 31.24
1900 37.64
1901 46.8
1902 33.4
1903 50.4
1904 37.8
1905 57.2
1906 61.2
1907 58.0
1908 61.2
1909 56.4
1910 20.48
1911 43.6
1912 38.6
1913 42.0
1914 24.68
1915 37.4
1916 13.28
1917 22.68
1918 14.56
1919 21.32
1920 29.24
1921 32.28
1922 21.4
1923 29.24
1924 31.36
1925 17.56
1926 27.04
1927 22.2
1928 32.32
1929 33.84
1930 29.28
1931 33.96
1932 22.24
1933 26.68
1934 27.4
1935 37.28
1936 31.64
1937 27.52
1938 29.92
1939 33.64
1940 25.4
1941 32.48
1942 38.88
1943 52.0
1944 41.6
1945 25.24
1946 29.76
1947 48.4
1948 173.2
1949 47.2
1950 7.12
1951 33.56
1952 25.32
1953 22.96
1954 21.52
1955 23.36
1956 26.96
1957 31.16
1958 27.24
1959 35.04
1960 33.72
1961 24.12
1962 36.88
1963 33.4
1964 40.0
1965 0.0
1966 33.44
1967 16.12
1968 34.64
1969 17.4
1970 31.04
1971 35.24
1972 36.56
1973 39.88
1974 27.16
1975 21.68
1976 5.96
1977 15.04
1978 40.4
1979 35.04
1980 29.84
1981 23.64
1982 20.76
1983 15.96
1984 16.64
1985 17.88
1986 32.84
1987 33.56
1988 31.28
1989 31.44
1990 33.76
1991 40.8
1992 30.0
1993 25.36
1994 38.52
1995 38.32
1996 41.2
1997 40.0
1998 47.6
1999 51.2
2000 54.0
2001 44.0
2002 19.96
2003 74.8
2004 16.76
2005 34.6
2006 42.8
2007 35.64
2008 44.8
2009 42.4
2010 15.64
2011 0.0
2012 0.0
2013 43.2
2014 432.0
2015 24.44
2016 0.0
2017 0.0
2018 9.84
2019 25.68
2020 0.0
2021 0.0
2022 0.0
2023 0.0
2024 0.0
2025 0.0
2026 0.0
2027 0.0
2028 0.0
2029 0.0
2030 24.64
2031 14.4
2032 6.04
2033 1168.0
2034 0.0
2035 2820.0
2036 1864.0
2037 432.0
2038 0.0
2039 0.0
2040 2340.0
2041 17.56
2042 14.24
2043 16.6
2044 17.92
2045 19.4
2046 25.84
2047 19.68
2048 9.04
2049 608.0
2050 3508.0
2051 6.64
2052 4.24
2053 3988.0
2054 3856.0
2055 4.16
2056 4.2
2057 4.2
2058 4.68
2059 4.08
2060 2556.0
2061 5.16
2062 3640.0
2063 3812.0
2064 4.36
2065 5.08
2066 5.08
2067 5.12
2068 3768.0
2069 3596.0
2070 4.72
2071 2816.0
2072 4.8
2073 4.08
2074 3164.0
2075 4.52
2076 3468.0
2077 4.08
2078 4.16
2079 3728.0
2080 4.16
2081 4.52
2082 4.4
2083 3988.0
2084 4.84
2085 4.24
2086 5.12
2087 2988.0
2088 3552.0
2089 2860.0
2090 3076.0
2091 2904.0
2092 3120.0
2093 3768.0
2094 3508.0
2095 3032.0
2096 2860.0
2097 2772.0
2098 3596.0
2099 3468.0
2100 3944.0
2101 4.4
2102 3248.0
2103 3032.0
2104 3640.0
2105 3508.0
2106 3292.0
2107 3728.0
2108 1688.0
2109 2080.0
2110 1428.0
2111 7.36
2112 17.6
2113 23.68
2114 25.92
2115 23.84
2116 23.56
2117 21.96
2118 19.6
2119 20.0
2120 26.56
2121 19.44
2122 25.12
2123 32.64
2124 34.4
2125 24.4
2126 0.0
2127 47.6
2128 40.4
2129 8.6
2130 35.32
2131 9.8
2132 43.2
2133 51.2
2134 23.68
2135 37.68
2136 32.24
2137 2988.0
2138 41.2
2139 21.16
2140 24.4
2141 23.64
2142 25.88
2143 24.48
2144 34.24
2145 34.44
2146 29.44
2147 33.44
2148 36.6
2149 37.28
2150 42.0
2151 38.92
2152 37.44
2153 38.52
2154 37.72
2155 39.88
2156 37.92
2157 39.52
2158 40.4
2159 37.12
2160 32.16
2161 31.4
2162 21.72
2163 25.64
2164 31.28
2165 25.88
2166 28.2
2167 25.24
2168 26.24
2169 22.0
2170 21.92
2171 22.92
2172 32.72
2173 34.96
2174 33.84
2175 35.76
2176 35.12
2177 35.92
2178 37.8
2179 35.04
2180 35.28
2181 32.6
2182 36.32
2183 37.72
2184 38.24
2185 38.12
2186 39.68
2187 42.4
2188 41.6
2189 32.48
2190 36.84
2191 40.4
2192 39.0
2193 6.48
2194 16.08
2195 14.72
2196 20.16
2197 24.32
2198 16.96
2199 30.04
2200 12.32
2201 11.08
2202 28.0
2203 33.6
2204 34.56
2205 31.32
2206 35.64
2207 36.6
2208 33.68
2209 32.6
2210 33.16
2211 34.08
2212 37.92
2213 35.04
2214 35.08
2215 20.04
2216 28.28
2217 29.76
2218 29.24
2219 32.44
2220 32.48
2221 34.56
2222 32.48
2223 32.56
2224 35.08
2225 25.68
2226 33.8
2227 29.76
2228 20.88
2229 42.4
2230 35.32
2231 32.68
2232 36.0
2233 34.96
2234 30.08
2235 30.24
2236 31.12
2237 30.28
2238 27.6
2239 27.04
2240 33.72
2241 29.04
2242 29.12
2243 36.84
2244 33.32
2245 30.48
2246 38.68
2247 49.6
2248 56.8
2249 48.4
2250 50.8
2251 58.4
2252 52.0
2253 51.6
2254 52.8
2255 56.4
2256 54.8
2257 55.6
2258 56.4
2259 53.2
2260 62.0
2261 54.0
2262 50.0
2263 58.8
2264 55.6
2265 57.6
2266 56.8
2267 58.8
2268 58.0
2269 54.8
2270 60.8
2271 56.8
2272 59.6
2273 46.4
2274 62.0
2275 50.8
2276 59.2
2277 58.4
2278 54.0
2279 61.6
2280 58.4
2281 56.8
2282 58.4
2283 58.8
2284 59.6
2285 54.0
2286 55.2
2287 58.8
2288 57.2
2289 55.6
2290 60.0
2291 58.8
2292 58.8
2293 58.4
2294 58.0
2295 58.0
2296 53.6
2297 57.6
2298 60.8
2299 56.8
2300 56.0
2301 61.2
2302 58.4
2303 47.2
2304 32.32
2305 75.6
2306 56.0
2307 56.8
2308 57.6
2309 57.2
2310 58.0
2311 59.2
2312 57.2
2313 58.0
2314 30.12
2315 51.6
2316 66.0
2317 57.6
2318 53.6
2319 58.4
2320 53.2
2321 62.4
2322 57.6
2323 53.6
2324 57.6
2325 55.6
2326 53.6
2327 63.2
2328 34.64
2329 76.4
2330 59.6
2331 59.6
2332 59.2
2333 58.8
2334 56.0
2335 58.8
2336 60.0
2337 58.4
2338 60.8
