0 0.0
1 0.0
2 0.0
3 0.32
4 3.08
5 3.48
6 4.16
7 4.2
8 3.96
9 4.16
10 3.28
11 2.88
12 1.12
13 0.04
14 0.08
15 0.16
16 0.2
17 0.16
18 0.56
19 12.6
20 9.6
21 11.84
22 12.76
23 12.68
24 14.08
25 10.0
26 9.84
27 9.16
28 11.24
29 10.48
30 10.6
31 9.08
32 10.76
33 10.16
34 11.72
35 13.4
36 15.36
37 14.24
38 12.56
39 12.72
40 9.68
41 10.44
42 9.44
43 10.6
44 11.92
45 12.56
46 15.12
47 16.92
48 16.16
49 13.6
50 13.12
51 8.64
52 4.48
53 6.48
54 5.92
55 6.76
56 7.76
57 9.48
58 10.84
59 12.92
60 13.84
61 13.32
62 13.4
63 14.68
64 16.08
65 8.4
66 6.64
67 9.0
68 8.56
69 9.84
70 10.4
71 10.4
72 11.48
73 11.08
74 10.92
75 12.92
76 10.48
77 12.68
78 12.84
79 11.56
80 11.04
81 9.6
82 7.0
83 8.2
84 10.16
85 10.92
86 11.56
87 10.0
88 10.8
89 11.96
90 12.68
91 12.6
92 14.68
93 12.24
94 13.2
95 14.04
96 15.48
97 14.76
98 13.68
99 11.12
100 13.52
101 15.04
102 16.44
103 12.6
104 15.16
105 15.92
106 15.0
107 18.16
108 12.68
109 9.48
110 11.16
111 11.24
112 11.48
113 10.08
114 8.84
115 10.28
116 9.72
117 8.6
118 6.48
119 8.16
120 9.92
121 9.76
122 10.4
123 12.16
124 13.08
125 9.4
126 8.4
127 9.68
128 10.32
129 9.6
130 8.44
131 9.88
132 9.08
133 9.4
134 11.08
135 13.0
136 14.36
137 14.72
138 14.48
139 16.68
140 13.16
141 12.16
142 9.84
143 8.92
144 9.84
145 11.08
146 10.6
147 10.96
148 12.28
149 13.84
150 14.68
151 15.0
152 12.4
153 13.88
154 16.44
155 17.36
156 18.96
157 21.84
158 28.2
159 31.36
160 27.84
161 15.76
162 12.24
163 12.08
164 9.92
165 8.16
166 9.68
167 10.76
168 10.32
169 11.84
170 10.76
171 12.24
172 12.2
173 11.72
174 13.48
175 14.24
176 13.32
177 12.04
178 12.56
179 13.24
180 16.84
181 16.36
182 18.56
183 23.96
184 17.2
185 16.48
186 15.04
187 17.36
188 15.08
189 18.72
190 15.76
191 10.96
192 12.0
193 12.68
194 8.16
195 2.32
196 7.68
197 6.8
198 2.24
199 5.28
200 5.92
201 6.24
202 6.76
203 7.24
204 4.16
205 1.4
206 1.76
207 4.96
208 8.8
209 10.6
210 15.84
211 20.0
212 7.92
213 18.4
214 9.92
215 0.0
216 0.0
217 15.92
218 25.84
219 18.64
220 5.28
221 9.16
222 5.84
223 3.36
224 10.0
225 9.84
226 8.8
227 7.24
228 9.68
229 10.72
230 10.88
231 8.44
232 13.12
233 7.4
234 15.16
235 12.16
236 11.72
237 4.2
238 3.0
239 4.12
240 2.72
241 7.2
242 14.32
243 14.48
244 14.64
245 9.84
246 5.08
247 12.76
248 12.6
249 12.32
250 12.32
251 9.84
252 5.76
253 2.2
254 17.92
255 12.44
256 10.24
257 10.72
258 13.04
259 12.6
260 14.32
261 14.64
262 16.24
263 14.44
264 17.72
265 16.64
266 17.28
267 19.92
268 15.4
269 18.0
270 13.84
271 16.32
272 9.6
273 9.44
274 10.76
275 9.84
276 9.84
277 8.16
278 8.24
279 7.92
280 8.76
281 8.16
282 9.08
283 5.84
284 6.4
285 4.68
286 5.84
287 7.68
288 9.16
289 9.2
290 7.72
291 9.32
292 9.8
293 8.8
294 10.32
295 9.4
296 11.0
297 10.92
298 13.24
299 10.64
300 11.04
301 10.0
302 11.08
303 9.2
304 8.88
305 6.48
306 6.56
307 7.56
308 6.92
309 7.08
310 9.84
311 11.76
312 11.0
313 8.48
314 7.76
315 7.32
316 7.08
317 7.92
318 8.84
319 10.24
320 10.44
321 10.04
322 10.48
323 8.32
324 9.4
325 9.84
326 12.24
327 12.32
328 13.0
329 12.16
330 11.92
331 14.72
332 12.68
333 10.04
334 12.48
335 12.68
336 13.76
337 11.2
338 7.36
339 8.48
340 8.24
341 9.76
342 11.0
343 11.0
344 8.84
345 10.6
346 13.0
347 13.04
348 10.2
349 10.48
350 13.0
351 14.76
352 16.92
353 18.08
354 22.92
355 27.24
356 22.76
357 22.16
358 23.6
359 23.16
360 22.96
361 18.36
362 20.16
363 20.0
364 17.6
365 14.12
366 8.36
367 8.16
368 6.32
369 7.48
370 9.4
371 9.4
372 10.04
373 8.96
374 9.2
375 9.44
376 8.76
377 7.16
378 7.16
379 6.0
380 7.68
381 8.32
382 8.88
383 9.8
384 7.16
385 5.84
386 6.4
387 6.68
388 7.0
389 7.16
390 7.32
391 5.32
392 5.4
393 5.4
394 5.28
395 3.96
396 6.16
397 6.6
398 5.76
399 8.04
400 9.2
401 10.4
402 10.0
403 9.16
404 10.28
405 11.88
406 13.68
407 14.84
408 13.68
409 11.6
410 13.6
411 14.08
412 16.88
413 15.0
414 17.36
415 15.84
416 16.68
417 13.32
418 5.16
419 5.68
420 6.48
421 8.28
422 9.8
423 10.28
424 11.56
425 12.68
426 10.96
427 9.36
428 8.4
429 8.0
430 7.4
431 7.08
432 8.24
433 8.4
434 9.92
435 9.4
436 10.32
437 11.16
438 12.32
439 9.92
440 10.24
441 10.6
442 13.48
443 14.68
444 17.16
445 23.84
446 18.0
447 14.84
448 13.4
449 15.24
450 14.16
451 14.32
452 14.0
453 10.92
454 11.44
455 12.72
456 11.0
457 11.48
458 11.24
459 10.24
460 8.76
461 10.4
462 11.72
463 13.76
464 12.56
465 14.92
466 10.08
467 10.68
468 9.24
469 11.68
470 8.12
471 9.88
472 9.6
473 9.4
474 8.08
475 6.76
476 8.0
477 10.24
478 11.68
479 13.24
480 12.76
481 9.56
482 7.12
483 8.68
484 8.48
485 9.4
486 10.16
487 10.12
488 8.92
489 9.04
490 8.92
491 6.84
492 5.84
493 9.76
494 10.6
495 10.64
496 11.12
497 11.76
498 12.08
499 10.88
500 10.8
501 10.8
502 9.12
503 9.08
504 10.8
505 9.36
506 8.84
507 10.24
508 10.16
509 9.92
510 7.6
511 7.48
512 8.24
513 9.48
514 8.92
515 8.0
516 8.0
517 7.44
518 8.36
519 9.08
520 9.32
521 9.4
522 10.08
523 11.24
524 10.8
525 7.72
526 8.4
527 9.72
528 12.36
529 13.6
530 18.6
531 27.2
532 26.64
533 31.88
534 30.04
535 25.88
536 24.12
537 21.08
538 14.2
539 0.0
540 0.0
541 6.68
542 7.32
543 2.96
544 2.08
545 8.12
546 5.88
547 6.16
548 5.76
549 6.08
550 0.0
551 1.08
552 5.84
553 1.0
554 0.0
555 6.24
556 3.64
557 3.52
558 6.84
559 7.16
560 5.84
561 0.76
562 2.08
563 0.0
564 0.0
565 0.0
566 0.0
567 0.0
568 0.0
569 0.0
570 0.0
571 0.0
572 0.0
573 0.0
574 0.0
575 0.0
576 0.0
577 0.0
578 0.0
579 0.0
580 0.0
581 0.0
582 0.0
583 0.0
584 0.0
585 0.0
586 0.0
587 0.0
588 0.0
589 0.0
590 0.0
591 0.0
592 0.0
593 0.0
594 0.0
595 0.0
596 0.0
597 0.0
598 0.0
599 0.0
600 0.0
601 0.0
602 0.0
603 0.0
604 0.0
605 0.0
606 0.0
607 0.0
608 0.0
609 0.0
610 0.04
611 0.0
612 0.0
613 0.0
614 0.0
615 0.0
616 0.0
617 0.0
618 0.0
619 4.72
620 7.32
621 6.92
622 8.48
623 10.0
624 11.4
625 13.92
626 15.0
627 19.92
628 20.6
629 15.24
630 13.6
631 14.48
632 11.08
633 11.68
634 10.4
635 12.4
636 12.68
637 13.96
638 13.44
639 11.32
640 10.16
641 11.32
642 12.68
643 11.76
644 12.76
645 9.6
646 9.6
647 10.24
648 10.92
649 12.08
650 14.0
651 16.24
652 17.8
653 17.64
654 21.4
655 18.6
656 19.48
657 20.6
658 18.92
659 18.6
660 15.08
661 14.0
662 10.08
663 1.4
664 4.92
665 3.84
666 2.24
667 0.0
668 0.0
669 0.0
670 0.0
671 0.0
672 0.0
673 0.0
674 0.0
675 0.0
676 0.0
677 0.0
678 0.0
679 0.0
680 0.0
681 0.0
682 0.0
683 0.0
684 0.08
685 0.24
686 0.12
687 0.0
688 0.0
689 0.0
690 0.0
691 0.0
692 0.0
693 0.0
694 0.0
695 0.0
696 0.0
697 0.0
698 0.0
699 0.0
700 0.0
701 0.0
702 0.0
703 0.0
704 0.0
705 0.0
706 0.0
707 0.0
708 0.0
709 0.0
710 0.0
711 0.0
712 0.0
713 2.8
714 4.44
715 1.64
716 2.64
717 2.68
718 2.44
719 0.0
720 0.0
721 2.56
722 0.64
723 1.04
724 0.0
725 0.0
726 0.0
727 0.0
728 0.0
729 0.0
730 0.0
731 0.0
732 0.0
733 0.0
734 0.0
735 0.0
736 0.0
737 0.0
738 0.0
739 0.0
740 0.0
741 0.0
742 0.0
743 0.8
744 0.56
745 1.0
746 0.76
747 0.0
748 0.0
749 0.0
750 0.0
751 0.0
752 0.0
753 0.0
754 0.0
755 0.0
756 0.0
757 0.0
758 0.0
759 0.0
760 0.0
761 0.0
762 0.0
763 2.12
764 0.0
765 0.0
766 0.0
767 2.56
768 3.0
769 0.76
770 4.32
771 3.84
772 2.64
773 0.0
774 4.36
775 1.6
776 4.84
777 6.08
778 7.84
779 9.4
780 2.48
781 6.4
782 4.96
783 5.28
784 3.04
785 2.6
786 3.84
787 4.96
788 0.6
789 1.76
790 4.28
791 6.88
792 2.0
793 5.84
794 7.2
795 7.36
796 2.12
797 0.64
798 3.16
799 2.0
800 3.32
801 3.24
802 0.0
803 3.84
804 0.0
805 3.52
806 3.6
807 1.0
808 3.16
809 5.32
810 4.08
811 1.08
812 5.04
813 5.44
814 2.6
815 3.32
816 2.04
817 3.2
818 2.6
819 0.6
820 4.04
821 1.56
822 4.48
823 3.56
824 4.04
825 1.16
826 3.68
827 1.32
828 0.0
829 3.24
830 1.4
831 0.0
832 4.56
833 2.56
834 2.48
835 2.32
836 3.48
837 4.08
838 0.0
839 3.24
840 3.32
841 0.0
842 3.92
843 3.92
844 6.64
845 0.0
846 0.0
847 5.8
848 1.08
849 3.16
850 0.56
851 5.52
852 8.48
853 4.28
854 3.16
855 3.28
856 8.96
857 0.04
858 5.32
859 5.04
860 3.32
861 3.68
862 5.32
863 1.96
864 3.88
865 1.52
866 8.16
867 2.48
868 8.68
869 9.24
870 0.0
871 0.0
872 0.0
873 0.0
874 0.0
875 0.0
876 0.0
877 0.0
878 0.0
879 9.08
880 1.76
881 1.04
882 5.64
883 3.32
884 4.52
885 3.08
886 1.48
887 4.6
888 2.76
889 3.32
890 3.04
891 0.64
892 3.76
893 1.2
894 4.68
895 2.72
896 4.2
897 4.72
898 4.08
899 3.68
900 1.32
901 3.92
902 3.32
903 1.04
904 1.8
905 3.4
906 3.92
907 2.84
908 1.76
909 4.48
910 5.56
911 2.88
912 1.4
913 3.88
914 3.6
915 3.52
916 6.12
917 1.44
918 2.44
919 8.64
920 6.32
921 3.24
922 4.28
923 8.64
924 9.24
925 5.56
926 8.28
927 8.68
928 5.4
929 17.08
930 26.32
931 15.12
932 22.2
933 11.6
934 13.08
935 12.52
936 8.76
937 6.96
938 12.88
939 11.6
940 5.32
941 7.0
942 8.28
943 5.16
944 8.76
945 9.16
946 8.0
947 8.84
948 2.96
949 9.76
950 7.96
951 10.32
952 3.96
953 7.24
954 7.64
955 7.6
956 6.24
957 1.36
958 2.4
959 4.04
960 3.0
961 1.44
962 0.0
963 2.48
964 6.4
965 0.32
966 4.76
967 0.0
968 2.84
969 2.76
970 2.96
971 3.28
972 1.28
973 3.88
974 4.16
975 1.84
976 5.68
977 1.24
978 0.0
979 0.0
980 6.92
981 1.6
982 4.08
983 8.68
984 1.04
985 6.0
986 9.8
987 5.92
988 6.84
989 3.48
990 2.24
991 4.0
992 2.96
993 6.8
994 5.84
995 7.28
996 4.44
997 4.16
998 3.84
999 6.76
1000 5.6
1001 5.08
1002 2.76
1003 2.56
1004 2.72
1005 0.92
1006 3.84
1007 1.16
1008 2.68
1009 2.24
1010 3.16
1011 3.72
1012 5.72
1013 2.48
1014 2.48
1015 3.92
1016 5.16
1017 8.0
1018 5.48
1019 2.76
1020 5.52
1021 1.0
1022 1.24
1023 1.84
1024 1.76
1025 1.84
1026 1.4
1027 0.76
1028 1.92
1029 3.2
1030 4.2
1031 5.16
1032 6.68
1033 8.08
1034 5.12
1035 14.2
1036 22.16
1037 23.12
1038 16.28
1039 14.36
1040 26.4
1041 19.08
1042 10.36
1043 15.88
1044 12.68
1045 9.72
1046 9.08
1047 0.44
1048 8.68
1049 4.04
1050 0.76
1051 8.32
1052 8.6
1053 6.24
1054 4.4
1055 5.92
1056 5.16
1057 5.28
1058 8.36
1059 5.2
1060 2.76
1061 2.28
1062 2.28
1063 2.36
1064 2.76
1065 2.32
1066 3.08
1067 0.16
1068 3.92
1069 3.12
1070 1.56
1071 4.72
1072 2.32
1073 2.6
1074 3.36
1075 1.0
1076 4.2
1077 5.24
1078 1.88
1079 3.0
1080 0.0
1081 0.0
1082 4.16
1083 3.16
1084 6.12
1085 7.12
1086 8.32
1087 9.32
1088 10.88
1089 14.28
1090 14.08
1091 13.04
1092 14.8
1093 15.0
1094 14.92
1095 10.28
1096 13.84
1097 3.04
1098 8.76
1099 12.0
1100 4.88
1101 6.36
1102 2.4
1103 5.52
1104 2.0
1105 3.6
1106 5.32
1107 3.92
1108 1.92
1109 2.24
1110 4.24
1111 2.48
1112 3.32
1113 4.4
1114 3.0
1115 3.4
1116 2.76
1117 2.4
1118 1.68
1119 2.32
1120 3.4
1121 1.72
1122 1.56
1123 2.0
1124 1.84
1125 2.92
1126 0.0
1127 2.56
1128 0.0
1129 1.36
1130 1.84
1131 0.72
1132 1.56
1133 0.4
1134 1.6
1135 3.92
1136 0.44
1137 0.56
1138 0.0
1139 0.0
1140 3.28
1141 14.08
1142 12.12
1143 15.48
1144 7.48
1145 7.6
1146 10.44
1147 13.84
1148 27.32
1149 22.52
1150 17.72
1151 22.04
1152 17.04
1153 1.44
1154 2.76
1155 6.08
1156 5.48
1157 9.8
1158 10.68
1159 5.96
1160 6.2
1161 4.32
1162 14.32
1163 10.84
1164 12.12
1165 12.84
1166 6.2
1167 0.6
1168 2.12
1169 6.32
1170 8.68
1171 1.12
1172 7.04
1173 6.28
1174 2.44
1175 8.84
1176 7.76
1177 5.76
1178 8.76
1179 2.0
1180 0.0
1181 0.0
1182 0.0
1183 0.0
1184 0.0
1185 0.0
1186 6.8
1187 12.04
1188 13.04
1189 10.08
1190 7.72
1191 7.0
1192 0.0
1193 7.44
1194 2.4
1195 4.44
1196 6.2
1197 1.84
1198 11.64
1199 11.28
1200 0.0
1201 5.6
1202 1.4
1203 2.24
1204 3.4
1205 4.88
1206 5.88
1207 7.76
1208 6.56
1209 4.24
1210 5.72
1211 2.44
1212 12.72
1213 7.08
1214 22.72
1215 14.8
1216 10.84
1217 14.92
1218 10.52
1219 0.0
1220 11.12
1221 8.96
1222 5.6
1223 13.16
1224 1.4
1225 5.04
1226 11.56
1227 14.68
1228 16.6
1229 16.92
1230 17.12
1231 18.08
1232 18.84
1233 19.0
1234 20.32
1235 4.32
1236 14.04
1237 18.48
1238 17.08
1239 2.6
1240 21.8
1241 26.96
1242 10.64
1243 9.64
1244 9.0
1245 3.88
1246 5.6
1247 7.64
1248 8.72
1249 5.48
1250 2.36
1251 1.4
1252 26.04
1253 39.84
1254 36.72
1255 31.76
1256 26.84
1257 25.96
1258 33.84
1259 30.36
1260 38.04
1261 15.36
1262 0.68
1263 30.52
1264 36.88
1265 4.68
1266 44.4
1267 34.44
1268 33.16
1269 35.0
1270 35.76
1271 34.92
1272 38.88
1273 36.84
1274 37.36
1275 36.56
1276 32.68
1277 36.12
1278 24.44
1279 3.88
1280 13.12
1281 23.72
1282 27.2
1283 27.32
1284 29.64
1285 31.32
1286 28.52
1287 29.64
1288 25.52
1289 26.08
1290 25.08
1291 27.0
1292 26.92
1293 27.48
1294 27.32
1295 23.88
1296 21.84
1297 20.6
1298 19.92
1299 21.76
1300 22.04
1301 22.84
1302 23.16
1303 24.48
1304 27.52
1305 28.36
1306 21.12
1307 24.36
1308 24.64
1309 19.8
1310 21.24
1311 19.28
1312 19.32
1313 19.76
1314 20.32
1315 19.64
1316 22.16
1317 27.8
1318 29.04
1319 35.04
1320 48.4
1321 42.8
1322 27.8
1323 43.2
1324 36.44
1325 20.72
1326 43.6
1327 41.2
1328 40.8
1329 41.6
1330 43.2
1331 43.6
1332 43.6
1333 41.2
1334 40.8
1335 42.0
1336 43.6
1337 35.76
1338 42.8
1339 38.68
1340 37.84
1341 39.08
1342 37.76
1343 38.2
1344 34.88
1345 18.68
1346 15.16
1347 23.68
1348 28.4
1349 30.6
1350 25.92
1351 25.32
1352 25.08
1353 19.64
1354 9.6
1355 0.0
1356 17.64
1357 19.8
1358 3.64
1359 0.0
1360 0.0
1361 0.0
1362 0.0
1363 0.0
1364 0.0
1365 0.0
1366 0.0
1367 0.0
1368 0.0
1369 0.0
1370 5.36
1371 22.2
1372 24.92
1373 26.44
1374 27.96
1375 26.36
1376 27.72
1377 30.4
1378 33.88
1379 34.36
1380 35.68
1381 24.44
1382 0.04
1383 11.0
1384 16.36
1385 8.16
1386 9.08
1387 15.92
1388 19.08
1389 11.84
1390 14.0
1391 8.84
1392 6.52
1393 13.04
1394 12.44
1395 7.92
1396 14.4
1397 5.68
1398 5.08
1399 5.08
1400 12.08
1401 5.96
1402 4.88
1403 13.24
1404 13.24
1405 7.76
1406 7.6
1407 9.84
1408 2.84
1409 8.96
1410 14.0
1411 3.08
1412 9.36
1413 12.04
1414 14.68
1415 22.24
1416 17.04
1417 4.68
1418 14.88
1419 7.28
1420 10.24
1421 17.76
1422 3.48
1423 0.72
1424 2.72
1425 0.0
1426 2.96
1427 7.56
1428 3.24
1429 0.16
1430 0.2
1431 10.0
1432 6.56
1433 0.76
1434 5.08
1435 1.16
1436 0.0
1437 3.28
1438 0.76
1439 0.0
1440 0.0
1441 2.32
1442 0.2
1443 0.32
1444 4.84
1445 6.2
1446 7.08
1447 5.6
1448 2.32
1449 5.08
1450 6.16
1451 12.16
1452 20.48
1453 13.32
1454 18.56
