0 34.08
1 59.2
2 82.4
3 83.2
4 66.4
5 72.0
6 70.0
7 70.8
8 58.8
9 66.8
10 57.2
11 60.8
12 56.0
13 58.4
14 57.2
15 63.2
16 62.0
17 61.6
18 52.8
19 55.2
20 51.6
21 55.2
22 50.8
23 45.2
24 44.0
25 38.24
26 39.56
27 46.8
28 51.6
29 45.6
30 17.52
31 53.6
32 93.2
33 100.0
34 106.8
35 96.0
36 96.8
37 79.6
38 76.0
39 69.6
40 58.4
41 59.6
42 61.6
43 57.6
44 56.4
45 43.6
46 46.8
47 45.6
48 49.6
49 50.4
50 47.2
51 41.2
52 48.8
53 50.8
54 50.8
55 51.6
56 51.6
57 52.8
58 59.2
59 66.4
60 76.0
61 56.0
62 55.2
63 58.0
64 59.2
65 56.8
66 58.8
67 49.6
68 53.6
69 58.0
70 59.2
71 61.2
72 60.0
73 61.6
74 63.2
75 68.4
76 80.0
77 85.2
78 111.6
79 92.8
80 91.6
81 72.8
82 65.6
83 50.8
84 44.8
85 46.0
86 46.0
87 42.4
88 39.88
89 16.72
90 14.08
91 16.32
92 17.16
93 19.24
94 20.64
95 26.24
96 36.8
97 34.44
98 38.28
99 42.8
100 43.2
101 42.4
102 42.4
103 47.2
104 53.2
105 61.2
106 75.2
107 87.2
108 112.4
109 124.0
110 74.0
111 93.6
112 105.6
113 85.2
114 76.0
115 66.8
116 66.4
117 62.8
118 40.8
119 37.84
120 42.8
121 45.6
122 42.8
123 40.4
124 44.0
125 34.32
126 37.96
127 36.48
128 36.88
129 38.56
130 41.2
131 42.8
132 51.6
133 60.4
134 52.8
135 34.84
136 46.0
137 41.6
138 42.0
139 69.2
140 76.0
141 98.0
142 98.8
143 95.6
144 95.6
145 95.6
146 95.6
147 95.6
148 95.6
149 95.6
150 95.6
151 95.6
152 95.6
153 95.6
154 95.6
155 11.92
156 25.64
157 32.4
158 35.64
159 34.32
160 31.84
161 31.16
162 28.6
163 32.08
164 29.04
165 30.04
166 32.64
167 34.08
168 34.04
169 26.64
170 24.2
171 24.4
172 22.48
173 20.64
174 18.04
175 18.44
176 15.84
177 18.96
178 19.16
179 18.08
180 19.72
181 21.28
182 23.36
183 21.48
184 27.36
185 26.56
186 26.48
187 23.44
188 18.16
189 21.68
190 21.4
191 23.08
192 23.32
193 25.24
194 30.68
195 38.08
196 50.0
197 57.2
198 42.0
199 36.72
200 33.16
201 24.32
202 16.4
203 16.4
204 16.08
205 18.0
206 20.6
207 23.28
208 22.04
209 18.16
210 13.88
211 14.64
212 14.4
213 17.16
214 18.96
215 22.56
216 29.44
217 21.28
218 20.84
219 19.08
220 22.84
221 19.6
222 22.6
223 22.32
224 25.24
225 21.84
226 13.84
227 15.76
228 15.32
229 14.0
230 11.08
231 12.24
232 14.4
233 16.64
234 15.92
235 14.72
236 16.6
237 16.76
238 16.56
239 17.48
240 20.24
241 25.8
242 30.16
243 18.08
244 16.72
245 16.64
246 18.48
247 18.64
248 21.76
249 20.72
250 21.44
251 20.8
252 20.64
253 22.2
254 19.84
255 22.16
256 13.84
257 25.76
258 42.4
259 56.8
260 62.8
261 40.0
262 29.6
263 31.6
264 26.6
265 30.08
266 25.92
267 26.08
268 26.76
269 26.8
270 24.04
271 15.76
272 17.0
273 17.32
274 18.24
275 17.8
276 19.64
277 18.32
278 19.08
279 20.92
280 23.48
281 28.84
282 33.76
283 32.44
284 37.6
285 37.48
286 36.8
287 29.48
288 24.92
289 23.68
290 24.32
291 25.76
292 23.76
293 26.64
294 19.96
295 18.76
296 18.32
297 18.32
298 17.6
299 19.08
300 20.48
301 19.76
302 21.68
303 23.4
304 29.96
305 39.96
306 34.0
307 28.64
308 30.32
309 25.12
310 20.28
311 21.56
312 22.76
313 21.0
314 21.16
315 18.32
316 18.8
317 18.52
318 13.12
319 10.56
320 9.28
321 7.2
322 7.4
323 8.76
324 10.4
325 11.24
326 15.6
327 21.84
328 23.16
329 27.76
330 28.36
331 23.96
332 25.4
333 27.16
334 20.8
335 25.64
336 26.88
337 29.36
338 24.48
339 25.36
340 29.52
341 29.8
342 21.8
343 29.36
344 29.4
345 26.2
346 23.0
347 25.0
348 27.36
349 25.92
350 23.12
351 25.32
352 28.08
353 23.64
354 19.4
355 17.04
356 19.2
357 15.2
358 12.32
359 11.0
360 10.48
361 11.6
362 11.84
363 12.6
364 14.4
365 16.16
366 22.4
367 31.08
368 26.6
369 34.28
370 35.28
371 25.92
372 27.0
373 31.0
374 27.96
375 27.52
376 27.12
377 22.6
378 18.76
379 18.48
380 19.0
381 20.2
382 20.72
383 14.76
384 7.6
385 14.68
386 17.08
387 18.16
388 13.48
389 10.32
390 9.08
391 9.76
392 11.0
393 10.28
394 6.32
395 7.12
396 7.84
397 8.68
398 11.76
399 16.68
400 27.68
401 40.8
402 66.0
403 74.0
404 61.6
405 63.2
406 54.4
407 70.8
408 49.6
409 53.6
410 50.4
411 43.2
412 26.88
413 28.16
414 27.96
415 28.12
416 29.64
417 25.84
418 27.8
419 27.96
420 17.72
421 19.36
422 20.28
423 20.76
424 22.4
425 23.88
426 21.44
427 25.16
428 26.16
429 27.16
430 24.76
431 28.88
432 32.2
433 36.76
434 47.6
435 59.2
436 50.4
437 62.4
438 66.0
439 66.4
440 58.8
441 54.8
442 43.6
443 30.28
444 30.76
445 27.08
446 25.48
447 19.76
448 18.76
449 17.0
450 23.0
451 22.36
452 15.12
453 13.16
454 12.48
455 13.76
456 13.0
457 14.68
458 12.2
459 13.2
460 11.0
461 8.68
462 13.84
463 15.4
464 16.76
465 22.48
466 20.08
467 12.4
468 9.88
469 7.12
470 10.88
471 12.64
472 4.76
473 9.68
474 12.8
475 12.56
476 13.48
477 14.16
478 17.56
479 22.96
480 32.4
481 47.2
482 44.4
483 52.0
484 42.8
485 44.8
486 40.4
487 38.76
488 34.12
489 31.76
490 25.32
491 24.6
492 23.36
493 21.32
494 25.08
495 29.32
496 30.76
497 39.16
498 37.16
499 39.52
500 35.6
501 36.88
502 37.64
503 33.76
504 31.6
505 34.52
506 29.32
507 35.08
508 35.28
509 37.12
510 31.92
511 29.84
512 33.96
513 35.44
514 34.24
515 40.4
516 41.6
517 40.8
518 42.4
519 45.2
520 42.4
521 46.4
522 46.4
523 37.36
524 28.96
525 36.88
526 35.76
527 35.8
528 37.0
529 40.0
530 37.96
531 38.6
532 36.12
533 36.08
534 39.04
535 33.32
536 33.88
537 33.48
538 42.0
539 12.8
540 37.36
541 31.6
542 64.0
543 94.4
544 83.2
545 84.4
546 74.0
547 79.2
548 86.8
549 88.4
550 86.8
551 76.4
552 68.0
553 52.4
554 41.6
555 39.28
556 37.36
557 35.52
558 40.4
559 42.0
560 38.92
561 31.84
562 23.16
563 28.48
564 32.32
565 31.52
566 32.44
567 33.08
568 29.6
569 22.68
570 23.6
571 21.32
572 25.4
573 26.48
574 28.08
575 36.36
576 44.8
577 64.4
578 68.0
579 47.6
580 36.44
581 33.76
582 29.16
583 25.84
584 27.6
585 28.64
586 28.72
587 33.64
588 35.08
589 37.88
590 35.32
591 37.16
592 44.8
593 42.8
594 35.68
595 36.6
596 44.0
597 34.2
598 37.92
599 26.32
600 28.0
601 27.2
602 27.04
603 29.48
604 30.84
605 34.64
606 44.0
607 55.6
608 74.8
609 93.2
610 106.8
611 76.0
612 96.8
613 82.4
614 46.4
615 72.4
616 88.0
617 62.4
618 52.0
619 46.8
620 41.6
621 44.8
622 47.2
623 43.6
624 42.4
625 37.92
626 46.8
627 47.2
628 22.32
629 30.8
630 31.16
631 39.56
632 41.6
633 44.8
634 45.6
635 46.0
636 52.0
637 54.0
638 64.4
639 59.6
640 59.6
641 61.6
642 56.0
643 52.8
644 51.2
645 43.2
646 46.0
647 46.8
648 36.36
649 37.48
650 38.36
651 35.16
652 40.4
653 37.48
654 40.8
655 44.0
656 47.2
657 40.4
658 48.4
659 54.0
660 46.0
661 45.2
662 40.8
663 46.0
664 48.8
665 31.44
666 26.64
667 23.92
668 23.72
669 27.48
670 27.64
671 26.68
672 26.16
673 25.64
674 30.16
675 22.6
676 21.32
677 22.36
678 25.08
679 25.76
680 27.44
681 31.24
682 34.16
683 31.88
684 35.12
685 39.68
686 40.0
687 39.08
688 40.4
689 34.76
690 28.6
691 33.44
692 38.64
693 29.64
694 20.36
695 22.84
696 22.4
697 22.48
698 21.48
699 18.4
700 14.4
701 12.24
702 10.6
703 10.4
704 10.68
705 11.8
706 11.28
707 12.24
708 12.6
709 14.08
710 13.84
711 17.68
712 24.08
713 36.24
714 50.8
715 63.6
716 62.8
717 63.6
718 57.2
719 47.2
720 50.4
721 48.0
722 48.0
723 42.4
724 36.0
725 23.0
726 30.96
727 31.04
728 33.24
729 34.92
730 34.24
731 29.36
732 28.88
733 25.28
734 27.04
735 28.16
736 28.76
737 29.44
738 26.44
739 28.68
740 31.36
741 26.88
742 27.16
743 27.64
744 22.68
745 20.32
746 22.88
747 21.72
748 20.44
749 18.76
750 19.56
751 16.64
752 17.0
753 16.84
754 17.64
755 17.4
756 18.16
757 19.12
758 18.24
759 19.68
760 18.24
761 17.6
762 18.92
763 19.36
764 17.96
765 17.6
766 18.84
767 21.12
768 20.64
769 21.4
770 20.64
771 24.8
772 29.16
773 29.84
774 33.68
775 35.16
776 30.32
777 34.24
778 36.6
779 37.56
780 36.0
781 34.32
782 22.16
783 19.36
784 19.92
785 19.68
786 20.76
787 23.12
788 24.6
789 31.36
790 44.8
791 39.76
792 45.6
793 44.0
794 45.2
795 41.6
796 42.8
797 47.2
798 48.0
799 43.2
800 41.2
801 36.04
802 22.44
803 18.08
804 18.64
805 16.16
806 18.68
807 21.12
808 22.76
809 28.72
810 39.16
811 49.2
812 50.4
813 55.6
814 57.2
815 52.8
816 43.2
817 42.4
818 40.4
819 42.8
820 42.8
821 41.6
822 43.6
823 46.0
824 46.8
825 46.8
826 51.2
827 42.8
828 45.2
829 36.24
830 40.8
831 40.4
832 30.0
833 30.4
834 40.4
835 40.8
836 37.72
837 21.6
838 18.88
839 19.32
840 20.6
841 15.84
842 13.28
843 14.56
844 15.0
845 16.76
846 11.32
847 15.96
848 30.64
849 25.68
850 29.16
851 38.6
852 58.0
853 56.0
854 25.76
855 48.8
856 39.92
857 51.6
858 46.0
859 46.4
860 51.6
861 47.6
862 26.56
863 43.2
864 50.0
865 49.2
866 50.4
867 48.8
868 45.2
869 43.6
870 34.68
871 33.68
872 28.24
873 34.28
874 32.6
875 32.6
876 31.0
877 26.52
878 28.96
879 19.72
880 11.92
881 9.44
882 9.68
883 8.96
884 10.2
885 10.4
886 9.48
887 11.4
888 11.4
889 11.84
890 13.92
891 15.68
892 20.72
893 30.2
894 31.24
895 32.84
896 29.72
897 30.04
898 29.04
899 30.72
900 28.68
901 26.92
902 30.28
903 29.24
904 27.04
905 26.56
906 30.72
907 30.72
908 30.88
909 30.08
910 26.64
911 29.92
912 28.88
913 28.08
914 30.68
915 32.04
916 31.04
917 27.64
918 26.12
919 18.48
920 18.92
921 18.08
922 20.56
923 20.0
924 21.2
925 25.32
926 38.24
927 48.8
928 54.0
929 44.4
930 35.28
931 29.52
932 27.08
933 22.04
934 12.76
935 24.0
936 25.32
937 22.68
938 18.6
939 22.16
940 18.2
941 18.96
942 18.2
943 16.88
944 19.88
945 18.48
946 18.4
947 14.76
948 14.08
949 15.08
950 16.68
951 18.24
952 18.2
953 18.04
954 20.24
955 19.76
956 20.08
957 16.92
958 19.16
959 15.24
960 15.84
961 14.76
962 11.76
963 7.12
964 1.28
965 2.36
966 1.44
967 2.68
968 3.0
969 2.4
970 3.4
971 5.4
972 5.48
973 5.68
974 7.32
975 8.68
976 10.0
977 13.44
978 18.28
979 19.0
980 21.56
981 19.12
982 20.4
983 21.6
984 20.6
985 17.8
986 20.36
987 17.84
988 18.68
989 22.56
990 21.96
991 22.0
992 23.92
993 23.36
994 17.08
995 15.88
996 16.08
997 17.88
998 15.64
999 16.4
1000 16.48
1001 17.08
1002 16.08
1003 20.12
1004 21.4
1005 17.2
1006 16.44
1007 16.68
1008 15.28
1009 17.28
1010 15.48
1011 12.12
1012 16.24
1013 16.32
1014 15.48
1015 16.76
1016 13.56
1017 17.72
1018 17.92
1019 17.24
1020 19.0
1021 20.96
1022 26.56
1023 35.08
1024 45.6
1025 51.2
1026 34.56
1027 71.6
1028 84.0
1029 73.6
1030 79.6
1031 72.8
1032 75.6
1033 79.6
1034 88.4
1035 82.8
1036 84.0
1037 75.2
1038 76.8
1039 24.44
1040 21.92
1041 88.4
1042 82.8
1043 83.2
1044 81.2
1045 70.4
1046 54.8
1047 64.0
1048 65.6
1049 65.2
1050 64.4
1051 64.8
1052 59.6
1053 52.4
1054 56.0
1055 43.2
1056 42.8
1057 43.6
1058 42.8
1059 40.8
1060 39.44
1061 36.12
1062 41.6
1063 44.4
1064 40.8
1065 37.36
1066 24.84
1067 13.88
1068 14.24
1069 15.68
1070 15.48
1071 15.56
1072 17.28
1073 16.84
1074 15.16
1075 11.48
1076 11.4
1077 13.24
1078 14.68
1079 15.36
1080 19.64
1081 24.96
1082 35.44
1083 50.0
1084 68.4
1085 59.2
1086 52.0
1087 58.8
1088 57.2
1089 46.8
1090 51.2
1091 54.4
1092 57.2
1093 52.8
1094 58.8
1095 59.6
1096 46.0
1097 38.92
1098 41.6
1099 42.0
1100 42.0
1101 31.8
1102 20.44
1103 16.0
1104 15.2
1105 16.04
1106 17.6
1107 17.6
1108 18.4
1109 20.4
1110 25.52
1111 29.84
1112 32.08
1113 35.48
1114 36.0
1115 32.04
1116 37.72
1117 32.32
1118 32.24
1119 35.24
1120 38.04
1121 36.76
1122 36.88
1123 36.64
1124 40.4
1125 35.04
1126 40.0
1127 34.84
1128 33.4
1129 33.08
1130 35.88
1131 34.2
1132 36.36
1133 39.28
1134 44.8
1135 41.2
1136 37.48
1137 39.96
1138 40.4
1139 34.76
1140 37.36
1141 39.72
1142 39.84
1143 38.72
1144 23.88
1145 32.2
1146 30.92
1147 34.64
1148 33.88
1149 33.64
1150 35.52
1151 41.2
1152 41.2
1153 40.4
1154 39.64
1155 42.0
1156 36.0
1157 41.6
1158 40.8
1159 40.8
1160 41.6
1161 44.8
1162 42.0
1163 34.36
1164 37.4
1165 37.56
1166 36.96
1167 40.8
1168 47.2
1169 44.8
1170 46.8
1171 40.0
1172 40.4
1173 29.68
1174 40.8
1175 20.72
1176 54.4
1177 54.0
1178 61.2
1179 60.0
1180 52.8
1181 53.6
1182 54.0
1183 36.56
1184 47.6
1185 53.2
1186 38.64
1187 48.0
1188 31.44
1189 67.6
1190 62.0
1191 63.6
1192 53.6
1193 57.2
1194 34.04
1195 32.24
1196 31.24
1197 31.0
1198 33.0
1199 33.92
1200 29.36
1201 28.72
1202 26.52
1203 26.4
1204 33.72
1205 35.44
1206 35.8
1207 32.92
1208 22.84
1209 18.36
1210 11.12
1211 12.48
1212 9.48
1213 6.32
1214 8.08
1215 10.16
1216 11.76
1217 13.4
1218 22.6
1219 34.44
1220 52.8
1221 70.4
1222 58.4
1223 25.48
1224 22.92
1225 21.68
1226 23.24
1227 25.4
1228 20.92
1229 17.92
1230 18.04
1231 19.44
1232 21.64
1233 21.2
1234 18.28
1235 6.64
1236 4.76
1237 5.4
1238 5.4
1239 5.36
1240 4.2
1241 5.4
1242 5.48
1243 6.32
1244 7.84
1245 6.92
1246 1.04
1247 0.6
1248 1.36
1249 3.4
1250 5.68
1251 10.32
1252 8.32
1253 8.48
1254 8.4
1255 7.84
1256 8.08
1257 9.68
1258 10.32
1259 6.0
1260 5.76
1261 7.48
1262 9.0
1263 10.68
1264 14.6
1265 25.6
1266 39.92
1267 59.6
1268 57.6
1269 66.8
1270 70.0
1271 59.6
1272 44.8
1273 49.2
1274 46.8
1275 39.32
1276 34.16
1277 34.16
1278 30.92
1279 35.76
1280 35.24
1281 37.04
1282 36.32
1283 37.4
1284 39.2
1285 37.4
1286 36.48
1287 35.04
1288 24.44
1289 15.32
1290 25.96
1291 19.76
1292 21.84
1293 22.24
1294 20.64
1295 19.88
1296 26.8
1297 28.04
1298 34.16
1299 37.04
1300 44.0
1301 93.6
1302 84.4
1303 59.6
1304 60.4
1305 42.8
1306 40.8
1307 36.36
1308 37.84
1309 38.76
1310 37.64
1311 35.44
1312 39.72
1313 41.6
1314 48.4
1315 49.6
1316 42.8
1317 46.0
1318 46.0
1319 45.2
1320 39.52
1321 45.6
1322 40.4
1323 44.8
1324 36.52
1325 29.24
1326 29.08
1327 30.76
1328 24.48
1329 21.68
1330 14.08
1331 15.84
1332 16.24
1333 18.32
1334 20.48
1335 23.56
1336 28.48
1337 39.32
1338 51.2
1339 48.8
1340 38.8
1341 43.2
1342 42.4
1343 43.6
1344 40.8
1345 44.4
1346 54.4
1347 59.6
1348 67.6
1349 56.8
1350 61.2
1351 58.8
1352 50.4
1353 54.4
1354 57.6
1355 57.2
1356 54.8
1357 42.4
1358 34.68
1359 33.52
1360 34.64
1361 33.24
1362 35.24
1363 18.24
1364 25.44
1365 27.28
1366 28.68
1367 25.28
1368 26.8
1369 23.08
1370 24.36
1371 26.12
1372 27.44
1373 35.04
1374 39.64
1375 45.6
1376 45.6
1377 48.4
1378 48.0
1379 41.6
1380 10.8
1381 14.2
1382 18.88
1383 18.64
1384 20.6
1385 24.64
1386 23.96
1387 20.48
1388 22.68
1389 24.88
1390 23.48
1391 28.2
1392 9.84
1393 25.68
1394 2.8
1395 0.0
1396 25.16
1397 22.24
1398 20.24
1399 20.2
1400 20.64
1401 6.28
1402 5.92
1403 8.04
1404 6.48
1405 6.52
1406 5.28
1407 9.56
1408 11.4
1409 9.92
1410 13.6
1411 15.68
1412 20.76
1413 28.6
1414 44.8
1415 44.4
1416 36.8
1417 26.4
1418 27.28
1419 29.36
1420 24.68
1421 28.48
1422 26.84
1423 21.24
1424 24.48
1425 21.88
1426 14.04
1427 18.12
1428 16.64
1429 20.84
1430 8.24
1431 7.92
1432 4.92
1433 7.4
1434 4.2
1435 4.8
1436 5.56
1437 5.44
1438 0.08
1439 3.0
1440 4.16
1441 3.4
1442 2.84
1443 2.92
1444 1.32
1445 2.16
1446 4.4
1447 5.08
1448 7.4
1449 8.84
1450 10.0
1451 10.96
1452 13.68
1453 19.2
1454 24.72
1455 14.96
1456 14.32
1457 13.56
1458 12.16
1459 13.04
1460 14.0
1461 14.24
1462 15.16
1463 18.0
1464 25.24
1465 31.08
1466 44.8
1467 50.0
1468 49.2
1469 48.0
1470 46.4
1471 48.0
1472 46.0
1473 41.2
1474 43.6
1475 50.8
1476 44.0
1477 46.4
1478 48.4
1479 48.0
1480 48.8
1481 50.4
1482 52.0
1483 40.8
1484 32.2
1485 35.12
1486 34.88
1487 30.12
1488 20.76
1489 19.96
1490 19.12
1491 19.16
1492 19.72
1493 4.44
1494 4.0
1495 4.76
1496 5.92
1497 7.08
1498 10.08
1499 17.64
1500 28.8
1501 41.6
1502 49.2
1503 61.2
1504 46.4
1505 66.0
1506 55.2
1507 60.0
1508 60.8
1509 52.8
1510 45.2
1511 47.6
1512 42.0
1513 36.08
1514 41.2
1515 38.76
1516 37.44
1517 34.32
1518 34.88
1519 35.2
1520 37.4
1521 31.8
1522 29.44
1523 32.36
1524 35.88
1525 33.68
1526 36.92
1527 32.28
1528 27.48
1529 24.28
1530 25.52
1531 25.4
1532 25.24
1533 25.08
1534 21.48
1535 20.84
1536 20.08
1537 21.16
1538 20.92
1539 23.08
1540 23.08
1541 21.64
1542 16.72
1543 17.48
1544 18.68
1545 18.88
1546 20.04
1547 22.8
1548 28.04
1549 26.08
1550 29.96
1551 30.96
1552 30.08
1553 30.48
1554 32.12
1555 15.44
1556 8.12
1557 13.36
1558 13.36
1559 16.64
1560 7.44
1561 8.4
1562 5.28
1563 6.64
1564 3.2
1565 15.16
1566 6.16
1567 12.48
1568 13.84
1569 6.56
1570 13.08
1571 13.76
1572 14.32
1573 9.88
1574 9.88
1575 9.36
1576 8.32
1577 3.44
1578 4.92
1579 9.16
1580 9.44
1581 6.64
1582 5.4
1583 9.36
1584 9.6
1585 10.96
1586 10.24
1587 12.68
1588 18.6
1589 25.56
1590 25.08
1591 32.08
1592 25.56
1593 31.16
1594 29.88
1595 26.88
1596 31.08
1597 25.28
1598 28.72
1599 32.32
1600 34.84
1601 30.68
1602 24.76
1603 27.36
1604 29.28
1605 27.84
1606 27.76
1607 27.4
1608 27.48
1609 28.72
1610 29.44
1611 45.6
1612 26.76
1613 23.8
1614 23.84
1615 27.0
1616 24.32
1617 22.08
1618 23.84
1619 23.04
1620 23.76
1621 24.88
1622 20.16
1623 29.88
1624 23.96
1625 22.2
1626 22.32
1627 19.64
1628 21.12
1629 21.08
1630 20.16
1631 13.12
1632 24.44
1633 21.72
1634 23.52
1635 24.36
1636 22.16
1637 20.92
1638 23.08
1639 23.6
1640 23.96
1641 23.64
1642 24.72
1643 21.28
1644 22.32
1645 24.72
1646 23.8
1647 21.24
1648 24.24
1649 23.44
1650 19.72
1651 11.96
1652 9.4
1653 11.72
1654 11.8
1655 12.36
1656 13.08
1657 15.08
1658 17.96
1659 23.48
1660 24.6
1661 20.16
1662 23.0
1663 18.92
1664 18.08
1665 14.36
1666 13.12
1667 11.92
1668 12.76
1669 11.92
1670 12.56
1671 13.8
1672 10.76
1673 11.0
1674 10.4
1675 11.0
1676 7.12
1677 2.04
1678 3.2
1679 4.96
1680 8.48
1681 13.92
1682 12.12
1683 4.36
1684 3.84
1685 5.48
1686 6.84
1687 12.76
1688 23.68
1689 37.56
1690 36.4
1691 26.0
1692 32.36
1693 29.52
1694 24.88
1695 27.36
1696 28.88
1697 35.8
1698 39.0
1699 34.32
1700 36.4
1701 35.84
1702 28.44
1703 18.8
1704 20.84
1705 21.12
1706 18.76
1707 7.88
1708 5.68
1709 6.68
1710 8.32
1711 9.84
1712 12.08
1713 19.08
1714 28.32
1715 45.2
1716 70.4
1717 70.4
1718 52.4
1719 35.96
1720 31.36
1721 13.88
1722 10.48
1723 9.84
1724 10.4
1725 9.12
1726 7.88
1727 8.0
1728 9.32
1729 10.84
1730 12.24
1731 14.72
1732 20.6
1733 20.44
1734 27.0
1735 26.64
1736 27.88
1737 25.0
1738 19.6
1739 18.88
1740 18.68
1741 19.88
1742 21.2
1743 22.36
1744 26.24
1745 35.08
1746 42.0
1747 55.2
1748 52.0
1749 54.8
1750 50.0
1751 50.0
1752 53.2
1753 50.0
1754 43.6
1755 45.6
1756 48.4
1757 43.2
1758 36.64
1759 37.88
1760 38.44
1761 18.88
1762 24.64
1763 26.64
1764 28.68
1765 33.44
1766 34.88
1767 40.4
1768 41.6
1769 47.2
1770 53.2
1771 52.0
1772 37.28
1773 35.84
1774 35.48
1775 35.76
1776 28.6
1777 7.08
1778 3.4
1779 3.76
1780 4.24
1781 5.24
1782 5.08
1783 6.76
1784 7.32
1785 8.84
1786 10.76
1787 11.4
1788 14.2
1789 15.12
1790 13.4
1791 13.76
1792 15.4
1793 15.2
1794 18.36
1795 20.08
1796 19.4
1797 12.68
1798 13.24
1799 13.0
1800 15.92
1801 17.4
1802 16.68
1803 24.44
1804 35.52
1805 29.16
1806 16.4
1807 14.24
1808 12.2
1809 13.8
1810 12.44
1811 13.08
1812 17.44
1813 16.48
1814 18.56
1815 18.48
1816 17.8
1817 17.4
1818 19.24
1819 22.08
1820 29.08
1821 42.4
1822 61.6
1823 35.24
1824 24.84
1825 23.84
1826 22.24
1827 22.92
1828 23.0
1829 18.44
1830 20.64
1831 23.84
1832 23.32
1833 24.84
1834 20.84
1835 23.84
1836 26.32
1837 15.44
1838 11.88
1839 10.48
1840 12.84
1841 10.08
1842 11.44
1843 10.96
1844 10.16
1845 7.68
1846 8.84
1847 9.6
1848 11.88
1849 13.88
1850 17.88
1851 28.88
1852 44.4
1853 41.2
1854 33.92
1855 32.84
1856 30.32
1857 33.68
1858 29.32
1859 28.6
1860 25.84
1861 28.24
1862 27.88
1863 25.84
1864 26.08
1865 24.4
1866 31.96
1867 40.0
1868 45.2
1869 50.0
1870 52.4
1871 45.2
1872 34.84
1873 52.4
1874 63.6
1875 48.8
1876 21.04
1877 15.6
1878 1.32
1879 15.88
1880 23.72
1881 24.48
1882 19.28
1883 8.4
1884 12.84
1885 6.88
1886 2.64
1887 3.72
1888 6.0
1889 5.6
1890 7.32
1891 6.24
1892 7.24
1893 9.24
1894 11.04
1895 12.48
1896 8.84
1897 10.72
1898 12.68
1899 11.68
1900 16.84
1901 15.08
1902 13.2
1903 12.8
1904 14.28
1905 11.88
1906 13.16
1907 11.12
1908 12.8
1909 10.08
1910 10.24
1911 7.76
1912 7.72
1913 10.4
1914 12.8
1915 12.72
1916 17.68
1917 13.24
1918 14.36
1919 17.32
1920 6.6
1921 8.12
1922 10.44
1923 4.88
1924 12.64
1925 17.4
1926 16.16
1927 16.4
1928 14.2
1929 5.56
1930 12.84
1931 10.68
1932 9.36
1933 9.08
1934 10.48
1935 14.96
1936 8.36
1937 16.12
1938 12.56
1939 14.4
1940 17.28
1941 18.64
1942 21.36
1943 9.44
1944 14.32
1945 23.08
1946 26.28
1947 21.64
1948 19.6
1949 25.64
1950 34.0
1951 31.16
1952 8.04
1953 16.8
1954 0.04
1955 9.72
1956 15.12
1957 16.04
1958 22.92
1959 25.28
1960 21.76
1961 13.28
1962 12.84
1963 27.12
1964 20.6
1965 9.48
1966 18.76
1967 24.88
1968 27.4
1969 30.48
1970 17.12
1971 13.96
1972 13.6
1973 10.24
1974 18.84
1975 12.72
1976 21.92
1977 19.56
1978 22.72
1979 28.08
1980 25.96
1981 20.28
1982 18.48
1983 27.24
1984 12.04
1985 20.8
1986 0.0
1987 0.0
1988 70.8
1989 30.52
1990 30.72
1991 30.68
1992 29.4
1993 29.44
1994 27.36
1995 23.4
1996 16.36
1997 17.24
1998 15.04
1999 14.64
2000 17.48
2001 12.88
2002 1.2
2003 5.08
2004 4.68
2005 2.0
2006 3.32
2007 5.32
2008 7.0
2009 8.12
2010 13.32
2011 22.92
2012 35.8
2013 56.4
2014 68.8
2015 98.8
2016 108.4
2017 87.6
2018 83.2
2019 98.0
2020 96.0
2021 107.2
2022 93.2
2023 89.2
2024 63.2
2025 63.2
2026 44.0
2027 34.76
2028 31.96
2029 39.16
2030 32.92
2031 29.96
2032 28.32
2033 28.52
2034 25.16
2035 16.96
2036 16.4
2037 16.24
2038 18.32
2039 18.96
2040 18.6
2041 17.04
2042 20.0
2043 17.92
2044 19.4
2045 21.4
2046 20.0
2047 20.84
2048 19.84
2049 20.4
2050 22.24
2051 22.6
2052 20.32
2053 20.92
2054 23.6
2055 22.72
2056 28.0
2057 22.04
2058 23.6
2059 24.24
2060 24.04
2061 26.48
2062 22.88
2063 16.6
2064 13.32
2065 13.56
2066 15.4
2067 15.36
2068 18.84
2069 22.32
2070 31.84
2071 36.44
2072 30.76
2073 23.8
2074 24.0
2075 23.2
2076 19.44
2077 15.76
2078 13.76
2079 10.16
2080 9.76
2081 9.84
2082 10.88
2083 9.36
2084 9.0
2085 8.16
2086 8.92
2087 10.84
2088 11.08
2089 11.6
2090 11.92
2091 10.28
2092 9.28
2093 12.08
2094 6.92
2095 16.76
2096 24.0
2097 23.76
2098 26.92
2099 17.76
2100 15.92
2101 12.88
2102 12.12
2103 15.56
2104 10.12
2105 9.4
2106 12.76
2107 15.68
2108 9.68
2109 10.08
2110 15.08
2111 16.6
2112 13.08
2113 15.64
2114 16.24
2115 14.64
2116 16.0
2117 14.24
2118 14.6
2119 15.76
2120 14.24
2121 13.32
2122 14.68
2123 17.48
2124 19.32
2125 21.08
2126 23.12
2127 24.28
2128 23.8
2129 26.0
2130 31.92
2131 28.04
2132 14.92
2133 26.08
2134 15.4
2135 23.48
2136 19.04
2137 15.52
2138 10.28
2139 5.12
2140 5.28
2141 5.76
2142 7.32
2143 5.76
2144 10.48
2145 18.0
2146 29.68
2147 37.48
2148 38.04
2149 38.44
2150 37.44
2151 36.0
2152 17.4
2153 3.96
2154 4.48
2155 5.84
2156 7.0
2157 9.16
2158 12.24
2159 21.96
2160 33.72
2161 33.4
2162 32.68
2163 31.52
2164 29.6
2165 34.52
2166 39.8
2167 30.32
2168 24.24
2169 26.84
2170 26.76
2171 28.36
2172 27.48
2173 24.2
2174 28.12
2175 29.4
2176 28.28
2177 30.76
2178 28.68
2179 29.24
2180 23.48
2181 21.72
2182 19.2
2183 15.16
2184 16.28
2185 17.92
2186 18.68
2187 15.52
2188 13.4
2189 15.16
2190 16.92
2191 17.36
2192 16.12
2193 18.04
2194 16.24
2195 17.0
2196 18.52
2197 18.16
2198 16.32
2199 15.04
2200 14.08
2201 15.44
2202 14.96
2203 13.48
2204 14.24
2205 11.0
2206 11.92
2207 13.4
2208 16.4
2209 18.16
2210 19.32
2211 12.32
2212 10.24
2213 11.92
2214 13.4
2215 17.16
2216 14.72
2217 16.72
2218 17.68
2219 17.84
2220 16.92
2221 18.84
2222 22.6
2223 28.24
2224 40.4
2225 53.6
2226 69.6
2227 62.4
2228 64.8
2229 76.0
2230 73.2
2231 68.0
2232 64.8
2233 68.0
2234 70.4
2235 67.6
2236 73.6
2237 64.8
2238 70.0
2239 46.4
2240 37.12
2241 39.6
2242 25.36
2243 23.72
2244 24.32
2245 23.28
2246 27.04
2247 27.76
2248 28.76
2249 37.04
2250 34.68
2251 40.4
2252 35.16
2253 34.88
2254 30.24
2255 30.08
2256 26.24
2257 30.32
2258 32.24
2259 25.92
2260 26.96
2261 22.2
2262 22.96
2263 25.52
2264 24.4
2265 22.76
2266 21.72
2267 24.68
2268 25.04
2269 22.6
2270 17.96
2271 19.2
2272 18.32
2273 23.08
2274 25.2
2275 17.12
2276 19.92
2277 17.16
2278 25.16
2279 28.6
2280 29.68
2281 26.16
2282 24.0
2283 20.84
2284 22.4
2285 23.16
2286 19.8
2287 15.44
2288 12.36
2289 14.2
2290 15.56
2291 16.56
2292 17.52
2293 22.56
2294 25.0
2295 25.32
2296 22.68
2297 22.28
2298 21.96
2299 25.48
2300 20.84
2301 25.08
2302 25.2
2303 27.44
2304 24.84
2305 20.48
2306 19.24
2307 19.6
2308 17.76
2309 19.56
2310 20.96
2311 19.12
2312 17.64
2313 9.76
2314 9.6
2315 12.04
2316 12.84
2317 14.28
2318 17.28
2319 24.04
2320 44.0
2321 57.2
2322 54.4
2323 49.6
2324 56.8
2325 42.8
2326 40.4
2327 32.4
2328 25.32
2329 10.32
2330 9.48
2331 10.28
2332 11.92
2333 12.56
2334 14.84
2335 18.88
2336 29.28
2337 47.6
2338 58.0
2339 62.4
2340 59.6
2341 42.4
2342 65.2
2343 50.0
2344 64.4
2345 55.6
2346 58.4
2347 54.0
2348 42.4
2349 48.4
2350 58.4
2351 39.56
2352 25.84
2353 28.6
2354 24.4
2355 30.72
2356 33.6
2357 31.28
2358 33.08
2359 25.52
2360 35.4
2361 33.4
2362 45.2
2363 49.2
2364 33.92
2365 19.4
2366 26.4
2367 20.24
2368 22.56
2369 22.32
2370 23.68
2371 12.2
2372 16.76
2373 17.64
2374 17.68
2375 17.44
2376 18.56
2377 17.24
2378 15.68
2379 15.8
2380 14.68
2381 17.0
2382 16.56
2383 15.56
2384 17.44
2385 11.96
2386 10.28
2387 6.4
2388 6.0
2389 7.36
2390 7.92
2391 8.88
2392 10.0
2393 12.28
2394 16.56
2395 24.56
2396 34.32
2397 24.52
2398 25.44
2399 29.32
2400 29.32
2401 30.72
2402 27.2
2403 19.96
2404 17.68
2405 18.44
2406 17.68
2407 14.68
2408 12.88
2409 12.04
2410 14.32
2411 5.96
2412 5.12
2413 5.84
2414 7.24
2415 7.92
2416 10.4
2417 12.76
2418 23.72
2419 38.8
2420 49.6
2421 53.2
2422 58.0
2423 41.6
2424 28.44
2425 24.76
2426 26.68
2427 25.24
2428 25.88
2429 20.16
2430 17.16
2431 16.64
2432 16.88
2433 19.64
2434 15.76
2435 12.84
2436 11.6
2437 11.52
2438 14.0
2439 13.48
2440 16.0
2441 19.48
2442 26.96
2443 38.52
2444 54.4
2445 64.8
2446 36.08
2447 17.48
2448 5.32
2449 3.08
2450 3.04
2451 3.6
2452 4.32
2453 7.68
2454 15.56
2455 25.24
2456 35.64
2457 28.76
2458 25.68
2459 22.32
2460 17.32
2461 20.04
2462 17.24
2463 11.48
2464 10.88
2465 10.12
2466 16.04
2467 7.92
2468 12.8
2469 9.04
2470 22.28
2471 25.92
2472 29.12
2473 28.32
2474 24.92
2475 26.64
2476 26.76
2477 26.88
2478 15.6
2479 15.8
2480 11.68
2481 7.36
2482 10.52
2483 7.36
2484 12.56
2485 13.64
2486 8.2
2487 7.28
2488 8.44
2489 6.76
2490 6.28
2491 3.4
2492 5.16
2493 5.4
2494 9.08
2495 10.24
2496 10.24
2497 9.84
2498 4.32
2499 4.96
2500 2.28
2501 0.68
2502 2.52
2503 5.08
2504 7.92
2505 8.24
2506 8.32
2507 3.68
2508 3.2
2509 1.68
2510 2.44
2511 5.24
2512 6.68
2513 7.92
2514 8.4
2515 12.16
2516 19.96
2517 17.6
2518 15.72
2519 17.16
2520 27.76
2521 16.84
2522 30.08
2523 25.84
2524 14.92
2525 11.48
2526 19.64
2527 19.04
2528 21.76
2529 19.48
2530 3.44
2531 3.8
2532 5.4
2533 5.16
2534 4.56
2535 2.6
2536 3.0
2537 3.36
2538 3.48
2539 4.08
2540 4.68
2541 5.32
2542 4.32
2543 6.6
2544 7.2
2545 4.64
2546 9.56
2547 5.84
2548 7.72
2549 6.0
2550 7.24
2551 6.24
2552 7.0
2553 10.36
2554 9.0
2555 9.28
2556 7.4
2557 9.4
2558 7.68
2559 2.84
2560 2.6
2561 2.52
2562 2.68
2563 3.6
2564 4.6
2565 5.12
2566 7.76
2567 9.04
2568 10.08
2569 11.4
2570 7.56
2571 7.0
2572 0.04
2573 13.48
2574 5.44
2575 4.96
2576 5.72
2577 5.56
2578 5.92
2579 8.6
2580 7.88
2581 8.8
2582 4.6
2583 7.16
2584 12.08
2585 14.04
2586 16.28
2587 12.28
2588 11.4
2589 11.04
2590 11.72
2591 11.92
2592 12.32
2593 16.12
2594 23.92
2595 33.4
2596 48.8
2597 60.0
2598 52.4
2599 47.6
2600 52.8
2601 52.8
2602 50.8
2603 38.84
2604 31.36
2605 24.16
2606 25.16
2607 15.56
2608 7.96
2609 7.88
2610 8.88
2611 10.6
2612 8.76
2613 5.44
2614 3.64
2615 4.4
2616 4.48
2617 5.16
2618 5.28
2619 6.12
2620 6.32
2621 3.68
2622 2.76
2623 3.4
2624 4.32
2625 4.96
2626 3.96
2627 5.16
2628 6.16
2629 8.08
2630 6.92
2631 6.64
2632 7.96
2633 8.08
2634 9.72
2635 8.72
2636 6.04
2637 1.08
2638 1.04
2639 2.24
2640 3.4
2641 4.04
2642 5.04
2643 4.44
2644 4.08
2645 5.2
2646 7.08
2647 6.92
2648 8.32
2649 9.84
2650 11.6
2651 17.24
2652 19.92
2653 10.88
2654 11.64
2655 5.16
2656 4.68
2657 5.32
2658 6.16
2659 6.96
2660 3.88
2661 3.6
2662 5.16
2663 4.84
2664 6.0
2665 7.0
2666 8.24
2667 9.68
2668 11.96
