0 3.64
1 4.16
2 4.52
3 6.76
4 4.96
5 2.72
6 3.16
7 4.24
8 3.24
9 4.68
10 2.72
11 1.12
12 2.04
13 2.08
14 2.4
15 0.36
16 2.48
17 2.84
18 4.6
19 0.8
20 2.76
21 4.0
22 1.96
23 3.24
24 1.76
25 2.36
26 3.16
27 5.2
28 3.48
29 0.8
30 3.72
31 0.64
32 1.12
33 2.36
34 3.24
35 0.52
36 1.68
37 3.48
38 1.56
39 0.28
40 1.64
41 0.4
42 0.6
43 0.0
44 0.72
45 0.88
46 0.96
47 1.4
48 3.68
49 2.48
50 1.56
51 2.24
52 7.12
53 11.48
54 3.84
55 7.4
56 0.0
57 16.24
58 22.12
59 7.52
60 5.96
61 13.6
62 8.44
63 9.28
64 5.32
65 13.36
66 10.96
67 16.76
68 11.72
69 5.84
70 10.2
71 2.0
72 6.84
73 6.6
74 0.64
75 2.6
76 5.84
77 5.8
78 6.4
79 2.2
80 4.88
81 1.32
82 8.2
83 8.92
84 5.24
85 4.36
86 4.0
87 4.04
88 4.88
89 4.2
90 1.92
91 3.24
92 4.4
93 5.04
94 5.68
95 0.48
96 0.0
97 7.8
98 9.6
99 2.0
100 7.8
101 5.56
102 6.76
103 5.44
104 10.96
105 9.36
106 7.84
107 5.96
108 11.16
109 8.76
110 10.12
111 18.32
112 14.64
113 7.76
114 7.52
115 8.0
116 14.92
117 12.68
118 8.88
119 9.04
120 8.92
121 7.16
122 9.52
123 7.76
124 10.76
125 9.28
126 8.0
127 10.76
128 12.0
129 13.68
130 4.84
131 9.08
132 6.28
133 6.52
134 8.2
135 7.52
136 7.0
137 4.28
138 7.48
139 6.2
140 6.2
141 7.96
142 6.0
143 4.68
144 6.04
145 4.76
146 5.2
147 4.52
148 8.8
149 7.0
150 7.12
151 10.44
152 2.88
153 7.16
154 6.56
155 2.56
156 3.04
157 3.84
158 8.08
159 7.76
160 5.12
161 7.92
162 5.2
163 6.68
164 6.0
165 5.44
166 7.36
167 7.04
168 5.96
169 6.04
170 7.0
171 5.32
172 4.44
173 5.52
174 7.04
175 5.64
176 7.68
177 4.56
178 0.0
179 5.56
180 14.16
181 7.96
182 8.12
183 6.52
184 6.04
185 8.92
186 9.04
187 8.76
188 7.6
189 6.48
190 10.08
191 10.08
192 13.4
193 12.72
194 11.52
195 8.76
196 6.28
197 18.48
198 14.88
199 8.36
200 5.68
201 9.68
202 10.0
203 10.72
204 12.56
205 9.24
206 11.56
207 9.4
208 20.36
209 17.96
210 19.88
211 24.76
212 23.2
213 32.04
214 29.36
215 35.96
216 31.84
217 38.36
218 23.0
219 32.96
220 19.92
221 26.44
222 31.84
223 26.64
224 30.04
225 34.96
226 29.24
227 31.68
228 18.72
229 19.8
230 16.6
231 19.64
232 13.64
233 11.52
234 14.32
235 17.4
236 13.8
237 16.4
238 13.8
239 9.68
240 14.6
241 8.24
242 11.0
243 9.4
244 5.88
245 2.32
246 0.72
247 8.96
248 21.16
249 33.68
250 35.28
251 31.84
252 29.8
253 31.12
254 22.96
255 22.8
256 26.4
257 7.48
258 11.4
259 1.84
260 3.16
261 5.88
262 7.36
263 16.8
264 26.28
265 11.04
266 19.44
267 19.96
268 14.68
269 17.64
270 12.92
271 17.48
272 29.52
273 23.36
274 29.08
275 26.84
276 29.44
277 30.64
278 25.0
279 26.64
280 27.4
281 21.88
282 9.24
283 15.84
284 14.52
285 18.28
286 16.56
287 22.76
288 21.8
289 22.56
290 22.24
291 13.28
292 21.12
293 15.32
294 20.0
295 14.76
296 14.84
297 12.8
298 8.84
299 16.72
300 8.04
301 0.0
302 13.68
303 16.56
304 6.88
305 12.36
306 14.16
307 10.64
308 13.0
309 12.56
310 15.2
311 13.24
312 12.12
313 12.56
314 15.08
315 16.68
316 15.68
317 20.32
318 21.64
319 3.56
320 9.68
321 19.0
322 23.08
323 21.56
324 10.2
325 0.0
326 15.44
327 13.56
328 2.52
329 9.76
330 1.96
331 3.08
332 3.4
333 2.6
334 1.56
335 2.36
336 2.28
337 2.2
338 2.92
339 2.04
340 21.6
341 29.56
342 44.4
343 46.4
344 45.6
345 46.8
346 31.48
347 53.6
348 19.8
349 0.64
350 25.88
351 7.68
352 5.44
353 12.52
354 11.68
355 9.36
356 8.12
357 11.32
358 6.72
359 6.48
360 5.68
361 4.52
362 2.96
363 6.64
364 12.12
365 6.52
366 4.36
367 5.96
368 6.44
369 5.08
370 2.48
371 2.52
372 0.0
373 0.04
374 5.08
375 0.52
376 0.0
377 0.04
378 0.0
379 0.0
380 2.44
381 5.6
382 4.36
383 4.04
384 8.08
385 6.4
386 6.56
387 9.64
388 4.72
389 6.52
390 8.64
391 10.68
392 9.48
393 5.6
394 7.0
395 10.44
396 7.44
397 8.16
398 15.6
399 6.16
400 16.2
401 7.84
402 14.48
403 10.64
404 7.0
405 8.24
406 5.0
407 7.32
408 9.8
409 4.88
410 7.6
411 5.0
412 7.96
413 7.68
414 7.28
415 8.68
416 5.16
417 4.6
418 9.92
419 7.04
420 5.88
421 5.64
422 1.08
423 6.92
424 3.48
425 8.76
426 2.88
427 3.72
428 1.8
429 0.0
430 0.0
431 0.0
432 0.0
433 0.0
434 0.0
435 0.0
436 0.0
437 0.0
438 0.0
439 0.0
440 0.0
441 0.0
442 0.0
443 3.8
444 2.28
445 2.2
446 2.12
447 2.44
448 4.16
449 2.6
450 3.16
451 2.72
452 1.6
453 0.36
454 2.08
455 1.96
456 3.48
457 2.4
458 4.16
459 2.88
460 1.24
461 0.2
462 0.04
463 0.0
464 0.0
465 0.0
466 1.96
467 3.92
468 3.52
469 3.56
470 3.44
471 2.2
472 0.56
473 0.24
474 0.04
475 0.44
476 1.48
477 3.08
478 1.44
479 2.52
480 2.64
481 2.52
482 0.48
483 2.0
484 2.0
485 0.32
486 0.4
487 0.04
488 0.96
489 2.96
490 0.6
491 0.0
492 0.0
493 0.0
494 0.0
495 0.0
496 0.0
497 0.0
498 0.0
499 0.0
500 0.0
501 0.0
502 0.0
503 0.0
504 0.0
505 0.0
506 0.04
507 28.44
508 0.0
509 0.0
510 0.0
511 0.32
512 2.32
513 0.84
514 1.8
515 0.0
516 0.0
517 0.0
518 1.44
519 0.0
520 0.0
521 2.72
522 2.68
523 0.0
524 0.48
525 0.4
526 0.56
527 2.24
528 3.36
529 1.64
530 2.28
531 0.8
532 3.16
533 0.72
534 0.0
535 0.0
536 0.0
537 0.04
538 0.0
539 0.0
540 0.0
541 0.0
542 0.0
543 0.0
544 0.0
545 0.0
546 0.0
547 0.0
548 0.0
549 0.0
550 0.0
551 0.0
552 0.0
553 0.0
554 0.0
555 0.12
556 0.44
557 0.04
558 0.4
559 0.28
560 0.0
561 0.72
562 0.48
563 0.04
564 0.0
565 0.0
566 0.04
567 0.12
568 1.24
569 1.36
570 1.6
571 0.68
572 0.2
573 0.0
574 0.8
575 0.2
576 0.0
577 0.0
578 0.0
579 0.0
580 0.0
581 1.0
582 0.0
583 0.0
584 0.08
585 0.0
586 0.0
587 0.0
588 0.0
589 0.0
590 0.0
591 0.0
592 0.0
593 0.0
594 0.0
595 0.0
596 0.0
597 0.0
598 0.0
599 0.0
600 0.0
601 0.0
602 0.0
603 0.0
604 0.0
605 0.0
606 0.0
607 0.0
608 0.0
609 0.0
610 0.0
611 0.0
612 0.0
613 0.0
614 0.0
615 0.0
616 0.0
617 0.0
618 0.0
619 0.0
620 0.0
621 0.0
622 0.0
623 0.0
624 0.0
625 0.0
626 0.0
627 0.0
628 0.0
629 0.0
630 0.0
631 0.0
632 0.0
633 0.0
634 0.0
635 0.0
636 0.0
637 0.0
638 0.0
639 0.0
640 0.0
641 0.0
642 0.0
643 0.0
644 0.0
645 0.0
646 0.0
647 0.0
648 0.0
649 0.0
650 0.0
651 0.0
652 0.0
653 0.0
654 0.0
655 0.0
656 0.0
657 0.0
658 0.0
659 0.0
660 0.0
661 0.0
662 19.68
663 25.72
664 22.92
665 1.04
666 6.08
667 12.28
668 14.64
669 2.4
670 11.48
671 15.32
672 15.48
673 19.8
674 21.0
675 20.52
676 26.04
677 29.96
678 21.8
679 18.68
680 22.64
681 19.52
682 23.72
683 27.04
684 26.28
685 27.92
686 29.64
687 28.0
688 34.16
689 20.08
690 23.0
691 3.92
692 27.32
693 30.2
694 36.92
695 39.0
696 37.84
697 38.0
698 38.36
699 43.2
700 30.36
701 29.04
702 27.4
703 25.32
704 27.28
705 17.4
706 18.92
707 23.0
708 26.52
709 16.68
710 18.96
711 17.72
712 17.92
713 22.2
714 21.48
715 9.2
716 11.64
717 9.92
718 10.2
719 10.16
720 6.16
721 12.12
722 12.72
723 11.4
724 4.0
725 0.32
726 13.2
727 19.04
728 21.04
729 19.76
730 21.4
731 9.08
732 13.92
733 4.0
734 12.8
735 12.6
736 11.32
737 3.48
738 12.48
739 10.84
740 13.68
741 1.92
742 0.0
743 8.96
744 14.96
745 17.24
746 17.0
747 11.48
748 18.36
749 22.28
750 24.76
751 42.4
752 49.2
753 53.2
754 35.64
755 25.24
756 36.12
757 29.36
758 24.52
759 26.04
760 13.2
761 38.6
762 42.4
763 39.92
764 37.76
765 21.24
766 0.44
767 27.92
768 33.4
769 39.28
770 25.16
771 42.8
772 37.76
773 27.64
774 34.08
775 37.2
776 42.4
777 40.4
778 32.16
779 41.6
780 45.2
781 43.6
782 58.8
783 47.2
784 42.0
785 39.32
786 41.2
787 44.0
788 42.4
789 38.4
790 37.64
791 37.64
792 35.6
793 25.84
794 35.64
795 29.68
796 26.48
797 28.68
798 25.36
799 21.4
800 27.84
801 29.8
802 19.96
803 23.44
804 31.84
805 30.72
806 30.68
807 21.08
808 18.48
809 25.72
810 21.88
811 21.04
812 11.4
813 15.92
814 10.24
815 19.72
816 15.76
817 23.52
818 19.72
819 14.08
820 17.64
821 20.92
822 19.44
823 16.12
824 6.48
825 9.88
826 2.12
827 0.0
828 0.0
829 0.0
830 0.0
831 3.4
832 9.96
833 18.44
834 26.0
835 25.32
836 17.0
837 10.0
838 16.16
839 12.36
840 9.92
841 0.0
842 0.0
843 0.0
844 0.0
845 7.56
846 13.56
847 11.08
848 10.04
849 12.44
850 10.32
851 8.64
852 9.2
853 5.52
854 0.0
855 5.12
856 2.88
857 1.4
858 0.0
859 0.0
860 0.0
861 0.0
862 0.0
863 0.0
864 0.0
865 0.0
866 0.0
867 0.0
868 0.0
869 0.0
870 0.0
871 0.0
872 0.0
873 0.0
874 4.84
875 7.88
876 3.68
877 0.0
878 0.0
879 0.0
880 0.0
881 0.0
882 0.0
883 0.0
884 0.0
885 0.0
886 0.0
887 0.0
888 0.0
889 0.0
890 0.0
891 0.0
892 0.0
893 0.0
894 0.0
895 0.0
896 0.0
897 0.0
898 0.0
899 0.0
900 0.0
901 0.0
902 0.0
903 0.0
904 0.0
905 0.0
906 0.0
907 0.0
908 0.0
909 0.0
910 0.0
911 0.0
912 0.0
913 0.0
914 0.0
915 0.0
916 0.0
917 0.0
918 0.0
919 0.0
920 0.0
921 3.8
922 9.12
923 7.68
924 14.48
925 9.72
926 11.04
927 9.64
928 12.56
929 18.36
930 1.4
931 0.0
932 0.0
933 0.64
934 0.16
935 9.28
936 13.0
937 14.0
938 9.84
939 6.44
940 0.88
941 3.4
942 0.0
943 0.0
944 0.0
945 0.0
946 0.0
947 0.0
948 0.0
949 0.0
950 0.0
951 0.0
952 0.0
953 0.0
954 0.0
955 0.0
956 0.0
957 0.0
958 8.52
959 20.04
960 22.92
961 19.52
962 13.92
963 12.2
964 16.8
965 14.2
966 13.4
967 10.96
968 6.24
969 15.12
970 18.36
971 17.24
972 17.72
973 17.12
974 18.56
975 10.92
976 7.88
977 7.52
978 7.72
979 13.04
980 15.56
981 12.88
982 13.2
983 19.16
984 14.68
985 21.32
986 15.92
987 7.72
988 9.76
989 5.08
990 9.08
991 7.4
992 6.2
993 7.68
994 7.84
995 9.24
996 9.24
997 10.44
998 12.68
999 10.84
1000 19.6
1001 26.6
1002 12.72
1003 20.4
1004 17.24
1005 24.92
1006 34.24
1007 22.36
1008 21.6
1009 15.72
1010 23.64
1011 23.16
1012 22.36
1013 22.72
1014 25.64
1015 30.16
1016 24.24
1017 27.32
1018 41.2
1019 29.08
1020 33.64
1021 35.24
1022 37.2
1023 34.76
1024 31.56
1025 22.6
1026 28.16
1027 29.84
1028 32.72
1029 42.0
1030 25.6
1031 25.72
1032 24.92
1033 27.28
1034 26.32
1035 25.8
1036 27.36
1037 27.68
1038 28.72
1039 29.64
1040 27.96
1041 27.08
1042 22.36
1043 14.44
1044 27.76
1045 37.68
1046 41.2
1047 39.8
1048 36.32
1049 39.68
1050 37.16
1051 30.4
1052 34.08
1053 32.72
1054 32.8
1055 31.6
1056 25.64
1057 36.12
1058 34.32
1059 31.68
1060 31.24
1061 31.96
1062 22.32
1063 26.0
1064 30.68
1065 33.32
1066 38.52
1067 32.8
1068 26.0
1069 28.88
1070 28.08
1071 29.4
1072 14.36
1073 11.48
1074 15.04
1075 33.44
1076 30.56
1077 27.36
1078 38.84
1079 37.0
1080 33.48
1081 36.16
1082 41.6
1083 36.92
1084 40.4
1085 42.4
1086 46.8
1087 41.2
1088 35.6
1089 25.52
1090 25.44
1091 27.96
1092 25.56
1093 23.2
1094 26.2
1095 31.72
1096 38.88
1097 43.6
1098 41.6
1099 44.4
1100 40.4
1101 44.8
1102 44.8
1103 47.6
1104 44.8
1105 46.0
1106 39.68
1107 37.28
1108 46.8
1109 40.4
1110 40.8
1111 36.48
1112 28.88
1113 35.96
1114 34.4
1115 42.0
1116 44.4
1117 47.6
1118 46.4
1119 40.4
1120 43.6
1121 16.64
1122 20.12
1123 16.6
1124 18.08
1125 17.16
1126 16.6
1127 16.64
1128 15.52
1129 19.24
1130 16.48
1131 18.84
1132 20.12
1133 13.48
1134 22.48
1135 20.16
1136 13.28
1137 8.84
1138 12.6
1139 15.16
1140 17.0
1141 16.36
1142 16.88
1143 15.52
1144 14.2
1145 18.32
1146 15.52
1147 14.24
1148 15.04
1149 15.36
1150 18.16
1151 17.12
1152 15.6
1153 13.84
1154 11.32
1155 10.8
1156 17.72
1157 19.6
1158 19.36
1159 16.68
1160 16.72
1161 16.64
1162 17.04
1163 19.44
1164 17.84
1165 16.76
1166 13.88
1167 11.32
1168 15.12
1169 13.92
1170 15.84
1171 16.24
1172 20.08
1173 18.04
1174 18.16
1175 16.0
1176 20.12
1177 14.88
1178 14.68
1179 17.72
1180 18.24
1181 16.48
1182 17.0
1183 17.92
1184 15.8
1185 19.4
1186 17.04
1187 13.32
1188 13.56
1189 18.6
1190 16.56
1191 19.44
1192 18.0
1193 16.32
1194 15.44
1195 16.96
1196 15.12
1197 16.28
1198 11.8
1199 14.36
1200 12.88
1201 11.8
1202 13.52
1203 14.92
1204 15.16
1205 15.28
1206 15.0
1207 12.88
1208 13.2
1209 10.64
1210 12.56
1211 10.4
1212 11.36
1213 12.36
1214 11.88
1215 14.28
1216 8.92
1217 15.24
1218 13.92
1219 12.76
1220 12.52
1221 12.4
1222 12.56
1223 13.12
1224 12.72
1225 14.64
1226 10.6
1227 12.32
1228 12.28
1229 11.88
1230 11.32
1231 9.56
1232 12.76
1233 13.64
1234 12.44
1235 15.64
1236 12.56
1237 8.48
1238 7.52
1239 9.92
1240 13.04
1241 13.24
1242 9.4
1243 7.36
1244 10.6
1245 12.4
1246 13.44
1247 13.28
1248 10.52
1249 12.08
1250 14.8
1251 25.36
1252 24.2
1253 21.56
1254 14.44
1255 9.36
1256 11.0
1257 20.16
1258 22.72
1259 26.16
1260 30.96
1261 23.76
1262 27.76
1263 33.0
1264 22.08
1265 26.84
1266 30.32
1267 44.8
1268 44.8
1269 32.44
1270 22.8
