0 3.16
1 4.16
2 4.76
3 4.44
4 5.96
5 5.8
6 13.08
7 13.04
8 9.12
9 18.72
10 17.72
11 13.56
12 13.56
13 9.2
14 12.0
15 20.0
16 15.72
17 11.52
18 12.52
19 15.16
20 16.28
21 11.4
22 14.64
23 17.88
24 20.04
25 18.08
26 13.0
27 20.0
28 3.12
29 20.96
30 30.24
31 14.48
32 14.6
33 8.6
34 12.76
35 12.32
36 9.44
37 2.6
38 10.28
39 13.4
40 12.44
41 15.84
42 17.52
43 12.68
44 12.4
45 24.08
46 13.68
47 23.64
48 8.16
49 14.32
50 19.76
51 14.68
52 14.96
53 12.52
54 12.76
55 12.08
56 20.56
57 4.64
58 6.64
59 9.56
60 6.6
61 5.0
62 10.08
63 11.04
64 10.96
65 10.52
66 12.64
67 12.08
68 12.08
69 12.36
70 16.04
71 21.64
72 32.72
73 31.52
74 32.12
75 34.28
76 26.28
77 39.28
78 27.0
79 32.08
80 32.4
81 33.12
82 19.28
83 29.48
84 30.92
85 45.6
86 42.0
87 16.56
88 29.48
89 32.04
90 38.6
91 30.32
92 20.92
93 24.52
94 8.72
95 11.36
96 21.44
97 30.76
98 22.08
99 21.8
100 23.8
101 21.92
102 23.6
103 20.4
104 35.44
105 13.92
106 30.52
107 26.88
108 31.48
109 27.24
110 31.84
111 32.76
112 35.2
113 33.2
114 36.4
115 30.16
116 35.88
117 36.6
118 39.6
119 39.48
120 40.4
121 26.12
122 19.68
123 25.12
124 25.16
125 20.76
126 21.2
127 11.04
128 32.88
129 6.56
130 20.36
131 17.76
132 29.92
133 27.48
134 30.44
135 34.52
136 27.8
137 34.12
138 38.04
139 35.8
140 31.44
141 29.48
142 28.28
143 30.32
144 29.12
145 25.28
146 23.52
147 23.2
148 23.72
149 22.92
150 20.88
151 28.12
152 31.44
153 36.44
154 46.0
155 40.4
156 42.0
157 40.8
158 38.16
159 40.4
160 34.56
161 29.36
162 29.12
163 32.84
164 28.68
165 31.16
166 34.68
167 40.0
168 37.68
169 41.2
170 46.0
171 32.28
172 35.92
173 36.72
174 18.4
175 25.92
176 32.44
177 24.84
178 19.88
179 18.4
180 21.4
181 16.6
182 21.16
183 16.16
184 20.4
185 16.84
186 14.68
187 19.32
188 23.2
189 22.96
190 24.52
191 33.48
192 33.32
193 27.92
194 9.44
195 15.08
196 17.0
197 1.32
198 0.16
199 10.68
200 4.24
201 6.48
202 4.4
203 4.52
204 5.4
205 7.76
206 8.48
207 6.64
208 2.44
209 5.04
210 9.88
211 8.16
212 3.52
213 6.72
214 3.44
215 6.12
216 4.36
217 5.56
218 8.36
219 0.0
220 8.32
221 8.24
222 9.76
223 9.96
224 6.32
225 5.84
226 6.32
227 10.2
228 13.04
229 10.36
230 13.32
231 8.12
232 6.12
233 5.12
234 5.24
235 6.4
236 5.88
237 8.72
238 9.36
239 4.68
240 9.28
241 2.92
242 6.68
243 4.56
244 2.12
245 8.28
246 6.96
247 0.0
248 5.64
249 3.56
250 7.76
251 8.0
252 1.72
253 2.8
254 1.76
255 5.2
256 0.0
257 0.0
258 6.96
259 7.92
260 0.0
261 4.8
262 1.84
263 0.0
264 6.88
265 12.28
266 12.92
267 13.24
268 14.08
269 4.4
270 10.16
271 14.56
272 13.16
273 14.48
274 15.2
275 16.68
276 16.76
277 14.12
278 13.12
279 12.8
280 12.16
281 10.76
282 12.8
283 8.72
284 3.44
285 7.48
286 8.24
287 10.12
288 1.4
289 6.56
290 7.76
291 9.28
292 8.12
293 10.24
294 11.36
295 7.96
296 0.12
297 5.4
298 3.04
299 0.0
300 0.0
301 0.0
302 0.0
303 9.52
304 10.8
305 9.76
306 15.64
307 17.88
308 16.2
309 12.88
310 11.12
311 11.96
312 12.84
313 14.48
314 34.04
315 38.68
316 31.56
317 33.04
318 22.84
319 16.32
320 26.48
321 36.64
322 34.08
323 39.96
324 35.0
325 38.56
326 33.4
327 47.2
328 35.04
329 27.52
330 15.36
331 29.08
332 10.92
333 8.36
334 9.88
335 8.8
336 14.48
337 5.08
338 7.04
339 10.0
340 13.16
341 10.0
342 11.36
343 12.24
344 17.32
345 14.76
346 6.6
347 7.84
348 16.88
349 15.6
350 14.84
351 13.68
352 15.92
353 10.48
354 8.56
355 18.24
356 14.64
357 19.68
358 22.48
359 18.92
360 14.84
361 23.2
362 20.12
363 15.96
364 22.32
365 27.08
366 22.72
367 21.36
368 10.48
369 17.92
370 18.0
371 10.2
372 10.08
373 9.4
374 13.76
375 16.76
376 12.88
377 10.36
378 9.88
379 4.0
380 5.28
381 5.76
382 8.52
383 7.76
384 9.92
385 7.24
386 3.84
387 4.64
388 6.32
389 5.68
390 11.8
391 14.76
392 15.0
393 14.16
394 15.24
395 19.92
396 17.64
397 15.36
398 10.64
399 12.92
400 18.8
401 11.12
402 12.72
403 10.36
404 10.72
405 10.32
406 12.24
407 13.12
408 10.48
409 9.8
410 16.64
411 7.52
412 13.76
413 7.0
414 5.88
415 13.44
416 12.08
417 12.96
418 5.44
419 7.32
420 6.16
421 10.04
422 7.0
423 8.32
424 8.96
425 9.24
426 11.24
427 10.64
428 5.04
429 6.24
430 8.0
431 11.8
432 10.4
433 11.04
434 8.8
435 5.32
436 9.04
437 5.96
438 9.76
439 15.36
440 12.6
441 9.36
442 8.04
443 0.32
444 18.84
445 7.68
446 2.72
447 0.24
448 12.96
449 11.6
450 7.24
451 19.0
452 7.68
453 8.24
454 2.36
455 13.88
456 10.92
457 12.84
458 13.76
459 15.76
460 10.64
461 13.76
462 11.84
463 21.96
464 18.68
465 6.92
466 12.44
467 21.4
468 23.4
469 16.2
470 9.24
471 13.6
472 15.56
473 17.16
474 14.08
475 16.16
476 23.92
477 12.16
478 9.0
479 7.72
480 10.16
481 6.12
482 13.08
483 11.16
484 18.08
485 15.0
486 12.04
487 8.72
488 14.52
489 10.24
490 11.28
491 8.72
492 13.04
493 11.64
494 15.36
495 7.76
496 9.52
497 17.64
498 0.0
499 11.36
500 16.8
501 11.84
502 10.4
503 12.28
504 12.0
505 13.2
506 16.44
507 15.12
508 8.0
509 17.48
510 15.64
511 8.32
512 6.76
513 16.04
514 9.92
515 15.32
516 2.48
517 15.68
518 6.88
519 12.28
520 8.84
521 10.24
522 11.88
523 10.4
524 9.84
525 6.04
526 15.16
527 6.08
528 9.04
529 0.0
530 14.76
531 10.92
532 9.44
533 8.2
534 14.64
535 9.16
536 5.96
537 12.48
538 9.2
539 0.16
540 8.24
541 7.32
542 9.52
543 10.08
544 4.48
545 14.32
546 8.96
547 13.32
548 10.8
549 4.0
550 10.92
551 2.36
552 5.16
553 9.76
554 13.56
555 23.08
556 20.4
557 13.64
558 15.48
559 10.52
560 0.36
561 15.24
562 10.8
563 12.92
564 10.12
565 10.4
566 11.0
567 5.52
568 8.36
569 11.44
570 12.72
571 6.44
572 13.52
573 5.6
574 2.52
575 12.24
576 14.88
577 7.76
578 7.56
579 6.96
580 7.16
581 3.56
582 11.44
583 5.08
584 6.0
585 5.64
586 0.32
587 8.0
588 4.88
589 1.64
590 6.04
591 4.96
592 5.6
593 8.16
594 6.08
595 7.72
596 8.12
597 8.84
598 5.8
599 11.12
600 9.88
601 9.68
602 5.84
603 7.32
604 10.0
605 4.0
606 9.08
607 11.88
608 5.56
609 3.68
610 9.44
611 8.48
612 0.0
613 5.12
614 20.28
615 6.92
616 0.0
617 0.0
618 0.0
619 0.0
620 0.0
621 0.0
622 0.0
623 0.0
624 0.0
625 0.0
626 0.0
627 0.0
628 0.0
629 0.0
630 0.0
631 0.0
632 16.52
633 3.88
634 7.72
635 8.08
636 11.8
637 0.0
638 0.0
639 0.0
640 0.0
641 0.0
642 0.0
643 0.0
644 0.0
645 0.0
646 0.0
647 0.0
648 0.0
649 0.0
650 0.0
651 0.0
652 0.0
653 0.0
654 0.0
655 0.0
656 0.0
657 0.0
658 0.0
659 2.4
660 13.28
661 10.52
662 10.08
663 12.64
664 8.28
665 0.0
666 0.0
667 0.0
668 0.0
669 0.0
670 0.0
671 0.0
672 0.0
673 0.0
674 0.0
675 0.0
676 0.0
677 0.0
678 0.0
679 0.0
680 0.0
681 0.0
682 0.0
683 0.0
684 0.0
685 0.0
686 0.0
687 0.0
688 2.24
689 20.52
690 37.16
691 22.76
692 22.96
693 36.56
694 38.72
695 37.88
696 42.0
697 38.28
698 42.4
699 34.8
700 39.8
701 49.2
702 37.12
703 51.6
704 41.6
705 46.8
706 43.2
707 43.6
708 31.4
709 29.44
710 27.44
711 23.44
712 26.0
713 20.28
714 12.48
715 8.96
716 12.84
717 9.72
718 6.68
719 1.4
720 0.0
721 0.0
722 0.0
723 0.0
724 0.0
725 0.0
726 0.0
727 0.0
728 0.0
729 0.0
730 0.0
731 0.0
732 0.0
733 0.0
734 0.0
735 0.0
736 0.0
737 0.0
738 4.88
739 6.56
740 4.56
741 10.36
742 7.64
743 3.12
744 0.0
745 0.0
746 0.0
747 0.0
748 0.0
749 0.0
750 0.0
751 0.12
752 11.88
753 13.24
754 9.4
755 15.08
756 15.6
757 18.64
758 0.0
759 0.0
760 4.12
761 6.28
762 9.6
763 3.72
764 4.32
765 6.92
766 0.04
767 0.0
768 0.36
769 0.0
770 5.0
771 0.88
772 0.2
773 0.0
774 0.12
775 0.0
776 0.0
777 0.56
778 0.0
779 0.88
780 0.12
781 0.56
782 0.44
783 0.96
784 0.4
785 1.28
786 0.44
787 0.88
788 0.0
789 0.0
790 0.0
791 0.0
792 0.0
793 0.0
794 0.0
795 0.0
796 0.0
797 0.0
798 0.0
799 0.0
800 0.0
801 0.0
802 0.0
803 0.0
804 0.0
805 0.0
806 0.0
807 0.0
808 0.0
809 0.0
810 0.0
811 0.0
812 0.0
813 0.0
814 0.0
815 0.0
816 0.0
817 0.0
818 0.0
819 0.0
820 0.0
821 0.0
822 0.0
823 0.0
824 0.0
825 0.0
826 0.0
827 0.0
828 0.0
829 0.0
830 0.0
831 0.0
832 0.0
833 0.0
834 0.0
835 0.0
836 0.0
837 0.0
838 0.0
839 0.0
840 0.0
841 0.0
842 0.0
843 0.0
844 0.0
845 0.0
846 0.0
847 0.0
848 0.0
849 0.0
850 0.0
851 0.0
852 0.0
853 0.0
854 0.0
855 0.0
856 0.0
857 0.0
858 0.0
859 0.0
860 0.0
861 0.0
862 0.0
863 0.0
864 0.0
865 0.0
866 0.0
867 0.0
868 0.0
869 0.0
870 0.0
871 0.0
872 0.0
873 0.0
874 0.0
875 0.0
876 0.0
877 0.0
878 0.0
879 0.0
880 0.0
881 0.0
882 0.0
883 0.0
884 0.0
885 0.0
886 0.0
887 0.0
888 0.0
889 0.0
890 0.0
891 0.0
892 0.0
893 0.0
894 0.0
895 0.0
896 0.0
897 0.0
898 0.0
899 0.0
900 0.0
901 0.0
902 0.0
903 0.0
904 0.0
905 0.0
906 0.0
907 0.0
908 0.0
909 0.0
910 0.0
911 0.0
912 0.0
913 0.0
914 0.0
915 0.0
916 0.0
917 0.0
918 0.0
919 0.0
920 0.0
921 0.0
922 0.0
923 0.0
924 0.0
925 0.0
926 0.0
927 0.0
928 0.0
929 0.0
930 0.0
931 0.0
932 0.0
933 0.0
934 0.0
935 0.0
936 0.0
937 0.0
938 0.0
939 0.0
940 0.0
941 0.0
942 0.0
943 0.0
944 0.0
945 0.0
946 0.0
947 0.0
948 0.0
949 0.0
950 0.0
951 0.0
952 0.0
953 0.0
954 0.0
955 0.0
956 0.0
957 0.0
958 0.0
959 0.0
960 0.0
961 0.0
962 0.0
963 0.0
964 0.0
965 0.0
966 0.0
967 0.0
968 0.0
969 0.0
970 0.0
971 0.0
972 0.0
973 0.0
974 0.0
975 0.0
976 0.0
977 0.0
978 0.0
979 0.0
980 0.0
981 0.0
982 0.0
983 0.0
984 0.0
985 0.0
986 0.0
987 0.0
988 0.0
989 0.0
990 0.0
991 0.0
992 0.0
993 0.0
994 0.0
995 0.0
996 0.0
997 0.0
998 0.0
999 0.0
1000 0.0
1001 0.0
1002 0.0
1003 0.0
1004 9.6
1005 5.32
1006 8.48
1007 4.08
1008 13.24
1009 7.4
1010 12.08
1011 7.12
1012 5.12
1013 4.0
1014 2.4
1015 9.64
1016 7.36
1017 6.08
1018 4.24
1019 5.0
1020 5.92
1021 4.92
1022 6.64
1023 6.88
1024 5.52
1025 0.88
1026 7.12
1027 7.16
1028 6.72
1029 2.56
1030 4.92
1031 4.6
1032 1.2
1033 5.64
1034 5.04
1035 3.36
1036 4.16
1037 4.6
1038 10.96
1039 9.92
1040 10.2
1041 8.4
1042 7.08
1043 9.72
1044 5.12
1045 12.0
1046 15.96
1047 14.92
1048 9.8
1049 24.04
1050 12.6
1051 12.8
1052 8.44
1053 10.64
1054 9.52
1055 7.56
1056 10.88
1057 8.72
1058 8.8
1059 8.16
1060 8.24
1061 6.64
1062 7.52
1063 5.96
1064 6.08
1065 0.0
1066 3.92
1067 6.36
1068 1.88
1069 1.6
1070 5.08
1071 0.0
1072 4.96
1073 3.84
1074 2.4
1075 6.64
1076 6.76
1077 8.0
1078 8.68
1079 9.76
1080 11.8
1081 18.2
1082 21.32
1083 19.96
1084 11.36
1085 32.8
1086 34.12
1087 20.16
1088 10.32
1089 29.48
1090 32.76
1091 7.48
1092 14.44
1093 30.68
1094 27.04
1095 15.8
1096 3.76
1097 5.48
1098 9.68
1099 7.68
1100 7.2
1101 3.24
1102 7.84
1103 2.8
1104 9.84
1105 0.0
1106 9.36
1107 3.76
1108 5.24
1109 2.4
1110 0.0
1111 5.84
1112 1.76
1113 8.64
1114 2.64
1115 2.6
1116 5.4
1117 6.68
1118 5.84
1119 2.08
1120 8.04
1121 3.2
1122 5.36
1123 9.52
1124 10.92
1125 3.0
1126 1.4
1127 8.8
1128 6.6
1129 1.0
1130 3.08
1131 4.6
1132 5.0
1133 5.76
1134 5.0
1135 4.0
1136 5.08
1137 3.32
1138 4.16
1139 6.52
1140 6.0
1141 8.16
1142 4.56
1143 3.8
1144 2.4
1145 12.16
1146 6.24
1147 8.12
1148 0.0
1149 13.28
1150 0.0
1151 8.76
1152 3.8
1153 4.84
1154 3.68
1155 0.0
1156 0.0
1157 19.72
1158 0.0
1159 9.96
1160 5.24
1161 4.52
1162 3.0
1163 4.48
1164 2.4
1165 3.6
1166 3.68
1167 4.0
1168 2.24
1169 3.92
1170 2.24
1171 16.04
1172 16.56
1173 10.8
1174 13.28
1175 20.12
1176 22.08
1177 17.96
1178 13.72
1179 14.84
1180 7.08
1181 12.08
1182 9.2
1183 8.16
1184 4.96
1185 4.96
1186 10.56
1187 10.56
1188 10.24
1189 10.04
1190 13.64
1191 16.16
1192 18.88
1193 22.84
1194 21.88
1195 22.92
1196 21.48
1197 5.84
1198 25.0
1199 26.44
1200 25.12
1201 26.32
1202 20.08
1203 14.0
1204 13.92
1205 22.76
1206 30.36
1207 13.28
1208 15.8
1209 18.6
1210 8.08
1211 30.2
1212 9.0
1213 14.76
1214 13.6
1215 0.0
1216 15.36
1217 6.32
1218 6.08
1219 3.12
1220 6.48
1221 5.52
1222 2.48
1223 3.6
1224 7.92
1225 6.6
1226 6.36
1227 7.6
1228 6.2
1229 8.32
1230 2.6
1231 4.84
1232 6.92
1233 7.6
1234 2.88
1235 0.0
1236 4.36
1237 0.96
1238 4.12
1239 0.32
1240 4.32
1241 0.0
1242 4.0
1243 5.6
1244 6.68
1245 7.84
1246 5.48
1247 5.32
1248 7.32
1249 9.8
1250 8.2
1251 4.68
1252 4.48
1253 3.6
1254 6.84
1255 4.16
1256 3.48
1257 3.32
1258 2.92
1259 3.24
1260 2.84
1261 1.32
1262 3.92
1263 6.36
1264 5.56
1265 1.12
1266 3.28
1267 3.36
1268 3.28
1269 3.76
1270 3.28
1271 1.36
1272 0.72
1273 1.64
1274 2.52
1275 0.08
1276 2.16
1277 1.68
1278 3.08
1279 3.48
1280 3.08
1281 3.76
1282 0.56
1283 1.76
1284 1.88
1285 1.84
1286 1.4
1287 2.92
1288 2.6
1289 1.76
1290 0.84
1291 4.16
1292 5.88
1293 8.92
1294 7.28
1295 6.0
1296 8.92
1297 5.08
1298 6.68
1299 4.32
1300 6.4
1301 0.84
1302 6.64
1303 4.28
1304 1.56
1305 3.44
1306 2.64
1307 1.64
1308 2.72
1309 4.28
1310 4.92
1311 3.24
1312 1.48
1313 3.32
1314 2.84
1315 0.6
1316 1.76
1317 3.6
1318 2.16
1319 3.8
1320 3.44
1321 4.44
1322 1.92
1323 1.64
1324 1.84
1325 2.92
1326 2.4
1327 1.92
1328 4.84
1329 3.6
1330 3.16
1331 2.0
1332 2.4
1333 3.52
1334 3.64
1335 4.2
1336 3.84
1337 5.8
1338 8.4
1339 6.2
1340 5.0
1341 3.64
1342 5.6
1343 2.96
1344 4.28
1345 2.48
1346 2.56
1347 2.0
1348 0.92
1349 2.32
1350 3.0
1351 1.76
1352 2.0
1353 1.48
1354 3.4
1355 2.4
1356 0.04
1357 3.08
1358 3.64
1359 4.4
1360 2.92
1361 2.2
1362 2.64
1363 1.6
1364 3.24
1365 2.6
1366 1.0
1367 1.0
1368 1.6
1369 0.4
1370 0.68
1371 1.92
1372 3.24
1373 2.0
1374 4.24
1375 2.32
1376 0.0
1377 0.04
1378 2.04
1379 4.44
1380 2.64
1381 4.64
1382 2.04
1383 3.32
1384 3.16
1385 0.16
1386 2.6
1387 2.48
1388 3.08
1389 1.68
1390 3.16
1391 0.0
1392 0.04
1393 0.64
1394 4.08
1395 3.0
1396 2.32
1397 4.6
1398 3.68
1399 0.68
1400 3.84
1401 6.92
1402 5.24
1403 1.08
1404 2.0
1405 2.72
1406 2.96
1407 1.96
1408 5.2
1409 5.12
1410 1.04
1411 3.0
1412 1.52
1413 1.12
1414 2.8
1415 3.24
1416 2.48
1417 2.68
1418 0.92
