0 61.2
1 66.0
2 65.6
3 57.6
4 58.4
5 28.8
6 45.6
7 36.08
8 47.6
9 49.2
10 59.6
11 62.0
12 67.2
13 60.0
14 51.2
15 33.36
16 31.36
17 52.8
18 44.4
19 55.2
20 40.8
21 21.96
22 41.6
23 33.32
24 40.4
25 41.6
26 43.6
27 50.4
28 57.2
29 60.8
30 48.0
31 8.44
32 7.36
33 19.28
34 15.8
35 25.36
36 26.6
37 17.0
38 19.36
39 12.12
40 0.0
41 12.08
42 2.64
43 22.2
44 25.96
45 31.96
46 6.2
47 10.24
48 1.36
49 0.0
50 32.68
51 52.4
52 26.24
53 18.68
54 25.2
55 36.04
56 44.0
57 59.2
58 54.0
59 34.16
60 34.44
61 26.88
62 17.08
63 17.76
64 24.68
65 44.4
66 52.8
67 53.2
68 54.8
69 32.56
70 43.2
71 43.6
72 52.8
73 38.44
74 35.36
75 50.0
76 30.92
77 73.2
78 55.2
79 52.4
80 28.96
81 56.8
82 66.0
83 56.8
84 63.2
85 63.6
86 60.0
87 57.6
88 64.4
89 64.8
90 60.4
91 59.2
92 36.72
93 66.8
94 57.2
95 36.44
96 52.8
97 66.4
98 50.0
99 50.4
100 70.8
101 66.4
102 67.6
103 64.0
104 67.6
105 67.2
106 66.0
107 66.0
108 66.8
109 65.6
110 61.6
111 59.2
112 66.4
113 68.0
114 66.0
115 54.8
116 66.4
117 67.2
118 64.8
119 53.2
120 60.0
121 56.4
122 66.4
123 66.4
124 65.6
125 66.8
126 66.4
127 66.8
128 65.6
129 64.8
130 67.6
131 67.6
132 67.2
133 65.2
134 65.2
135 58.8
136 65.2
137 68.0
138 66.4
139 68.0
140 25.36
141 92.0
142 67.6
143 66.0
144 52.0
145 66.8
146 66.0
147 63.6
148 65.2
149 68.8
150 66.8
151 66.0
152 68.0
153 56.4
154 64.0
155 70.4
156 37.64
157 79.2
158 44.0
159 30.88
160 48.8
161 52.0
162 56.4
163 56.8
164 56.8
165 41.6
166 55.2
167 47.6
168 51.2
169 58.4
170 47.6
171 40.8
172 31.68
173 36.32
174 28.28
175 37.84
176 56.0
177 39.76
178 62.4
179 55.6
180 50.8
181 49.6
182 57.2
183 56.4
184 53.6
185 50.4
186 53.6
187 53.6
188 57.2
189 50.8
190 44.4
191 56.8
192 33.76
193 39.32
194 42.4
195 48.4
196 46.0
197 64.8
198 65.2
199 66.8
200 61.6
201 64.4
202 64.0
203 65.2
204 63.2
205 64.0
206 61.2
207 38.6
208 72.8
209 62.4
210 63.6
211 65.6
212 40.8
213 80.0
214 60.4
215 57.6
216 64.0
217 65.2
218 60.8
219 65.6
220 64.4
221 65.2
222 66.4
223 66.8
224 41.6
225 80.0
226 65.2
227 63.2
228 63.2
229 59.2
230 63.6
231 39.36
232 74.4
233 63.6
234 65.6
235 54.0
236 63.2
237 44.8
238 75.2
239 61.2
240 56.8
241 61.6
242 65.2
243 66.8
244 64.0
245 66.8
246 63.2
247 68.0
248 67.6
249 34.92
250 0.0
251 23.52
252 39.24
253 38.84
254 41.6
255 45.2
256 42.0
257 33.84
258 33.92
259 42.4
260 43.2
261 35.88
262 32.04
263 24.2
264 20.56
265 27.72
266 29.96
267 25.2
268 20.96
269 21.92
270 13.44
271 16.52
272 16.36
273 11.84
274 8.76
275 7.68
276 15.28
277 16.92
278 23.8
279 27.04
280 33.76
281 21.04
282 24.0
283 27.04
284 10.64
285 21.4
286 12.8
287 13.32
288 11.48
289 16.32
290 19.92
291 11.68
292 5.68
293 14.8
294 5.36
295 6.88
296 3.52
297 4.72
298 6.96
299 5.2
300 10.28
301 9.48
302 9.2
303 12.08
304 14.8
305 15.88
306 9.88
307 15.64
308 11.2
309 13.28
310 13.32
311 12.44
312 20.4
313 20.72
314 18.72
315 8.64
316 8.76
317 11.92
318 9.16
319 13.96
320 8.72
321 12.24
322 11.28
323 11.8
324 17.92
325 15.44
326 18.56
327 17.76
328 15.56
329 16.6
330 14.36
331 14.32
332 22.64
333 44.4
334 40.8
335 26.12
336 41.2
337 44.4
338 37.44
339 37.68
340 43.6
341 26.36
342 22.04
343 22.2
344 29.04
345 25.88
346 14.2
347 28.24
348 27.2
349 23.68
350 23.24
351 12.64
352 5.84
353 35.0
354 28.44
355 35.88
356 9.16
357 0.8
358 0.0
359 28.8
360 30.28
361 31.52
362 29.32
363 17.4
364 15.2
365 17.08
366 30.64
367 37.68
368 35.16
369 33.04
370 26.0
371 31.24
372 22.16
373 25.76
374 31.4
375 24.36
376 20.0
377 15.04
378 16.28
379 7.64
380 0.08
381 38.92
382 15.76
383 16.36
384 16.76
385 17.64
386 17.84
387 16.76
388 16.8
389 15.36
390 16.68
391 19.64
392 19.68
393 18.6
394 19.12
395 18.28
396 19.96
397 21.48
398 19.08
399 20.92
400 21.12
401 22.0
402 23.72
403 18.96
404 27.68
405 24.16
406 22.24
407 23.84
408 24.96
409 15.6
410 20.36
411 20.0
412 19.28
413 18.4
414 19.44
415 19.4
416 19.16
417 18.32
418 19.44
419 12.32
420 23.4
421 18.72
422 17.44
423 18.48
424 20.84
425 19.4
426 22.4
427 23.96
428 21.12
429 24.04
430 23.48
431 53.2
432 66.4
433 58.8
434 56.4
435 70.8
436 67.2
437 66.4
438 56.8
439 58.8
440 61.6
441 63.2
442 62.0
443 65.6
444 63.2
445 46.8
446 66.4
447 60.0
448 54.4
449 56.0
450 59.2
451 57.2
452 57.2
453 47.2
454 51.2
455 51.2
456 51.2
457 50.4
458 54.8
459 46.4
460 52.4
461 49.2
462 53.6
463 42.8
464 44.0
465 46.0
466 32.0
467 43.6
468 41.6
469 35.96
470 44.0
471 39.88
472 41.2
473 46.4
474 38.56
475 34.92
476 29.72
477 42.0
478 44.0
479 44.8
480 35.48
481 35.32
482 49.6
483 59.6
484 55.6
485 52.4
486 41.2
487 46.4
488 46.0
489 44.8
490 42.8
491 44.0
492 45.6
493 54.4
494 56.8
495 50.8
496 50.8
497 42.8
498 44.8
499 42.8
500 45.6
501 47.2
502 42.0
503 42.0
504 41.6
505 38.52
506 31.44
507 36.0
508 21.64
509 40.8
510 31.8
511 32.6
512 40.4
513 37.48
514 36.76
515 37.0
516 42.8
517 45.2
518 35.84
519 36.76
520 65.6
521 65.6
522 45.2
523 67.2
524 53.2
525 59.2
526 57.2
527 60.8
528 63.2
529 56.0
530 64.8
531 61.2
532 66.0
533 62.8
534 62.8
535 62.8
536 52.4
537 62.8
538 63.2
539 61.6
540 52.4
541 64.8
542 64.8
543 64.4
544 42.8
545 68.4
546 60.0
547 68.8
548 65.6
549 64.8
550 67.2
551 67.2
552 67.2
553 65.2
554 68.4
555 67.6
556 68.8
557 67.2
558 67.6
559 67.2
560 42.8
561 79.2
562 68.4
563 67.6
564 44.0
565 81.6
566 68.8
567 67.6
568 70.8
569 66.0
570 47.6
571 3.32
572 6.76
573 33.08
574 16.44
575 32.36
576 48.4
577 48.8
578 52.8
579 65.2
580 57.6
581 40.0
582 38.52
583 38.64
584 60.4
585 65.6
586 65.6
587 63.6
588 66.4
589 68.8
590 46.8
591 29.12
592 19.36
593 28.76
594 23.08
595 44.4
596 34.96
597 27.36
598 27.56
599 30.72
600 37.68
601 34.36
602 36.56
603 38.12
604 53.6
605 42.8
606 21.24
607 69.6
608 68.8
609 69.2
610 67.6
611 36.92
612 3.32
613 54.4
614 55.6
615 68.4
616 44.8
617 51.2
618 57.6
619 55.2
620 40.4
621 35.56
622 20.68
623 2.48
624 4.72
625 31.28
626 15.24
627 38.16
628 50.8
629 48.8
630 49.2
631 48.4
632 7.36
633 32.6
634 40.0
635 48.0
636 44.8
637 42.4
638 42.0
639 51.6
640 51.6
641 50.8
642 51.2
643 49.2
644 7.0
645 0.04
646 43.2
647 20.36
648 9.72
649 21.68
650 24.4
651 24.4
652 20.64
653 19.68
654 21.72
655 19.8
656 18.92
657 11.56
658 6.96
659 4.36
660 1.44
661 32.12
662 38.92
663 39.28
664 38.96
665 33.16
666 27.28
667 43.2
668 28.68
669 18.64
670 17.0
671 0.28
672 0.04
673 13.56
674 6.48
675 11.16
676 5.6
677 3.16
678 6.92
679 30.2
680 5.72
681 10.12
682 4.16
683 0.04
684 0.0
685 26.6
686 53.6
687 47.2
688 33.28
689 37.64
690 43.2
691 46.0
692 50.8
693 42.8
694 60.0
695 46.8
696 25.56
697 46.0
698 47.6
699 37.8
700 5.88
701 0.0
702 62.4
703 64.8
704 65.2
705 39.68
706 83.6
707 68.0
708 66.4
709 46.8
710 77.2
711 65.6
712 66.8
713 67.6
714 40.8
715 64.0
716 64.4
717 64.8
718 69.2
719 69.6
720 65.2
721 65.6
722 70.8
723 70.8
724 61.2
725 62.8
726 68.4
727 67.2
728 62.8
729 18.92
730 3.28
731 70.4
732 70.4
733 61.2
734 65.6
735 69.2
736 70.0
737 34.6
738 38.4
739 40.4
740 65.6
741 68.4
742 61.6
743 62.0
744 60.8
745 63.6
746 42.0
747 78.8
748 66.8
749 68.8
750 56.4
751 70.0
752 67.6
753 70.8
754 68.4
755 68.0
756 72.8
757 70.8
758 68.8
759 74.8
760 61.6
761 70.8
762 47.6
763 64.0
764 51.6
765 58.8
766 38.56
767 48.4
768 68.8
769 67.6
770 69.2
771 58.4
772 61.6
773 71.6
774 65.2
775 68.4
776 64.8
777 59.6
778 67.2
779 67.2
780 62.8
781 63.6
782 64.4
783 69.2
784 66.8
785 67.6
786 66.4
787 67.2
788 67.2
789 68.8
790 59.2
791 58.8
792 65.6
793 57.6
794 70.4
795 62.8
796 11.24
797 44.8
798 62.4
799 68.0
800 54.4
801 62.8
802 65.6
803 65.2
804 62.4
805 60.0
806 60.0
807 63.6
808 62.4
809 59.6
810 67.6
811 61.6
812 67.2
813 59.2
814 67.2
815 59.2
816 64.4
817 69.2
818 65.2
819 66.4
820 62.4
821 45.6
822 66.8
823 67.2
824 68.8
825 61.6
826 67.2
827 68.8
828 67.2
829 66.4
830 62.8
831 67.2
832 61.6
833 19.8
834 0.04
835 0.12
836 82.4
837 61.6
838 58.0
839 61.6
840 50.8
841 54.0
842 66.4
843 38.68
844 44.0
845 19.4
846 42.4
847 46.4
848 43.6
849 25.68
850 27.0
851 24.4
852 5.4
853 9.2
854 31.36
855 22.04
856 10.2
857 10.68
858 0.08
859 14.12
860 3.12
861 6.96
862 7.12
863 9.56
864 11.8
865 9.24
866 9.0
867 4.24
868 23.52
869 19.84
870 17.68
871 5.92
872 0.0
873 13.16
874 30.92
875 36.28
876 36.6
877 36.12
878 36.92
879 42.0
880 45.6
881 55.6
882 63.2
883 62.4
884 66.8
885 67.2
886 70.0
887 65.2
888 58.0
889 68.0
890 68.0
891 68.8
892 44.8
893 78.4
894 65.2
895 66.0
896 65.2
897 61.6
898 66.4
899 67.6
900 66.0
901 66.8
902 66.4
903 67.2
904 66.4
905 46.0
906 75.2
907 66.4
908 68.0
909 67.2
910 53.6
911 77.2
912 68.8
913 69.2
914 66.4
915 66.8
916 68.0
917 66.8
918 69.2
919 66.4
920 68.0
921 67.2
922 67.6
923 72.4
924 58.4
925 70.0
926 67.6
927 67.6
928 64.4
929 63.6
930 64.8
931 65.2
932 59.6
933 56.0
934 31.12
935 41.6
936 53.2
937 43.6
938 54.4
939 56.0
940 64.0
941 56.8
942 64.0
943 58.4
944 68.4
945 70.0
946 66.4
947 68.4
948 68.0
949 67.2
950 46.0
951 46.0
952 46.8
953 44.0
954 28.2
955 55.6
956 72.4
957 68.8
958 42.8
959 28.6
960 49.6
961 42.8
962 80.0
963 48.4
964 77.2
965 69.2
966 70.0
967 69.6
968 68.0
969 64.4
970 66.4
971 46.0
972 46.8
973 49.6
974 48.4
975 47.2
976 45.6
977 45.6
978 39.12
979 49.2
980 42.0
981 36.88
982 43.2
983 42.8
984 34.76
985 35.12
986 42.8
987 49.6
988 47.2
989 46.8
990 43.6
991 45.6
992 43.2
993 43.6
994 44.8
995 45.6
996 45.6
997 45.2
998 42.4
999 34.92
1000 38.04
1001 44.4
1002 40.8
1003 44.4
1004 45.2
1005 44.0
1006 40.8
1007 43.6
1008 39.0
1009 48.8
1010 43.6
1011 44.4
1012 42.8
1013 42.4
1014 39.4
1015 37.48
1016 40.8
1017 37.76
1018 29.8
1019 40.8
1020 42.4
1021 42.8
1022 30.76
1023 44.4
1024 46.0
1025 44.8
1026 43.6
1027 38.16
1028 40.4
1029 42.4
1030 44.8
1031 38.16
1032 36.32
1033 29.68
1034 33.96
1035 40.4
1036 39.68
1037 38.4
1038 41.2
1039 37.6
1040 27.24
1041 50.4
1042 42.8
1043 44.0
1044 39.8
1045 38.24
1046 37.88
1047 38.4
1048 38.84
1049 37.96
1050 44.4
1051 43.2
1052 42.8
1053 40.8
1054 44.4
1055 29.28
1056 52.0
1057 40.8
1058 34.44
1059 38.16
1060 35.04
1061 22.8
1062 20.16
1063 28.8
1064 38.24
1065 21.68
1066 31.96
1067 29.52
1068 24.36
1069 31.44
1070 40.8
1071 50.8
1072 50.4
1073 52.4
1074 49.6
1075 49.6
1076 51.6
1077 48.4
1078 53.2
1079 51.2
1080 54.8
1081 51.2
1082 38.44
1083 40.0
1084 44.0
1085 44.8
1086 50.4
1087 46.4
1088 46.8
1089 32.04
1090 56.4
1091 45.2
1092 42.4
1093 45.6
1094 48.8
1095 51.6
1096 48.0
1097 44.0
1098 46.4
1099 31.96
1100 39.0
1101 35.44
1102 43.2
1103 41.2
1104 39.36
1105 45.6
1106 50.4
1107 50.4
1108 50.8
1109 49.6
1110 47.2
1111 50.4
1112 32.8
1113 38.8
1114 41.2
1115 49.2
1116 45.2
1117 51.2
1118 45.2
1119 41.2
1120 46.8
1121 50.0
1122 49.2
1123 42.8
1124 36.88
1125 39.68
1126 47.6
1127 43.2
1128 41.6
1129 36.08
1130 34.68
1131 35.72
1132 28.96
1133 42.8
1134 18.24
1135 44.0
1136 57.6
1137 74.4
1138 66.8
1139 75.2
1140 72.4
1141 78.0
1142 82.4
1143 76.8
1144 62.4
1145 64.8
1146 60.4
1147 61.6
1148 58.0
1149 40.4
1150 52.4
1151 43.6
1152 46.0
1153 47.6
1154 68.4
1155 74.8
1156 68.4
1157 66.4
1158 64.4
1159 65.6
1160 28.24
1161 71.2
1162 70.8
1163 64.8
1164 77.2
1165 77.2
1166 54.0
1167 54.0
1168 53.2
1169 53.6
1170 51.2
1171 48.4
1172 46.4
1173 44.4
1174 24.12
1175 40.8
1176 30.76
1177 28.44
1178 31.0
1179 40.0
1180 32.2
1181 25.64
1182 38.28
1183 18.92
1184 24.24
1185 39.24
1186 46.4
1187 28.84
1188 16.0
1189 44.0
1190 54.0
1191 61.6
1192 61.2
1193 56.8
1194 46.4
1195 56.8
1196 52.0
1197 57.2
1198 64.4
1199 62.8
1200 60.0
1201 41.6
1202 50.4
1203 56.4
1204 61.2
1205 51.6
1206 49.2
1207 32.84
1208 25.6
1209 44.4
1210 39.16
1211 47.2
1212 42.0
1213 44.4
1214 48.0
1215 49.6
1216 49.2
1217 48.8
1218 45.6
1219 33.76
1220 45.6
1221 50.0
1222 48.8
1223 49.6
1224 47.2
1225 40.4
1226 40.8
1227 43.2
1228 48.8
1229 47.6
1230 46.0
1231 48.8
1232 48.0
1233 47.6
1234 41.2
1235 42.8
1236 47.6
1237 49.6
1238 42.8
1239 41.2
1240 37.6
1241 43.6
1242 44.8
1243 46.0
1244 45.2
1245 44.8
1246 44.4
1247 46.4
1248 44.4
1249 42.4
1250 36.88
1251 42.8
1252 44.0
1253 47.2
1254 46.0
1255 46.0
1256 43.2
1257 42.4
1258 36.08
1259 32.68
1260 23.32
1261 17.72
1262 16.92
1263 19.08
1264 15.88
1265 20.04
1266 16.56
1267 36.68
1268 44.4
1269 47.6
1270 44.8
1271 31.84
1272 28.64
1273 44.4
1274 48.8
1275 44.4
1276 41.6
1277 41.6
1278 41.2
1279 24.8
1280 39.92
1281 15.24
1282 9.36
1283 14.08
1284 13.96
1285 14.8
1286 9.0
1287 7.12
1288 4.16
1289 3.48
1290 6.16
1291 11.0
1292 10.56
1293 13.0
1294 25.2
1295 28.6
1296 28.0
1297 27.04
1298 27.08
1299 22.0
1300 21.84
1301 12.36
1302 17.6
1303 20.0
1304 11.76
1305 8.8
1306 34.72
1307 34.8
1308 23.44
1309 25.16
1310 62.0
1311 60.0
1312 13.4
1313 0.48
1314 0.0
1315 56.8
1316 66.4
1317 59.2
1318 43.6
1319 42.0
1320 39.56
1321 55.2
1322 77.2
1323 63.6
1324 56.0
1325 60.4
1326 57.6
1327 68.4
1328 72.8
1329 81.6
1330 80.8
1331 73.2
1332 34.88
1333 63.6
1334 80.8
1335 47.2
1336 85.2
1337 85.6
1338 86.0
1339 75.2
1340 82.8
1341 81.2
1342 78.8
1343 88.4
1344 80.0
1345 89.2
1346 93.6
1347 83.6
1348 90.8
1349 92.0
1350 88.8
1351 86.8
1352 91.6
1353 88.8
1354 90.8
1355 85.6
1356 90.8
1357 79.2
1358 78.4
1359 84.4
1360 39.04
1361 92.8
1362 93.2
1363 72.0
1364 84.4
1365 91.2
1366 83.2
1367 90.0
1368 90.4
1369 90.8
1370 91.6
1371 81.6
1372 90.0
1373 73.6
1374 40.8
1375 45.6
1376 4.32
1377 70.4
1378 42.4
1379 46.8
1380 24.04
1381 21.84
1382 30.84
1383 53.2
1384 44.0
1385 37.84
1386 52.4
1387 3.28
1388 2.28
1389 29.28
1390 48.0
1391 42.8
1392 58.0
1393 77.6
1394 53.6
1395 37.08
1396 50.0
1397 55.6
1398 77.6
1399 22.84
1400 0.0
1401 0.0
1402 0.0
1403 37.96
1404 19.52
1405 33.96
1406 39.4
1407 34.12
1408 35.44
1409 26.04
1410 36.84
1411 42.4
1412 40.0
1413 46.4
1414 46.8
1415 42.4
1416 37.08
1417 25.08
1418 27.36
1419 23.44
1420 29.36
1421 14.6
1422 1.04
1423 0.0
1424 0.0
1425 0.0
1426 0.0
1427 0.0
1428 0.0
1429 0.0
1430 0.0
1431 1.08
1432 4.96
1433 9.84
1434 18.68
1435 20.16
1436 11.2
1437 22.6
1438 15.68
1439 9.52
1440 3.32
1441 5.08
1442 6.76
1443 5.24
1444 0.92
1445 0.0
1446 6.8
1447 29.72
1448 35.08
1449 33.4
1450 33.64
1451 33.04
1452 20.4
1453 15.64
1454 20.2
1455 31.04
1456 21.48
1457 17.56
1458 23.76
1459 18.52
1460 19.4
1461 22.48
1462 22.2
1463 14.76
1464 8.0
1465 42.8
1466 40.4
1467 51.6
1468 54.4
1469 48.8
1470 0.92
1471 24.76
1472 21.92
1473 16.0
1474 12.36
1475 17.68
1476 18.48
1477 19.0
1478 20.44
1479 17.04
1480 18.04
1481 20.44
1482 9.56
1483 19.64
1484 13.76
1485 17.64
1486 17.68
1487 18.56
1488 19.08
1489 16.16
1490 20.04
1491 22.24
1492 10.68
1493 13.72
1494 19.28
1495 21.44
1496 17.04
1497 20.32
1498 15.04
1499 12.96
1500 14.2
1501 8.88
1502 17.72
1503 26.36
1504 23.8
1505 23.88
1506 23.76
1507 17.48
1508 16.28
1509 10.96
1510 18.16
1511 16.56
1512 10.12
1513 27.64
1514 20.4
1515 18.16
1516 20.24
1517 23.64
1518 18.88
1519 25.52
1520 25.32
1521 17.6
1522 24.6
1523 25.36
1524 19.16
1525 21.4
1526 29.6
1527 25.32
1528 24.88
1529 30.12
1530 33.32
1531 31.6
1532 33.04
1533 32.08
1534 31.6
1535 30.96
1536 27.32
1537 13.0
1538 20.08
1539 21.92
1540 19.2
1541 48.8
1542 50.8
1543 51.2
1544 48.4
1545 52.4
1546 51.6
1547 39.12
1548 36.64
1549 35.36
1550 42.8
1551 26.8
1552 20.24
1553 23.36
1554 23.92
1555 22.08
1556 21.16
1557 20.88
1558 23.6
1559 18.64
1560 22.8
1561 12.72
1562 6.8
1563 19.68
1564 18.52
1565 5.92
1566 10.8
1567 14.92
1568 12.08
1569 19.84
1570 16.88
1571 17.64
1572 14.6
1573 12.48
1574 19.16
1575 22.08
1576 25.2
1577 15.72
1578 15.92
1579 13.16
1580 6.56
1581 7.2
1582 11.2
1583 8.32
1584 12.92
1585 19.44
1586 19.04
1587 20.2
1588 22.08
1589 21.08
1590 21.24
1591 21.12
1592 20.88
1593 22.48
1594 27.08
1595 25.76
1596 20.2
1597 15.88
1598 11.76
1599 18.32
1600 16.52
1601 7.92
1602 4.24
1603 14.2
1604 15.92
1605 14.72
1606 18.32
1607 20.56
1608 13.84
1609 11.64
1610 12.96
1611 18.28
1612 20.84
1613 24.28
1614 24.64
1615 17.52
1616 20.36
1617 29.0
1618 39.12
1619 34.84
1620 20.92
1621 33.56
1622 36.4
1623 33.92
1624 38.44
1625 37.48
1626 34.24
1627 35.84
1628 36.92
1629 35.36
1630 32.44
1631 34.36
1632 26.88
1633 55.2
1634 70.8
1635 70.4
1636 80.4
1637 20.64
1638 15.8
1639 16.68
1640 15.68
1641 17.12
1642 16.28
1643 16.04
1644 17.12
1645 14.16
1646 13.96
1647 14.88
1648 15.36
1649 15.4
1650 16.36
1651 15.88
1652 15.36
1653 16.6
1654 15.76
1655 18.68
1656 19.84
1657 18.36
1658 17.6
1659 19.16
1660 21.64
1661 18.52
1662 19.56
1663 19.68
1664 17.76
1665 18.24
1666 18.8
1667 14.6
1668 19.16
1669 16.16
1670 16.32
1671 16.04
1672 17.32
1673 15.8
1674 13.8
1675 15.64
1676 15.12
1677 16.0
1678 11.92
1679 16.36
1680 12.72
1681 13.68
1682 13.2
1683 9.96
1684 11.0
1685 18.8
1686 15.96
1687 19.32
1688 12.12
1689 2.08
1690 39.8
1691 42.4
1692 47.2
1693 44.4
1694 30.4
1695 39.48
1696 42.4
1697 44.4
1698 40.8
1699 46.8
1700 43.6
1701 53.2
1702 46.4
1703 27.24
1704 34.2
1705 23.04
1706 61.6
1707 52.0
1708 59.2
1709 53.2
1710 66.4
1711 73.2
1712 50.0
1713 48.0
1714 19.12
1715 46.8
1716 52.4
1717 51.2
1718 26.24
1719 25.52
1720 36.04
1721 27.72
1722 56.8
1723 54.0
1724 49.2
1725 48.4
1726 50.8
1727 53.2
1728 33.6
1729 23.84
1730 37.36
1731 37.68
1732 39.2
1733 29.96
1734 35.76
1735 36.28
1736 36.16
1737 35.28
1738 37.6
1739 34.08
1740 32.32
1741 32.16
1742 21.12
1743 16.44
1744 14.32
1745 29.72
1746 24.48
1747 27.0
1748 26.4
1749 26.16
1750 28.6
1751 25.4
1752 30.36
1753 28.8
1754 18.36
1755 13.72
1756 16.2
1757 21.96
1758 15.96
1759 25.12
1760 29.96
1761 40.8
1762 39.64
1763 30.64
1764 19.8
1765 24.32
1766 21.2
1767 31.44
1768 29.84
1769 7.6
1770 10.68
1771 16.84
1772 0.0
1773 16.68
1774 24.84
1775 11.24
1776 8.56
1777 13.24
1778 14.04
1779 9.44
1780 11.96
1781 16.12
1782 29.44
1783 25.08
1784 25.84
1785 30.08
1786 19.0
1787 17.84
1788 23.64
1789 26.4
1790 25.72
1791 21.84
1792 31.96
1793 32.8
1794 36.08
1795 0.0
1796 48.8
1797 30.08
1798 1.92
1799 43.6
1800 28.04
1801 36.8
1802 36.52
1803 14.96
1804 8.16
1805 15.72
1806 19.0
1807 85.2
1808 92.4
1809 94.4
1810 88.0
1811 95.2
1812 78.8
1813 48.8
1814 79.2
1815 96.4
1816 96.4
1817 91.2
1818 90.8
1819 92.4
1820 94.4
1821 83.6
1822 79.6
1823 73.2
1824 64.4
1825 60.8
1826 67.6
1827 90.4
1828 87.2
1829 54.8
1830 51.2
1831 55.2
1832 93.2
1833 89.2
1834 94.8
1835 92.8
1836 95.6
1837 95.6
1838 95.6
1839 93.6
1840 89.6
1841 94.8
1842 96.0
1843 96.0
1844 94.4
1845 94.4
1846 96.4
1847 93.2
1848 92.0
1849 95.6
1850 92.0
1851 92.4
1852 93.6
1853 95.6
1854 92.4
1855 89.6
1856 76.8
1857 103.6
1858 91.2
1859 87.6
1860 84.8
1861 64.0
1862 78.4
1863 74.0
1864 75.6
1865 74.4
1866 72.8
1867 64.8
1868 69.6
1869 57.2
1870 70.8
1871 80.0
1872 76.4
1873 75.2
1874 78.0
1875 72.4
1876 48.0
1877 75.2
1878 94.0
1879 95.2
1880 53.6
1881 15.44
1882 13.44
1883 34.68
1884 10.84
1885 28.04
1886 28.24
1887 22.16
1888 31.96
1889 39.12
1890 34.8
1891 22.36
1892 26.08
1893 1.76
1894 14.72
1895 29.24
1896 34.44
1897 50.0
1898 40.4
1899 49.2
1900 60.8
1901 50.0
1902 31.04
1903 55.6
1904 60.8
1905 58.4
1906 46.8
1907 55.2
1908 59.6
1909 61.2
1910 55.6
1911 62.8
1912 67.6
1913 59.6
1914 57.6
1915 58.0
1916 55.6
1917 54.0
1918 58.4
1919 54.4
1920 58.0
1921 58.0
1922 60.8
1923 60.0
1924 55.6
1925 60.8
1926 62.8
1927 61.2
1928 58.4
1929 63.6
1930 67.2
1931 52.8
1932 44.4
1933 49.6
1934 47.6
1935 47.6
1936 45.2
1937 42.0
1938 46.0
1939 42.8
1940 42.8
1941 42.8
1942 44.4
1943 48.4
1944 51.2
1945 26.72
1946 42.0
1947 33.96
1948 29.32
1949 40.8
1950 34.72
1951 33.28
1952 33.76
1953 34.96
1954 37.04
1955 38.96
1956 40.8
1957 41.2
1958 42.8
1959 32.64
1960 36.08
1961 49.2
1962 39.16
1963 16.6
1964 2.68
1965 35.6
1966 37.92
1967 37.44
1968 35.08
1969 34.92
1970 38.08
1971 43.6
1972 42.4
1973 53.6
1974 54.0
1975 58.4
1976 62.8
1977 63.6
1978 52.0
1979 66.8
1980 73.6
1981 70.8
1982 63.6
1983 56.4
1984 60.4
1985 58.8
1986 47.6
1987 50.8
1988 64.8
1989 60.4
1990 61.6
1991 74.0
1992 53.2
1993 39.36
1994 44.0
1995 68.8
1996 63.6
1997 64.8
1998 61.6
1999 65.2
2000 58.4
2001 55.2
2002 76.0
2003 78.8
2004 68.0
2005 81.6
2006 79.2
2007 90.0
2008 79.6
2009 55.2
2010 20.64
2011 38.8
2012 8.0
2013 13.92
2014 12.48
2015 13.08
2016 11.76
2017 10.44
2018 10.8
2019 12.08
2020 14.24
2021 16.68
2022 13.84
2023 19.32
2024 16.92
2025 18.84
2026 24.4
2027 20.4
2028 26.16
2029 24.2
2030 31.12
2031 26.84
2032 34.8
2033 32.28
2034 34.44
2035 31.72
2036 39.04
2037 21.0
2038 6.84
2039 61.2
2040 18.32
2041 2.72
2042 53.6
2043 26.64
2044 21.4
2045 20.84
2046 40.8
2047 14.88
2048 23.0
2049 17.28
2050 18.04
2051 38.16
2052 31.6
2053 10.84
2054 12.44
2055 12.64
2056 48.0
2057 27.36
2058 47.6
2059 22.8
2060 13.92
2061 9.68
2062 9.0
2063 54.8
2064 84.8
2065 78.4
2066 77.2
2067 78.8
2068 72.8
2069 78.0
2070 80.0
2071 85.2
2072 88.0
2073 89.6
2074 90.0
2075 92.0
2076 91.2
2077 82.8
2078 78.0
2079 72.4
2080 91.6
2081 94.8
2082 96.0
2083 95.6
2084 95.2
2085 86.0
2086 90.8
2087 94.8
2088 87.2
2089 92.8
2090 93.2
2091 88.4
2092 88.4
2093 97.2
2094 92.8
2095 96.0
2096 92.4
2097 96.0
2098 90.4
2099 66.8
2100 110.0
2101 89.2
2102 94.4
2103 90.8
2104 93.6
2105 88.8
2106 90.0
2107 93.6
2108 93.2
2109 88.8
2110 78.4
2111 63.6
2112 87.2
2113 88.0
2114 92.8
2115 63.6
2116 103.6
2117 90.4
2118 82.0
2119 84.0
2120 87.6
2121 86.8
2122 88.0
2123 94.8
2124 94.4
2125 92.0
2126 92.4
2127 90.0
2128 88.8
2129 95.2
2130 94.4
2131 97.6
2132 93.2
2133 96.4
2134 93.6
2135 83.6
2136 88.4
2137 93.2
2138 94.4
2139 93.2
2140 95.6
2141 98.0
2142 95.6
2143 94.4
2144 90.8
2145 96.4
2146 94.0
2147 86.8
2148 48.8
2149 50.4
2150 45.2
2151 42.8
2152 59.2
2153 26.76
2154 17.6
2155 29.4
2156 26.92
2157 29.2
2158 27.64
2159 29.36
2160 25.04
2161 47.6
2162 48.8
2163 29.32
2164 28.52
2165 24.48
2166 29.2
2167 29.96
2168 30.16
2169 26.8
2170 27.48
2171 26.04
2172 25.08
2173 30.92
2174 31.96
2175 26.88
2176 25.04
2177 30.36
2178 31.96
2179 17.8
2180 5.08
2181 24.4
2182 31.6
2183 22.24
2184 24.8
2185 29.32
2186 24.4
2187 30.88
2188 34.68
2189 35.44
2190 31.68
2191 34.04
2192 34.92
2193 28.84
2194 44.4
2195 27.52
2196 33.32
2197 33.76
2198 39.32
2199 29.08
2200 4.92
2201 24.04
2202 15.44
2203 30.4
2204 24.64
2205 23.72
2206 31.28
2207 44.0
2208 42.8
2209 40.8
2210 39.68
2211 33.24
2212 25.48
2213 26.2
2214 30.24
2215 31.32
2216 26.28
2217 29.6
2218 32.2
2219 41.6
2220 48.0
2221 46.8
2222 48.8
2223 41.2
2224 44.0
2225 40.0
2226 32.48
2227 25.36
2228 7.32
2229 0.04
2230 7.68
2231 0.0
2232 6.88
2233 9.64
2234 13.04
2235 16.84
2236 21.16
2237 24.8
2238 27.32
2239 40.8
2240 39.76
2241 40.8
2242 48.4
2243 64.4
2244 70.8
2245 73.2
2246 73.6
2247 80.0
2248 83.2
2249 77.2
2250 70.0
2251 62.0
2252 61.2
2253 48.4
2254 44.8
2255 46.8
2256 64.4
2257 72.0
2258 62.8
2259 69.2
2260 61.2
2261 68.0
2262 72.4
2263 67.6
2264 64.8
2265 64.0
2266 53.2
2267 41.2
2268 53.2
2269 72.0
2270 70.4
2271 67.2
2272 67.2
2273 64.8
2274 67.2
2275 73.6
2276 72.8
2277 68.4
2278 46.4
2279 31.48
2280 49.2
2281 63.2
2282 64.4
2283 48.8
2284 1.4
2285 19.96
2286 18.6
2287 17.04
2288 37.2
2289 53.2
2290 46.0
2291 47.2
2292 56.0
2293 75.2
2294 31.12
2295 25.32
2296 52.4
2297 64.0
2298 80.8
2299 67.6
2300 53.2
2301 64.8
2302 81.6
2303 82.8
2304 74.8
2305 62.4
2306 94.0
2307 90.4
2308 64.4
2309 69.2
2310 50.8
2311 52.8
2312 62.0
2313 94.4
2314 92.0
2315 91.6
2316 88.8
2317 91.2
2318 86.4
2319 90.8
2320 88.0
2321 97.6
2322 90.0
2323 89.6
2324 94.4
2325 82.0
2326 66.8
2327 46.4
2328 34.04
2329 24.32
2330 25.28
2331 32.04
2332 26.36
2333 24.04
2334 44.8
2335 56.8
2336 60.0
2337 57.6
2338 57.2
2339 54.8
2340 54.4
2341 57.2
2342 65.2
2343 56.4
2344 40.4
2345 26.76
2346 25.12
2347 19.44
2348 2.48
2349 2.68
2350 13.88
2351 13.24
2352 18.28
2353 23.44
2354 56.8
2355 58.4
2356 27.56
2357 25.12
2358 47.2
2359 48.0
2360 46.8
2361 60.4
2362 48.8
2363 62.4
2364 60.0
2365 63.2
2366 49.6
2367 62.4
2368 61.6
2369 49.2
2370 30.56
2371 34.16
2372 49.6
2373 23.28
2374 10.84
2375 45.2
2376 68.0
2377 68.4
2378 68.0
2379 67.2
2380 52.4
2381 61.6
2382 56.0
2383 56.8
2384 65.2
2385 63.6
2386 57.6
2387 67.2
2388 63.6
2389 63.6
2390 72.8
2391 82.8
2392 72.8
2393 74.8
2394 76.0
2395 79.2
2396 81.6
2397 84.0
2398 84.0
2399 94.4
2400 93.6
2401 84.4
2402 69.2
2403 59.2
2404 82.8
2405 77.2
2406 79.6
2407 69.6
2408 80.4
2409 77.6
2410 52.0
2411 80.8
2412 92.0
2413 83.2
2414 82.4
2415 82.4
2416 67.6
2417 46.8
2418 71.2
2419 41.6
2420 0.04
2421 52.4
2422 50.4
2423 56.8
2424 51.2
2425 52.8
2426 43.2
2427 42.8
2428 0.0
2429 0.0
2430 27.04
2431 38.08
2432 30.68
2433 39.08
2434 28.92
2435 23.44
2436 19.44
2437 19.36
2438 12.92
2439 7.68
2440 44.0
2441 95.6
2442 90.4
2443 92.0
2444 95.2
2445 77.2
2446 29.0
2447 49.6
2448 48.4
2449 49.6
2450 46.8
2451 31.24
2452 7.64
2453 62.0
2454 97.6
2455 76.0
2456 76.8
2457 98.4
2458 77.6
2459 92.8
2460 97.6
2461 88.8
2462 90.0
2463 82.0
2464 93.2
2465 84.0
2466 96.8
2467 93.6
2468 95.2
2469 93.6
2470 93.6
2471 88.8
2472 84.4
2473 100.8
2474 94.4
2475 86.4
2476 93.2
2477 96.0
2478 93.2
2479 96.4
2480 92.0
2481 93.2
2482 80.8
2483 84.0
2484 43.2
2485 61.6
2486 60.8
2487 54.4
2488 56.8
2489 60.8
2490 52.8
2491 50.0
2492 80.0
2493 96.8
2494 92.8
2495 92.0
2496 76.4
2497 84.4
2498 86.8
2499 88.4
2500 92.0
2501 94.4
2502 94.0
2503 92.8
2504 82.8
2505 92.8
2506 80.4
2507 84.8
2508 87.2
2509 94.0
2510 85.6
2511 84.4
2512 91.2
2513 92.0
2514 91.6
2515 90.8
2516 84.0
2517 95.2
2518 90.8
2519 91.6
2520 89.6
2521 81.2
2522 93.2
2523 87.6
2524 85.2
2525 92.4
2526 80.4
2527 88.0
2528 84.4
2529 83.6
2530 86.4
2531 82.8
2532 91.2
2533 79.6
2534 87.6
2535 85.2
2536 78.8
2537 88.0
2538 79.6
2539 72.8
2540 74.0
2541 23.52
2542 46.8
2543 46.4
2544 23.76
2545 7.6
2546 59.2
2547 15.12
2548 0.84
2549 27.24
2550 18.16
2551 16.04
2552 25.92
2553 24.56
2554 24.64
2555 24.72
2556 13.8
2557 6.4
2558 7.24
2559 17.08
2560 13.24
2561 35.52
2562 39.36
2563 24.92
2564 9.16
2565 0.24
2566 0.0
2567 16.48
2568 76.4
2569 83.2
2570 86.4
2571 87.2
2572 86.8
2573 83.6
2574 88.0
2575 85.6
2576 89.2
2577 91.2
2578 89.2
2579 90.0
2580 78.0
2581 77.6
2582 92.8
2583 92.4
2584 85.6
2585 86.0
2586 78.0
2587 94.0
2588 94.0
2589 85.6
2590 88.0
2591 89.6
2592 90.4
2593 82.0
2594 96.8
2595 87.6
2596 87.2
2597 87.6
2598 84.8
2599 83.6
2600 77.6
2601 78.8
2602 80.8
2603 79.6
2604 74.8
2605 76.0
2606 62.0
2607 36.12
2608 56.4
2609 44.8
2610 49.2
2611 56.4
2612 50.4
2613 58.0
2614 54.4
2615 44.8
2616 49.6
2617 64.8
2618 75.2
2619 72.8
2620 77.2
2621 56.4
2622 39.36
2623 53.6
2624 48.0
2625 19.12
2626 47.6
2627 59.6
2628 29.4
2629 89.2
2630 92.0
2631 94.4
2632 98.8
2633 93.6
2634 94.0
2635 94.0
2636 94.8
2637 95.2
2638 93.6
2639 92.0
2640 86.0
2641 91.6
2642 87.2
2643 76.8
2644 88.4
2645 92.8
2646 90.0
2647 94.0
2648 97.2
2649 90.0
2650 88.0
2651 94.4
2652 95.2
2653 84.8
2654 78.0
2655 100.0
2656 93.2
2657 92.4
2658 92.4
2659 90.0
2660 93.6
2661 92.8
2662 92.0
2663 93.2
2664 88.8
2665 85.6
2666 93.2
2667 90.0
2668 89.6
2669 91.6
2670 90.0
2671 93.6
2672 84.4
2673 95.2
2674 92.0
2675 96.4
2676 91.6
2677 88.4
2678 93.6
2679 90.0
2680 92.4
2681 82.4
2682 98.0
2683 91.2
2684 92.8
2685 78.8
2686 92.0
2687 91.6
2688 91.2
2689 69.6
2690 82.0
2691 96.0
2692 92.0
2693 95.2
2694 86.8
2695 73.2
2696 89.2
2697 93.2
2698 65.6
2699 88.0
2700 85.6
2701 65.2
2702 78.0
2703 70.8
2704 62.0
2705 60.0
2706 63.2
2707 61.2
2708 58.4
2709 33.92
2710 32.32
2711 46.4
2712 49.2
2713 43.2
2714 28.08
2715 28.72
2716 12.76
2717 10.12
2718 38.44
2719 14.96
2720 14.12
2721 26.6
2722 25.24
2723 16.88
2724 17.8
2725 12.6
2726 14.68
2727 26.92
2728 17.2
2729 15.16
2730 31.44
2731 20.08
2732 45.6
2733 23.32
2734 16.8
2735 21.12
2736 28.96
2737 21.6
2738 15.16
2739 17.8
2740 39.36
2741 48.0
2742 39.68
2743 51.2
2744 52.0
2745 38.16
2746 36.72
2747 20.56
2748 20.88
2749 24.12
2750 31.12
2751 25.64
2752 37.88
2753 37.24
2754 53.2
2755 38.16
2756 25.96
2757 0.6
2758 56.4
2759 36.12
2760 46.8
2761 41.6
2762 46.4
2763 18.4
2764 26.6
2765 32.8
2766 37.2
2767 42.4
2768 14.16
2769 27.28
2770 17.16
2771 17.04
2772 19.32
2773 18.76
2774 18.24
2775 12.84
2776 21.6
2777 21.8
2778 22.04
2779 22.08
2780 23.44
2781 33.24
2782 34.88
2783 52.0
2784 37.28
2785 45.2
2786 0.16
2787 54.4
2788 17.36
2789 22.36
2790 33.84
2791 48.8
2792 2.24
2793 42.8
2794 38.8
2795 32.8
2796 27.96
2797 33.64
2798 37.96
2799 43.2
2800 30.68
2801 32.52
2802 54.8
2803 21.76
2804 15.2
2805 27.64
2806 39.84
2807 88.4
2808 83.6
2809 73.2
2810 85.6
2811 81.6
2812 80.8
2813 76.0
2814 82.0
2815 72.4
2816 32.56
2817 54.0
2818 74.0
2819 70.4
2820 65.2
2821 65.6
2822 75.2
2823 58.8
2824 65.6
2825 66.8
2826 70.4
2827 59.6
2828 44.0
2829 60.4
2830 61.6
2831 61.2
2832 75.2
2833 73.2
2834 72.8
2835 72.4
2836 72.0
2837 78.0
2838 79.2
2839 90.4
2840 83.6
2841 82.4
2842 81.6
2843 80.0
2844 92.8
2845 80.8
2846 79.6
2847 86.4
2848 82.0
2849 81.6
2850 81.6
2851 76.4
2852 80.4
2853 82.4
2854 90.0
2855 81.2
2856 80.8
2857 88.4
2858 81.6
2859 72.4
2860 77.6
2861 86.4
2862 94.4
2863 79.6
2864 83.6
2865 88.8
2866 86.8
2867 83.6
2868 88.4
2869 64.8
2870 77.2
2871 80.4
2872 70.4
2873 54.0
2874 61.6
2875 64.4
2876 65.6
2877 54.4
2878 52.8
2879 41.6
2880 74.0
2881 54.4
2882 68.0
2883 30.32
2884 30.48
2885 55.6
2886 66.8
2887 64.8
2888 42.0
2889 25.6
2890 57.6
2891 76.4
2892 66.0
2893 75.2
2894 44.8
2895 42.4
2896 28.36
2897 19.68
2898 34.68
2899 95.2
2900 94.4
2901 17.04
2902 0.0
2903 34.44
2904 24.4
2905 16.88
2906 17.08
2907 27.72
2908 35.68
2909 40.0
2910 27.2
2911 16.8
2912 27.44
2913 34.92
2914 33.32
2915 31.24
2916 35.8
2917 26.2
2918 25.96
2919 33.36
2920 21.56
2921 48.8
2922 52.0
2923 48.4
2924 22.32
2925 33.2
2926 35.68
2927 44.4
2928 23.68
2929 28.16
2930 45.2
2931 45.2
2932 38.04
2933 19.92
2934 31.88
2935 44.8
2936 45.6
2937 41.2
2938 38.2
2939 33.16
2940 31.84
2941 37.8
2942 38.92
2943 44.4
2944 26.2
2945 23.24
2946 40.4
2947 38.32
2948 43.6
2949 44.4
2950 42.4
2951 41.6
2952 38.28
2953 37.76
2954 35.08
2955 47.6
2956 47.6
2957 11.0
2958 46.0
2959 43.6
2960 44.8
2961 27.28
2962 31.96
2963 42.4
2964 37.2
2965 34.48
2966 20.04
2967 21.16
2968 42.4
2969 41.6
2970 46.8
2971 43.6
2972 41.6
2973 29.8
2974 52.0
2975 42.4
2976 49.6
2977 57.6
2978 50.8
2979 56.4
2980 44.4
2981 41.6
2982 36.16
2983 31.44
2984 40.4
2985 34.0
2986 33.2
2987 27.72
2988 17.8
2989 28.12
2990 40.8
2991 7.92
2992 34.88
2993 31.48
2994 36.8
2995 40.4
2996 28.2
2997 54.0
2998 47.6
2999 23.08
3000 12.68
