0 3.8
1 7.32
2 0.08
3 1.08
4 0.36
5 25.44
6 2.76
7 16.88
8 8.92
9 10.0
10 9.88
11 4.84
12 8.32
13 9.72
14 7.8
15 7.84
16 1.08
17 13.56
18 8.04
19 0.84
20 6.72
21 1.96
22 4.52
23 4.6
24 42.4
25 35.44
26 34.04
27 35.52
28 38.08
29 34.28
30 31.44
31 36.36
32 28.84
33 30.72
34 35.0
35 32.72
36 10.2
37 30.4
38 29.64
39 30.76
40 34.4
41 30.72
42 30.32
43 26.76
44 12.8
45 0.68
46 0.0
47 1.12
48 3.68
49 3.36
50 3.12
51 1.64
52 4.72
53 12.04
54 12.88
55 13.84
56 7.88
57 6.16
58 6.16
59 6.48
60 6.64
61 1.88
62 9.16
63 7.36
64 8.8
65 9.68
66 8.0
67 7.84
68 7.64
69 3.88
70 7.64
71 6.32
72 5.64
73 1.24
74 7.2
75 8.16
76 2.84
77 5.88
78 2.52
79 7.08
80 4.12
81 2.88
82 6.04
83 6.08
84 8.8
85 8.44
86 7.8
87 6.76
88 6.64
89 6.48
90 0.76
91 8.32
92 6.36
93 6.84
94 6.76
95 6.2
96 7.68
97 5.88
98 5.56
99 5.4
100 4.64
101 8.36
102 11.04
103 10.52
104 11.52
105 13.12
106 11.52
107 7.24
108 7.52
109 6.12
110 6.68
111 7.28
112 6.68
113 7.0
114 6.16
115 4.92
116 9.8
117 9.44
118 10.96
119 7.88
120 10.56
121 10.24
122 9.6
123 10.24
124 10.36
125 9.28
126 9.08
127 7.0
128 4.04
129 12.72
130 5.96
131 10.8
132 12.24
133 14.48
134 16.52
135 15.16
136 13.24
137 9.48
138 9.6
139 2.96
140 5.24
141 3.68
142 4.0
143 4.92
144 1.52
145 9.4
146 5.76
147 2.08
148 6.92
149 1.2
150 0.68
151 0.68
152 6.92
153 10.24
154 4.0
155 0.0
156 0.48
157 6.24
158 5.84
159 7.48
160 5.6
161 8.64
162 5.8
163 2.08
164 5.32
165 0.08
166 0.44
167 0.32
168 0.48
169 0.48
170 0.6
171 0.52
172 13.24
173 18.36
174 14.92
175 13.88
176 6.6
177 9.16
178 16.96
179 15.52
180 14.88
181 13.12
182 13.4
183 12.16
184 13.16
185 5.52
186 0.0
187 10.76
188 3.52
189 0.64
190 7.12
191 3.96
192 7.68
193 4.76
194 8.64
195 6.92
196 4.52
197 3.08
198 6.6
199 8.24
200 1.88
201 8.76
202 9.84
203 8.76
204 2.44
205 13.68
206 2.4
207 5.32
208 7.4
209 6.56
210 8.48
211 9.44
212 12.32
213 10.64
214 11.08
215 7.2
216 9.84
217 9.32
218 11.36
219 6.72
220 15.96
221 2.24
222 5.2
223 13.12
224 11.4
225 10.44
226 9.0
227 10.28
228 10.12
229 11.24
230 6.08
231 4.76
232 4.0
233 0.0
234 1.0
235 1.72
236 0.84
237 3.96
238 3.16
239 4.12
240 8.4
241 4.2
242 0.56
243 0.52
244 1.4
245 4.56
246 4.2
247 5.84
248 11.28
249 5.04
250 1.16
251 12.24
252 2.76
253 0.0
254 0.36
255 0.52
256 0.52
257 0.52
258 8.56
259 28.0
260 33.12
261 27.72
262 31.36
263 33.72
264 31.76
265 32.84
266 37.8
267 38.84
268 41.2
269 35.4
270 40.4
271 36.8
272 43.6
273 38.84
274 38.88
275 37.32
276 31.16
277 47.6
278 34.64
279 0.0
280 51.6
281 27.32
282 51.6
283 32.96
284 53.6
285 37.84
286 32.24
287 35.44
288 32.68
289 35.6
290 37.24
291 32.24
292 28.68
293 42.8
294 35.56
295 35.2
296 39.88
297 14.08
298 60.8
299 42.8
300 33.52
301 35.04
302 34.76
303 32.2
304 31.92
305 45.2
306 37.12
307 24.6
308 15.6
309 15.12
310 26.84
311 22.76
312 30.52
313 20.48
314 23.84
315 25.64
316 24.64
317 10.88
318 0.0
319 31.2
320 22.6
321 18.28
322 15.16
323 16.24
324 17.0
325 20.32
326 26.16
327 27.84
328 26.16
329 25.08
330 25.28
331 0.0
332 0.0
333 0.0
334 0.0
335 3.76
336 12.32
337 0.28
338 2.84
339 0.0
340 1.12
341 26.12
342 17.88
343 13.32
344 24.76
345 21.36
346 30.04
347 28.64
348 28.12
349 27.2
350 24.0
351 23.28
352 20.12
353 25.72
354 24.2
355 22.8
356 30.0
357 34.2
358 31.84
359 33.36
360 28.32
361 24.84
362 21.68
363 29.56
364 24.0
365 26.44
366 17.72
367 15.0
368 24.04
369 24.08
370 29.96
371 44.0
372 27.04
373 22.32
374 44.4
375 28.44
376 31.2
377 25.84
378 28.72
379 17.44
380 24.56
381 0.0
382 35.92
383 0.0
384 42.4
385 3.68
386 0.36
387 0.48
388 0.56
389 0.44
390 0.52
391 0.56
392 0.52
393 0.52
394 0.52
395 0.48
396 0.52
397 0.36
398 0.56
399 0.32
400 0.52
401 0.52
402 0.52
403 0.52
404 0.52
405 0.52
406 0.44
407 0.0
408 1.16
409 40.4
410 34.8
411 30.36
412 33.12
413 29.52
414 25.28
415 22.32
416 32.24
417 23.0
418 29.52
419 3.8
420 25.48
421 31.28
422 22.2
423 15.12
424 22.28
425 12.64
426 0.28
427 2.6
428 20.44
429 23.36
430 6.6
431 26.36
432 14.2
433 2.04
434 28.04
435 16.96
436 0.56
437 38.6
438 33.4
439 31.08
440 30.44
441 23.52
442 17.2
443 2.48
444 1.96
445 5.68
446 8.12
447 21.0
448 28.92
449 30.36
450 42.8
451 44.4
452 38.48
453 20.0
454 5.84
455 5.8
456 9.36
457 12.12
458 14.92
459 12.84
460 9.56
461 7.2
462 5.76
463 9.8
464 13.72
465 21.92
466 14.56
467 13.96
468 20.76
469 18.0
470 27.88
471 14.96
472 12.64
473 5.72
474 9.56
475 6.72
476 8.64
477 1.08
478 1.4
479 0.28
480 0.04
481 5.96
482 6.96
483 4.56
484 4.76
485 0.72
486 5.76
487 8.24
488 17.08
489 19.12
490 14.12
491 0.64
492 0.04
493 0.2
494 0.16
495 0.2
496 0.2
497 0.24
498 0.16
499 0.2
500 0.2
501 0.2
502 0.16
503 0.2
504 0.8
505 3.76
506 1.2
507 1.0
508 3.96
509 2.72
510 0.28
511 2.36
512 2.48
513 2.8
514 3.12
515 1.52
516 3.36
517 4.96
518 2.72
519 3.44
520 2.36
521 2.6
522 2.44
523 0.36
524 3.36
525 0.4
526 3.12
527 2.08
528 2.64
529 2.12
530 0.8
531 3.6
532 2.48
533 1.12
534 0.52
535 3.48
536 6.72
537 3.8
538 6.64
539 11.0
540 9.04
541 6.4
542 8.64
543 10.6
544 8.92
545 6.24
546 5.92
547 9.52
548 15.24
549 12.32
550 3.36
551 15.84
552 12.32
553 12.64
554 10.16
555 10.36
556 16.4
557 10.76
558 7.6
559 4.36
560 7.52
561 7.68
562 9.36
563 14.24
564 13.68
565 15.96
566 20.32
567 13.48
568 11.44
569 14.96
570 11.04
571 19.04
572 10.92
573 17.92
574 20.12
575 19.08
576 22.92
577 21.76
578 16.68
579 11.52
580 3.08
581 7.68
582 0.0
583 9.8
584 11.84
585 10.28
586 12.4
587 16.0
588 17.56
589 15.84
590 13.2
591 15.84
592 15.2
593 6.44
594 9.0
595 8.4
596 8.52
597 2.92
598 6.88
599 2.76
600 11.68
601 8.28
602 13.08
603 12.04
604 8.2
605 8.48
606 12.36
607 11.6
608 11.8
609 11.48
610 5.76
611 5.88
612 6.32
613 6.76
614 5.2
615 0.16
616 1.52
617 0.56
618 0.0
619 0.0
620 2.12
621 2.92
622 4.0
623 2.4
624 0.56
625 3.48
626 1.28
627 1.12
628 1.96
629 2.72
630 0.56
631 1.04
632 1.52
633 0.12
634 0.04
635 0.08
636 0.04
637 1.24
638 2.76
639 1.28
640 1.88
641 1.64
642 1.6
643 2.68
644 2.92
645 0.76
646 1.32
647 2.36
648 2.36
649 3.64
650 2.4
651 1.68
652 1.4
653 0.48
654 3.0
655 2.44
656 1.76
657 0.76
658 2.52
659 0.04
660 0.04
661 0.16
662 0.16
663 0.08
664 0.04
665 0.0
666 0.0
667 0.0
668 0.0
669 0.0
670 0.0
671 0.0
672 0.0
673 0.08
674 0.0
675 0.0
676 0.04
677 0.0
678 0.16
679 0.2
680 0.08
681 0.0
682 0.0
683 0.0
684 0.0
685 0.32
686 0.56
687 1.64
688 0.88
689 2.64
690 0.52
691 0.0
692 0.0
693 0.0
694 0.0
695 0.0
696 0.0
697 0.0
698 0.0
699 0.0
700 0.0
701 0.0
702 0.0
703 0.08
704 1.84
705 1.6
706 1.8
707 1.6
708 1.04
709 1.88
710 2.12
711 3.48
712 2.48
713 2.4
714 1.28
715 4.84
716 3.96
717 6.0
718 4.8
719 5.0
720 1.56
721 4.12
722 4.6
723 4.84
724 0.84
725 2.88
726 2.32
727 0.68
728 5.44
729 4.4
730 2.64
731 1.2
732 1.28
733 3.8
734 1.8
735 0.8
736 3.68
737 2.16
738 2.88
739 2.48
740 2.52
741 0.24
742 6.16
743 11.24
744 12.8
745 14.88
746 12.12
747 13.2
748 11.56
749 9.68
750 11.52
751 9.68
752 8.48
753 5.52
754 7.64
755 8.04
756 9.56
757 4.32
758 11.32
759 9.36
760 4.96
761 11.16
762 8.12
763 9.0
764 10.04
765 11.52
766 10.12
767 8.4
768 2.36
769 13.04
770 8.08
771 8.32
772 12.04
773 12.8
774 14.6
775 13.6
776 11.76
777 8.76
778 10.2
779 9.0
780 9.12
781 11.24
782 14.0
783 13.12
784 11.68
785 10.92
786 12.32
787 12.56
788 11.36
789 10.52
790 10.2
791 3.24
792 0.0
793 11.0
794 19.36
795 12.12
796 12.16
797 11.68
798 12.12
799 15.52
800 14.48
801 13.64
802 10.84
803 8.88
804 1.12
805 12.0
806 6.08
807 8.08
808 4.8
809 0.64
810 2.48
811 0.08
812 3.08
813 0.96
814 0.8
815 0.24
816 0.08
817 0.44
818 0.44
819 1.04
820 1.12
821 1.2
822 2.4
823 2.08
824 3.92
825 7.96
826 4.4
827 11.04
828 22.28
829 40.8
830 34.2
831 40.0
832 44.0
833 48.4
834 45.6
835 44.4
836 46.0
837 45.6
838 15.6
839 52.4
840 15.28
841 0.0
842 33.16
843 20.04
844 28.36
845 39.4
846 42.4
847 45.6
848 42.8
849 26.04
850 40.4
851 23.2
852 18.0
853 23.84
854 28.36
855 21.2
856 19.92
857 43.6
858 31.04
859 34.2
860 48.4
861 42.8
862 21.88
863 0.2
864 0.4
865 1.2
866 28.8
867 42.8
868 46.4
869 50.0
870 46.8
871 44.0
872 49.6
873 48.0
874 46.0
875 44.8
876 43.6
877 38.92
878 25.16
879 0.12
880 0.2
881 0.24
882 0.2
883 0.2
884 25.72
885 46.8
886 46.4
887 46.8
888 48.0
889 48.0
890 24.96
891 66.0
892 47.2
893 47.2
894 46.4
895 52.4
896 45.6
897 21.72
898 44.4
899 44.4
900 40.0
901 47.2
902 49.6
903 49.6
904 46.0
905 23.52
906 62.0
907 50.0
908 40.8
909 46.4
910 37.92
911 48.0
912 51.2
913 52.0
914 45.2
915 52.4
916 46.4
917 44.8
918 42.0
919 37.36
920 38.28
921 37.28
922 36.52
923 14.76
924 36.64
925 40.8
926 43.6
927 41.2
928 46.0
929 48.8
930 42.8
931 27.6
932 53.6
933 48.0
934 49.6
935 45.2
936 40.8
937 47.6
938 17.92
939 27.12
940 51.2
941 52.8
942 47.2
943 54.0
944 52.0
945 47.6
946 47.6
947 45.6
948 44.8
949 50.4
950 47.6
951 43.6
952 13.0
953 0.36
954 0.36
955 22.12
956 40.8
957 35.56
958 27.6
959 21.64
960 19.36
961 19.28
962 14.0
963 13.08
964 11.44
965 5.28
966 0.0
967 0.0
968 5.48
969 0.0
970 0.24
971 5.44
972 0.08
973 9.24
974 4.52
975 5.6
976 5.84
977 6.88
978 4.2
979 5.0
980 5.2
981 5.68
982 8.12
983 6.4
984 4.32
985 7.16
986 15.16
987 14.6
988 15.72
989 20.68
990 37.68
991 32.88
992 33.48
993 35.76
994 41.2
995 41.2
996 33.84
997 35.68
998 29.56
999 42.4
1000 31.44
1001 45.6
1002 23.72
1003 27.56
1004 33.36
1005 26.64
1006 41.2
1007 36.72
1008 31.56
1009 35.72
1010 34.24
1011 36.72
1012 34.8
1013 21.68
1014 27.88
1015 22.04
1016 22.64
1017 25.56
1018 31.44
1019 29.12
1020 30.84
1021 31.56
1022 17.52
1023 35.04
1024 20.28
1025 23.36
1026 23.76
1027 27.72
1028 21.52
1029 18.64
1030 26.2
1031 25.84
1032 32.12
1033 32.32
1034 26.72
1035 31.32
1036 28.12
1037 24.24
1038 21.88
1039 5.64
1040 46.8
1041 25.68
1042 29.28
1043 28.28
1044 24.16
1045 24.72
1046 17.04
1047 21.04
1048 22.24
1049 19.12
1050 19.08
1051 16.24
1052 17.4
1053 21.12
1054 8.72
1055 35.32
1056 16.68
1057 16.56
1058 20.0
1059 20.4
1060 21.92
1061 27.92
1062 23.08
1063 25.0
1064 29.32
1065 34.76
1066 34.32
1067 18.6
1068 45.6
1069 22.16
1070 20.08
1071 17.76
1072 13.24
1073 12.92
1074 8.12
1075 29.48
1076 11.96
1077 10.16
1078 13.36
1079 12.32
1080 9.44
1081 11.04
1082 4.84
1083 0.0
1084 0.0
1085 0.0
1086 2.04
1087 1.04
1088 16.84
1089 4.36
1090 3.24
1091 2.4
1092 9.28
1093 9.92
1094 15.8
1095 22.76
1096 21.0
1097 16.48
1098 7.12
1099 0.36
1100 0.36
1101 0.96
1102 8.64
1103 2.16
1104 0.12
1105 0.16
1106 0.2
1107 0.24
1108 0.24
1109 0.28
1110 0.48
1111 9.16
1112 22.88
1113 33.0
1114 39.72
1115 34.0
1116 40.8
1117 36.56
1118 30.16
1119 39.12
1120 36.32
1121 34.88
1122 35.52
1123 35.76
1124 36.0
1125 47.6
1126 60.0
1127 53.6
1128 53.6
1129 52.8
1130 55.6
1131 59.2
1132 59.2
1133 36.84
1134 23.88
1135 46.4
1136 47.2
1137 54.8
1138 52.8
1139 12.72
1140 1.64
1141 47.2
1142 50.8
1143 53.6
1144 32.96
1145 14.32
1146 13.28
1147 13.16
1148 13.52
1149 0.0
1150 37.96
1151 15.64
1152 17.96
1153 12.6
1154 12.56
1155 2.56
1156 22.6
1157 10.8
1158 13.72
1159 10.92
1160 17.92
1161 23.44
1162 37.4
1163 39.88
1164 41.2
1165 38.96
1166 44.8
1167 47.6
1168 52.4
1169 52.8
1170 48.4
1171 48.8
1172 44.0
1173 37.2
1174 35.68
1175 37.28
1176 43.2
1177 11.36
1178 22.6
1179 26.8
1180 42.4
1181 38.88
1182 22.84
1183 0.4
1184 0.96
1185 23.0
1186 38.28
1187 38.08
1188 38.2
1189 35.8
1190 41.2
1191 43.2
1192 41.2
1193 26.04
1194 22.92
1195 36.12
1196 41.2
1197 40.8
1198 44.8
1199 42.4
1200 38.32
1201 39.4
1202 42.8
1203 41.2
1204 40.4
1205 43.2
1206 32.8
1207 0.08
1208 0.24
1209 22.08
1210 33.36
1211 44.0
1212 35.64
1213 29.36
1214 39.24
1215 37.68
1216 38.88
1217 31.36
1218 20.44
1219 0.16
1220 0.2
1221 0.2
1222 0.2
1223 0.2
1224 0.2
1225 0.2
1226 0.2
1227 0.2
1228 0.2
1229 0.2
1230 0.2
1231 0.2
1232 0.2
1233 0.2
1234 0.2
1235 0.2
1236 0.2
1237 0.2
1238 31.52
1239 33.84
1240 31.84
1241 11.96
1242 12.56
1243 28.08
1244 55.2
1245 50.8
1246 35.56
1247 28.36
1248 28.56
1249 28.52
1250 39.08
1251 32.04
1252 29.92
1253 21.76
1254 15.32
1255 11.08
1256 6.4
1257 0.0
1258 14.12
1259 8.56
1260 19.88
1261 14.88
1262 16.4
1263 14.48
1264 14.96
1265 10.32
1266 0.92
1267 0.0
1268 0.0
1269 14.92
1270 0.56
1271 0.2
1272 0.56
1273 1.12
1274 3.32
1275 8.8
1276 7.12
1277 5.68
1278 5.6
1279 8.92
1280 9.36
1281 7.92
1282 10.68
1283 13.68
1284 10.56
1285 13.2
1286 14.76
1287 11.72
1288 20.24
1289 21.48
1290 23.12
1291 29.48
1292 28.0
1293 30.48
1294 25.8
1295 38.28
1296 23.28
1297 20.28
1298 0.28
1299 48.0
1300 31.24
1301 39.72
1302 19.04
1303 45.2
1304 40.8
1305 33.4
1306 37.4
1307 40.8
1308 38.32
1309 40.0
1310 36.92
1311 43.6
1312 34.08
1313 20.16
1314 55.6
1315 39.32
1316 41.2
1317 44.8
1318 38.08
1319 48.4
1320 43.2
1321 37.24
1322 48.8
1323 42.4
1324 49.2
1325 42.4
1326 46.0
1327 7.2
1328 56.4
1329 38.08
1330 38.96
1331 39.8
1332 31.84
1333 32.16
1334 26.0
1335 19.0
1336 14.04
1337 32.2
1338 17.68
1339 14.92
1340 28.04
1341 46.4
1342 44.8
1343 44.4
1344 38.52
1345 46.8
1346 49.6
1347 47.2
1348 39.28
1349 35.04
1350 43.2
1351 43.2
1352 38.72
1353 24.28
1354 17.8
1355 15.6
1356 17.04
1357 14.32
1358 9.88
1359 3.52
1360 0.0
1361 36.88
1362 29.04
1363 27.52
1364 20.4
1365 16.72
1366 15.16
1367 15.44
1368 15.84
1369 17.96
1370 29.6
1371 22.84
1372 23.92
1373 25.48
1374 24.6
1375 19.32
1376 16.68
1377 22.4
1378 23.48
1379 25.44
1380 21.4
1381 19.16
1382 17.44
1383 16.28
1384 16.24
1385 15.48
1386 15.16
1387 17.04
1388 18.6
1389 17.12
1390 18.56
1391 18.28
1392 1.88
1393 39.84
1394 20.64
1395 18.64
1396 17.2
1397 24.44
1398 21.24
1399 19.12
1400 19.12
1401 21.6
1402 20.36
1403 24.76
1404 25.04
1405 21.76
1406 19.36
1407 20.2
1408 12.48
1409 27.88
1410 24.96
1411 26.64
1412 29.4
1413 28.76
1414 35.04
1415 26.6
1416 27.36
1417 35.72
1418 33.6
1419 30.24
1420 29.28
1421 20.48
1422 14.44
1423 13.12
1424 1.84
1425 8.36
1426 27.0
1427 10.48
1428 1.84
1429 12.92
1430 2.88
1431 0.16
1432 9.72
1433 18.08
1434 11.24
1435 3.72
1436 0.4
1437 3.44
1438 0.04
1439 10.32
1440 2.44
1441 1.44
1442 3.16
1443 0.72
1444 1.52
1445 1.32
