0 12.76
1 21.72
2 34.64
3 44.0
4 29.64
5 29.92
6 29.8
7 25.72
8 16.64
9 20.8
10 29.4
11 27.56
12 29.4
13 27.68
14 32.44
15 25.84
16 33.88
17 28.52
18 32.88
19 34.84
20 35.68
21 27.36
22 14.84
23 17.52
24 13.36
25 12.44
26 12.24
27 13.4
28 11.92
29 13.8
30 13.8
31 12.28
32 11.12
33 11.08
34 12.84
35 13.72
36 12.92
37 12.88
38 14.56
39 14.8
40 15.84
41 16.08
42 14.76
43 6.92
44 8.2
45 10.52
46 11.48
47 15.64
48 15.24
49 15.0
50 13.6
51 14.16
52 16.16
53 17.28
54 19.68
55 10.52
56 21.28
57 26.56
58 14.0
59 26.52
60 22.24
61 9.16
62 21.32
63 18.96
64 23.72
65 21.56
66 19.0
67 14.24
68 24.88
69 28.56
70 27.0
71 42.4
72 46.0
73 46.8
74 48.8
75 42.0
76 31.68
77 51.6
78 37.8
79 31.52
80 34.44
81 33.28
82 33.24
83 29.12
84 34.84
85 30.64
86 29.52
87 31.56
88 28.76
89 28.04
90 28.64
91 28.96
92 24.84
93 28.4
94 23.76
95 18.24
96 17.88
97 20.0
98 20.88
99 23.12
100 25.44
101 24.4
102 20.48
103 23.8
104 22.44
105 22.72
106 16.12
107 13.64
108 13.96
109 14.8
110 14.4
111 15.84
112 14.64
113 14.8
114 16.52
115 16.72
116 16.76
117 17.04
118 12.24
119 14.12
120 15.56
121 16.84
122 20.32
123 17.16
124 16.6
125 14.08
126 11.56
127 11.56
128 13.2
129 15.08
130 16.8
131 20.52
132 19.6
133 25.28
134 40.8
135 55.2
136 51.2
137 48.8
138 40.0
139 42.4
140 34.12
141 35.48
142 39.44
143 21.4
144 25.04
145 30.88
146 20.92
147 23.88
148 27.96
149 5.48
150 1.64
151 23.0
152 19.72
153 15.32
154 19.36
155 18.04
156 17.08
157 20.16
158 17.08
159 18.68
160 18.84
161 23.96
162 23.12
163 29.56
164 29.56
165 42.8
166 35.44
167 31.16
168 27.28
169 25.12
170 28.48
171 25.76
172 20.24
173 20.84
174 14.84
175 23.32
176 22.92
177 26.08
178 14.4
179 14.8
180 22.84
181 20.12
182 15.84
183 18.16
184 21.52
185 20.96
186 19.48
187 20.68
188 18.44
189 19.48
190 14.88
191 16.72
192 10.64
193 7.72
194 5.12
195 11.8
196 11.96
197 0.0
198 0.0
199 0.0
200 1.64
201 13.72
202 8.56
203 13.76
204 5.92
205 10.96
206 7.8
207 7.68
208 12.28
209 10.56
210 6.04
211 5.92
212 6.16
213 10.0
214 11.56
215 10.16
216 11.12
217 14.56
218 13.24
219 11.68
220 12.2
221 11.08
222 11.52
223 9.2
224 5.6
225 2.88
226 5.2
227 7.2
228 7.96
229 8.12
230 7.84
231 6.08
232 7.08
233 7.04
234 4.0
235 5.92
236 5.84
237 4.52
238 5.16
239 0.64
240 6.48
241 2.28
242 2.6
243 3.16
244 3.96
245 3.76
246 5.36
247 0.88
248 14.84
249 1.56
250 0.0
251 4.64
252 8.24
253 10.04
254 7.52
255 8.44
256 15.08
257 9.8
258 14.68
259 16.12
260 18.6
261 19.04
262 20.32
263 25.92
264 20.6
265 16.8
266 14.08
267 13.72
268 15.28
269 26.72
270 23.16
271 27.24
272 25.6
273 29.2
274 24.04
275 16.32
276 19.6
277 18.0
278 19.88
279 23.6
280 18.8
281 16.88
282 10.04
283 11.4
284 11.48
285 5.84
286 0.0
287 1.8
288 10.28
289 17.2
290 17.24
291 0.0
292 0.0
293 0.0
294 2.76
295 17.8
296 17.16
297 19.4
298 17.68
299 18.16
300 12.92
301 11.08
302 10.76
303 6.84
304 17.92
305 17.52
306 18.16
307 19.68
308 14.96
309 13.32
310 8.32
311 8.6
312 9.76
313 10.2
314 13.12
315 11.04
316 11.6
317 12.64
318 11.04
319 11.52
320 11.52
321 13.92
322 13.04
323 10.64
324 13.4
325 12.52
326 12.6
327 14.08
328 14.88
329 13.6
330 12.72
331 12.6
332 14.0
333 14.6
334 14.04
335 17.0
336 19.76
337 11.76
338 20.72
339 18.88
340 27.4
341 28.24
342 20.12
343 36.52
344 34.84
345 36.4
346 39.12
347 37.44
348 32.96
349 32.8
350 25.48
351 26.0
352 25.2
353 22.48
354 22.04
355 12.32
356 21.04
357 18.52
358 21.2
359 20.72
360 13.88
361 11.64
362 12.12
363 15.16
364 12.08
365 19.28
366 12.36
367 10.96
368 17.48
369 19.52
370 21.0
371 14.84
372 10.04
373 12.64
374 15.44
375 10.24
376 11.08
377 10.92
378 8.8
379 8.52
380 9.52
381 11.64
382 5.0
383 0.48
384 3.4
385 11.88
386 14.08
387 13.16
388 13.12
389 16.96
390 12.56
391 10.96
392 17.68
393 27.84
394 24.84
395 18.96
396 14.8
397 12.8
398 11.76
399 9.6
400 6.04
401 5.88
402 5.52
403 2.0
404 2.52
405 2.84
406 5.48
407 4.88
408 6.48
409 6.96
410 11.32
411 11.68
412 10.92
413 8.52
414 7.72
415 15.88
416 16.36
417 15.92
418 20.84
419 10.44
420 19.92
421 14.36
422 22.12
423 21.8
424 17.72
425 8.0
426 10.32
427 12.36
428 10.92
429 12.44
430 16.8
431 15.0
432 15.2
433 13.48
434 13.84
435 14.8
436 13.0
437 18.36
438 18.44
439 21.04
440 27.6
441 16.56
442 23.36
443 5.44
444 17.08
445 10.8
446 23.6
447 14.12
448 14.56
449 7.32
450 13.76
451 13.36
452 13.88
453 14.84
454 19.72
455 17.8
456 19.4
457 18.2
458 15.04
459 16.36
460 15.96
461 9.2
462 10.4
463 8.72
464 12.6
465 13.24
466 17.52
467 27.32
468 24.04
469 36.0
470 42.0
471 39.72
472 36.28
473 12.68
474 25.32
475 24.44
476 16.08
477 17.28
478 17.72
479 18.68
480 18.12
481 16.16
482 17.64
483 20.76
484 18.56
485 18.6
486 20.04
487 28.16
488 19.16
489 14.04
490 11.52
491 11.6
492 9.88
493 11.0
494 14.8
495 16.08
496 19.24
497 26.52
498 33.56
499 19.76
500 28.4
501 25.92
502 32.4
503 31.12
504 30.8
505 26.4
506 11.56
507 32.52
508 28.0
509 12.0
510 25.4
511 30.68
512 30.48
513 29.32
514 11.6
515 16.8
516 20.28
517 27.24
518 17.8
519 28.68
520 28.04
521 17.48
522 20.8
523 27.08
524 22.36
525 17.16
526 19.64
527 24.68
528 30.32
529 31.12
530 27.96
531 14.24
532 17.64
533 17.2
534 21.52
535 19.24
536 8.36
537 4.32
538 14.96
539 15.92
540 14.6
541 10.16
542 10.84
543 15.64
544 18.36
545 14.56
546 16.12
547 11.88
548 14.36
549 15.72
550 10.8
551 10.84
552 10.84
553 11.8
554 10.16
555 10.24
556 5.28
557 3.52
558 7.56
559 4.76
560 13.48
561 16.04
562 0.2
563 16.32
564 17.2
565 3.52
566 14.48
567 12.4
568 15.96
569 15.72
570 17.6
571 10.24
572 17.76
573 8.24
574 5.44
575 7.44
576 6.04
577 15.8
578 10.88
579 11.56
580 4.8
581 10.68
582 12.92
583 7.96
584 23.8
585 27.92
586 18.92
587 20.4
588 3.24
589 23.52
590 31.88
591 11.08
592 16.72
593 19.0
594 14.04
595 29.32
596 25.52
597 26.6
598 20.68
599 17.12
600 11.44
601 10.68
602 2.32
603 11.24
604 7.68
605 4.6
606 0.0
607 0.0
608 0.0
609 0.0
610 0.0
611 0.0
612 0.0
613 0.0
614 0.0
615 0.0
616 0.0
617 0.0
618 0.0
619 0.0
620 0.0
621 0.0
622 0.0
623 0.0
624 0.0
625 0.0
626 0.0
627 0.0
628 0.0
629 0.0
630 0.0
631 0.0
632 0.0
633 0.0
634 0.0
635 0.0
636 0.0
637 0.0
638 0.0
639 0.0
640 0.0
641 0.0
642 0.0
643 0.0
644 0.0
645 0.0
646 0.0
647 0.0
648 0.0
649 0.0
650 0.0
651 0.0
652 0.0
653 0.0
654 0.0
655 0.0
656 0.0
657 0.0
658 0.0
659 0.0
660 0.0
661 0.0
662 0.0
663 0.0
664 0.0
665 0.0
666 0.0
667 0.0
668 0.0
669 0.0
670 0.0
671 0.0
672 0.0
673 0.0
674 0.0
675 0.0
676 0.0
677 0.0
678 0.0
679 0.0
680 0.0
681 0.0
682 0.0
683 0.0
684 0.0
685 0.0
686 0.0
687 0.0
688 0.0
689 0.0
690 0.0
691 0.0
692 0.0
693 0.0
694 0.0
695 0.2
696 0.12
697 0.24
698 0.04
699 0.24
700 1.96
701 2.2
702 2.44
703 1.24
704 0.16
705 0.0
706 0.04
707 0.0
708 0.04
709 0.0
710 0.08
711 0.04
712 0.04
713 0.04
714 0.12
715 0.04
716 0.04
717 0.04
718 0.0
719 0.0
720 0.0
721 0.0
722 0.0
723 0.04
724 0.0
725 1.2
726 3.92
727 1.6
728 6.64
729 9.68
730 3.96
731 5.96
732 2.2
733 7.56
734 0.0
735 0.96
736 0.0
737 0.0
738 0.0
739 0.68
740 3.24
741 4.36
742 0.0
743 0.0
744 3.32
745 0.0
746 0.0
747 0.28
748 0.0
749 3.96
750 0.08
751 0.8
752 0.88
753 1.88
754 1.32
755 1.48
756 1.72
757 0.8
758 0.96
759 0.88
760 0.68
761 1.76
762 0.6
763 0.0
764 0.72
765 1.08
766 0.0
767 1.92
768 0.6
769 1.2
770 2.28
771 1.72
772 2.2
773 3.92
774 4.2
775 0.28
776 0.0
777 0.0
778 0.0
779 0.0
780 0.0
781 0.0
782 0.0
783 0.0
784 0.0
785 0.0
786 0.0
787 0.0
788 0.0
789 0.0
790 0.0
791 0.0
792 0.0
793 0.0
794 0.0
795 0.0
796 0.0
797 0.0
798 0.0
799 0.0
800 0.0
801 0.0
802 0.0
803 0.0
804 0.0
805 0.0
806 0.0
807 0.0
808 0.0
809 0.0
810 0.0
811 0.0
812 0.0
813 0.0
814 0.0
815 0.0
816 0.0
817 0.0
818 0.0
819 0.0
820 0.0
821 0.0
822 0.0
823 0.0
824 0.0
825 0.0
826 0.0
827 0.0
828 0.0
829 0.0
830 0.0
831 0.0
832 0.0
833 0.0
834 0.0
835 0.0
836 0.0
837 0.0
838 0.0
839 0.0
840 0.0
841 0.0
842 0.0
843 0.0
844 0.0
845 0.0
846 0.0
847 0.0
848 0.0
849 0.0
850 0.0
851 0.0
852 0.0
853 0.0
854 0.0
855 0.0
856 0.0
857 0.0
858 0.0
859 0.0
860 3.76
861 2.36
862 4.56
863 2.84
864 4.32
865 4.64
866 5.6
867 6.68
868 5.44
869 6.64
870 3.16
871 5.8
872 7.64
873 5.6
874 2.64
875 3.32
876 7.76
877 6.6
878 0.24
879 0.0
880 0.0
881 0.0
882 0.0
883 0.0
884 0.0
885 0.0
886 0.0
887 0.0
888 0.0
889 0.0
890 0.0
891 0.0
892 0.0
893 0.0
894 0.0
895 0.0
896 0.0
897 0.0
898 0.0
899 0.0
900 0.0
901 0.0
902 0.0
903 0.0
904 0.0
905 0.0
906 0.0
907 0.0
908 0.0
909 0.0
910 0.0
911 0.0
912 0.0
913 0.0
914 0.0
915 0.0
916 0.0
917 0.0
918 0.0
919 0.0
920 0.0
921 0.0
922 0.0
923 0.92
924 0.0
925 0.0
926 0.0
927 0.0
928 0.0
929 0.0
930 0.0
931 0.0
932 0.0
933 0.0
934 0.0
935 0.0
936 0.0
937 0.0
938 0.0
939 0.0
940 0.0
941 0.0
942 0.0
943 0.0
944 0.0
945 0.0
946 0.0
947 0.0
948 0.0
949 0.0
950 0.0
951 0.0
952 0.0
953 0.0
954 0.0
955 0.0
956 0.0
957 0.0
958 0.0
959 0.0
960 0.0
961 0.0
962 0.0
963 0.0
964 0.0
965 0.0
966 0.0
967 0.0
968 0.0
969 0.0
970 0.0
971 0.0
972 0.0
973 0.0
974 0.0
975 0.0
976 0.0
977 0.0
978 0.0
979 0.0
980 0.0
981 0.0
982 0.0
983 0.0
984 0.0
985 0.0
986 0.0
987 0.0
988 0.0
989 0.0
990 0.0
991 0.0
992 0.0
993 0.0
994 0.0
995 0.0
996 0.0
997 0.0
998 0.0
999 0.0
1000 0.0
1001 0.0
1002 0.0
1003 0.0
1004 0.0
1005 0.0
1006 0.0
1007 0.0
1008 0.0
1009 0.0
1010 0.0
1011 3.4
1012 4.56
1013 6.84
1014 2.44
1015 5.36
1016 5.12
1017 2.0
1018 2.76
1019 5.72
1020 3.8
1021 0.12
1022 4.04
1023 1.68
1024 1.44
1025 4.36
1026 3.96
1027 1.6
1028 2.28
1029 5.36
1030 3.48
1031 2.4
1032 3.24
1033 2.88
1034 3.64
1035 1.2
1036 0.8
1037 1.96
1038 1.96
1039 1.88
1040 1.52
1041 3.08
1042 2.32
1043 0.88
1044 4.24
1045 6.2
1046 1.4
1047 3.2
1048 5.76
1049 4.08
1050 4.76
1051 5.96
1052 3.4
1053 3.0
1054 5.0
1055 10.92
1056 20.8
1057 22.36
1058 14.04
1059 16.72
1060 27.52
1061 29.92
1062 25.36
1063 13.56
1064 9.4
1065 18.76
1066 20.08
1067 15.96
1068 13.12
1069 14.8
1070 15.52
1071 16.76
1072 17.48
1073 16.08
1074 14.48
1075 13.48
1076 13.72
1077 13.0
1078 4.56
1079 4.84
1080 9.4
1081 2.92
1082 6.12
1083 4.84
1084 5.04
1085 5.6
1086 5.12
1087 11.24
1088 5.72
1089 4.64
1090 9.92
1091 8.88
1092 5.08
1093 2.2
1094 1.6
1095 4.04
1096 7.12
1097 5.72
1098 5.36
1099 4.2
1100 4.84
1101 5.08
1102 3.96
1103 0.64
1104 3.8
1105 1.76
1106 2.12
1107 0.48
1108 0.56
1109 0.0
1110 8.72
1111 7.96
1112 3.92
1113 2.96
1114 5.64
1115 7.4
1116 6.0
1117 7.32
1118 3.56
1119 7.16
1120 11.04
1121 10.24
1122 8.44
1123 8.84
1124 6.56
1125 8.16
1126 9.32
1127 7.56
1128 4.84
1129 4.16
1130 4.96
1131 4.16
1132 4.24
1133 3.4
1134 3.4
1135 3.08
1136 4.48
1137 5.68
1138 4.08
1139 3.96
1140 2.92
1141 5.32
1142 5.84
1143 4.24
1144 4.0
1145 2.44
1146 5.52
1147 4.88
1148 1.72
1149 0.24
1150 1.96
1151 3.44
1152 2.68
1153 2.4
1154 1.88
1155 1.28
1156 2.08
1157 2.76
1158 2.2
1159 1.36
1160 0.04
1161 1.96
1162 2.76
1163 2.52
1164 0.8
1165 2.52
1166 8.36
1167 8.64
1168 5.92
1169 1.8
1170 4.32
1171 5.08
1172 2.76
1173 7.48
1174 8.84
1175 9.8
1176 11.52
1177 12.52
1178 11.72
1179 10.12
1180 8.68
1181 7.8
1182 5.4
1183 13.4
1184 6.6
1185 4.52
1186 6.04
1187 7.88
1188 0.96
1189 1.24
1190 3.16
1191 0.4
1192 3.04
1193 1.04
1194 1.12
1195 3.16
1196 5.56
1197 6.6
1198 8.24
1199 10.0
1200 10.76
1201 14.04
1202 15.4
1203 14.8
1204 18.8
1205 21.04
1206 17.72
1207 3.2
1208 0.0
1209 21.4
1210 22.2
1211 8.24
1212 0.0
1213 2.44
1214 2.48
1215 2.04
1216 4.08
1217 5.48
1218 8.0
1219 11.12
1220 11.56
1221 8.92
1222 6.44
1223 0.0
1224 0.0
1225 0.0
1226 0.0
1227 0.0
1228 0.0
1229 1.44
1230 4.32
1231 1.96
1232 0.0
1233 0.0
1234 0.0
1235 6.72
1236 8.04
1237 2.8
1238 6.36
1239 0.0
1240 2.48
1241 2.8
1242 1.84
1243 0.0
1244 0.28
1245 0.52
1246 0.0
1247 0.04
1248 2.16
1249 4.4
1250 6.6
1251 7.92
1252 9.72
1253 6.16
1254 8.6
1255 11.84
1256 14.28
1257 15.56
1258 14.08
1259 11.68
1260 14.08
1261 13.92
1262 12.68
1263 10.16
1264 13.24
1265 13.84
1266 8.44
1267 1.72
1268 10.12
1269 2.4
1270 5.84
1271 5.96
1272 0.32
1273 2.96
1274 0.04
1275 7.52
1276 3.68
1277 5.56
1278 4.8
1279 3.24
1280 6.44
1281 0.04
1282 6.92
1283 5.32
1284 4.04
1285 2.96
1286 3.4
1287 6.44
1288 1.08
1289 1.96
1290 0.0
1291 3.48
1292 2.8
1293 1.64
1294 2.48
1295 1.52
1296 5.16
1297 2.44
1298 2.96
1299 4.0
1300 2.68
1301 0.32
1302 2.6
1303 4.88
1304 4.44
1305 7.48
1306 5.48
1307 3.32
1308 4.6
1309 4.48
1310 6.4
1311 4.8
1312 3.96
1313 2.36
1314 3.6
1315 8.04
1316 3.36
1317 4.04
1318 0.0
1319 1.32
1320 0.0
1321 0.0
1322 0.0
1323 5.16
1324 1.56
1325 3.4
1326 5.16
1327 6.04
1328 4.6
1329 2.16
1330 3.28
1331 2.56
1332 0.8
1333 2.04
1334 2.56
1335 5.08
1336 1.24
1337 3.68
1338 4.24
1339 0.64
1340 1.16
1341 2.4
1342 2.52
1343 2.92
1344 1.2
1345 3.8
1346 2.76
1347 2.92
1348 1.96
1349 1.92
1350 3.04
1351 1.76
1352 1.72
1353 2.64
1354 2.08
1355 1.8
1356 1.68
1357 0.32
1358 2.28
1359 1.32
1360 2.16
1361 1.6
1362 3.0
1363 2.76
1364 3.32
1365 0.72
1366 3.0
1367 1.88
1368 0.0
1369 0.0
1370 0.0
1371 0.0
1372 0.0
1373 0.68
1374 0.92
1375 3.64
1376 1.6
1377 2.04
1378 1.96
1379 2.04
1380 1.04
1381 1.96
1382 1.16
1383 0.48
1384 1.72
1385 0.84
1386 0.92
1387 0.0
1388 2.04
1389 1.72
1390 1.2
1391 0.72
1392 1.84
1393 1.48
1394 2.64
1395 1.88
1396 1.64
1397 3.48
1398 1.68
1399 3.88
1400 0.24
1401 1.76
1402 2.08
1403 1.64
1404 1.56
1405 0.28
1406 1.08
1407 2.44
1408 6.16
1409 4.4
1410 2.68
1411 3.92
1412 1.96
1413 2.68
1414 2.44
1415 1.12
1416 3.16
1417 1.88
1418 3.84
1419 3.68
1420 1.48
1421 3.48
1422 5.28
1423 1.04
1424 1.8
1425 3.0
1426 7.12
1427 5.92
1428 0.28
1429 6.32
1430 0.44
1431 2.72
1432 3.36
1433 3.84
1434 1.44
1435 3.72
1436 4.0
1437 4.08
1438 1.6
1439 1.16
1440 1.8
1441 2.32
1442 4.08
1443 3.32
1444 1.32
1445 0.88
1446 0.0
1447 0.0
1448 0.0
1449 0.0
1450 1.08
1451 3.8
1452 2.92
1453 1.32
1454 1.96
1455 3.72
1456 2.68
1457 1.64
1458 4.32
1459 3.8
1460 1.12
1461 5.0
1462 3.88
1463 3.52
1464 1.64
1465 3.56
1466 1.28
1467 4.24
1468 1.12
1469 3.12
1470 2.0
1471 1.96
1472 3.8
1473 2.56
1474 1.56
1475 1.84
1476 2.88
1477 0.32
1478 1.2
1479 2.52
1480 0.92
1481 2.32
1482 1.48
1483 1.88
1484 2.84
1485 0.56
1486 3.84
1487 0.6
1488 2.36
1489 2.92
1490 2.24
1491 1.64
1492 1.96
1493 1.4
1494 1.96
1495 2.76
1496 0.0
1497 3.48
1498 1.96
1499 3.16
1500 3.0
1501 3.24
1502 0.96
1503 1.2
1504 1.56
1505 2.2
1506 1.96
1507 0.0
1508 1.8
1509 1.48
1510 1.12
1511 2.04
1512 2.84
1513 0.44
1514 0.0
1515 3.2
1516 2.92
1517 1.92
1518 3.56
1519 0.76
1520 2.28
1521 2.2
1522 2.8
1523 0.92
1524 1.8
1525 3.8
1526 1.8
1527 2.76
1528 3.72
1529 3.88
1530 1.44
1531 2.96
1532 2.52
1533 4.4
1534 0.0
1535 3.12
1536 2.08
1537 3.16
1538 3.36
1539 3.96
1540 1.8
1541 1.72
1542 1.08
1543 2.4
1544 2.52
1545 1.88
1546 3.92
1547 4.08
1548 2.28
1549 2.52
1550 3.08
1551 2.72
1552 2.72
1553 2.88
1554 3.68
1555 0.0
1556 3.24
1557 3.24
1558 2.44
1559 1.64
1560 1.52
1561 1.0
1562 1.72
1563 2.44
1564 2.08
1565 0.6
1566 2.88
1567 3.08
1568 3.0
1569 3.8
1570 2.92
1571 0.56
1572 1.36
1573 1.16
1574 2.8
1575 4.76
1576 2.2
1577 3.76
1578 2.92
1579 1.96
1580 5.84
1581 4.76
1582 2.88
1583 3.72
1584 4.08
1585 3.48
1586 4.88
1587 5.04
1588 2.96
1589 2.6
1590 3.44
1591 4.32
1592 0.72
1593 6.76
1594 7.08
1595 7.08
1596 7.08
1597 7.08
1598 7.08
1599 7.08
1600 7.08
1601 7.08
1602 7.4
1603 8.72
1604 6.84
1605 10.56
1606 10.28
1607 12.6
1608 12.24
1609 15.44
1610 14.84
1611 16.04
1612 15.24
1613 16.72
1614 18.88
1615 15.32
1616 12.52
1617 11.92
1618 7.32
1619 7.44
1620 7.0
1621 0.2
1622 10.8
1623 10.88
1624 10.24
1625 12.4
1626 12.4
1627 12.4
1628 12.4
1629 12.4
1630 12.4
1631 12.4
1632 12.4
1633 12.4
1634 12.4
1635 12.4
1636 12.4
1637 16.4
1638 31.0
1639 47.6
1640 59.6
1641 55.6
1642 60.4
1643 70.0
1644 66.0
1645 52.8
1646 60.0
1647 61.2
1648 64.0
1649 39.8
1650 38.52
1651 42.8
1652 32.16
1653 39.08
1654 37.92
1655 41.6
1656 44.0
1657 35.92
1658 44.0
1659 44.0
1660 49.6
1661 56.4
1662 66.4
1663 64.8
1664 80.8
1665 63.2
1666 34.88
1667 30.76
1668 31.24
1669 31.4
1670 31.08
1671 35.6
1672 34.84
1673 43.2
1674 51.6
1675 62.4
1676 72.0
1677 66.4
1678 56.4
1679 102.0
1680 98.8
1681 98.0
1682 105.2
1683 98.8
1684 116.0
1685 114.4
1686 97.2
1687 82.4
1688 107.6
1689 97.2
1690 92.0
1691 93.6
1692 79.6
1693 36.28
1694 0.0
1695 0.0
1696 0.0
1697 0.0
1698 0.0
1699 0.0
1700 0.0
1701 0.0
1702 0.0
1703 84.4
1704 64.8
1705 88.0
1706 68.4
1707 52.4
1708 17.64
1709 62.0
1710 52.8
1711 0.0
1712 0.0
1713 0.0
1714 0.0
1715 0.0
1716 0.0
1717 0.0
1718 0.0
1719 0.0
1720 0.0
1721 0.0
1722 0.0
1723 0.0
1724 0.0
1725 0.0
1726 0.0
1727 0.0
1728 0.0
1729 0.0
1730 0.0
1731 0.0
1732 0.0
1733 0.0
1734 0.0
1735 0.0
1736 0.0
1737 0.0
1738 0.0
1739 0.0
1740 0.0
1741 0.0
1742 0.0
1743 0.0
1744 0.0
1745 0.0
1746 0.0
1747 0.0
1748 0.0
1749 0.0
1750 0.0
1751 0.0
1752 0.0
1753 0.0
1754 0.0
1755 0.0
1756 0.0
1757 0.0
1758 0.0
1759 0.0
1760 0.0
1761 0.0
1762 0.0
1763 0.0
1764 0.0
1765 0.0
1766 0.0
1767 0.0
1768 0.0
1769 0.0
1770 0.0
1771 0.0
1772 0.0
1773 0.0
1774 0.0
1775 0.0
1776 0.0
1777 0.0
1778 0.0
1779 0.0
1780 13.0
1781 25.76
1782 36.8
1783 32.48
1784 18.0
1785 24.48
1786 31.24
1787 29.36
1788 29.72
1789 32.76
1790 29.84
1791 31.76
1792 26.68
1793 35.6
1794 32.76
1795 33.48
1796 26.4
1797 37.8
1798 37.04
1799 35.44
1800 35.52
1801 34.84
1802 27.84
1803 9.44
1804 56.8
1805 62.0
1806 60.8
1807 65.2
1808 65.6
1809 67.2
1810 59.2
1811 60.8
1812 3.0
1813 16.8
1814 19.2
1815 22.76
1816 19.44
1817 14.4
1818 6.12
1819 33.28
1820 39.4
1821 40.8
1822 27.76
1823 10.52
1824 5.16
1825 5.24
1826 14.28
1827 13.6
1828 15.92
1829 16.92
1830 17.84
1831 19.4
1832 26.72
1833 31.04
1834 34.6
1835 34.08
1836 35.68
1837 37.6
1838 42.0
1839 37.08
1840 44.4
1841 43.6
1842 47.2
1843 52.4
1844 48.0
1845 48.0
1846 46.0
1847 48.0
1848 45.6
1849 42.8
1850 43.2
1851 41.2
1852 47.6
1853 43.6
1854 46.0
1855 45.2
1856 43.2
1857 43.6
1858 35.36
1859 38.16
1860 18.4
1861 29.76
1862 46.4
1863 41.6
1864 42.8
1865 43.6
1866 39.32
1867 38.36
1868 42.0
1869 43.6
1870 46.0
1871 46.0
1872 39.48
1873 43.2
1874 43.6
1875 50.0
1876 44.0
1877 42.0
1878 36.0
1879 51.2
1880 40.4
1881 44.8
1882 45.2
1883 44.4
1884 46.8
1885 47.6
1886 46.0
1887 51.2
1888 52.0
1889 47.6
1890 45.6
1891 42.8
1892 46.8
1893 47.2
1894 46.4
1895 47.2
1896 39.96
1897 48.4
1898 46.4
1899 43.6
1900 47.2
1901 47.2
1902 46.0
1903 44.4
1904 51.2
1905 49.6
1906 46.8
1907 42.4
1908 44.0
1909 48.0
1910 47.2
1911 48.4
1912 44.8
1913 48.4
1914 46.0
1915 44.8
1916 45.6
1917 42.4
1918 48.0
1919 45.6
1920 51.2
1921 47.2
1922 43.2
1923 44.0
1924 48.0
1925 44.8
1926 47.6
1927 46.0
1928 45.6
1929 25.44
1930 24.92
1931 26.0
1932 26.16
1933 23.6
1934 21.92
1935 22.72
1936 28.24
1937 29.56
1938 29.96
1939 31.48
1940 32.08
1941 29.96
1942 31.2
1943 33.48
1944 33.16
1945 33.52
1946 33.04
1947 30.12
1948 36.84
1949 42.8
1950 42.4
1951 42.8
1952 40.4
1953 36.76
1954 38.92
1955 38.44
1956 26.84
1957 51.2
1958 42.8
1959 39.48
1960 44.8
1961 51.2
1962 51.6
1963 48.4
1964 50.4
1965 45.6
1966 48.8
1967 31.72
1968 34.96
1969 37.28
1970 45.6
1971 37.0
1972 37.4
1973 38.28
1974 35.2
1975 39.24
1976 30.64
1977 29.48
1978 25.68
1979 29.6
1980 26.16
1981 24.48
1982 29.48
1983 23.44
1984 34.8
1985 31.96
1986 28.8
1987 35.56
1988 41.2
1989 27.12
1990 30.48
1991 28.48
1992 30.12
1993 32.52
1994 27.28
1995 19.64
1996 26.84
1997 33.36
1998 31.52
1999 27.08
2000 28.28
2001 36.24
2002 32.0
2003 36.2
2004 34.2
2005 32.92
2006 29.48
2007 31.8
2008 27.4
2009 27.64
2010 32.2
2011 34.2
2012 29.08
2013 33.32
2014 25.96
2015 39.68
2016 36.8
2017 30.32
2018 31.44
2019 35.04
2020 36.48
2021 29.68
2022 34.92
2023 32.04
2024 29.68
2025 30.0
2026 37.24
2027 35.72
2028 28.4
2029 24.6
2030 30.0
2031 34.04
2032 44.4
2033 44.8
2034 40.4
2035 42.8
2036 35.96
2037 37.24
2038 37.92
2039 26.88
2040 27.96
2041 38.04
2042 23.88
2043 31.0
2044 30.88
2045 28.08
2046 28.08
2047 33.36
2048 44.8
2049 45.6
2050 43.2
2051 35.48
2052 28.88
2053 30.32
2054 46.4
2055 46.4
2056 29.68
2057 37.84
2058 49.2
2059 47.6
2060 44.0
2061 42.8
2062 40.8
2063 50.4
2064 40.8
2065 20.92
2066 43.2
2067 33.52
2068 24.6
2069 21.8
2070 26.88
2071 28.6
2072 31.96
2073 34.56
2074 37.16
2075 29.92
2076 42.0
2077 41.6
2078 34.04
2079 39.96
2080 35.68
2081 34.64
2082 40.4
2083 47.2
2084 41.2
2085 43.6
2086 44.0
2087 38.32
2088 37.48
2089 34.08
2090 30.84
2091 30.72
2092 36.96
2093 34.68
2094 42.8
2095 46.0
2096 44.8
2097 46.4
2098 43.2
2099 38.52
2100 45.6
2101 39.48
2102 42.4
2103 49.2
2104 46.0
2105 45.6
2106 46.8
2107 52.4
2108 56.0
2109 55.2
2110 53.6
2111 53.2
2112 49.2
2113 41.2
2114 44.4
2115 68.0
2116 70.4
2117 74.0
2118 76.8
2119 72.8
2120 58.8
2121 66.8
2122 46.4
2123 50.4
2124 33.6
2125 32.04
2126 31.2
