0 4.24
1 3.6
2 1.44
3 2.68
4 1.28
5 0.44
6 0.84
7 4.6
8 4.2
9 1.4
10 0.24
11 3.16
12 5.76
13 4.0
14 3.4
15 6.44
16 9.6
17 2.0
18 6.76
19 11.64
20 14.16
21 16.12
22 14.72
23 11.8
24 7.84
25 4.92
26 5.64
27 1.64
28 0.64
29 9.96
30 5.08
31 3.76
32 5.56
33 5.64
34 8.72
35 8.84
36 17.56
37 19.64
38 28.64
39 26.68
40 19.36
41 17.64
42 21.36
43 26.92
44 26.48
45 23.56
46 23.72
47 26.36
48 29.48
49 18.32
50 21.88
51 24.04
52 27.4
53 31.48
54 25.92
55 3.96
56 10.0
57 29.76
58 26.04
59 2.36
60 12.04
61 28.28
62 7.88
63 26.0
64 15.0
65 17.32
66 18.08
67 16.56
68 22.2
69 28.08
70 28.04
71 18.32
72 42.0
73 42.8
74 42.0
75 32.44
76 37.48
77 50.0
78 50.8
79 50.0
80 59.2
81 41.2
82 42.8
83 40.8
84 47.6
85 42.4
86 36.4
87 62.4
88 52.0
89 46.4
90 36.08
91 59.2
92 67.6
93 57.6
94 57.2
95 61.2
96 93.6
97 92.8
98 93.2
99 92.8
100 92.4
101 92.0
102 90.8
103 91.2
104 86.4
105 85.2
106 85.2
107 83.6
108 87.2
109 83.6
110 82.8
111 87.6
112 92.0
113 88.4
114 86.0
115 89.6
116 88.0
117 83.6
118 86.0
119 87.6
120 84.4
121 77.2
122 85.2
123 88.0
124 84.4
125 71.2
126 70.8
127 70.0
128 55.6
129 65.6
130 41.6
131 56.4
132 53.6
133 68.8
134 50.0
135 34.12
136 13.72
137 5.04
138 14.8
139 3.04
140 2.6
141 3.24
142 0.48
143 3.6
144 7.76
145 12.24
146 12.68
147 17.28
148 6.48
149 4.4
150 1.6
151 1.04
152 7.48
153 16.4
154 41.6
155 68.4
156 74.0
157 59.6
158 79.2
159 70.0
160 65.6
161 69.2
162 77.2
163 46.8
164 26.8
165 13.84
166 17.68
167 0.48
168 25.36
169 35.84
170 37.48
171 33.76
172 26.12
173 29.56
174 34.28
175 35.24
176 24.92
177 44.4
178 41.6
179 29.28
180 40.0
181 48.4
182 42.4
183 33.12
184 50.4
185 44.4
186 51.6
187 57.6
188 44.4
189 56.8
190 67.2
191 46.8
192 50.8
193 65.6
194 70.4
195 58.8
196 77.2
197 77.2
198 78.4
199 71.6
200 61.2
201 63.6
202 68.0
203 57.2
204 59.2
205 54.0
206 46.8
207 51.6
208 75.6
209 66.4
210 46.0
211 56.8
212 55.2
213 64.4
214 61.6
215 56.8
216 50.4
217 44.0
218 38.6
219 40.8
220 21.96
221 25.2
222 11.0
223 20.76
224 33.96
225 49.6
226 53.6
227 30.16
228 32.0
229 27.68
230 40.4
231 34.92
232 45.6
233 14.6
234 33.4
235 5.92
236 38.08
237 30.52
238 30.32
239 36.6
240 42.4
241 44.8
242 45.2
243 37.28
244 27.84
245 11.0
246 41.2
247 44.0
248 40.8
249 41.6
250 42.8
251 19.96
252 28.2
253 21.88
254 20.16
255 31.48
256 37.96
257 37.36
258 39.72
259 36.84
260 44.0
261 51.2
262 37.6
263 41.6
264 45.6
265 45.2
266 48.0
267 50.8
268 34.28
269 37.92
270 44.4
271 42.8
272 47.6
273 42.8
274 59.2
275 51.6
276 51.2
277 53.2
278 35.4
279 35.8
280 34.72
281 35.92
282 36.28
283 36.48
284 37.0
285 39.0
286 41.6
287 38.96
288 42.8
289 42.8
290 41.2
291 28.92
292 36.52
293 35.52
294 42.4
295 42.4
296 37.16
297 37.04
298 40.4
299 36.52
300 41.6
301 41.2
302 40.8
303 40.4
304 40.4
305 39.36
306 38.72
307 39.2
308 33.16
309 34.28
310 29.0
311 33.04
312 17.76
313 22.84
314 23.88
315 28.68
316 6.84
317 31.56
318 19.76
319 8.36
320 18.44
321 23.8
322 25.48
323 18.4
324 24.48
325 7.52
326 0.08
327 0.92
328 53.6
329 45.6
330 44.0
331 46.8
332 35.28
333 31.96
334 38.68
335 31.92
336 37.8
337 25.28
338 22.44
339 29.28
340 40.8
341 38.36
342 32.8
343 24.08
344 43.2
345 42.8
346 41.2
347 35.52
348 42.0
349 43.6
350 38.4
351 37.08
352 38.64
353 38.16
354 36.04
355 42.8
356 38.72
357 40.4
358 39.32
359 43.2
360 43.2
361 44.8
362 44.4
363 45.2
364 45.6
365 48.8
366 49.6
367 46.4
368 51.6
369 54.4
370 53.2
371 53.2
372 48.8
373 48.4
374 48.8
375 44.8
376 48.8
377 42.8
378 49.6
379 49.6
380 48.0
381 46.4
382 41.2
383 42.0
384 37.96
385 40.0
386 44.4
387 35.16
388 39.52
389 43.6
390 46.4
391 46.4
392 43.6
393 42.8
394 44.0
395 38.4
396 44.0
397 42.0
398 40.0
399 41.6
400 43.6
401 36.56
402 36.6
403 16.16
404 48.0
405 48.0
406 44.0
407 44.8
408 46.0
409 38.4
410 40.4
411 36.24
412 44.4
413 41.2
414 40.0
415 42.4
416 37.12
417 47.6
418 45.2
419 21.08
420 33.72
421 35.52
422 29.08
423 43.2
424 36.08
425 28.04
426 40.8
427 22.68
428 23.84
429 16.16
430 10.44
431 27.76
432 36.6
433 32.92
434 34.84
435 33.96
436 30.4
437 36.08
438 38.72
439 36.6
440 37.04
441 38.16
442 33.92
443 37.36
444 38.96
445 26.88
446 46.0
447 42.4
448 33.68
449 37.92
450 31.76
451 36.84
452 30.28
453 37.36
454 39.64
455 37.6
456 42.0
457 45.6
458 44.4
459 44.0
460 38.32
461 27.48
462 25.76
463 26.36
464 34.44
465 31.4
466 30.32
467 7.6
468 35.24
469 33.72
470 35.08
471 26.16
472 32.8
473 13.96
474 41.2
475 39.92
476 43.2
477 44.4
478 35.88
479 30.24
480 31.24
481 33.08
482 42.0
483 44.4
484 41.2
485 44.8
486 39.8
487 35.08
488 31.8
489 24.88
490 15.04
491 24.32
492 21.12
493 25.88
494 39.72
495 45.2
496 46.8
497 39.12
498 42.0
499 42.4
500 42.8
501 42.8
502 31.2
503 52.0
504 38.92
505 39.2
506 14.36
507 27.28
508 30.16
509 40.8
510 28.24
511 38.28
512 17.72
513 50.4
514 42.4
515 46.0
516 45.6
517 42.8
518 44.8
519 44.0
520 37.72
521 37.72
522 35.36
523 37.68
524 30.12
525 37.12
526 35.12
527 42.0
528 42.0
529 39.4
530 38.88
531 35.0
532 29.2
533 39.64
534 38.56
535 38.04
536 37.8
537 48.4
538 43.2
539 43.6
540 36.52
541 42.4
542 46.4
543 49.2
544 50.0
545 49.6
546 44.8
547 31.48
548 30.72
549 32.92
550 31.16
551 31.2
552 32.84
553 32.48
554 30.52
555 32.76
556 33.04
557 32.48
558 33.12
559 34.96
560 31.32
561 30.0
562 29.68
563 22.52
564 24.4
565 26.92
566 24.08
567 32.0
568 34.92
569 31.92
570 24.84
571 19.04
572 33.0
573 27.88
574 35.28
575 33.04
576 32.8
577 28.64
578 32.24
579 30.16
580 31.48
581 31.16
582 31.64
583 32.24
584 27.52
585 29.08
586 35.48
587 35.52
588 35.56
589 34.8
590 32.16
591 36.4
592 36.96
593 34.76
594 33.96
595 23.0
596 48.4
597 38.76
598 39.4
599 39.04
600 40.8
601 42.8
602 40.8
603 41.6
604 42.8
605 42.8
606 41.6
607 42.8
608 44.4
609 41.2
610 44.0
611 43.6
612 42.4
613 42.4
614 44.0
615 42.8
616 42.8
617 44.0
618 41.2
619 41.6
620 42.4
621 41.6
622 39.04
623 38.2
624 35.84
625 36.72
626 35.36
627 42.0
628 43.2
629 42.4
630 40.4
631 41.2
632 44.8
633 42.4
634 42.8
635 35.96
636 35.96
637 39.8
638 38.28
639 38.48
640 41.6
641 41.6
642 41.2
643 43.2
644 44.0
645 39.44
646 48.0
647 44.8
648 42.4
649 41.2
650 36.28
651 44.8
652 40.8
653 42.4
654 40.8
655 32.4
656 47.2
657 42.8
658 26.08
659 43.2
660 40.4
661 39.8
662 40.0
663 39.8
664 42.4
665 37.24
666 40.4
667 39.16
668 42.4
669 40.8
670 37.68
671 35.48
672 37.52
673 39.08
674 39.8
675 42.4
676 44.8
677 40.8
678 38.2
679 15.04
680 12.64
681 2.92
682 3.92
683 10.88
684 9.68
685 10.24
686 9.68
687 8.24
688 7.44
689 7.12
690 12.4
691 11.36
692 9.96
693 12.88
694 14.92
695 5.88
696 5.12
697 7.32
698 14.4
699 8.24
700 8.2
701 16.44
702 13.64
703 15.16
704 8.24
705 6.68
706 4.6
707 6.84
708 11.08
709 12.8
710 2.24
711 15.2
712 3.12
713 18.88
714 15.4
715 1.08
716 13.16
717 21.6
718 16.04
719 0.4
720 12.44
721 2.92
722 21.8
723 5.6
724 6.64
725 5.44
726 10.4
727 9.2
728 7.24
729 6.24
730 3.24
731 1.76
732 15.52
733 5.0
734 5.0
735 12.76
736 3.76
737 4.24
738 3.32
739 5.48
740 4.0
741 6.8
742 6.8
743 14.6
744 6.2
745 26.76
746 15.32
747 12.08
748 22.36
749 16.6
750 15.88
751 19.56
752 40.4
753 69.2
754 51.6
755 46.8
756 53.2
757 26.28
758 22.4
759 12.4
760 25.2
761 15.6
762 39.64
763 21.72
764 30.44
765 6.8
766 3.4
767 8.24
768 19.36
769 15.0
770 2.44
771 0.84
772 0.52
773 27.4
774 23.96
775 34.88
776 18.6
777 29.24
778 24.84
779 34.12
780 36.08
781 32.2
782 18.44
783 18.88
784 15.84
785 20.84
786 21.16
787 19.68
788 26.44
789 24.04
790 11.92
791 11.28
792 12.28
793 7.32
794 13.6
795 16.32
796 20.6
797 21.92
798 27.36
799 32.28
800 32.32
801 15.72
802 17.96
803 21.12
804 18.28
805 20.32
806 24.24
807 19.76
808 19.4
809 19.88
810 22.04
811 21.0
812 21.76
813 19.92
814 21.72
815 25.64
816 16.4
817 6.6
818 15.68
819 20.0
820 21.84
821 25.08
822 21.4
823 26.52
824 28.16
825 31.8
826 31.08
827 33.08
828 33.44
829 33.4
830 30.16
831 27.28
832 30.8
833 32.6
834 36.8
835 34.64
836 35.72
837 38.36
838 25.24
839 19.28
840 15.04
841 15.6
842 15.56
843 9.8
844 19.76
845 18.04
846 24.16
847 24.04
848 20.84
849 16.76
850 21.8
851 24.4
852 12.04
853 23.08
854 33.36
855 36.4
856 36.2
857 37.24
858 35.36
859 38.2
860 12.28
861 12.36
862 12.72
863 12.56
864 15.44
865 11.44
866 6.92
867 4.84
868 0.08
869 0.32
870 11.8
871 11.68
872 10.92
873 15.44
874 16.36
875 15.44
876 14.96
877 12.64
878 9.0
879 15.64
880 15.32
881 14.12
882 15.84
883 16.6
884 15.64
885 5.32
886 1.96
887 4.48
888 4.84
889 1.28
890 45.2
891 1.36
892 0.12
893 2.0
894 8.24
895 3.84
896 8.88
897 9.36
898 12.32
899 10.96
900 3.24
901 13.28
902 13.96
903 21.8
904 7.92
905 2.12
906 0.08
907 16.16
908 2.68
909 2.92
910 3.0
911 3.48
912 5.92
913 3.24
914 7.16
915 6.84
916 6.08
917 6.84
918 7.92
919 39.64
920 48.8
921 29.48
922 18.32
923 8.72
924 5.72
925 13.32
926 11.04
927 10.08
928 9.4
929 10.4
930 10.36
931 11.76
932 10.8
933 10.72
934 14.6
935 15.84
936 16.04
937 13.12
938 17.12
939 21.24
940 8.56
941 32.2
942 12.96
943 15.84
944 18.0
945 18.68
946 2.12
947 79.6
948 40.0
949 31.96
950 29.2
951 35.24
952 19.68
953 44.4
954 43.2
955 40.8
956 36.08
957 34.4
958 31.32
959 12.32
960 17.12
961 14.76
962 14.32
963 18.32
964 23.28
965 25.76
966 22.16
967 28.04
968 15.56
969 16.08
970 36.24
971 38.44
972 31.96
973 50.4
974 26.64
975 22.08
976 26.68
977 18.76
978 21.68
979 12.68
980 12.48
981 10.0
982 11.36
983 11.36
984 14.92
985 4.4
986 19.44
987 12.88
988 9.88
989 9.72
990 7.56
991 17.12
992 8.08
993 9.76
994 10.92
995 10.44
996 8.96
997 12.48
998 12.0
999 11.36
1000 10.12
1001 12.12
1002 13.08
1003 13.12
1004 13.32
1005 14.2
1006 15.24
1007 8.56
1008 3.76
1009 17.76
1010 24.0
1011 13.92
1012 16.0
1013 14.12
1014 15.84
1015 16.64
1016 11.96
1017 32.24
1018 14.88
1019 14.24
1020 14.16
1021 15.4
1022 16.2
1023 17.16
1024 13.76
1025 16.72
1026 16.88
1027 15.88
1028 16.76
1029 17.88
1030 16.88
1031 5.56
1032 8.6
1033 33.48
1034 14.04
1035 16.96
1036 15.8
1037 11.32
1038 20.36
1039 26.88
1040 14.16
1041 13.64
1042 14.4
1043 15.2
1044 0.96
1045 21.16
1046 58.0
1047 73.6
1048 71.2
1049 36.28
1050 49.6
1051 37.64
1052 37.64
1053 40.8
1054 40.4
1055 37.8
1056 24.48
1057 8.48
1058 8.44
1059 10.2
1060 12.08
1061 13.68
1062 13.2
1063 21.8
1064 101.6
1065 94.8
1066 45.2
1067 20.32
1068 14.0
1069 51.2
1070 52.4
1071 80.8
1072 78.4
1073 82.8
1074 80.0
1075 57.6
1076 70.0
1077 44.4
1078 36.8
1079 76.0
1080 78.0
1081 80.0
1082 77.6
1083 86.8
1084 76.0
1085 62.8
1086 8.52
1087 84.4
1088 59.6
1089 80.4
1090 47.6
1091 49.6
1092 67.6
1093 38.0
1094 98.4
1095 79.6
1096 36.0
1097 24.48
1098 32.76
1099 15.32
1100 24.88
1101 48.4
1102 18.84
1103 17.76
1104 38.84
1105 18.16
1106 18.24
1107 14.16
1108 12.48
1109 12.0
1110 13.48
1111 10.92
1112 21.4
1113 7.0
1114 1.24
1115 0.16
1116 3.16
1117 60.4
1118 11.84
1119 4.44
1120 2.92
1121 37.36
1122 21.64
1123 15.48
1124 12.68
1125 15.04
1126 15.76
1127 13.88
1128 12.0
1129 5.24
1130 7.4
1131 11.88
1132 12.0
1133 11.36
1134 12.88
1135 10.72
1136 14.08
1137 9.6
1138 13.76
1139 16.32
1140 12.2
1141 19.12
1142 17.4
1143 10.08
1144 9.4
1145 10.4
1146 5.72
1147 5.8
1148 4.32
1149 3.84
1150 1.88
1151 0.08
1152 11.32
1153 3.16
1154 6.88
1155 25.16
1156 7.44
1157 36.44
1158 39.32
1159 33.44
1160 36.52
1161 39.84
1162 37.28
1163 17.44
1164 12.6
1165 16.76
1166 22.88
1167 42.0
1168 54.4
1169 60.8
1170 51.2
1171 13.96
1172 16.32
1173 31.64
1174 20.6
1175 35.24
1176 32.88
1177 22.08
1178 20.56
1179 29.28
1180 36.24
1181 37.32
1182 35.68
1183 18.56
1184 10.64
1185 9.76
1186 18.96
1187 16.28
1188 16.04
1189 10.6
1190 13.32
1191 12.36
1192 13.72
1193 11.16
1194 20.88
1195 28.12
1196 21.16
1197 29.0
1198 27.76
1199 28.96
1200 62.4
1201 26.12
1202 18.04
1203 28.12
1204 39.76
1205 7.52
1206 0.08
1207 0.12
1208 0.08
1209 0.16
1210 3.04
1211 6.8
1212 2.36
1213 3.92
1214 2.24
1215 52.4
1216 2.04
1217 2.84
1218 2.52
1219 2.2
1220 2.6
1221 1.76
1222 2.44
1223 2.44
1224 3.24
1225 2.4
1226 3.08
1227 1.76
1228 4.56
1229 3.4
1230 2.88
1231 2.56
1232 1.84
1233 2.32
1234 0.84
1235 1.28
1236 1.2
1237 1.04
1238 1.84
1239 1.8
1240 1.68
1241 2.12
1242 2.32
1243 0.08
1244 3.08
1245 2.0
1246 1.64
1247 1.84
1248 2.64
1249 3.12
1250 3.12
1251 2.96
1252 0.76
1253 3.68
1254 1.6
1255 2.64
1256 2.2
1257 3.68
1258 5.08
1259 5.64
1260 3.84
1261 5.28
1262 5.12
1263 6.68
1264 7.28
1265 0.2
1266 8.6
1267 4.68
1268 8.28
1269 5.76
1270 7.12
1271 4.68
1272 3.32
1273 5.24
1274 5.96
1275 7.28
1276 4.96
1277 7.4
1278 8.48
1279 9.64
1280 8.64
1281 9.08
1282 8.8
1283 11.2
1284 9.88
1285 4.48
1286 8.04
1287 3.6
1288 8.48
1289 7.56
1290 9.16
1291 6.2
1292 8.92
1293 4.56
1294 18.08
1295 10.08
1296 10.92
1297 15.08
1298 6.68
1299 13.92
1300 14.76
1301 14.4
1302 3.16
1303 11.92
1304 14.16
1305 16.64
1306 17.04
1307 17.48
1308 11.76
1309 13.64
1310 11.16
1311 12.36
1312 10.6
1313 15.0
1314 15.84
1315 20.68
1316 10.92
1317 16.48
1318 16.28
1319 7.88
1320 17.76
1321 13.44
1322 21.44
1323 14.92
1324 19.24
1325 16.72
1326 14.24
1327 19.28
1328 18.92
1329 15.4
1330 3.16
1331 14.92
1332 17.6
1333 19.88
1334 20.92
1335 11.84
1336 16.44
1337 14.24
1338 26.24
1339 18.52
1340 12.08
1341 18.28
1342 18.76
1343 17.36
1344 9.72
1345 19.12
1346 11.72
1347 14.16
1348 9.12
1349 12.56
1350 15.2
1351 8.96
1352 11.88
1353 18.88
1354 10.64
1355 19.44
1356 6.92
1357 12.4
1358 15.24
1359 9.32
1360 11.68
1361 13.32
1362 17.04
1363 16.04
1364 13.08
1365 19.48
1366 13.2
1367 12.08
1368 2.56
1369 8.4
1370 16.72
1371 11.72
1372 9.96
1373 15.96
1374 7.92
1375 3.64
1376 26.96
1377 18.76
1378 15.64
1379 19.76
1380 17.88
1381 19.4
1382 13.08
1383 9.92
1384 12.92
1385 11.0
1386 14.16
1387 15.32
1388 10.72
1389 13.64
1390 18.88
1391 16.64
1392 22.04
1393 17.36
1394 19.04
1395 14.64
1396 12.88
1397 8.12
1398 10.68
1399 10.4
1400 5.12
1401 3.6
1402 4.0
1403 4.8
1404 6.24
1405 8.16
1406 6.4
1407 5.32
1408 3.32
1409 3.4
1410 4.8
1411 4.88
1412 6.76
1413 7.84
1414 3.84
1415 5.92
1416 5.48
1417 6.76
1418 7.0
1419 4.96
1420 3.72
1421 3.32
1422 5.64
1423 4.44
1424 4.64
1425 4.04
1426 4.92
1427 3.08
1428 4.96
1429 5.92
1430 6.56
1431 6.84
1432 8.16
1433 6.6
1434 4.56
1435 4.36
1436 3.4
1437 6.12
1438 6.32
1439 5.6
1440 6.68
1441 4.8
1442 1.92
1443 0.96
1444 0.24
1445 0.08
1446 1.76
1447 0.44
1448 9.84
1449 8.36
1450 15.32
1451 10.56
1452 8.12
1453 2.16
1454 14.88
1455 2.12
1456 6.72
1457 10.84
1458 0.28
1459 6.48
1460 1.24
1461 2.6
1462 8.4
1463 5.84
1464 6.36
1465 9.36
1466 3.0
1467 6.4
1468 3.16
1469 5.6
1470 6.4
1471 3.64
1472 4.72
1473 7.68
1474 9.2
1475 10.36
1476 7.92
1477 6.44
1478 11.72
1479 6.08
1480 3.12
1481 10.92
1482 2.76
1483 0.28
1484 12.68
1485 1.12
1486 11.12
1487 29.16
1488 38.24
1489 45.6
1490 44.0
1491 22.04
1492 26.96
1493 32.44
1494 24.32
1495 34.4
1496 42.4
1497 31.96
1498 38.48
1499 32.4
1500 51.2
1501 52.4
1502 56.8
1503 59.2
1504 58.8
1505 58.4
1506 53.6
1507 45.6
1508 63.6
1509 43.2
1510 43.6
1511 56.4
1512 58.4
1513 39.32
1514 24.96
1515 34.6
1516 29.24
1517 30.04
1518 19.04
1519 8.0
1520 18.36
1521 30.36
1522 22.64
1523 37.64
1524 4.48
1525 27.68
1526 41.2
1527 44.0
1528 38.92
1529 38.24
1530 42.8
1531 42.8
1532 22.96
1533 14.88
1534 27.76
1535 17.32
1536 37.12
1537 29.24
1538 11.6
1539 5.96
1540 12.16
1541 10.32
1542 15.16
1543 19.68
1544 17.84
1545 11.2
1546 12.88
1547 10.84
1548 10.0
1549 8.44
1550 6.12
1551 10.16
1552 9.12
1553 10.28
1554 11.04
1555 10.8
1556 10.36
1557 11.28
1558 11.2
1559 10.4
1560 10.0
1561 6.28
1562 5.84
1563 12.56
1564 5.32
1565 6.28
1566 9.76
1567 12.08
1568 13.04
1569 14.36
1570 15.48
1571 10.48
1572 20.16
1573 14.92
1574 10.96
1575 10.12
1576 14.4
1577 14.76
1578 14.48
1579 9.76
1580 9.76
1581 12.84
1582 13.56
1583 14.24
1584 15.64
1585 17.04
1586 10.08
1587 11.2
1588 16.84
1589 17.96
1590 15.2
1591 10.48
1592 12.76
1593 14.72
1594 14.36
1595 16.08
1596 15.68
1597 13.68
1598 9.12
1599 11.12
1600 12.28
1601 12.68
1602 11.36
1603 8.8
1604 9.88
1605 12.96
1606 13.4
1607 14.8
1608 11.68
1609 9.08
1610 0.32
1611 15.8
1612 15.08
1613 30.84
1614 34.36
1615 26.12
1616 30.56
1617 30.44
1618 16.64
1619 24.2
1620 21.04
1621 30.88
1622 27.32
1623 9.84
1624 26.08
1625 14.8
1626 11.12
1627 16.56
1628 33.96
1629 40.8
1630 34.76
1631 36.16
1632 35.2
1633 33.28
1634 9.88
1635 24.2
1636 30.0
1637 25.68
1638 17.32
1639 10.44
1640 19.6
1641 14.96
1642 17.24
1643 30.88
1644 13.84
1645 8.0
1646 2.72
1647 6.48
1648 9.4
1649 11.16
1650 7.16
1651 6.6
1652 11.04
1653 11.16
1654 8.72
1655 8.0
1656 11.08
1657 11.24
1658 11.08
1659 16.28
1660 12.72
1661 14.56
1662 20.28
1663 13.28
1664 1.8
1665 26.64
1666 0.12
1667 28.68
1668 12.16
1669 6.68
1670 15.68
1671 8.28
1672 11.64
1673 10.88
1674 18.6
1675 9.88
1676 10.4
1677 4.4
1678 12.08
1679 9.68
1680 9.48
1681 13.4
1682 8.4
1683 8.68
1684 14.28
1685 6.24
1686 11.44
1687 13.92
1688 5.04
1689 18.12
1690 11.12
1691 11.92
1692 10.04
1693 11.48
1694 15.36
1695 3.4
1696 2.56
1697 30.68
1698 2.72
1699 8.0
1700 5.68
1701 2.36
1702 5.32
1703 4.68
1704 6.4
1705 5.16
1706 4.44
1707 5.16
1708 4.24
1709 1.32
1710 26.32
1711 13.32
1712 11.24
1713 13.24
1714 15.84
1715 14.0
1716 16.84
1717 5.48
1718 8.0
1719 61.2
1720 76.8
1721 79.2
1722 83.6
1723 86.4
1724 21.96
1725 49.6
1726 51.6
1727 44.8
1728 50.0
1729 48.0
1730 45.2
1731 44.8
1732 42.8
1733 40.8
1734 40.4
1735 31.2
1736 84.4
1737 75.2
1738 64.4
1739 51.2
1740 48.8
1741 48.4
1742 64.0
1743 69.2
1744 71.6
1745 81.2
1746 45.2
1747 9.2
1748 5.56
1749 5.72
1750 6.48
1751 9.16
1752 7.04
1753 7.44
1754 8.76
1755 8.0
1756 9.32
1757 9.48
1758 11.0
1759 5.2
1760 12.96
1761 6.48
1762 9.84
1763 9.6
1764 8.76
1765 23.48
1766 17.2
1767 7.16
1768 5.2
1769 8.92
1770 12.8
1771 2.88
1772 6.84
1773 4.44
1774 4.8
1775 3.6
1776 15.8
1777 34.2
1778 18.64
1779 18.4
1780 18.28
1781 5.76
1782 11.16
1783 29.0
1784 23.24
1785 21.4
1786 24.8
1787 17.72
1788 18.08
1789 14.64
1790 16.96
1791 21.84
1792 24.28
1793 18.08
1794 33.08
1795 29.12
1796 24.88
1797 28.68
1798 24.8
1799 30.72
1800 24.36
1801 22.96
1802 23.72
1803 25.04
1804 35.04
1805 11.04
1806 27.84
1807 34.56
1808 21.52
1809 28.84
1810 28.64
1811 19.76
1812 25.96
1813 31.72
1814 22.24
1815 21.24
1816 21.76
1817 24.72
1818 25.44
1819 27.32
1820 29.2
1821 28.12
1822 25.44
1823 27.96
1824 32.24
1825 25.48
1826 30.48
1827 27.64
1828 28.0
1829 25.56
1830 25.36
1831 16.48
1832 24.12
1833 21.72
1834 24.6
1835 22.8
1836 21.64
1837 20.0
1838 9.6
1839 19.44
1840 14.04
1841 16.72
1842 23.48
1843 20.0
1844 22.0
1845 23.12
1846 25.32
1847 18.8
1848 24.44
1849 22.36
1850 13.76
1851 12.32
1852 13.16
1853 6.2
1854 19.44
1855 5.76
1856 19.4
1857 16.4
1858 7.92
1859 3.6
1860 22.16
1861 23.0
1862 20.6
1863 14.96
1864 21.44
1865 6.84
1866 15.72
1867 21.56
1868 7.92
1869 17.88
1870 14.48
1871 12.96
1872 11.6
1873 16.6
1874 16.08
1875 4.76
1876 7.88
1877 7.44
1878 4.0
1879 3.92
1880 3.16
1881 4.32
1882 4.36
1883 3.72
1884 3.32
1885 3.08
1886 4.68
1887 4.32
1888 8.16
1889 10.16
1890 14.92
1891 15.92
1892 19.32
1893 25.84
1894 34.84
1895 36.84
1896 48.8
1897 49.6
1898 46.0
1899 38.32
1900 46.8
1901 36.84
1902 25.36
1903 31.64
1904 30.24
1905 41.6
1906 42.8
1907 37.12
1908 36.32
1909 25.6
1910 30.52
1911 21.68
1912 22.64
1913 25.68
1914 30.72
1915 40.0
1916 37.68
1917 52.8
1918 43.2
1919 50.4
1920 38.92
1921 18.08
1922 26.48
1923 30.72
1924 11.88
1925 37.36
1926 21.24
1927 34.4
1928 4.36
1929 55.2
1930 22.04
1931 46.0
1932 67.6
1933 40.4
1934 20.48
1935 11.44
1936 18.32
1937 19.08
1938 28.28
1939 30.08
1940 30.08
1941 34.32
1942 37.32
1943 35.48
1944 38.04
1945 14.96
1946 24.32
1947 12.36
1948 12.84
1949 13.2
1950 12.52
1951 3.56
1952 8.72
1953 55.2
1954 38.84
1955 21.6
1956 26.2
1957 35.96
1958 42.0
1959 37.92
1960 39.24
1961 36.4
1962 38.8
1963 30.28
1964 34.04
1965 4.44
1966 31.28
1967 27.76
1968 26.88
1969 44.0
1970 48.4
1971 46.8
1972 36.44
1973 36.56
1974 49.6
1975 51.2
1976 50.4
1977 50.4
1978 52.4
1979 53.6
1980 41.6
1981 44.0
1982 54.4
1983 51.2
1984 40.4
1985 38.84
1986 51.6
1987 54.0
1988 50.8
1989 53.2
1990 55.6
1991 54.8
1992 55.6
1993 52.8
1994 54.0
1995 52.4
1996 56.0
1997 57.6
1998 55.6
1999 54.8
2000 46.0
2001 45.2
2002 54.8
2003 54.8
2004 54.0
2005 52.0
2006 49.6
2007 39.56
2008 56.8
2009 50.4
2010 49.6
2011 48.8
2012 50.4
2013 53.2
2014 51.6
2015 47.6
2016 46.8
2017 50.8
2018 46.8
2019 40.0
2020 37.24
2021 44.0
2022 38.84
2023 42.0
2024 43.2
2025 43.6
2026 42.0
2027 39.4
2028 33.64
2029 36.36
2030 25.32
2031 13.0
2032 9.04
2033 18.12
2034 20.96
2035 23.36
2036 24.92
2037 1.88
2038 34.68
2039 31.48
2040 34.2
2041 23.84
2042 32.96
2043 30.4
2044 17.0
2045 14.6
2046 13.0
2047 15.2
2048 14.76
2049 15.76
2050 18.32
2051 15.56
2052 24.6
2053 13.64
2054 19.32
2055 16.08
2056 21.16
2057 30.6
2058 27.12
2059 24.68
2060 30.6
2061 36.68
2062 25.04
2063 17.28
2064 5.68
2065 29.16
2066 26.32
2067 35.36
2068 33.48
2069 30.52
2070 39.04
2071 38.32
2072 36.48
2073 42.8
2074 36.84
2075 40.8
2076 42.0
2077 44.4
2078 44.4
2079 41.6
2080 39.44
2081 44.0
2082 45.6
2083 41.6
2084 42.0
2085 42.8
2086 40.4
2087 31.48
2088 29.88
2089 37.84
2090 28.76
2091 22.32
2092 36.48
2093 35.32
2094 34.36
2095 34.64
2096 33.32
2097 27.52
2098 34.28
2099 30.32
2100 29.36
2101 28.0
2102 26.72
2103 28.6
2104 29.88
2105 28.2
2106 27.24
2107 25.36
2108 25.08
2109 24.32
2110 23.04
2111 24.96
2112 16.04
2113 28.64
2114 26.28
2115 26.84
2116 20.32
2117 22.96
2118 11.68
2119 7.04
2120 0.08
2121 12.16
2122 34.16
2123 33.8
2124 26.28
2125 29.4
2126 25.08
2127 25.24
2128 23.12
2129 21.24
2130 23.92
2131 19.48
2132 18.32
2133 33.04
2134 13.12
2135 18.56
2136 33.16
2137 34.8
2138 34.48
2139 15.28
2140 3.16
2141 13.2
2142 13.08
2143 11.8
2144 28.88
2145 15.0
2146 15.4
2147 24.88
2148 15.4
2149 15.16
2150 7.64
2151 12.04
2152 17.0
2153 18.64
2154 33.56
2155 36.32
2156 28.64
2157 48.4
2158 45.2
2159 45.6
2160 46.4
2161 48.8
2162 39.92
2163 50.0
2164 39.92
2165 40.4
2166 44.8
2167 42.0
2168 32.72
2169 40.4
2170 52.0
2171 56.8
2172 44.4
2173 40.8
2174 51.6
2175 44.8
2176 44.8
2177 44.8
2178 54.8
2179 55.2
2180 36.28
2181 46.8
2182 57.6
2183 58.8
2184 69.2
2185 60.4
2186 64.0
2187 70.4
2188 71.6
2189 66.4
2190 45.6
2191 54.4
2192 56.4
2193 45.2
2194 42.0
2195 64.4
2196 59.2
2197 67.2
2198 45.6
2199 28.64
2200 34.6
2201 23.32
2202 24.2
2203 35.68
2204 23.68
2205 26.12
2206 64.8
2207 56.0
2208 25.88
2209 32.64
2210 22.76
2211 12.68
2212 19.92
2213 24.12
2214 50.4
2215 70.4
2216 97.2
2217 81.2
2218 36.72
2219 70.8
2220 46.8
2221 52.0
2222 46.4
2223 71.6
2224 67.6
2225 79.2
2226 60.4
2227 60.0
2228 54.0
2229 46.8
2230 55.2
2231 40.8
2232 30.44
2233 48.8
2234 50.8
2235 46.8
2236 47.2
2237 52.4
2238 37.92
2239 20.32
2240 13.32
2241 32.92
2242 51.2
2243 43.6
2244 42.8
2245 24.84
2246 15.92
2247 21.4
2248 19.84
2249 18.88
2250 39.08
2251 22.52
2252 7.84
2253 16.64
2254 23.2
2255 24.0
2256 17.56
2257 27.44
2258 20.24
2259 23.0
2260 25.72
2261 33.52
2262 23.48
2263 15.76
2264 29.72
2265 25.92
2266 31.36
2267 26.92
2268 13.72
2269 20.36
2270 22.32
2271 16.68
2272 5.2
2273 5.28
2274 7.32
2275 2.24
2276 6.84
2277 5.12
2278 1.92
2279 19.16
2280 34.36
2281 35.08
2282 22.96
2283 19.72
2284 16.92
2285 26.32
2286 8.6
2287 4.4
2288 24.0
2289 33.44
2290 18.72
2291 20.48
2292 19.0
2293 13.64
2294 24.12
2295 14.16
2296 9.6
2297 2.96
2298 10.44
2299 10.36
2300 3.92
2301 11.84
2302 21.76
2303 5.4
2304 19.16
2305 14.16
2306 50.8
2307 65.2
2308 69.2
2309 68.8
2310 65.6
2311 64.4
2312 65.2
2313 63.6
2314 72.0
2315 77.2
2316 79.2
2317 81.6
2318 87.6
2319 82.4
2320 90.8
2321 88.8
2322 87.6
2323 92.0
2324 90.4
2325 90.0
2326 90.8
2327 80.0
2328 85.6
2329 90.8
2330 84.8
2331 76.0
2332 92.8
2333 82.4
2334 78.0
2335 88.8
2336 89.6
2337 92.8
2338 91.6
2339 90.0
2340 82.4
2341 85.2
2342 84.0
2343 76.8
2344 68.8
2345 93.2
2346 86.0
2347 82.0
2348 86.8
2349 78.4
2350 84.0
2351 72.0
2352 54.0
2353 62.4
2354 57.6
2355 44.4
2356 29.48
2357 33.84
2358 27.08
2359 35.44
2360 34.48
2361 38.12
2362 35.28
2363 43.6
2364 42.8
2365 41.6
2366 31.52
2367 30.48
2368 16.52
2369 11.24
2370 0.64
2371 1.0
2372 4.24
2373 3.72
2374 1.48
2375 0.24
2376 2.64
2377 4.92
2378 3.96
2379 6.48
2380 2.88
2381 3.2
2382 3.96
2383 3.04
2384 5.76
2385 10.64
2386 8.64
2387 15.56
2388 12.6
2389 18.44
2390 23.76
2391 26.68
2392 25.88
2393 25.28
2394 26.92
2395 11.24
2396 18.32
2397 7.36
2398 25.24
2399 27.12
2400 18.36
2401 22.36
2402 29.2
2403 31.0
2404 28.6
2405 33.24
2406 44.8
2407 40.8
2408 45.6
2409 41.2
2410 34.48
2411 55.2
2412 51.2
2413 38.68
2414 39.12
2415 30.72
2416 26.68
2417 27.72
2418 40.0
2419 23.72
2420 0.2
2421 20.88
2422 2.88
2423 15.24
2424 5.16
2425 0.92
2426 7.16
2427 8.48
2428 3.32
2429 3.48
2430 4.32
2431 5.24
2432 6.24
2433 8.0
2434 8.92
2435 12.92
2436 13.88
2437 12.88
2438 8.32
2439 6.76
2440 6.64
2441 7.44
2442 6.04
2443 7.36
2444 5.68
2445 3.84
2446 4.48
2447 4.36
2448 0.64
2449 2.84
2450 6.04
2451 0.2
2452 0.28
2453 9.64
2454 6.56
2455 2.96
2456 0.28
2457 0.6
2458 0.52
2459 0.88
2460 0.24
2461 0.28
2462 0.24
2463 0.28
2464 0.6
2465 1.84
2466 2.0
2467 4.88
2468 6.36
2469 7.92
2470 10.16
2471 11.84
2472 14.2
2473 16.44
2474 10.12
2475 16.84
2476 15.16
2477 12.84
2478 14.16
2479 13.88
2480 9.76
2481 17.72
2482 14.56
2483 14.36
2484 16.48
2485 13.88
2486 11.6
2487 12.36
2488 12.68
2489 9.36
2490 6.56
2491 9.32
2492 7.32
2493 3.76
2494 2.04
2495 2.76
2496 0.68
2497 0.76
2498 0.48
2499 0.44
2500 1.6
2501 3.08
2502 5.36
2503 12.2
2504 19.04
2505 21.48
2506 18.04
2507 18.0
2508 20.28
2509 18.68
2510 24.8
2511 23.16
2512 29.0
2513 29.76
2514 40.0
2515 21.44
2516 15.6
2517 29.16
2518 38.72
2519 25.36
2520 58.8
2521 63.2
2522 56.4
2523 33.16
2524 50.8
2525 64.4
2526 57.2
2527 29.36
2528 30.96
2529 48.4
2530 33.44
2531 35.8
2532 72.0
2533 70.8
2534 94.4
2535 91.2
2536 95.6
2537 91.6
2538 89.6
2539 79.2
2540 86.4
2541 89.2
2542 87.2
2543 93.2
2544 90.4
2545 90.8
2546 89.6
2547 96.0
2548 94.8
2549 98.8
2550 98.0
2551 98.8
2552 82.8
2553 46.0
2554 37.72
2555 93.6
2556 93.6
2557 78.0
2558 96.8
2559 96.8
2560 99.6
2561 87.6
2562 97.2
2563 86.0
2564 94.0
2565 76.4
2566 81.2
2567 68.8
2568 52.8
2569 63.2
2570 54.4
2571 34.88
2572 45.2
2573 35.32
2574 21.76
2575 60.4
2576 53.2
2577 52.4
2578 50.8
2579 29.4
2580 15.08
2581 17.12
2582 5.72
2583 8.8
2584 11.2
2585 10.24
2586 7.16
2587 4.84
2588 18.92
2589 17.6
2590 22.56
2591 15.8
2592 23.6
2593 15.16
2594 42.0
2595 58.8
2596 38.48
2597 57.2
2598 43.6
2599 46.8
2600 40.4
2601 66.4
2602 59.2
2603 72.8
2604 66.0
2605 56.0
2606 75.2
2607 80.0
2608 86.4
2609 73.2
2610 60.8
2611 14.44
2612 12.2
2613 55.6
2614 88.0
2615 66.8
2616 84.8
2617 52.4
2618 51.6
2619 46.0
2620 48.0
2621 44.4
2622 54.0
2623 58.0
2624 47.2
2625 91.2
2626 72.4
2627 68.4
2628 60.0
2629 29.88
2630 59.6
2631 65.2
2632 68.8
2633 83.2
2634 56.4
2635 17.2
2636 71.6
2637 76.0
2638 63.2
2639 75.6
2640 58.0
2641 70.4
2642 64.0
2643 70.4
2644 52.4
2645 48.8
2646 11.2
2647 30.72
2648 40.4
2649 80.4
2650 53.2
2651 36.44
2652 11.04
2653 25.32
2654 41.6
2655 22.56
2656 18.64
2657 25.2
2658 29.2
2659 32.48
2660 17.16
2661 15.0
2662 19.08
2663 25.76
2664 30.4
2665 20.68
2666 19.84
2667 18.12
2668 21.48
2669 16.76
2670 39.28
2671 0.44
2672 4.2
2673 6.68
2674 0.32
2675 2.52
2676 3.68
2677 14.68
2678 4.2
2679 14.44
2680 16.04
2681 12.0
2682 3.4
2683 16.24
2684 2.12
2685 14.44
2686 19.72
2687 32.44
2688 37.88
2689 38.08
2690 40.4
2691 27.2
2692 24.12
2693 9.32
2694 26.04
2695 40.8
2696 16.44
2697 52.4
2698 46.0
2699 18.8
2700 24.56
2701 57.2
2702 66.8
2703 42.0
2704 69.2
2705 46.0
2706 16.76
2707 36.56
2708 40.0
2709 53.2
2710 69.2
2711 55.6
2712 9.08
2713 24.88
2714 22.64
2715 84.8
2716 29.2
2717 19.48
2718 20.96
2719 17.0
2720 14.88
2721 7.32
2722 15.32
2723 20.8
2724 17.8
2725 18.56
2726 20.64
2727 12.16
2728 17.48
2729 19.16
2730 18.76
2731 16.56
2732 17.68
2733 19.36
2734 26.52
2735 17.92
2736 13.32
2737 25.28
2738 20.08
2739 17.68
2740 14.96
2741 11.28
2742 15.0
2743 10.92
2744 8.44
2745 6.8
2746 10.04
2747 19.72
2748 19.76
2749 11.88
2750 13.12
2751 20.4
2752 16.8
2753 27.44
2754 21.92
2755 22.48
2756 18.88
2757 19.84
2758 18.92
2759 6.88
2760 13.44
2761 4.12
2762 14.44
2763 16.64
2764 14.04
2765 16.24
2766 5.24
2767 8.36
2768 12.36
2769 22.64
2770 23.68
2771 17.72
2772 10.0
2773 16.4
2774 31.2
2775 32.96
2776 32.92
2777 32.6
2778 29.2
2779 39.8
2780 42.0
2781 43.2
2782 40.8
2783 27.84
2784 37.28
2785 33.64
2786 39.24
2787 37.32
2788 44.0
2789 32.44
2790 35.88
2791 42.0
2792 40.8
2793 42.0
2794 44.4
2795 32.56
2796 34.08
2797 31.88
2798 34.36
2799 36.44
2800 32.44
2801 30.88
2802 28.92
2803 29.88
2804 32.12
2805 35.08
2806 35.88
2807 35.84
2808 42.4
2809 38.04
2810 40.0
2811 42.8
2812 37.96
2813 39.52
2814 42.0
2815 43.2
2816 37.88
2817 54.0
2818 44.8
2819 46.8
2820 40.0
2821 41.2
2822 44.0
2823 46.8
2824 44.4
2825 44.4
2826 29.36
2827 46.4
2828 38.28
2829 39.64
2830 33.96
2831 50.4
2832 41.6
2833 39.4
2834 21.56
2835 19.96
2836 40.4
2837 37.88
2838 26.28
2839 21.12
2840 38.6
2841 39.96
2842 31.44
2843 28.72
2844 31.72
2845 20.16
2846 8.76
2847 20.12
2848 19.36
2849 5.84
2850 18.68
2851 13.0
2852 17.92
2853 8.48
2854 17.44
2855 19.64
2856 13.92
2857 13.12
2858 12.56
2859 6.6
2860 19.04
2861 28.08
2862 27.12
2863 24.92
2864 23.24
2865 30.24
2866 26.92
2867 25.48
2868 19.68
2869 26.64
2870 41.2
2871 37.48
2872 35.76
2873 33.48
2874 38.56
2875 34.8
2876 26.88
2877 38.08
2878 30.56
2879 58.0
2880 36.64
2881 80.8
2882 69.2
2883 39.56
2884 86.0
2885 94.0
2886 97.6
2887 106.8
2888 98.4
2889 100.8
2890 125.6
2891 110.8
2892 95.2
2893 108.0
2894 110.8
2895 111.6
2896 110.0
2897 109.2
2898 79.6
2899 76.8
2900 60.8
2901 97.6
2902 30.8
2903 92.4
2904 96.8
2905 92.4
2906 92.0
2907 87.6
2908 80.0
2909 68.4
2910 69.6
2911 77.6
2912 95.2
2913 94.8
2914 100.8
2915 96.8
2916 95.2
2917 97.6
2918 88.8
2919 86.0
2920 91.6
2921 94.8
2922 102.0
2923 90.8
2924 100.8
2925 97.2
2926 97.2
2927 96.0
2928 98.0
2929 100.4
2930 99.6
2931 96.4
2932 100.0
2933 76.4
2934 52.4
2935 87.6
2936 97.2
2937 96.0
2938 96.0
2939 95.2
2940 94.0
2941 94.4
2942 63.6
2943 78.0
2944 107.6
2945 100.4
2946 90.4
2947 82.4
2948 84.4
2949 92.4
2950 70.0
2951 70.8
2952 77.2
2953 79.2
2954 72.8
2955 84.4
2956 80.0
2957 82.0
2958 58.4
2959 58.4
2960 29.6
2961 59.6
2962 41.2
2963 63.6
2964 56.0
2965 55.2
2966 70.4
2967 53.6
2968 41.2
2969 68.0
2970 59.6
2971 58.0
2972 67.6
2973 76.8
2974 77.6
2975 70.0
2976 87.2
2977 62.4
2978 60.0
2979 62.0
2980 72.0
2981 68.8
2982 68.0
2983 61.2
2984 67.2
2985 79.6
2986 73.2
2987 72.8
2988 66.4
2989 50.4
2990 63.2
2991 42.0
2992 54.8
2993 58.4
2994 60.4
2995 60.8
2996 57.6
2997 45.2
2998 50.4
2999 23.72
3000 29.44
3001 29.16
3002 30.12
3003 17.64
3004 14.4
3005 14.68
3006 4.32
3007 7.12
3008 12.08
3009 7.44
3010 15.04
3011 7.88
3012 18.64
3013 25.68
3014 6.68
3015 0.8
3016 1.04
3017 8.92
3018 7.36
3019 4.08
3020 19.44
3021 42.0
3022 14.6
3023 2.96
3024 0.52
3025 4.8
3026 4.32
3027 5.08
3028 4.76
3029 6.76
3030 4.32
3031 1.56
3032 7.72
3033 6.2
3034 2.16
3035 1.72
3036 4.24
3037 7.32
3038 4.64
3039 7.28
3040 8.44
3041 2.12
3042 2.08
3043 20.24
3044 15.52
3045 17.12
3046 16.76
3047 16.48
3048 10.8
3049 15.56
3050 12.4
3051 12.2
3052 16.88
3053 21.44
3054 21.16
3055 11.12
3056 7.68
3057 4.08
3058 32.64
3059 11.8
3060 28.32
3061 15.4
3062 12.0
3063 13.24
3064 11.4
3065 8.48
3066 8.4
3067 6.2
3068 12.2
3069 9.48
3070 7.56
3071 5.72
3072 10.04
3073 11.68
3074 10.72
3075 8.8
3076 8.84
3077 13.32
3078 13.08
3079 6.96
3080 6.4
3081 5.32
3082 4.16
3083 5.92
3084 5.76
3085 10.64
3086 14.4
3087 13.88
3088 3.24
3089 13.6
3090 8.12
3091 5.44
3092 12.68
3093 10.8
3094 10.6
3095 1.84
3096 0.76
3097 8.92
3098 6.16
3099 5.4
3100 3.72
3101 1.84
3102 1.2
3103 4.32
3104 6.64
3105 7.76
3106 3.88
3107 8.08
3108 6.84
3109 7.48
3110 7.4
3111 3.08
3112 6.08
3113 24.68
3114 10.32
3115 19.12
3116 18.44
3117 5.6
3118 5.28
3119 27.88
3120 18.44
3121 10.88
3122 23.68
3123 16.12
3124 19.72
3125 20.32
3126 2.76
3127 11.8
3128 14.56
3129 22.32
3130 21.48
3131 36.6
3132 49.2
3133 62.8
3134 59.6
3135 64.4
3136 66.0
3137 48.4
3138 66.8
3139 56.0
3140 43.2
3141 43.6
3142 46.8
3143 39.6
3144 58.8
3145 42.4
3146 61.6
3147 50.4
3148 39.2
3149 51.2
3150 34.36
3151 59.2
3152 62.8
3153 64.4
3154 60.8
3155 35.8
3156 56.0
3157 68.4
3158 54.8
3159 75.2
3160 56.4
3161 25.84
3162 48.0
3163 71.6
3164 70.0
3165 50.8
3166 39.68
3167 50.4
3168 37.92
3169 35.8
3170 36.64
3171 68.4
3172 49.6
3173 27.6
3174 31.48
3175 35.8
3176 36.24
3177 40.8
3178 33.4
3179 15.36
3180 9.44
3181 12.48
3182 15.6
3183 10.0
3184 36.56
3185 7.88
3186 38.04
3187 57.2
3188 36.2
3189 41.6
3190 44.0
3191 56.8
3192 42.4
3193 41.6
3194 35.48
3195 33.0
3196 58.0
3197 80.4
3198 66.8
3199 63.2
3200 48.4
3201 40.8
3202 25.24
3203 16.2
3204 29.36
3205 29.04
3206 30.88
3207 29.84
3208 23.4
3209 24.76
3210 15.12
3211 12.32
3212 19.0
3213 16.8
3214 6.28
3215 4.24
3216 78.0
3217 66.8
3218 21.6
3219 2.0
3220 10.36
3221 3.0
3222 1.2
3223 0.72
3224 11.32
3225 10.36
3226 21.88
3227 25.68
3228 16.36
3229 18.32
3230 12.48
3231 21.24
3232 15.76
3233 0.48
3234 19.2
3235 33.0
3236 24.16
3237 22.48
3238 26.64
3239 23.96
3240 33.04
3241 26.6
3242 35.24
3243 28.0
3244 31.52
3245 32.56
3246 40.4
3247 31.72
3248 40.4
3249 37.16
3250 48.8
3251 39.88
3252 27.8
3253 39.32
3254 39.88
3255 28.12
3256 23.24
3257 29.8
3258 20.16
3259 20.76
3260 19.2
3261 8.28
3262 34.92
3263 9.84
3264 4.76
3265 10.84
3266 24.4
3267 17.24
3268 8.92
3269 5.76
3270 2.6
3271 43.6
3272 19.96
3273 4.24
3274 4.4
3275 7.2
3276 3.64
3277 5.68
3278 6.6
3279 4.16
3280 5.0
3281 5.36
3282 4.72
3283 6.6
3284 4.96
3285 5.04
3286 7.84
3287 6.4
3288 5.56
3289 13.44
3290 38.24
3291 15.16
3292 23.72
3293 11.84
3294 35.96
3295 18.72
3296 15.04
3297 20.88
3298 19.08
3299 21.6
3300 19.12
3301 20.32
3302 2.32
3303 31.4
3304 17.76
3305 18.24
3306 14.64
3307 9.96
3308 25.84
3309 15.0
3310 8.76
3311 16.32
3312 17.32
3313 17.2
3314 13.24
3315 14.44
3316 16.92
3317 19.84
3318 6.96
3319 14.96
3320 22.76
3321 18.0
3322 13.84
3323 12.28
3324 15.28
3325 19.84
3326 4.08
3327 12.4
3328 0.6
3329 22.24
3330 8.12
3331 0.2
3332 18.84
3333 11.08
3334 11.4
3335 9.68
3336 12.12
3337 11.04
3338 11.68
3339 8.16
3340 10.96
3341 10.56
3342 13.04
3343 15.88
3344 41.6
3345 11.16
3346 15.84
3347 21.44
3348 24.32
3349 31.04
3350 35.48
3351 39.6
3352 21.04
3353 36.8
3354 38.96
3355 32.68
3356 31.64
3357 22.28
3358 8.4
3359 15.2
3360 32.68
3361 21.72
3362 17.24
3363 11.04
3364 16.8
3365 19.64
3366 15.36
3367 15.08
3368 9.84
3369 27.76
3370 38.56
3371 37.56
3372 36.84
3373 26.72
3374 33.4
3375 23.28
3376 20.36
3377 10.76
3378 6.52
3379 22.36
3380 16.68
3381 20.64
3382 25.04
3383 14.44
3384 8.04
3385 5.2
3386 5.28
3387 5.28
3388 6.48
3389 6.76
3390 5.96
3391 6.36
3392 6.92
3393 8.0
3394 9.72
3395 13.96
3396 16.16
3397 11.76
3398 14.08
3399 15.32
3400 18.92
3401 19.96
3402 22.92
3403 22.48
3404 14.92
3405 51.6
3406 21.84
3407 21.2
3408 23.76
3409 24.8
3410 22.8
3411 11.84
3412 29.84
3413 24.68
3414 19.96
3415 22.12
3416 20.28
3417 21.88
3418 21.76
3419 21.76
3420 21.96
3421 23.08
3422 20.76
3423 23.4
3424 20.96
3425 3.76
3426 0.2
3427 27.48
3428 7.12
3429 12.16
3430 2.2
3431 42.0
3432 11.96
3433 12.24
3434 1.68
3435 19.36
3436 8.84
3437 12.64
3438 1.92
3439 2.12
3440 1.44
3441 14.68
3442 0.12
3443 43.6
3444 36.48
3445 24.72
3446 9.24
3447 3.96
3448 11.72
3449 17.6
3450 16.56
3451 17.64
3452 21.32
3453 28.84
3454 36.32
3455 39.96
3456 41.2
3457 42.4
3458 33.32
3459 10.4
3460 24.68
3461 22.88
3462 26.04
3463 36.0
3464 13.2
3465 36.6
3466 36.28
3467 32.24
3468 35.52
3469 36.44
3470 24.24
3471 43.6
3472 28.84
3473 35.48
3474 44.8
3475 39.28
3476 39.28
3477 35.48
3478 40.4
3479 40.8
3480 35.28
3481 34.96
3482 41.6
3483 44.8
3484 43.2
3485 43.6
3486 40.4
3487 40.4
3488 44.0
3489 35.6
3490 37.88
3491 38.48
3492 30.36
3493 17.28
3494 36.4
3495 37.76
3496 36.84
3497 18.44
3498 0.96
3499 24.44
3500 17.12
3501 6.0
3502 13.76
3503 13.6
3504 26.92
3505 16.04
3506 17.92
3507 7.48
3508 10.16
3509 13.96
3510 14.96
3511 9.52
3512 1.88
3513 18.84
3514 17.0
3515 8.96
3516 11.92
3517 12.36
3518 23.2
3519 9.64
3520 2.08
3521 0.16
3522 0.08
3523 0.12
3524 4.0
3525 12.64
3526 9.16
3527 14.64
3528 21.92
3529 0.32
3530 4.8
3531 3.0
3532 3.32
3533 2.48
3534 0.8
3535 28.6
3536 39.48
3537 37.44
3538 50.0
3539 37.44
3540 41.6
3541 41.6
3542 47.6
3543 36.52
3544 37.2
3545 33.72
3546 27.64
3547 48.8
3548 46.8
3549 46.0
3550 24.28
3551 38.48
3552 48.8
3553 45.2
3554 50.0
3555 44.8
3556 51.2
3557 48.0
3558 55.2
3559 52.0
3560 48.8
3561 42.8
3562 44.4
3563 33.04
3564 28.76
3565 52.4
3566 42.4
3567 41.2
3568 45.2
3569 43.2
3570 40.0
3571 30.08
3572 48.0
3573 53.6
3574 54.0
3575 40.4
3576 46.0
3577 38.0
3578 39.4
3579 40.8
3580 11.8
3581 53.6
3582 53.6
3583 46.0
3584 44.8
3585 49.6
3586 45.6
3587 38.12
3588 44.8
3589 35.52
3590 30.84
3591 43.6
3592 23.68
3593 25.28
3594 30.72
3595 27.16
3596 12.4
3597 5.88
3598 9.72
3599 9.84
3600 8.88
3601 6.2
3602 9.32
3603 3.8
3604 0.8
3605 24.52
3606 7.48
3607 11.36
3608 12.0
3609 2.12
3610 6.4
3611 4.04
3612 8.0
3613 6.8
3614 6.6
3615 4.76
3616 4.96
3617 5.56
3618 5.2
3619 8.64
3620 8.88
3621 7.48
3622 10.88
3623 10.88
3624 11.56
3625 15.28
3626 15.96
3627 16.04
3628 5.2
3629 8.84
3630 28.64
3631 14.84
3632 12.68
3633 1.68
3634 11.16
3635 22.6
3636 12.76
3637 15.12
3638 13.56
3639 9.24
3640 9.72
3641 11.28
3642 12.92
3643 25.12
3644 21.24
3645 14.68
3646 18.16
3647 18.28
3648 18.12
3649 19.16
3650 23.08
3651 24.28
3652 20.32
3653 26.28
3654 24.36
3655 21.92
3656 9.68
3657 31.04
3658 14.4
3659 17.92
3660 16.16
3661 18.4
3662 20.48
3663 19.64
3664 22.6
3665 20.6
3666 21.8
3667 21.32
3668 20.88
3669 21.6
3670 23.32
3671 22.08
3672 22.52
3673 23.56
3674 20.36
3675 26.24
3676 37.52
3677 1.04
3678 0.2
3679 0.92
3680 11.84
3681 7.12
3682 3.68
3683 4.44
3684 0.08
3685 0.08
3686 2.2
3687 0.24
3688 0.16
3689 4.44
3690 0.44
3691 0.88
3692 1.2
3693 1.88
3694 0.16
3695 0.48
3696 2.6
3697 4.6
3698 3.68
3699 7.72
3700 8.92
3701 11.0
3702 9.12
3703 8.6
3704 8.2
3705 6.12
3706 5.48
3707 6.84
3708 6.88
3709 3.72
3710 3.28
3711 4.56
3712 6.56
3713 4.84
3714 6.16
3715 4.12
3716 6.92
3717 7.12
3718 8.48
3719 5.12
3720 6.48
3721 5.4
3722 8.68
3723 9.88
3724 11.68
3725 7.36
3726 6.6
3727 8.08
3728 7.2
3729 8.16
3730 6.2
3731 8.24
3732 8.04
3733 10.68
3734 10.4
3735 9.8
3736 8.44
3737 4.64
3738 4.28
3739 6.8
3740 6.6
3741 6.24
3742 5.24
3743 4.28
3744 4.68
3745 5.32
3746 5.48
3747 5.2
3748 5.68
3749 6.44
3750 9.0
3751 11.64
3752 8.32
3753 7.36
3754 7.48
3755 11.16
3756 11.12
3757 9.56
3758 11.24
3759 10.76
3760 8.8
3761 8.88
3762 10.08
3763 13.4
3764 12.6
3765 25.28
3766 52.0
3767 72.8
3768 54.8
3769 52.8
3770 72.8
3771 78.8
3772 92.0
3773 50.0
3774 54.8
3775 71.2
3776 69.2
3777 61.6
3778 79.6
3779 91.2
3780 80.0
3781 70.4
3782 65.6
3783 72.0
3784 54.0
3785 70.8
3786 71.6
3787 62.0
3788 62.8
3789 62.8
3790 45.6
3791 46.8
3792 42.8
3793 36.44
3794 44.8
3795 45.2
3796 32.36
3797 43.6
3798 39.92
3799 33.32
3800 40.4
3801 51.2
3802 38.6
3803 51.2
3804 71.6
3805 44.0
3806 36.24
3807 46.8
3808 51.2
3809 48.8
3810 38.68
3811 51.6
3812 54.0
3813 49.6
3814 51.6
3815 45.2
3816 68.4
3817 5.92
3818 4.04
3819 5.0
3820 3.72
3821 7.0
3822 10.48
3823 10.92
3824 8.36
3825 7.04
3826 5.92
3827 2.4
3828 4.32
3829 8.68
3830 10.8
3831 14.0
3832 9.08
3833 7.64
3834 9.4
3835 16.68
3836 15.4
3837 8.48
3838 5.6
3839 5.76
3840 6.24
3841 7.48
3842 7.6
3843 3.84
3844 7.0
3845 8.04
3846 8.68
3847 8.64
3848 8.36
3849 11.92
3850 14.84
3851 14.0
3852 9.6
3853 14.52
3854 11.48
3855 9.64
3856 11.8
3857 10.8
3858 11.2
3859 10.16
3860 11.76
3861 11.88
3862 12.84
3863 12.92
3864 12.84
3865 13.64
3866 8.36
3867 12.92
3868 12.92
3869 13.0
3870 7.92
3871 11.88
3872 11.56
3873 11.2
3874 11.4
3875 11.12
3876 9.84
3877 9.88
3878 9.28
3879 10.48
3880 10.16
3881 10.56
3882 18.48
3883 16.04
3884 13.96
3885 9.64
3886 8.28
3887 10.48
3888 15.0
3889 14.4
3890 16.16
3891 10.8
3892 11.96
3893 10.84
3894 9.36
3895 10.0
3896 9.64
3897 11.08
3898 13.24
3899 5.76
3900 5.28
3901 0.44
3902 3.48
3903 12.28
3904 11.84
3905 15.64
3906 16.2
3907 10.12
3908 5.88
3909 21.4
3910 1.32
3911 4.52
3912 11.72
3913 4.6
3914 4.68
3915 4.0
3916 12.16
3917 9.32
3918 3.56
3919 14.12
3920 21.08
3921 22.4
3922 27.28
3923 25.32
3924 22.64
3925 12.8
3926 12.32
3927 9.8
3928 19.16
3929 1.2
3930 39.88
3931 19.6
3932 15.2
3933 11.72
3934 6.6
3935 50.4
3936 17.36
3937 17.32
3938 17.44
3939 17.0
3940 22.56
3941 24.8
3942 15.56
3943 28.48
3944 24.88
3945 22.44
3946 22.56
3947 7.16
3948 7.56
3949 28.6
3950 5.92
3951 58.8
3952 44.4
3953 38.0
3954 39.0
3955 28.4
3956 34.72
3957 37.52
3958 40.8
3959 38.44
3960 30.24
3961 18.0
3962 11.52
3963 23.56
3964 55.2
3965 55.2
3966 57.6
3967 39.0
3968 47.6
3969 48.0
3970 50.0
3971 45.2
3972 44.8
3973 44.0
3974 52.0
3975 48.0
3976 39.52
3977 5.24
3978 25.72
3979 3.76
3980 12.0
3981 10.92
3982 12.68
3983 11.16
3984 15.0
3985 15.8
3986 7.08
3987 12.72
3988 3.12
3989 10.44
3990 12.36
3991 13.28
3992 9.4
3993 15.48
3994 12.12
3995 13.72
3996 14.16
3997 14.2
3998 13.16
3999 9.4
4000 13.68
4001 18.2
4002 15.0
4003 14.24
4004 10.88
4005 14.32
4006 14.2
4007 9.48
4008 10.04
4009 18.48
4010 17.32
4011 25.08
4012 23.16
4013 27.12
4014 26.24
4015 25.2
4016 24.12
4017 27.96
4018 29.36
4019 28.2
4020 23.24
4021 8.96
4022 31.32
4023 24.76
4024 16.56
4025 23.72
4026 21.84
4027 22.0
4028 18.36
4029 2.28
4030 18.44
4031 12.6
4032 15.08
4033 10.92
4034 5.76
4035 6.04
4036 10.24
4037 10.8
4038 13.2
4039 13.28
4040 14.72
4041 14.64
4042 2.2
4043 7.68
4044 13.64
4045 12.16
4046 11.36
4047 7.8
4048 9.56
4049 9.24
4050 9.72
4051 10.6
4052 4.24
4053 3.32
4054 3.16
4055 2.88
4056 2.64
4057 24.0
4058 21.2
4059 22.96
4060 21.04
4061 19.44
4062 17.2
4063 21.84
4064 14.64
4065 27.08
4066 16.6
4067 21.8
4068 9.6
4069 7.76
4070 14.76
4071 4.96
4072 2.08
4073 21.0
4074 39.48
4075 40.0
4076 38.24
4077 31.4
4078 11.16
4079 38.04
4080 30.16
4081 23.88
4082 15.56
4083 14.88
4084 14.48
4085 13.16
4086 11.32
4087 7.6
4088 32.32
4089 11.36
4090 0.8
4091 2.52
4092 3.68
4093 3.92
4094 7.84
4095 7.0
4096 5.92
4097 6.8
4098 6.04
4099 5.08
4100 7.88
4101 8.8
4102 8.0
4103 9.52
4104 9.08
4105 10.08
4106 13.72
4107 12.6
4108 12.68
4109 12.04
4110 18.84
4111 14.92
4112 18.0
4113 16.88
4114 21.12
4115 17.72
4116 21.08
4117 10.68
4118 32.44
4119 17.16
4120 15.36
4121 13.52
4122 9.6
4123 7.24
4124 6.64
4125 11.04
4126 10.84
4127 10.24
4128 8.88
4129 10.04
4130 10.92
4131 11.72
4132 9.84
4133 9.36
4134 12.4
4135 1.12
4136 3.64
4137 3.32
4138 0.52
4139 18.24
4140 7.56
4141 5.16
4142 20.88
4143 1.16
4144 6.72
4145 3.12
4146 4.4
4147 4.48
4148 5.48
4149 5.24
4150 1.32
4151 8.36
4152 3.36
4153 1.12
4154 8.8
4155 7.04
4156 3.4
4157 10.0
4158 13.92
4159 11.92
4160 13.0
4161 9.08
4162 12.76
4163 14.72
4164 11.2
4165 13.84
4166 16.08
4167 8.24
4168 13.92
4169 12.92
4170 26.08
4171 15.56
4172 13.8
4173 21.68
4174 27.48
4175 28.4
4176 33.52
4177 30.88
4178 7.48
4179 22.12
4180 88.0
4181 30.68
4182 19.44
4183 25.12
4184 21.56
4185 23.96
4186 24.12
4187 17.0
4188 16.12
4189 11.6
4190 9.96
4191 7.12
4192 9.6
4193 10.04
4194 9.2
4195 11.08
4196 7.72
4197 5.12
4198 5.24
4199 4.84
4200 6.76
4201 11.08
4202 10.0
4203 10.2
4204 12.88
4205 15.4
4206 17.24
4207 10.2
4208 1.08
4209 23.6
4210 15.6
4211 8.04
4212 23.36
4213 8.48
4214 18.12
4215 19.72
4216 11.4
4217 16.76
4218 14.68
4219 10.04
4220 16.0
4221 2.08
4222 44.4
4223 17.48
4224 5.56
4225 18.44
4226 24.16
4227 16.2
4228 30.28
4229 29.36
4230 34.24
4231 29.0
4232 16.64
4233 19.84
4234 20.36
4235 17.56
4236 38.52
4237 25.56
4238 0.8
4239 50.8
4240 13.2
4241 15.0
4242 17.04
4243 19.56
4244 22.2
4245 26.76
4246 29.52
4247 30.6
4248 27.76
4249 24.8
4250 18.96
4251 21.4
4252 25.68
4253 27.32
4254 21.32
4255 19.08
4256 26.32
4257 28.72
4258 23.8
4259 21.84
4260 25.88
4261 25.04
4262 27.6
4263 28.08
4264 31.32
4265 24.16
4266 22.92
4267 16.2
4268 26.24
4269 20.76
4270 25.84
4271 17.88
4272 17.08
4273 24.44
4274 14.56
4275 10.36
4276 6.08
4277 8.24
4278 11.24
4279 2.48
4280 8.32
4281 4.32
4282 6.24
4283 5.8
4284 12.0
4285 20.84
4286 4.2
4287 13.12
4288 11.68
4289 6.36
4290 18.24
4291 18.92
4292 19.6
4293 21.32
4294 7.16
4295 15.16
4296 17.24
4297 5.76
4298 13.16
4299 14.24
4300 15.76
4301 16.08
4302 15.92
4303 12.16
4304 10.08
4305 6.44
4306 1.36
4307 28.36
4308 12.84
4309 11.84
4310 7.6
4311 6.08
4312 4.84
4313 5.92
4314 6.8
4315 5.96
4316 7.92
4317 7.6
4318 5.24
4319 6.36
4320 4.6
4321 6.68
4322 6.72
4323 8.84
4324 9.48
4325 6.0
4326 8.48
4327 8.0
4328 6.24
4329 7.24
4330 7.92
4331 8.16
4332 7.48
4333 7.32
4334 10.28
4335 10.96
4336 7.48
4337 7.32
4338 8.68
4339 5.76
4340 4.84
4341 3.36
4342 4.64
4343 3.8
4344 3.72
4345 7.84
4346 9.6
4347 2.6
4348 9.36
4349 10.28
4350 16.08
4351 12.48
4352 12.92
4353 17.36
4354 23.24
4355 11.4
4356 19.72
4357 27.72
4358 28.36
4359 25.64
4360 29.92
4361 2.68
4362 19.6
4363 16.76
4364 22.4
4365 20.16
4366 22.0
4367 29.72
4368 17.8
4369 12.28
4370 15.4
4371 12.2
4372 3.16
4373 15.16
4374 6.16
4375 10.64
4376 18.08
4377 3.08
4378 24.76
4379 9.56
4380 42.0
4381 29.88
4382 23.12
4383 37.36
4384 35.04
4385 15.28
4386 33.84
4387 36.76
4388 37.12
4389 25.48
4390 54.0
4391 51.6
4392 66.4
4393 65.2
4394 65.6
4395 66.0
4396 65.2
4397 66.4
4398 69.2
4399 67.2
4400 69.6
4401 70.4
4402 70.4
4403 69.6
4404 62.4
4405 64.8
4406 70.0
4407 70.8
4408 69.6
4409 72.0
4410 65.6
4411 70.8
4412 72.0
4413 71.6
4414 69.2
4415 67.2
4416 68.0
4417 67.2
4418 68.4
4419 68.0
4420 66.8
4421 67.6
4422 69.6
4423 65.2
4424 56.8
4425 66.8
4426 72.4
4427 66.0
4428 65.2
4429 61.6
4430 9.36
4431 18.6
4432 41.2
4433 40.8
4434 37.96
4435 34.88
4436 35.84
4437 29.12
4438 11.36
4439 13.32
4440 4.92
4441 34.36
4442 19.8
4443 18.24
4444 8.08
4445 16.64
4446 25.52
4447 8.6
4448 23.76
4449 21.76
4450 28.12
4451 23.48
4452 28.2
4453 24.76
4454 9.36
4455 21.76
4456 18.96
4457 23.08
4458 13.64
4459 18.12
4460 22.36
4461 28.32
4462 28.16
4463 38.96
4464 35.84
4465 30.92
4466 24.88
4467 36.16
4468 35.0
4469 35.08
4470 26.84
4471 28.28
4472 33.64
4473 33.96
4474 32.2
4475 31.64
4476 32.08
4477 36.08
4478 38.16
4479 32.72
4480 13.72
4481 38.56
4482 50.4
4483 44.4
4484 46.0
4485 49.6
4486 46.4
4487 46.8
4488 45.6
4489 47.2
4490 50.0
4491 46.8
4492 48.0
4493 45.2
4494 47.6
4495 47.2
4496 49.2
4497 47.6
4498 49.6
4499 48.8
4500 44.4
4501 37.92
4502 33.72
4503 36.8
4504 42.0
4505 43.2
4506 43.6
4507 44.0
4508 44.0
4509 48.4
4510 46.8
4511 46.0
4512 46.0
4513 45.2
4514 46.0
4515 42.4
4516 39.4
4517 55.6
4518 41.2
4519 43.6
4520 39.44
4521 42.4
4522 39.6
4523 38.24
4524 31.96
4525 37.44
4526 41.6
4527 41.2
4528 37.36
4529 42.8
4530 35.28
4531 16.88
4532 34.52
4533 26.68
4534 49.6
4535 42.4
4536 44.0
4537 30.64
4538 31.96
4539 36.96
4540 40.8
4541 35.4
4542 31.0
4543 32.92
4544 30.96
4545 28.4
4546 33.2
4547 29.92
4548 27.24
4549 16.76
4550 17.92
4551 50.8
4552 44.4
4553 36.4
4554 38.96
4555 31.24
4556 23.76
4557 7.48
4558 8.4
4559 9.16
4560 9.36
4561 9.4
4562 7.88
4563 11.84
4564 11.48
4565 11.68
4566 10.0
4567 19.24
4568 24.32
4569 15.72
4570 17.24
4571 20.28
4572 23.64
4573 20.24
4574 21.8
4575 22.12
4576 21.8
4577 24.44
4578 23.36
4579 22.28
4580 22.6
4581 20.0
4582 22.12
4583 24.08
4584 21.16
4585 24.28
4586 26.76
4587 25.44
4588 25.84
4589 19.96
4590 16.96
4591 30.6
4592 23.84
4593 19.68
4594 18.48
4595 12.04
4596 21.92
4597 17.12
4598 20.32
4599 15.68
4600 19.68
4601 22.76
4602 19.24
4603 22.08
4604 19.32
4605 13.6
4606 18.4
4607 13.8
4608 17.2
4609 8.0
4610 8.48
4611 15.68
4612 10.76
4613 4.44
4614 18.8
4615 3.0
4616 17.04
4617 30.56
4618 25.96
4619 20.92
4620 24.6
4621 17.88
4622 5.96
4623 19.2
4624 19.88
4625 10.96
4626 11.76
4627 5.32
4628 31.44
4629 11.84
4630 10.92
4631 12.68
4632 6.48
4633 2.84
4634 5.52
4635 9.24
4636 8.96
4637 5.92
4638 16.24
4639 8.6
4640 7.68
4641 9.08
4642 8.08
4643 11.8
4644 8.0
4645 9.04
4646 7.6
4647 10.4
4648 9.92
4649 13.96
4650 10.72
4651 2.6
4652 1.96
4653 15.2
4654 8.56
4655 8.8
4656 6.2
4657 7.76
4658 10.08
4659 7.04
4660 10.12
4661 9.48
4662 12.04
4663 10.68
4664 9.6
4665 7.76
4666 10.92
4667 12.32
4668 11.32
4669 11.24
4670 12.48
4671 8.28
4672 7.36
4673 5.76
4674 8.72
4675 4.28
4676 7.72
4677 7.12
4678 4.36
4679 2.84
4680 2.36
4681 1.32
4682 12.48
4683 7.04
4684 3.24
4685 0.92
4686 1.84
4687 1.84
4688 6.2
4689 43.2
4690 37.4
4691 45.2
4692 62.8
4693 56.4
4694 50.4
4695 22.88
4696 58.4
4697 35.68
4698 37.92
4699 73.2
4700 73.6
4701 72.4
4702 58.4
4703 72.0
4704 51.2
4705 21.44
4706 61.6
4707 67.6
4708 62.0
4709 58.4
4710 74.8
4711 49.2
4712 73.6
4713 75.2
4714 73.2
4715 71.2
4716 60.8
4717 57.6
4718 63.2
4719 72.4
4720 68.0
4721 69.2
4722 69.6
4723 75.6
4724 64.0
4725 66.0
4726 66.8
4727 67.2
4728 68.4
4729 66.4
4730 66.8
4731 67.6
4732 70.0
4733 73.2
4734 72.8
4735 72.8
4736 59.2
4737 72.8
4738 71.2
4739 72.8
4740 72.0
4741 46.8
4742 90.4
4743 71.6
4744 72.0
4745 73.2
4746 72.8
4747 71.6
4748 70.8
4749 74.0
4750 72.8
4751 73.6
4752 71.6
4753 73.2
4754 72.8
4755 64.4
4756 73.2
4757 70.4
4758 73.2
4759 73.6
4760 61.6
4761 59.2
4762 62.4
4763 47.6
4764 33.92
4765 39.8
4766 53.6
4767 43.6
4768 48.4
4769 46.4
4770 33.16
4771 39.12
4772 40.4
4773 25.32
4774 30.0
4775 27.6
4776 32.24
4777 6.08
4778 0.88
4779 12.48
4780 3.84
4781 3.72
4782 2.64
4783 0.6
4784 5.24
4785 7.24
4786 4.68
4787 5.96
4788 7.76
4789 3.88
4790 8.04
4791 6.2
4792 11.24
4793 11.4
4794 2.88
4795 2.12
4796 2.56
4797 2.88
4798 2.76
4799 3.68
4800 18.68
4801 19.84
4802 21.84
4803 8.0
4804 4.44
4805 9.68
4806 6.6
4807 5.68
4808 4.92
4809 3.72
4810 4.44
4811 4.6
4812 5.32
4813 4.16
4814 3.32
4815 7.72
4816 4.88
4817 4.96
4818 6.12
4819 6.72
4820 2.2
4821 2.76
4822 1.76
4823 2.4
4824 6.0
4825 22.08
4826 13.36
4827 3.96
4828 8.64
4829 9.2
4830 14.04
4831 18.68
4832 17.76
4833 20.16
4834 19.32
4835 16.04
4836 9.36
4837 13.36
4838 10.64
4839 8.72
4840 9.6
4841 7.0
4842 5.16
4843 6.32
4844 8.6
4845 5.16
4846 7.4
4847 7.36
4848 6.88
4849 8.48
4850 7.92
4851 8.68
4852 0.28
4853 7.0
4854 5.8
4855 10.76
4856 7.6
4857 4.32
4858 6.2
4859 6.56
4860 0.68
4861 4.12
4862 6.4
4863 4.8
4864 5.88
4865 5.12
4866 5.64
4867 5.8
4868 5.76
4869 4.08
4870 0.28
4871 8.84
4872 4.8
4873 4.64
4874 5.36
4875 5.76
4876 5.84
4877 5.84
4878 5.48
4879 5.64
4880 5.44
4881 5.64
4882 0.96
4883 10.56
4884 1.32
4885 3.76
4886 2.76
4887 1.8
4888 0.16
4889 1.0
4890 0.24
4891 0.16
4892 0.08
4893 0.28
4894 4.44
4895 2.16
4896 2.36
4897 4.32
4898 6.28
4899 4.36
4900 3.2
4901 5.76
4902 5.72
4903 12.44
4904 21.2
4905 28.88
4906 22.84
4907 14.0
4908 15.4
