0 60.4
1 128.4
2 142.4
3 130.8
4 126.8
5 144.4
6 139.6
7 139.6
8 128.4
9 112.0
10 136.0
11 140.4
12 142.0
13 139.2
14 140.4
15 139.6
16 135.2
17 132.8
18 148.4
19 135.2
20 117.2
21 110.0
22 120.4
23 119.2
24 124.4
25 117.6
26 114.0
27 52.8
28 44.0
29 124.0
30 150.4
31 150.4
32 146.0
33 156.0
34 157.2
35 158.0
36 153.6
37 130.0
38 30.4
39 43.2
40 43.2
41 69.2
42 82.0
43 99.2
44 150.8
45 156.0
46 132.4
47 129.6
48 144.4
49 150.4
50 143.6
51 156.8
52 142.4
53 158.8
54 147.2
55 143.2
56 142.0
57 131.6
58 144.0
59 142.4
60 147.6
61 151.2
62 152.8
63 154.4
64 155.2
65 154.0
66 158.8
67 132.0
68 159.2
69 149.2
70 158.0
71 156.8
72 157.6
73 161.6
74 157.6
75 156.8
76 158.4
77 154.8
78 138.0
79 107.2
80 104.8
81 132.4
82 114.4
83 111.6
84 109.6
85 110.4
86 118.0
87 157.6
88 160.4
89 143.2
90 142.4
91 158.4
92 151.2
93 31.96
94 52.8
95 40.4
96 34.92
97 41.2
98 40.8
99 42.4
100 38.64
101 39.96
102 40.0
103 40.8
104 42.0
105 46.8
106 52.8
107 53.2
108 53.2
109 50.8
110 55.2
111 54.4
112 42.8
113 27.64
114 39.04
115 39.88
116 40.0
117 40.4
118 41.2
119 42.0
120 36.04
121 40.0
122 38.32
123 35.76
124 35.72
125 36.04
126 35.8
127 37.48
128 33.28
129 31.96
130 29.2
131 25.68
132 65.6
133 75.2
134 96.8
135 90.8
136 58.8
137 22.96
138 41.2
139 46.8
140 67.2
141 50.8
142 47.6
143 62.4
144 56.8
145 82.0
146 96.8
147 99.2
148 102.4
149 92.4
150 104.8
151 93.2
152 68.8
153 8.76
154 4.32
155 22.76
156 14.28
157 14.28
158 11.44
159 11.8
160 39.84
161 41.2
162 46.8
163 44.8
164 47.6
165 50.0
166 54.4
167 68.4
168 73.6
169 82.4
170 74.4
171 82.4
172 70.8
173 66.8
174 84.0
175 72.4
176 58.8
177 36.92
178 47.6
179 33.32
180 0.0
181 20.88
182 0.0
183 3.24
184 19.28
185 0.0
186 0.0
187 0.0
188 0.0
189 0.0
190 0.0
191 0.0
192 0.0
193 6.32
194 0.0
195 3.08
196 0.0
197 0.0
198 2.64
199 0.0
200 4.36
201 0.0
202 0.0
203 10.92
204 0.0
205 0.0
206 6.76
207 11.2
208 13.92
209 17.04
210 14.28
211 11.6
212 18.24
213 17.72
214 18.2
215 17.04
216 13.76
217 26.48
218 28.08
219 27.64
220 28.08
221 29.32
222 15.84
223 15.68
224 31.52
225 27.4
226 39.4
227 32.84
228 29.44
229 38.16
230 26.28
231 48.8
232 16.2
233 44.0
234 52.0
235 56.4
236 36.36
237 82.0
238 114.0
239 60.0
240 22.32
241 37.68
242 38.32
243 37.84
244 75.2
245 71.6
246 66.0
247 81.6
248 80.4
249 78.0
250 70.0
251 61.2
252 51.6
253 64.0
254 59.6
255 65.6
256 86.4
257 86.4
258 91.6
259 91.2
260 80.8
261 86.0
262 84.4
263 74.4
264 85.2
265 83.6
266 70.4
267 80.8
268 72.0
269 60.8
270 69.6
271 70.0
272 76.0
273 80.4
274 78.4
275 58.8
276 49.2
277 64.8
278 45.6
279 54.4
280 56.4
281 67.2
282 71.6
283 79.6
284 77.2
285 78.0
286 83.2
287 68.0
288 48.0
289 102.8
290 106.8
291 95.2
292 77.6
293 81.6
294 74.8
295 76.4
296 81.6
297 80.0
298 87.2
299 84.8
300 45.6
301 38.92
302 44.8
303 42.8
304 46.8
305 49.2
306 46.0
307 38.32
308 32.04
309 19.44
310 98.0
311 77.6
312 80.8
313 77.2
314 52.8
315 48.4
316 48.8
317 52.8
318 85.2
319 83.6
320 40.4
321 28.32
322 23.64
323 32.12
324 27.24
325 27.36
326 12.16
327 63.6
328 73.2
329 66.0
330 8.4
331 31.88
332 23.76
333 23.36
334 31.84
335 30.84
336 19.12
337 34.92
338 20.4
339 22.24
340 15.56
341 23.36
342 25.04
343 24.44
344 16.72
345 12.32
346 16.12
347 23.88
348 27.96
349 19.12
350 17.32
351 21.2
352 22.64
353 21.92
354 14.92
355 9.12
356 16.32
357 16.64
358 14.56
359 18.92
360 21.28
361 21.96
362 19.72
363 14.48
364 13.16
365 13.48
366 15.76
367 26.4
368 27.64
369 24.96
370 23.28
371 24.84
372 22.68
373 27.48
374 33.72
375 28.16
376 22.0
377 26.2
378 36.0
379 39.4
380 34.44
381 34.4
382 32.28
383 31.0
384 29.36
385 27.04
386 23.72
387 24.64
388 30.08
389 27.36
390 24.96
391 26.64
392 25.96
393 28.28
394 26.2
395 22.32
396 24.2
397 26.12
398 30.24
399 29.28
400 27.76
401 32.24
402 29.24
403 26.24
404 23.6
405 19.36
406 17.68
407 26.16
408 27.72
409 26.44
410 31.72
411 32.64
412 31.04
413 36.24
414 22.76
415 36.24
416 30.4
417 22.48
418 29.72
419 31.44
420 27.0
421 27.48
422 27.28
423 29.2
424 28.6
425 32.08
426 25.88
427 31.6
428 31.04
429 34.12
430 30.68
431 36.12
432 37.6
433 19.48
434 36.64
435 18.04
436 28.28
437 30.2
438 29.8
439 34.48
440 28.32
441 30.4
442 35.4
443 31.68
444 27.0
445 26.08
446 26.04
447 27.24
448 25.68
449 29.4
450 25.0
451 32.72
452 33.64
453 32.4
454 29.76
455 32.52
456 33.8
457 32.72
458 29.48
459 28.68
460 13.24
461 0.12
462 21.04
463 41.2
464 60.0
465 56.4
466 60.8
467 57.6
468 53.6
469 58.8
470 52.0
471 40.4
472 41.6
473 49.6
474 54.8
475 51.6
476 56.4
477 61.2
478 53.6
479 66.4
480 56.0
481 44.8
482 54.8
483 46.4
484 74.0
485 85.6
486 85.2
487 84.4
488 78.4
489 74.8
490 74.4
491 65.6
492 16.96
493 23.28
494 23.32
495 26.92
496 18.28
497 21.68
498 12.2
499 26.76
500 46.4
501 49.6
502 43.6
503 43.2
504 48.8
505 50.0
506 56.0
507 50.0
508 52.8
509 58.8
510 54.0
511 43.2
512 46.0
513 41.2
514 44.0
515 46.4
516 47.2
517 45.6
518 39.48
519 36.88
520 52.8
521 48.8
522 45.2
523 48.4
524 46.8
525 46.0
526 38.76
527 43.6
528 46.4
529 46.0
530 41.2
531 38.2
532 35.6
533 33.04
534 21.0
535 10.56
536 24.28
537 17.96
538 8.28
539 12.96
540 15.0
541 9.64
542 8.28
543 26.04
544 30.6
545 37.8
546 39.96
547 44.4
548 46.8
549 45.2
550 57.6
551 66.4
552 73.6
553 67.6
554 87.2
555 97.6
556 92.4
557 83.2
558 97.2
559 88.4
560 93.2
561 89.2
562 87.6
563 87.6
564 87.2
565 92.0
566 91.2
567 81.6
568 88.8
569 96.8
570 91.6
571 92.8
572 96.0
573 97.2
574 101.6
575 94.0
576 91.2
577 88.4
578 94.4
579 96.0
580 87.2
581 90.4
582 96.0
583 97.6
584 98.0
585 91.6
586 99.2
587 90.4
588 96.4
589 77.6
590 105.6
591 89.2
592 97.6
593 92.8
594 97.6
595 97.2
596 94.0
597 89.6
598 91.2
599 98.4
600 94.8
601 96.8
602 67.2
603 52.4
604 67.2
605 76.0
606 92.4
607 89.6
608 89.6
609 88.4
610 90.4
611 89.6
612 94.0
613 86.8
614 87.6
615 78.8
616 96.8
617 82.4
618 84.4
619 96.8
620 97.6
621 97.2
622 57.6
623 54.4
624 55.2
625 57.6
626 44.8
627 41.2
628 47.6
629 51.2
630 54.8
631 40.0
632 35.0
633 39.32
634 33.16
635 37.72
636 86.8
637 91.2
638 88.8
639 87.6
640 81.2
641 92.8
642 86.0
643 89.2
644 86.4
645 79.2
646 89.6
647 82.0
648 91.2
649 100.4
650 98.0
651 96.0
652 90.4
653 90.0
654 86.0
655 96.0
656 85.6
657 90.4
658 84.0
659 88.8
660 88.0
661 87.6
662 76.8
663 92.0
664 91.2
665 87.2
666 80.4
667 36.84
668 45.2
669 50.4
670 52.8
671 51.6
672 60.8
673 56.0
674 64.0
675 66.0
676 56.4
677 54.4
678 46.0
679 53.2
680 58.0
681 44.0
682 60.0
683 48.8
684 45.6
685 46.4
686 33.24
687 39.52
688 43.2
689 27.92
690 26.32
691 16.2
692 33.76
693 43.2
694 40.8
695 44.0
696 43.6
697 49.2
698 52.0
699 54.0
700 54.4
701 55.2
702 55.2
703 56.0
704 54.8
705 48.8
706 47.6
707 46.8
708 52.4
709 56.8
710 56.8
711 58.4
712 63.2
713 60.0
714 61.6
715 61.2
716 56.8
717 50.4
718 46.8
719 42.4
720 36.72
721 32.2
722 28.68
723 25.6
724 21.12
725 20.2
726 29.36
727 32.76
728 32.16
729 40.8
730 49.6
731 81.2
732 84.8
733 81.6
734 90.0
735 85.6
736 56.8
737 47.2
738 68.8
739 78.0
740 82.0
741 76.4
742 87.6
743 74.0
744 96.0
745 92.0
746 86.4
747 83.6
748 68.8
749 87.2
750 92.8
751 97.6
752 82.4
753 89.2
754 86.0
755 90.0
756 84.0
757 96.8
758 96.0
759 27.08
760 43.2
761 46.4
762 41.6
763 44.4
764 49.6
765 45.2
766 48.8
767 29.2
768 47.6
769 56.0
770 53.2
771 58.8
772 54.4
773 54.8
774 53.2
775 52.8
776 48.8
777 54.0
778 54.0
779 53.2
780 48.8
781 44.8
782 45.2
783 37.56
784 34.52
785 50.0
786 44.4
787 48.0
788 51.6
789 49.2
790 53.6
791 56.4
792 104.8
793 87.6
794 40.0
795 44.0
796 59.6
797 63.2
798 62.8
799 60.0
800 61.2
801 58.0
802 44.8
803 66.8
804 115.2
805 122.4
806 112.0
807 60.4
808 88.8
809 120.4
810 128.4
811 132.4
812 139.2
813 136.8
814 130.8
815 89.2
816 89.6
817 125.6
818 128.4
819 121.6
820 115.2
821 70.0
822 114.4
823 130.0
824 134.4
825 134.8
826 140.0
827 141.6
828 134.0
829 132.4
830 133.2
831 124.4
832 123.6
833 75.6
834 76.8
835 83.2
836 86.8
837 88.0
838 82.8
839 90.4
840 82.0
841 77.2
842 78.8
843 73.6
844 83.6
845 88.4
846 84.0
847 85.6
848 89.2
849 88.8
850 86.4
851 96.8
852 91.6
853 96.8
854 87.6
855 79.6
856 38.4
857 86.8
858 91.2
859 103.6
860 104.8
861 101.6
862 82.8
863 34.4
864 56.0
865 54.8
866 56.4
867 57.2
868 55.2
869 54.8
870 50.8
871 50.8
872 55.2
873 49.6
874 51.2
875 53.6
876 52.0
877 42.8
878 55.6
879 58.0
880 60.8
881 55.6
882 56.4
883 53.2
884 58.8
885 59.2
886 60.8
887 51.6
888 69.2
889 59.2
890 59.6
891 55.2
892 48.4
893 57.6
894 62.4
895 62.8
896 61.6
897 60.4
898 60.8
899 60.4
900 60.8
901 61.2
902 53.2
903 52.8
904 62.8
905 56.4
906 68.0
907 122.8
908 126.4
909 120.4
910 125.6
911 104.8
912 62.8
913 73.2
914 73.2
915 72.4
916 60.4
917 82.8
918 58.8
919 64.0
920 38.92
921 117.2
922 79.6
923 49.2
924 44.4
925 63.2
926 67.2
927 64.0
928 71.6
929 73.2
930 55.6
931 56.8
932 70.4
933 68.8
934 67.6
935 68.0
936 70.4
937 56.4
938 60.4
939 60.8
940 68.0
941 70.4
942 66.0
943 64.8
944 64.0
945 63.2
946 55.6
947 59.6
948 66.4
949 65.6
950 46.4
951 105.2
952 116.8
953 116.4
954 102.8
955 70.0
956 92.0
957 97.6
958 106.8
959 95.6
960 95.6
961 114.8
962 106.0
963 108.4
964 119.2
965 117.6
966 132.8
967 114.4
968 137.2
969 149.2
970 152.4
971 123.6
972 135.2
973 124.0
974 125.6
975 141.2
976 138.8
977 126.8
978 147.2
979 142.0
980 156.4
981 147.6
982 136.0
983 140.8
984 133.6
985 141.6
986 142.0
987 147.6
988 144.0
989 138.0
990 126.8
991 113.6
992 149.6
993 148.4
994 147.6
995 136.4
996 137.6
997 144.0
998 147.6
999 144.4
1000 137.2
1001 134.4
1002 139.6
1003 136.4
1004 135.6
1005 130.8
1006 141.6
1007 144.0
1008 125.6
1009 122.4
1010 145.2
1011 150.4
1012 148.4
1013 141.2
1014 142.4
1015 143.2
1016 146.0
1017 143.6
1018 145.6
1019 139.6
1020 146.4
1021 144.4
1022 143.2
1023 148.8
1024 146.4
1025 141.6
1026 136.8
1027 138.0
1028 140.8
1029 124.4
1030 146.8
1031 150.8
1032 147.6
1033 149.6
1034 144.0
1035 141.6
1036 142.0
1037 136.8
1038 133.6
1039 144.0
1040 146.4
1041 145.6
1042 149.6
1043 147.6
1044 142.4
1045 140.0
1046 137.6
1047 142.4
1048 142.4
1049 149.2
1050 146.4
1051 149.2
1052 145.2
1053 138.0
1054 140.8
1055 144.4
1056 144.4
1057 142.8
1058 147.6
1059 142.8
1060 148.8
1061 144.8
1062 130.0
1063 157.6
1064 143.6
1065 145.6
1066 143.6
1067 144.4
1068 127.6
1069 118.4
1070 144.4
1071 143.2
