0 71.6
1 70.8
2 71.2
3 81.2
4 60.4
5 76.8
6 70.8
7 68.8
8 62.4
9 62.0
10 74.0
11 74.0
12 62.8
13 57.6
14 62.4
15 55.6
16 50.8
17 49.6
18 52.0
19 51.6
20 52.4
21 56.8
22 56.0
23 60.8
24 48.0
25 40.8
26 56.8
27 56.0
28 63.6
29 49.2
30 48.0
31 45.2
32 29.32
33 38.32
34 45.6
35 42.4
36 38.88
37 42.0
38 49.6
39 40.0
40 24.88
41 29.04
42 37.4
43 46.8
44 45.6
45 39.68
46 39.28
47 47.6
48 67.6
49 53.6
50 40.8
51 32.28
52 37.4
53 56.4
54 49.2
55 51.6
56 48.0
57 42.0
58 26.0
59 41.2
60 41.2
61 42.4
62 35.64
63 38.88
64 45.6
65 35.64
66 5.72
67 8.48
68 3468.0
69 7.64
70 6.72
71 7.08
72 10.12
73 9.16
74 9.88
75 10.8
76 8.68
77 12.84
78 9.04
79 17.04
80 13.76
81 13.04
82 11.84
83 3248.0
84 10.28
85 17.0
86 3420.0
87 11.56
88 10.28
89 7.76
90 5.8
91 7.72
92 7.48
93 3684.0
94 5.52
95 10.84
96 6.12
97 13.52
98 6.2
99 0.0
100 23.8
101 13.48
102 15.48
103 16.12
104 4.12
105 15.64
106 11.08
107 17.68
108 25.6
109 17.08
110 2556.0
111 6.68
112 6.24
113 6.32
114 0.0
115 17.92
116 35.36
117 33.84
118 45.2
119 40.8
120 40.8
121 32.64
122 29.92
123 28.84
124 22.68
125 18.76
126 24.4
127 47.6
128 50.4
129 51.2
130 57.2
131 61.2
132 62.0
133 62.4
134 57.2
135 61.2
136 48.0
137 52.4
138 55.6
139 57.6
140 54.8
141 39.4
142 44.0
143 52.8
144 53.2
145 51.6
146 52.0
147 65.2
148 57.6
149 58.8
150 58.8
151 60.0
152 58.4
153 62.4
154 56.4
155 62.0
156 66.4
157 43.6
158 40.8
159 45.6
160 23.52
161 27.6
162 42.8
163 38.92
164 20.44
165 32.0
166 28.96
167 32.72
168 29.44
169 28.68
170 29.88
171 28.24
172 30.2
173 30.4
174 23.36
175 39.04
176 29.96
177 28.12
178 31.68
179 30.0
180 30.68
181 31.2
182 30.88
183 30.52
184 31.12
185 32.44
186 20.76
187 28.4
188 18.24
189 30.24
190 26.88
191 17.96
192 28.12
193 30.4
194 19.2
195 21.36
196 18.84
197 29.64
198 25.88
199 27.68
200 24.28
201 20.76
202 2856.0
203 0.0
204 31.24
205 27.28
206 27.04
207 29.88
208 31.64
209 28.8
210 32.36
211 27.48
212 23.28
213 25.0
214 27.72
215 16.56
216 1732.0
217 5.76
218 1128.0
219 0.0
220 1648.0
221 37.36
222 12.68
223 14.28
224 23.24
225 24.8
226 22.8
227 21.68
228 35.28
229 24.04
230 36.08
231 17.76
232 31.28
233 29.04
234 30.48
235 28.16
236 29.88
237 31.44
238 33.64
239 26.68
240 24.48
241 29.92
242 23.76
243 33.16
244 24.16
245 25.04
246 36.28
247 21.76
248 26.76
249 24.08
250 19.8
251 26.12
252 28.68
253 24.96
254 43.2
255 41.2
256 42.4
257 49.6
258 37.0
259 41.2
260 42.0
261 46.8
262 37.28
263 46.4
264 51.2
265 42.8
266 37.6
267 22.96
268 13.8
269 22.2
270 28.44
271 33.4
272 25.68
273 30.4
274 43.6
275 38.56
276 13.84
277 0.0
278 18.0
279 17.0
280 20.32
281 16.28
282 10.72
283 2728.0
284 216.4
285 0.0
286 0.0
287 23.68
288 19.68
289 23.52
290 14.72
291 21.24
292 7.68
293 6.84
294 34.48
295 10.8
296 11.8
297 26.6
298 11.64
299 0.0
300 18.6
301 23.04
302 26.84
303 29.84
304 26.04
305 25.16
306 31.12
307 40.4
308 37.4
309 19.48
310 45.6
311 17.8
312 24.88
313 7.48
314 43.2
315 11.56
316 7.36
317 9.2
318 7.88
319 3076.0
320 996.0
321 17.36
322 15.8
323 21.64
324 9.76
325 13.0
326 18.4
327 14.44
328 11.48
329 19.2
330 15.4
331 19.8
332 32.28
333 25.52
334 21.76
335 20.52
336 27.4
337 5.36
338 9.0
339 14.64
340 2036.0
341 5.72
342 0.0
343 86.8
344 0.0
345 4.24
346 3424.0
347 4.56
348 5.56
349 8.32
350 14.92
351 11.52
352 16.48
353 12.32
354 17.92
355 23.36
356 35.76
357 28.64
358 29.64
359 27.4
360 21.04
361 4.8
362 34.04
363 13.68
364 18.8
365 19.32
366 24.64
367 33.84
368 34.8
369 36.64
370 31.32
371 42.4
372 28.72
373 41.2
374 37.68
375 31.12
376 32.72
377 29.08
378 26.32
379 24.16
380 36.92
381 36.04
382 33.8
383 33.04
384 22.04
385 34.04
386 36.08
387 47.2
388 38.6
389 29.24
390 13.04
391 1300.0
392 12.76
393 9.24
394 18.04
395 14.8
396 13.68
397 6.96
398 17.68
399 5.32
400 5.52
401 8.16
402 7.16
403 4.04
404 5.4
405 9.24
406 6.84
407 9.6
408 13.36
409 11.32
410 13.64
411 14.4
412 13.96
413 10.76
414 7.36
415 11.68
416 12.84
417 15.56
418 18.6
419 6.76
420 43.2
421 303.6
422 13.88
423 14.76
424 15.92
425 13.56
426 16.36
427 17.48
428 21.52
429 22.08
430 26.44
431 31.6
432 31.76
433 43.6
434 47.6
435 19.56
436 28.04
437 23.64
438 15.48
439 18.96
440 21.48
441 21.72
442 17.48
443 10.4
444 11.32
445 28.16
446 27.4
447 44.4
448 44.8
449 40.4
450 57.2
451 49.6
452 47.2
453 43.6
454 24.4
455 38.36
456 53.6
457 61.6
458 69.2
459 54.0
460 63.2
461 58.4
462 55.2
463 44.4
464 7.6
465 35.44
466 22.36
467 17.88
468 14.64
469 10.24
470 14.16
471 9.52
472 692.0
473 9.28
474 7.84
475 7.8
476 6.4
477 6.44
478 7.32
479 7.68
480 7.68
481 7.68
482 11.52
483 11.12
484 16.96
485 14.96
486 15.56
487 16.28
488 10.8
489 10.88
490 7.92
491 5.56
492 3076.0
493 8.16
494 7.6
495 7.96
496 4.76
497 6.52
498 2340.0
499 5.76
500 5.6
501 7.24
502 6.16
503 5.88
504 3508.0
505 5.84
506 12.16
507 11.08
508 17.2
509 18.4
510 20.24
511 18.4
512 19.16
513 38.96
514 42.4
515 41.2
516 43.2
517 39.72
518 36.84
519 39.68
520 48.8
521 34.84
522 47.2
523 43.2
524 44.0
525 33.36
526 29.96
527 32.76
528 39.52
529 42.8
530 50.8
531 48.8
532 48.8
533 46.4
534 43.6
535 42.8
536 52.0
537 35.48
538 33.44
539 42.8
540 42.0
541 39.0
542 39.76
543 40.4
544 32.0
545 45.2
546 38.84
547 42.0
548 49.2
549 54.0
550 41.2
551 47.6
552 50.8
553 52.4
554 48.8
555 31.64
556 38.16
557 53.2
558 47.6
559 45.6
560 51.2
561 50.0
562 50.8
563 48.4
564 51.2
565 54.4
566 50.0
567 41.6
568 35.56
569 38.72
570 41.2
571 39.88
572 46.0
573 41.2
574 36.68
575 45.6
576 49.2
577 39.64
578 34.44
579 54.0
580 46.8
581 49.2
582 52.4
583 47.2
584 40.4
585 37.88
586 44.4
587 51.2
588 50.0
589 32.2
590 27.2
591 12.36
592 6.04
593 8.24
594 2988.0
595 10.0
596 9.56
597 14.52
598 12.8
599 14.08
600 24.32
601 25.68
602 17.6
603 1904.0
604 15.12
605 14.88
606 10.72
607 11.24
608 12.96
609 14.12
610 17.32
611 8.52
612 20.76
613 17.8
614 27.92
615 31.56
616 31.48
617 28.64
618 19.92
619 19.2
620 16.16
621 21.6
622 39.28
623 23.32
624 36.44
625 21.28
626 19.64
627 28.28
628 8.96
629 16.36
630 30.56
631 7.48
632 22.84
633 28.64
634 17.56
635 12.32
636 17.28
637 1776.0
638 6.12
639 29.76
640 13.0
641 11.24
642 692.0
643 12.52
644 9.48
645 4.56
646 11.24
647 16.08
648 14.0
649 14.6
650 9.68
651 9.52
652 7.48
653 2080.0
654 19.92
655 25.12
656 21.28
657 23.68
658 29.08
659 33.72
660 37.96
661 49.2
662 52.0
663 59.2
664 68.4
665 78.0
666 67.6
667 74.4
668 75.2
669 61.6
670 61.6
671 41.6
672 91.2
673 81.2
674 70.8
675 68.0
676 69.6
677 54.4
678 57.2
679 62.8
680 62.4
681 79.6
682 80.4
683 52.8
684 30.8
685 31.64
686 33.44
687 46.8
688 28.0
689 47.2
690 46.0
691 54.4
692 36.8
693 38.64
694 33.4
695 33.28
696 29.12
697 51.2
698 44.0
699 44.0
700 34.36
701 38.52
702 25.92
703 27.76
704 11.6
705 173.6
706 52.0
707 7.6
708 9.76
709 4.4
710 6.88
711 12.68
712 8.04
713 17.04
714 16.6
715 31.8
716 35.2
717 32.2
718 33.16
719 40.8
720 29.36
721 34.48
722 29.16
723 32.48
724 10.92
725 18.68
726 32.12
727 35.52
728 29.04
729 29.56
730 18.12
731 35.48
732 28.28
733 25.24
734 40.4
735 25.48
736 32.88
737 18.92
738 34.84
739 29.92
740 23.96
741 21.04
742 31.44
743 18.52
744 25.64
745 44.0
746 23.84
747 31.12
748 49.2
749 30.04
750 20.2
751 47.2
752 31.36
753 36.04
754 30.64
755 56.0
756 36.16
757 38.56
758 31.16
759 28.16
760 35.96
761 19.16
762 32.72
763 34.4
764 22.0
765 19.92
766 23.52
767 31.88
768 21.72
769 25.04
770 13.0
771 10.4
772 18.24
773 13.48
774 3768.0
775 20.44
776 27.04
777 57.6
778 66.8
779 69.6
780 63.2
781 64.8
782 64.0
783 67.2
784 58.4
785 56.8
786 56.4
787 71.6
788 71.6
789 73.2
790 71.6
791 70.8
792 75.2
793 78.0
794 81.2
795 74.8
796 57.6
797 76.0
798 72.8
799 74.0
800 70.4
801 74.4
802 75.2
803 73.2
804 79.6
805 48.8
806 79.2
807 74.4
808 78.4
809 78.8
810 72.4
811 63.6
812 47.6
813 33.8
814 71.6
815 67.2
816 71.2
817 62.8
818 52.4
819 59.6
820 42.4
821 50.0
822 64.8
823 78.4
824 37.68
825 46.8
826 72.0
827 65.6
828 65.6
829 70.8
830 65.6
831 64.0
832 64.8
833 52.0
834 57.6
835 50.4
836 54.8
837 58.4
838 54.8
839 54.4
840 54.8
841 63.2
842 58.8
843 58.4
844 58.8
845 59.6
846 55.6
847 63.6
848 55.6
849 55.6
850 64.0
851 58.4
852 55.6
853 60.0
854 66.4
855 62.4
856 60.0
857 57.6
858 29.12
859 80.0
860 65.2
861 58.0
862 30.52
863 86.0
864 62.0
865 46.8
866 76.0
867 43.2
868 69.6
869 59.6
870 61.2
871 46.4
872 62.8
873 58.8
874 55.6
875 38.72
876 44.4
877 46.0
878 40.0
879 32.36
880 21.52
881 28.24
882 47.2
883 18.12
884 4.68
885 1644.0
886 303.6
887 75.2
888 42.4
889 40.4
890 41.2
891 50.0
892 47.2
893 26.52
894 17.32
895 34.52
896 44.0
897 58.8
898 63.2
899 53.2
900 50.8
901 66.8
902 59.2
903 62.8
904 59.6
905 37.28
906 35.84
907 43.6
908 31.12
909 26.76
910 13.12
911 13.72
912 14.48
913 16.68
914 27.72
915 18.6
916 21.0
917 39.4
918 18.12
919 25.88
920 7.32
921 0.0
922 43.2
923 34.8
924 8.76
925 10.12
926 10.92
927 13.04
928 13.08
929 11.0
930 22.04
931 12.36
932 1560.0
933 0.0
934 28.6
935 11.32
936 19.04
937 11.68
938 11.24
939 15.04
940 14.88
941 12.0
942 11.48
943 12.92
944 12.56
945 14.76
946 17.36
947 3812.0
948 11.24
949 6.44
950 14.0
951 19.44
952 22.4
953 12.12
954 13.44
955 18.32
956 13.4
957 26.08
958 22.8
959 23.72
960 14.12
961 21.36
962 16.0
963 12.36
964 15.96
965 10.24
966 8.32
967 24.44
968 15.76
969 20.0
970 3120.0
971 14.76
972 11.4
973 7.72
974 13.68
975 13.96
976 7.32
977 6.56
978 3032.0
979 5.48
980 41.6
981 41.2
982 42.8
983 46.4
984 45.2
985 40.4
986 45.6
987 42.8
988 53.6
989 55.6
990 62.8
991 58.8
992 65.2
993 59.2
994 56.0
995 58.4
996 21.68
997 81.6
998 52.0
999 60.4
1000 48.0
1001 56.0
1002 61.6
1003 58.0
1004 57.6
1005 53.6
1006 54.4
1007 58.8
1008 65.2
1009 58.4
1010 56.8
1011 57.2
1012 56.0
1013 59.6
1014 57.2
1015 56.8
1016 57.6
1017 58.0
1018 59.2
1019 26.76
1020 65.2
1021 77.2
1022 60.8
1023 55.2
1024 32.24
1025 76.8
1026 57.6
1027 63.2
1028 64.8
1029 56.8
1030 50.4
1031 1820.0
1032 81.6
1033 44.8
1034 44.4
1035 46.8
1036 44.4
1037 48.0
1038 45.6
1039 51.2
1040 49.6
1041 49.2
1042 50.0
1043 58.8
1044 60.4
1045 57.6
1046 47.6
1047 58.8
1048 54.8
1049 61.6
1050 26.32
1051 5.24
1052 42.8
1053 14.88
1054 0.0
1055 43.2
1056 3380.0
1057 952.0
1058 0.0
1059 216.8
1060 1820.0
1061 260.0
1062 86.4
1063 0.0
1064 692.0
1065 2688.0
1066 1604.0
1067 432.0
1068 130.0
1069 0.0
1070 0.0
1071 0.0
1072 0.0
1073 0.0
1074 0.0
1075 0.0
1076 0.0
1077 0.0
1078 43.2
1079 260.0
1080 1560.0
1081 2296.0
1082 4.04
1083 5.12
1084 4.12
1085 4.08
1086 3076.0
1087 4.04
1088 6.24
1089 7.28
1090 10.76
1091 13.6
1092 17.04
1093 13.84
1094 12.8
1095 18.56
1096 19.16
1097 26.36
1098 26.68
1099 16.04
1100 27.52
1101 19.96
1102 23.4
1103 26.24
1104 26.08
1105 25.08
1106 23.12
1107 3292.0
1108 20.44
1109 14.0
1110 16.0
1111 11.56
1112 13.56
1113 16.16
1114 15.6
1115 18.92
1116 21.76
1117 11.32
1118 14.72
1119 7.84
1120 86.8
1121 11.52
1122 15.56
1123 17.0
1124 25.24
1125 20.96
1126 25.44
1127 31.48
1128 35.36
1129 45.6
1130 48.4
1131 48.8
1132 42.4
1133 51.6
1134 49.6
1135 34.92
1136 26.92
1137 41.6
1138 48.4
1139 46.4
1140 34.72
1141 29.08
1142 24.36
1143 16.28
1144 564.0
1145 15.56
1146 15.2
1147 22.48
1148 42.4
1149 37.56
1150 48.4
1151 25.16
1152 5.04
1153 25.44
1154 28.76
1155 27.16
1156 25.64
1157 16.08
1158 27.2
1159 27.24
1160 34.4
1161 40.0
1162 41.2
1163 43.2
1164 38.52
1165 31.44
1166 37.84
1167 38.96
1168 39.44
1169 28.04
1170 26.08
1171 29.72
1172 22.4
1173 19.04
1174 18.88
1175 14.16
1176 18.24
1177 17.12
1178 29.92
1179 19.36
1180 19.84
1181 14.68
1182 15.24
1183 15.4
1184 16.04
1185 11.12
1186 11.68
1187 17.56
1188 13.04
1189 10.92
1190 8.36
1191 14.76
1192 18.56
1193 17.84
1194 17.88
1195 18.0
1196 20.44
1197 12.88
1198 5.92
1199 8.68
1200 7.96
1201 9.4
1202 12.36
1203 14.12
1204 14.64
1205 14.48
1206 9.96
1207 6.84
1208 7.12
1209 7.12
1210 5.28
1211 8.88
1212 5.68
1213 3464.0
1214 0.0
1215 4.56
1216 432.0
1217 173.2
1218 780.0
1219 390.0
1220 1472.0
1221 2124.0
1222 2816.0
1223 3292.0
1224 4.88
1225 4.88
1226 5.52
1227 8.24
1228 18.72
1229 3640.0
1230 9.72
1231 12.16
1232 13.12
1233 13.36
1234 11.56
1235 2120.0
1236 0.0
1237 6.64
1238 7.2
1239 9.72
1240 11.16
1241 13.44
1242 18.32
1243 24.8
1244 26.0
1245 26.36
1246 22.52
1247 23.52
1248 18.92
1249 22.8
1250 23.16
1251 20.24
1252 16.28
1253 20.32
1254 19.68
1255 24.16
1256 25.56
1257 30.24
1258 28.52
1259 33.0
1260 27.76
1261 33.88
1262 25.08
1263 18.84
1264 26.96
1265 20.48
1266 23.96
1267 24.6
1268 26.72
1269 25.52
1270 29.92
1271 28.24
1272 27.44
1273 21.8
1274 23.24
1275 21.56
1276 20.8
1277 19.68
1278 21.2
1279 18.44
1280 22.36
1281 14.08
1282 12.16
1283 9.44
1284 5.96
1285 608.0
1286 16.12
1287 20.2
1288 28.76
1289 26.8
1290 29.96
1291 30.44
1292 27.6
1293 41.6
1294 33.0
1295 46.8
1296 36.08
1297 34.76
1298 43.2
1299 42.4
1300 39.76
1301 51.6
1302 43.6
1303 47.6
1304 40.8
1305 51.6
1306 43.2
1307 43.2
1308 47.2
1309 39.2
1310 17.72
1311 11.92
1312 390.0
1313 0.0
1314 0.0
1315 0.0
1316 0.0
1317 0.0
1318 2040.0
1319 4.56
1320 9.08
1321 13.88
1322 17.68
1323 15.32
1324 17.56
1325 17.12
1326 13.64
1327 18.92
1328 17.24
1329 14.8
1330 16.36
1331 17.12
1332 22.44
1333 13.76
1334 31.28
1335 16.72
1336 13.6
1337 21.36
1338 20.72
1339 18.88
1340 23.56
1341 44.0
1342 38.64
1343 34.84
1344 29.28
1345 22.32
1346 43.2
1347 38.84
1348 34.88
1349 40.8
1350 32.96
1351 42.4
1352 38.56
1353 39.48
1354 41.6
1355 40.4
1356 44.4
1357 41.6
1358 47.2
1359 37.72
1360 5.64
1361 19.88
1362 12.48
1363 10.44
1364 11.68
1365 11.04
1366 9.8
1367 12.44
1368 7.84
1369 4.28
1370 996.0
1371 2168.0
1372 1168.0
1373 303.2
1374 0.0
1375 0.0
1376 0.0
1377 0.0
1378 0.0
