0 16.04
1 11.88
2 17.0
3 18.64
4 15.6
5 18.68
6 20.88
7 17.48
8 26.24
9 14.28
10 21.64
11 22.56
12 15.56
13 18.08
14 12.72
15 16.64
16 20.36
17 17.76
18 16.28
19 15.24
20 6.4
21 13.36
22 11.6
23 11.92
24 16.12
25 19.96
26 11.96
27 7.12
28 11.36
29 7.88
30 7.0
31 9.52
32 12.56
33 17.6
34 14.6
35 18.4
36 8.68
37 11.28
38 6.16
39 3468.0
40 7.28
41 3728.0
42 5.36
43 7.2
44 9.36
45 9.68
46 12.16
47 11.16
48 12.96
49 15.6
50 8.2
51 7.88
52 9.8
53 9.6
54 9.36
55 10.56
56 10.76
57 13.96
58 12.48
59 10.24
60 8.2
61 8.12
62 7.4
63 10.36
64 15.48
65 13.24
66 11.04
67 10.0
68 5.68
69 5.08
70 6.72
71 5.44
72 7.8
73 6.84
74 10.36
75 10.72
76 9.96
77 9.8
78 12.52
79 17.04
80 10.24
81 6.16
82 8.84
83 8.92
84 11.36
85 8.48
86 7.64
87 5.96
88 8.16
89 13.32
90 15.8
91 7.2
92 4.52
93 7.28
94 9.44
95 10.8
96 8.2
97 9.52
98 9.44
99 9.72
100 10.48
101 7.64
102 8.56
103 12.2
104 10.56
105 12.64
106 12.12
107 11.44
108 5.2
109 6.08
110 5.64
111 7.96
112 8.76
113 10.48
114 10.64
115 5.72
116 8.32
117 10.84
118 14.2
119 15.96
120 16.32
121 12.36
122 13.36
123 12.64
124 11.4
125 14.36
126 12.64
127 13.16
128 14.6
129 10.72
130 15.84
131 16.48
132 16.68
133 13.08
134 11.64
135 9.28
136 6.08
137 11.88
138 9.2
139 9.08
140 7.96
141 6.68
142 8.84
143 8.56
144 6.32
145 7.6
146 7.8
147 8.28
148 9.08
149 6.96
150 8.24
151 14.4
152 15.64
153 14.48
154 9.4
155 9.0
156 8.2
157 7.36
158 9.44
159 9.72
160 6.92
161 9.52
162 8.84
163 9.28
164 7.64
165 9.72
166 8.72
167 8.0
168 13.84
169 12.44
170 11.6
171 12.12
172 8.4
173 9.08
174 9.2
175 10.76
176 13.6
177 14.76
178 13.88
179 10.44
180 8.4
181 6.72
182 3596.0
183 5.88
184 9.0
185 11.8
186 11.36
187 9.96
188 7.88
189 7.44
190 8.84
191 11.8
192 11.96
193 10.04
194 9.28
195 9.28
196 9.28
197 8.04
198 11.56
199 14.76
200 8.16
201 8.56
202 10.2
203 11.76
204 14.08
205 12.8
206 11.44
207 10.56
208 8.68
209 11.4
210 9.8
211 13.2
212 15.76
213 12.36
214 9.04
215 7.6
216 8.72
217 10.48
218 11.32
219 8.0
220 9.8
221 12.12
222 9.6
223 10.24
224 8.56
225 8.24
226 8.16
227 7.52
228 7.44
229 9.96
230 13.16
231 12.56
232 15.96
233 13.16
234 11.28
235 8.52
236 9.92
237 10.96
238 9.76
239 11.4
240 9.88
241 10.28
242 13.52
243 15.96
244 17.8
245 14.76
246 13.76
247 11.44
248 13.52
249 7.8
250 6.92
251 7.88
252 6.48
253 7.52
254 12.16
255 16.04
256 12.4
257 10.32
258 7.84
259 7.36
260 10.56
261 7.36
262 5.44
263 7.88
264 7.72
265 12.2
266 9.72
267 14.48
268 8.44
269 13.4
270 12.92
271 11.24
272 9.32
273 8.84
274 14.56
275 11.84
276 12.56
277 15.48
278 12.64
279 10.36
280 11.32
281 15.72
282 17.56
283 16.04
284 16.48
285 18.16
286 14.52
287 9.72
288 5.96
289 5.56
290 5.64
291 10.2
292 11.12
293 11.84
294 9.56
295 6.92
296 10.32
297 8.24
298 9.72
299 6.92
300 12.08
301 11.0
302 10.12
303 14.28
304 13.92
305 14.04
306 16.88
307 16.96
308 11.4
309 11.64
310 14.16
311 16.12
312 17.2
313 17.36
314 13.08
315 8.32
316 13.36
317 11.28
318 4.24
319 6.96
320 5.84
321 8.56
322 10.4
323 8.56
324 8.32
325 6.6
326 7.72
327 5.96
328 6.48
329 6.84
330 9.56
331 10.08
332 12.36
333 13.36
334 9.36
335 8.12
336 6.08
337 4.2
338 2384.0
339 3120.0
340 2860.0
341 7.6
342 7.48
343 7.72
344 10.84
345 10.24
346 10.28
347 8.28
348 6.48
349 7.88
350 7.64
351 9.24
352 6.72
353 7.36
354 9.6
355 9.0
356 11.52
357 15.76
358 13.04
359 15.64
360 17.08
361 10.0
362 16.08
363 9.48
364 10.08
365 14.0
366 8.96
367 8.36
368 7.84
369 10.12
370 5.96
371 9.6
372 11.36
373 12.36
374 10.44
375 7.72
376 5.96
377 6.32
378 6.76
379 9.0
380 11.88
381 9.2
382 12.4
383 17.72
384 14.24
385 11.8
386 10.6
387 11.16
388 9.56
389 11.36
390 9.56
391 14.24
392 16.36
393 12.72
394 11.84
395 6.72
396 12.92
397 8.32
398 8.88
399 9.56
400 7.84
401 7.32
402 5.72
403 5.96
404 7.64
405 13.2
406 9.56
407 9.6
408 5.88
409 7.68
410 10.44
411 11.8
412 11.6
413 14.12
414 9.68
415 9.48
416 9.0
417 7.44
418 4.24
419 7.64
420 6.92
421 4.84
422 5.52
423 4.48
424 6.68
425 7.96
426 5.6
427 8.88
428 10.28
429 9.76
430 12.92
431 7.52
432 8.4
433 9.2
434 11.44
435 10.72
436 13.48
437 11.48
438 12.6
439 13.0
440 10.92
441 10.24
442 14.72
443 15.2
444 13.92
445 13.6
446 12.92
447 12.6
448 10.08
449 7.52
450 9.6
451 7.44
452 9.68
453 8.32
454 8.28
455 10.88
456 8.52
457 9.2
458 12.04
459 10.76
460 11.96
461 9.56
462 9.36
463 8.32
464 6.92
465 9.96
466 8.52
467 8.2
468 8.48
469 0.0
470 1128.0
471 8.12
472 8.92
473 11.4
474 7.0
475 8.96
476 8.68
477 6.4
478 7.44
479 8.0
480 3508.0
481 3292.0
482 3552.0
483 2688.0
484 5.04
485 5.32
486 5.76
487 3380.0
488 10.56
489 11.12
490 16.44
491 17.32
492 10.56
493 9.6
494 9.56
495 11.88
496 12.08
497 14.76
498 14.0
499 19.4
500 18.72
501 12.2
502 12.72
503 14.64
504 13.56
505 13.76
506 11.36
507 18.84
508 12.32
509 7.72
510 11.12
511 15.56
512 12.72
513 13.56
514 15.92
515 17.04
516 11.88
517 13.76
518 8.64
519 6.84
520 8.92
521 12.36
522 12.44
523 12.6
524 15.4
525 19.24
526 20.88
527 14.12
528 9.28
529 10.92
530 10.64
531 7.8
532 5.8
533 6.68
534 10.04
535 12.36
536 10.6
537 6.68
538 10.52
539 9.16
540 8.48
541 7.64
542 5.36
543 5.28
544 5.44
545 4.92
546 10.48
547 8.4
548 8.44
549 8.44
550 4.84
551 7.72
552 8.4
553 8.48
554 5.8
555 7.0
556 8.68
557 10.84
558 11.04
559 16.16
560 20.96
561 15.48
562 15.72
563 12.92
564 20.92
565 17.12
566 16.2
567 13.92
568 9.84
569 13.24
570 6.12
571 17.8
572 22.8
573 8.76
574 19.08
575 15.84
576 8.04
577 9.6
578 10.24
579 9.88
580 14.28
581 9.72
582 13.68
583 9.88
584 13.2
585 13.16
586 12.12
587 13.04
588 11.28
589 16.56
590 8.04
591 9.28
592 13.36
593 14.92
594 17.68
595 23.4
596 21.56
597 14.88
598 18.32
599 12.92
600 14.64
601 15.52
602 12.12
603 18.52
604 17.52
605 13.72
606 11.44
607 16.12
608 18.32
609 15.96
610 12.44
611 15.0
612 9.92
613 12.68
614 11.44
615 15.52
616 11.68
617 6.92
618 9.6
619 10.44
620 13.92
621 15.6
622 11.04
623 16.64
624 11.84
625 12.84
626 14.64
627 10.24
628 9.84
629 17.64
630 13.76
631 14.36
632 14.4
633 11.56
634 11.84
635 10.2
636 8.68
637 11.6
638 9.88
639 12.92
640 15.0
641 12.84
642 12.08
643 7.4
644 8.24
645 10.48
646 14.24
647 10.08
648 12.32
649 9.52
650 13.36
651 16.64
652 17.92
653 15.84
654 9.36
655 8.16
656 8.76
657 11.88
658 12.48
659 12.56
660 13.0
661 14.28
662 12.04
663 12.88
664 9.48
665 12.4
666 11.08
667 10.92
668 9.88
669 10.76
670 8.04
671 8.04
672 16.8
673 13.08
674 9.08
675 1648.0
676 5.2
677 7.72
678 9.88
679 8.24
680 8.44
681 11.12
682 6.84
683 5.96
684 7.2
685 6.84
686 5.6
687 4.48
688 6.32
689 9.04
690 7.52
691 4.72
692 8.84
693 10.32
694 13.6
695 8.52
696 6.04
697 5.72
698 7.88
699 6.6
700 10.56
701 7.68
702 9.32
703 2904.0
704 8.36
705 9.88
706 11.24
707 11.88
708 12.6
709 11.8
710 10.8
711 9.36
712 12.6
713 9.36
714 9.52
715 9.84
716 9.68
717 9.36
718 6.32
719 692.0
720 4.84
721 4.56
722 1344.0
723 7.68
724 7.84
725 5.24
726 5.16
727 6.8
728 3812.0
729 0.0
730 1216.0
731 1428.0
732 908.0
733 216.8
734 1212.0
735 43.2
736 652.0
737 692.0
738 260.0
739 173.2
740 0.0
741 0.0
742 216.8
743 43.2
744 0.0
745 0.0
746 0.0
747 0.0
748 86.8
749 0.0
750 0.0
751 173.6
752 0.0
753 0.0
754 173.6
755 0.0
756 0.0
757 130.0
758 1084.0
759 1168.0
760 1344.0
761 908.0
762 996.0
763 996.0
764 824.0
765 43.2
766 173.6
767 173.2
768 648.0
769 996.0
770 824.0
771 0.0
772 0.0
773 0.0
774 0.0
775 0.0
776 0.0
777 0.0
778 43.2
779 303.2
780 1256.0
781 1776.0
782 2252.0
783 2168.0
784 2860.0
785 2512.0
786 3252.0
787 2164.0
788 4.28
789 1864.0
790 1604.0
791 2208.0
792 2080.0
793 1212.0
794 1688.0
795 259.6
796 0.0
797 0.0
798 0.0
799 0.0
800 0.0
801 86.8
802 0.0
803 692.0
804 648.0
805 390.0
806 43.2
807 1300.0
808 1516.0
809 2556.0
810 5.76
811 6.16
812 8.16
813 7.84
814 6.04
815 9.36
816 9.28
817 8.48
818 9.88
819 9.08
820 6.84
821 10.08
822 14.44
823 14.48
824 5.96
825 10.24
826 11.44
827 9.92
828 10.88
829 9.0
830 9.04
831 5.24
832 6.84
833 10.48
834 4.16
835 6.28
836 7.08
837 7.92
838 4.4
839 11.28
840 8.4
841 5.24
842 2252.0
843 692.0
844 173.2
845 0.0
846 5.36
847 11.88
848 6.56
849 8.56
850 10.0
851 10.64
852 7.92
853 14.24
854 12.4
855 11.12
856 9.08
857 8.28
858 9.44
859 9.88
860 8.32
861 5.28
862 4.84
863 4.84
864 3856.0
865 824.0
866 1864.0
867 2080.0
868 1948.0
869 3076.0
870 2296.0
871 1776.0
872 3076.0
873 564.0
874 5.16
875 9.16
876 12.8
877 10.76
878 10.12
879 7.44
880 6.28
881 3768.0
882 520.0
883 736.0
884 1212.0
885 1128.0
886 0.0
887 0.0
888 956.0
889 1128.0
890 520.0
891 2212.0
892 2296.0
893 2252.0
894 3468.0
895 4.6
896 5.08
897 6.24
898 4.92
899 7.28
900 6.84
901 6.24
902 14.12
903 10.24
904 6.76
905 7.6
906 7.48
907 8.32
908 9.56
909 12.0
910 16.36
911 14.52
912 13.84
913 11.64
914 10.96
915 11.88
916 14.12
917 17.56
918 18.04
919 16.8
920 14.88
921 10.12
922 11.0
923 14.48
924 12.36
925 11.24
926 14.28
927 12.64
928 13.76
929 16.24
930 10.92
931 10.24
932 11.6
933 14.24
934 11.44
935 15.48
936 17.04
937 18.96
938 10.28
939 15.8
940 16.12
941 14.96
942 12.36
943 10.48
944 7.8
945 11.28
946 14.8
947 13.36
948 9.6
949 16.32
950 13.32
951 18.76
952 16.96
953 8.4
954 9.92
955 11.24
956 8.32
957 8.4
958 8.68
959 10.64
960 10.4
961 7.88
962 8.28
963 7.8
964 9.16
965 12.04
966 11.6
967 12.88
968 11.52
969 10.08
970 14.92
971 17.24
972 12.56
973 10.32
974 9.68
975 7.84
976 12.4
977 17.88
978 17.08
979 17.0
980 14.16
981 13.0
982 13.24
983 13.08
984 9.2
985 8.76
986 7.44
987 8.2
988 13.92
989 10.72
990 9.28
991 9.2
992 5.04
993 4.16
994 432.0
995 2988.0
996 3856.0
997 4.84
998 2340.0
999 432.0
1000 1344.0
1001 3596.0
1002 4.48
1003 6.48
1004 8.68
1005 10.44
1006 5.88
1007 10.28
1008 7.68
1009 9.76
1010 9.32
1011 11.56
1012 13.4
1013 13.04
1014 8.56
1015 8.76
1016 9.44
1017 9.92
1018 13.84
1019 13.96
1020 14.4
1021 14.8
1022 13.24
1023 14.0
1024 12.72
1025 13.72
1026 14.04
1027 13.4
1028 13.4
1029 9.68
1030 10.96
1031 5.6
1032 9.32
1033 5.2
1034 4.72
1035 7.4
1036 8.04
1037 2600.0
1038 11.32
1039 10.92
1040 13.12
1041 10.6
1042 11.52
1043 13.44
1044 9.76
1045 9.48
1046 13.52
1047 11.88
1048 6.12
1049 9.16
1050 9.28
1051 6.96
1052 7.48
1053 6.88
1054 6.4
1055 6.32
1056 5.96
1057 5.72
1058 6.08
1059 7.44
1060 6.44
1061 5.12
1062 5.52
1063 5.44
1064 6.16
1065 6.56
1066 7.92
1067 8.2
1068 9.56
1069 8.32
1070 6.88
1071 8.56
1072 9.0
1073 7.12
1074 10.24
1075 9.04
1076 9.84
1077 10.64
1078 11.32
1079 10.92
1080 15.48
1081 16.76
1082 13.44
1083 9.92
1084 16.24
1085 11.0
1086 11.56
1087 11.32
1088 14.96
1089 11.64
1090 11.36
1091 13.64
1092 12.52
1093 9.16
1094 9.04
1095 9.0
1096 4.52
1097 5.8
1098 6.6
1099 5.92
1100 7.52
1101 8.0
1102 9.44
1103 14.44
1104 9.68
1105 12.48
1106 12.36
1107 7.72
1108 7.6
1109 6.64
1110 7.08
1111 7.72
1112 9.6
1113 9.0
1114 9.72
1115 12.12
1116 7.12
1117 5.44
1118 7.52
1119 5.52
1120 5.96
1121 5.64
1122 6.96
1123 4.84
1124 5.92
1125 8.36
1126 7.6
1127 7.88
1128 7.2
1129 10.08
1130 8.8
1131 10.36
1132 8.76
1133 8.68
1134 8.44
1135 8.04
1136 9.92
1137 10.96
1138 9.84
1139 10.2
1140 7.88
1141 11.48
1142 11.88
1143 11.56
1144 18.24
1145 13.24
1146 12.2
1147 15.48
1148 15.56
1149 11.4
1150 10.76
1151 8.8
1152 12.04
1153 7.52
1154 13.72
1155 14.16
1156 14.08
1157 13.72
1158 11.84
1159 12.4
1160 14.08
1161 10.52
1162 10.08
1163 12.0
1164 13.32
1165 16.88
1166 16.04
1167 16.88
1168 9.84
1169 5.72
1170 9.56
1171 13.88
1172 11.4
1173 16.96
1174 10.28
1175 8.28
1176 16.48
1177 16.44
1178 11.32
1179 9.48
1180 14.08
1181 17.24
1182 14.48
1183 22.36
1184 12.2
1185 8.92
1186 13.44
1187 11.8
1188 8.44
1189 8.88
1190 11.52
1191 13.88
1192 12.48
1193 17.36
1194 16.24
1195 21.04
1196 11.28
1197 11.28
1198 14.64
1199 14.8
1200 15.32
1201 14.64
1202 12.2
1203 18.28
1204 18.08
1205 20.24
1206 16.2
1207 11.08
1208 10.84
1209 9.8
1210 8.16
1211 8.96
1212 9.68
1213 7.92
1214 8.28
1215 9.88
1216 5.72
1217 4.84
1218 4.92
1219 9.32
1220 6.08
1221 6.04
1222 7.12
1223 9.08
1224 10.24
1225 13.96
1226 11.8
1227 12.2
1228 11.04
1229 15.96
1230 16.68
1231 14.64
1232 17.76
1233 16.56
1234 18.96
1235 18.28
1236 16.28
1237 22.68
1238 18.0
1239 15.96
1240 11.16
1241 9.8
1242 11.96
1243 13.76
1244 13.44
1245 11.76
1246 12.6
1247 11.68
1248 9.96
1249 11.6
1250 11.96
1251 16.28
1252 16.56
1253 17.24
1254 21.4
1255 18.72
1256 18.56
1257 33.0
1258 49.2
1259 46.0
1260 42.8
1261 34.84
1262 28.6
1263 24.16
1264 30.6
1265 18.56
1266 15.72
1267 20.32
1268 20.2
1269 14.16
1270 12.8
1271 11.44
1272 10.48
1273 9.6
1274 12.72
1275 12.56
1276 15.24
1277 14.48
1278 15.32
1279 12.92
1280 4.56
1281 12.36
1282 16.24
1283 17.28
1284 7.2
1285 11.4
1286 15.2
1287 18.0
1288 17.56
1289 19.28
1290 17.64
1291 14.92
1292 8.76
1293 11.24
1294 10.88
1295 11.08
1296 6.08
1297 7.8
1298 5.28
1299 6.24
1300 4.68
1301 9.88
1302 11.44
1303 16.72
1304 25.2
1305 27.72
1306 15.32
1307 17.92
1308 14.36
1309 15.04
1310 14.04
1311 12.84
1312 12.04
1313 15.68
1314 17.48
1315 23.88
1316 18.88
1317 17.08
1318 8.32
1319 6.96
1320 7.96
1321 8.88
1322 8.76
1323 8.48
1324 9.96
1325 14.12
1326 15.84
1327 20.44
1328 22.76
1329 39.2
1330 38.12
1331 35.2
1332 29.76
1333 24.68
1334 22.8
1335 17.64
1336 17.6
1337 23.32
1338 14.44
1339 12.36
1340 13.16
1341 13.0
1342 12.44
1343 9.56
1344 14.2
1345 19.08
1346 14.92
1347 12.0
1348 14.96
1349 12.08
1350 15.12
1351 14.52
1352 17.12
1353 11.52
1354 12.32
1355 9.68
1356 9.04
1357 9.28
1358 9.36
1359 9.44
1360 5.84
1361 10.6
1362 12.12
1363 5.76
1364 8.64
1365 12.92
1366 16.12
1367 8.76
1368 5.36
1369 6.6
1370 8.4
1371 13.08
1372 10.92
1373 21.84
1374 13.52
1375 9.96
1376 10.32
1377 9.0
1378 8.92
1379 9.44
1380 8.48
1381 7.64
1382 4.32
1383 6.32
1384 7.52
1385 7.44
1386 6.24
1387 4.08
1388 7.0
1389 10.48
1390 6.84
1391 8.4
1392 15.16
1393 11.56
1394 12.8
1395 13.24
1396 15.28
1397 9.4
1398 11.68
1399 7.84
1400 5.08
1401 6.84
1402 6.04
1403 10.44
1404 6.4
1405 0.0
1406 303.6
1407 6.24
1408 9.04
1409 9.28
1410 6.72
1411 5.56
1412 6.28
1413 8.0
1414 5.36
1415 4.32
1416 7.76
1417 7.52
1418 13.16
1419 12.92
1420 9.8
1421 10.76
1422 10.4
1423 9.36
1424 9.36
1425 12.04
1426 10.84
1427 14.56
1428 11.68
1429 8.24
1430 11.84
1431 20.76
1432 15.2
1433 19.2
1434 13.16
1435 18.44
1436 14.2
1437 11.48
1438 12.0
1439 13.64
1440 15.64
1441 18.88
1442 16.24
1443 10.08
1444 12.84
1445 7.44
1446 6.36
1447 10.36
1448 6.4
1449 7.72
1450 11.76
