1.0 40.0
2.0 17.0
3.0 15.0
4.0 16.0
5.0 108.0
6.0 102.0
7.0 92.0
8.0 104.0
9.0 100.0
10.0 110.0
11.0 102.0
12.0 100.0
13.0 122.0
14.0 120.0
15.0 109.0
16.0 91.0
17.0 110.0
18.0 86.0
19.0 124.0
20.0 123.0
21.0 125.0
22.0 98.0
23.0 110.0
24.0 114.0
25.0 100.0
26.0 106.0
27.0 122.0
28.0 87.0
29.0 78.0
30.0 118.0
31.0 122.0
32.0 99.0
33.0 108.0
34.0 94.0
35.0 112.0
36.0 121.0
37.0 125.0
38.0 109.0
39.0 102.0
40.0 96.0
41.0 117.0
42.0 123.0
43.0 93.0
44.0 109.0
45.0 116.0
46.0 91.0
47.0 108.0
48.0 101.0
49.0 119.0
50.0 106.0
51.0 124.0
52.0 81.0
53.0 80.0
54.0 47.0
55.0 60.0
56.0 71.0
57.0 86.0
58.0 100.0
59.0 166.0
60.0 196.0
61.0 281.0
62.0 310.0
63.0 420.0
64.0 532.0
65.0 408.0
66.0 430.0
67.0 520.0
68.0 517.0
69.0 430.0
70.0 444.0
71.0 457.0
72.0 603.0
73.0 403.0
74.0 480.0
75.0 565.0
76.0 525.0
77.0 573.0
78.0 535.0
79.0 654.0
80.0 470.0
81.0 588.0
82.0 660.0
83.0 672.0
84.0 676.0
85.0 581.0
86.0 744.0
87.0 593.0
88.0 765.0
89.0 506.0
90.0 629.0
91.0 816.0
92.0 867.0
93.0 770.0
94.0 672.0
95.0 628.0
96.0 465.0
97.0 291.0
98.0 423.0
99.0 509.0
100.0 464.0
101.0 516.0
102.0 527.0
103.0 565.0
104.0 121.0
105.0 405.0
106.0 355.0
107.0 452.0
108.0 482.0
109.0 499.0
110.0 421.0
111.0 448.0
112.0 567.0
113.0 498.0
114.0 437.0
115.0 522.0
116.0 388.0
117.0 402.0
118.0 156.0
119.0 155.0
120.0 324.0
121.0 197.0
122.0 114.0
123.0 202.0
124.0 220.0
125.0 248.0
126.0 275.0
127.0 275.0
128.0 333.0
129.0 289.0
130.0 208.0
131.0 151.0
132.0 41.0
133.0 6.0
134.0 99.0
135.0 102.0
136.0 81.0
137.0 194.0
138.0 199.0
139.0 231.0
140.0 195.0
141.0 271.0
142.0 287.0
143.0 299.0
144.0 341.0
145.0 328.0
146.0 354.0
147.0 308.0
148.0 449.0
149.0 456.0
150.0 474.0
151.0 574.0
152.0 700.0
153.0 720.0
154.0 679.0
155.0 735.0
156.0 562.0
157.0 699.0
158.0 736.0
159.0 733.0
160.0 873.0
161.0 795.0
162.0 742.0
163.0 792.0
164.0 757.0
165.0 886.0
166.0 721.0
167.0 800.0
168.0 770.0
169.0 638.0
170.0 752.0
171.0 769.0
172.0 711.0
173.0 745.0
174.0 759.0
175.0 866.0
176.0 904.0
177.0 845.0
178.0 780.0
179.0 680.0
180.0 725.0
181.0 827.0
182.0 731.0
183.0 852.0
184.0 946.0
185.0 1020.0
186.0 1200.0
187.0 921.0
188.0 1000.0
189.0 935.0
190.0 891.0
191.0 751.0
192.0 984.0
193.0 991.0
194.0 935.0
195.0 697.0
196.0 822.0
197.0 976.0
198.0 972.0
199.0 902.0
200.0 991.0
201.0 1010.0
202.0 924.0
203.0 850.0
204.0 937.0
205.0 1010.0
206.0 905.0
207.0 819.0
208.0 1060.0
209.0 993.0
210.0 1010.0
211.0 1060.0
212.0 1120.0
213.0 1140.0
214.0 1110.0
215.0 1140.0
216.0 1190.0
217.0 908.0
218.0 1350.0
219.0 979.0
220.0 852.0
221.0 906.0
222.0 547.0
223.0 12.0
224.0 97.0
225.0 155.0
226.0 17.0
227.0 1.0
228.0 118.0
229.0 635.0
230.0 980.0
231.0 1060.0
232.0 1130.0
233.0 1260.0
234.0 1320.0
235.0 1450.0
236.0 1570.0
237.0 1490.0
238.0 1050.0
239.0 1470.0
240.0 1440.0
241.0 1500.0
242.0 1360.0
243.0 1180.0
244.0 407.0
245.0 646.0
246.0 572.0
247.0 649.0
248.0 691.0
249.0 573.0
250.0 585.0
251.0 476.0
252.0 650.0
253.0 233.0
254.0 16.0
255.0 449.0
256.0 439.0
257.0 529.0
258.0 393.0
259.0 365.0
260.0 606.0
261.0 576.0
262.0 490.0
263.0 484.0
264.0 152.0
265.0 238.0
266.0 348.0
267.0 133.0
268.0 179.0
269.0 17.0
270.0 3.0
271.0 44.0
272.0 42.0
273.0 15.0
274.0 114.0
275.0 122.0
276.0 241.0
277.0 272.0
278.0 309.0
279.0 415.0
280.0 431.0
281.0 402.0
282.0 500.0
283.0 517.0
284.0 601.0
285.0 591.0
286.0 594.0
287.0 560.0
288.0 675.0
289.0 840.0
290.0 832.0
291.0 900.0
292.0 1080.0
293.0 1050.0
294.0 1270.0
295.0 1360.0
296.0 1180.0
297.0 1280.0
298.0 1480.0
299.0 1410.0
300.0 1350.0
301.0 1350.0
302.0 1210.0
303.0 1150.0
304.0 1010.0
305.0 948.0
306.0 1150.0
307.0 1110.0
308.0 969.0
309.0 780.0
310.0 833.0
311.0 925.0
312.0 935.0
313.0 565.0
314.0 109.0
315.0 24.0
316.0 121.0
317.0 397.0
318.0 634.0
319.0 447.0
320.0 425.0
321.0 477.0
322.0 529.0
323.0 501.0
324.0 472.0
325.0 328.0
326.0 30.0
327.0 1.0
328.0 120.0
329.0 102.0
330.0 335.0
331.0 450.0
332.0 392.0
333.0 498.0
334.0 409.0
335.0 453.0
336.0 458.0
337.0 447.0
338.0 352.0
339.0 507.0
340.0 484.0
341.0 680.0
342.0 503.0
343.0 585.0
344.0 520.0
345.0 620.0
346.0 515.0
347.0 454.0
348.0 547.0
349.0 557.0
350.0 410.0
351.0 651.0
352.0 481.0
353.0 542.0
354.0 640.0
355.0 649.0
356.0 611.0
357.0 545.0
358.0 586.0
359.0 515.0
360.0 732.0
361.0 573.0
362.0 584.0
363.0 609.0
364.0 590.0
365.0 704.0
366.0 556.0
367.0 641.0
368.0 547.0
369.0 683.0
370.0 607.0
371.0 440.0
372.0 596.0
373.0 597.0
374.0 636.0
375.0 693.0
376.0 634.0
377.0 720.0
378.0 750.0
379.0 957.0
380.0 683.0
381.0 526.0
382.0 611.0
383.0 502.0
384.0 601.0
385.0 694.0
386.0 845.0
387.0 646.0
388.0 632.0
389.0 547.0
390.0 621.0
391.0 597.0
392.0 628.0
393.0 710.0
394.0 708.0
395.0 573.0
396.0 753.0
397.0 810.0
398.0 761.0
399.0 781.0
400.0 663.0
401.0 546.0
402.0 598.0
403.0 609.0
404.0 710.0
405.0 621.0
406.0 706.0
407.0 838.0
408.0 734.0
409.0 762.0
410.0 634.0
411.0 814.0
412.0 623.0
413.0 634.0
414.0 749.0
415.0 764.0
416.0 873.0
417.0 854.0
418.0 900.0
419.0 788.0
420.0 852.0
421.0 999.0
422.0 850.0
423.0 920.0
424.0 766.0
425.0 804.0
426.0 660.0
427.0 743.0
428.0 826.0
429.0 776.0
430.0 698.0
431.0 635.0
432.0 762.0
433.0 793.0
434.0 617.0
435.0 569.0
436.0 48.0
437.0 399.0
438.0 351.0
439.0 316.0
440.0 4.0
441.0 0.0
442.0 77.0
443.0 113.0
444.0 90.0
445.0 216.0
446.0 201.0
447.0 307.0
448.0 329.0
449.0 289.0
450.0 420.0
451.0 306.0
452.0 304.0
453.0 369.0
454.0 344.0
455.0 446.0
456.0 406.0
457.0 480.0
458.0 451.0
459.0 610.0
460.0 668.0
461.0 841.0
462.0 722.0
463.0 853.0
464.0 884.0
465.0 1090.0
466.0 1180.0
467.0 1080.0
468.0 989.0
469.0 1000.0
470.0 1100.0
471.0 1010.0
472.0 1110.0
473.0 1250.0
474.0 1320.0
475.0 1380.0
476.0 1110.0
477.0 1390.0
478.0 1370.0
479.0 1130.0
480.0 960.0
481.0 978.0
482.0 983.0
483.0 1030.0
484.0 985.0
485.0 1060.0
486.0 1370.0
487.0 1210.0
488.0 1140.0
489.0 1220.0
490.0 1110.0
491.0 1080.0
492.0 1080.0
493.0 1120.0
494.0 1070.0
495.0 1240.0
496.0 1400.0
497.0 1170.0
498.0 1230.0
499.0 1130.0
500.0 1270.0
501.0 1210.0
502.0 1130.0
503.0 1130.0
504.0 926.0
505.0 1040.0
506.0 1200.0
507.0 1310.0
508.0 1050.0
509.0 1080.0
510.0 1210.0
511.0 1060.0
512.0 1310.0
513.0 1180.0
514.0 1070.0
515.0 791.0
516.0 829.0
517.0 827.0
518.0 1260.0
519.0 1060.0
520.0 773.0
521.0 876.0
522.0 1020.0
523.0 844.0
524.0 874.0
525.0 1160.0
526.0 968.0
527.0 910.0
528.0 1050.0
529.0 1110.0
530.0 1150.0
531.0 946.0
532.0 995.0
533.0 856.0
534.0 993.0
535.0 740.0
536.0 335.0
537.0 503.0
538.0 587.0
539.0 527.0
540.0 620.0
541.0 738.0
542.0 331.0
543.0 6.0
544.0 105.0
545.0 114.0
546.0 111.0
547.0 123.0
548.0 125.0
549.0 111.0
550.0 101.0
551.0 107.0
552.0 102.0
553.0 121.0
554.0 119.0
555.0 110.0
556.0 118.0
557.0 122.0
558.0 111.0
559.0 113.0
560.0 82.0
561.0 89.0
562.0 124.0
563.0 95.0
564.0 124.0
565.0 124.0
566.0 108.0
567.0 125.0
568.0 109.0
569.0 104.0
570.0 123.0
571.0 120.0
572.0 121.0
573.0 110.0
574.0 86.0
575.0 93.0
576.0 98.0
577.0 81.0
578.0 103.0
579.0 119.0
580.0 104.0
581.0 114.0
582.0 106.0
583.0 125.0
584.0 84.0
585.0 105.0
586.0 114.0
587.0 107.0
588.0 97.0
589.0 123.0
590.0 112.0
591.0 119.0
592.0 109.0
593.0 114.0
594.0 100.0
595.0 93.0
596.0 107.0
597.0 112.0
598.0 121.0
599.0 86.0
600.0 113.0
601.0 112.0
602.0 112.0
603.0 118.0
604.0 112.0
605.0 92.0
606.0 108.0
607.0 108.0
608.0 100.0
609.0 91.0
610.0 117.0
611.0 91.0
612.0 122.0
613.0 103.0
614.0 95.0
615.0 106.0
616.0 117.0
617.0 87.0
618.0 110.0
619.0 123.0
620.0 82.0
621.0 93.0
622.0 124.0
623.0 122.0
624.0 96.0
625.0 115.0
626.0 101.0
627.0 125.0
628.0 95.0
629.0 109.0
630.0 110.0
631.0 94.0
632.0 106.0
633.0 92.0
634.0 94.0
635.0 87.0
636.0 97.0
637.0 102.0
638.0 120.0
639.0 106.0
640.0 123.0
641.0 112.0
642.0 116.0
643.0 120.0
644.0 119.0
645.0 109.0
646.0 119.0
647.0 110.0
648.0 119.0
649.0 123.0
650.0 118.0
651.0 83.0
652.0 120.0
653.0 125.0
654.0 125.0
655.0 98.0
656.0 112.0
657.0 98.0
658.0 103.0
659.0 225.0
660.0 259.0
661.0 364.0
662.0 375.0
663.0 399.0
664.0 419.0
665.0 239.0
666.0 660.0
667.0 915.0
668.0 1030.0
669.0 1080.0
670.0 1070.0
671.0 1330.0
672.0 1260.0
673.0 1320.0
674.0 1370.0
675.0 1350.0
676.0 1410.0
677.0 1640.0
678.0 1710.0
679.0 1660.0
680.0 1510.0
681.0 1270.0
682.0 1030.0
683.0 1600.0
684.0 1310.0
685.0 1240.0
686.0 1540.0
687.0 1640.0
688.0 1140.0
689.0 855.0
690.0 1150.0
691.0 893.0
692.0 1130.0
693.0 832.0
694.0 471.0
695.0 301.0
696.0 573.0
697.0 44.0
698.0 23.0
699.0 7.0
700.0 0.0
701.0 98.0
702.0 103.0
703.0 101.0
704.0 120.0
705.0 106.0
706.0 103.0
707.0 88.0
708.0 108.0
709.0 338.0
710.0 841.0
711.0 542.0
712.0 0.0
713.0 0.0
714.0 16.0
715.0 117.0
716.0 124.0
717.0 112.0
718.0 116.0
719.0 15.0
720.0 4.0
721.0 0.0
722.0 3.0
723.0 10.0
724.0 88.0
725.0 81.0
726.0 117.0
727.0 93.0
728.0 111.0
729.0 103.0
730.0 110.0
731.0 215.0
732.0 442.0
733.0 690.0
734.0 29.0
735.0 0.0
736.0 75.0
737.0 97.0
738.0 124.0
739.0 98.0
740.0 100.0
741.0 121.0
742.0 119.0
743.0 94.0
744.0 918.0
745.0 982.0
746.0 1070.0
747.0 1040.0
748.0 1020.0
749.0 929.0
750.0 622.0
751.0 858.0
752.0 294.0
753.0 381.0
754.0 454.0
755.0 149.0
756.0 1.0
757.0 1.0
758.0 0.0
759.0 0.0
760.0 0.0
761.0 0.0
762.0 1.0
763.0 82.0
764.0 120.0
765.0 94.0
766.0 97.0
767.0 121.0
768.0 119.0
769.0 119.0
770.0 115.0
771.0 96.0
772.0 111.0
773.0 113.0
774.0 123.0
775.0 124.0
776.0 114.0
777.0 106.0
778.0 101.0
779.0 125.0
780.0 123.0
781.0 114.0
782.0 113.0
783.0 113.0
784.0 125.0
785.0 120.0
786.0 102.0
787.0 114.0
788.0 89.0
789.0 107.0
790.0 116.0
791.0 90.0
792.0 96.0
793.0 114.0
794.0 102.0
795.0 109.0
