1.0 748.0
2.0 629.0
3.0 33.0
4.0 105.0
5.0 581.0
6.0 663.0
7.0 710.0
8.0 621.0
9.0 700.0
10.0 736.0
11.0 791.0
12.0 787.0
13.0 723.0
14.0 771.0
15.0 734.0
16.0 744.0
17.0 813.0
18.0 689.0
19.0 756.0
20.0 787.0
21.0 756.0
22.0 689.0
23.0 602.0
24.0 226.0
25.0 410.0
26.0 540.0
27.0 725.0
28.0 528.0
29.0 403.0
30.0 746.0
31.0 963.0
32.0 386.0
33.0 621.0
34.0 341.0
35.0 10.0
36.0 29.0
37.0 115.0
38.0 115.0
39.0 454.0
40.0 451.0
41.0 525.0
42.0 381.0
43.0 287.0
44.0 134.0
45.0 124.0
46.0 81.0
47.0 387.0
48.0 483.0
49.0 348.0
50.0 533.0
51.0 285.0
52.0 322.0
53.0 164.0
54.0 85.0
55.0 110.0
56.0 526.0
57.0 684.0
58.0 683.0
59.0 725.0
60.0 741.0
61.0 777.0
62.0 693.0
63.0 842.0
64.0 827.0
65.0 698.0
66.0 733.0
67.0 779.0
68.0 963.0
69.0 703.0
70.0 664.0
71.0 113.0
72.0 116.0
73.0 431.0
74.0 197.0
75.0 0.0
76.0 0.0
77.0 0.0
78.0 0.0
79.0 4.0
80.0 104.0
81.0 106.0
82.0 224.0
83.0 0.0
84.0 0.0
85.0 0.0
86.0 0.0
87.0 0.0
88.0 122.0
89.0 125.0
90.0 541.0
91.0 480.0
92.0 488.0
93.0 661.0
94.0 472.0
95.0 502.0
96.0 0.0
97.0 0.0
98.0 0.0
99.0 0.0
100.0 0.0
101.0 4.0
102.0 103.0
103.0 115.0
104.0 866.0
105.0 319.0
106.0 108.0
107.0 111.0
108.0 740.0
109.0 789.0
110.0 856.0
111.0 727.0
112.0 1040.0
113.0 1070.0
114.0 917.0
115.0 1060.0
116.0 1250.0
117.0 1190.0
118.0 1390.0
119.0 1350.0
120.0 1360.0
121.0 1320.0
122.0 1410.0
123.0 1230.0
124.0 1010.0
125.0 911.0
126.0 933.0
127.0 719.0
128.0 751.0
129.0 650.0
130.0 597.0
131.0 680.0
132.0 595.0
133.0 73.0
134.0 0.0
135.0 0.0
136.0 0.0
137.0 0.0
138.0 0.0
139.0 0.0
140.0 0.0
141.0 112.0
142.0 115.0
143.0 124.0
144.0 115.0
145.0 107.0
146.0 78.0
147.0 0.0
148.0 0.0
149.0 0.0
150.0 0.0
151.0 0.0
152.0 0.0
153.0 102.0
154.0 715.0
155.0 947.0
156.0 1170.0
157.0 1170.0
158.0 1130.0
159.0 1070.0
160.0 1050.0
161.0 1300.0
162.0 1140.0
163.0 1130.0
164.0 1490.0
165.0 1110.0
166.0 1120.0
167.0 1140.0
168.0 1340.0
169.0 515.0
170.0 120.0
171.0 124.0
172.0 663.0
173.0 1030.0
174.0 1150.0
175.0 932.0
176.0 679.0
177.0 732.0
178.0 432.0
179.0 118.0
180.0 104.0
181.0 0.0
182.0 0.0
183.0 0.0
184.0 0.0
185.0 120.0
186.0 124.0
187.0 89.0
188.0 112.0
189.0 87.0
190.0 112.0
191.0 88.0
192.0 122.0
193.0 97.0
194.0 97.0
195.0 106.0
196.0 117.0
197.0 124.0
198.0 114.0
199.0 125.0
200.0 110.0
201.0 118.0
202.0 80.0
203.0 101.0
204.0 119.0
205.0 113.0
206.0 121.0
207.0 88.0
208.0 108.0
209.0 107.0
210.0 98.0
211.0 100.0
212.0 108.0
213.0 98.0
214.0 108.0
215.0 80.0
216.0 101.0
217.0 104.0
218.0 116.0
219.0 105.0
220.0 120.0
221.0 120.0
222.0 111.0
223.0 122.0
224.0 96.0
225.0 96.0
226.0 113.0
227.0 89.0
228.0 93.0
229.0 106.0
230.0 98.0
231.0 106.0
232.0 104.0
233.0 86.0
234.0 96.0
235.0 114.0
236.0 117.0
237.0 121.0
238.0 114.0
239.0 124.0
240.0 118.0
241.0 123.0
242.0 117.0
243.0 100.0
244.0 124.0
245.0 101.0
246.0 117.0
247.0 100.0
248.0 108.0
249.0 123.0
250.0 94.0
251.0 108.0
252.0 97.0
253.0 108.0
254.0 106.0
255.0 91.0
256.0 125.0
257.0 94.0
258.0 114.0
259.0 122.0
260.0 119.0
261.0 104.0
262.0 114.0
263.0 89.0
264.0 352.0
265.0 345.0
266.0 381.0
267.0 456.0
268.0 490.0
269.0 455.0
270.0 383.0
271.0 567.0
272.0 632.0
273.0 698.0
274.0 645.0
275.0 631.0
276.0 924.0
277.0 684.0
278.0 933.0
279.0 848.0
280.0 869.0
281.0 832.0
282.0 804.0
283.0 773.0
284.0 744.0
285.0 385.0
286.0 36.0
287.0 64.0
288.0 174.0
289.0 122.0
290.0 116.0
291.0 121.0
292.0 137.0
293.0 135.0
294.0 122.0
295.0 157.0
296.0 139.0
297.0 143.0
298.0 142.0
299.0 136.0
300.0 121.0
301.0 92.0
302.0 120.0
303.0 101.0
304.0 97.0
305.0 99.0
306.0 98.0
307.0 55.0
308.0 36.0
309.0 38.0
310.0 27.0
311.0 120.0
312.0 177.0
313.0 236.0
314.0 260.0
315.0 278.0
316.0 95.0
317.0 105.0
318.0 449.0
319.0 610.0
320.0 819.0
321.0 820.0
322.0 688.0
323.0 873.0
324.0 786.0
325.0 879.0
326.0 694.0
327.0 795.0
328.0 838.0
329.0 719.0
330.0 725.0
331.0 705.0
332.0 608.0
333.0 718.0
334.0 585.0
335.0 1250.0
336.0 1070.0
337.0 1060.0
338.0 1140.0
339.0 1130.0
340.0 1100.0
341.0 1030.0
342.0 1200.0
343.0 1070.0
344.0 982.0
345.0 1130.0
346.0 1000.0
347.0 1080.0
348.0 889.0
349.0 739.0
350.0 958.0
351.0 947.0
352.0 924.0
353.0 808.0
354.0 116.0
355.0 120.0
356.0 717.0
357.0 989.0
358.0 1060.0
359.0 1000.0
360.0 852.0
361.0 1350.0
362.0 1200.0
363.0 1080.0
364.0 1010.0
365.0 994.0
366.0 1560.0
367.0 1460.0
368.0 1240.0
369.0 1200.0
370.0 1120.0
371.0 1190.0
372.0 1150.0
373.0 1070.0
374.0 965.0
375.0 1010.0
376.0 995.0
377.0 1180.0
378.0 1070.0
379.0 1090.0
380.0 1200.0
381.0 996.0
382.0 1050.0
383.0 1210.0
384.0 855.0
385.0 806.0
386.0 918.0
387.0 895.0
388.0 1490.0
389.0 858.0
390.0 736.0
391.0 99.0
392.0 117.0
393.0 109.0
394.0 109.0
395.0 114.0
396.0 534.0
397.0 946.0
398.0 782.0
399.0 829.0
400.0 740.0
401.0 444.0
402.0 803.0
403.0 467.0
404.0 78.0
405.0 898.0
406.0 1050.0
407.0 867.0
408.0 898.0
409.0 1040.0
410.0 1070.0
411.0 858.0
412.0 1300.0
413.0 637.0
414.0 70.0
415.0 391.0
416.0 520.0
417.0 401.0
418.0 302.0
419.0 184.0
420.0 156.0
421.0 120.0
422.0 325.0
423.0 300.0
424.0 189.0
425.0 44.0
426.0 91.0
427.0 124.0
428.0 490.0
429.0 577.0
430.0 715.0
431.0 766.0
432.0 620.0
433.0 770.0
434.0 954.0
435.0 1070.0
436.0 1120.0
437.0 1320.0
438.0 1170.0
439.0 1070.0
440.0 1350.0
441.0 1170.0
442.0 117.0
443.0 124.0
444.0 1240.0
445.0 1380.0
446.0 1500.0
447.0 1680.0
448.0 1460.0
449.0 1480.0
450.0 1630.0
451.0 1770.0
452.0 1570.0
453.0 1350.0
454.0 1650.0
455.0 1630.0
456.0 1820.0
457.0 1820.0
458.0 1840.0
459.0 1760.0
460.0 1850.0
461.0 1830.0
462.0 1860.0
463.0 1610.0
464.0 1830.0
465.0 1810.0
466.0 1920.0
467.0 1850.0
468.0 1830.0
469.0 1700.0
470.0 1760.0
471.0 1830.0
472.0 1630.0
473.0 1770.0
474.0 1870.0
475.0 1830.0
476.0 1300.0
477.0 1640.0
478.0 971.0
479.0 826.0
480.0 1280.0
481.0 1070.0
482.0 1150.0
483.0 1130.0
484.0 1360.0
485.0 1440.0
486.0 958.0
487.0 1270.0
488.0 1110.0
489.0 1090.0
490.0 899.0
491.0 1060.0
492.0 1190.0
493.0 1350.0
494.0 1270.0
495.0 1070.0
496.0 1020.0
497.0 1280.0
498.0 1030.0
499.0 1090.0
500.0 1210.0
501.0 1240.0
502.0 1010.0
503.0 1280.0
504.0 783.0
505.0 558.0
506.0 550.0
507.0 596.0
508.0 98.0
509.0 96.0
510.0 118.0
511.0 119.0
512.0 113.0
513.0 206.0
514.0 25.0
515.0 184.0
516.0 264.0
517.0 12.0
518.0 60.0
519.0 41.0
520.0 34.0
521.0 122.0
522.0 120.0
523.0 101.0
524.0 122.0
525.0 113.0
526.0 121.0
527.0 525.0
528.0 625.0
529.0 705.0
530.0 626.0
531.0 776.0
532.0 746.0
533.0 548.0
534.0 756.0
535.0 776.0
536.0 731.0
537.0 611.0
538.0 15.0
539.0 0.0
540.0 0.0
541.0 0.0
542.0 0.0
543.0 111.0
544.0 125.0
545.0 506.0
546.0 634.0
547.0 629.0
548.0 657.0
549.0 652.0
550.0 660.0
551.0 617.0
552.0 623.0
553.0 664.0
554.0 738.0
555.0 675.0
556.0 818.0
557.0 917.0
558.0 987.0
559.0 858.0
560.0 1040.0
561.0 1200.0
562.0 1360.0
563.0 1350.0
564.0 1180.0
565.0 778.0
566.0 1510.0
567.0 1460.0
568.0 1480.0
569.0 1570.0
570.0 1350.0
571.0 1160.0
572.0 1200.0
573.0 1150.0
574.0 1110.0
575.0 1550.0
576.0 1810.0
577.0 1620.0
578.0 1840.0
579.0 1560.0
580.0 1800.0
581.0 1750.0
582.0 1370.0
583.0 1130.0
584.0 816.0
585.0 981.0
586.0 1120.0
587.0 550.0
588.0 38.0
589.0 153.0
590.0 114.0
591.0 457.0
592.0 967.0
593.0 1380.0
594.0 1230.0
595.0 1330.0
596.0 1370.0
597.0 1460.0
598.0 1350.0
599.0 1510.0
600.0 1450.0
601.0 1600.0
602.0 1490.0
603.0 1520.0
604.0 1560.0
605.0 1250.0
606.0 1330.0
607.0 1130.0
608.0 369.0
609.0 103.0
610.0 579.0
611.0 1220.0
612.0 1470.0
613.0 1490.0
614.0 1330.0
615.0 1340.0
616.0 1270.0
617.0 1040.0
618.0 1210.0
619.0 1270.0
620.0 1050.0
621.0 1700.0
622.0 1540.0
623.0 1670.0
624.0 1780.0
625.0 1040.0
626.0 1700.0
627.0 1630.0
628.0 1660.0
629.0 1690.0
630.0 1410.0
631.0 941.0
632.0 87.0
633.0 135.0
634.0 12.0
635.0 1.0
636.0 59.0
637.0 103.0
638.0 105.0
639.0 710.0
640.0 825.0
641.0 598.0
642.0 223.0
643.0 15.0
644.0 302.0
645.0 681.0
646.0 718.0
647.0 664.0
648.0 692.0
649.0 671.0
650.0 654.0
651.0 619.0
652.0 501.0
653.0 22.0
654.0 352.0
655.0 535.0
656.0 435.0
657.0 282.0
658.0 321.0
659.0 699.0
660.0 828.0
661.0 670.0
662.0 153.0
663.0 122.0
664.0 392.0
665.0 622.0
666.0 581.0
667.0 585.0
668.0 678.0
669.0 686.0
670.0 124.0
671.0 465.0
672.0 490.0
673.0 564.0
674.0 586.0
675.0 542.0
676.0 562.0
677.0 655.0
678.0 700.0
679.0 708.0
680.0 439.0
681.0 133.0
682.0 282.0
683.0 374.0
684.0 589.0
685.0 134.0
686.0 94.0
687.0 100.0
688.0 496.0
689.0 509.0
690.0 135.0
691.0 111.0
692.0 485.0
693.0 657.0
694.0 677.0
695.0 680.0
696.0 677.0
697.0 725.0
698.0 744.0
699.0 830.0
700.0 796.0
701.0 801.0
702.0 750.0
703.0 952.0
704.0 854.0
705.0 808.0
706.0 745.0
707.0 864.0
708.0 943.0
709.0 906.0
710.0 798.0
711.0 780.0
712.0 926.0
713.0 1210.0
714.0 964.0
715.0 860.0
716.0 1000.0
717.0 1020.0
718.0 1470.0
719.0 1430.0
720.0 1000.0
721.0 862.0
722.0 939.0
723.0 1020.0
724.0 1130.0
725.0 1050.0
726.0 1030.0
727.0 900.0
728.0 1030.0
729.0 847.0
730.0 865.0
731.0 1030.0
732.0 885.0
733.0 954.0
734.0 965.0
735.0 501.0
736.0 125.0
737.0 90.0
738.0 786.0
739.0 1030.0
740.0 1030.0
741.0 1050.0
742.0 1020.0
743.0 833.0
744.0 823.0
745.0 1010.0
746.0 828.0
747.0 965.0
748.0 1110.0
749.0 874.0
750.0 996.0
751.0 1010.0
752.0 898.0
753.0 965.0
754.0 1040.0
755.0 1100.0
756.0 1190.0
757.0 1040.0
758.0 997.0
759.0 1070.0
760.0 935.0
761.0 966.0
762.0 1030.0
763.0 847.0
764.0 941.0
765.0 874.0
766.0 831.0
767.0 891.0
768.0 1170.0
769.0 909.0
770.0 1130.0
771.0 817.0
772.0 104.0
773.0 122.0
774.0 284.0
775.0 672.0
776.0 1140.0
777.0 1090.0
778.0 1060.0
779.0 1060.0
780.0 1070.0
781.0 1140.0
782.0 1210.0
783.0 1080.0
784.0 1490.0
785.0 785.0
786.0 1230.0
787.0 1300.0
788.0 1470.0
789.0 1360.0
790.0 1320.0
791.0 910.0
792.0 934.0
793.0 1150.0
794.0 1210.0
795.0 1140.0
796.0 918.0
