1.0 1330.0
2.0 1200.0
3.0 1160.0
4.0 1270.0
5.0 1330.0
6.0 1420.0
7.0 119.0
8.0 0.0
9.0 0.0
10.0 0.0
11.0 0.0
12.0 0.0
13.0 0.0
14.0 0.0
15.0 0.0
16.0 0.0
17.0 0.0
18.0 0.0
19.0 0.0
20.0 91.0
21.0 102.0
22.0 119.0
23.0 111.0
24.0 121.0
25.0 85.0
26.0 235.0
27.0 772.0
28.0 775.0
29.0 196.0
30.0 127.0
31.0 111.0
32.0 347.0
33.0 128.0
34.0 322.0
35.0 374.0
36.0 730.0
37.0 777.0
38.0 296.0
39.0 358.0
40.0 549.0
41.0 580.0
42.0 462.0
43.0 401.0
44.0 112.0
45.0 114.0
46.0 122.0
47.0 533.0
48.0 735.0
49.0 669.0
50.0 695.0
51.0 838.0
52.0 879.0
53.0 924.0
54.0 220.0
55.0 238.0
56.0 1320.0
57.0 1370.0
58.0 1290.0
59.0 1450.0
60.0 1440.0
61.0 1070.0
62.0 1070.0
63.0 1270.0
64.0 1460.0
65.0 1450.0
66.0 1550.0
67.0 1690.0
68.0 1670.0
69.0 1630.0
70.0 1330.0
71.0 1460.0
72.0 1340.0
73.0 1350.0
74.0 1470.0
75.0 1320.0
76.0 1120.0
77.0 97.0
78.0 119.0
79.0 748.0
80.0 1180.0
81.0 1380.0
82.0 1610.0
83.0 1360.0
84.0 1310.0
85.0 1440.0
86.0 1390.0
87.0 1550.0
88.0 1390.0
89.0 1510.0
90.0 1420.0
91.0 1380.0
92.0 1550.0
93.0 1530.0
94.0 1280.0
95.0 1630.0
96.0 1580.0
97.0 1720.0
98.0 1690.0
99.0 1380.0
100.0 1210.0
101.0 958.0
102.0 1090.0
103.0 1570.0
104.0 1880.0
105.0 1770.0
106.0 1520.0
107.0 1770.0
108.0 1460.0
109.0 1680.0
110.0 1780.0
111.0 1740.0
112.0 1670.0
113.0 1730.0
114.0 1600.0
115.0 1690.0
116.0 1400.0
117.0 1560.0
118.0 1730.0
119.0 1070.0
120.0 1240.0
121.0 1600.0
122.0 1580.0
123.0 1040.0
124.0 1340.0
125.0 1340.0
126.0 1610.0
127.0 1300.0
128.0 939.0
129.0 567.0
130.0 812.0
131.0 881.0
132.0 786.0
133.0 1060.0
134.0 1200.0
135.0 1510.0
136.0 1370.0
137.0 262.0
138.0 85.0
139.0 165.0
140.0 298.0
141.0 611.0
142.0 90.0
143.0 584.0
144.0 687.0
145.0 601.0
146.0 544.0
147.0 4.0
148.0 0.0
149.0 0.0
150.0 0.0
151.0 102.0
152.0 121.0
153.0 85.0
154.0 106.0
155.0 88.0
156.0 96.0
157.0 123.0
158.0 114.0
159.0 97.0
160.0 113.0
161.0 116.0
162.0 123.0
163.0 125.0
164.0 277.0
165.0 390.0
166.0 440.0
167.0 592.0
168.0 614.0
169.0 686.0
170.0 763.0
171.0 504.0
172.0 603.0
173.0 615.0
174.0 690.0
175.0 681.0
176.0 624.0
177.0 609.0
178.0 349.0
179.0 166.0
180.0 675.0
181.0 686.0
182.0 725.0
183.0 764.0
184.0 723.0
185.0 875.0
186.0 697.0
187.0 16.0
188.0 609.0
189.0 624.0
190.0 568.0
191.0 376.0
192.0 249.0
193.0 601.0
194.0 450.0
195.0 577.0
196.0 527.0
197.0 87.0
198.0 193.0
199.0 12.0
200.0 44.0
201.0 29.0
202.0 27.0
203.0 24.0
204.0 21.0
205.0 74.0
206.0 23.0
207.0 26.0
208.0 19.0
209.0 12.0
210.0 22.0
211.0 17.0
212.0 10.0
213.0 11.0
214.0 98.0
215.0 104.0
216.0 115.0
217.0 145.0
218.0 202.0
219.0 264.0
220.0 361.0
221.0 407.0
222.0 482.0
223.0 512.0
224.0 576.0
225.0 543.0
226.0 579.0
227.0 382.0
228.0 301.0
229.0 176.0
230.0 92.0
231.0 14.0
232.0 5.0
233.0 23.0
234.0 9.0
235.0 56.0
236.0 451.0
237.0 122.0
238.0 31.0
239.0 82.0
240.0 182.0
241.0 520.0
242.0 4.0
243.0 2.0
244.0 38.0
245.0 22.0
246.0 25.0
247.0 33.0
248.0 31.0
249.0 58.0
250.0 34.0
251.0 36.0
252.0 52.0
253.0 45.0
254.0 58.0
255.0 36.0
256.0 47.0
257.0 49.0
258.0 41.0
259.0 119.0
260.0 103.0
261.0 118.0
262.0 199.0
263.0 268.0
264.0 379.0
265.0 460.0
266.0 547.0
267.0 535.0
268.0 688.0
269.0 792.0
270.0 817.0
271.0 842.0
272.0 1050.0
273.0 983.0
274.0 1050.0
275.0 1040.0
276.0 1260.0
277.0 1140.0
278.0 998.0
279.0 938.0
280.0 998.0
281.0 1010.0
282.0 1040.0
283.0 1230.0
284.0 1230.0
285.0 1110.0
286.0 1240.0
287.0 1140.0
288.0 1160.0
289.0 1020.0
290.0 1050.0
291.0 1230.0
292.0 1330.0
293.0 1110.0
294.0 32.0
295.0 0.0
296.0 0.0
297.0 0.0
298.0 0.0
299.0 106.0
300.0 101.0
301.0 479.0
302.0 1060.0
303.0 835.0
304.0 1070.0
305.0 334.0
306.0 566.0
307.0 905.0
308.0 916.0
309.0 1040.0
310.0 873.0
311.0 239.0
312.0 650.0
313.0 319.0
314.0 928.0
315.0 77.0
316.0 118.0
317.0 673.0
318.0 961.0
319.0 956.0
320.0 999.0
321.0 901.0
322.0 1100.0
323.0 1090.0
324.0 827.0
325.0 866.0
326.0 687.0
327.0 709.0
328.0 737.0
329.0 908.0
330.0 954.0
331.0 1000.0
332.0 946.0
333.0 1120.0
334.0 1120.0
335.0 1180.0
336.0 809.0
337.0 1140.0
338.0 1100.0
339.0 1170.0
340.0 983.0
341.0 725.0
342.0 844.0
343.0 1070.0
344.0 1030.0
345.0 826.0
346.0 966.0
347.0 1170.0
348.0 723.0
349.0 1060.0
350.0 1260.0
351.0 1200.0
352.0 868.0
353.0 1070.0
354.0 1130.0
355.0 727.0
356.0 1160.0
357.0 64.0
358.0 1290.0
359.0 1360.0
360.0 1710.0
361.0 1420.0
362.0 1150.0
363.0 1200.0
364.0 1210.0
365.0 1050.0
366.0 300.0
367.0 940.0
368.0 956.0
369.0 943.0
370.0 1070.0
371.0 947.0
372.0 1100.0
373.0 931.0
374.0 753.0
375.0 130.0
376.0 83.0
377.0 128.0
378.0 82.0
379.0 71.0
380.0 30.0
381.0 97.0
382.0 72.0
383.0 67.0
384.0 59.0
385.0 59.0
386.0 53.0
387.0 54.0
388.0 44.0
389.0 47.0
390.0 61.0
391.0 54.0
392.0 68.0
393.0 36.0
394.0 71.0
395.0 74.0
396.0 35.0
397.0 15.0
398.0 33.0
399.0 25.0
400.0 83.0
401.0 109.0
402.0 123.0
403.0 125.0
404.0 93.0
405.0 115.0
406.0 278.0
407.0 549.0
408.0 559.0
409.0 575.0
410.0 568.0
411.0 538.0
412.0 398.0
413.0 111.0
414.0 305.0
415.0 391.0
416.0 519.0
417.0 342.0
418.0 327.0
419.0 10.0
420.0 78.0
421.0 192.0
422.0 381.0
423.0 615.0
424.0 751.0
425.0 42.0
426.0 521.0
427.0 568.0
428.0 607.0
429.0 723.0
430.0 674.0
431.0 590.0
432.0 706.0
433.0 767.0
434.0 821.0
435.0 845.0
436.0 764.0
437.0 797.0
438.0 669.0
439.0 221.0
440.0 119.0
441.0 672.0
442.0 982.0
443.0 1070.0
444.0 1070.0
445.0 1040.0
446.0 1060.0
447.0 1020.0
448.0 1090.0
449.0 1100.0
450.0 1160.0
451.0 1150.0
452.0 998.0
453.0 1160.0
454.0 1220.0
455.0 1250.0
456.0 1420.0
457.0 1450.0
458.0 1500.0
459.0 1420.0
460.0 1620.0
461.0 1440.0
462.0 1640.0
463.0 1660.0
464.0 1730.0
465.0 616.0
466.0 107.0
467.0 101.0
468.0 15.0
469.0 37.0
470.0 127.0
471.0 112.0
472.0 833.0
473.0 1390.0
474.0 311.0
475.0 98.0
476.0 202.0
477.0 834.0
478.0 777.0
479.0 1090.0
480.0 1100.0
481.0 920.0
482.0 895.0
483.0 845.0
484.0 905.0
485.0 835.0
486.0 1030.0
487.0 1080.0
488.0 1120.0
489.0 921.0
490.0 976.0
491.0 898.0
492.0 799.0
493.0 905.0
494.0 608.0
495.0 715.0
496.0 739.0
497.0 808.0
498.0 967.0
499.0 982.0
500.0 974.0
501.0 936.0
502.0 978.0
503.0 907.0
504.0 785.0
505.0 812.0
506.0 1060.0
507.0 1050.0
508.0 975.0
509.0 969.0
510.0 993.0
511.0 1060.0
512.0 1070.0
513.0 1050.0
514.0 1160.0
515.0 1140.0
516.0 1060.0
517.0 1060.0
518.0 939.0
519.0 516.0
520.0 801.0
521.0 747.0
522.0 912.0
523.0 909.0
524.0 599.0
525.0 1040.0
526.0 722.0
527.0 601.0
528.0 792.0
529.0 700.0
530.0 517.0
531.0 95.0
532.0 116.0
533.0 270.0
534.0 629.0
535.0 590.0
536.0 381.0
537.0 756.0
538.0 825.0
539.0 815.0
540.0 731.0
541.0 764.0
542.0 718.0
543.0 732.0
544.0 676.0
545.0 531.0
546.0 718.0
547.0 771.0
548.0 553.0
549.0 594.0
550.0 320.0
551.0 705.0
552.0 691.0
553.0 415.0
554.0 95.0
555.0 265.0
556.0 491.0
557.0 353.0
558.0 340.0
559.0 541.0
560.0 48.0
561.0 43.0
562.0 65.0
563.0 121.0
564.0 121.0
565.0 86.0
566.0 101.0
567.0 51.0
568.0 56.0
569.0 49.0
570.0 30.0
571.0 120.0
572.0 88.0
573.0 113.0
574.0 86.0
575.0 101.0
576.0 115.0
577.0 103.0
578.0 82.0
579.0 99.0
580.0 120.0
581.0 112.0
582.0 84.0
583.0 122.0
584.0 98.0
585.0 115.0
586.0 84.0
587.0 120.0
588.0 100.0
589.0 120.0
590.0 111.0
591.0 105.0
592.0 103.0
593.0 94.0
594.0 118.0
595.0 94.0
596.0 124.0
597.0 118.0
598.0 103.0
599.0 104.0
600.0 125.0
601.0 80.0
602.0 124.0
603.0 87.0
604.0 117.0
605.0 100.0
606.0 88.0
607.0 104.0
608.0 111.0
609.0 118.0
610.0 110.0
611.0 112.0
612.0 116.0
613.0 92.0
614.0 100.0
615.0 115.0
616.0 116.0
617.0 121.0
618.0 93.0
619.0 343.0
620.0 818.0
621.0 874.0
622.0 966.0
623.0 982.0
624.0 998.0
625.0 1030.0
626.0 891.0
627.0 906.0
628.0 845.0
629.0 1010.0
630.0 85.0
631.0 88.0
632.0 71.0
633.0 102.0
634.0 157.0
635.0 154.0
636.0 123.0
637.0 123.0
638.0 101.0
639.0 84.0
640.0 144.0
641.0 130.0
642.0 136.0
643.0 61.0
644.0 116.0
645.0 81.0
646.0 116.0
647.0 89.0
648.0 109.0
649.0 115.0
650.0 76.0
651.0 97.0
652.0 109.0
653.0 177.0
654.0 207.0
655.0 376.0
656.0 415.0
657.0 513.0
658.0 474.0
659.0 527.0
660.0 288.0
661.0 468.0
662.0 203.0
663.0 36.0
664.0 82.0
665.0 37.0
666.0 7.0
667.0 9.0
668.0 2.0
669.0 0.0
670.0 0.0
671.0 8.0
672.0 3.0
673.0 18.0
674.0 111.0
675.0 113.0
676.0 369.0
677.0 495.0
678.0 565.0
679.0 582.0
680.0 658.0
681.0 763.0
682.0 802.0
683.0 103.0
684.0 116.0
685.0 77.0
686.0 37.0
687.0 115.0
688.0 74.0
689.0 57.0
690.0 58.0
691.0 47.0
692.0 33.0
693.0 123.0
694.0 104.0
695.0 68.0
696.0 59.0
697.0 25.0
698.0 90.0
699.0 72.0
700.0 101.0
701.0 78.0
702.0 98.0
703.0 83.0
704.0 95.0
705.0 193.0
706.0 226.0
707.0 213.0
708.0 53.0
709.0 0.0
710.0 0.0
711.0 123.0
712.0 114.0
713.0 102.0
714.0 162.0
715.0 216.0
716.0 114.0
717.0 115.0
718.0 115.0
719.0 98.0
720.0 114.0
721.0 122.0
722.0 115.0
723.0 82.0
724.0 120.0
725.0 110.0
726.0 113.0
727.0 118.0
728.0 32.0
729.0 111.0
730.0 122.0
731.0 65.0
732.0 104.0
733.0 101.0
734.0 85.0
735.0 68.0
736.0 57.0
737.0 42.0
738.0 119.0
739.0 86.0
740.0 270.0
741.0 257.0
742.0 257.0
743.0 284.0
744.0 318.0
745.0 300.0
746.0 315.0
747.0 452.0
748.0 517.0
749.0 659.0
750.0 733.0
751.0 808.0
752.0 853.0
753.0 821.0
754.0 962.0
755.0 846.0
756.0 816.0
757.0 933.0
758.0 892.0
759.0 926.0
760.0 874.0
761.0 1060.0
762.0 932.0
763.0 811.0
764.0 1010.0
765.0 989.0
766.0 926.0
767.0 976.0
768.0 928.0
769.0 958.0
770.0 1140.0
771.0 1040.0
772.0 933.0
773.0 895.0
774.0 1010.0
775.0 1240.0
776.0 1440.0
777.0 1100.0
778.0 1150.0
779.0 1210.0
780.0 1180.0
781.0 1240.0
782.0 1150.0
783.0 786.0
784.0 1070.0
785.0 106.0
