1.0 125.0
2.0 101.0
3.0 123.0
4.0 124.0
5.0 107.0
6.0 101.0
7.0 112.0
8.0 93.0
9.0 91.0
10.0 108.0
11.0 111.0
12.0 125.0
13.0 107.0
14.0 121.0
15.0 121.0
16.0 86.0
17.0 77.0
18.0 109.0
19.0 125.0
20.0 116.0
21.0 118.0
22.0 123.0
23.0 120.0
24.0 115.0
25.0 93.0
26.0 27.0
27.0 60.0
28.0 63.0
29.0 53.0
30.0 110.0
31.0 43.0
32.0 59.0
33.0 101.0
34.0 178.0
35.0 132.0
36.0 102.0
37.0 120.0
38.0 112.0
39.0 115.0
40.0 110.0
41.0 96.0
42.0 105.0
43.0 101.0
44.0 90.0
45.0 97.0
46.0 102.0
47.0 119.0
48.0 121.0
49.0 95.0
50.0 87.0
51.0 112.0
52.0 115.0
53.0 104.0
54.0 105.0
55.0 104.0
56.0 111.0
57.0 118.0
58.0 110.0
59.0 110.0
60.0 124.0
61.0 121.0
62.0 110.0
63.0 119.0
64.0 113.0
65.0 114.0
66.0 119.0
67.0 114.0
68.0 123.0
69.0 87.0
70.0 117.0
71.0 81.0
72.0 103.0
73.0 118.0
74.0 124.0
75.0 115.0
76.0 123.0
77.0 96.0
78.0 113.0
79.0 113.0
80.0 100.0
81.0 101.0
82.0 121.0
83.0 107.0
84.0 104.0
85.0 119.0
86.0 119.0
87.0 118.0
88.0 120.0
89.0 117.0
90.0 119.0
91.0 124.0
92.0 109.0
93.0 123.0
94.0 116.0
95.0 91.0
96.0 122.0
97.0 100.0
98.0 109.0
99.0 91.0
100.0 98.0
101.0 123.0
102.0 106.0
103.0 88.0
104.0 90.0
105.0 110.0
106.0 119.0
107.0 99.0
108.0 118.0
109.0 88.0
110.0 107.0
111.0 121.0
112.0 119.0
113.0 97.0
114.0 115.0
115.0 116.0
116.0 92.0
117.0 98.0
118.0 116.0
119.0 55.0
120.0 80.0
121.0 116.0
122.0 162.0
123.0 230.0
124.0 303.0
125.0 375.0
126.0 520.0
127.0 646.0
128.0 886.0
129.0 1100.0
130.0 1090.0
131.0 776.0
132.0 1390.0
133.0 1160.0
134.0 1200.0
135.0 1430.0
136.0 1540.0
137.0 842.0
138.0 1420.0
139.0 860.0
140.0 145.0
141.0 494.0
142.0 812.0
143.0 805.0
144.0 927.0
145.0 1120.0
146.0 806.0
147.0 855.0
148.0 78.0
149.0 891.0
150.0 1100.0
151.0 1390.0
152.0 1080.0
153.0 1350.0
154.0 1430.0
155.0 1140.0
156.0 1220.0
157.0 1530.0
158.0 1410.0
159.0 1390.0
160.0 1420.0
161.0 1140.0
162.0 1270.0
163.0 1550.0
164.0 880.0
165.0 2.0
166.0 103.0
167.0 102.0
168.0 596.0
169.0 713.0
170.0 750.0
171.0 707.0
172.0 760.0
173.0 257.0
174.0 519.0
175.0 704.0
176.0 743.0
177.0 727.0
178.0 809.0
179.0 423.0
180.0 326.0
181.0 673.0
182.0 682.0
183.0 883.0
184.0 909.0
185.0 548.0
186.0 756.0
187.0 782.0
188.0 812.0
189.0 955.0
190.0 795.0
191.0 368.0
192.0 269.0
193.0 589.0
194.0 550.0
195.0 332.0
196.0 611.0
197.0 582.0
198.0 574.0
199.0 588.0
200.0 672.0
201.0 590.0
202.0 578.0
203.0 618.0
204.0 573.0
205.0 388.0
206.0 574.0
207.0 61.0
208.0 3.0
209.0 0.0
210.0 0.0
211.0 0.0
212.0 1.0
213.0 114.0
214.0 100.0
215.0 643.0
216.0 596.0
217.0 687.0
218.0 715.0
219.0 702.0
220.0 774.0
221.0 714.0
222.0 603.0
223.0 801.0
224.0 825.0
225.0 730.0
226.0 794.0
227.0 1080.0
228.0 1200.0
229.0 1100.0
230.0 1280.0
231.0 1380.0
232.0 1280.0
233.0 1080.0
234.0 1220.0
235.0 1150.0
236.0 1300.0
237.0 47.0
238.0 96.0
239.0 193.0
240.0 462.0
241.0 367.0
242.0 62.0
243.0 79.0
244.0 531.0
245.0 154.0
246.0 67.0
247.0 271.0
248.0 399.0
249.0 502.0
250.0 303.0
251.0 10.0
252.0 111.0
253.0 93.0
254.0 478.0
255.0 762.0
256.0 777.0
257.0 854.0
258.0 871.0
259.0 789.0
260.0 1020.0
261.0 843.0
262.0 795.0
263.0 740.0
264.0 872.0
265.0 880.0
266.0 958.0
267.0 892.0
268.0 882.0
269.0 1090.0
270.0 868.0
271.0 942.0
272.0 933.0
273.0 943.0
274.0 927.0
275.0 891.0
276.0 980.0
277.0 917.0
278.0 904.0
279.0 925.0
280.0 948.0
281.0 887.0
282.0 949.0
283.0 829.0
284.0 939.0
285.0 891.0
286.0 888.0
287.0 1020.0
288.0 1060.0
289.0 935.0
290.0 880.0
291.0 936.0
292.0 1050.0
293.0 870.0
294.0 872.0
295.0 964.0
296.0 814.0
297.0 876.0
298.0 801.0
299.0 821.0
300.0 873.0
301.0 1060.0
302.0 977.0
303.0 1030.0
304.0 1010.0
305.0 932.0
306.0 855.0
307.0 519.0
308.0 752.0
309.0 841.0
310.0 195.0
311.0 0.0
312.0 0.0
313.0 0.0
314.0 0.0
315.0 0.0
316.0 92.0
317.0 198.0
318.0 839.0
319.0 768.0
320.0 797.0
321.0 1020.0
322.0 964.0
323.0 960.0
324.0 837.0
325.0 942.0
326.0 995.0
327.0 1120.0
328.0 924.0
329.0 987.0
330.0 404.0
331.0 3.0
332.0 17.0
333.0 3.0
334.0 2.0
335.0 6.0
336.0 12.0
337.0 102.0
338.0 93.0
339.0 39.0
340.0 58.0
341.0 202.0
342.0 55.0
343.0 2.0
344.0 0.0
345.0 11.0
346.0 10.0
347.0 11.0
348.0 36.0
349.0 51.0
350.0 6.0
351.0 13.0
352.0 8.0
353.0 12.0
354.0 17.0
355.0 14.0
356.0 46.0
357.0 22.0
358.0 0.0
359.0 102.0
360.0 120.0
361.0 91.0
362.0 121.0
363.0 169.0
364.0 224.0
365.0 276.0
366.0 467.0
367.0 520.0
368.0 632.0
369.0 753.0
370.0 853.0
371.0 932.0
372.0 1110.0
373.0 1380.0
374.0 1260.0
375.0 1380.0
376.0 1370.0
377.0 1440.0
378.0 1160.0
379.0 854.0
380.0 941.0
381.0 986.0
382.0 457.0
383.0 3.0
384.0 0.0
385.0 93.0
386.0 114.0
387.0 361.0
388.0 3.0
389.0 0.0
390.0 122.0
391.0 99.0
392.0 674.0
393.0 1150.0
394.0 1350.0
395.0 1010.0
396.0 891.0
397.0 1300.0
398.0 1050.0
399.0 990.0
400.0 1010.0
401.0 1020.0
402.0 968.0
403.0 933.0
404.0 919.0
405.0 890.0
406.0 832.0
407.0 821.0
408.0 711.0
409.0 822.0
410.0 237.0
411.0 7.0
412.0 2.0
413.0 34.0
414.0 13.0
415.0 89.0
416.0 113.0
417.0 659.0
418.0 3.0
419.0 89.0
420.0 464.0
421.0 119.0
422.0 0.0
423.0 79.0
424.0 118.0
425.0 0.0
426.0 0.0
427.0 0.0
428.0 0.0
429.0 2.0
430.0 108.0
431.0 108.0
432.0 298.0
433.0 715.0
434.0 424.0
435.0 763.0
436.0 1180.0
437.0 1330.0
438.0 1240.0
439.0 1230.0
440.0 1200.0
441.0 1190.0
442.0 1200.0
443.0 1120.0
444.0 1120.0
445.0 926.0
446.0 1130.0
447.0 1230.0
448.0 1540.0
449.0 1440.0
450.0 1150.0
451.0 1270.0
452.0 1430.0
453.0 1560.0
454.0 1500.0
455.0 1550.0
456.0 1360.0
457.0 1240.0
458.0 1450.0
459.0 1640.0
460.0 1570.0
461.0 1670.0
462.0 1640.0
463.0 1610.0
464.0 1700.0
465.0 1680.0
466.0 1650.0
467.0 1670.0
468.0 1470.0
469.0 1720.0
470.0 1640.0
471.0 1550.0
472.0 1730.0
473.0 1780.0
474.0 1760.0
475.0 1710.0
476.0 1740.0
477.0 1390.0
478.0 1540.0
479.0 1630.0
480.0 911.0
481.0 1220.0
482.0 1460.0
483.0 822.0
484.0 877.0
485.0 894.0
486.0 928.0
487.0 835.0
488.0 1110.0
489.0 1120.0
490.0 1040.0
491.0 837.0
492.0 962.0
493.0 1080.0
494.0 1080.0
495.0 914.0
496.0 939.0
497.0 869.0
498.0 655.0
499.0 737.0
500.0 885.0
501.0 782.0
502.0 825.0
503.0 876.0
504.0 790.0
505.0 809.0
506.0 766.0
507.0 122.0
508.0 103.0
509.0 199.0
510.0 615.0
511.0 155.0
512.0 22.0
513.0 7.0
514.0 0.0
515.0 111.0
516.0 115.0
517.0 93.0
518.0 88.0
519.0 96.0
520.0 107.0
521.0 125.0
522.0 115.0
523.0 94.0
524.0 116.0
525.0 90.0
526.0 116.0
527.0 114.0
528.0 115.0
529.0 118.0
530.0 100.0
531.0 121.0
532.0 114.0
533.0 125.0
534.0 103.0
535.0 115.0
536.0 117.0
537.0 120.0
538.0 109.0
539.0 119.0
540.0 30.0
541.0 9.0
542.0 12.0
543.0 8.0
544.0 9.0
545.0 6.0
546.0 10.0
547.0 16.0
548.0 7.0
549.0 11.0
550.0 4.0
551.0 6.0
552.0 12.0
553.0 11.0
554.0 16.0
555.0 16.0
556.0 11.0
557.0 27.0
558.0 13.0
559.0 16.0
560.0 11.0
561.0 92.0
562.0 94.0
563.0 118.0
564.0 116.0
565.0 109.0
566.0 125.0
567.0 119.0
568.0 112.0
569.0 123.0
570.0 117.0
571.0 125.0
572.0 118.0
573.0 106.0
574.0 109.0
575.0 119.0
576.0 101.0
577.0 114.0
578.0 113.0
579.0 89.0
580.0 109.0
581.0 120.0
582.0 94.0
583.0 115.0
584.0 116.0
585.0 109.0
586.0 116.0
587.0 93.0
588.0 122.0
589.0 114.0
590.0 97.0
591.0 118.0
592.0 112.0
593.0 111.0
594.0 125.0
595.0 100.0
596.0 111.0
597.0 99.0
598.0 119.0
599.0 95.0
600.0 97.0
601.0 121.0
602.0 109.0
603.0 119.0
604.0 95.0
605.0 122.0
606.0 98.0
607.0 114.0
608.0 125.0
609.0 122.0
610.0 91.0
611.0 119.0
612.0 107.0
613.0 94.0
614.0 118.0
615.0 119.0
616.0 109.0
617.0 120.0
618.0 120.0
619.0 88.0
620.0 103.0
621.0 117.0
622.0 120.0
623.0 111.0
624.0 113.0
625.0 116.0
626.0 124.0
627.0 115.0
628.0 117.0
629.0 205.0
630.0 295.0
631.0 310.0
632.0 342.0
633.0 393.0
634.0 447.0
635.0 525.0
636.0 629.0
637.0 770.0
638.0 958.0
639.0 1140.0
640.0 1130.0
641.0 1160.0
642.0 1330.0
643.0 1350.0
644.0 1160.0
645.0 1290.0
646.0 947.0
647.0 1220.0
648.0 1190.0
649.0 1050.0
650.0 916.0
651.0 978.0
652.0 983.0
653.0 1010.0
654.0 929.0
655.0 824.0
656.0 952.0
657.0 1000.0
658.0 1220.0
659.0 999.0
660.0 1020.0
661.0 1360.0
662.0 1100.0
663.0 1070.0
664.0 1060.0
665.0 734.0
666.0 603.0
667.0 700.0
668.0 395.0
669.0 10.0
670.0 1.0
671.0 10.0
672.0 11.0
673.0 5.0
674.0 5.0
675.0 14.0
676.0 34.0
677.0 13.0
678.0 14.0
679.0 37.0
680.0 90.0
681.0 100.0
682.0 118.0
683.0 121.0
684.0 117.0
685.0 112.0
686.0 305.0
687.0 134.0
688.0 158.0
689.0 271.0
690.0 348.0
691.0 408.0
692.0 456.0
693.0 474.0
694.0 494.0
695.0 433.0
696.0 502.0
697.0 412.0
698.0 230.0
699.0 0.0
700.0 0.0
701.0 80.0
702.0 125.0
703.0 117.0
704.0 97.0
705.0 121.0
706.0 112.0
707.0 92.0
708.0 91.0
709.0 120.0
710.0 114.0
711.0 113.0
712.0 114.0
713.0 113.0
714.0 121.0
715.0 99.0
716.0 115.0
717.0 102.0
718.0 124.0
719.0 109.0
720.0 111.0
721.0 98.0
722.0 97.0
723.0 115.0
724.0 108.0
725.0 121.0
726.0 112.0
727.0 90.0
728.0 106.0
729.0 117.0
730.0 105.0
731.0 97.0
732.0 86.0
733.0 119.0
734.0 81.0
735.0 117.0
736.0 123.0
737.0 106.0
738.0 110.0
739.0 110.0
740.0 91.0
741.0 77.0
742.0 96.0
743.0 95.0
744.0 103.0
745.0 83.0
746.0 110.0
747.0 114.0
748.0 119.0
749.0 87.0
750.0 110.0
751.0 115.0
752.0 90.0
753.0 110.0
754.0 92.0
755.0 120.0
756.0 99.0
757.0 93.0
758.0 121.0
759.0 110.0
760.0 124.0
761.0 121.0
762.0 125.0
763.0 115.0
764.0 98.0
765.0 107.0
766.0 108.0
767.0 105.0
768.0 107.0
769.0 123.0
770.0 110.0
771.0 101.0
772.0 108.0
773.0 113.0
774.0 109.0
775.0 87.0
776.0 108.0
777.0 89.0
778.0 98.0
779.0 110.0
780.0 93.0
