1.0 1240.0
2.0 1370.0
3.0 1410.0
4.0 1580.0
5.0 1730.0
6.0 1620.0
7.0 1570.0
8.0 1550.0
9.0 1660.0
10.0 1840.0
11.0 1840.0
12.0 1740.0
13.0 1840.0
14.0 1810.0
15.0 1770.0
16.0 1870.0
17.0 1740.0
18.0 1830.0
19.0 1890.0
20.0 1840.0
21.0 1850.0
22.0 1640.0
23.0 1550.0
24.0 1500.0
25.0 1700.0
26.0 1430.0
27.0 1120.0
28.0 874.0
29.0 990.0
30.0 972.0
31.0 955.0
32.0 947.0
33.0 99.0
34.0 146.0
35.0 225.0
36.0 13.0
37.0 39.0
38.0 14.0
39.0 124.0
40.0 109.0
41.0 1540.0
42.0 1600.0
43.0 1490.0
44.0 1500.0
45.0 1810.0
46.0 1600.0
47.0 1670.0
48.0 1620.0
49.0 1300.0
50.0 1320.0
51.0 1040.0
52.0 184.0
53.0 22.0
54.0 125.0
55.0 125.0
56.0 106.0
57.0 983.0
58.0 1040.0
59.0 927.0
60.0 1350.0
61.0 238.0
62.0 7.0
63.0 104.0
64.0 110.0
65.0 104.0
66.0 83.0
67.0 809.0
68.0 911.0
69.0 780.0
70.0 806.0
71.0 799.0
72.0 1080.0
73.0 1070.0
74.0 966.0
75.0 931.0
76.0 761.0
77.0 771.0
78.0 774.0
79.0 964.0
80.0 756.0
81.0 837.0
82.0 674.0
83.0 601.0
84.0 668.0
85.0 653.0
86.0 657.0
87.0 745.0
88.0 780.0
89.0 710.0
90.0 423.0
91.0 197.0
92.0 228.0
93.0 351.0
94.0 421.0
95.0 635.0
96.0 661.0
97.0 577.0
98.0 342.0
99.0 23.0
100.0 89.0
101.0 97.0
102.0 102.0
103.0 1110.0
104.0 724.0
105.0 623.0
106.0 352.0
107.0 722.0
108.0 808.0
109.0 212.0
110.0 305.0
111.0 1020.0
112.0 824.0
113.0 1140.0
114.0 806.0
115.0 1170.0
116.0 525.0
117.0 830.0
118.0 539.0
119.0 921.0
120.0 1260.0
121.0 1350.0
122.0 1250.0
123.0 979.0
124.0 770.0
125.0 870.0
126.0 967.0
127.0 459.0
128.0 633.0
129.0 734.0
130.0 762.0
131.0 779.0
132.0 262.0
133.0 98.0
134.0 423.0
135.0 713.0
136.0 730.0
137.0 548.0
138.0 693.0
139.0 496.0
140.0 324.0
141.0 4.0
142.0 21.0
143.0 18.0
144.0 12.0
145.0 117.0
146.0 94.0
147.0 96.0
148.0 117.0
149.0 109.0
150.0 83.0
151.0 378.0
152.0 65.0
153.0 97.0
154.0 41.0
155.0 48.0
156.0 41.0
157.0 66.0
158.0 199.0
159.0 283.0
160.0 205.0
161.0 144.0
162.0 21.0
163.0 107.0
164.0 215.0
165.0 21.0
166.0 34.0
167.0 5.0
168.0 5.0
169.0 10.0
170.0 19.0
171.0 19.0
172.0 0.0
173.0 12.0
174.0 22.0
175.0 5.0
176.0 14.0
177.0 5.0
178.0 10.0
179.0 5.0
180.0 10.0
181.0 17.0
182.0 11.0
183.0 0.0
184.0 8.0
185.0 94.0
186.0 113.0
187.0 103.0
188.0 9.0
189.0 64.0
190.0 95.0
191.0 135.0
192.0 167.0
193.0 25.0
194.0 93.0
195.0 112.0
196.0 29.0
197.0 15.0
198.0 5.0
199.0 4.0
200.0 0.0
201.0 1.0
202.0 5.0
203.0 3.0
204.0 0.0
205.0 0.0
206.0 14.0
207.0 50.0
208.0 41.0
209.0 13.0
210.0 0.0
211.0 21.0
212.0 76.0
213.0 124.0
214.0 143.0
215.0 215.0
216.0 321.0
217.0 402.0
218.0 450.0
219.0 440.0
220.0 477.0
221.0 454.0
222.0 502.0
223.0 557.0
224.0 542.0
225.0 576.0
226.0 605.0
227.0 645.0
228.0 681.0
229.0 693.0
230.0 665.0
231.0 637.0
232.0 189.0
233.0 406.0
234.0 13.0
235.0 14.0
236.0 80.0
237.0 122.0
238.0 554.0
239.0 695.0
240.0 726.0
241.0 746.0
242.0 785.0
243.0 794.0
244.0 819.0
245.0 776.0
246.0 840.0
247.0 644.0
248.0 735.0
249.0 790.0
250.0 930.0
251.0 914.0
252.0 949.0
253.0 859.0
254.0 1010.0
255.0 40.0
256.0 0.0
257.0 4.0
258.0 18.0
259.0 120.0
260.0 117.0
261.0 525.0
262.0 559.0
263.0 539.0
264.0 604.0
265.0 540.0
266.0 759.0
267.0 954.0
268.0 950.0
269.0 912.0
270.0 908.0
271.0 995.0
272.0 865.0
273.0 1040.0
274.0 824.0
275.0 800.0
276.0 1020.0
277.0 869.0
278.0 922.0
279.0 1100.0
280.0 996.0
281.0 1080.0
282.0 1160.0
283.0 594.0
284.0 1100.0
285.0 1130.0
286.0 1110.0
287.0 1020.0
288.0 1100.0
289.0 964.0
290.0 1110.0
291.0 1170.0
292.0 1400.0
293.0 1440.0
294.0 1230.0
295.0 1460.0
296.0 1140.0
297.0 1190.0
298.0 543.0
299.0 1080.0
300.0 1340.0
301.0 1220.0
302.0 1100.0
303.0 1160.0
304.0 998.0
305.0 843.0
306.0 991.0
307.0 772.0
308.0 622.0
309.0 1.0
310.0 0.0
311.0 1.0
312.0 123.0
313.0 756.0
314.0 922.0
315.0 1090.0
316.0 1090.0
317.0 1000.0
318.0 89.0
319.0 26.0
320.0 210.0
321.0 849.0
322.0 1230.0
323.0 1230.0
324.0 1030.0
325.0 1000.0
326.0 1030.0
327.0 1110.0
328.0 1290.0
329.0 200.0
330.0 0.0
331.0 112.0
332.0 773.0
333.0 861.0
334.0 877.0
335.0 920.0
336.0 929.0
337.0 1010.0
338.0 851.0
339.0 143.0
340.0 584.0
341.0 1080.0
342.0 934.0
343.0 1010.0
344.0 238.0
345.0 0.0
346.0 91.0
347.0 119.0
348.0 83.0
349.0 0.0
350.0 0.0
351.0 0.0
352.0 0.0
353.0 5.0
354.0 102.0
355.0 122.0
356.0 313.0
357.0 319.0
358.0 336.0
359.0 477.0
360.0 473.0
361.0 421.0
362.0 466.0
363.0 591.0
364.0 582.0
365.0 536.0
366.0 735.0
367.0 749.0
368.0 753.0
369.0 955.0
370.0 861.0
371.0 928.0
372.0 1020.0
373.0 1000.0
374.0 996.0
375.0 1010.0
376.0 1230.0
377.0 1440.0
378.0 1020.0
379.0 1430.0
380.0 1440.0
381.0 1240.0
382.0 1540.0
383.0 1500.0
384.0 1570.0
385.0 1790.0
386.0 1780.0
387.0 1790.0
388.0 1850.0
389.0 1270.0
390.0 1680.0
391.0 1630.0
392.0 1700.0
393.0 1450.0
394.0 993.0
395.0 1350.0
396.0 1780.0
397.0 994.0
398.0 1080.0
399.0 1670.0
400.0 1660.0
401.0 1110.0
402.0 1000.0
403.0 946.0
404.0 1210.0
405.0 1060.0
406.0 1110.0
407.0 976.0
408.0 1170.0
409.0 1320.0
410.0 1040.0
411.0 1430.0
412.0 1170.0
413.0 1440.0
414.0 1010.0
415.0 1150.0
416.0 845.0
417.0 1180.0
418.0 936.0
419.0 891.0
420.0 845.0
421.0 1150.0
422.0 967.0
423.0 1090.0
424.0 1110.0
425.0 1040.0
426.0 1140.0
427.0 853.0
428.0 494.0
429.0 703.0
430.0 1030.0
431.0 1080.0
432.0 754.0
433.0 843.0
434.0 314.0
435.0 13.0
436.0 26.0
437.0 125.0
438.0 160.0
439.0 585.0
440.0 367.0
441.0 600.0
442.0 390.0
443.0 759.0
444.0 292.0
445.0 418.0
446.0 463.0
447.0 720.0
448.0 743.0
449.0 568.0
450.0 713.0
451.0 624.0
452.0 800.0
453.0 931.0
454.0 849.0
455.0 901.0
456.0 793.0
457.0 921.0
458.0 944.0
459.0 840.0
460.0 782.0
461.0 642.0
462.0 723.0
463.0 824.0
464.0 810.0
465.0 980.0
466.0 902.0
467.0 890.0
468.0 912.0
469.0 918.0
470.0 787.0
471.0 768.0
472.0 925.0
473.0 727.0
474.0 812.0
475.0 772.0
476.0 842.0
477.0 1250.0
478.0 1270.0
479.0 1080.0
480.0 818.0
481.0 736.0
482.0 881.0
483.0 902.0
484.0 673.0
485.0 1120.0
486.0 1350.0
487.0 1290.0
488.0 1270.0
489.0 1290.0
490.0 1160.0
491.0 936.0
492.0 900.0
493.0 723.0
494.0 727.0
495.0 830.0
496.0 965.0
497.0 889.0
498.0 763.0
499.0 740.0
500.0 741.0
501.0 756.0
502.0 776.0
503.0 746.0
504.0 826.0
505.0 738.0
506.0 794.0
507.0 788.0
508.0 723.0
509.0 817.0
510.0 821.0
511.0 896.0
512.0 864.0
513.0 819.0
514.0 882.0
515.0 693.0
516.0 781.0
517.0 1000.0
518.0 969.0
519.0 849.0
520.0 675.0
521.0 316.0
522.0 717.0
523.0 843.0
524.0 709.0
525.0 362.0
526.0 255.0
527.0 615.0
528.0 808.0
529.0 656.0
530.0 0.0
531.0 0.0
532.0 116.0
533.0 115.0
534.0 122.0
535.0 120.0
536.0 114.0
537.0 119.0
538.0 121.0
539.0 122.0
540.0 123.0
541.0 122.0
542.0 104.0
543.0 123.0
544.0 103.0
545.0 82.0
546.0 124.0
547.0 105.0
548.0 121.0
549.0 117.0
550.0 111.0
551.0 109.0
552.0 118.0
553.0 107.0
554.0 109.0
555.0 94.0
556.0 80.0
557.0 97.0
558.0 90.0
559.0 125.0
560.0 121.0
561.0 97.0
562.0 87.0
563.0 103.0
564.0 125.0
565.0 120.0
566.0 103.0
567.0 121.0
568.0 112.0
569.0 121.0
570.0 114.0
571.0 106.0
572.0 112.0
573.0 105.0
574.0 109.0
575.0 109.0
576.0 92.0
577.0 90.0
578.0 92.0
579.0 118.0
580.0 124.0
581.0 116.0
582.0 121.0
583.0 100.0
584.0 112.0
585.0 115.0
586.0 110.0
587.0 79.0
588.0 116.0
589.0 102.0
590.0 98.0
591.0 117.0
592.0 122.0
593.0 103.0
594.0 101.0
595.0 125.0
596.0 125.0
597.0 113.0
598.0 115.0
599.0 116.0
600.0 122.0
601.0 114.0
602.0 122.0
603.0 124.0
604.0 95.0
605.0 120.0
606.0 117.0
607.0 102.0
608.0 105.0
609.0 102.0
610.0 112.0
611.0 114.0
612.0 112.0
613.0 83.0
614.0 119.0
615.0 100.0
616.0 124.0
617.0 120.0
618.0 92.0
619.0 109.0
620.0 112.0
621.0 105.0
622.0 115.0
623.0 110.0
624.0 111.0
625.0 82.0
626.0 96.0
627.0 86.0
628.0 123.0
629.0 101.0
630.0 114.0
631.0 107.0
632.0 116.0
633.0 88.0
634.0 123.0
635.0 101.0
636.0 109.0
637.0 90.0
638.0 121.0
639.0 90.0
640.0 91.0
641.0 121.0
642.0 159.0
643.0 194.0
644.0 352.0
645.0 343.0
646.0 339.0
647.0 359.0
648.0 359.0
649.0 382.0
650.0 412.0
651.0 414.0
652.0 426.0
653.0 519.0
654.0 515.0
655.0 522.0
656.0 541.0
657.0 594.0
658.0 590.0
659.0 585.0
660.0 578.0
661.0 627.0
662.0 567.0
663.0 678.0
664.0 681.0
665.0 631.0
666.0 653.0
667.0 586.0
668.0 567.0
669.0 801.0
670.0 825.0
671.0 710.0
672.0 790.0
673.0 618.0
674.0 689.0
675.0 676.0
676.0 889.0
677.0 807.0
678.0 689.0
679.0 31.0
680.0 9.0
681.0 15.0
682.0 2.0
683.0 0.0
684.0 15.0
685.0 32.0
686.0 9.0
687.0 7.0
688.0 31.0
689.0 95.0
690.0 441.0
691.0 165.0
692.0 1.0
693.0 0.0
694.0 4.0
695.0 101.0
696.0 125.0
697.0 196.0
698.0 486.0
699.0 435.0
700.0 602.0
701.0 164.0
702.0 0.0
703.0 0.0
704.0 0.0
705.0 0.0
706.0 0.0
707.0 21.0
708.0 103.0
709.0 95.0
710.0 97.0
711.0 94.0
712.0 85.0
713.0 100.0
714.0 81.0
715.0 105.0
716.0 118.0
717.0 101.0
718.0 152.0
719.0 325.0
720.0 455.0
721.0 462.0
722.0 446.0
723.0 7.0
724.0 0.0
725.0 0.0
726.0 0.0
727.0 1.0
728.0 89.0
729.0 90.0
730.0 125.0
731.0 120.0
732.0 123.0
733.0 109.0
734.0 113.0
735.0 89.0
736.0 119.0
737.0 114.0
738.0 113.0
739.0 122.0
740.0 123.0
741.0 124.0
742.0 125.0
743.0 83.0
744.0 123.0
745.0 89.0
746.0 119.0
747.0 115.0
748.0 93.0
749.0 119.0
750.0 116.0
751.0 122.0
752.0 110.0
753.0 90.0
754.0 95.0
755.0 111.0
756.0 100.0
757.0 125.0
758.0 118.0
759.0 107.0
760.0 114.0
761.0 99.0
762.0 114.0
763.0 113.0
764.0 115.0
765.0 110.0
766.0 120.0
767.0 100.0
768.0 117.0
769.0 108.0
770.0 106.0
771.0 91.0
772.0 125.0
773.0 111.0
774.0 120.0
775.0 119.0
776.0 88.0
777.0 102.0
778.0 120.0
779.0 102.0
780.0 89.0
781.0 125.0
782.0 121.0
783.0 118.0
784.0 122.0
785.0 112.0
786.0 103.0
787.0 122.0
788.0 123.0
789.0 116.0
790.0 98.0
791.0 123.0
792.0 106.0
793.0 109.0
794.0 106.0
