1.0 115.0
2.0 119.0
3.0 122.0
4.0 118.0
5.0 82.0
6.0 95.0
7.0 102.0
8.0 116.0
9.0 124.0
10.0 103.0
11.0 112.0
12.0 85.0
13.0 122.0
14.0 118.0
15.0 110.0
16.0 118.0
17.0 105.0
18.0 119.0
19.0 105.0
20.0 103.0
21.0 89.0
22.0 112.0
23.0 22.0
24.0 11.0
25.0 0.0
26.0 2.0
27.0 4.0
28.0 3.0
29.0 6.0
30.0 3.0
31.0 3.0
32.0 4.0
33.0 3.0
34.0 8.0
35.0 13.0
36.0 4.0
37.0 0.0
38.0 0.0
39.0 120.0
40.0 91.0
41.0 38.0
42.0 97.0
43.0 215.0
44.0 417.0
45.0 573.0
46.0 697.0
47.0 781.0
48.0 693.0
49.0 780.0
50.0 699.0
51.0 846.0
52.0 698.0
53.0 939.0
54.0 750.0
55.0 703.0
56.0 580.0
57.0 242.0
58.0 727.0
59.0 711.0
60.0 415.0
61.0 610.0
62.0 664.0
63.0 695.0
64.0 631.0
65.0 617.0
66.0 594.0
67.0 666.0
68.0 569.0
69.0 550.0
70.0 155.0
71.0 1.0
72.0 0.0
73.0 24.0
74.0 118.0
75.0 102.0
76.0 360.0
77.0 535.0
78.0 620.0
79.0 764.0
80.0 760.0
81.0 770.0
82.0 826.0
83.0 634.0
84.0 624.0
85.0 838.0
86.0 853.0
87.0 731.0
88.0 513.0
89.0 211.0
90.0 520.0
91.0 736.0
92.0 670.0
93.0 685.0
94.0 607.0
95.0 800.0
96.0 669.0
97.0 890.0
98.0 667.0
99.0 644.0
100.0 698.0
101.0 720.0
102.0 559.0
103.0 799.0
104.0 857.0
105.0 787.0
106.0 630.0
107.0 692.0
108.0 732.0
109.0 875.0
110.0 929.0
111.0 545.0
112.0 722.0
113.0 887.0
114.0 924.0
115.0 114.0
116.0 21.0
117.0 116.0
118.0 112.0
119.0 289.0
120.0 3.0
121.0 3.0
122.0 11.0
123.0 21.0
124.0 105.0
125.0 214.0
126.0 436.0
127.0 138.0
128.0 0.0
129.0 74.0
130.0 91.0
131.0 0.0
132.0 8.0
133.0 20.0
134.0 138.0
135.0 25.0
136.0 80.0
137.0 154.0
138.0 110.0
139.0 26.0
140.0 79.0
141.0 5.0
142.0 26.0
143.0 8.0
144.0 103.0
145.0 69.0
146.0 68.0
147.0 78.0
148.0 84.0
149.0 93.0
150.0 99.0
151.0 122.0
152.0 137.0
153.0 125.0
154.0 85.0
155.0 44.0
156.0 77.0
157.0 4.0
158.0 10.0
159.0 25.0
160.0 7.0
161.0 4.0
162.0 17.0
163.0 4.0
164.0 8.0
165.0 9.0
166.0 8.0
167.0 2.0
168.0 4.0
169.0 5.0
170.0 7.0
171.0 8.0
172.0 6.0
173.0 8.0
174.0 3.0
175.0 3.0
176.0 2.0
177.0 3.0
178.0 1.0
179.0 1.0
180.0 2.0
181.0 1.0
182.0 2.0
183.0 3.0
184.0 2.0
185.0 2.0
186.0 0.0
187.0 8.0
188.0 7.0
189.0 4.0
190.0 1.0
191.0 2.0
192.0 4.0
193.0 4.0
194.0 2.0
195.0 5.0
196.0 7.0
197.0 7.0
198.0 10.0
199.0 17.0
200.0 18.0
201.0 11.0
202.0 12.0
203.0 13.0
204.0 42.0
205.0 67.0
206.0 67.0
207.0 61.0
208.0 51.0
209.0 54.0
210.0 63.0
211.0 44.0
212.0 58.0
213.0 49.0
214.0 17.0
215.0 0.0
216.0 95.0
217.0 118.0
218.0 44.0
219.0 71.0
220.0 89.0
221.0 101.0
222.0 126.0
223.0 154.0
224.0 148.0
225.0 174.0
226.0 214.0
227.0 256.0
228.0 322.0
229.0 404.0
230.0 525.0
231.0 621.0
232.0 350.0
233.0 601.0
234.0 722.0
235.0 823.0
236.0 787.0
237.0 300.0
238.0 12.0
239.0 3.0
240.0 100.0
241.0 431.0
242.0 233.0
243.0 1.0
244.0 0.0
245.0 2.0
246.0 338.0
247.0 3.0
248.0 1.0
249.0 0.0
250.0 0.0
251.0 82.0
252.0 104.0
253.0 637.0
254.0 717.0
255.0 644.0
256.0 202.0
257.0 0.0
258.0 0.0
259.0 88.0
260.0 114.0
261.0 107.0
262.0 156.0
263.0 171.0
264.0 211.0
265.0 204.0
266.0 221.0
267.0 223.0
268.0 466.0
269.0 686.0
270.0 764.0
271.0 801.0
272.0 840.0
273.0 933.0
274.0 1020.0
275.0 1060.0
276.0 821.0
277.0 1070.0
278.0 992.0
279.0 683.0
280.0 769.0
281.0 921.0
282.0 910.0
283.0 1010.0
284.0 902.0
285.0 958.0
286.0 874.0
287.0 948.0
288.0 963.0
289.0 1070.0
290.0 1090.0
291.0 854.0
292.0 927.0
293.0 892.0
294.0 945.0
295.0 1190.0
296.0 1220.0
297.0 1110.0
298.0 1030.0
299.0 1290.0
300.0 1260.0
301.0 1200.0
302.0 1100.0
303.0 1080.0
304.0 1180.0
305.0 1340.0
306.0 836.0
307.0 126.0
308.0 0.0
309.0 0.0
310.0 0.0
311.0 110.0
312.0 109.0
313.0 8.0
314.0 8.0
315.0 6.0
316.0 10.0
317.0 29.0
318.0 45.0
319.0 51.0
320.0 62.0
321.0 183.0
322.0 366.0
323.0 347.0
324.0 543.0
325.0 722.0
326.0 748.0
327.0 725.0
328.0 744.0
329.0 1310.0
330.0 990.0
331.0 609.0
332.0 851.0
333.0 806.0
334.0 659.0
335.0 631.0
336.0 618.0
337.0 513.0
338.0 895.0
339.0 930.0
340.0 783.0
341.0 849.0
342.0 1010.0
343.0 1010.0
344.0 1020.0
345.0 924.0
346.0 1050.0
347.0 1090.0
348.0 1110.0
349.0 706.0
350.0 888.0
351.0 806.0
352.0 1100.0
353.0 1220.0
354.0 1320.0
355.0 706.0
356.0 1280.0
357.0 1290.0
358.0 1140.0
359.0 968.0
360.0 1400.0
361.0 1440.0
362.0 1200.0
363.0 998.0
364.0 910.0
365.0 1170.0
366.0 1160.0
367.0 1060.0
368.0 1200.0
369.0 948.0
370.0 785.0
371.0 947.0
372.0 1040.0
373.0 1010.0
374.0 788.0
375.0 751.0
376.0 1020.0
377.0 927.0
378.0 769.0
379.0 942.0
380.0 761.0
381.0 977.0
382.0 986.0
383.0 924.0
384.0 1060.0
385.0 1060.0
386.0 1100.0
387.0 988.0
388.0 1160.0
389.0 1030.0
390.0 1340.0
391.0 1370.0
392.0 1410.0
393.0 1430.0
394.0 1170.0
395.0 1450.0
396.0 1410.0
397.0 1420.0
398.0 1380.0
399.0 1250.0
400.0 1070.0
401.0 1260.0
402.0 966.0
403.0 1380.0
404.0 1230.0
405.0 1140.0
406.0 1290.0
407.0 1050.0
408.0 862.0
409.0 1090.0
410.0 1230.0
411.0 1030.0
412.0 1400.0
413.0 1220.0
414.0 1330.0
415.0 1220.0
416.0 1240.0
417.0 685.0
418.0 1070.0
419.0 1160.0
420.0 1180.0
421.0 939.0
422.0 896.0
423.0 755.0
424.0 647.0
425.0 255.0
426.0 113.0
427.0 389.0
428.0 428.0
429.0 238.0
430.0 240.0
431.0 274.0
432.0 45.0
433.0 165.0
434.0 150.0
435.0 84.0
436.0 0.0
437.0 0.0
438.0 0.0
439.0 0.0
440.0 0.0
441.0 116.0
442.0 97.0
443.0 175.0
444.0 228.0
445.0 247.0
446.0 261.0
447.0 286.0
448.0 238.0
449.0 243.0
450.0 233.0
451.0 210.0
452.0 215.0
453.0 233.0
454.0 260.0
455.0 287.0
456.0 343.0
457.0 401.0
458.0 466.0
459.0 495.0
460.0 558.0
461.0 761.0
462.0 871.0
463.0 886.0
464.0 1040.0
465.0 1210.0
466.0 1280.0
467.0 1270.0
468.0 1290.0
469.0 1270.0
470.0 1130.0
471.0 1360.0
472.0 1320.0
473.0 791.0
474.0 994.0
475.0 903.0
476.0 938.0
477.0 1110.0
478.0 1370.0
479.0 1220.0
480.0 1440.0
481.0 1350.0
482.0 1320.0
483.0 808.0
484.0 1190.0
485.0 1080.0
486.0 971.0
487.0 1270.0
488.0 1200.0
489.0 1040.0
490.0 1140.0
491.0 1240.0
492.0 1000.0
493.0 1050.0
494.0 915.0
495.0 1090.0
496.0 982.0
497.0 1250.0
498.0 945.0
499.0 957.0
500.0 914.0
501.0 1220.0
502.0 1030.0
503.0 934.0
504.0 870.0
505.0 800.0
506.0 736.0
507.0 914.0
508.0 958.0
509.0 821.0
510.0 727.0
511.0 840.0
512.0 1090.0
513.0 800.0
514.0 374.0
515.0 107.0
516.0 121.0
517.0 107.0
518.0 95.0
519.0 116.0
520.0 121.0
521.0 99.0
522.0 116.0
523.0 98.0
524.0 102.0
525.0 96.0
526.0 110.0
527.0 110.0
528.0 121.0
529.0 116.0
530.0 112.0
531.0 106.0
532.0 89.0
533.0 116.0
534.0 105.0
535.0 85.0
536.0 117.0
537.0 110.0
538.0 83.0
539.0 88.0
540.0 86.0
541.0 119.0
542.0 84.0
543.0 110.0
544.0 124.0
545.0 116.0
546.0 125.0
547.0 100.0
548.0 109.0
549.0 122.0
550.0 93.0
551.0 120.0
552.0 107.0
553.0 84.0
554.0 124.0
555.0 100.0
556.0 90.0
557.0 105.0
558.0 114.0
559.0 115.0
560.0 87.0
561.0 122.0
562.0 93.0
563.0 99.0
564.0 103.0
565.0 91.0
566.0 109.0
567.0 114.0
568.0 97.0
569.0 125.0
570.0 124.0
571.0 122.0
572.0 101.0
573.0 88.0
574.0 122.0
575.0 92.0
576.0 112.0
577.0 113.0
578.0 107.0
579.0 123.0
580.0 106.0
581.0 124.0
582.0 123.0
583.0 115.0
584.0 93.0
585.0 81.0
586.0 113.0
587.0 105.0
588.0 82.0
589.0 123.0
590.0 99.0
591.0 115.0
592.0 90.0
593.0 102.0
594.0 104.0
595.0 108.0
596.0 86.0
597.0 106.0
598.0 90.0
599.0 109.0
600.0 106.0
601.0 124.0
602.0 95.0
603.0 108.0
604.0 111.0
605.0 87.0
606.0 106.0
607.0 118.0
608.0 79.0
609.0 104.0
610.0 86.0
611.0 96.0
612.0 118.0
613.0 108.0
614.0 104.0
615.0 91.0
616.0 116.0
617.0 84.0
618.0 120.0
619.0 124.0
620.0 120.0
621.0 114.0
622.0 114.0
623.0 95.0
624.0 87.0
625.0 84.0
626.0 108.0
627.0 102.0
628.0 110.0
629.0 122.0
630.0 121.0
631.0 122.0
632.0 122.0
633.0 106.0
634.0 107.0
635.0 173.0
636.0 157.0
637.0 162.0
638.0 173.0
639.0 202.0
640.0 231.0
641.0 264.0
642.0 302.0
643.0 350.0
644.0 398.0
645.0 432.0
646.0 401.0
647.0 534.0
648.0 661.0
649.0 801.0
650.0 904.0
651.0 1070.0
652.0 1100.0
653.0 1130.0
654.0 1230.0
655.0 1140.0
656.0 920.0
657.0 893.0
658.0 1030.0
659.0 1220.0
660.0 1120.0
661.0 1010.0
662.0 850.0
663.0 973.0
664.0 1120.0
665.0 949.0
666.0 1070.0
667.0 795.0
668.0 625.0
669.0 438.0
670.0 768.0
671.0 576.0
672.0 304.0
673.0 61.0
674.0 0.0
675.0 14.0
676.0 49.0
677.0 34.0
678.0 10.0
679.0 18.0
680.0 43.0
681.0 33.0
682.0 0.0
683.0 20.0
684.0 91.0
685.0 118.0
686.0 115.0
687.0 119.0
688.0 109.0
689.0 131.0
690.0 144.0
691.0 26.0
692.0 1.0
693.0 0.0
694.0 0.0
695.0 0.0
696.0 1.0
697.0 104.0
698.0 123.0
699.0 85.0
700.0 107.0
701.0 26.0
702.0 28.0
703.0 0.0
704.0 0.0
705.0 0.0
706.0 0.0
707.0 0.0
708.0 90.0
709.0 109.0
710.0 81.0
711.0 40.0
712.0 0.0
713.0 0.0
714.0 0.0
715.0 0.0
716.0 85.0
717.0 100.0
718.0 74.0
719.0 98.0
720.0 84.0
721.0 0.0
722.0 0.0
723.0 0.0
724.0 0.0
725.0 0.0
726.0 77.0
727.0 116.0
728.0 111.0
729.0 94.0
730.0 92.0
731.0 117.0
732.0 125.0
733.0 125.0
734.0 80.0
735.0 118.0
736.0 124.0
737.0 101.0
738.0 106.0
739.0 120.0
740.0 95.0
741.0 93.0
742.0 99.0
743.0 114.0
744.0 104.0
745.0 99.0
746.0 104.0
747.0 112.0
748.0 86.0
749.0 125.0
750.0 94.0
751.0 108.0
752.0 117.0
753.0 95.0
754.0 123.0
755.0 117.0
756.0 90.0
757.0 116.0
758.0 94.0
759.0 123.0
760.0 117.0
761.0 84.0
762.0 120.0
763.0 121.0
764.0 107.0
765.0 106.0
766.0 119.0
767.0 125.0
768.0 113.0
769.0 125.0
770.0 106.0
771.0 103.0
772.0 114.0
773.0 104.0
774.0 119.0
775.0 117.0
776.0 116.0
777.0 125.0
778.0 114.0
779.0 109.0
780.0 119.0
781.0 112.0
782.0 122.0
783.0 115.0
784.0 113.0
785.0 97.0
786.0 113.0
787.0 108.0
788.0 107.0
789.0 104.0
