1.0 836.0
2.0 1090.0
3.0 606.0
4.0 726.0
5.0 918.0
6.0 858.0
7.0 753.0
8.0 645.0
9.0 592.0
10.0 670.0
11.0 583.0
12.0 562.0
13.0 1070.0
14.0 1200.0
15.0 784.0
16.0 813.0
17.0 1460.0
18.0 1230.0
19.0 477.0
20.0 1030.0
21.0 81.0
22.0 781.0
23.0 1220.0
24.0 1060.0
25.0 1110.0
26.0 654.0
27.0 19.0
28.0 37.0
29.0 30.0
30.0 125.0
31.0 849.0
32.0 488.0
33.0 12.0
34.0 125.0
35.0 96.0
36.0 753.0
37.0 314.0
38.0 43.0
39.0 257.0
40.0 118.0
41.0 1080.0
42.0 1070.0
43.0 1060.0
44.0 1030.0
45.0 936.0
46.0 752.0
47.0 1010.0
48.0 717.0
49.0 1110.0
50.0 933.0
51.0 607.0
52.0 7.0
53.0 192.0
54.0 119.0
55.0 615.0
56.0 8.0
57.0 0.0
58.0 0.0
59.0 0.0
60.0 0.0
61.0 30.0
62.0 76.0
63.0 124.0
64.0 114.0
65.0 839.0
66.0 19.0
67.0 0.0
68.0 0.0
69.0 0.0
70.0 0.0
71.0 6.0
72.0 35.0
73.0 310.0
74.0 117.0
75.0 683.0
76.0 730.0
77.0 689.0
78.0 490.0
79.0 5.0
80.0 0.0
81.0 0.0
82.0 51.0
83.0 289.0
84.0 81.0
85.0 72.0
86.0 0.0
87.0 0.0
88.0 0.0
89.0 0.0
90.0 28.0
91.0 119.0
92.0 403.0
93.0 106.0
94.0 1230.0
95.0 1490.0
96.0 1130.0
97.0 1670.0
98.0 1670.0
99.0 1230.0
100.0 1450.0
101.0 1110.0
102.0 770.0
103.0 958.0
104.0 715.0
105.0 927.0
106.0 1120.0
107.0 0.0
108.0 0.0
109.0 0.0
110.0 0.0
111.0 0.0
112.0 0.0
113.0 0.0
114.0 0.0
115.0 0.0
116.0 0.0
117.0 0.0
118.0 0.0
119.0 0.0
120.0 0.0
121.0 0.0
122.0 0.0
123.0 0.0
124.0 0.0
125.0 0.0
126.0 0.0
127.0 0.0
128.0 1.0
129.0 121.0
130.0 118.0
131.0 123.0
132.0 1150.0
133.0 1480.0
134.0 996.0
135.0 179.0
136.0 47.0
137.0 112.0
138.0 120.0
139.0 1190.0
140.0 1300.0
141.0 987.0
142.0 734.0
143.0 1450.0
144.0 1360.0
145.0 1050.0
146.0 749.0
147.0 1000.0
148.0 876.0
149.0 677.0
150.0 474.0
151.0 850.0
152.0 375.0
153.0 64.0
154.0 44.0
155.0 0.0
156.0 0.0
157.0 0.0
158.0 35.0
159.0 31.0
160.0 69.0
161.0 85.0
162.0 112.0
163.0 104.0
164.0 870.0
165.0 1310.0
166.0 977.0
167.0 1240.0
168.0 968.0
169.0 443.0
170.0 489.0
171.0 1010.0
172.0 1070.0
173.0 1010.0
174.0 1130.0
175.0 1160.0
176.0 1350.0
177.0 916.0
178.0 1120.0
179.0 1310.0
180.0 979.0
181.0 934.0
182.0 1020.0
183.0 1150.0
184.0 1190.0
185.0 1310.0
186.0 1320.0
187.0 1170.0
188.0 1470.0
189.0 1540.0
190.0 1710.0
191.0 1390.0
192.0 1530.0
193.0 1530.0
194.0 1520.0
195.0 1190.0
196.0 1240.0
197.0 1390.0
198.0 1550.0
199.0 1310.0
200.0 1430.0
201.0 1540.0
202.0 1720.0
203.0 794.0
204.0 771.0
205.0 1050.0
206.0 1440.0
207.0 95.0
208.0 125.0
209.0 885.0
210.0 106.0
211.0 1690.0
212.0 1460.0
213.0 1330.0
214.0 1700.0
215.0 1300.0
216.0 1390.0
217.0 896.0
218.0 810.0
219.0 707.0
220.0 902.0
221.0 924.0
222.0 940.0
223.0 780.0
224.0 52.0
225.0 160.0
226.0 158.0
227.0 1700.0
228.0 123.0
229.0 1570.0
230.0 1840.0
231.0 1790.0
232.0 1810.0
233.0 1580.0
234.0 1550.0
235.0 1790.0
236.0 1710.0
237.0 1810.0
238.0 1770.0
239.0 1840.0
240.0 1440.0
241.0 1800.0
242.0 1750.0
243.0 1780.0
244.0 1410.0
245.0 1770.0
246.0 1860.0
247.0 1810.0
248.0 884.0
249.0 188.0
250.0 15.0
251.0 520.0
252.0 121.0
253.0 1160.0
254.0 1230.0
255.0 1200.0
256.0 1340.0
257.0 1770.0
258.0 1790.0
259.0 1860.0
260.0 1200.0
261.0 995.0
262.0 1650.0
263.0 1740.0
264.0 1370.0
265.0 1320.0
266.0 1160.0
267.0 1050.0
268.0 1130.0
269.0 1580.0
270.0 1340.0
271.0 1810.0
272.0 1830.0
273.0 1760.0
274.0 1760.0
275.0 1840.0
276.0 1740.0
277.0 1550.0
278.0 1750.0
279.0 1720.0
280.0 1560.0
281.0 1760.0
282.0 1780.0
283.0 1670.0
284.0 1570.0
285.0 18.0
286.0 47.0
287.0 870.0
288.0 90.0
289.0 1420.0
290.0 1550.0
291.0 1610.0
292.0 1280.0
293.0 1390.0
294.0 1490.0
295.0 1320.0
296.0 1480.0
297.0 1650.0
298.0 1410.0
299.0 1500.0
300.0 1590.0
301.0 1520.0
302.0 1540.0
303.0 1440.0
304.0 1270.0
305.0 1370.0
306.0 1400.0
307.0 1410.0
308.0 1330.0
309.0 1470.0
310.0 1390.0
311.0 1010.0
312.0 980.0
313.0 940.0
314.0 893.0
315.0 30.0
316.0 55.0
317.0 106.0
318.0 118.0
319.0 878.0
320.0 44.0
321.0 35.0
322.0 110.0
323.0 116.0
324.0 1200.0
325.0 1380.0
326.0 658.0
327.0 623.0
328.0 587.0
329.0 580.0
330.0 278.0
331.0 484.0
332.0 469.0
333.0 412.0
334.0 284.0
335.0 254.0
336.0 331.0
337.0 588.0
338.0 80.0
339.0 88.0
340.0 18.0
341.0 3.0
342.0 22.0
343.0 146.0
344.0 286.0
345.0 118.0
346.0 1100.0
347.0 1360.0
348.0 1330.0
349.0 1510.0
350.0 1580.0
351.0 1360.0
352.0 1380.0
353.0 1730.0
354.0 1780.0
355.0 1510.0
356.0 1540.0
357.0 1110.0
358.0 20.0
359.0 4.0
360.0 970.0
361.0 94.0
362.0 1770.0
363.0 1500.0
364.0 1780.0
365.0 1750.0
366.0 1780.0
367.0 1500.0
368.0 1340.0
369.0 1400.0
370.0 1630.0
371.0 1670.0
372.0 1640.0
373.0 1790.0
374.0 760.0
375.0 29.0
376.0 466.0
377.0 112.0
378.0 1740.0
379.0 1680.0
380.0 1800.0
381.0 1470.0
382.0 1580.0
383.0 1750.0
384.0 1610.0
385.0 1620.0
386.0 1610.0
387.0 1750.0
388.0 1730.0
389.0 1710.0
390.0 1630.0
391.0 1680.0
392.0 1710.0
393.0 1770.0
394.0 1620.0
395.0 1810.0
396.0 1700.0
397.0 1280.0
398.0 1710.0
399.0 1630.0
400.0 1050.0
401.0 1670.0
402.0 1660.0
403.0 1170.0
404.0 1180.0
405.0 1350.0
406.0 1160.0
407.0 1030.0
408.0 1250.0
409.0 1400.0
410.0 930.0
411.0 1070.0
412.0 1200.0
413.0 1360.0
414.0 1030.0
415.0 996.0
416.0 1090.0
417.0 1040.0
418.0 1060.0
419.0 910.0
420.0 818.0
421.0 885.0
422.0 705.0
423.0 664.0
424.0 717.0
425.0 928.0
426.0 41.0
427.0 0.0
428.0 90.0
429.0 114.0
430.0 0.0
431.0 0.0
432.0 0.0
433.0 0.0
434.0 0.0
435.0 4.0
436.0 7.0
437.0 100.0
438.0 101.0
439.0 110.0
440.0 723.0
441.0 882.0
442.0 955.0
443.0 60.0
444.0 14.0
445.0 58.0
446.0 165.0
447.0 120.0
448.0 376.0
449.0 885.0
450.0 725.0
451.0 1010.0
452.0 843.0
453.0 1190.0
454.0 1530.0
455.0 1500.0
456.0 1580.0
457.0 1140.0
458.0 674.0
459.0 0.0
460.0 24.0
461.0 85.0
462.0 306.0
463.0 118.0
464.0 1260.0
465.0 1340.0
466.0 1590.0
467.0 1770.0
468.0 1780.0
469.0 1730.0
470.0 1800.0
471.0 1800.0
472.0 1800.0
473.0 1620.0
474.0 1640.0
475.0 1700.0
476.0 1760.0
477.0 1780.0
478.0 1690.0
479.0 1640.0
480.0 1630.0
481.0 1620.0
482.0 1810.0
483.0 1730.0
484.0 1760.0
485.0 1730.0
486.0 1790.0
487.0 1820.0
488.0 1580.0
489.0 1740.0
490.0 1790.0
491.0 1620.0
492.0 1660.0
493.0 1570.0
494.0 1670.0
495.0 1650.0
496.0 1740.0
497.0 1690.0
498.0 1720.0
499.0 1630.0
500.0 1480.0
501.0 1240.0
502.0 912.0
503.0 980.0
504.0 889.0
505.0 853.0
506.0 850.0
507.0 495.0
508.0 405.0
509.0 41.0
510.0 42.0
511.0 220.0
512.0 414.0
513.0 114.0
514.0 1580.0
515.0 1620.0
516.0 1600.0
517.0 1510.0
518.0 1580.0
519.0 1460.0
520.0 1490.0
521.0 1620.0
522.0 1080.0
523.0 1090.0
524.0 878.0
525.0 334.0
526.0 0.0
527.0 75.0
528.0 70.0
529.0 121.0
530.0 625.0
531.0 970.0
532.0 1470.0
533.0 1590.0
534.0 1490.0
535.0 1360.0
536.0 1790.0
537.0 1700.0
538.0 1770.0
539.0 1180.0
540.0 1690.0
541.0 1530.0
542.0 1770.0
543.0 1680.0
544.0 1710.0
545.0 1690.0
546.0 1740.0
547.0 1280.0
548.0 1490.0
549.0 871.0
550.0 48.0
551.0 97.0
552.0 80.0
553.0 118.0
554.0 102.0
555.0 64.0
556.0 39.0
557.0 18.0
558.0 55.0
559.0 33.0
560.0 5.0
561.0 5.0
562.0 1.0
563.0 85.0
564.0 36.0
565.0 30.0
566.0 3.0
567.0 15.0
568.0 42.0
569.0 84.0
570.0 48.0
571.0 91.0
572.0 142.0
573.0 204.0
574.0 75.0
575.0 18.0
576.0 36.0
577.0 109.0
578.0 87.0
579.0 22.0
580.0 18.0
581.0 19.0
582.0 118.0
583.0 106.0
584.0 173.0
585.0 200.0
586.0 171.0
587.0 237.0
588.0 275.0
589.0 348.0
590.0 439.0
591.0 145.0
592.0 473.0
593.0 519.0
594.0 616.0
595.0 703.0
596.0 827.0
597.0 879.0
598.0 768.0
599.0 1050.0
600.0 741.0
601.0 708.0
602.0 906.0
603.0 702.0
604.0 655.0
605.0 810.0
606.0 773.0
607.0 860.0
608.0 843.0
609.0 1040.0
610.0 885.0
611.0 907.0
612.0 810.0
613.0 1160.0
614.0 1450.0
615.0 1280.0
616.0 1190.0
617.0 737.0
618.0 798.0
619.0 924.0
620.0 788.0
621.0 821.0
622.0 880.0
623.0 837.0
624.0 1020.0
625.0 1140.0
626.0 1290.0
627.0 916.0
628.0 1260.0
629.0 1530.0
630.0 1340.0
631.0 1370.0
632.0 1060.0
633.0 1370.0
634.0 969.0
635.0 1110.0
636.0 1060.0
637.0 1010.0
638.0 1270.0
639.0 1570.0
640.0 1150.0
641.0 1400.0
642.0 1060.0
643.0 1270.0
644.0 1230.0
645.0 1470.0
646.0 1440.0
647.0 1660.0
648.0 1520.0
649.0 1600.0
650.0 1580.0
651.0 1760.0
652.0 1840.0
653.0 1790.0
654.0 1390.0
655.0 1630.0
656.0 1560.0
657.0 1840.0
658.0 1760.0
659.0 1800.0
660.0 1760.0
661.0 1630.0
662.0 1510.0
663.0 1730.0
664.0 1600.0
665.0 1820.0
666.0 1650.0
667.0 1650.0
668.0 1600.0
669.0 1730.0
670.0 1650.0
671.0 1200.0
672.0 1260.0
673.0 1390.0
674.0 0.0
675.0 2.0
676.0 124.0
677.0 113.0
678.0 105.0
679.0 107.0
680.0 109.0
681.0 124.0
682.0 97.0
683.0 125.0
684.0 121.0
685.0 118.0
686.0 102.0
687.0 120.0
688.0 125.0
689.0 121.0
690.0 100.0
691.0 118.0
692.0 101.0
693.0 85.0
694.0 112.0
695.0 361.0
696.0 414.0
697.0 494.0
698.0 558.0
699.0 658.0
700.0 23.0
701.0 832.0
702.0 1140.0
703.0 1170.0
704.0 1670.0
705.0 1790.0
706.0 1780.0
707.0 1830.0
708.0 1720.0
709.0 1800.0
710.0 1800.0
711.0 1790.0
712.0 1440.0
713.0 1440.0
714.0 1450.0
715.0 1800.0
716.0 1810.0
717.0 1510.0
718.0 1270.0
719.0 1210.0
720.0 1710.0
721.0 1800.0
722.0 1680.0
723.0 1490.0
724.0 1050.0
725.0 1030.0
726.0 1310.0
727.0 1330.0
728.0 861.0
729.0 683.0
730.0 714.0
731.0 366.0
732.0 568.0
733.0 551.0
734.0 451.0
735.0 336.0
736.0 2.0
737.0 86.0
738.0 93.0
739.0 123.0
740.0 125.0
741.0 102.0
742.0 117.0
743.0 113.0
744.0 107.0
745.0 110.0
746.0 92.0
747.0 106.0
748.0 108.0
749.0 962.0
750.0 1010.0
751.0 1100.0
752.0 1070.0
753.0 1100.0
754.0 1060.0
755.0 0.0
756.0 785.0
757.0 1690.0
758.0 1800.0
759.0 1040.0
760.0 883.0
761.0 1620.0
762.0 1720.0
763.0 975.0
764.0 1470.0
765.0 1750.0
766.0 1590.0
767.0 1370.0
768.0 1500.0
769.0 1030.0
770.0 834.0
771.0 2.0
772.0 0.0
773.0 20.0
774.0 75.0
775.0 420.0
