1.0 123.0
2.0 109.0
3.0 124.0
4.0 124.0
5.0 104.0
6.0 123.0
7.0 121.0
8.0 100.0
9.0 90.0
10.0 124.0
11.0 86.0
12.0 121.0
13.0 122.0
14.0 94.0
15.0 118.0
16.0 110.0
17.0 110.0
18.0 105.0
19.0 94.0
20.0 102.0
21.0 113.0
22.0 110.0
23.0 106.0
24.0 102.0
25.0 97.0
26.0 113.0
27.0 110.0
28.0 112.0
29.0 120.0
30.0 98.0
31.0 119.0
32.0 140.0
33.0 167.0
34.0 204.0
35.0 270.0
36.0 379.0
37.0 491.0
38.0 664.0
39.0 730.0
40.0 863.0
41.0 1220.0
42.0 1240.0
43.0 1330.0
44.0 1490.0
45.0 1460.0
46.0 1280.0
47.0 1480.0
48.0 881.0
49.0 1140.0
50.0 1530.0
51.0 1430.0
52.0 756.0
53.0 1040.0
54.0 1180.0
55.0 1360.0
56.0 1240.0
57.0 1150.0
58.0 1640.0
59.0 1560.0
60.0 1250.0
61.0 825.0
62.0 257.0
63.0 8.0
64.0 124.0
65.0 1080.0
66.0 1150.0
67.0 1010.0
68.0 1380.0
69.0 1310.0
70.0 1150.0
71.0 1430.0
72.0 1420.0
73.0 1350.0
74.0 977.0
75.0 987.0
76.0 851.0
77.0 684.0
78.0 771.0
79.0 863.0
80.0 745.0
81.0 901.0
82.0 789.0
83.0 809.0
84.0 604.0
85.0 737.0
86.0 695.0
87.0 566.0
88.0 147.0
89.0 249.0
90.0 13.0
91.0 58.0
92.0 1.0
93.0 67.0
94.0 2.0
95.0 10.0
96.0 32.0
97.0 148.0
98.0 63.0
99.0 1.0
100.0 5.0
101.0 2.0
102.0 0.0
103.0 116.0
104.0 97.0
105.0 118.0
106.0 115.0
107.0 121.0
108.0 117.0
109.0 109.0
110.0 120.0
111.0 87.0
112.0 92.0
113.0 71.0
114.0 148.0
115.0 219.0
116.0 318.0
117.0 247.0
118.0 34.0
119.0 276.0
120.0 229.0
121.0 166.0
122.0 61.0
123.0 98.0
124.0 76.0
125.0 185.0
126.0 202.0
127.0 54.0
128.0 40.0
129.0 149.0
130.0 79.0
131.0 15.0
132.0 54.0
133.0 109.0
134.0 42.0
135.0 74.0
136.0 7.0
137.0 25.0
138.0 23.0
139.0 12.0
140.0 36.0
141.0 68.0
142.0 62.0
143.0 35.0
144.0 19.0
145.0 16.0
146.0 2.0
147.0 26.0
148.0 50.0
149.0 51.0
150.0 68.0
151.0 110.0
152.0 95.0
153.0 138.0
154.0 155.0
155.0 175.0
156.0 160.0
157.0 7.0
158.0 2.0
159.0 122.0
160.0 113.0
161.0 130.0
162.0 176.0
163.0 259.0
164.0 462.0
165.0 342.0
166.0 134.0
167.0 361.0
168.0 423.0
169.0 503.0
170.0 522.0
171.0 566.0
172.0 472.0
173.0 644.0
174.0 654.0
175.0 526.0
176.0 629.0
177.0 576.0
178.0 6.0
179.0 153.0
180.0 31.0
181.0 392.0
182.0 413.0
183.0 514.0
184.0 481.0
185.0 359.0
186.0 27.0
187.0 265.0
188.0 225.0
189.0 240.0
190.0 18.0
191.0 82.0
192.0 34.0
193.0 79.0
194.0 47.0
195.0 109.0
196.0 91.0
197.0 52.0
198.0 64.0
199.0 15.0
200.0 2.0
201.0 15.0
202.0 17.0
203.0 8.0
204.0 7.0
205.0 18.0
206.0 10.0
207.0 25.0
208.0 51.0
209.0 20.0
210.0 9.0
211.0 25.0
212.0 13.0
213.0 63.0
214.0 94.0
215.0 144.0
216.0 223.0
217.0 276.0
218.0 436.0
219.0 449.0
220.0 35.0
221.0 11.0
222.0 26.0
223.0 4.0
224.0 124.0
225.0 123.0
226.0 108.0
227.0 55.0
228.0 87.0
229.0 44.0
230.0 50.0
231.0 30.0
232.0 46.0
233.0 36.0
234.0 37.0
235.0 45.0
236.0 43.0
237.0 27.0
238.0 43.0
239.0 41.0
240.0 44.0
241.0 28.0
242.0 28.0
243.0 34.0
244.0 6.0
245.0 27.0
246.0 4.0
247.0 6.0
248.0 18.0
249.0 98.0
250.0 89.0
251.0 47.0
252.0 30.0
253.0 22.0
254.0 41.0
255.0 17.0
256.0 37.0
257.0 29.0
258.0 44.0
259.0 35.0
260.0 53.0
261.0 50.0
262.0 38.0
263.0 0.0
264.0 0.0
265.0 0.0
266.0 0.0
267.0 16.0
268.0 32.0
269.0 104.0
270.0 164.0
271.0 203.0
272.0 228.0
273.0 363.0
274.0 471.0
275.0 558.0
276.0 661.0
277.0 739.0
278.0 796.0
279.0 875.0
280.0 872.0
281.0 808.0
282.0 816.0
283.0 837.0
284.0 932.0
285.0 862.0
286.0 1060.0
287.0 1100.0
288.0 929.0
289.0 1050.0
290.0 1290.0
291.0 1080.0
292.0 862.0
293.0 923.0
294.0 849.0
295.0 1040.0
296.0 1200.0
297.0 996.0
298.0 1090.0
299.0 1120.0
300.0 1310.0
301.0 891.0
302.0 969.0
303.0 1110.0
304.0 1200.0
305.0 1150.0
306.0 1240.0
307.0 817.0
308.0 1300.0
309.0 1520.0
310.0 1630.0
311.0 1400.0
312.0 918.0
313.0 59.0
314.0 962.0
315.0 935.0
316.0 1210.0
317.0 695.0
318.0 0.0
319.0 7.0
320.0 0.0
321.0 88.0
322.0 123.0
323.0 155.0
324.0 582.0
325.0 87.0
326.0 328.0
327.0 3.0
328.0 4.0
329.0 0.0
330.0 95.0
331.0 104.0
332.0 117.0
333.0 113.0
334.0 116.0
335.0 124.0
336.0 125.0
337.0 106.0
338.0 120.0
339.0 716.0
340.0 799.0
341.0 777.0
342.0 665.0
343.0 615.0
344.0 461.0
345.0 179.0
346.0 643.0
347.0 870.0
348.0 946.0
349.0 830.0
350.0 741.0
351.0 1040.0
352.0 1030.0
353.0 917.0
354.0 840.0
355.0 1010.0
356.0 1110.0
357.0 1070.0
358.0 1040.0
359.0 1250.0
360.0 1290.0
361.0 1140.0
362.0 1410.0
363.0 1650.0
364.0 1020.0
365.0 1520.0
366.0 1710.0
367.0 1340.0
368.0 1330.0
369.0 1650.0
370.0 1610.0
371.0 1470.0
372.0 1780.0
373.0 1820.0
374.0 1600.0
375.0 1700.0
376.0 1830.0
377.0 1740.0
378.0 1610.0
379.0 1860.0
380.0 1780.0
381.0 1800.0
382.0 1690.0
383.0 1820.0
384.0 1740.0
385.0 1740.0
386.0 1670.0
387.0 1430.0
388.0 1720.0
389.0 1710.0
390.0 1770.0
391.0 1800.0
392.0 1710.0
393.0 1740.0
394.0 1750.0
395.0 1640.0
396.0 1750.0
397.0 1800.0
398.0 1520.0
399.0 1800.0
400.0 1760.0
401.0 1640.0
402.0 1810.0
403.0 1800.0
404.0 1710.0
405.0 1410.0
406.0 1690.0
407.0 1650.0
408.0 1810.0
409.0 1700.0
410.0 1610.0
411.0 1170.0
412.0 1450.0
413.0 1620.0
414.0 1340.0
415.0 1340.0
416.0 941.0
417.0 1260.0
418.0 911.0
419.0 822.0
420.0 929.0
421.0 1210.0
422.0 1540.0
423.0 1120.0
424.0 952.0
425.0 1420.0
426.0 1430.0
427.0 964.0
428.0 1240.0
429.0 782.0
430.0 1320.0
431.0 651.0
432.0 938.0
433.0 1150.0
434.0 244.0
435.0 128.0
436.0 6.0
437.0 3.0
438.0 1.0
439.0 5.0
440.0 7.0
441.0 153.0
442.0 2.0
443.0 1.0
444.0 2.0
445.0 120.0
446.0 95.0
447.0 56.0
448.0 177.0
449.0 46.0
450.0 11.0
451.0 0.0
452.0 0.0
453.0 0.0
454.0 0.0
455.0 0.0
456.0 0.0
457.0 0.0
458.0 0.0
459.0 6.0
460.0 5.0
461.0 117.0
462.0 116.0
463.0 738.0
464.0 762.0
465.0 701.0
466.0 710.0
467.0 421.0
468.0 619.0
469.0 716.0
470.0 714.0
471.0 795.0
472.0 913.0
473.0 942.0
474.0 948.0
475.0 1020.0
476.0 900.0
477.0 1130.0
478.0 872.0
479.0 2.0
480.0 3.0
481.0 110.0
482.0 103.0
483.0 95.0
484.0 84.0
485.0 99.0
486.0 87.0
487.0 105.0
488.0 112.0
489.0 123.0
490.0 116.0
491.0 114.0
492.0 112.0
493.0 115.0
494.0 112.0
495.0 105.0
496.0 113.0
497.0 111.0
498.0 103.0
499.0 110.0
500.0 102.0
501.0 123.0
502.0 112.0
503.0 108.0
504.0 119.0
505.0 93.0
506.0 6.0
507.0 70.0
508.0 17.0
509.0 11.0
510.0 24.0
511.0 61.0
512.0 85.0
513.0 40.0
514.0 35.0
515.0 70.0
516.0 131.0
517.0 186.0
518.0 296.0
519.0 526.0
520.0 714.0
521.0 768.0
522.0 879.0
523.0 781.0
524.0 966.0
525.0 954.0
526.0 834.0
527.0 1020.0
528.0 957.0
529.0 1230.0
530.0 1170.0
531.0 1390.0
532.0 1360.0
533.0 1450.0
534.0 1340.0
535.0 1370.0
536.0 1330.0
537.0 1050.0
538.0 1170.0
539.0 911.0
540.0 946.0
541.0 244.0
542.0 749.0
543.0 980.0
544.0 964.0
545.0 560.0
546.0 2.0
547.0 85.0
548.0 98.0
549.0 112.0
550.0 117.0
551.0 107.0
552.0 103.0
553.0 121.0
554.0 80.0
555.0 119.0
556.0 118.0
557.0 104.0
558.0 107.0
559.0 102.0
560.0 121.0
561.0 93.0
562.0 90.0
563.0 117.0
564.0 122.0
565.0 118.0
566.0 118.0
567.0 112.0
568.0 116.0
569.0 119.0
570.0 93.0
571.0 119.0
572.0 117.0
573.0 112.0
574.0 122.0
575.0 81.0
576.0 121.0
577.0 95.0
578.0 118.0
579.0 116.0
580.0 116.0
581.0 118.0
582.0 110.0
583.0 106.0
584.0 125.0
585.0 113.0
586.0 122.0
587.0 118.0
588.0 125.0
589.0 96.0
590.0 120.0
591.0 101.0
592.0 89.0
593.0 108.0
594.0 93.0
595.0 116.0
596.0 100.0
597.0 117.0
598.0 86.0
599.0 124.0
600.0 84.0
601.0 115.0
602.0 92.0
603.0 100.0
604.0 121.0
605.0 87.0
606.0 113.0
607.0 122.0
608.0 104.0
609.0 121.0
610.0 118.0
611.0 107.0
612.0 111.0
613.0 85.0
614.0 107.0
615.0 111.0
616.0 109.0
617.0 121.0
618.0 111.0
619.0 110.0
620.0 121.0
621.0 105.0
622.0 119.0
623.0 102.0
624.0 113.0
625.0 114.0
626.0 91.0
627.0 93.0
628.0 124.0
629.0 125.0
630.0 124.0
631.0 95.0
632.0 110.0
633.0 117.0
634.0 111.0
635.0 86.0
636.0 109.0
637.0 97.0
638.0 118.0
639.0 124.0
640.0 120.0
641.0 88.0
642.0 125.0
643.0 120.0
644.0 109.0
645.0 123.0
646.0 103.0
647.0 121.0
648.0 108.0
649.0 97.0
650.0 117.0
651.0 105.0
652.0 121.0
653.0 120.0
654.0 97.0
655.0 114.0
656.0 120.0
657.0 122.0
658.0 92.0
659.0 105.0
660.0 119.0
661.0 105.0
662.0 119.0
663.0 94.0
664.0 354.0
665.0 382.0
666.0 406.0
667.0 415.0
668.0 451.0
669.0 484.0
670.0 519.0
671.0 572.0
672.0 705.0
673.0 705.0
674.0 747.0
675.0 789.0
676.0 1280.0
677.0 1330.0
678.0 1380.0
679.0 1520.0
680.0 1350.0
681.0 1080.0
682.0 1520.0
683.0 1190.0
684.0 952.0
685.0 1050.0
686.0 970.0
687.0 1130.0
688.0 1140.0
689.0 931.0
690.0 895.0
691.0 1010.0
692.0 949.0
693.0 944.0
694.0 657.0
695.0 614.0
696.0 13.0
697.0 7.0
698.0 13.0
699.0 34.0
700.0 17.0
701.0 27.0
702.0 0.0
703.0 11.0
704.0 7.0
705.0 9.0
706.0 112.0
707.0 280.0
708.0 67.0
709.0 0.0
710.0 0.0
711.0 0.0
712.0 0.0
713.0 22.0
714.0 9.0
715.0 122.0
716.0 103.0
717.0 89.0
718.0 110.0
719.0 94.0
720.0 69.0
721.0 178.0
722.0 54.0
723.0 0.0
724.0 0.0
725.0 0.0
726.0 0.0
727.0 30.0
728.0 3.0
729.0 110.0
730.0 100.0
731.0 112.0
732.0 121.0
733.0 81.0
734.0 0.0
735.0 0.0
736.0 0.0
737.0 0.0
738.0 0.0
739.0 0.0
740.0 123.0
741.0 117.0
742.0 0.0
743.0 0.0
744.0 1.0
745.0 27.0
746.0 114.0
747.0 117.0
748.0 117.0
749.0 114.0
750.0 84.0
751.0 89.0
752.0 96.0
753.0 89.0
754.0 90.0
755.0 105.0
756.0 110.0
757.0 113.0
758.0 122.0
759.0 94.0
760.0 115.0
761.0 92.0
762.0 103.0
763.0 124.0
764.0 123.0
765.0 100.0
766.0 94.0
767.0 120.0
768.0 97.0
769.0 104.0
770.0 101.0
771.0 100.0
772.0 96.0
773.0 90.0
774.0 110.0
775.0 120.0
776.0 117.0
777.0 85.0
778.0 115.0
779.0 103.0
780.0 123.0
781.0 125.0
782.0 75.0
783.0 112.0
784.0 112.0
785.0 102.0
786.0 106.0
787.0 124.0
