1.0 71.0
2.0 330.0
3.0 511.0
4.0 59.0
5.0 139.0
6.0 372.0
7.0 432.0
8.0 558.0
9.0 587.0
10.0 617.0
11.0 644.0
12.0 650.0
13.0 659.0
14.0 507.0
15.0 668.0
16.0 622.0
17.0 648.0
18.0 707.0
19.0 710.0
20.0 807.0
21.0 932.0
22.0 1200.0
23.0 1340.0
24.0 1460.0
25.0 1440.0
26.0 1110.0
27.0 1160.0
28.0 1260.0
29.0 1550.0
30.0 1600.0
31.0 1410.0
32.0 1290.0
33.0 1350.0
34.0 1430.0
35.0 628.0
36.0 109.0
37.0 56.0
38.0 608.0
39.0 910.0
40.0 988.0
41.0 1220.0
42.0 84.0
43.0 85.0
44.0 909.0
45.0 1180.0
46.0 1640.0
47.0 916.0
48.0 91.0
49.0 241.0
50.0 1150.0
51.0 1280.0
52.0 1340.0
53.0 1330.0
54.0 1320.0
55.0 1260.0
56.0 1430.0
57.0 1070.0
58.0 1390.0
59.0 118.0
60.0 107.0
61.0 87.0
62.0 357.0
63.0 301.0
64.0 458.0
65.0 210.0
66.0 177.0
67.0 393.0
68.0 245.0
69.0 177.0
70.0 248.0
71.0 153.0
72.0 177.0
73.0 177.0
74.0 208.0
75.0 110.0
76.0 43.0
77.0 118.0
78.0 170.0
79.0 123.0
80.0 95.0
81.0 88.0
82.0 124.0
83.0 167.0
84.0 172.0
85.0 179.0
86.0 141.0
87.0 150.0
88.0 183.0
89.0 214.0
90.0 183.0
91.0 108.0
92.0 183.0
93.0 110.0
94.0 115.0
95.0 120.0
96.0 416.0
97.0 369.0
98.0 428.0
99.0 469.0
100.0 505.0
101.0 476.0
102.0 530.0
103.0 572.0
104.0 653.0
105.0 553.0
106.0 762.0
107.0 860.0
108.0 949.0
109.0 1170.0
110.0 1200.0
111.0 1470.0
112.0 989.0
113.0 1240.0
114.0 1500.0
115.0 1260.0
116.0 244.0
117.0 0.0
118.0 0.0
119.0 0.0
120.0 0.0
121.0 0.0
122.0 100.0
123.0 87.0
124.0 118.0
125.0 89.0
126.0 120.0
127.0 113.0
128.0 105.0
129.0 0.0
130.0 0.0
131.0 0.0
132.0 0.0
133.0 1.0
134.0 10.0
135.0 364.0
136.0 781.0
137.0 707.0
138.0 485.0
139.0 837.0
140.0 1030.0
141.0 996.0
142.0 1370.0
143.0 914.0
144.0 997.0
145.0 944.0
146.0 1550.0
147.0 926.0
148.0 124.0
149.0 85.0
150.0 112.0
151.0 99.0
152.0 112.0
153.0 110.0
154.0 107.0
155.0 120.0
156.0 121.0
157.0 116.0
158.0 85.0
159.0 115.0
160.0 100.0
161.0 89.0
162.0 109.0
163.0 93.0
164.0 122.0
165.0 86.0
166.0 102.0
167.0 89.0
168.0 358.0
169.0 96.0
170.0 156.0
171.0 27.0
172.0 0.0
173.0 122.0
174.0 107.0
175.0 124.0
176.0 353.0
177.0 55.0
178.0 547.0
179.0 558.0
180.0 467.0
181.0 227.0
182.0 236.0
183.0 207.0
184.0 554.0
185.0 938.0
186.0 784.0
187.0 498.0
188.0 185.0
189.0 632.0
190.0 857.0
191.0 854.0
192.0 831.0
193.0 891.0
194.0 850.0
195.0 716.0
196.0 992.0
197.0 999.0
198.0 205.0
199.0 398.0
200.0 768.0
201.0 664.0
202.0 828.0
203.0 701.0
204.0 698.0
205.0 826.0
206.0 277.0
207.0 266.0
208.0 638.0
209.0 668.0
210.0 630.0
211.0 784.0
212.0 736.0
213.0 690.0
214.0 490.0
215.0 410.0
216.0 543.0
217.0 601.0
218.0 470.0
219.0 368.0
220.0 583.0
221.0 85.0
222.0 115.0
223.0 655.0
224.0 1330.0
225.0 1490.0
226.0 1250.0
227.0 1430.0
228.0 1770.0
229.0 1740.0
230.0 1590.0
231.0 1340.0
232.0 1220.0
233.0 943.0
234.0 1020.0
235.0 1680.0
236.0 1690.0
237.0 1670.0
238.0 1630.0
239.0 1740.0
240.0 1740.0
241.0 1780.0
242.0 1660.0
243.0 1590.0
244.0 1750.0
245.0 1790.0
246.0 1770.0
247.0 1750.0
248.0 1240.0
249.0 1790.0
250.0 1520.0
251.0 1720.0
252.0 1520.0
253.0 1730.0
254.0 1610.0
255.0 1780.0
256.0 1770.0
257.0 1550.0
258.0 1670.0
259.0 1730.0
260.0 1770.0
261.0 1720.0
262.0 1790.0
263.0 1540.0
264.0 1490.0
265.0 1800.0
266.0 1820.0
267.0 1750.0
268.0 1810.0
269.0 1800.0
270.0 1730.0
271.0 1810.0
272.0 966.0
273.0 90.0
274.0 112.0
275.0 113.0
276.0 3.0
277.0 9.0
278.0 280.0
279.0 1410.0
280.0 1660.0
281.0 1690.0
282.0 1590.0
283.0 1740.0
284.0 1170.0
285.0 1070.0
286.0 1710.0
287.0 1620.0
288.0 1820.0
289.0 1810.0
290.0 1820.0
291.0 1820.0
292.0 1820.0
293.0 1560.0
294.0 1370.0
295.0 1380.0
296.0 1420.0
297.0 1540.0
298.0 1280.0
299.0 1760.0
300.0 1520.0
301.0 1790.0
302.0 1760.0
303.0 1820.0
304.0 1760.0
305.0 1850.0
306.0 1830.0
307.0 1660.0
308.0 1570.0
309.0 1260.0
310.0 1780.0
311.0 1770.0
312.0 1760.0
313.0 1640.0
314.0 1690.0
315.0 1230.0
316.0 1610.0
317.0 1630.0
318.0 1680.0
319.0 1730.0
320.0 1670.0
321.0 1690.0
322.0 1550.0
323.0 1590.0
324.0 1450.0
325.0 1250.0
326.0 1750.0
327.0 1680.0
328.0 1670.0
329.0 1390.0
330.0 1440.0
331.0 770.0
332.0 1230.0
333.0 1300.0
334.0 1410.0
335.0 1390.0
336.0 1500.0
337.0 1360.0
338.0 1250.0
339.0 1200.0
340.0 1150.0
341.0 1220.0
342.0 1340.0
343.0 940.0
344.0 867.0
345.0 644.0
346.0 851.0
347.0 1020.0
348.0 657.0
349.0 665.0
350.0 472.0
351.0 2.0
352.0 0.0
353.0 0.0
354.0 0.0
355.0 0.0
356.0 120.0
357.0 120.0
358.0 102.0
359.0 100.0
360.0 122.0
361.0 117.0
362.0 103.0
363.0 117.0
364.0 43.0
365.0 243.0
366.0 444.0
367.0 340.0
368.0 440.0
369.0 463.0
370.0 470.0
371.0 532.0
372.0 618.0
373.0 666.0
374.0 621.0
375.0 232.0
376.0 217.0
377.0 573.0
378.0 522.0
379.0 511.0
380.0 217.0
381.0 10.0
382.0 11.0
383.0 91.0
384.0 82.0
385.0 279.0
386.0 318.0
387.0 445.0
388.0 576.0
389.0 438.0
390.0 473.0
391.0 451.0
392.0 502.0
393.0 498.0
394.0 570.0
395.0 467.0
396.0 585.0
397.0 599.0
398.0 637.0
399.0 643.0
400.0 697.0
401.0 713.0
402.0 672.0
403.0 902.0
404.0 969.0
405.0 1140.0
406.0 1080.0
407.0 1260.0
408.0 1450.0
409.0 1330.0
410.0 1460.0
411.0 1470.0
412.0 1070.0
413.0 1030.0
414.0 1180.0
415.0 1100.0
416.0 1130.0
417.0 1280.0
418.0 1440.0
419.0 892.0
420.0 1270.0
421.0 1070.0
422.0 737.0
423.0 50.0
424.0 0.0
425.0 100.0
426.0 89.0
427.0 5.0
428.0 88.0
429.0 231.0
430.0 311.0
431.0 504.0
432.0 570.0
433.0 436.0
434.0 34.0
435.0 3.0
436.0 2.0
437.0 140.0
438.0 380.0
439.0 375.0
440.0 120.0
441.0 2.0
442.0 0.0
443.0 3.0
444.0 347.0
445.0 185.0
446.0 115.0
447.0 114.0
448.0 103.0
449.0 123.0
450.0 96.0
451.0 122.0
452.0 123.0
453.0 84.0
454.0 89.0
455.0 123.0
456.0 123.0
457.0 91.0
458.0 89.0
459.0 91.0
460.0 123.0
461.0 103.0
462.0 108.0
463.0 86.0
464.0 120.0
465.0 95.0
466.0 120.0
467.0 116.0
468.0 85.0
469.0 119.0
470.0 113.0
471.0 91.0
472.0 134.0
473.0 285.0
474.0 3.0
475.0 32.0
476.0 46.0
477.0 12.0
478.0 4.0
479.0 0.0
480.0 0.0
481.0 0.0
482.0 0.0
483.0 122.0
484.0 124.0
485.0 120.0
486.0 204.0
487.0 290.0
488.0 17.0
489.0 0.0
490.0 0.0
491.0 0.0
492.0 0.0
493.0 98.0
494.0 119.0
495.0 211.0
496.0 196.0
497.0 246.0
498.0 246.0
499.0 263.0
500.0 270.0
501.0 279.0
502.0 281.0
503.0 269.0
504.0 330.0
505.0 392.0
506.0 437.0
507.0 538.0
508.0 572.0
509.0 588.0
510.0 756.0
511.0 834.0
512.0 931.0
513.0 861.0
514.0 872.0
515.0 1040.0
516.0 1030.0
517.0 1060.0
518.0 1150.0
519.0 1140.0
520.0 1180.0
521.0 1240.0
522.0 1150.0
523.0 1100.0
524.0 1110.0
525.0 1090.0
526.0 1190.0
527.0 1180.0
528.0 1200.0
529.0 1430.0
530.0 1180.0
531.0 1370.0
532.0 1310.0
533.0 1110.0
534.0 1100.0
535.0 869.0
536.0 711.0
537.0 557.0
538.0 337.0
539.0 433.0
540.0 410.0
541.0 441.0
542.0 70.0
543.0 109.0
544.0 110.0
545.0 488.0
546.0 693.0
547.0 733.0
548.0 749.0
549.0 788.0
550.0 770.0
551.0 724.0
552.0 817.0
553.0 750.0
554.0 780.0
555.0 795.0
556.0 806.0
557.0 644.0
558.0 646.0
559.0 752.0
560.0 743.0
561.0 790.0
562.0 768.0
563.0 598.0
564.0 570.0
565.0 262.0
566.0 43.0
567.0 0.0
568.0 4.0
569.0 109.0
570.0 99.0
571.0 552.0
572.0 661.0
573.0 825.0
574.0 940.0
575.0 839.0
576.0 750.0
577.0 906.0
578.0 1290.0
579.0 674.0
580.0 1160.0
581.0 931.0
582.0 885.0
583.0 1070.0
584.0 1010.0
585.0 738.0
586.0 754.0
587.0 402.0
588.0 27.0
589.0 7.0
590.0 3.0
591.0 114.0
592.0 101.0
593.0 381.0
594.0 574.0
595.0 709.0
596.0 656.0
597.0 635.0
598.0 646.0
599.0 509.0
600.0 119.0
601.0 54.0
602.0 1.0
603.0 1.0
604.0 46.0
605.0 23.0
606.0 189.0
607.0 142.0
608.0 180.0
609.0 123.0
610.0 261.0
611.0 103.0
612.0 99.0
613.0 304.0
614.0 80.0
615.0 22.0
616.0 130.0
617.0 183.0
618.0 232.0
619.0 305.0
620.0 378.0
621.0 106.0
622.0 0.0
623.0 0.0
624.0 0.0
625.0 0.0
626.0 0.0
627.0 105.0
628.0 125.0
629.0 128.0
630.0 89.0
631.0 198.0
632.0 271.0
633.0 322.0
634.0 363.0
635.0 446.0
636.0 470.0
637.0 461.0
638.0 450.0
639.0 85.0
640.0 98.0
641.0 95.0
642.0 355.0
643.0 501.0
644.0 393.0
645.0 246.0
646.0 493.0
647.0 479.0
648.0 321.0
649.0 336.0
650.0 387.0
651.0 121.0
652.0 296.0
653.0 419.0
654.0 459.0
655.0 444.0
656.0 488.0
657.0 570.0
658.0 423.0
659.0 517.0
660.0 472.0
661.0 507.0
662.0 440.0
663.0 486.0
664.0 512.0
665.0 530.0
666.0 554.0
667.0 494.0
668.0 624.0
669.0 536.0
670.0 663.0
671.0 677.0
672.0 713.0
673.0 745.0
674.0 834.0
675.0 815.0
676.0 802.0
677.0 914.0
678.0 926.0
679.0 1010.0
680.0 947.0
681.0 1110.0
682.0 1000.0
683.0 1070.0
684.0 1150.0
685.0 1050.0
686.0 1060.0
687.0 1250.0
688.0 1140.0
689.0 1010.0
690.0 707.0
691.0 1050.0
692.0 1110.0
693.0 1200.0
694.0 1300.0
695.0 989.0
696.0 1130.0
697.0 857.0
698.0 887.0
699.0 1040.0
700.0 1330.0
701.0 1130.0
702.0 982.0
703.0 545.0
704.0 559.0
705.0 1170.0
706.0 1070.0
707.0 885.0
708.0 864.0
709.0 878.0
710.0 959.0
711.0 731.0
712.0 1070.0
713.0 1100.0
714.0 1020.0
715.0 801.0
716.0 1060.0
717.0 1030.0
718.0 949.0
719.0 1020.0
720.0 980.0
721.0 749.0
722.0 973.0
723.0 1040.0
724.0 1180.0
725.0 1220.0
726.0 1210.0
727.0 1090.0
728.0 1140.0
729.0 1090.0
730.0 953.0
731.0 1070.0
732.0 1010.0
733.0 973.0
734.0 844.0
735.0 489.0
736.0 18.0
737.0 0.0
738.0 116.0
739.0 87.0
740.0 262.0
741.0 358.0
742.0 937.0
743.0 918.0
744.0 882.0
745.0 1030.0
746.0 893.0
747.0 1160.0
748.0 1170.0
749.0 956.0
750.0 975.0
751.0 993.0
752.0 1100.0
753.0 814.0
754.0 655.0
755.0 745.0
756.0 785.0
757.0 372.0
758.0 272.0
759.0 10.0
760.0 39.0
761.0 8.0
762.0 4.0
763.0 116.0
764.0 112.0
765.0 112.0
766.0 120.0
767.0 99.0
768.0 125.0
769.0 109.0
770.0 122.0
771.0 83.0
772.0 102.0
773.0 115.0
774.0 125.0
775.0 109.0
776.0 119.0
777.0 101.0
778.0 113.0
779.0 121.0
780.0 108.0
781.0 78.0
782.0 91.0
783.0 124.0
784.0 113.0
785.0 115.0
786.0 99.0
787.0 121.0
788.0 96.0
789.0 105.0
790.0 90.0
791.0 115.0
792.0 91.0
793.0 123.0
794.0 120.0
