1.0 103.0
2.0 79.0
3.0 124.0
4.0 113.0
5.0 117.0
6.0 91.0
7.0 479.0
8.0 572.0
9.0 613.0
10.0 667.0
11.0 686.0
12.0 700.0
13.0 697.0
14.0 393.0
15.0 747.0
16.0 1040.0
17.0 1140.0
18.0 1180.0
19.0 831.0
20.0 852.0
21.0 967.0
22.0 801.0
23.0 959.0
24.0 820.0
25.0 622.0
26.0 613.0
27.0 714.0
28.0 987.0
29.0 398.0
30.0 0.0
31.0 0.0
32.0 0.0
33.0 0.0
34.0 0.0
35.0 0.0
36.0 118.0
37.0 123.0
38.0 113.0
39.0 120.0
40.0 109.0
41.0 102.0
42.0 123.0
43.0 99.0
44.0 122.0
45.0 116.0
46.0 117.0
47.0 0.0
48.0 0.0
49.0 99.0
50.0 694.0
51.0 657.0
52.0 684.0
53.0 497.0
54.0 92.0
55.0 135.0
56.0 350.0
57.0 441.0
58.0 477.0
59.0 125.0
60.0 434.0
61.0 358.0
62.0 381.0
63.0 566.0
64.0 484.0
65.0 344.0
66.0 434.0
67.0 373.0
68.0 371.0
69.0 353.0
70.0 346.0
71.0 324.0
72.0 375.0
73.0 285.0
74.0 276.0
75.0 406.0
76.0 332.0
77.0 289.0
78.0 291.0
79.0 349.0
80.0 277.0
81.0 325.0
82.0 313.0
83.0 294.0
84.0 263.0
85.0 259.0
86.0 341.0
87.0 364.0
88.0 252.0
89.0 250.0
90.0 351.0
91.0 95.0
92.0 122.0
93.0 440.0
94.0 694.0
95.0 762.0
96.0 790.0
97.0 887.0
98.0 912.0
99.0 1020.0
100.0 1040.0
101.0 928.0
102.0 884.0
103.0 1150.0
104.0 1260.0
105.0 1380.0
106.0 1470.0
107.0 1510.0
108.0 1330.0
109.0 1160.0
110.0 1000.0
111.0 970.0
112.0 892.0
113.0 1080.0
114.0 1410.0
115.0 1090.0
116.0 644.0
117.0 640.0
118.0 179.0
119.0 8.0
120.0 0.0
121.0 0.0
122.0 94.0
123.0 108.0
124.0 193.0
125.0 104.0
126.0 313.0
127.0 725.0
128.0 694.0
129.0 725.0
130.0 796.0
131.0 779.0
132.0 694.0
133.0 619.0
134.0 971.0
135.0 942.0
136.0 917.0
137.0 1180.0
138.0 1040.0
139.0 1090.0
140.0 1210.0
141.0 1110.0
142.0 1300.0
143.0 1180.0
144.0 1160.0
145.0 1040.0
146.0 957.0
147.0 1060.0
148.0 953.0
149.0 904.0
150.0 121.0
151.0 104.0
152.0 1150.0
153.0 1200.0
154.0 1270.0
155.0 1310.0
156.0 1310.0
157.0 920.0
158.0 1100.0
159.0 871.0
160.0 25.0
161.0 170.0
162.0 24.0
163.0 102.0
164.0 113.0
165.0 117.0
166.0 117.0
167.0 123.0
168.0 122.0
169.0 92.0
170.0 118.0
171.0 302.0
172.0 472.0
173.0 446.0
174.0 496.0
175.0 527.0
176.0 518.0
177.0 557.0
178.0 235.0
179.0 0.0
180.0 136.0
181.0 485.0
182.0 621.0
183.0 607.0
184.0 632.0
185.0 707.0
186.0 833.0
187.0 795.0
188.0 671.0
189.0 960.0
190.0 850.0
191.0 926.0
192.0 879.0
193.0 1060.0
194.0 1040.0
195.0 1100.0
196.0 1040.0
197.0 1040.0
198.0 888.0
199.0 955.0
200.0 1200.0
201.0 1040.0
202.0 1300.0
203.0 1180.0
204.0 1170.0
205.0 1160.0
206.0 1290.0
207.0 1340.0
208.0 1130.0
209.0 1110.0
210.0 1100.0
211.0 935.0
212.0 1200.0
213.0 1250.0
214.0 1190.0
215.0 1140.0
216.0 775.0
217.0 480.0
218.0 519.0
219.0 984.0
220.0 939.0
221.0 1060.0
222.0 1050.0
223.0 1070.0
224.0 804.0
225.0 978.0
226.0 279.0
227.0 115.0
228.0 414.0
229.0 994.0
230.0 1020.0
231.0 862.0
232.0 969.0
233.0 1010.0
234.0 988.0
235.0 766.0
236.0 789.0
237.0 829.0
238.0 977.0
239.0 860.0
240.0 844.0
241.0 1040.0
242.0 1000.0
243.0 1040.0
244.0 1000.0
245.0 982.0
246.0 993.0
247.0 999.0
248.0 951.0
249.0 1070.0
250.0 1050.0
251.0 1170.0
252.0 1120.0
253.0 1180.0
254.0 1270.0
255.0 1260.0
256.0 1030.0
257.0 1010.0
258.0 1120.0
259.0 1180.0
260.0 1160.0
261.0 1170.0
262.0 1100.0
263.0 923.0
264.0 831.0
265.0 734.0
266.0 889.0
267.0 741.0
268.0 980.0
269.0 896.0
270.0 973.0
271.0 923.0
272.0 895.0
273.0 895.0
274.0 711.0
275.0 97.0
276.0 155.0
277.0 1050.0
278.0 906.0
279.0 980.0
280.0 978.0
281.0 991.0
282.0 986.0
283.0 1020.0
284.0 1010.0
285.0 944.0
286.0 1000.0
287.0 1030.0
288.0 1070.0
289.0 1080.0
290.0 1130.0
291.0 841.0
292.0 1130.0
293.0 1120.0
294.0 1160.0
295.0 1110.0
296.0 1290.0
297.0 1200.0
298.0 1250.0
299.0 1210.0
300.0 1190.0
301.0 1320.0
302.0 1250.0
303.0 1390.0
304.0 1350.0
305.0 1360.0
306.0 1380.0
307.0 1450.0
308.0 1300.0
309.0 628.0
310.0 123.0
311.0 244.0
312.0 732.0
313.0 1320.0
314.0 1440.0
315.0 1430.0
316.0 1440.0
317.0 1520.0
318.0 1690.0
319.0 1700.0
320.0 1130.0
321.0 1400.0
322.0 1440.0
323.0 1370.0
324.0 1450.0
325.0 1580.0
326.0 1420.0
327.0 1260.0
328.0 1460.0
329.0 1460.0
330.0 1260.0
331.0 1320.0
332.0 1570.0
333.0 1480.0
334.0 1440.0
335.0 1440.0
336.0 1530.0
337.0 1360.0
338.0 1440.0
339.0 1520.0
340.0 1330.0
341.0 92.0
342.0 110.0
343.0 1010.0
344.0 1260.0
345.0 932.0
346.0 962.0
347.0 717.0
348.0 1290.0
349.0 1120.0
350.0 978.0
351.0 968.0
352.0 975.0
353.0 769.0
354.0 1050.0
355.0 1030.0
356.0 788.0
357.0 104.0
358.0 174.0
359.0 90.0
360.0 404.0
361.0 751.0
362.0 420.0
363.0 533.0
364.0 292.0
365.0 533.0
366.0 414.0
367.0 273.0
368.0 363.0
369.0 452.0
370.0 596.0
371.0 654.0
372.0 675.0
373.0 681.0
374.0 300.0
375.0 424.0
376.0 204.0
377.0 545.0
378.0 518.0
379.0 148.0
380.0 106.0
381.0 60.0
382.0 56.0
383.0 48.0
384.0 34.0
385.0 104.0
386.0 88.0
387.0 220.0
388.0 327.0
389.0 329.0
390.0 341.0
391.0 326.0
392.0 355.0
393.0 418.0
394.0 439.0
395.0 399.0
396.0 481.0
397.0 566.0
398.0 486.0
399.0 120.0
400.0 121.0
401.0 386.0
402.0 484.0
403.0 602.0
404.0 648.0
405.0 594.0
406.0 692.0
407.0 533.0
408.0 575.0
409.0 821.0
410.0 715.0
411.0 659.0
412.0 819.0
413.0 960.0
414.0 1030.0
415.0 973.0
416.0 1180.0
417.0 699.0
418.0 275.0
419.0 83.0
420.0 107.0
421.0 119.0
422.0 514.0
423.0 827.0
424.0 656.0
425.0 838.0
426.0 619.0
427.0 450.0
428.0 518.0
429.0 526.0
430.0 623.0
431.0 688.0
432.0 575.0
433.0 509.0
434.0 457.0
435.0 179.0
436.0 9.0
437.0 246.0
438.0 422.0
439.0 527.0
440.0 538.0
441.0 457.0
442.0 317.0
443.0 2.0
444.0 2.0
445.0 219.0
446.0 393.0
447.0 431.0
448.0 426.0
449.0 452.0
450.0 97.0
451.0 8.0
452.0 3.0
453.0 6.0
454.0 121.0
455.0 2.0
456.0 0.0
457.0 0.0
458.0 27.0
459.0 0.0
460.0 11.0
461.0 21.0
462.0 108.0
463.0 122.0
464.0 26.0
465.0 69.0
466.0 62.0
467.0 6.0
468.0 90.0
469.0 114.0
470.0 100.0
471.0 105.0
472.0 122.0
473.0 112.0
474.0 110.0
475.0 3.0
476.0 23.0
477.0 15.0
478.0 38.0
479.0 43.0
480.0 47.0
481.0 55.0
482.0 64.0
483.0 70.0
484.0 74.0
485.0 58.0
486.0 24.0
487.0 30.0
488.0 28.0
489.0 33.0
490.0 27.0
491.0 29.0
492.0 119.0
493.0 113.0
494.0 120.0
495.0 89.0
496.0 148.0
497.0 185.0
498.0 210.0
499.0 238.0
500.0 267.0
501.0 265.0
502.0 290.0
503.0 330.0
504.0 349.0
505.0 366.0
506.0 365.0
507.0 378.0
508.0 404.0
509.0 367.0
510.0 377.0
511.0 469.0
512.0 500.0
513.0 471.0
514.0 487.0
515.0 532.0
516.0 538.0
517.0 584.0
518.0 634.0
519.0 615.0
520.0 676.0
521.0 578.0
522.0 578.0
523.0 651.0
524.0 662.0
525.0 707.0
526.0 680.0
527.0 667.0
528.0 1030.0
529.0 954.0
530.0 883.0
531.0 769.0
532.0 608.0
533.0 821.0
534.0 835.0
535.0 315.0
536.0 3.0
537.0 35.0
538.0 44.0
539.0 51.0
540.0 93.0
541.0 106.0
542.0 141.0
543.0 617.0
544.0 782.0
545.0 724.0
546.0 786.0
547.0 822.0
548.0 774.0
549.0 759.0
550.0 852.0
551.0 842.0
552.0 809.0
553.0 745.0
554.0 905.0
555.0 997.0
556.0 981.0
557.0 955.0
558.0 835.0
559.0 1060.0
560.0 626.0
561.0 531.0
562.0 633.0
563.0 210.0
564.0 17.0
565.0 1.0
566.0 57.0
567.0 19.0
568.0 148.0
569.0 39.0
570.0 321.0
571.0 353.0
572.0 412.0
573.0 421.0
574.0 436.0
575.0 473.0
576.0 500.0
577.0 460.0
578.0 434.0
579.0 50.0
580.0 31.0
581.0 103.0
582.0 104.0
583.0 246.0
584.0 397.0
585.0 450.0
586.0 478.0
587.0 378.0
588.0 14.0
589.0 21.0
590.0 0.0
591.0 31.0
592.0 3.0
593.0 2.0
594.0 3.0
595.0 81.0
596.0 125.0
597.0 12.0
598.0 10.0
599.0 52.0
600.0 8.0
601.0 28.0
602.0 13.0
603.0 29.0
604.0 19.0
605.0 18.0
606.0 17.0
607.0 23.0
608.0 23.0
609.0 22.0
610.0 19.0
611.0 19.0
612.0 18.0
613.0 22.0
614.0 23.0
615.0 21.0
616.0 20.0
617.0 19.0
618.0 19.0
619.0 12.0
620.0 20.0
621.0 19.0
622.0 16.0
623.0 20.0
624.0 21.0
625.0 10.0
626.0 31.0
627.0 18.0
628.0 21.0
629.0 14.0
630.0 29.0
631.0 18.0
632.0 18.0
633.0 14.0
634.0 8.0
635.0 14.0
636.0 11.0
637.0 12.0
638.0 5.0
639.0 5.0
640.0 9.0
641.0 10.0
642.0 12.0
643.0 12.0
644.0 11.0
645.0 10.0
646.0 11.0
647.0 7.0
648.0 8.0
649.0 3.0
650.0 19.0
651.0 14.0
652.0 98.0
653.0 94.0
654.0 65.0
655.0 95.0
656.0 109.0
657.0 159.0
658.0 204.0
659.0 259.0
660.0 311.0
661.0 345.0
662.0 380.0
663.0 398.0
664.0 345.0
665.0 446.0
666.0 451.0
667.0 572.0
668.0 551.0
669.0 534.0
670.0 646.0
671.0 580.0
672.0 623.0
673.0 677.0
674.0 711.0
675.0 675.0
676.0 788.0
677.0 753.0
678.0 683.0
679.0 793.0
680.0 743.0
681.0 683.0
682.0 750.0
683.0 677.0
684.0 726.0
685.0 727.0
686.0 786.0
687.0 835.0
688.0 714.0
689.0 723.0
690.0 744.0
691.0 766.0
692.0 808.0
693.0 692.0
694.0 881.0
695.0 777.0
696.0 848.0
697.0 569.0
698.0 555.0
699.0 710.0
700.0 740.0
701.0 819.0
702.0 828.0
703.0 905.0
704.0 829.0
705.0 740.0
706.0 885.0
707.0 781.0
708.0 966.0
709.0 1080.0
710.0 894.0
711.0 929.0
712.0 882.0
713.0 829.0
714.0 894.0
715.0 825.0
716.0 761.0
717.0 761.0
718.0 864.0
719.0 758.0
720.0 670.0
721.0 769.0
722.0 709.0
723.0 826.0
724.0 819.0
725.0 825.0
726.0 667.0
727.0 104.0
728.0 116.0
729.0 123.0
730.0 123.0
731.0 122.0
732.0 191.0
733.0 470.0
734.0 524.0
735.0 487.0
736.0 482.0
737.0 419.0
738.0 477.0
739.0 486.0
740.0 513.0
741.0 500.0
742.0 519.0
743.0 457.0
744.0 473.0
745.0 501.0
746.0 478.0
747.0 197.0
748.0 1.0
749.0 4.0
750.0 18.0
751.0 5.0
752.0 2.0
753.0 94.0
754.0 100.0
755.0 78.0
756.0 183.0
757.0 298.0
758.0 287.0
759.0 278.0
760.0 324.0
761.0 136.0
762.0 5.0
763.0 0.0
764.0 0.0
765.0 0.0
766.0 14.0
767.0 1.0
768.0 2.0
769.0 1.0
770.0 21.0
771.0 3.0
772.0 1.0
773.0 0.0
774.0 124.0
775.0 105.0
776.0 125.0
777.0 78.0
778.0 125.0
779.0 106.0
780.0 99.0
781.0 78.0
782.0 113.0
783.0 112.0
784.0 101.0
785.0 124.0
786.0 113.0
787.0 185.0
788.0 231.0
789.0 291.0
790.0 350.0
