1.0 1090.0
2.0 1050.0
3.0 1120.0
4.0 945.0
5.0 993.0
6.0 993.0
7.0 941.0
8.0 1310.0
9.0 114.0
10.0 118.0
11.0 118.0
12.0 110.0
13.0 106.0
14.0 111.0
15.0 301.0
16.0 519.0
17.0 583.0
18.0 579.0
19.0 531.0
20.0 709.0
21.0 919.0
22.0 544.0
23.0 226.0
24.0 20.0
25.0 169.0
26.0 465.0
27.0 542.0
28.0 880.0
29.0 881.0
30.0 828.0
31.0 1170.0
32.0 868.0
33.0 921.0
34.0 597.0
35.0 329.0
36.0 295.0
37.0 453.0
38.0 485.0
39.0 573.0
40.0 418.0
41.0 561.0
42.0 399.0
43.0 108.0
44.0 110.0
45.0 273.0
46.0 556.0
47.0 686.0
48.0 519.0
49.0 603.0
50.0 131.0
51.0 103.0
52.0 421.0
53.0 639.0
54.0 627.0
55.0 757.0
56.0 785.0
57.0 811.0
58.0 867.0
59.0 825.0
60.0 729.0
61.0 787.0
62.0 822.0
63.0 730.0
64.0 824.0
65.0 851.0
66.0 305.0
67.0 118.0
68.0 119.0
69.0 148.0
70.0 391.0
71.0 367.0
72.0 332.0
73.0 282.0
74.0 373.0
75.0 475.0
76.0 202.0
77.0 152.0
78.0 194.0
79.0 308.0
80.0 345.0
81.0 220.0
82.0 208.0
83.0 237.0
84.0 356.0
85.0 386.0
86.0 276.0
87.0 326.0
88.0 356.0
89.0 303.0
90.0 381.0
91.0 91.0
92.0 105.0
93.0 526.0
94.0 927.0
95.0 1090.0
96.0 895.0
97.0 1160.0
98.0 1140.0
99.0 1190.0
100.0 1350.0
101.0 1510.0
102.0 1480.0
103.0 1460.0
104.0 1590.0
105.0 1560.0
106.0 1390.0
107.0 1070.0
108.0 681.0
109.0 933.0
110.0 688.0
111.0 1250.0
112.0 952.0
113.0 827.0
114.0 548.0
115.0 345.0
116.0 70.0
117.0 66.0
118.0 105.0
119.0 73.0
120.0 97.0
121.0 86.0
122.0 114.0
123.0 120.0
124.0 120.0
125.0 80.0
126.0 293.0
127.0 521.0
128.0 473.0
129.0 368.0
130.0 526.0
131.0 471.0
132.0 490.0
133.0 375.0
134.0 745.0
135.0 516.0
136.0 790.0
137.0 810.0
138.0 813.0
139.0 807.0
140.0 271.0
141.0 123.0
142.0 215.0
143.0 682.0
144.0 682.0
145.0 347.0
146.0 18.0
147.0 168.0
148.0 949.0
149.0 934.0
150.0 1230.0
151.0 1180.0
152.0 1240.0
153.0 1130.0
154.0 1060.0
155.0 1040.0
156.0 718.0
157.0 83.0
158.0 10.0
159.0 4.0
160.0 56.0
161.0 109.0
162.0 67.0
163.0 97.0
164.0 117.0
165.0 107.0
166.0 105.0
167.0 102.0
168.0 120.0
169.0 87.0
170.0 104.0
171.0 114.0
172.0 102.0
173.0 124.0
174.0 259.0
175.0 450.0
176.0 514.0
177.0 523.0
178.0 554.0
179.0 560.0
180.0 606.0
181.0 647.0
182.0 643.0
183.0 718.0
184.0 762.0
185.0 855.0
186.0 856.0
187.0 865.0
188.0 879.0
189.0 870.0
190.0 1110.0
191.0 898.0
192.0 995.0
193.0 959.0
194.0 1010.0
195.0 1090.0
196.0 1120.0
197.0 815.0
198.0 875.0
199.0 997.0
200.0 1260.0
201.0 993.0
202.0 1270.0
203.0 1250.0
204.0 1070.0
205.0 915.0
206.0 1100.0
207.0 1150.0
208.0 993.0
209.0 1120.0
210.0 1090.0
211.0 972.0
212.0 1220.0
213.0 1390.0
214.0 1380.0
215.0 604.0
216.0 88.0
217.0 111.0
218.0 123.0
219.0 410.0
220.0 596.0
221.0 952.0
222.0 1250.0
223.0 988.0
224.0 1080.0
225.0 1020.0
226.0 1000.0
227.0 778.0
228.0 829.0
229.0 729.0
230.0 826.0
231.0 888.0
232.0 833.0
233.0 877.0
234.0 927.0
235.0 1020.0
236.0 1040.0
237.0 1050.0
238.0 943.0
239.0 954.0
240.0 1140.0
241.0 1010.0
242.0 973.0
243.0 994.0
244.0 1040.0
245.0 924.0
246.0 890.0
247.0 1060.0
248.0 959.0
249.0 888.0
250.0 770.0
251.0 739.0
252.0 779.0
253.0 934.0
254.0 821.0
255.0 765.0
256.0 930.0
257.0 857.0
258.0 977.0
259.0 1240.0
260.0 848.0
261.0 597.0
262.0 110.0
263.0 266.0
264.0 845.0
265.0 1010.0
266.0 1050.0
267.0 1140.0
268.0 1150.0
269.0 1130.0
270.0 901.0
271.0 1220.0
272.0 1070.0
273.0 1060.0
274.0 1040.0
275.0 937.0
276.0 1040.0
277.0 1180.0
278.0 981.0
279.0 1030.0
280.0 1130.0
281.0 804.0
282.0 952.0
283.0 923.0
284.0 1010.0
285.0 1040.0
286.0 1010.0
287.0 1200.0
288.0 1100.0
289.0 1160.0
290.0 1180.0
291.0 121.0
292.0 119.0
293.0 907.0
294.0 1130.0
295.0 1230.0
296.0 1120.0
297.0 1110.0
298.0 1190.0
299.0 1780.0
300.0 1660.0
301.0 1760.0
302.0 1130.0
303.0 1590.0
304.0 1290.0
305.0 1530.0
306.0 1660.0
307.0 1780.0
308.0 1730.0
309.0 1770.0
310.0 1640.0
311.0 1430.0
312.0 1640.0
313.0 1360.0
314.0 1590.0
315.0 1510.0
316.0 1610.0
317.0 931.0
318.0 125.0
319.0 344.0
320.0 1000.0
321.0 1110.0
322.0 1080.0
323.0 1160.0
324.0 454.0
325.0 96.0
326.0 102.0
327.0 670.0
328.0 869.0
329.0 856.0
330.0 941.0
331.0 794.0
332.0 971.0
333.0 962.0
334.0 988.0
335.0 1000.0
336.0 914.0
337.0 801.0
338.0 803.0
339.0 756.0
340.0 58.0
341.0 12.0
342.0 0.0
343.0 112.0
344.0 111.0
345.0 89.0
346.0 96.0
347.0 111.0
348.0 122.0
349.0 124.0
350.0 98.0
351.0 105.0
352.0 105.0
353.0 96.0
354.0 96.0
355.0 119.0
356.0 78.0
357.0 147.0
358.0 24.0
359.0 31.0
360.0 137.0
361.0 153.0
362.0 93.0
363.0 38.0
364.0 151.0
365.0 98.0
366.0 128.0
367.0 35.0
368.0 15.0
369.0 0.0
370.0 3.0
371.0 103.0
372.0 112.0
373.0 283.0
374.0 372.0
375.0 413.0
376.0 442.0
377.0 465.0
378.0 448.0
379.0 501.0
380.0 558.0
381.0 590.0
382.0 632.0
383.0 656.0
384.0 740.0
385.0 804.0
386.0 813.0
387.0 899.0
388.0 803.0
389.0 848.0
390.0 892.0
391.0 887.0
392.0 820.0
393.0 794.0
394.0 963.0
395.0 830.0
396.0 22.0
397.0 0.0
398.0 0.0
399.0 7.0
400.0 97.0
401.0 119.0
402.0 105.0
403.0 84.0
404.0 83.0
405.0 0.0
406.0 0.0
407.0 0.0
408.0 133.0
409.0 35.0
410.0 414.0
411.0 367.0
412.0 170.0
413.0 251.0
414.0 40.0
415.0 9.0
416.0 6.0
417.0 73.0
418.0 29.0
419.0 32.0
420.0 3.0
421.0 0.0
422.0 4.0
423.0 53.0
424.0 201.0
425.0 11.0
426.0 41.0
427.0 5.0
428.0 0.0
429.0 2.0
430.0 11.0
431.0 2.0
432.0 16.0
433.0 16.0
434.0 8.0
435.0 85.0
436.0 106.0
437.0 113.0
438.0 93.0
439.0 104.0
440.0 106.0
441.0 114.0
442.0 119.0
443.0 105.0
444.0 111.0
445.0 125.0
446.0 114.0
447.0 82.0
448.0 7.0
449.0 53.0
450.0 120.0
451.0 169.0
452.0 123.0
453.0 251.0
454.0 186.0
455.0 290.0
456.0 361.0
457.0 586.0
458.0 413.0
459.0 520.0
460.0 682.0
461.0 794.0
462.0 382.0
463.0 617.0
464.0 363.0
465.0 1.0
466.0 6.0
467.0 110.0
468.0 107.0
469.0 17.0
470.0 22.0
471.0 178.0
472.0 886.0
473.0 1050.0
474.0 1140.0
475.0 1330.0
476.0 1310.0
477.0 1390.0
478.0 1360.0
479.0 1320.0
480.0 1190.0
481.0 1270.0
482.0 1420.0
483.0 1320.0
484.0 1370.0
485.0 1400.0
486.0 1290.0
487.0 1310.0
488.0 1450.0
489.0 1320.0
490.0 1250.0
491.0 1210.0
492.0 1460.0
493.0 1770.0
494.0 1570.0
495.0 1130.0
496.0 1260.0
497.0 1050.0
498.0 1150.0
499.0 1090.0
500.0 1080.0
501.0 822.0
502.0 796.0
503.0 664.0
504.0 563.0
505.0 395.0
506.0 241.0
507.0 0.0
508.0 0.0
509.0 18.0
510.0 9.0
511.0 0.0
512.0 0.0
513.0 95.0
514.0 111.0
515.0 117.0
516.0 57.0
517.0 708.0
518.0 1310.0
519.0 1350.0
520.0 1290.0
521.0 1200.0
522.0 1280.0
523.0 1220.0
524.0 1240.0
525.0 1300.0
526.0 778.0
527.0 1060.0
528.0 719.0
529.0 558.0
530.0 47.0
531.0 174.0
532.0 2.0
533.0 0.0
534.0 107.0
535.0 159.0
536.0 435.0
537.0 832.0
538.0 1040.0
539.0 1210.0
540.0 1420.0
541.0 1520.0
542.0 1480.0
543.0 1410.0
544.0 1140.0
545.0 869.0
546.0 965.0
547.0 1000.0
548.0 796.0
549.0 809.0
550.0 702.0
551.0 129.0
552.0 15.0
553.0 3.0
554.0 3.0
555.0 1.0
556.0 82.0
557.0 81.0
558.0 267.0
559.0 614.0
560.0 503.0
561.0 631.0
562.0 562.0
563.0 585.0
564.0 581.0
565.0 492.0
566.0 32.0
567.0 453.0
568.0 54.0
569.0 4.0
570.0 0.0
571.0 106.0
572.0 514.0
573.0 598.0
574.0 375.0
575.0 573.0
576.0 625.0
577.0 467.0
578.0 41.0
579.0 285.0
580.0 476.0
581.0 248.0
582.0 0.0
583.0 0.0
584.0 77.0
585.0 104.0
586.0 113.0
587.0 119.0
588.0 134.0
589.0 3.0
590.0 24.0
591.0 325.0
592.0 689.0
593.0 963.0
594.0 1110.0
595.0 939.0
596.0 1330.0
597.0 929.0
598.0 1390.0
599.0 1500.0
600.0 1530.0
601.0 1420.0
602.0 1550.0
603.0 1310.0
604.0 1390.0
605.0 798.0
606.0 2.0
607.0 105.0
608.0 112.0
609.0 0.0
610.0 0.0
611.0 0.0
612.0 0.0
613.0 0.0
614.0 0.0
615.0 0.0
616.0 0.0
617.0 0.0
618.0 0.0
619.0 0.0
620.0 0.0
621.0 0.0
622.0 0.0
623.0 0.0
624.0 0.0
625.0 0.0
626.0 0.0
627.0 0.0
628.0 0.0
629.0 0.0
630.0 0.0
631.0 0.0
632.0 0.0
633.0 0.0
634.0 0.0
635.0 0.0
636.0 0.0
637.0 0.0
638.0 0.0
639.0 0.0
640.0 0.0
641.0 0.0
642.0 0.0
643.0 0.0
644.0 0.0
645.0 0.0
646.0 0.0
647.0 0.0
648.0 94.0
649.0 116.0
650.0 84.0
651.0 747.0
652.0 1150.0
653.0 1210.0
654.0 1130.0
655.0 1140.0
656.0 304.0
657.0 795.0
658.0 1170.0
659.0 806.0
660.0 1100.0
661.0 1160.0
662.0 992.0
663.0 1290.0
664.0 1290.0
665.0 937.0
666.0 994.0
667.0 1440.0
668.0 1200.0
669.0 599.0
670.0 840.0
671.0 974.0
672.0 1280.0
673.0 1370.0
674.0 1210.0
675.0 1230.0
676.0 1320.0
677.0 1090.0
678.0 1300.0
679.0 1550.0
680.0 1210.0
681.0 1360.0
682.0 1290.0
683.0 1220.0
684.0 1510.0
685.0 1320.0
686.0 1330.0
687.0 1170.0
688.0 729.0
689.0 1420.0
690.0 910.0
691.0 20.0
692.0 557.0
693.0 1180.0
694.0 1280.0
695.0 780.0
696.0 1140.0
697.0 1370.0
698.0 1450.0
699.0 1290.0
700.0 1120.0
701.0 1410.0
702.0 1200.0
703.0 983.0
704.0 1100.0
705.0 1200.0
706.0 1290.0
707.0 1220.0
708.0 1220.0
709.0 1010.0
710.0 631.0
711.0 543.0
712.0 0.0
713.0 0.0
714.0 5.0
715.0 1.0
716.0 1.0
717.0 0.0
718.0 0.0
719.0 3.0
720.0 0.0
721.0 1.0
722.0 3.0
723.0 1.0
724.0 2.0
725.0 110.0
726.0 99.0
727.0 2.0
728.0 0.0
729.0 0.0
730.0 0.0
731.0 0.0
732.0 0.0
733.0 83.0
734.0 122.0
735.0 97.0
736.0 104.0
737.0 124.0
738.0 111.0
739.0 120.0
740.0 124.0
741.0 113.0
742.0 119.0
743.0 99.0
744.0 107.0
745.0 109.0
746.0 118.0
747.0 97.0
748.0 119.0
749.0 105.0
750.0 108.0
751.0 112.0
752.0 98.0
753.0 110.0
754.0 112.0
755.0 104.0
756.0 122.0
757.0 118.0
758.0 111.0
759.0 96.0
760.0 88.0
761.0 110.0
762.0 125.0
763.0 115.0
764.0 105.0
765.0 124.0
766.0 108.0
767.0 108.0
768.0 121.0
