1.0 0.0
2.0 0.0
3.0 0.0
4.0 0.0
5.0 0.0
6.0 109.0
7.0 122.0
8.0 504.0
9.0 88.0
10.0 0.0
11.0 0.0
12.0 0.0
13.0 0.0
14.0 96.0
15.0 85.0
16.0 254.0
17.0 184.0
18.0 82.0
19.0 121.0
20.0 212.0
21.0 157.0
22.0 17.0
23.0 0.0
24.0 0.0
25.0 0.0
26.0 0.0
27.0 89.0
28.0 92.0
29.0 189.0
30.0 421.0
31.0 439.0
32.0 108.0
33.0 107.0
34.0 299.0
35.0 306.0
36.0 320.0
37.0 307.0
38.0 319.0
39.0 327.0
40.0 303.0
41.0 352.0
42.0 351.0
43.0 358.0
44.0 401.0
45.0 463.0
46.0 550.0
47.0 661.0
48.0 733.0
49.0 837.0
50.0 528.0
51.0 873.0
52.0 1120.0
53.0 722.0
54.0 810.0
55.0 955.0
56.0 904.0
57.0 725.0
58.0 784.0
59.0 489.0
60.0 67.0
61.0 114.0
62.0 98.0
63.0 580.0
64.0 781.0
65.0 1050.0
66.0 950.0
67.0 1120.0
68.0 1190.0
69.0 816.0
70.0 807.0
71.0 913.0
72.0 1090.0
73.0 1020.0
74.0 1270.0
75.0 1240.0
76.0 1320.0
77.0 1550.0
78.0 1430.0
79.0 1280.0
80.0 1230.0
81.0 1300.0
82.0 1270.0
83.0 1260.0
84.0 1190.0
85.0 1200.0
86.0 1020.0
87.0 114.0
88.0 116.0
89.0 416.0
90.0 910.0
91.0 975.0
92.0 843.0
93.0 1020.0
94.0 1090.0
95.0 1400.0
96.0 1250.0
97.0 813.0
98.0 937.0
99.0 751.0
100.0 110.0
101.0 42.0
102.0 1.0
103.0 52.0
104.0 232.0
105.0 3.0
106.0 0.0
107.0 0.0
108.0 99.0
109.0 121.0
110.0 411.0
111.0 727.0
112.0 605.0
113.0 814.0
114.0 782.0
115.0 829.0
116.0 855.0
117.0 744.0
118.0 866.0
119.0 808.0
120.0 992.0
121.0 783.0
122.0 760.0
123.0 930.0
124.0 859.0
125.0 1010.0
126.0 901.0
127.0 860.0
128.0 861.0
129.0 982.0
130.0 1230.0
131.0 986.0
132.0 1160.0
133.0 1070.0
134.0 1050.0
135.0 1080.0
136.0 1110.0
137.0 967.0
138.0 1020.0
139.0 1000.0
140.0 1190.0
141.0 1090.0
142.0 1040.0
143.0 1050.0
144.0 1030.0
145.0 922.0
146.0 961.0
147.0 927.0
148.0 1040.0
149.0 1040.0
150.0 1060.0
151.0 982.0
152.0 1030.0
153.0 931.0
154.0 968.0
155.0 948.0
156.0 1060.0
157.0 949.0
158.0 916.0
159.0 931.0
160.0 944.0
161.0 1100.0
162.0 1270.0
163.0 124.0
164.0 203.0
165.0 1020.0
166.0 1590.0
167.0 1420.0
168.0 976.0
169.0 1520.0
170.0 1220.0
171.0 883.0
172.0 936.0
173.0 742.0
174.0 834.0
175.0 862.0
176.0 775.0
177.0 822.0
178.0 761.0
179.0 518.0
180.0 549.0
181.0 756.0
182.0 484.0
183.0 253.0
184.0 63.0
185.0 52.0
186.0 113.0
187.0 98.0
188.0 197.0
189.0 116.0
190.0 112.0
191.0 134.0
192.0 124.0
193.0 136.0
194.0 120.0
195.0 117.0
196.0 94.0
197.0 81.0
198.0 70.0
199.0 63.0
200.0 80.0
201.0 75.0
202.0 78.0
203.0 77.0
204.0 68.0
205.0 59.0
206.0 58.0
207.0 62.0
208.0 56.0
209.0 57.0
210.0 57.0
211.0 36.0
212.0 30.0
213.0 33.0
214.0 114.0
215.0 117.0
216.0 107.0
217.0 191.0
218.0 318.0
219.0 335.0
220.0 403.0
221.0 259.0
222.0 85.0
223.0 120.0
224.0 108.0
225.0 156.0
226.0 310.0
227.0 413.0
228.0 466.0
229.0 449.0
230.0 496.0
231.0 476.0
232.0 485.0
233.0 524.0
234.0 455.0
235.0 514.0
236.0 593.0
237.0 692.0
238.0 656.0
239.0 817.0
240.0 974.0
241.0 869.0
242.0 633.0
243.0 990.0
244.0 799.0
245.0 1130.0
246.0 1010.0
247.0 943.0
248.0 1130.0
249.0 900.0
250.0 1070.0
251.0 1110.0
252.0 1450.0
253.0 1810.0
254.0 1670.0
255.0 1680.0
256.0 1460.0
257.0 1480.0
258.0 1710.0
259.0 1830.0
260.0 1600.0
261.0 1560.0
262.0 1760.0
263.0 1660.0
264.0 1520.0
265.0 1520.0
266.0 1510.0
267.0 1340.0
268.0 1290.0
269.0 1250.0
270.0 1390.0
271.0 1700.0
272.0 1360.0
273.0 1100.0
274.0 1040.0
275.0 1060.0
276.0 892.0
277.0 1040.0
278.0 1180.0
279.0 1070.0
280.0 990.0
281.0 778.0
282.0 855.0
283.0 1130.0
284.0 865.0
285.0 976.0
286.0 932.0
287.0 1070.0
288.0 816.0
289.0 171.0
290.0 717.0
291.0 1290.0
292.0 894.0
293.0 931.0
294.0 748.0
295.0 642.0
296.0 710.0
297.0 894.0
298.0 862.0
299.0 907.0
300.0 917.0
301.0 439.0
302.0 560.0
303.0 732.0
304.0 830.0
305.0 704.0
306.0 697.0
307.0 804.0
308.0 952.0
309.0 756.0
310.0 157.0
311.0 957.0
312.0 736.0
313.0 129.0
314.0 0.0
315.0 0.0
316.0 111.0
317.0 108.0
318.0 71.0
319.0 138.0
320.0 103.0
321.0 161.0
322.0 156.0
323.0 171.0
324.0 564.0
325.0 1130.0
326.0 1200.0
327.0 1440.0
328.0 1360.0
329.0 1410.0
330.0 1430.0
331.0 1660.0
332.0 1730.0
333.0 1250.0
334.0 1720.0
335.0 1350.0
336.0 1660.0
337.0 1810.0
338.0 1840.0
339.0 1680.0
340.0 1460.0
341.0 1550.0
342.0 1470.0
343.0 1790.0
344.0 1810.0
345.0 1480.0
346.0 1700.0
347.0 1660.0
348.0 1820.0
349.0 1750.0
350.0 1520.0
351.0 1590.0
352.0 1840.0
353.0 1740.0
354.0 1290.0
355.0 1610.0
356.0 1580.0
357.0 1690.0
358.0 1700.0
359.0 1260.0
360.0 1290.0
361.0 1370.0
362.0 1540.0
363.0 1070.0
364.0 1360.0
365.0 1520.0
366.0 1310.0
367.0 1520.0
368.0 1390.0
369.0 1300.0
370.0 1030.0
371.0 1100.0
372.0 1020.0
373.0 1160.0
374.0 1020.0
375.0 1410.0
376.0 1530.0
377.0 1050.0
378.0 1100.0
379.0 1370.0
380.0 1150.0
381.0 1700.0
382.0 1440.0
383.0 1490.0
384.0 1450.0
385.0 1470.0
386.0 1370.0
387.0 1500.0
388.0 1460.0
389.0 1230.0
390.0 1070.0
391.0 860.0
392.0 853.0
393.0 777.0
394.0 852.0
395.0 1030.0
396.0 1630.0
397.0 1280.0
398.0 1070.0
399.0 1140.0
400.0 864.0
401.0 710.0
402.0 537.0
403.0 491.0
404.0 67.0
405.0 95.0
406.0 103.0
407.0 124.0
408.0 122.0
409.0 114.0
410.0 120.0
411.0 118.0
412.0 108.0
413.0 88.0
414.0 113.0
415.0 122.0
416.0 64.0
417.0 338.0
418.0 304.0
419.0 183.0
420.0 0.0
421.0 0.0
422.0 100.0
423.0 115.0
424.0 77.0
425.0 76.0
426.0 96.0
427.0 105.0
428.0 332.0
429.0 563.0
430.0 559.0
431.0 595.0
432.0 613.0
433.0 583.0
434.0 565.0
435.0 535.0
436.0 634.0
437.0 547.0
438.0 538.0
439.0 1.0
440.0 99.0
441.0 112.0
442.0 10.0
443.0 20.0
444.0 24.0
445.0 156.0
446.0 754.0
447.0 887.0
448.0 947.0
449.0 1010.0
450.0 1160.0
451.0 1170.0
452.0 1020.0
453.0 1000.0
454.0 1100.0
455.0 1150.0
456.0 1060.0
457.0 1320.0
458.0 1110.0
459.0 996.0
460.0 1510.0
461.0 1410.0
462.0 837.0
463.0 1130.0
464.0 1640.0
465.0 1230.0
466.0 1540.0
467.0 1360.0
468.0 1210.0
469.0 1470.0
470.0 1580.0
471.0 1140.0
472.0 1480.0
473.0 999.0
474.0 889.0
475.0 826.0
476.0 806.0
477.0 697.0
478.0 0.0
479.0 9.0
480.0 0.0
481.0 0.0
482.0 115.0
483.0 115.0
484.0 375.0
485.0 581.0
486.0 585.0
487.0 685.0
488.0 747.0
489.0 653.0
490.0 550.0
491.0 1490.0
492.0 1730.0
493.0 1680.0
494.0 1470.0
495.0 1440.0
496.0 1060.0
497.0 1120.0
498.0 780.0
499.0 217.0
500.0 202.0
501.0 82.0
502.0 113.0
503.0 629.0
504.0 918.0
505.0 963.0
506.0 939.0
507.0 925.0
508.0 901.0
509.0 887.0
510.0 902.0
511.0 953.0
512.0 1020.0
513.0 1450.0
514.0 1350.0
515.0 1410.0
516.0 1450.0
517.0 1610.0
518.0 1480.0
519.0 1680.0
520.0 1560.0
521.0 1250.0
522.0 1690.0
523.0 1510.0
524.0 1560.0
525.0 695.0
526.0 13.0
527.0 0.0
528.0 15.0
529.0 76.0
530.0 113.0
531.0 119.0
532.0 23.0
533.0 45.0
534.0 166.0
535.0 291.0
536.0 276.0
537.0 135.0
538.0 39.0
539.0 53.0
540.0 87.0
541.0 22.0
542.0 19.0
543.0 16.0
544.0 44.0
545.0 13.0
546.0 29.0
547.0 17.0
548.0 11.0
549.0 49.0
550.0 43.0
551.0 20.0
552.0 9.0
553.0 11.0
554.0 9.0
555.0 17.0
556.0 14.0
557.0 4.0
558.0 110.0
559.0 103.0
560.0 30.0
561.0 14.0
562.0 28.0
563.0 16.0
564.0 25.0
565.0 16.0
566.0 6.0
567.0 17.0
568.0 13.0
569.0 23.0
570.0 22.0
571.0 11.0
572.0 19.0
573.0 13.0
574.0 3.0
575.0 13.0
576.0 13.0
577.0 32.0
578.0 37.0
579.0 37.0
580.0 15.0
581.0 10.0
582.0 4.0
583.0 19.0
584.0 30.0
585.0 46.0
586.0 23.0
587.0 5.0
588.0 8.0
589.0 23.0
590.0 39.0
591.0 42.0
592.0 2.0
593.0 23.0
594.0 41.0
595.0 33.0
596.0 67.0
597.0 63.0
598.0 11.0
599.0 8.0
600.0 43.0
601.0 41.0
602.0 80.0
603.0 104.0
604.0 110.0
605.0 44.0
606.0 99.0
607.0 77.0
608.0 160.0
609.0 110.0
610.0 132.0
611.0 207.0
612.0 195.0
613.0 25.0
614.0 133.0
615.0 71.0
616.0 65.0
617.0 129.0
618.0 129.0
619.0 112.0
620.0 0.0
621.0 109.0
622.0 85.0
623.0 111.0
624.0 37.0
625.0 112.0
626.0 161.0
627.0 295.0
628.0 443.0
629.0 440.0
630.0 487.0
631.0 505.0
632.0 413.0
633.0 619.0
634.0 753.0
635.0 799.0
636.0 771.0
637.0 982.0
638.0 679.0
639.0 903.0
640.0 1220.0
641.0 1110.0
642.0 1120.0
643.0 1020.0
644.0 685.0
645.0 501.0
646.0 696.0
647.0 907.0
648.0 1150.0
649.0 1120.0
650.0 951.0
651.0 848.0
652.0 1120.0
653.0 1020.0
654.0 1170.0
655.0 910.0
656.0 915.0
657.0 913.0
658.0 1050.0
659.0 1150.0
660.0 1150.0
661.0 872.0
662.0 982.0
663.0 767.0
664.0 398.0
665.0 76.0
666.0 347.0
667.0 809.0
668.0 1040.0
669.0 1240.0
670.0 1150.0
671.0 832.0
672.0 900.0
673.0 938.0
674.0 870.0
675.0 842.0
676.0 928.0
677.0 420.0
678.0 642.0
679.0 820.0
680.0 713.0
681.0 604.0
682.0 847.0
683.0 96.0
684.0 446.0
685.0 310.0
686.0 0.0
687.0 104.0
688.0 81.0
689.0 116.0
690.0 147.0
691.0 688.0
692.0 1510.0
693.0 1390.0
694.0 1600.0
695.0 1630.0
696.0 1690.0
697.0 1400.0
698.0 917.0
699.0 925.0
700.0 1210.0
701.0 568.0
702.0 487.0
703.0 671.0
704.0 886.0
705.0 366.0
706.0 370.0
707.0 13.0
708.0 9.0
709.0 108.0
710.0 114.0
711.0 105.0
712.0 99.0
713.0 105.0
714.0 80.0
715.0 86.0
716.0 122.0
717.0 120.0
718.0 101.0
719.0 109.0
720.0 122.0
721.0 118.0
722.0 118.0
723.0 103.0
724.0 114.0
725.0 106.0
726.0 83.0
727.0 114.0
728.0 104.0
729.0 117.0
730.0 115.0
