1.0 113.0
2.0 100.0
3.0 153.0
4.0 355.0
5.0 479.0
6.0 508.0
7.0 513.0
8.0 518.0
9.0 538.0
10.0 151.0
11.0 439.0
12.0 643.0
13.0 779.0
14.0 1010.0
15.0 950.0
16.0 645.0
17.0 627.0
18.0 797.0
19.0 615.0
20.0 761.0
21.0 815.0
22.0 835.0
23.0 1100.0
24.0 1120.0
25.0 1080.0
26.0 849.0
27.0 748.0
28.0 600.0
29.0 610.0
30.0 635.0
31.0 844.0
32.0 864.0
33.0 785.0
34.0 883.0
35.0 493.0
36.0 124.0
37.0 101.0
38.0 361.0
39.0 751.0
40.0 914.0
41.0 248.0
42.0 121.0
43.0 215.0
44.0 715.0
45.0 767.0
46.0 740.0
47.0 820.0
48.0 794.0
49.0 889.0
50.0 445.0
51.0 104.0
52.0 151.0
53.0 390.0
54.0 340.0
55.0 366.0
56.0 301.0
57.0 190.0
58.0 401.0
59.0 521.0
60.0 376.0
61.0 505.0
62.0 444.0
63.0 442.0
64.0 319.0
65.0 451.0
66.0 559.0
67.0 285.0
68.0 410.0
69.0 579.0
70.0 450.0
71.0 322.0
72.0 334.0
73.0 523.0
74.0 491.0
75.0 397.0
76.0 379.0
77.0 292.0
78.0 490.0
79.0 482.0
80.0 667.0
81.0 572.0
82.0 428.0
83.0 467.0
84.0 470.0
85.0 227.0
86.0 92.0
87.0 422.0
88.0 1150.0
89.0 1110.0
90.0 1110.0
91.0 1330.0
92.0 1100.0
93.0 1430.0
94.0 949.0
95.0 1100.0
96.0 1400.0
97.0 1470.0
98.0 1600.0
99.0 1280.0
100.0 1560.0
101.0 1630.0
102.0 1200.0
103.0 1330.0
104.0 1370.0
105.0 981.0
106.0 1350.0
107.0 324.0
108.0 0.0
109.0 0.0
110.0 0.0
111.0 0.0
112.0 0.0
113.0 0.0
114.0 0.0
115.0 0.0
116.0 0.0
117.0 0.0
118.0 0.0
119.0 0.0
120.0 0.0
121.0 0.0
122.0 0.0
123.0 0.0
124.0 0.0
125.0 0.0
126.0 0.0
127.0 0.0
128.0 0.0
129.0 0.0
130.0 90.0
131.0 102.0
132.0 0.0
133.0 0.0
134.0 0.0
135.0 0.0
136.0 0.0
137.0 0.0
138.0 0.0
139.0 0.0
140.0 144.0
141.0 678.0
142.0 884.0
143.0 742.0
144.0 811.0
145.0 775.0
146.0 124.0
147.0 80.0
148.0 382.0
149.0 566.0
150.0 74.0
151.0 0.0
152.0 0.0
153.0 0.0
154.0 0.0
155.0 0.0
156.0 118.0
157.0 100.0
158.0 110.0
159.0 96.0
160.0 98.0
161.0 113.0
162.0 91.0
163.0 121.0
164.0 121.0
165.0 120.0
166.0 106.0
167.0 108.0
168.0 88.0
169.0 107.0
170.0 94.0
171.0 123.0
172.0 392.0
173.0 670.0
174.0 707.0
175.0 723.0
176.0 746.0
177.0 754.0
178.0 689.0
179.0 414.0
180.0 889.0
181.0 910.0
182.0 913.0
183.0 1070.0
184.0 1090.0
185.0 801.0
186.0 965.0
187.0 1260.0
188.0 1410.0
189.0 1180.0
190.0 1210.0
191.0 1160.0
192.0 1260.0
193.0 1100.0
194.0 941.0
195.0 1120.0
196.0 1040.0
197.0 1230.0
198.0 1200.0
199.0 1010.0
200.0 1090.0
201.0 1090.0
202.0 1070.0
203.0 1260.0
204.0 1370.0
205.0 1170.0
206.0 1180.0
207.0 1180.0
208.0 1040.0
209.0 1110.0
210.0 1000.0
211.0 1190.0
212.0 1270.0
213.0 1010.0
214.0 414.0
215.0 112.0
216.0 117.0
217.0 125.0
218.0 111.0
219.0 95.0
220.0 115.0
221.0 123.0
222.0 571.0
223.0 803.0
224.0 814.0
225.0 811.0
226.0 899.0
227.0 995.0
228.0 767.0
229.0 223.0
230.0 523.0
231.0 837.0
232.0 671.0
233.0 822.0
234.0 45.0
235.0 143.0
236.0 105.0
237.0 114.0
238.0 126.0
239.0 134.0
240.0 137.0
241.0 136.0
242.0 123.0
243.0 119.0
244.0 129.0
245.0 131.0
246.0 97.0
247.0 108.0
248.0 110.0
249.0 147.0
250.0 114.0
251.0 128.0
252.0 128.0
253.0 138.0
254.0 132.0
255.0 127.0
256.0 62.0
257.0 115.0
258.0 272.0
259.0 648.0
260.0 794.0
261.0 709.0
262.0 1020.0
263.0 971.0
264.0 790.0
265.0 1000.0
266.0 1060.0
267.0 1090.0
268.0 1170.0
269.0 1140.0
270.0 1310.0
271.0 422.0
272.0 121.0
273.0 336.0
274.0 1050.0
275.0 886.0
276.0 1120.0
277.0 1200.0
278.0 1360.0
279.0 1300.0
280.0 1410.0
281.0 1270.0
282.0 1300.0
283.0 1220.0
284.0 1300.0
285.0 1080.0
286.0 1330.0
287.0 1370.0
288.0 1170.0
289.0 1100.0
290.0 1140.0
291.0 1080.0
292.0 1080.0
293.0 1350.0
294.0 1780.0
295.0 1270.0
296.0 1350.0
297.0 1300.0
298.0 1280.0
299.0 1180.0
300.0 890.0
301.0 1390.0
302.0 1270.0
303.0 518.0
304.0 111.0
305.0 106.0
306.0 1410.0
307.0 1430.0
308.0 1300.0
309.0 1110.0
310.0 123.0
311.0 89.0
312.0 1500.0
313.0 1750.0
314.0 1770.0
315.0 1730.0
316.0 1780.0
317.0 1670.0
318.0 1790.0
319.0 1720.0
320.0 1610.0
321.0 1780.0
322.0 1670.0
323.0 1800.0
324.0 1540.0
325.0 1640.0
326.0 1620.0
327.0 1560.0
328.0 1580.0
329.0 1500.0
330.0 1660.0
331.0 1540.0
332.0 1340.0
333.0 101.0
334.0 124.0
335.0 823.0
336.0 1000.0
337.0 1350.0
338.0 1380.0
339.0 1400.0
340.0 1150.0
341.0 1160.0
342.0 1180.0
343.0 1500.0
344.0 1450.0
345.0 1270.0
346.0 1020.0
347.0 931.0
348.0 1010.0
349.0 1170.0
350.0 1130.0
351.0 1300.0
352.0 1000.0
353.0 937.0
354.0 1010.0
355.0 1230.0
356.0 890.0
357.0 74.0
358.0 259.0
359.0 62.0
360.0 113.0
361.0 97.0
362.0 114.0
363.0 109.0
364.0 125.0
365.0 121.0
366.0 121.0
367.0 118.0
368.0 123.0
369.0 114.0
370.0 97.0
371.0 1.0
372.0 99.0
373.0 103.0
374.0 53.0
375.0 33.0
376.0 22.0
377.0 60.0
378.0 12.0
379.0 7.0
380.0 14.0
381.0 10.0
382.0 83.0
383.0 26.0
384.0 20.0
385.0 23.0
386.0 112.0
387.0 124.0
388.0 123.0
389.0 195.0
390.0 221.0
391.0 270.0
392.0 368.0
393.0 516.0
394.0 624.0
395.0 703.0
396.0 714.0
397.0 413.0
398.0 711.0
399.0 385.0
400.0 121.0
401.0 419.0
402.0 964.0
403.0 1150.0
404.0 836.0
405.0 1120.0
406.0 969.0
407.0 1160.0
408.0 1030.0
409.0 789.0
410.0 910.0
411.0 1080.0
412.0 1150.0
413.0 1100.0
414.0 1120.0
415.0 1110.0
416.0 884.0
417.0 1300.0
418.0 1250.0
419.0 992.0
420.0 1110.0
421.0 1180.0
422.0 1100.0
423.0 1110.0
424.0 1180.0
425.0 1060.0
426.0 1040.0
427.0 1120.0
428.0 1130.0
429.0 1170.0
430.0 1030.0
431.0 892.0
432.0 886.0
433.0 768.0
434.0 270.0
435.0 0.0
436.0 0.0
437.0 76.0
438.0 120.0
439.0 120.0
440.0 146.0
441.0 341.0
442.0 374.0
443.0 393.0
444.0 86.0
445.0 68.0
446.0 0.0
447.0 0.0
448.0 7.0
449.0 120.0
450.0 98.0
451.0 92.0
452.0 119.0
453.0 115.0
454.0 115.0
455.0 117.0
456.0 113.0
457.0 125.0
458.0 79.0
459.0 81.0
460.0 145.0
461.0 16.0
462.0 19.0
463.0 5.0
464.0 1.0
465.0 85.0
466.0 99.0
467.0 93.0
468.0 125.0
469.0 105.0
470.0 89.0
471.0 120.0
472.0 121.0
473.0 105.0
474.0 98.0
475.0 105.0
476.0 88.0
477.0 122.0
478.0 114.0
479.0 11.0
480.0 12.0
481.0 12.0
482.0 118.0
483.0 101.0
484.0 123.0
485.0 96.0
486.0 222.0
487.0 337.0
488.0 376.0
489.0 482.0
490.0 474.0
491.0 498.0
492.0 503.0
493.0 582.0
494.0 669.0
495.0 539.0
496.0 409.0
497.0 0.0
498.0 0.0
499.0 124.0
500.0 124.0
501.0 118.0
502.0 198.0
503.0 431.0
504.0 392.0
505.0 346.0
506.0 352.0
507.0 463.0
508.0 477.0
509.0 276.0
510.0 564.0
511.0 522.0
512.0 531.0
513.0 579.0
514.0 622.0
515.0 645.0
516.0 644.0
517.0 612.0
518.0 546.0
519.0 557.0
520.0 676.0
521.0 653.0
522.0 776.0
523.0 800.0
524.0 705.0
525.0 671.0
526.0 710.0
527.0 885.0
528.0 940.0
529.0 914.0
530.0 855.0
531.0 965.0
532.0 910.0
533.0 1010.0
534.0 825.0
535.0 817.0
536.0 791.0
537.0 1040.0
538.0 980.0
539.0 889.0
540.0 804.0
541.0 147.0
542.0 316.0
543.0 516.0
544.0 422.0
545.0 16.0
546.0 23.0
547.0 0.0
548.0 107.0
549.0 109.0
550.0 457.0
551.0 603.0
552.0 622.0
553.0 611.0
554.0 677.0
555.0 772.0
556.0 758.0
557.0 822.0
558.0 854.0
559.0 835.0
560.0 494.0
561.0 802.0
562.0 961.0
563.0 1040.0
564.0 1020.0
565.0 931.0
566.0 930.0
567.0 987.0
568.0 869.0
569.0 122.0
570.0 108.0
571.0 388.0
572.0 905.0
573.0 1140.0
574.0 1030.0
575.0 989.0
576.0 931.0
577.0 936.0
578.0 998.0
579.0 1000.0
580.0 974.0
581.0 1060.0
582.0 1190.0
583.0 1080.0
584.0 1130.0
585.0 955.0
586.0 943.0
587.0 881.0
588.0 846.0
589.0 793.0
590.0 769.0
591.0 828.0
592.0 115.0
593.0 0.0
594.0 112.0
595.0 122.0
596.0 446.0
597.0 486.0
598.0 433.0
599.0 89.0
600.0 52.0
601.0 409.0
602.0 414.0
603.0 35.0
604.0 356.0
605.0 448.0
606.0 327.0
607.0 402.0
608.0 568.0
609.0 485.0
610.0 271.0
611.0 466.0
612.0 444.0
613.0 421.0
614.0 495.0
615.0 535.0
616.0 98.0
617.0 113.0
618.0 119.0
619.0 123.0
620.0 6.0
621.0 107.0
622.0 5.0
623.0 0.0
624.0 0.0
625.0 0.0
626.0 122.0
627.0 116.0
628.0 9.0
629.0 0.0
630.0 108.0
631.0 93.0
632.0 176.0
633.0 307.0
634.0 388.0
635.0 388.0
636.0 405.0
637.0 413.0
638.0 453.0
639.0 455.0
640.0 374.0
641.0 0.0
642.0 0.0
643.0 119.0
644.0 108.0
645.0 121.0
646.0 161.0
647.0 173.0
648.0 186.0
649.0 256.0
650.0 361.0
651.0 477.0
652.0 457.0
653.0 532.0
654.0 538.0
655.0 443.0
656.0 471.0
657.0 527.0
658.0 496.0
659.0 164.0
660.0 50.0
661.0 91.0
662.0 435.0
663.0 396.0
664.0 184.0
665.0 599.0
666.0 556.0
667.0 649.0
668.0 576.0
669.0 204.0
670.0 167.0
671.0 607.0
672.0 585.0
673.0 614.0
674.0 598.0
675.0 605.0
676.0 611.0
677.0 470.0
678.0 588.0
679.0 607.0
680.0 643.0
681.0 626.0
682.0 551.0
683.0 614.0
684.0 674.0
685.0 739.0
686.0 713.0
687.0 628.0
688.0 721.0
689.0 702.0
690.0 582.0
691.0 472.0
692.0 741.0
693.0 387.0
694.0 693.0
695.0 616.0
696.0 670.0
697.0 674.0
698.0 702.0
699.0 517.0
700.0 901.0
701.0 861.0
702.0 851.0
703.0 737.0
704.0 822.0
705.0 885.0
706.0 959.0
707.0 906.0
708.0 944.0
709.0 961.0
710.0 373.0
711.0 717.0
712.0 270.0
713.0 24.0
714.0 92.0
715.0 723.0
716.0 905.0
717.0 831.0
718.0 673.0
719.0 766.0
720.0 823.0
721.0 826.0
722.0 196.0
723.0 585.0
724.0 790.0
725.0 758.0
726.0 724.0
727.0 108.0
728.0 260.0
729.0 548.0
730.0 371.0
731.0 5.0
732.0 147.0
733.0 97.0
734.0 12.0
735.0 7.0
736.0 49.0
737.0 281.0
738.0 450.0
739.0 102.0
740.0 4.0
741.0 0.0
742.0 97.0
743.0 107.0
744.0 454.0
745.0 876.0
746.0 1070.0
747.0 1190.0
748.0 958.0
749.0 1110.0
750.0 1160.0
751.0 1070.0
752.0 1130.0
753.0 1080.0
754.0 1190.0
755.0 1170.0
756.0 1020.0
757.0 901.0
758.0 940.0
759.0 956.0
760.0 125.0
761.0 6.0
762.0 0.0
763.0 0.0
764.0 0.0
765.0 100.0
766.0 79.0
767.0 91.0
768.0 109.0
769.0 82.0
770.0 112.0
771.0 111.0
772.0 109.0
773.0 106.0
774.0 97.0
775.0 104.0
776.0 122.0
777.0 122.0
778.0 118.0
779.0 112.0
780.0 85.0
781.0 120.0
782.0 104.0
783.0 0.0
784.0 0.0
785.0 21.0
786.0 125.0
787.0 239.0
788.0 476.0
789.0 492.0
790.0 482.0
791.0 574.0
