1.0 1050.0
2.0 645.0
3.0 595.0
4.0 734.0
5.0 627.0
6.0 940.0
7.0 741.0
8.0 548.0
9.0 779.0
10.0 805.0
11.0 564.0
12.0 697.0
13.0 584.0
14.0 768.0
15.0 110.0
16.0 119.0
17.0 699.0
18.0 696.0
19.0 797.0
20.0 828.0
21.0 842.0
22.0 926.0
23.0 818.0
24.0 782.0
25.0 752.0
26.0 635.0
27.0 683.0
28.0 573.0
29.0 570.0
30.0 960.0
31.0 1030.0
32.0 1070.0
33.0 810.0
34.0 960.0
35.0 760.0
36.0 534.0
37.0 112.0
38.0 82.0
39.0 500.0
40.0 881.0
41.0 976.0
42.0 1010.0
43.0 864.0
44.0 951.0
45.0 929.0
46.0 1020.0
47.0 777.0
48.0 1130.0
49.0 1120.0
50.0 1040.0
51.0 1260.0
52.0 1030.0
53.0 694.0
54.0 113.0
55.0 94.0
56.0 140.0
57.0 167.0
58.0 21.0
59.0 0.0
60.0 0.0
61.0 0.0
62.0 0.0
63.0 106.0
64.0 123.0
65.0 354.0
66.0 508.0
67.0 511.0
68.0 537.0
69.0 553.0
70.0 556.0
71.0 577.0
72.0 521.0
73.0 396.0
74.0 585.0
75.0 524.0
76.0 678.0
77.0 833.0
78.0 1110.0
79.0 1420.0
80.0 1150.0
81.0 868.0
82.0 591.0
83.0 124.0
84.0 131.0
85.0 759.0
86.0 981.0
87.0 1340.0
88.0 1160.0
89.0 1130.0
90.0 1360.0
91.0 975.0
92.0 1210.0
93.0 1370.0
94.0 1340.0
95.0 1520.0
96.0 1610.0
97.0 1580.0
98.0 1620.0
99.0 1480.0
100.0 872.0
101.0 0.0
102.0 0.0
103.0 0.0
104.0 0.0
105.0 0.0
106.0 0.0
107.0 0.0
108.0 0.0
109.0 0.0
110.0 0.0
111.0 0.0
112.0 0.0
113.0 0.0
114.0 0.0
115.0 122.0
116.0 113.0
117.0 2.0
118.0 68.0
119.0 107.0
120.0 230.0
121.0 511.0
122.0 702.0
123.0 753.0
124.0 646.0
125.0 713.0
126.0 626.0
127.0 639.0
128.0 811.0
129.0 720.0
130.0 761.0
131.0 930.0
132.0 1020.0
133.0 956.0
134.0 914.0
135.0 974.0
136.0 716.0
137.0 171.0
138.0 616.0
139.0 82.0
140.0 115.0
141.0 592.0
142.0 843.0
143.0 887.0
144.0 960.0
145.0 1060.0
146.0 1480.0
147.0 1140.0
148.0 1400.0
149.0 1400.0
150.0 1020.0
151.0 1140.0
152.0 1320.0
153.0 383.0
154.0 90.0
155.0 123.0
156.0 107.0
157.0 371.0
158.0 694.0
159.0 691.0
160.0 774.0
161.0 780.0
162.0 613.0
163.0 601.0
164.0 273.0
165.0 332.0
166.0 18.0
167.0 12.0
168.0 474.0
169.0 541.0
170.0 30.0
171.0 249.0
172.0 209.0
173.0 231.0
174.0 436.0
175.0 453.0
176.0 338.0
177.0 517.0
178.0 71.0
179.0 225.0
180.0 262.0
181.0 324.0
182.0 99.0
183.0 173.0
184.0 228.0
185.0 467.0
186.0 565.0
187.0 395.0
188.0 68.0
189.0 326.0
190.0 152.0
191.0 220.0
192.0 321.0
193.0 162.0
194.0 289.0
195.0 334.0
196.0 95.0
197.0 322.0
198.0 244.0
199.0 246.0
200.0 355.0
201.0 361.0
202.0 491.0
203.0 468.0
204.0 591.0
205.0 636.0
206.0 658.0
207.0 125.0
208.0 88.0
209.0 77.0
210.0 119.0
211.0 97.0
212.0 113.0
213.0 92.0
214.0 154.0
215.0 448.0
216.0 90.0
217.0 123.0
218.0 94.0
219.0 148.0
220.0 591.0
221.0 675.0
222.0 748.0
223.0 689.0
224.0 680.0
225.0 757.0
226.0 612.0
227.0 681.0
228.0 860.0
229.0 953.0
230.0 1070.0
231.0 680.0
232.0 855.0
233.0 846.0
234.0 853.0
235.0 821.0
236.0 854.0
237.0 989.0
238.0 1400.0
239.0 1150.0
240.0 1550.0
241.0 1360.0
242.0 1420.0
243.0 1210.0
244.0 1030.0
245.0 1110.0
246.0 995.0
247.0 875.0
248.0 1090.0
249.0 1020.0
250.0 938.0
251.0 1080.0
252.0 1020.0
253.0 1140.0
254.0 1080.0
255.0 1010.0
256.0 1140.0
257.0 1130.0
258.0 1180.0
259.0 1270.0
260.0 1010.0
261.0 1140.0
262.0 1270.0
263.0 1250.0
264.0 1230.0
265.0 1130.0
266.0 1240.0
267.0 1150.0
268.0 123.0
269.0 92.0
270.0 547.0
271.0 917.0
272.0 1190.0
273.0 1150.0
274.0 1340.0
275.0 1260.0
276.0 1300.0
277.0 1290.0
278.0 1210.0
279.0 1160.0
280.0 1340.0
281.0 1230.0
282.0 1180.0
283.0 1060.0
284.0 1170.0
285.0 1100.0
286.0 1070.0
287.0 1360.0
288.0 1160.0
289.0 1670.0
290.0 1230.0
291.0 1140.0
292.0 1340.0
293.0 1460.0
294.0 1580.0
295.0 1240.0
296.0 1330.0
297.0 1250.0
298.0 1080.0
299.0 1090.0
300.0 614.0
301.0 122.0
302.0 116.0
303.0 555.0
304.0 879.0
305.0 622.0
306.0 1010.0
307.0 958.0
308.0 246.0
309.0 98.0
310.0 78.0
311.0 144.0
312.0 604.0
313.0 1070.0
314.0 1640.0
315.0 1690.0
316.0 1780.0
317.0 1550.0
318.0 1620.0
319.0 1790.0
320.0 1780.0
321.0 1590.0
322.0 1530.0
323.0 1040.0
324.0 1820.0
325.0 1090.0
326.0 117.0
327.0 200.0
328.0 1330.0
329.0 1450.0
330.0 1260.0
331.0 1290.0
332.0 1420.0
333.0 1570.0
334.0 1570.0
335.0 1290.0
336.0 1360.0
337.0 1260.0
338.0 1200.0
339.0 1200.0
340.0 691.0
341.0 711.0
342.0 648.0
343.0 724.0
344.0 609.0
345.0 959.0
346.0 673.0
347.0 2.0
348.0 0.0
349.0 0.0
350.0 82.0
351.0 124.0
352.0 95.0
353.0 117.0
354.0 22.0
355.0 29.0
356.0 0.0
357.0 0.0
358.0 102.0
359.0 101.0
360.0 101.0
361.0 119.0
362.0 125.0
363.0 117.0
364.0 565.0
365.0 446.0
366.0 771.0
367.0 845.0
368.0 1230.0
369.0 1180.0
370.0 1030.0
371.0 914.0
372.0 1140.0
373.0 1020.0
374.0 885.0
375.0 839.0
376.0 6.0
377.0 0.0
378.0 0.0
379.0 0.0
380.0 104.0
381.0 111.0
382.0 376.0
383.0 1080.0
384.0 1110.0
385.0 1110.0
386.0 1070.0
387.0 964.0
388.0 1110.0
389.0 684.0
390.0 1110.0
391.0 1360.0
392.0 1240.0
393.0 1250.0
394.0 1220.0
395.0 743.0
396.0 116.0
397.0 124.0
398.0 100.0
399.0 304.0
400.0 100.0
401.0 221.0
402.0 223.0
403.0 3.0
404.0 0.0
405.0 0.0
406.0 0.0
407.0 0.0
408.0 116.0
409.0 121.0
410.0 125.0
411.0 83.0
412.0 105.0
413.0 110.0
414.0 95.0
415.0 106.0
416.0 118.0
417.0 113.0
418.0 89.0
419.0 117.0
420.0 120.0
421.0 94.0
422.0 97.0
423.0 293.0
424.0 790.0
425.0 926.0
426.0 753.0
427.0 750.0
428.0 460.0
429.0 0.0
430.0 0.0
431.0 0.0
432.0 2.0
433.0 112.0
434.0 104.0
435.0 95.0
436.0 140.0
437.0 16.0
438.0 30.0
439.0 73.0
440.0 11.0
441.0 22.0
442.0 19.0
443.0 141.0
444.0 10.0
445.0 3.0
446.0 94.0
447.0 105.0
448.0 120.0
449.0 118.0
450.0 98.0
451.0 119.0
452.0 123.0
453.0 109.0
454.0 390.0
455.0 498.0
456.0 680.0
457.0 574.0
458.0 641.0
459.0 673.0
460.0 608.0
461.0 606.0
462.0 601.0
463.0 878.0
464.0 566.0
465.0 902.0
466.0 842.0
467.0 756.0
468.0 776.0
469.0 701.0
470.0 694.0
471.0 759.0
472.0 725.0
473.0 861.0
474.0 725.0
475.0 794.0
476.0 1090.0
477.0 1220.0
478.0 973.0
479.0 997.0
480.0 666.0
481.0 697.0
482.0 837.0
483.0 324.0
484.0 5.0
485.0 300.0
486.0 608.0
487.0 1070.0
488.0 1230.0
489.0 689.0
490.0 1350.0
491.0 1190.0
492.0 1170.0
493.0 1390.0
494.0 1190.0
495.0 1320.0
496.0 1130.0
497.0 1360.0
498.0 1450.0
499.0 1370.0
500.0 1410.0
501.0 1320.0
502.0 1150.0
503.0 1410.0
504.0 1360.0
505.0 1560.0
506.0 1370.0
507.0 1470.0
508.0 1550.0
509.0 1500.0
510.0 1400.0
511.0 1440.0
512.0 1390.0
513.0 1470.0
514.0 1430.0
515.0 1370.0
516.0 1360.0
517.0 1240.0
518.0 1180.0
519.0 1250.0
520.0 1170.0
521.0 963.0
522.0 1010.0
523.0 926.0
524.0 550.0
525.0 631.0
526.0 356.0
527.0 43.0
528.0 3.0
529.0 150.0
530.0 116.0
531.0 839.0
532.0 1100.0
533.0 924.0
534.0 1170.0
535.0 1230.0
536.0 1160.0
537.0 1110.0
538.0 1240.0
539.0 1390.0
540.0 1120.0
541.0 1350.0
542.0 1210.0
543.0 1070.0
544.0 1080.0
545.0 1090.0
546.0 1270.0
547.0 1390.0
548.0 1500.0
549.0 948.0
550.0 1140.0
551.0 1370.0
552.0 679.0
553.0 85.0
554.0 615.0
555.0 809.0
556.0 1400.0
557.0 1270.0
558.0 1450.0
559.0 1340.0
560.0 1500.0
561.0 1340.0
562.0 1230.0
563.0 1500.0
564.0 1370.0
565.0 1650.0
566.0 1310.0
567.0 1670.0
568.0 1680.0
569.0 1440.0
570.0 1370.0
571.0 1190.0
572.0 1170.0
573.0 1250.0
574.0 1230.0
575.0 807.0
576.0 660.0
577.0 199.0
578.0 394.0
579.0 279.0
580.0 41.0
581.0 25.0
582.0 38.0
583.0 34.0
584.0 122.0
585.0 89.0
586.0 76.0
587.0 262.0
588.0 165.0
589.0 89.0
590.0 329.0
591.0 95.0
592.0 103.0
593.0 279.0
594.0 409.0
595.0 388.0
596.0 407.0
597.0 429.0
598.0 528.0
599.0 591.0
600.0 317.0
601.0 338.0
602.0 498.0
603.0 543.0
604.0 224.0
605.0 0.0
606.0 125.0
607.0 82.0
608.0 120.0
609.0 152.0
610.0 93.0
611.0 117.0
612.0 111.0
613.0 119.0
614.0 123.0
615.0 99.0
616.0 106.0
617.0 348.0
618.0 511.0
619.0 677.0
620.0 201.0
621.0 119.0
622.0 116.0
623.0 364.0
624.0 552.0
625.0 569.0
626.0 552.0
627.0 348.0
628.0 736.0
629.0 616.0
630.0 579.0
631.0 598.0
632.0 694.0
633.0 703.0
634.0 730.0
635.0 667.0
636.0 778.0
637.0 228.0
638.0 176.0
639.0 529.0
640.0 633.0
641.0 610.0
642.0 625.0
643.0 666.0
644.0 570.0
645.0 0.0
646.0 119.0
647.0 111.0
648.0 562.0
649.0 466.0
650.0 481.0
651.0 368.0
652.0 536.0
653.0 570.0
654.0 636.0
655.0 565.0
656.0 676.0
657.0 613.0
658.0 575.0
659.0 674.0
660.0 613.0
661.0 647.0
662.0 704.0
663.0 658.0
664.0 772.0
665.0 815.0
666.0 732.0
667.0 812.0
668.0 811.0
669.0 923.0
670.0 841.0
671.0 769.0
672.0 1090.0
673.0 1140.0
674.0 1310.0
675.0 1270.0
676.0 1240.0
677.0 1070.0
678.0 1480.0
679.0 1040.0
680.0 1290.0
681.0 953.0
682.0 1290.0
683.0 1260.0
684.0 1560.0
685.0 971.0
686.0 698.0
687.0 1070.0
688.0 1330.0
689.0 1290.0
690.0 1480.0
691.0 1360.0
692.0 714.0
693.0 1360.0
694.0 871.0
695.0 98.0
696.0 94.0
697.0 782.0
698.0 859.0
699.0 1010.0
700.0 1170.0
701.0 1090.0
702.0 908.0
703.0 886.0
704.0 1200.0
705.0 1130.0
706.0 1200.0
707.0 1500.0
708.0 1080.0
709.0 1440.0
710.0 1140.0
711.0 1520.0
712.0 866.0
713.0 915.0
714.0 1060.0
715.0 1480.0
716.0 1310.0
717.0 1360.0
718.0 1320.0
719.0 870.0
720.0 1450.0
721.0 1340.0
722.0 1010.0
723.0 1350.0
724.0 1360.0
725.0 1230.0
726.0 1180.0
727.0 1370.0
728.0 1500.0
729.0 1340.0
730.0 1390.0
731.0 1100.0
732.0 1120.0
733.0 1430.0
734.0 1170.0
735.0 1250.0
736.0 1160.0
737.0 1320.0
738.0 1190.0
739.0 1240.0
740.0 1300.0
741.0 543.0
742.0 919.0
743.0 992.0
744.0 873.0
745.0 974.0
746.0 800.0
747.0 945.0
748.0 1090.0
749.0 1080.0
750.0 999.0
751.0 935.0
752.0 1080.0
753.0 841.0
754.0 909.0
755.0 1030.0
756.0 629.0
757.0 107.0
758.0 111.0
759.0 617.0
760.0 785.0
761.0 847.0
762.0 984.0
763.0 881.0
764.0 852.0
765.0 994.0
766.0 882.0
767.0 991.0
768.0 997.0
769.0 475.0
770.0 912.0
771.0 978.0
772.0 965.0
773.0 989.0
774.0 805.0
775.0 153.0
776.0 58.0
777.0 305.0
778.0 192.0
779.0 475.0
780.0 99.0
781.0 102.0
782.0 9.0
783.0 60.0
