1.0 280.0
2.0 294.0
3.0 307.0
4.0 394.0
5.0 320.0
6.0 345.0
7.0 427.0
8.0 424.0
9.0 393.0
10.0 441.0
11.0 383.0
12.0 380.0
13.0 464.0
14.0 377.0
15.0 390.0
16.0 380.0
17.0 535.0
18.0 557.0
19.0 369.0
20.0 577.0
21.0 359.0
22.0 542.0
23.0 508.0
24.0 615.0
25.0 638.0
26.0 533.0
27.0 593.0
28.0 458.0
29.0 310.0
30.0 560.0
31.0 477.0
32.0 469.0
33.0 283.0
34.0 194.0
35.0 120.0
36.0 85.0
37.0 98.0
38.0 343.0
39.0 412.0
40.0 357.0
41.0 324.0
42.0 427.0
43.0 380.0
44.0 357.0
45.0 446.0
46.0 369.0
47.0 315.0
48.0 343.0
49.0 357.0
50.0 335.0
51.0 312.0
52.0 503.0
53.0 151.0
54.0 94.0
55.0 267.0
56.0 337.0
57.0 433.0
58.0 627.0
59.0 560.0
60.0 639.0
61.0 567.0
62.0 306.0
63.0 449.0
64.0 514.0
65.0 501.0
66.0 509.0
67.0 631.0
68.0 585.0
69.0 568.0
70.0 576.0
71.0 556.0
72.0 602.0
73.0 591.0
74.0 632.0
75.0 639.0
76.0 625.0
77.0 481.0
78.0 223.0
79.0 404.0
80.0 420.0
81.0 103.0
82.0 101.0
83.0 103.0
84.0 108.0
85.0 107.0
86.0 104.0
87.0 124.0
88.0 115.0
89.0 98.0
90.0 125.0
91.0 123.0
92.0 102.0
93.0 122.0
94.0 111.0
95.0 119.0
96.0 124.0
97.0 115.0
98.0 112.0
99.0 125.0
100.0 120.0
101.0 125.0
102.0 118.0
103.0 102.0
104.0 110.0
105.0 107.0
106.0 108.0
107.0 125.0
108.0 112.0
109.0 94.0
110.0 118.0
111.0 119.0
112.0 124.0
113.0 171.0
114.0 70.0
115.0 69.0
116.0 197.0
117.0 346.0
118.0 383.0
119.0 312.0
120.0 278.0
121.0 361.0
122.0 399.0
123.0 397.0
124.0 338.0
125.0 190.0
126.0 239.0
127.0 355.0
128.0 429.0
129.0 413.0
130.0 360.0
131.0 330.0
132.0 377.0
133.0 458.0
134.0 500.0
135.0 481.0
136.0 422.0
137.0 418.0
138.0 668.0
139.0 537.0
140.0 402.0
141.0 339.0
142.0 124.0
143.0 111.0
144.0 123.0
145.0 121.0
146.0 105.0
147.0 122.0
148.0 99.0
149.0 118.0
150.0 105.0
151.0 121.0
152.0 89.0
153.0 102.0
154.0 111.0
155.0 80.0
156.0 120.0
157.0 113.0
158.0 114.0
159.0 118.0
160.0 106.0
161.0 120.0
162.0 120.0
163.0 89.0
164.0 119.0
165.0 101.0
166.0 75.0
167.0 123.0
168.0 102.0
169.0 115.0
170.0 108.0
171.0 106.0
172.0 120.0
173.0 149.0
174.0 66.0
175.0 66.0
176.0 95.0
177.0 34.0
178.0 67.0
179.0 25.0
180.0 5.0
181.0 4.0
182.0 5.0
183.0 15.0
184.0 14.0
185.0 13.0
186.0 9.0
187.0 38.0
188.0 3.0
189.0 9.0
190.0 13.0
191.0 13.0
192.0 17.0
193.0 17.0
194.0 15.0
195.0 13.0
196.0 16.0
197.0 0.0
198.0 0.0
199.0 8.0
200.0 0.0
201.0 5.0
202.0 19.0
203.0 5.0
204.0 4.0
205.0 5.0
206.0 2.0
207.0 7.0
208.0 8.0
209.0 11.0
210.0 8.0
211.0 27.0
212.0 22.0
213.0 12.0
214.0 14.0
215.0 17.0
216.0 21.0
217.0 36.0
218.0 6.0
219.0 14.0
220.0 40.0
221.0 1.0
222.0 88.0
223.0 109.0
224.0 69.0
225.0 133.0
226.0 197.0
227.0 285.0
228.0 307.0
229.0 302.0
230.0 332.0
231.0 350.0
232.0 278.0
233.0 359.0
234.0 362.0
235.0 336.0
236.0 336.0
237.0 395.0
238.0 339.0
239.0 323.0
240.0 312.0
241.0 361.0
242.0 530.0
243.0 350.0
244.0 465.0
245.0 98.0
246.0 74.0
247.0 351.0
248.0 349.0
249.0 198.0
250.0 4.0
251.0 24.0
252.0 15.0
253.0 297.0
254.0 390.0
255.0 242.0
256.0 302.0
257.0 331.0
258.0 381.0
259.0 342.0
260.0 57.0
261.0 157.0
262.0 62.0
263.0 31.0
264.0 134.0
265.0 15.0
266.0 49.0
267.0 15.0
268.0 34.0
269.0 31.0
270.0 125.0
271.0 95.0
272.0 230.0
273.0 293.0
274.0 280.0
275.0 307.0
276.0 313.0
277.0 305.0
278.0 322.0
279.0 304.0
280.0 320.0
281.0 340.0
282.0 339.0
283.0 344.0
284.0 417.0
285.0 364.0
286.0 401.0
287.0 442.0
288.0 384.0
289.0 441.0
290.0 423.0
291.0 408.0
292.0 471.0
293.0 625.0
294.0 452.0
295.0 310.0
296.0 486.0
297.0 644.0
298.0 626.0
299.0 562.0
300.0 359.0
301.0 11.0
302.0 0.0
303.0 0.0
304.0 0.0
305.0 0.0
306.0 81.0
307.0 103.0
308.0 113.0
309.0 287.0
310.0 355.0
311.0 363.0
312.0 371.0
313.0 226.0
314.0 4.0
315.0 0.0
316.0 88.0
317.0 83.0
318.0 0.0
319.0 34.0
320.0 354.0
321.0 457.0
322.0 490.0
323.0 543.0
324.0 433.0
325.0 412.0
326.0 607.0
327.0 459.0
328.0 372.0
329.0 331.0
330.0 416.0
331.0 132.0
332.0 212.0
333.0 197.0
334.0 11.0
335.0 0.0
336.0 0.0
337.0 1.0
338.0 4.0
339.0 3.0
340.0 117.0
341.0 109.0
342.0 244.0
343.0 313.0
344.0 342.0
345.0 337.0
346.0 333.0
347.0 354.0
348.0 360.0
349.0 339.0
350.0 345.0
351.0 429.0
352.0 364.0
353.0 397.0
354.0 372.0
355.0 380.0
356.0 326.0
357.0 341.0
358.0 319.0
359.0 334.0
360.0 618.0
361.0 601.0
362.0 556.0
363.0 663.0
364.0 692.0
365.0 683.0
366.0 450.0
367.0 338.0
368.0 355.0
369.0 457.0
370.0 645.0
371.0 621.0
372.0 654.0
373.0 676.0
374.0 710.0
375.0 667.0
376.0 666.0
377.0 650.0
378.0 665.0
379.0 674.0
380.0 731.0
381.0 737.0
382.0 640.0
383.0 544.0
384.0 370.0
385.0 492.0
386.0 411.0
387.0 620.0
388.0 641.0
389.0 694.0
390.0 505.0
391.0 659.0
392.0 681.0
393.0 700.0
394.0 754.0
395.0 702.0
396.0 665.0
397.0 707.0
398.0 798.0
399.0 727.0
400.0 679.0
401.0 682.0
402.0 667.0
403.0 668.0
404.0 647.0
405.0 405.0
406.0 328.0
407.0 398.0
408.0 389.0
409.0 349.0
410.0 417.0
411.0 346.0
412.0 379.0
413.0 656.0
414.0 443.0
415.0 416.0
416.0 636.0
417.0 608.0
418.0 286.0
419.0 86.0
420.0 357.0
421.0 71.0
422.0 19.0
423.0 4.0
424.0 2.0
425.0 95.0
426.0 114.0
427.0 122.0
428.0 120.0
429.0 118.0
430.0 61.0
431.0 157.0
432.0 194.0
433.0 251.0
434.0 275.0
435.0 302.0
436.0 316.0
437.0 367.0
438.0 411.0
439.0 353.0
440.0 401.0
441.0 398.0
442.0 319.0
443.0 312.0
444.0 320.0
445.0 427.0
446.0 617.0
447.0 635.0
448.0 520.0
449.0 503.0
450.0 336.0
451.0 339.0
452.0 619.0
453.0 619.0
454.0 581.0
455.0 646.0
456.0 671.0
457.0 688.0
458.0 338.0
459.0 553.0
460.0 605.0
461.0 638.0
462.0 652.0
463.0 675.0
464.0 695.0
465.0 664.0
466.0 507.0
467.0 472.0
468.0 499.0
469.0 561.0
470.0 644.0
471.0 681.0
472.0 661.0
473.0 609.0
474.0 621.0
475.0 548.0
476.0 672.0
477.0 637.0
478.0 610.0
479.0 652.0
480.0 599.0
481.0 618.0
482.0 641.0
483.0 471.0
484.0 556.0
485.0 698.0
486.0 652.0
487.0 683.0
488.0 666.0
489.0 679.0
490.0 687.0
491.0 653.0
492.0 672.0
493.0 670.0
494.0 683.0
495.0 684.0
496.0 701.0
497.0 707.0
498.0 702.0
499.0 591.0
500.0 444.0
501.0 484.0
502.0 652.0
503.0 673.0
504.0 671.0
505.0 580.0
506.0 679.0
507.0 439.0
508.0 99.0
509.0 121.0
510.0 118.0
511.0 104.0
512.0 113.0
513.0 93.0
514.0 106.0
515.0 115.0
516.0 113.0
517.0 104.0
518.0 104.0
519.0 115.0
520.0 116.0
521.0 123.0
522.0 125.0
523.0 107.0
524.0 120.0
525.0 118.0
526.0 108.0
527.0 117.0
528.0 106.0
529.0 116.0
530.0 112.0
531.0 117.0
532.0 85.0
533.0 120.0
534.0 108.0
535.0 122.0
536.0 104.0
537.0 112.0
538.0 125.0
539.0 100.0
540.0 117.0
541.0 78.0
542.0 112.0
543.0 117.0
544.0 98.0
545.0 111.0
546.0 125.0
547.0 81.0
548.0 119.0
549.0 92.0
550.0 104.0
551.0 104.0
552.0 119.0
553.0 117.0
554.0 109.0
555.0 109.0
556.0 116.0
557.0 105.0
558.0 114.0
559.0 116.0
560.0 109.0
561.0 81.0
562.0 95.0
563.0 106.0
564.0 107.0
565.0 112.0
566.0 101.0
567.0 101.0
568.0 89.0
569.0 111.0
570.0 100.0
571.0 101.0
572.0 124.0
573.0 83.0
574.0 102.0
575.0 117.0
576.0 115.0
577.0 98.0
578.0 116.0
579.0 113.0
580.0 118.0
581.0 112.0
582.0 117.0
583.0 123.0
584.0 123.0
585.0 89.0
586.0 124.0
587.0 124.0
588.0 101.0
589.0 125.0
590.0 99.0
591.0 96.0
592.0 117.0
593.0 116.0
594.0 119.0
595.0 89.0
596.0 89.0
597.0 112.0
598.0 111.0
599.0 116.0
600.0 101.0
601.0 118.0
602.0 119.0
603.0 122.0
604.0 106.0
605.0 113.0
606.0 108.0
607.0 124.0
608.0 123.0
609.0 85.0
610.0 100.0
611.0 108.0
612.0 117.0
613.0 119.0
614.0 82.0
615.0 137.0
616.0 232.0
617.0 154.0
618.0 229.0
619.0 326.0
620.0 339.0
621.0 205.0
622.0 225.0
623.0 348.0
624.0 418.0
625.0 474.0
626.0 519.0
627.0 497.0
628.0 545.0
629.0 533.0
630.0 529.0
631.0 480.0
632.0 576.0
633.0 546.0
634.0 586.0
635.0 577.0
636.0 591.0
637.0 529.0
638.0 433.0
639.0 407.0
640.0 551.0
641.0 641.0
642.0 595.0
643.0 546.0
644.0 549.0
645.0 597.0
646.0 596.0
647.0 893.0
648.0 657.0
649.0 664.0
650.0 614.0
651.0 552.0
652.0 562.0
653.0 862.0
654.0 1080.0
655.0 725.0
656.0 387.0
657.0 457.0
658.0 508.0
659.0 47.0
660.0 7.0
661.0 0.0
662.0 0.0
663.0 77.0
664.0 105.0
665.0 94.0
666.0 96.0
667.0 88.0
668.0 95.0
669.0 117.0
670.0 90.0
671.0 113.0
672.0 120.0
673.0 124.0
674.0 113.0
675.0 125.0
676.0 124.0
677.0 91.0
678.0 112.0
679.0 105.0
680.0 107.0
681.0 117.0
682.0 0.0
683.0 0.0
684.0 0.0
685.0 0.0
686.0 0.0
687.0 120.0
688.0 116.0
689.0 125.0
690.0 123.0
691.0 122.0
692.0 109.0
693.0 108.0
694.0 101.0
695.0 111.0
696.0 108.0
697.0 121.0
698.0 96.0
699.0 91.0
700.0 121.0
701.0 150.0
702.0 245.0
703.0 201.0
704.0 299.0
705.0 309.0
706.0 365.0
707.0 382.0
708.0 341.0
709.0 362.0
710.0 421.0
711.0 429.0
712.0 459.0
713.0 257.0
714.0 0.0
715.0 0.0
716.0 112.0
717.0 117.0
718.0 92.0
719.0 105.0
720.0 105.0
721.0 115.0
722.0 103.0
723.0 124.0
724.0 95.0
725.0 113.0
726.0 123.0
727.0 117.0
728.0 122.0
729.0 115.0
730.0 122.0
731.0 95.0
732.0 107.0
733.0 107.0
734.0 124.0
735.0 117.0
736.0 97.0
737.0 114.0
738.0 118.0
739.0 103.0
740.0 96.0
741.0 102.0
742.0 124.0
743.0 124.0
744.0 119.0
745.0 102.0
746.0 98.0
747.0 103.0
748.0 108.0
749.0 90.0
750.0 97.0
751.0 116.0
752.0 111.0
753.0 99.0
754.0 118.0
755.0 106.0
756.0 112.0
757.0 116.0
758.0 114.0
759.0 112.0
760.0 117.0
761.0 116.0
762.0 95.0
763.0 79.0
764.0 97.0
765.0 82.0
766.0 120.0
767.0 122.0
768.0 113.0
769.0 115.0
770.0 109.0
771.0 108.0
772.0 125.0
773.0 120.0
774.0 106.0
775.0 117.0
776.0 120.0
777.0 94.0
778.0 109.0
779.0 125.0
780.0 105.0
781.0 92.0
782.0 87.0
783.0 137.0
