1574899350 35.126
1574899354 19.361
1574899432 22.665
1574899433 101.32
1574899437 13.572
1574899439 44.37
1574899481 12.703
1574899555 21.298
1574899560 10.51
1574899573 41.302
1574899618 27.422
1574899708 14.919
1574899800 16.274
1574899845 13.789
1574899890 11.794
1574899935 14.062
1574899981 18.429
1574900026 21.753
1574900071 22.071
1574900117 18.464
1574900162 20.508
1574900207 16.914
1574900297 20.969
1574900343 19.995
1574900388 15.48
1574900479 12.736
1574900708 13.729
1574900773 60.711
1574900774 108.417
1574900778 13.625
1574900819 14.875
1574900867 15.632
1574900896 21.703
1574900901 21.495
1574900912 31.422
1574900958 15.264
1574901003 20.335
1574901049 20.353
1574901094 13.797
1574901139 21.965
1574901184 23.15
1574901230 18.736
1574901275 18.338
1574901320 19.877
1574901412 15.403
1574901457 37.195
1574901502 10.535
1574901548 16.138
1574901595 20.976
1574901685 15.953
1574901730 24.021
1574901776 28.389
1574901821 10.889
1574902116 17.923
1574902117 84.955
1574902118 88.59
1574902121 14.841
1574902163 10.895
1574902209 36.681
1574902255 15.95
1574902300 12.615
1574902345 16.793
1574902391 13.979
1574902481 21.348
1574902526 12.849
1574902572 10.36
1574902617 16.232
1574902663 22.264
1574902708 19.747
1574902799 14.266
1574902844 19.68
1574902889 21.613
1574902935 18.973
1574902980 19.311
1574903025 21.22
1574903070 21.155
1574903116 13.729
1574903385 61.504
1574903386 50.706
1574903387 12.565
1574903390 12.419
1574903454 39.913
1574903455 18.851
