1576474810 27.631
1576474811 31.414
1576474812 29.997
1576474814 45.685
1576474815 185.367
1576474816 175.609
1576474817 159.747
1576474818 165.814
1576474819 178.035
1576474820 190.264
1576474821 79.01
1576474824 21.94
1576474825 22.254
1576474826 40.424
1576474827 153.318
1576474828 159.331
1576474829 157.899
1576474830 162.756
1576474831 163.776
1576474833 279.678
1576474835 166.645
1576474835 222.253
1576474838 29.871
1576474839 31.879
1576474840 31.015
1576474841 159.04
1576474843 202.205
1576474844 203.437
1576474845 211.206
1576474846 211.928
1576474847 221.852
1576474849 67.874
1576474851 24.32
1576474853 23.853
1576474854 23.72
1576474855 23.809
1576474856 24.167
1576474857 24.07
1576474858 24.169
1576474859 25.306
1576474861 24.158
1576474863 14.472
1576474865 13.003
1576474866 18.164
1576474867 19.216
1576474869 19.411
1576474870 20.959
1576474871 20.041
1576474872 20.272
1576474873 19.59
1576474874 19.688
1576474875 19.764
1576474876 17.822
1576474879 11.375
1576474880 23.488
1576474881 23.311
1576474882 22.777
1576474883 43.375
1576474884 201.641
1576474885 187.045
1576474886 249.825
1576474888 184.298
1576474889 217.767
1576474891 76.668
1576474893 75.742
1576474894 200.481
1576474895 240.129
1576474896 207.151
1576474897 176.41
1576474898 220.823
1576474900 185.093
1576474901 181.087
1576474902 242.904
1576474903 192.304
1576474905 18.71
1576474906 18.71
1576474907 69.159
1576474908 95.71
1576474909 127.324
1576474910 205.049
1576474912 239.899
1576474913 199.522
1576474914 198.034
1576474915 223.592
1576474916 205.168
1576474917 196.022
1576474918 158.842
1576474921 16.634
1576474923 24.371
1576474924 102.998
1576474925 138.31
1576474926 136.903
1576474927 130.888
1576474928 136.678
1576474929 135.461
1576474930 141.124
1576474931 128.64
1576474933 33.392
1576474933 33.392
1576474935 40.358
1576474936 94.218
1576474937 164.064
1576474938 220.637
1576474939 146.887
1576474940 238.993
1576474941 189.829
1576474943 177.026
1576474944 202.205
1576474945 225.289
1576474946 175.128
1576474949 28.822
1576474950 29.825
1576474951 135.517
1576474952 245.18
1576474953 222.824
1576474954 217.517
1576474955 228.286
1576474956 184.372
1576474958 247.854
1576474960 166.518
1576474963 19.635
1576474964 19.815
1576474965 33.258
1576474966 125.987
1576474968 194.558
1576474969 203.981
1576474970 198.33
1576474971 228.337
1576474972 159.083
1576474974 43.967
1576474976 18.568
1576474977 20.114
1576474979 19.847
1576474980 19.972
1576474981 20.097
1576474982 19.289
1576474983 18.77
1576474984 19.959
1576474985 19.418
1576474988 48.696
1576474990 48.879
1576474991 89.494
1576474992 196.196
1576474993 225.998
1576474994 162.357
1576474995 152.976
1576474997 98.423
1576474998 133.248
1576474999 161.15
1576475000 143.42
1576475004 37.196
1576475005 43.201
1576475007 33.109
1576475008 56.985
1576475009 61.606
1576475010 66.879
1576475011 71.811
1576475012 75.745
1576475013 75.754
1576475014 59.636
1576475016 48.338
1576475018 15.373
1576475019 33.92
1576475020 36.561
1576475021 59.887
1576475022 70.32
1576475023 61.277
1576475024 71.525
1576475026 74.901
1576475027 40.669
1576475028 44.096
1576475029 55.666
1576475029 55.666
1576475030 11.774
1576475031 11.774
1576475031 12.302
1576475032 46.57
1576475033 60.963
1576475034 57.62
1576475036 54.677
1576475037 71.928
1576475038 66.695
1576475039 66.251
1576475040 86.462
1576475041 55.914
1576475042 85.887
1576475043 38.639
1576475046 15.478
1576475047 15.519
1576475048 17.193
1576475049 29.022
1576475050 55.587
1576475051 28.581
1576475052 32.992
1576475053 26.889
1576475055 17.151
1576475057 28.064
1576475057 33.157
1576475060 13.035
1576475061 13.176
1576475062 15.011
1576475063 24.101
1576475065 32.033
1576475066 44.231
1576475067 35.101
1576475068 36.187
1576475069 30.462
1576475071 18.587
1576475072 18.587
1576475074 10.398
1576475075 14.76
1576475076 16.964
1576475077 36.364
1576475078 36.515
1576475079 41.591
1576475080 56.566
1576475081 52.747
1576475082 33.809
1576475083 39.961
1576475085 26.619
1576475088 26.18
1576475089 48.367
1576475090 41.735
1576475091 37.277
1576475092 50.572
1576475093 58.82
1576475095 28.607
1576475096 46.997
1576475097 49.389
1576475099 39.552
1576475100 39.552
1576475105 10.187
1576475107 13.974
1576475108 17.75
1576475109 23.591
1576475110 28.874
1576475116 14.613
1576475117 17.703
1576475118 16.208
1576475119 17.974
1576475120 17.692
1576475121 31.92
1576475123 63.268
1576475124 70.081
1576475125 84.951
1576475127 19.007
1576475128 19.007
1576475129 17.432
1576475130 36.959
1576475131 50.973
1576475134 19.877
1576475135 70.689
1576475136 50.554
1576475137 53.811
1576475138 58.658
1576475139 35.79
1576475140 37.882
1576475144 16.952
1576475145 18.52
1576475146 18.223
1576475147 17.454
1576475148 18.269
1576475149 17.206
1576475150 17.862
1576475151 17.265
1576475153 16.615
1576475157 17.575
1576475158 17.305
1576475159 17.105
1576475160 17.699
1576475161 17.773
1576475163 16.883
1576475164 15.844
1576475165 16.963
1576475166 17.455
1576475167 17.53
1576475171 14.775
1576475173 15.538
1576475174 15.176
1576475175 14.785
1576475176 17.362
1576475177 17.084
1576475178 16.801
1576475179 16.609
1576475180 17.004
1576475181 16.913
1576475185 14.684
1576475186 15.166
1576475187 10.939
1576475189 14.702
1576475190 15.729
1576475192 14.801
1576475193 14.918
1576475194 17.773
1576475196 26.365
1576475198 14.631
1576475199 19.997
1576475200 17.931
1576475202 17.74
1576475203 17.658
1576475204 18.418
1576475205 16.248
1576475206 17.982
1576475207 19.307
1576475208 18.439
1576475209 15.237
1576475213 12.524
1576475214 16.334
1576475215 14.66
1576475216 17.434
1576475217 42.15
1576475218 70.064
1576475219 53.463
1576475220 51.425
1576475222 51.379
1576475224 42.964
1576475226 13.078
1576475227 34.808
1576475228 42.63
1576475229 54.307
1576475230 49.911
1576475232 49.072
1576475233 65.954
1576475234 47.257
1576475235 54.413
1576475236 52.538
1576475238 28.208
1576475239 28.208
1576475241 14.661
1576475242 43.543
1576475243 37.066
1576475244 43.89
1576475245 59.552
1576475246 45.456
1576475247 43.095
1576475248 55.706
1576475249 64.443
1576475252 52.777
1576475254 25.765
1576475255 38.353
1576475256 50.255
1576475257 55.433
1576475258 52.401
1576475259 48.941
1576475261 52.028
1576475262 53.31
1576475263 47.094
1576475264 41.513
1576475265 41.513
1576475265 61.96
1576475268 15.057
1576475270 15.163
1576475271 11.735
1576475272 11.926
1576475273 14.12
1576475274 14.087
1576475275 14.934
1576475276 10.4
1576475277 10.642
1576475278 11.938
1576475282 12.48
1576475283 13.92
1576475284 10.285
1576475285 11.128
1576475286 13.068
1576475287 25.998
1576475288 30.579
1576475290 50.653
1576475291 36.383
1576475292 36.667
1576475293 32.244
1576475296 22.736
1576475297 18.268
1576475298 25.066
1576475300 32.269
1576475301 26.7
1576475302 31.226
1576475303 32.381
1576475304 29.883
1576475305 39.211
1576475307 13.623
1576475308 13.623
1576475310 16.897
1576475311 28.576
1576475312 40.392
1576475313 42.713
1576475314 44.906
1576475315 33.066
1576475316 30.08
1576475317 23.952
1576475319 11.263
1576475321 20.82
1576475401 56.278
1576475402 140.267
1576475403 61.664
1576475405 142.654
1576475406 116.486
1576475407 127.791
1576475408 90.646
1576475409 114.474
1576475410 82.433
1576475411 47.085
1576475412 47.085
1576475414 28.718
1576475415 54.392
1576475416 68.522
1576475417 103.965
1576475418 93.039
1576475419 77.133
1576475420 64.4
1576475421 92.898
1576475422 102.91
1576475425 66.115
1576475427 26.732
1576475428 82.529
1576475429 73.488
1576475430 67.048
1576475431 67.854
1576475432 59.416
1576475434 60.788
1576475435 82.045
1576475436 40.375
1576475437 48.435
1576475439 16.723
1576475440 16.723
1576475441 31.131
1576475443 39.259
1576475444 31.15
1576475445 34.434
1576475446 46.807
1576475447 51.156
1576475448 57.107
1576475449 47.606
1576475450 58.563
1576475451 38.598
1576475453 40.004
1576475455 32.731
1576475456 40.645
1576475457 59.297
1576475458 50.534
1576475459 38.634
1576475460 52.997
1576475462 36.005
1576475463 42.494
1576475464 42.858
1576475465 52.664
1576475469 28.24
1576475470 38.357
1576475472 32.471
1576475473 39.335
1576475474 25.866
1576475475 35.068
1576475476 30.049
1576475477 31.595
1576475478 35.234
1576475479 33.122
1576475480 15.553
1576475483 15.692
1576475484 23.083
1576475485 31.456
1576475486 38.551
1576475487 59.382
1576475488 50.569
1576475489 35.514
1576475490 34.084
1576475492 40.073
1576475493 39.473
1576475494 29.442
1576475495 21.682
1576475495 21.682
1576475497 10.255
1576475498 10.955
1576475499 11.278
1576475500 11.116
1576475502 20.074
1576475503 23.311
1576475504 19.94
1576475505 17.075
1576475506 15.482
1576475507 12.078
1576475512 14.359
1576475515 13.934
1576475516 16.977
1576475517 11.426
1576475518 17.414
1576475519 16.79
1576475520 16.885
1576475522 16.149
1576475525 16.824
1576475526 17.377
1576475527 16.25
1576475528 19.591
1576475529 45.736
1576475530 54.76
1576475532 64.866
1576475533 37.039
1576475534 34.645
1576475536 28.865
1576475538 22.245
1576475539 24.083
1576475541 22.535
1576475542 22.793
1576475543 130.481
1576475544 142.441
1576475545 178.682
1576475546 140.758
1576475547 164.281
1576475548 123.674
1576475549 126.554
1576475552 24.648
1576475553 153.154
1576475554 156.672
1576475555 139.267
1576475556 130.492
1576475557 141.364
1576475558 131.2
1576475560 145.375
1576475561 145.22
1576475562 145.03
1576475564 28.972
1576475565 28.972
1576475566 154.921
1576475567 178.425
1576475568 191.619
1576475570 200.768
1576475571 147.851
1576475572 145.593
1576475573 153.671
1576475574 166.998
1576475575 168.94
1576475576 160.558
1576475577 124.687
1576475580 44.391
1576475581 200.91
1576475582 230.524
1576475583 216.553
1576475584 202.221
1576475585 192.612
1576475586 223.292
1576475587 205.049
1576475588 216.263
1576475589 206.101
1576475592 58.202
1576475593 58.202
1576475594 26.606
1576475595 26.777
1576475596 26.0
1576475597 25.017
1576475598 26.713
1576475599 104.707
1576475600 186.188
1576475601 222.446
1576475603 228.073
1576475604 229.565
1576475605 251.095
1576475608 72.266
1576475609 216.869
1576475610 233.89
1576475611 195.173
1576475612 227.857
1576475613 179.698
1576475614 242.741
1576475616 212.631
1576475617 207.496
1576475619 129.6
1576475621 21.399
1576475622 172.773
1576475623 270.399
1576475624 155.975
1576475625 252.15
1576475626 258.326
1576475628 250.908
1576475629 236.238
1576475630 230.572
1576475631 261.877
1576475633 104.2
1576475635 50.832
1576475636 194.037
1576475637 229.072
1576475638 198.872
1576475639 216.33
1576475641 187.942
1576475642 242.831
1576475643 203.156
1576475644 186.352
1576475645 194.371
1576475647 21.377
1576475648 21.377
1576475649 206.98
1576475650 162.27
1576475651 198.804
1576475652 178.065
1576475654 177.822
1576475655 196.64
1576475656 205.723
1576475657 193.826
1576475658 165.743
1576475659 200.255
1576475660 199.88
1576475664 19.189
1576475665 19.356
1576475666 20.138
1576475667 47.784
1576475668 199.57
1576475669 170.018
1576475670 176.798
1576475671 224.159
1576475672 163.32
1576475675 62.805
1576475677 15.91
1576475678 18.716
1576475679 68.893
1576475680 197.139
1576475681 188.291
1576475682 209.196
1576475684 247.336
1576475685 150.439
1576475686 178.027
1576475687 160.552
1576475688 187.665
1576475691 114.6
1576475692 223.735
1576475694 157.737
1576475695 186.943
1576475696 136.027
1576475697 150.874
1576475698 141.571
1576475699 181.076
1576475700 150.219
1576475701 156.482
1576475702 51.873
1576475705 14.869
1576475706 20.347
1576475707 30.994
1576475708 81.487
1576475709 82.034
1576475710 64.476
1576475711 80.159
1576475712 79.162
1576475714 80.641
1576475715 71.327
1576475716 109.286
1576475718 11.04
1576475719 54.182
1576475720 123.348
1576475721 90.083
1576475722 81.368
1576475724 87.486
1576475725 88.451
1576475726 88.202
1576475727 87.387
1576475728 85.656
1576475730 29.373
1576475731 29.373
1576475733 56.852
1576475734 94.113
1576475735 105.462
1576475736 100.139
1576475737 97.341
1576475738 83.673
1576475739 73.065
1576475740 75.283
1576475741 78.848
1576475744 86.269
1576475746 10.627
1576475747 15.507
1576475748 51.185
1576475749 80.136
1576475750 77.513
1576475752 71.326
1576475753 73.591
1576475754 88.094
1576475755 67.871
1576475756 80.717
1576475757 88.837
1576475758 19.171
1576475759 19.171
1576475760 15.625
1576475762 14.769
1576475763 35.947
1576475764 71.399
1576475765 52.656
1576475766 67.645
1576475767 78.558
1576475768 77.565
1576475769 71.28
1576475772 49.198
1576475774 21.526
1576475775 45.202
1576475776 48.338
1576475777 42.51
1576475778 44.233
1576475779 51.358
1576475781 49.494
1576475782 40.608
1576475783 42.044
1576475784 35.95
1576475785 38.255
1576475788 12.662
1576475789 31.575
1576475791 44.731
1576475792 39.41
1576475793 46.879
1576475794 42.391
1576475795 49.846
1576475796 41.499
1576475797 54.323
1576475798 49.465
1576475799 14.559
1576475802 13.618
1576475803 13.878
1576475804 13.184
1576475805 13.31
1576475806 19.231
1576475807 39.32
1576475808 59.374
1576475809 61.004
1576475811 54.678
1576475812 49.582
1576475813 43.142
1576475817 13.985
1576475818 13.323
1576475819 13.666
1576475821 13.726
1576475822 13.774
1576475823 11.703
1576475824 12.207
1576475825 12.473
1576475827 12.341
1576475829 11.699
1576475831 12.684
1576475832 12.702
1576475833 14.104
1576475834 14.447
1576475835 13.406
1576475836 11.983
1576475837 13.797
1576475838 14.625
1576475841 13.479
1576475844 17.633
1576475845 17.141
1576475846 17.464
1576475847 17.001
1576475848 16.129
1576475850 17.753
1576475851 53.355
1576475852 54.222
1576475853 60.356
1576475855 26.592
1576475856 26.592
1576475857 16.204
1576475858 15.29
1576475860 16.467
1576475861 15.947
1576475862 15.942
1576475863 17.736
1576475864 17.477
1576475865 18.578
1576475866 14.25
1576475867 16.783
1576475869 11.785
1576475872 16.855
1576475873 17.305
1576475874 16.437
1576475875 17.008
1576475876 15.662
1576475877 15.635
1576475879 15.925
1576475880 45.092
1576475881 53.313
1576475883 18.174
1576475884 18.174
1576475885 16.856
1576475886 16.688
1576475887 16.804
1576475889 15.76
1576475890 18.625
1576475891 51.804
1576475892 59.668
1576475893 67.672
1576475894 47.574
1576475895 70.157
1576475896 44.33
1576475900 14.849
1576475901 15.194
1576475902 16.6
1576475903 16.146
1576475904 27.509
1576475905 71.25
1576475906 74.527
1576475908 72.88
1576475909 78.961
1576475911 19.932
1576475912 19.932
1576475913 13.227
1576475914 15.121
1576475915 15.42
1576475916 29.359
1576475918 43.828
1576475919 47.332
1576475920 49.352
1576475921 51.36
1576475922 52.491
1576475923 39.189
1576475924 17.953
1576475926 10.505
1576475927 14.713
1576475929 16.778
1576475930 14.718
1576475931 15.394
1576475932 15.848
1576475933 13.864
1576475934 15.921
1576475935 15.334
1576475936 15.331
1576475941 36.792
1576475942 45.122
1576475943 36.258
1576475944 30.977
1576475945 38.816
1576475947 21.147
1576475948 40.042
1576475949 33.397
1576475950 43.081
1576475952 25.025
1576475954 10.704
1576475955 15.543
1576475956 14.413
1576475958 14.3
1576475959 27.009
1576475960 37.154
1576475961 48.053
1576475962 70.341
1576475963 53.205
1576475964 66.55
1576475965 55.723
1576475969 14.047
1576475970 14.586
1576475971 14.651
1576475972 13.043
1576475973 14.972
1576475974 13.622
1576475975 15.003
1576475976 15.256
1576475978 15.478
1576475982 12.906
1576475983 12.763
1576475984 11.94
1576475985 11.207
1576475986 17.286
1576475988 27.144
1576475989 39.704
1576475990 53.162
1576475991 39.708
1576475992 38.164
1576475993 25.92
1576475996 26.812
1576475998 29.932
1576475999 34.294
1576476000 24.84
1576476001 32.022
1576476002 35.979
1576476003 27.73
1576476004 31.222
1576476005 25.624
1576476006 24.747
1576476008 10.053
1576476010 11.351
1576476011 10.949
1576476013 20.936
1576476014 30.093
1576476015 28.969
1576476017 35.082
1576476018 35.76
1576476019 27.844
1576476020 44.87
1576476021 40.117
1576476024 14.525
1576476025 38.206
1576476027 43.748
1576476028 18.544
1576476029 26.102
1576476030 25.752
1576476057 10.088
1576476059 14.375
1576476060 13.682
1576476181 10.18
1576476182 16.271
1576476183 17.086
1576476187 40.286
1576476188 49.201
1576476189 36.564
1576476191 13.616
1576476192 13.616
1576476193 19.787
1576476194 18.007
1576476196 11.429
1576476197 17.918
1576476198 17.514
1576476199 18.841
1576476200 26.467
1576476201 53.713
1576476202 67.392
1576476203 37.52
1576476204 38.179
1576476207 28.975
1576476208 48.895
1576476209 56.765
1576476210 80.729
1576476211 94.136
1576476212 67.411
1576476213 64.8
1576476214 70.931
1576476216 70.431
1576476217 38.365
1576476218 41.687
1576476218 41.687
1576476221 15.02
1576476222 15.979
1576476225 12.506
1576476226 14.466
1576476227 16.646
1576476228 15.131
1576476229 35.933
1576476230 49.396
1576476231 42.066
1576476232 20.306
1576476234 10.057
1576476236 15.849
1576476237 16.04
1576476238 15.596
1576476239 15.404
1576476240 14.807
1576476241 14.457
1576476242 16.382
1576476243 15.711
1576476244 15.864
1576476249 15.922
1576476250 14.989
1576476251 15.693
1576476252 14.136
1576476253 14.778
1576476255 15.127
1576476256 16.68
1576476257 14.385
1576476258 15.738
1576476262 14.432
1576476263 11.16
1576476264 17.124
1576476266 21.302
1576476267 50.229
1576476268 48.674
1576476269 39.692
1576476270 57.588
1576476271 30.558
1576476272 37.573
1576476273 45.128
1576476277 26.583
1576476278 70.809
1576476279 42.158
1576476280 67.981
1576476281 61.756
1576476282 67.176
1576476283 61.536
1576476285 51.413
1576476286 35.262
1576476288 37.587
1576476290 34.849
1576476291 38.345
1576476292 41.507
1576476294 59.056
1576476295 44.088
1576476296 40.184
1576476297 37.464
1576476298 40.346
1576476299 53.28
1576476300 38.248
1576476301 40.381
1576476303 10.441
1576476305 35.205
1576476306 40.237
1576476307 39.414
1576476308 43.662
1576476309 43.171
1576476310 41.48
1576476311 36.521
1576476312 43.928
1576476313 42.343
1576476316 38.459
1576476317 38.459
1576476318 22.693
1576476319 26.833
1576476320 27.671
1576476321 36.967
1576476322 28.782
1576476324 32.206
1576476325 40.519
1576476326 30.154
1576476327 49.858
1576476328 41.943
1576476329 36.783
1576476332 15.527
1576476334 26.755
1576476335 36.832
1576476336 38.763
1576476337 37.297
1576476338 30.213
1576476339 32.546
1576476340 26.918
1576476341 37.337
1576476342 30.22
1576476344 17.189
1576476344 17.189
1576476346 17.537
1576476347 30.302
1576476348 40.162
1576476349 41.867
1576476350 23.449
1576476351 38.067
1576476352 23.849
1576476354 18.92
1576476355 18.078
1576476416 30.445
1576476417 31.222
1576476418 31.22
1576476419 30.126
1576476420 31.585
1576476421 29.14
1576476422 27.309
1576476423 27.196
1576476425 166.842
1576476427 131.962
1576476429 17.354
1576476430 181.85
1576476431 235.69
1576476432 226.146
1576476433 208.426
1576476434 216.54
1576476435 196.131
1576476436 206.923
1576476438 165.952
1576476439 181.854
1576476441 55.367
1576476443 200.952
1576476444 230.398
1576476445 215.276
1576476446 196.15
1576476447 204.424
1576476449 213.53
1576476450 212.106
1576476451 214.812
1576476452 212.63
1576476453 202.395
1576476455 21.537
1576476456 21.537
1576476457 128.098
1576476458 241.716
1576476459 263.811
1576476460 217.165
1576476462 170.196
1576476463 186.909
1576476464 178.412
1576476465 163.115
1576476466 152.861
1576476467 165.21
1576476468 116.756
1576476470 47.462
1576476472 224.512
1576476473 222.637
1576476474 240.491
1576476475 172.496
1576476476 166.084
1576476477 174.984
1576476478 176.408
1576476479 178.673
1576476480 185.736
1576476481 174.582
1576476483 62.328
1576476483 62.328
1576476485 211.231
1576476486 222.617
1576476487 180.783
1576476488 180.441
1576476489 192.202
1576476490 195.201
1576476491 188.407
1576476492 186.622
1576476494 203.935
1576476495 177.714
1576476496 182.66
1576476498 11.851
1576476499 136.808
1576476500 289.813
1576476501 192.556
1576476502 213.145
1576476503 247.637
1576476504 229.045
1576476505 204.035
1576476507 155.761
1576476508 114.934
1576476510 61.104
1576476512 32.74
1576476513 61.754
1576476514 67.672
1576476516 76.213
1576476517 49.677
1576476518 48.029
1576476519 55.219
1576476520 61.246
1576476521 70.055
1576476522 71.692
1576476524 52.751
1576476526 62.605
1576476527 179.405
1576476528 124.228
1576476529 117.614
1576476530 86.938
1576476531 70.561
1576476532 80.182
1576476534 83.737
1576476535 88.86
1576476536 95.423
1576476538 22.839
1576476539 22.839
1576476540 29.386
1576476541 29.879
1576476543 29.811
1576476544 30.271
1576476545 30.943
1576476546 69.129
1576476547 194.548
1576476548 195.371
1576476549 157.664
1576476552 95.619
1576476554 18.095
1576476555 24.164
1576476556 24.44
1576476557 23.538
1576476558 24.194
1576476560 24.376
1576476561 24.017
1576476562 23.522
1576476563 24.242
1576476564 24.193
1576476565 19.965
1576476567 14.486
1576476569 24.999
1576476570 26.424
1576476571 58.682
1576476572 171.485
1576476573 167.75
1576476574 156.579
1576476575 245.863
1576476576 209.451
1576476577 213.364
1576476580 33.974
1576476581 33.974
1576476582 17.71
1576476583 20.301
1576476584 20.548
1576476585 70.049
1576476586 214.398
1576476587 197.964
1576476588 136.174
1576476590 181.053
1576476591 139.204
1576476592 143.711
1576476593 122.565
1576476596 74.331
1576476597 96.704
1576476598 135.537
1576476599 152.593
1576476601 117.52
1576476602 105.336
1576476603 110.283
1576476604 107.408
1576476605 121.586
1576476607 51.698
1576476609 55.54
1576476611 87.422
1576476612 88.523
1576476613 82.604
1576476614 87.301
1576476615 87.474
1576476616 90.496
1576476617 82.325
1576476618 89.992
1576476619 91.872
1576476621 91.236
1576476624 57.854
1576476625 78.907
1576476626 72.008
1576476627 58.268
1576476628 52.733
1576476630 57.497
1576476631 54.255
1576476632 67.137
1576476633 63.918
1576476635 39.702
1576476636 39.702
1576476637 31.183
1576476638 59.41
1576476640 64.156
1576476641 70.585
1576476642 58.742
1576476643 51.598
1576476644 67.788
1576476645 60.084
1576476646 65.215
1576476647 68.373
1576476649 67.445
1576476651 17.18
1576476652 46.392
1576476653 60.98
1576476654 59.489
1576476655 60.126
1576476656 58.202
1576476657 50.635
1576476659 65.403
1576476660 50.654
1576476661 45.607
1576476663 23.302
1576476664 23.302
1576476665 31.766
1576476666 43.698
1576476668 56.519
1576476669 79.522
1576476670 72.241
1576476671 72.889
1576476672 67.887
1576476673 62.614
1576476674 64.217
1576476675 58.016
1576476676 37.941
1576476679 10.027
1576476680 26.893
1576476681 28.557
1576476682 25.077
1576476683 27.696
1576476684 46.892
1576476685 37.753
1576476686 40.405
1576476687 54.131
1576476688 48.31
1576476689 46.923
1576476691 31.203
1576476693 18.566
1576476694 24.354
1576476695 75.935
1576476696 67.454
1576476697 58.308
1576476698 43.532
1576476700 48.461
1576476701 69.002
1576476702 63.105
1576476703 47.621
1576476704 34.183
1576476707 26.589
1576476708 37.16
1576476710 37.887
1576476711 17.96
1576476712 37.108
1576476713 49.485
1576476714 66.492
1576476715 74.768
1576476716 47.764
1576476718 23.309
1576476719 23.309
1576476721 23.192
1576476722 43.091
1576476723 57.185
1576476724 81.684
1576476725 86.634
1576476726 92.335
1576476727 77.565
1576476728 84.245
1576476730 90.818
1576476732 82.729
1576476734 13.759
1576476735 42.64
1576476736 38.001
1576476737 43.446
1576476738 40.933
1576476740 46.009
1576476741 53.105
1576476742 46.497
1576476743 47.779
1576476744 77.55
1576476746 14.098
1576476747 14.098
1576476749 31.028
1576476750 61.344
1576476751 81.476
1576476752 79.896
1576476753 86.26
1576476754 79.49
1576476755 78.949
1576476756 68.472
1576476757 80.028
1576476760 48.068
1576476762 29.302
1576476763 49.488
1576476764 77.798
1576476765 96.594
1576476766 101.96
1576476768 90.26
1576476769 87.785
1576476770 81.713
1576476771 69.596
1576476772 83.505
1576476773 71.218
1576476775 14.809
1576476777 55.738
1576476778 82.726
1576476779 52.678
1576476780 57.02
1576476781 62.081
1576476782 62.6
1576476783 62.792
1576476784 67.871
1576476785 86.034
1576476786 89.664
1576476788 33.694
1576476790 24.019
1576476791 32.684
1576476792 53.581
1576476793 68.583
1576476794 61.606
1576476795 51.911
1576476796 49.026
1576476798 71.273
1576476799 72.767
1576476800 60.279
1576476801 58.898
1576476803 19.017
1576476804 33.915
1576476805 35.807
1576476807 32.585
1576476808 37.604
1576476809 28.769
1576476810 28.646
1576476811 31.891
1576476812 22.318
1576476813 27.761
1576476814 37.71
1576476815 12.59
1576476816 12.59
1576476818 23.446
1576476819 38.004
1576476820 37.528
1576476821 52.092
1576476822 50.481
1576476823 46.055
1576476824 52.961
1576476826 51.572
1576476827 48.706
1576476829 47.364
1576476829 46.551
1576476832 21.207
1576476833 55.172
1576476835 70.599
1576476836 41.304
1576476837 29.014
1576476838 56.341
1576476839 57.743
1576476840 46.946
1576476841 52.542
1576476843 12.55
1576476844 12.55
1576476846 23.699
1576476847 38.099
1576476848 41.103
1576476849 38.95
1576476850 39.123
1576476851 64.658
1576476852 67.154
1576476853 47.772
1576476855 36.367
1576476857 45.475
1576476861 11.747
1576476862 14.645
1576476864 11.598
1576476865 13.572
1576476866 11.461
1576476867 12.537
1576476868 11.918
1576476869 13.961
1576476870 13.244
1576476870 13.244
1576476874 11.182
1576476875 12.954
1576476876 27.587
1576476877 46.045
1576476878 48.759
1576476879 32.561
1576476880 38.338
1576476881 50.382
1576476882 36.469
1576476883 48.634
1576476885 14.924
1576476888 24.552
1576476889 28.597
1576476890 29.058
1576476891 21.529
1576476892 21.913
1576476893 20.819
1576476895 23.591
1576476896 20.981
1576476897 25.163
1576476901 12.788
1576476977 93.641
1576476978 262.502
1576476979 236.245
1576476980 278.54
1576476981 238.372
1576476982 298.874
1576476983 186.591
1576476984 257.989
1576476985 216.303
1576476986 232.995
1576476990 25.334
1576476991 153.508
1576476992 200.937
1576476993 301.726
1576476994 252.976
1576476995 302.694
1576476996 265.926
1576476997 271.21
1576476998 240.589
1576476999 248.722
1576477000 223.881
1576477001 177.996
1576477005 129.032
1576477006 249.32
1576477007 220.834
1576477008 181.183
1576477009 190.819
1576477010 200.894
1576477011 212.355
1576477012 200.46
1576477014 188.336
1576477016 107.254
1576477018 44.504
1576477019 200.579
1576477020 232.522
1576477021 226.076
1576477022 237.833
1576477023 238.003
1576477025 246.577
1576477026 243.21
1576477027 199.325
1576477028 196.039
1576477030 18.36
1576477031 18.36
1576477032 86.872
1576477033 217.723
1576477034 183.012
1576477035 171.387
1576477037 145.051
1576477038 150.746
1576477039 161.555
1576477040 159.523
1576477041 163.715
1576477042 163.492
1576477043 136.612
1576477045 10.269
1576477047 21.135
1576477048 20.104
1576477049 20.965
1576477050 20.751
1576477051 21.536
1576477052 20.936
1576477053 21.556
1576477054 22.023
1576477056 19.987
1576477057 21.586
1576477060 18.442
1576477061 19.219
1576477062 19.751
1576477063 19.713
1576477065 19.684
1576477066 20.092
1576477067 20.664
1576477068 19.956
1576477069 20.775
1576477070 19.904
1576477074 24.18
1576477075 23.965
1576477076 24.668
1576477077 22.865
1576477078 136.161
1576477079 242.467
1576477080 214.448
1576477081 246.969
1576477082 251.152
1576477085 75.422
