1575597318 33.89
1575597323 113.826
1575597324 106.654
1575597327 19.937
1575597369 21.881
1575597415 11.095
1575597417 18.252
1575597445 19.935
1575597450 23.78
1575597463 12.693
1575597464 16.298
1575597510 27.522
1575597555 32.572
1575597601 21.026
1575597660 18.478
1575597706 29.677
1575597751 16.457
1575597752 13.515
1575597800 13.909
1575597801 20.672
1575597846 25.924
1575597892 35.064
1575597937 22.343
1575597938 12.472
1575597984 17.903
1575598029 27.285
1575598074 25.072
1575598120 10.219
1575598167 13.543
1575598332 66.031
1575598333 136.028
1575598334 60.434
1575598380 23.885
1575598425 13.283
1575598426 27.102
1575598475 14.533
1575598520 23.318
1575598566 18.172
1575598611 21.013
1575598657 23.05
1575598702 26.052
1575598748 22.864
1575598793 33.127
1575598839 32.107
1575598885 10.305
1575598886 12.701
1575598933 12.201
1575598985 14.292
1575598986 19.334
1575599031 31.011
1575599079 11.942
1575599135 10.903
1575599182 19.646
1575599227 34.47
1575599273 18.528
1575599274 12.199
1575599319 11.087
1575599320 17.295
1575599367 24.974
1575599412 10.873
1575599413 18.013
1575599459 20.785
1575599460 11.865
1575599506 22.918
1575599553 15.538
1575599601 30.507
1575599646 23.951
1575599693 12.285
1575599694 21.139
1575599740 14.41
1575599787 11.118
1575599788 21.654
1575599834 12.397
1575599835 12.993
1575599881 18.26
1575599882 10.427
1575599927 20.935
1575599928 12.369
1575599974 27.5
1575600020 24.107
1575600067 20.798
1575600112 14.721
1575600163 33.772
1575600209 19.683
1575600210 11.175
1575600278 11.455
1575600286 11.989
1575600330 10.267
1575600331 21.366
1575600377 32.404
1575600423 20.151
1575600472 13.612
1575600473 14.515
1575600518 25.931
1575600564 22.058
1575600657 32.625
1575600703 23.408
1575600747 11.154
1575600748 17.266
1575600792 17.344
1575600793 12.779
1575600838 22.155
1575600883 33.968
1575600929 34.591
1575600977 14.516
1575600978 15.996
1575601024 22.259
1575601070 14.636
1575601071 18.365
1575601117 10.873
1575601166 10.151
1575601257 19.432
1575601302 11.485
1575601437 19.242
1575601438 33.887
1575601439 39.022
1575601440 32.09
1575601441 36.917
1575601442 31.466
1575601443 32.54
1575601490 30.585
1575601535 13.763
1575601536 21.07
1575601584 20.619
1575601629 14.914
1575601630 15.168
1575601676 29.481
1575601722 19.669
1575601773 14.117
1575601819 36.282
1575601878 11.411
1575601879 12.929
1575601926 22.124
1575601971 12.248
1575601974 20.172
1575602019 13.83
1575602020 18.683
1575602066 34.581
1575602111 30.154
1575602157 27.144
1575602202 23.344
1575602203 10.781
1575602247 11.512
1575602248 13.898
1575602296 14.974
1575602299 11.733
1575602397 10.186
1575602446 28.064
1575602491 32.498
1575602537 31.226
1575602582 35.198
1575602629 11.201
1575602630 16.391
1575602676 29.027
1575602739 19.063
1575602749 12.967
1575602750 18.57
1575602797 15.147
1575602798 12.813
1575602843 15.068
1575602844 12.771
1575602888 22.817
1575602970 34.613
1575602971 11.332
1575603016 17.504
1575603017 11.223
1575603178 38.862
1575603224 29.557
1575603269 23.736
1575603315 19.431
1575603316 10.416
1575603361 27.488
1575603407 26.991
1575603453 31.09
1575603499 30.77
1575603546 10.107
1575603547 15.693
1575603594 21.934
1575603641 26.302
1575603687 24.888
1575603733 18.647
1575603779 32.186
1575603818 16.974
1575603819 45.093
1575603820 37.933
1575603821 38.88
