1574726571 68.172
1574726572 19.106
1574726577 14.69
1574726618 18.329
1574726663 19.088
1574726708 13.226
1574726753 25.914
1574726798 20.964
1574726799 15.65
1574726845 17.058
1574726980 24.73
1574727025 15.822
1574727071 16.054
1574727116 24.112
1574727253 10.725
1574727303 22.577
1574727394 23.271
1574727486 18.539
1574727832 26.879
1574727894 14.542
1574727895 57.355
1574727896 46.044
1574727897 12.934
1574727899 13.284
1574727942 16.905
1574727988 17.127
1574728033 11.721
1574728078 13.906
1574728123 28.629
1574728168 14.842
1574728215 14.47
1574728260 25.248
1574728305 11.397
1574728441 20.568
1574728486 30.562
1574728532 10.751
1574728533 25.07
1574728578 11.154
1574728579 10.935
1574728624 23.085
1574728670 23.221
1574728760 16.514
1574729060 11.724
1574729061 33.916
1574729121 23.715
1574729122 61.887
1574729123 53.716
1574729125 13.306
1574729215 15.676
1574729260 13.903
1574729305 25.179
1574729350 14.772
1574729396 18.313
1574729441 20.951
1574729486 19.712
1574729531 22.937
1574729577 21.366
1574729622 28.543
1574729667 18.776
1574729713 26.186
1574729758 33.929
1574729804 23.89
1574729849 12.752
1574729894 33.133
1574729939 21.878
1574729985 29.456
1574730030 10.326
1574730075 11.813
1574730354 21.1
1574730355 70.603
1574730357 32.638
1574730360 12.599
1574730402 25.353
1574730447 21.792
1574730501 15.369
1574730546 34.115
1574730591 33.661
1574730636 20.918
1574730683 32.982
1574730728 10.223
1574730773 19.638
1574730819 15.883
1574730864 24.559
1574730912 15.221
1574730959 33.792
1574731004 21.985
1574731049 20.834
1574731094 10.443
1574731096 11.178
1574731141 23.36
1574731186 23.385
1574731231 18.241
1574731277 10.586
1574731322 30.243
1574731612 17.181
