1579142622 14.199
1579142623 27.292
1579142624 133.037
1579142625 168.763
1579142626 160.461
1579142627 164.948
1579142629 162.083
1579142630 155.306
1579142631 165.436
1579142632 151.753
1579142635 17.765
1579142637 56.367
1579142638 111.665
1579142639 108.687
1579142640 108.466
1579142641 105.553
1579142643 84.461
1579142644 68.214
1579142645 72.586
1579142646 57.117
1579142648 16.533
1579142650 22.433
1579142651 21.357
1579142652 20.815
1579142653 21.725
1579142654 20.543
1579142656 21.326
1579142657 21.238
1579142658 21.265
1579142663 20.679
1579142664 21.212
1579142665 21.762
1579142666 21.935
1579142667 22.945
1579142669 22.874
1579142670 20.948
1579142671 19.121
1579142672 22.289
1579142673 21.667
1579142677 15.471
1579142678 15.469
1579142679 16.515
1579142680 17.305
1579142682 14.38
1579142683 16.803
1579142684 11.362
1579142685 16.01
1579142686 16.733
1579142687 13.214
1579142690 10.156
1579142691 21.749
1579142692 22.89
1579142693 21.894
1579142695 100.073
1579142696 132.717
1579142697 131.584
1579142698 140.03
1579142699 129.08
1579142700 88.489
1579142702 105.914
1579142704 17.499
1579142705 22.342
1579142706 22.445
1579142707 20.815
1579142709 19.469
1579142710 19.716
1579142711 21.282
1579142712 17.803
1579142713 21.54
1579142714 20.337
1579142715 11.361
1579142718 11.495
1579142719 21.629
1579142720 19.706
1579142721 20.407
1579142722 16.531
1579142724 18.909
1579142725 18.839
1579142726 20.115
1579142727 19.611
1579142728 18.448
1579142729 10.366
1579142730 10.366
1579142732 16.423
1579142733 20.383
1579142734 19.59
1579142735 19.456
1579142737 20.056
1579142738 21.148
1579142739 20.119
1579142740 22.357
1579142741 19.494
1579142746 15.96
1579142747 20.383
1579142748 19.099
1579142749 18.341
1579142751 19.022
1579142752 19.02
1579142753 19.88
1579142754 17.623
1579142755 20.155
1579142757 19.034
1579142760 18.622
1579142761 19.674
1579142762 18.346
1579142764 19.449
1579142765 19.437
1579142766 19.124
1579142767 19.987
1579142768 18.6
1579142769 73.663
1579142771 119.882
1579142774 20.44
1579142775 21.166
1579142776 21.003
1579142778 19.67
1579142779 21.319
1579142780 20.035
1579142781 19.329
1579142782 18.964
1579142783 20.665
1579142784 17.141
1579142787 10.682
1579142788 23.512
1579142789 20.814
1579142790 19.238
1579142791 35.366
1579142793 58.321
1579142794 60.946
1579142795 65.288
1579142796 67.692
1579142797 69.977
1579142798 46.923
1579142801 11.192
1579142802 16.485
1579142803 13.856
1579142804 15.101
1579142806 15.671
1579142807 13.884
1579142808 44.359
1579142809 55.541
1579142810 57.633
1579142811 62.194
1579142812 56.496
1579142815 13.163
1579142816 18.792
1579142817 19.452
1579142818 19.043
1579142819 18.509
1579142821 19.052
1579142822 18.18
1579142823 18.873
1579142824 18.63
1579142825 17.802
1579142829 17.989
1579142830 21.644
1579142831 21.371
1579142832 25.803
1579142833 123.056
1579142835 145.263
1579142836 142.149
1579142837 133.394
1579142838 125.923
1579142839 119.638
1579142840 52.96
1579142841 52.96
1579142843 17.678
1579142844 18.426
1579142845 21.241
1579142846 20.554
1579142848 19.973
1579142849 119.143
1579142850 175.936
1579142851 151.24
1579142852 121.454
1579142853 117.744
1579142857 19.225
1579142858 19.097
1579142859 87.129
1579142861 109.441
1579142862 176.991
1579142863 129.623
1579142864 186.636
1579142865 268.684
1579142866 225.826
1579142867 180.123
1579142871 17.674
1579142872 16.078
1579142873 18.428
1579142874 17.849
1579142876 17.162
1579142877 21.525
1579142878 65.556
1579142879 64.731
1579142880 64.981
1579142882 59.083
1579142885 18.033
1579142886 18.085
1579142887 43.823
1579142889 98.998
1579142890 98.222
1579142891 98.138
1579142892 118.931
1579142893 174.975
1579142894 240.304
1579142895 186.818
1579142897 11.273
1579142897 11.273
1579142898 13.161
1579142899 19.335
1579142900 18.38
1579142901 16.472
1579142903 17.329
1579142904 19.424
1579142905 85.66
1579142906 160.816
1579142907 156.885
1579142908 199.592
1579142909 132.392
1579142912 13.423
1579142913 17.767
1579142914 16.04
1579142915 17.641
1579142916 18.019
1579142918 16.893
1579142919 17.303
1579142920 27.432
1579142921 66.659
1579142922 64.873
1579142924 25.834
1579142924 25.834
1579142927 16.133
1579142928 161.373
1579142929 184.801
1579142930 203.45
1579142932 210.214
1579142933 249.795
1579142934 255.681
1579142935 222.891
1579142937 103.216
1579142939 16.639
1579142941 21.392
1579142942 21.605
1579142943 21.606
1579142944 21.472
1579142945 58.538
1579142947 140.48
1579142948 171.574
1579142949 275.316
1579142951 130.657
1579142953 13.776
1579142954 42.384
1579142956 63.353
1579142957 62.106
1579142958 110.566
1579142959 165.854
1579142960 213.566
1579142961 261.778
1579142963 276.262
1579142965 143.691
1579142967 14.811
1579142968 41.595
1579142969 157.599
1579142971 188.414
1579142972 206.65
1579142973 247.309
1579142974 186.933
1579142975 77.315
1579142976 88.819
1579142979 61.181
1579142980 61.181
1579142981 35.542
1579142982 134.88
1579142984 196.946
1579142985 198.934
1579142986 249.814
1579142987 162.103
1579142988 183.834
1579142989 194.621
1579142990 158.626
1579142993 112.58
1579142994 112.58
1579142995 183.595
1579142996 219.01
1579142997 244.449
1579142999 241.529
1579143000 231.018
1579143001 224.563
1579143002 201.081
1579143003 266.042
1579143004 206.348
1579143005 274.732
1579143006 151.586
1579143009 15.66
1579143010 18.424
1579143011 17.782
1579143012 19.298
1579143013 19.204
1579143015 17.938
1579143016 20.227
1579143017 19.856
1579143018 18.358
1579143023 17.08
1579143024 17.905
1579143025 17.795
1579143026 17.168
1579143028 18.165
1579143029 17.18
1579143030 35.488
1579143031 119.601
1579143032 121.434
1579143033 121.434
1579143034 138.642
1579143036 11.308
1579143037 51.787
1579143038 113.859
1579143039 107.04
1579143041 118.162
1579143042 109.96
1579143043 108.244
1579143044 107.952
1579143045 102.647
1579143046 110.234
1579143048 81.441
1579143050 13.715
1579143051 103.402
1579143052 108.229
1579143053 181.011
1579143055 168.196
1579143056 183.866
1579143057 142.088
1579143058 162.783
1579143059 129.217
1579143060 168.135
1579143062 129.269
1579143064 14.467
1579143065 17.325
1579143066 17.813
1579143068 17.266
1579143069 17.543
1579143070 16.17
1579143071 16.774
1579143072 17.428
1579143073 17.383
1579143078 16.404
1579143079 17.384
1579143081 15.594
1579143082 18.166
1579143083 16.946
1579143084 17.589
1579143085 28.712
1579143086 65.101
1579143088 62.82
1579143089 69.348
1579143092 18.043
1579143093 17.449
1579143095 19.171
1579143096 19.239
1579143097 18.873
1579143098 18.209
1579143099 17.755
1579143101 18.187
1579143102 19.071
1579143103 16.392
1579143106 16.701
1579143108 17.257
1579143109 15.561
1579143110 16.559
1579143111 17.268
1579143112 16.594
1579143114 16.652
1579143115 16.712
1579143117 17.951
1579143117 11.462
1579143119 16.293
1579143121 21.741
1579143122 23.415
1579143123 21.989
1579143124 19.893
1579143125 21.206
1579143126 18.708
1579143128 19.576
1579143129 19.533
1579143131 12.716
1579143132 12.716
1579143134 17.618
1579143135 16.249
1579143136 16.035
1579143137 16.742
1579143138 16.342
1579143140 16.662
1579143141 16.931
1579143142 16.39
1579143143 16.452
1579143148 16.216
1579143149 17.035
1579143150 16.503
1579143151 16.017
1579143152 16.388
1579143154 17.204
1579143155 17.402
1579143156 16.856
1579143157 17.045
1579143162 68.027
1579143163 79.397
1579143164 65.886
1579143165 64.254
1579143166 82.213
1579143168 83.431
1579143169 102.634
1579143170 89.416
1579143171 109.171
1579143172 100.483
1579143175 12.025
1579143176 18.567
1579143177 18.262
1579143178 17.609
1579143179 18.387
1579143180 77.846
1579143182 77.74
1579143183 74.165
1579143184 54.268
1579143185 85.176
1579143186 80.785
1579143189 14.339
1579143190 16.835
1579143191 28.136
1579143192 73.648
1579143193 78.639
1579143194 39.194
1579143196 74.776
1579143197 83.759
1579143198 91.953
1579143199 91.078
1579143200 51.573
1579143201 51.573
1579143203 16.772
1579143204 36.766
1579143205 82.748
1579143206 76.331
1579143207 71.863
1579143209 57.146
1579143210 68.033
1579143211 71.384
1579143212 73.323
1579143214 64.701
1579143215 64.701
1579143217 39.803
1579143218 60.054
1579143219 43.158
1579143220 42.083
1579143221 46.575
1579143223 63.094
1579143224 61.471
1579143225 77.108
1579143226 63.769
1579143228 47.836
1579143229 47.836
1579143231 23.459
1579143232 54.368
1579143233 50.348
1579143234 59.244
1579143235 48.972
1579143237 79.967
1579143238 70.971
1579143239 74.03
1579143240 82.556
1579143245 17.59
1579143246 38.777
1579143247 48.791
1579143248 54.173
1579143249 52.703
1579143251 57.336
1579143252 60.28
1579143253 61.382
1579143254 51.111
1579143255 39.771
1579143256 14.796
1579143257 14.796
1579143259 12.317
1579143260 13.077
1579143261 10.297
1579143262 24.24
1579143263 37.669
1579143264 40.615
1579143266 45.634
1579143267 35.107
1579143268 27.33
1579143269 46.902
1579143269 46.902
1579143272 12.784
1579143274 17.747
1579143275 23.191
1579143276 36.367
1579143277 42.642
1579143278 39.855
1579143279 33.525
1579143281 30.934
1579143282 40.399
1579143283 43.973
1579143286 32.376
1579143287 124.999
1579143289 233.089
1579143290 266.316
1579143291 211.055
1579143292 251.042
1579143293 209.954
1579143294 166.336
1579143295 113.784
1579143297 117.427
1579143299 11.836
1579143300 178.634
1579143301 236.168
1579143302 241.605
1579143304 250.376
1579143305 217.816
1579143306 214.567
1579143307 181.097
1579143308 198.867
1579143309 186.625
1579143312 103.836
1579143312 103.836
1579143314 17.401
1579143315 18.94
1579143316 19.534
1579143317 18.181
1579143319 17.536
1579143320 18.119
1579143321 18.044
1579143322 18.189
1579143323 18.901
1579143324 19.166
1579143328 18.419
1579143329 39.781
1579143330 116.297
1579143331 105.304
1579143333 118.802
1579143334 107.985
1579143335 179.123
1579143336 220.859
1579143337 206.444
1579143338 193.335
1579143342 19.789
1579143343 19.565
1579143344 19.294
1579143345 20.844
1579143346 20.482
1579143347 31.194
1579143348 43.005
1579143349 46.932
1579143350 51.948
1579143353 22.131
1579143355 18.558
1579143356 18.693
1579143357 18.502
1579143359 18.82
1579143360 18.179
1579143361 25.244
1579143362 37.261
1579143363 43.155
1579143365 49.192
1579143367 30.956
1579143367 30.956
1579143369 36.222
1579143371 105.286
1579143372 203.371
1579143373 257.088
1579143374 216.644
1579143375 222.251
1579143376 180.415
1579143377 261.67
1579143378 244.627
1579143381 16.338
1579143381 16.338
1579143383 53.366
1579143384 139.487
1579143385 157.14
1579143386 187.775
1579143388 247.843
1579143389 285.89
1579143390 291.248
1579143391 272.181
1579143392 270.056
1579143394 55.068
1579143396 75.367
1579143398 187.474
1579143399 199.397
1579143400 241.119
1579143401 268.022
1579143402 301.27
1579143403 307.302
1579143404 258.077
1579143405 255.322
1579143408 263.933
1579143410 12.01
1579143411 16.166
1579143412 19.497
1579143414 50.07
1579143415 143.411
1579143416 156.111
1579143417 169.417
1579143418 103.216
1579143419 85.285
1579143420 89.077
1579143422 56.695
1579143424 25.614
1579143425 99.896
1579143426 105.671
1579143428 107.959
1579143429 114.815
1579143430 159.141
1579143431 201.701
1579143432 172.907
1579143433 222.631
1579143434 218.903
1579143435 113.005
1579143438 67.412
1579143439 227.211
1579143440 243.034
1579143441 263.877
1579143442 281.7
1579143443 252.861
1579143444 248.353
1579143446 203.935
1579143447 270.812
1579143448 221.993
1579143449 221.66
1579143452 17.584
1579143454 18.191
1579143455 18.964
1579143456 18.622
1579143457 18.332
1579143458 17.714
1579143460 18.222
1579143461 19.156
1579143462 83.66
1579143463 97.582
1579143465 12.829
1579143467 18.534
1579143468 18.943
1579143469 19.399
1579143470 18.488
1579143471 18.366
1579143472 19.193
1579143474 19.805
1579143475 19.215
1579143477 10.624
1579143479 21.503
1579143481 22.156
1579143482 22.236
1579143483 19.934
1579143484 19.719
1579143485 21.165
1579143487 20.757
1579143488 20.455
1579143489 21.86
1579143493 10.553
1579143494 19.97
1579143495 20.495
1579143496 21.914
1579143497 22.363
1579143498 19.28
1579143500 21.967
1579143501 22.275
1579143502 23.459
1579143503 21.74
1579143504 21.704
1579143504 21.704
1579143508 21.57
1579143509 21.409
1579143510 23.203
1579143511 19.547
1579143513 20.904
1579143514 20.602
1579143515 38.697
1579143516 118.361
1579143517 158.701
1579143519 124.396
1579143521 11.427
1579143522 19.164
1579143523 17.592
1579143524 19.549
1579143525 65.307
1579143527 71.535
1579143528 77.175
1579143529 76.846
1579143530 73.663
1579143531 74.595
1579143533 45.763
1579143535 18.957
1579143536 22.011
1579143537 21.41
1579143538 18.636
1579143540 19.899
1579143541 50.232
1579143542 96.785
1579143543 114.595
1579143544 221.431
1579143545 270.848
1579143547 79.913
1579143549 27.731
1579143550 106.835
1579143551 187.827
1579143552 214.033
1579143553 215.833
1579143555 178.325
1579143556 210.552
1579143557 245.93
1579143558 220.321
1579143559 235.489
1579143560 73.01
1579143562 113.816
1579143564 162.471
1579143565 107.202
1579143566 127.589
1579143567 159.808
1579143568 122.422
1579143569 108.05
1579143571 104.366
1579143572 89.324
1579143574 70.367
1579143576 39.27
1579143578 91.544
1579143579 108.512
1579143580 93.751
1579143581 112.534
1579143582 146.878
1579143583 140.377
1579143584 129.36
1579143586 66.474
1579143588 96.584
1579143590 34.295
1579143591 113.95
1579143593 176.005
1579143594 133.089
1579143595 153.688
1579143596 133.343
1579143597 103.134
1579143598 116.815
1579143600 111.695
1579143602 55.404
1579143604 16.063
1579143605 16.49
1579143607 17.817
1579143608 16.95
1579143609 16.324
1579143610 15.667
1579143611 15.317
1579143612 15.043
1579143614 15.648
1579143616 10.949
1579143617 10.949
1579143619 14.8
1579143620 14.014
1579143622 16.089
1579143623 14.874
1579143624 15.683
1579143625 14.685
1579143626 14.919
1579143628 14.613
1579143632 15.707
1579143633 36.299
1579143635 33.999
1579143636 55.442
1579143637 47.379
1579143638 51.793
1579143639 56.082
1579143640 45.278
1579143641 49.834
1579143646 15.085
1579143647 13.745
1579143648 15.22
1579143650 13.847
1579143651 14.595
1579143652 36.046
1579143653 42.139
1579143654 42.894
1579143655 30.6
1579143660 16.37
1579143661 25.544
1579143662 26.942
1579143663 24.385
1579143665 38.811
1579143666 49.15
1579143667 53.23
1579143668 61.48
1579143669 64.561
1579143671 60.59
1579143672 21.188
1579143672 21.188
1579143674 20.177
1579143675 28.279
1579143676 61.619
1579143677 65.563
1579143679 82.859
1579143680 130.354
1579143681 103.032
1579143682 122.559
1579143683 100.115
1579143684 95.716
1579143688 17.427
1579143689 18.262
1579143690 17.698
1579143691 18.596
1579143693 19.541
1579143694 18.664
1579143695 17.425
1579143696 18.118
1579143697 16.912
1579143699 14.299
1579143701 10.905
1579143702 16.211
1579143703 16.956
1579143704 16.446
1579143706 17.095
1579143707 17.78
1579143708 17.846
1579143709 19.506
1579143710 15.411
1579143711 20.049
1579143713 10.564
1579143715 14.346
1579143716 17.275
1579143717 19.12
1579143719 49.136
1579143720 136.4
1579143721 143.216
1579143722 133.371
1579143723 135.432
1579143724 126.165
1579143727 56.966
1579143728 56.966
1579143729 22.539
1579143730 20.799
1579143731 20.614
1579143733 23.0
1579143734 22.814
1579143735 20.66
1579143736 23.335
1579143737 22.744
1579143739 22.852
1579143743 18.087
1579143744 20.108
1579143745 18.985
1579143747 19.003
1579143748 66.064
1579143749 85.025
1579143750 104.958
1579143751 100.638
1579143753 100.968
1579143754 105.658
1579143755 11.292
1579143755 11.292
1579143757 28.78
1579143758 49.939
1579143760 49.805
1579143761 48.815
1579143762 99.54
1579143763 104.128
1579143764 99.857
1579143765 99.003
1579143768 66.529
1579143770 32.61
1579143771 65.034
1579143772 61.401
1579143774 75.823
1579143775 76.205
1579143776 66.43
1579143777 73.55
1579143778 66.6
1579143779 60.813
1579143782 48.533
1579143784 12.461
1579143785 16.337
1579143786 22.931
1579143788 69.579
1579143789 92.845
1579143790 85.232
1579143791 78.856
1579143792 68.849
1579143794 78.423
1579143796 63.864
1579143798 16.119
1579143799 15.955
1579143800 15.414
1579143802 15.451
1579143803 15.534
1579143804 17.797
1579143805 16.095
1579143806 14.81
1579143807 15.437
1579143809 15.129
1579143810 11.157
1579143811 11.157
1579143812 18.599
1579143813 19.17
1579143814 19.269
1579143816 18.394
1579143817 16.795
1579143818 17.311
1579143819 18.66
1579143820 19.901
1579143821 18.171
1579143824 11.932
1579143825 11.932
1579143826 16.366
1579143827 46.673
1579143828 72.729
1579143830 60.565
1579143831 58.442
1579143832 82.903
1579143833 45.39
1579143834 58.48
1579143835 85.514
1579143838 67.636
1579143838 67.636
1579143840 16.725
1579143841 18.042
1579143842 30.986
1579143844 43.897
1579143845 28.429
1579143846 47.852
1579143847 64.496
1579143848 62.303
1579143849 49.425
1579143851 65.386
1579143854 13.283
1579143855 10.854
1579143856 12.098
1579143857 12.032
1579143859 12.643
1579143860 10.452
1579143861 12.604
1579143862 20.859
1579143863 30.617
1579143868 13.278
1579143869 12.987
1579143870 13.716
1579143871 12.825
1579143872 10.48
1579143875 11.164
1579143876 12.435
1579143877 14.147
1579143882 11.069
1579143883 10.607
1579143884 16.655
1579143885 41.739
1579143886 57.657
1579143888 74.311
1579143889 37.671
1579143890 38.325
1579143891 34.891
1579143896 11.539
1579143897 13.975
1579143898 12.641
1579143899 16.816
1579143900 33.934
1579143901 37.613
1579143903 40.871
1579143904 43.335
1579143905 55.222
1579143906 73.947
1579143910 13.058
1579143913 11.055
1579143914 12.291
1579143915 11.583
1579143917 11.075
1579143918 12.575
1579143919 11.347
1579143920 14.982
1579143926 13.552
1579143927 26.104
1579143928 43.559
1579143929 48.379
1579143930 40.165
1579143932 38.38
1579143933 40.009
1579143934 22.309
1579143937 10.785
1579143939 11.582
1579143943 10.111
1579143944 11.03
1579143948 12.135
1579143951 14.861
1579143952 23.642
1579143954 21.435
1579143955 17.916
1579143956 26.923
1579143957 27.959
1579143958 42.388
1579143959 69.968
1579143960 61.133
1579143962 57.99
1579143963 11.403
1579143963 11.403
1579143965 14.076
1579143966 17.026
1579143967 17.651
1579143968 17.596
1579143970 17.479
1579143971 16.83
1579143972 17.012
1579143973 17.768
1579143974 16.88
1579143976 15.446
1579143978 18.41
1579143979 53.785
1579143980 92.789
1579143981 111.012
1579143983 101.842
1579143984 86.109
1579143985 89.863
1579143986 90.138
1579143987 97.165
1579143988 108.274
1579143990 74.983
1579143992 12.039
1579143993 63.728
1579143994 82.187
1579143995 91.389
1579143997 104.279
1579143998 105.103
1579143999 97.208
1579144000 102.522
1579144001 110.293
1579144002 105.127
1579144004 78.136
1579144006 20.513
1579144007 23.008
1579144008 21.049
1579144009 50.956
1579144010 83.888
1579144012 85.791
1579144013 102.537
1579144014 98.827
1579144015 97.409
1579144016 90.658
1579144017 73.227
1579144020 23.141
1579144021 47.996
1579144022 48.494
1579144023 64.557
1579144024 64.705
1579144026 62.828
1579144027 84.258
1579144028 100.297
1579144029 94.842
1579144030 91.477
1579144031 36.534
1579144032 36.534
1579144034 32.785
1579144035 70.542
1579144036 70.602
1579144037 79.96
1579144038 76.706
1579144040 78.019
1579144041 69.489
1579144042 69.337
1579144043 45.813
1579144045 12.202
1579144046 12.202
1579144048 15.9
1579144049 15.247
1579144050 16.377
1579144051 19.651
1579144052 51.861
1579144054 61.594
1579144055 72.493
1579144056 79.332
1579144057 84.772
1579144059 36.992
1579144060 36.992
1579144062 66.481
1579144063 83.501
1579144064 79.033
1579144065 94.878
1579144066 94.132
1579144068 79.447
1579144069 84.815
1579144070 81.595
1579144071 77.932
1579144072 79.586
1579144073 11.984
1579144074 11.984
1579144076 14.387
1579144077 32.169
1579144078 54.186
1579144079 57.701
1579144080 51.564
1579144082 55.51
1579144083 43.734
1579144084 63.539
1579144085 85.484
1579144086 95.402
1579144086 95.402
1579144087 10.698
1579144088 10.698
1579144090 40.8
1579144091 50.886
1579144092 83.546
1579144093 76.47
1579144094 86.319
1579144095 91.721
1579144097 65.894
1579144098 69.314
1579144099 70.274
1579144100 57.916
1579144104 34.475
1579144105 57.364
1579144106 71.113
1579144107 67.959
1579144108 86.445
1579144109 90.595
1579144111 79.451
1579144112 82.758
1579144113 71.346
1579144114 89.465
1579144117 18.327
1579144119 18.308
1579144120 17.727
1579144121 20.283
1579144122 79.42
1579144123 62.727
1579144124 75.784
1579144126 64.775
1579144128 82.098
1579144130 11.61
1579144131 43.228
1579144133 63.682
1579144134 56.08
1579144135 94.275
1579144136 73.454
1579144137 43.985
1579144139 56.271
1579144140 73.832
1579144142 39.472
1579144144 12.582
1579144146 37.917
1579144147 51.58
1579144148 59.329
1579144149 47.036
1579144150 72.242
1579144151 77.613
1579144153 80.38
1579144154 79.033
1579144156 54.585
1579144158 14.349
1579144160 14.356
1579144161 10.783
1579144162 25.554
1579144163 40.898
1579144164 45.494
1579144165 43.909
1579144166 52.577
1579144168 68.233
1579144170 36.483
1579144171 36.483
1579144172 12.356
1579144173 11.665
1579144175 18.118
1579144176 48.682
1579144177 19.266
1579144178 60.273
1579144179 46.057
1579144180 46.865
1579144182 48.621
1579144184 51.107
1579144185 51.107
1579144188 11.715
1579144190 11.82
1579144192 10.598
1579144193 19.901
1579144194 26.089
1579144195 25.169
1579144198 12.237
1579144199 12.237
1579144202 10.776
1579144231 10.999
1579144232 13.655
1579144233 18.323
1579144235 24.354
1579144236 20.588
1579144281 67.654
1579144282 145.79
1579144283 148.796
1579144284 142.121
1579144285 142.723
1579144286 140.235
1579144288 150.239
1579144289 152.674
1579144290 141.706
1579144291 144.476
1579144292 58.137
1579144293 58.137
1579144295 25.972
1579144296 25.954
1579144297 23.99
1579144298 24.104
1579144299 24.033
1579144301 24.066
1579144302 23.213
1579144303 25.421
1579144304 24.203
1579144309 30.33
1579144310 123.062
1579144311 183.618
1579144312 184.701
1579144313 198.218
1579144314 137.672
1579144316 182.813
1579144317 194.661
1579144318 213.773
1579144320 127.47
1579144321 47.101
1579144321 47.101
1579144322 20.784
1579144323 23.861
1579144324 26.512
1579144325 133.41
1579144327 160.985
1579144328 182.518
1579144329 205.943
1579144330 191.606
1579144331 223.524
1579144332 220.459
1579144337 17.697
1579144338 17.84
1579144339 65.582
1579144340 76.137
1579144341 79.655
1579144343 75.865
1579144344 69.572
1579144345 70.452
1579144346 71.466
1579144347 66.712
1579144350 17.96
1579144351 126.634
1579144352 291.135
1579144353 286.696
1579144354 291.486
1579144355 293.166
1579144356 219.217
1579144358 251.632
1579144359 270.546
1579144360 254.769
1579144361 253.579
1579144364 20.17
1579144365 20.038
1579144367 41.906
1579144368 200.901
1579144369 294.487
1579144370 314.122
1579144371 321.256
1579144372 303.484
1579144373 333.07
1579144376 44.85
1579144376 44.85
1579144378 104.632
1579144379 316.539
1579144380 283.312
1579144381 272.009
1579144382 310.254
1579144384 289.479
1579144385 292.672
1579144386 290.695
1579144387 288.208
1579144389 149.667
1579144391 53.409
1579144393 240.21
1579144394 197.795
1579144395 185.558
1579144396 196.747
1579144397 185.082
1579144398 198.727
1579144399 162.002
1579144401 127.96
1579144403 86.517
1579144405 28.459
1579144406 144.961
1579144408 287.994
1579144409 303.253
1579144410 283.575
1579144411 199.207
1579144412 186.371
1579144413 170.431
1579144414 189.008
1579144417 119.766
1579144419 21.068
1579144420 58.603
1579144421 55.571
1579144422 53.231
1579144424 71.274
1579144425 245.176
1579144426 273.722
1579144427 280.511
1579144428 275.575
1579144429 179.564
1579144430 160.598
1579144433 21.59
1579144434 143.241
1579144435 306.763
1579144436 311.785
1579144437 293.146
1579144438 262.681
1579144440 242.783
1579144441 225.659
1579144442 210.325
1579144443 163.796
1579144444 145.747
1579144447 91.373
1579144448 224.705
1579144449 207.588
1579144450 217.651
1579144451 217.609
1579144452 222.696
1579144453 234.043
1579144454 226.723
1579144456 227.544
1579144457 224.563
1579144458 239.379
1579144458 239.379
1579144461 23.1
1579144462 22.656
1579144464 24.237
1579144465 24.216
1579144466 23.274
1579144467 128.007
1579144468 150.552
1579144469 196.7
1579144472 273.835
1579144475 22.676
1579144476 22.203
1579144477 22.895
1579144479 22.941
1579144480 22.947
1579144481 22.048
1579144482 22.288
1579144483 22.405
1579144484 22.988
1579144486 21.844
1579144488 14.261
1579144489 28.878
1579144490 31.325
1579144491 29.785
1579144493 86.912
1579144494 209.735
1579144495 234.73
1579144496 268.967
1579144497 255.897
1579144498 244.838
1579144499 214.978
1579144502 12.556
1579144503 28.719
1579144504 24.709
1579144505 24.368
1579144507 25.044
1579144508 25.776
1579144509 24.538
1579144510 24.807
1579144511 113.493
1579144514 154.298
1579144516 19.482
1579144517 20.763
1579144518 20.59
1579144520 21.309
1579144521 20.846
1579144522 19.363
1579144523 19.113
1579144524 19.97
1579144526 20.063
1579144530 20.067
1579144531 19.386
1579144533 26.694
1579144534 116.458
1579144535 259.651
1579144536 288.836
1579144537 276.684
1579144538 249.204
1579144539 274.028
1579144542 71.246
1579144542 71.246
1579144544 93.723
1579144545 72.904
1579144546 87.848
1579144547 87.098
1579144549 188.025
1579144550 213.175
1579144551 225.705
1579144552 183.318
1579144553 159.587
1579144554 168.735
1579144555 40.808
1579144556 40.808
1579144558 18.606
1579144559 19.167
1579144560 18.275
1579144561 73.244
1579144563 92.209
1579144564 87.905
1579144565 89.118
1579144566 92.045
1579144567 87.21
1579144569 108.567
1579144571 11.719
1579144572 23.98
1579144573 23.927
1579144575 23.849
1579144576 23.922
1579144577 23.86
1579144578 23.261
1579144579 22.257
1579144580 23.118
1579144583 54.99
1579144585 13.513
1579144586 31.808
1579144588 89.95
1579144589 110.835
1579144590 92.696
1579144591 96.224
1579144592 108.485
1579144593 109.772
1579144595 114.735
1579144597 78.453
1579144598 78.453
1579144599 284.728
1579144600 265.831
1579144601 172.84
1579144603 158.286
1579144604 163.57
1579144605 169.165
1579144606 170.846
1579144607 166.983
1579144608 168.615
1579144611 120.829
1579144612 120.829
1579144613 164.039
1579144614 229.461
1579144615 195.184
1579144617 176.741
1579144618 193.21
1579144619 189.39
1579144620 200.412
1579144621 198.846
1579144622 209.949
1579144623 212.862
1579144624 106.033
1579144627 20.141
1579144628 71.654
1579144629 79.606
1579144630 77.509
1579144631 115.472
1579144633 243.797
1579144634 258.553
1579144635 259.072
1579144636 252.59
1579144637 246.642
1579144638 143.957
1579144640 12.345
1579144642 19.325
1579144643 19.603
1579144644 20.429
1579144645 20.094
1579144646 51.965
1579144648 184.829
1579144649 259.252
1579144650 154.338
1579144652 156.122
1579144654 26.804
1579144655 131.355
1579144657 258.615
1579144658 191.242
1579144659 184.401
1579144660 162.119
1579144661 172.833
1579144662 175.641
1579144663 177.129
1579144666 149.073
1579144668 16.753
1579144669 22.339
1579144671 22.505
1579144672 112.969
1579144673 123.869
1579144674 118.162
1579144675 136.282
1579144676 138.48
1579144678 158.584
1579144679 166.135
1579144680 52.705
1579144681 52.705
1579144682 61.818
1579144683 87.892
1579144685 91.736
1579144686 85.926
1579144687 85.176
1579144688 84.734
1579144689 84.75
1579144691 77.758
1579144692 78.812
1579144693 83.262
1579144697 28.751
1579144698 26.707
1579144699 29.004
1579144700 164.943
1579144701 281.553
1579144702 250.234
1579144704 283.321
1579144705 292.813
1579144706 292.779
1579144707 298.694
1579144709 17.079
1579144710 284.303
1579144711 298.821
1579144712 249.924
1579144714 212.394
1579144715 248.809
1579144716 256.368
1579144717 224.976
1579144718 238.515
1579144719 217.453
1579144720 244.185
1579144721 101.128
1579144724 28.27
1579144725 32.855
1579144726 31.279
1579144727 31.107
1579144729 31.606
1579144730 30.573
1579144731 33.243
1579144732 31.933
1579144733 32.07
1579144735 32.069
1579144736 14.408
1579144736 14.408
1579144737 16.078
1579144738 29.752
1579144739 66.401
1579144740 236.65
1579144741 263.582
1579144742 188.483
1579144744 183.978
1579144745 188.784
1579144746 205.856
1579144747 200.572
1579144749 24.741
1579144750 24.741
1579144752 38.994
1579144753 159.769
1579144754 197.682
1579144755 240.925
1579144756 260.226
1579144757 254.321
1579144758 261.63
1579144760 229.919
1579144761 245.619
1579144763 96.11
1579144765 21.734
1579144766 21.924
1579144768 47.077
1579144769 152.528
1579144770 236.47
1579144771 246.156
1579144772 194.663
1579144773 235.661
1579144774 194.472
1579144775 246.091
1579144777 150.795
1579144779 14.544
1579144780 19.96
1579144781 17.422
1579144783 19.656
1579144784 19.922
1579144785 40.952
1579144786 76.894
1579144787 72.876
1579144789 78.304
1579144791 15.392
1579144792 15.392
1579144793 220.065
1579144794 263.644
1579144795 235.931
1579144797 192.87
1579144798 259.374
1579144799 270.006
1579144800 226.687
1579144801 245.381
1579144802 246.932
1579144803 214.452
1579144804 169.634
1579144807 29.147
1579144808 32.267
1579144809 31.732
1579144810 41.219
1579144812 90.169
1579144813 93.979
1579144814 95.973
1579144815 102.318
1579144816 112.918
1579144817 118.942
1579144819 22.64
1579144819 22.64
1579144821 31.077
1579144822 31.191
1579144823 30.124
1579144825 27.623
1579144826 29.1
1579144827 30.71
1579144828 30.486
1579144829 28.907
1579144830 31.686
1579144831 30.273
1579144832 30.273
1579144835 17.813
1579144836 19.099
1579144837 20.686
1579144839 20.468
1579144840 67.874
1579144841 247.765
1579144842 207.124
1579144843 235.531
1579144844 173.859
1579144845 173.859
1579144845 200.813
1579144846 200.813
1579144848 44.764
1579144849 253.275
1579144850 279.315
1579144851 269.369
1579144852 274.142
1579144853 169.49
1579144855 264.267
1579144856 210.178
1579144857 243.818
1579144858 175.804
1579144863 134.361
1579144864 239.325
1579144865 238.767
1579144866 198.826
1579144867 199.547
1579144868 227.524
1579144869 208.005
1579144871 192.54
1579144872 199.068
1579144874 45.798
1579144875 45.798
1579144876 64.556
1579144878 104.893
1579144879 171.174
1579144880 211.495
1579144881 267.518
1579144882 257.689
1579144883 196.921
1579144884 209.0
1579144885 224.781
1579144888 64.639
1579144890 18.253
1579144891 17.702
1579144892 18.716
1579144893 16.863
1579144895 19.834
1579144896 20.154
1579144897 20.571
1579144898 20.027
1579144899 19.152
1579144904 17.882
1579144905 18.607
1579144906 18.219
1579144908 17.388
1579144909 18.785
1579144910 17.935
1579144911 18.114
1579144912 18.343
1579144915 17.781
1579144918 19.302
1579144920 18.894
1579144921 17.186
1579144922 17.885
1579144923 24.026
1579144924 57.714
1579144925 65.666
1579144927 61.412
1579144929 76.055
1579144931 15.245
1579144932 20.631
1579144934 37.382
1579144935 66.756
1579144936 51.292
1579144937 73.555
1579144938 61.681
1579144939 73.237
1579144941 80.953
1579144943 49.779
1579144944 12.537
1579144944 12.537
1579144945 16.082
1579144946 17.826
1579144948 44.893
1579144949 61.715
1579144950 84.113
1579144951 71.112
1579144952 74.607
1579144953 79.591
1579144955 68.387
1579144957 53.178
1579144958 53.178
1579144958 18.861
1579144959 12.191
1579144960 15.83
1579144962 35.899
1579144963 51.719
1579144964 59.295
1579144965 53.57
1579144966 35.451
1579144967 51.017
1579144969 53.891
1579144971 13.225
1579144972 13.225
1579144973 11.285
1579144974 25.36
1579144976 42.733
1579144977 35.391
1579144978 35.822
1579144979 30.522
1579144980 25.965
1579144981 27.055
1579144983 40.728
1579144985 10.489
1579144986 10.489
1579144987 11.818
1579144990 11.037
1579144991 11.324
1579144992 11.009
1579144993 11.67
1579144994 14.152
1579144995 21.758
1579144996 24.813
1579145003 19.956
1579145005 18.68
1579145006 18.548
1579145007 20.669
1579145008 20.325
1579145009 18.802
1579145010 20.255
1579145017 10.733
1579145019 22.371
1579145020 28.491
1579145021 30.827
1579145022 29.923
1579145023 33.606
1579145026 54.32
1579145029 11.402
1579145030 32.123
1579145032 58.962
1579145033 55.876
1579145034 40.591
1579145035 56.918
1579145036 39.381
1579145037 49.271
1579145040 33.793
1579145043 17.497
1579145044 16.585
1579145046 16.893
1579145047 16.702
1579145048 16.559
1579145049 16.578
1579145050 16.407
1579145051 16.581
1579145054 45.367
1579145056 22.732
1579145057 22.32
1579145058 48.226
1579145060 124.255
1579145061 91.204
1579145062 106.31
1579145063 94.723
1579145064 104.414
1579145065 62.345
1579145068 37.731
1579145069 37.731
1579145070 74.033
1579145071 73.697
1579145072 82.31
1579145074 85.791
1579145075 91.625
1579145076 80.099
1579145077 91.497
1579145078 92.46
1579145079 90.678
1579145084 14.829
1579145085 14.395
1579145086 13.962
1579145088 15.237
1579145089 16.016
1579145090 47.932
1579145091 62.32
1579145092 41.149
1579145094 88.036
1579145095 69.96
1579145096 12.813
1579145096 12.813
1579145098 17.806
1579145099 17.433
1579145100 37.111
1579145102 71.482
1579145103 75.24
1579145104 68.558
1579145105 83.226
1579145106 68.703
1579145107 77.762
1579145109 87.132
1579145110 12.493
1579145110 12.493
1579145112 19.062
1579145113 18.419
1579145114 19.563
1579145116 15.308
1579145117 49.143
1579145118 63.565
1579145119 67.103
1579145120 63.419
1579145121 42.906
1579145123 42.928
1579145126 33.896
1579145127 40.347
1579145128 43.504
1579145130 57.14
1579145131 69.648
1579145132 60.788
1579145133 62.911
1579145134 75.754
1579145135 69.444
1579145136 56.53
1579145140 16.849
1579145141 17.47
1579145142 16.2
1579145143 15.776
1579145144 15.435
1579145145 20.929
1579145147 51.656
1579145148 62.261
1579145149 80.061
1579145150 47.433
1579145152 19.978
1579145153 46.411
1579145155 58.302
1579145156 58.621
1579145157 53.525
1579145158 47.718
1579145159 32.009
1579145160 51.233
1579145162 53.824
1579145163 80.354
1579145164 71.822
1579145165 59.677
1579145166 59.677
1579145166 23.097
1579145167 30.126
1579145169 47.995
1579145170 31.564
1579145171 54.88
1579145172 43.001
1579145173 50.52
1579145174 44.151
1579145176 24.662
1579145177 29.183
1579145178 37.373
1579145181 26.075
1579145183 46.115
1579145184 43.747
1579145185 63.832
1579145186 46.503
1579145187 50.736
1579145188 65.654
1579145190 65.458
1579145191 48.788
1579145192 52.375
1579145193 10.101
1579145193 10.101
1579145194 12.508
1579145195 36.052
1579145197 33.174
1579145198 63.711
1579145199 63.473
1579145200 53.236
1579145201 46.226
1579145202 52.81
1579145204 53.359
1579145205 48.18
1579145206 49.021
1579145208 17.733
1579145209 45.587
1579145210 29.861
1579145212 37.375
1579145213 30.877
1579145214 37.755
1579145215 45.14
1579145216 43.732
1579145217 29.083
1579145220 51.639
1579145223 21.212
1579145224 21.4
1579145226 37.532
1579145227 26.989
1579145228 17.624
1579145229 27.587
1579145230 38.244
1579145231 17.962
1579145234 10.39
1579145239 12.375
1579145300 11.794
1579145302 17.906
1579145303 18.735
1579145304 21.013
1579145306 15.892
1579145307 30.228
1579145309 29.143
1579145310 27.046
1579145311 26.206
1579145312 40.573
1579145313 204.855
1579145315 235.94
1579145316 246.627
1579145317 234.656
1579145318 149.32
1579145320 144.979
1579145321 243.894
1579145323 248.687
1579145324 242.617
1579145325 245.0
1579145326 225.986
1579145327 210.441
1579145328 232.083
1579145329 190.862
1579145330 191.59
1579145332 187.88
1579145334 20.115
1579145335 168.22
1579145336 230.222
1579145337 255.752
1579145338 216.756
1579145340 216.767
1579145341 209.016
1579145342 202.007
1579145343 208.988
1579145344 219.283
1579145346 13.241
1579145347 13.241
1579145347 29.635
1579145349 247.345
1579145350 203.572
1579145351 199.088
1579145352 168.253
1579145353 166.435
1579145354 171.447
1579145356 141.673
1579145357 126.537
1579145358 140.233
1579145359 143.306
1579145363 25.291
1579145364 26.123
1579145365 25.262
1579145366 25.055
1579145367 24.417
1579145369 23.108
1579145370 59.24
1579145371 70.538
1579145372 74.51
1579145373 51.402
1579145376 20.749
1579145377 117.304
1579145378 147.426
1579145379 218.676
1579145380 220.936
1579145381 249.611
1579145383 255.189
1579145384 252.378
1579145385 253.798
1579145386 192.332
1579145387 218.074
1579145389 59.275
1579145390 171.544
1579145392 101.234
1579145393 76.4
1579145394 88.522
1579145395 90.63
1579145396 97.4
1579145397 87.869
1579145399 83.505
1579145400 94.738
1579145401 68.076
1579145403 17.341
1579145404 23.329
1579145406 107.893
1579145407 172.47
1579145408 232.213
1579145409 245.984
1579145410 254.409
1579145411 244.863
1579145413 227.777
1579145415 224.71
1579145417 11.177
1579145418 35.559
1579145419 193.14
1579145420 213.17
1579145422 199.14
1579145423 199.998
1579145424 198.572
1579145425 177.585
1579145426 210.932
1579145427 213.396
1579145432 23.045
1579145433 21.882
1579145434 23.94
1579145435 78.971
1579145437 202.409
1579145438 137.283
1579145439 188.42
1579145440 168.851
1579145441 168.783
1579145442 171.494
1579145447 67.158
1579145448 179.644
1579145449 188.701
1579145451 205.99
1579145452 215.507
1579145453 208.762
1579145454 193.054
1579145455 223.183
1579145456 202.517
1579145460 63.467
1579145461 174.439
1579145462 235.697
1579145463 142.11
1579145464 215.631
1579145465 241.95
1579145466 201.131
1579145468 178.574
1579145469 190.189
1579145470 202.226
1579145473 23.212
1579145475 85.931
1579145476 202.125
1579145477 159.365
1579145478 221.637
1579145479 195.074
1579145480 242.16
1579145481 246.743
1579145483 225.649
1579145484 229.748
1579145484 229.748
1579145487 30.576
1579145488 28.541
1579145489 31.121
1579145491 28.852
1579145492 171.836
1579145493 177.725
1579145494 187.142
1579145495 191.227
1579145496 216.621
1579145497 216.621
1579145497 185.864
1579145498 185.864
1579145501 139.99
1579145502 135.719
1579145503 139.226
1579145505 180.5
1579145506 179.79
1579145507 192.691
1579145508 200.807
1579145509 143.819
1579145510 167.182
1579145511 176.643
1579145515 17.681
1579145516 17.659
1579145517 17.115
1579145519 16.999
1579145520 17.286
1579145521 59.663
1579145522 174.385
1579145523 212.67
1579145524 219.187
1579145526 178.897
1579145528 10.768
1579145529 86.817
1579145530 205.35
1579145531 213.921
1579145532 182.204
1579145534 212.551
1579145535 221.395
1579145536 185.46
1579145537 201.871
1579145538 181.855
1579145539 158.614
1579145543 19.178
1579145544 27.661
1579145545 132.546
1579145546 165.407
1579145547 186.476
1579145549 185.668
1579145550 168.956
1579145551 188.877
1579145552 188.03
1579145553 190.157
1579145554 16.762
1579145555 16.762
1579145556 10.094
1579145557 21.948
1579145558 21.043
1579145559 22.02
1579145560 21.99
1579145561 19.759
1579145563 20.503
1579145564 21.733
1579145565 21.79
1579145566 21.045
1579145567 12.966
1579145570 24.433
1579145571 27.28
1579145572 83.129
1579145573 136.288
1579145574 151.388
1579145576 164.295
1579145577 160.903
1579145578 143.4
1579145579 156.577
1579145580 163.944
1579145581 64.341
1579145582 64.341
1579145584 77.625
1579145585 137.25
1579145586 165.703
1579145587 129.244
1579145588 132.901
1579145590 158.525
1579145591 133.439
1579145592 151.326
1579145593 152.784
1579145595 62.969
1579145596 62.969
1579145598 32.305
1579145599 92.59
1579145600 99.131
1579145601 93.328
1579145602 88.976
1579145603 94.683
1579145605 96.986
1579145606 97.564
1579145607 96.288
1579145609 20.652
1579145610 20.652
1579145612 21.036
1579145613 19.928
1579145614 20.657
1579145615 57.964
1579145616 79.572
1579145618 89.867
1579145619 76.728
1579145620 95.887
1579145621 100.446
1579145623 19.875
1579145624 19.875
1579145626 20.007
1579145627 22.76
1579145628 68.493
1579145629 73.624
1579145630 107.967
1579145632 112.969
1579145633 103.707
1579145634 85.157
1579145635 80.978
1579145636 80.583
1579145640 54.905
1579145641 89.372
1579145642 80.269
1579145643 104.072
1579145644 99.994
1579145645 91.42
1579145647 95.497
1579145648 85.899
1579145649 84.44
1579145650 91.082
1579145651 22.362
1579145652 22.362
1579145654 17.987
1579145655 19.245
1579145656 17.754
1579145657 19.99
1579145658 44.19
1579145660 53.159
1579145661 53.824
1579145662 55.482
1579145663 51.953
1579145664 52.432
1579145667 13.663
1579145668 15.465
1579145669 18.878
1579145670 18.845
1579145671 42.582
1579145672 58.572
1579145673 70.525
1579145675 69.091
1579145676 63.495
1579145677 77.336
1579145678 66.579
1579145681 14.363
1579145682 14.282
1579145683 16.3
1579145684 17.11
1579145685 15.607
1579145686 15.619
1579145688 17.391
1579145689 16.875
1579145690 18.161
1579145692 12.833
1579145694 14.074
1579145696 22.125
1579145697 50.089
1579145698 41.674
1579145699 32.88
1579145700 40.857
1579145701 34.152
1579145703 40.177
1579145704 45.405
1579145706 35.351
1579145707 35.351
1579145708 15.977
1579145710 16.262
1579145711 15.939
1579145712 14.328
1579145713 14.84
1579145714 14.369
1579145715 14.7
1579145717 13.839
1579145718 15.885
1579145722 13.683
1579145724 15.709
1579145725 40.497
1579145726 72.769
1579145727 79.498
1579145728 60.394
1579145729 73.624
1579145731 73.893
1579145732 42.484
1579145734 36.557
1579145735 36.557
1579145736 13.02
1579145737 13.044
1579145739 10.886
1579145740 23.774
1579145741 42.187
1579145742 37.82
1579145743 37.754
1579145744 49.94
1579145746 47.602
1579145755 16.935
1579145756 28.838
1579145757 40.121
1579145758 46.549
1579145759 51.101
1579145761 49.154
1579145762 58.682
1579145765 11.008
1579145766 10.516
1579145768 19.276
1579145769 57.036
1579145770 76.029
1579145771 90.651
1579145772 77.044
1579145773 108.605
1579145776 101.839
1579145779 17.752
1579145780 28.131
1579145781 91.799
1579145783 110.137
1579145784 81.139
1579145785 111.949
1579145786 110.821
1579145787 75.235
1579145790 103.981
1579145791 19.117
1579145791 19.117
1579145793 56.203
1579145794 57.249
1579145795 57.352
1579145797 81.995
1579145798 109.587
1579145799 87.257
1579145800 98.754
1579145801 106.525
1579145802 122.739
1579145804 95.608
1579145805 12.835
1579145805 12.835
1579145807 20.145
1579145808 60.252
1579145810 68.777
1579145811 58.802
1579145812 69.978
1579145813 59.156
1579145814 42.165
1579145815 98.156
1579145818 86.272
1579145819 86.272
1579145820 21.749
1579145821 22.691
1579145822 23.534
1579145823 21.965
1579145825 22.445
1579145826 22.22
1579145827 69.462
1579145828 62.372
1579145829 76.652
1579145832 19.323
1579145833 19.323
1579145834 19.77
1579145835 19.69
1579145836 20.578
1579145838 19.59
1579145839 19.068
1579145840 19.674
1579145841 19.653
1579145842 19.7
1579145844 19.017
1579145845 20.387
1579145848 18.061
1579145850 17.908
1579145851 17.072
1579145852 18.201
1579145853 17.496
1579145854 14.893
1579145855 16.719
1579145857 16.526
1579145859 13.309
1579145861 13.289
1579145863 16.86
1579145864 18.294
1579145865 17.511
1579145866 18.918
1579145867 69.204
1579145868 109.395
1579145870 101.181
1579145871 99.831
1579145873 58.783
1579145874 58.783
1579145875 15.61
1579145877 15.688
1579145878 16.182
1579145879 11.689
1579145880 14.828
1579145881 17.428
1579145882 16.422
1579145884 16.224
1579145885 16.962
1579145890 13.692
1579145891 17.594
1579145899 18.569
1579145909 10.874
1579145910 14.037
1579145912 11.521
1579145913 15.138
1579145917 16.097
1579145919 14.716
1579145920 17.822
1579145921 17.475
1579145922 17.938
1579145923 18.189
1579145924 17.796
1579145926 18.39
1579145927 32.981
1579145931 42.005
1579145933 62.784
1579145934 86.479
1579145935 92.158
1579145936 58.641
1579145937 78.305
1579145938 49.555
1579145939 12.468
1579145941 19.854
1579145942 17.321
1579145948 15.232
1579145949 21.032
1579145950 39.071
1579145951 30.272
1579145952 37.785
1579145953 31.79
1579145955 25.595
1579145963 10.37
1579145964 10.891
1579145965 12.398
1579145966 13.792
1579145967 17.43
1579145971 13.569
1579145974 14.341
1579145975 17.248
1579145977 19.972
1579145978 30.672
1579145979 28.003
1579145980 35.562
1579145981 38.375
1579145982 40.093
1579145984 25.233
1579145985 61.823
1579145991 14.985
1579145992 12.73
1579145993 19.245
1579145994 24.77
1579145995 35.99
1579145997 39.248
1579145999 47.888
1579146003 14.124
1579146005 13.42
1579146006 19.142
1579146016 11.05
1579146017 32.417
1579146018 25.949
1579146020 25.259
1579146021 27.716
1579146022 34.283
1579146023 46.567
1579146024 22.173
1579146027 27.091
1579146030 22.451
1579146031 70.446
1579146032 155.853
1579146034 153.905
1579146035 194.913
1579146036 184.318
1579146037 203.975
1579146038 175.561
1579146039 212.415
1579146041 143.582
1579146043 19.95
1579146044 23.716
1579146045 25.367
1579146046 23.513
1579146048 22.85
1579146049 23.581
1579146050 24.171
1579146051 105.279
1579146052 231.898
1579146053 276.454
1579146055 121.889
1579146059 27.597
1579146060 63.888
1579146062 222.1
1579146063 211.934
1579146064 230.712
1579146065 219.108
1579146066 235.363
1579146067 271.933
1579146068 152.83
1579146071 21.595
1579146072 30.607
1579146073 31.275
1579146074 30.345
1579146075 32.525
1579146076 45.252
1579146078 218.538
1579146079 192.672
1579146080 202.589
1579146082 220.81
1579146082 131.834
1579146084 18.905
1579146086 29.045
1579146087 189.509
1579146088 189.409
1579146089 243.052
1579146090 225.495
1579146091 184.659
1579146092 203.628
1579146094 248.998
1579146096 199.245
1579146098 89.114
1579146099 287.946
1579146100 235.79
1579146101 231.869
1579146103 204.9
1579146104 235.589
1579146105 233.996
1579146106 235.071
1579146107 229.169
1579146108 247.001
1579146113 90.748
1579146114 255.474
1579146115 208.532
1579146116 274.158
1579146117 217.195
1579146118 247.581
1579146119 274.818
1579146120 242.646
1579146122 211.953
1579146124 173.266
1579146125 173.266
1579146126 131.26
1579146127 131.819
1579146129 137.396
1579146130 136.662
1579146131 144.488
1579146132 145.108
1579146133 127.67
1579146134 131.166
1579146136 145.031
1579146138 64.539
1579146139 64.539
1579146140 27.712
1579146141 26.498
1579146143 26.251
1579146144 25.185
1579146145 30.042
1579146146 169.428
1579146147 121.849
1579146149 184.13
1579146150 250.032
1579146151 225.272
1579146153 39.448
1579146154 240.345
1579146155 241.186
1579146157 290.106
1579146158 266.787
1579146159 208.051
1579146160 203.392
1579146161 218.959
1579146162 225.419
1579146163 213.38
1579146164 218.844
1579146166 31.775
1579146166 31.775
1579146168 229.529
1579146169 263.118
1579146170 285.075
1579146171 320.4
1579146172 329.035
1579146174 306.876
1579146175 303.312
1579146176 286.696
1579146177 304.974
1579146179 155.907
1579146181 169.807
1579146182 295.672
1579146184 326.645
1579146185 325.408
1579146186 324.24
1579146187 293.549
1579146188 301.071
1579146189 317.911
1579146190 321.834
1579146191 309.694
1579146193 233.548
1579146195 17.425
1579146196 130.957
1579146197 299.338
1579146198 219.992
1579146199 266.139
1579146200 255.143
1579146201 273.95
1579146203 270.231
1579146204 278.088
1579146205 271.403
1579146207 156.222
1579146208 156.222
1579146209 19.829
1579146210 29.205
1579146212 144.06
1579146213 225.845
1579146214 221.89
1579146215 232.203
1579146216 188.706
1579146217 163.964
1579146218 155.653
1579146221 38.939
1579146222 38.939
1579146223 18.99
1579146224 65.511
1579146226 78.146
1579146227 192.289
1579146228 213.395
1579146229 246.928
1579146230 270.003
1579146231 293.357
1579146232 230.582
1579146235 106.499
1579146235 106.499
1579146237 28.907
1579146238 83.826
1579146239 188.363
1579146240 289.66
1579146242 306.462
1579146243 277.184
1579146244 248.024
1579146245 192.353
1579146246 318.789
1579146247 312.693
1579146248 133.902
1579146251 19.626
1579146252 20.376
1579146253 20.919
1579146254 19.498
1579146255 19.478
1579146257 17.5
1579146258 64.571
1579146259 174.715
1579146260 168.798
1579146262 11.024
1579146263 11.024
1579146265 24.995
1579146266 92.258
1579146267 183.08
1579146268 188.074
1579146269 204.973
1579146270 231.2
1579146271 214.708
1579146273 198.825
1579146274 199.512
1579146276 82.464
1579146279 18.743
1579146281 19.109
1579146282 19.906
1579146283 19.317
1579146284 18.789
1579146285 32.503
1579146286 44.262
1579146288 44.574
1579146290 35.081
1579146292 17.027
1579146293 23.482
