1581657691 20.568
1581657693 22.021
1581657694 22.064
1581657695 20.854
1581657696 21.208
1581657697 21.882
1581657698 21.508
1581657700 21.777
1581657701 21.536
1581657706 20.791
1581657707 23.288
1581657708 23.119
1581657709 24.412
1581657710 23.779
1581657712 22.444
1581657713 23.291
1581657714 23.529
1581657715 23.327
1581657716 21.119
1581657720 19.847
1581657721 19.671
1581657722 20.38
1581657723 22.519
1581657724 19.874
1581657726 19.88
1581657727 20.028
1581657728 19.96
1581657729 19.981
1581657730 13.167
1581657733 40.865
1581657734 172.585
1581657735 212.886
1581657736 158.79
1581657737 227.954
1581657738 185.998
1581657739 201.222
1581657741 191.885
1581657742 223.517
1581657743 240.438
1581657744 225.336
1581657745 13.793
1581657746 13.793
1581657746 15.361
1581657747 126.947
1581657749 253.265
1581657750 246.339
1581657751 198.862
1581657752 207.575
1581657753 209.643
1581657754 186.966
1581657755 211.141
1581657756 223.919
1581657761 71.736
1581657762 223.908
1581657763 239.477
1581657765 185.109
1581657766 223.501
1581657767 225.894
1581657768 230.637
1581657769 192.252
1581657770 212.614
1581657771 207.369
1581657772 15.121
1581657773 15.121
1581657775 127.128
1581657776 198.32
1581657777 196.772
1581657778 194.979
1581657779 214.933
1581657780 199.693
1581657782 224.814
1581657783 209.523
1581657784 213.214
1581657786 70.508
1581657787 70.508
1581657788 197.668
1581657790 168.579
1581657791 230.002
1581657792 209.638
1581657793 216.138
1581657794 218.535
1581657795 223.984
1581657796 217.937
1581657797 204.961
1581657800 96.732
1581657802 41.652
1581657803 170.746
1581657804 221.937
1581657806 182.713
1581657807 217.602
1581657808 209.501
1581657809 214.706
1581657810 217.734
1581657811 213.13
1581657812 248.966
1581657813 181.508
1581657816 15.992
1581657817 109.013
1581657818 226.162
1581657819 208.178
1581657820 228.265
1581657821 213.698
1581657822 227.489
1581657824 243.137
1581657825 210.07
1581657826 241.64
1581657827 210.454
1581657829 11.567
1581657830 13.696
1581657832 160.839
1581657833 200.689
1581657834 158.561
1581657835 183.135
1581657836 163.311
1581657837 202.513
1581657838 200.567
1581657840 195.407
1581657841 164.511
1581657846 63.04
1581657847 193.414
1581657848 204.533
1581657849 196.76
1581657850 180.522
1581657851 219.997
1581657852 219.002
1581657855 163.737
1581657857 30.213
1581657858 206.57
1581657859 36.201
1581657860 22.661
1581657862 24.302
1581657863 134.566
1581657864 44.328
1581657865 217.025
1581657866 236.654
1581657867 233.999
1581657868 244.186
1581657872 86.111
1581657873 237.638
1581657874 220.913
1581657875 202.045
1581657876 223.107
1581657878 229.838
1581657879 222.308
1581657880 150.335
1581657881 153.539
1581657882 151.633
1581657886 97.435
1581657887 239.219
1581657888 68.633
1581657894 11.282
1581657895 56.939
1581657896 69.172
1581657899 16.622
1581657900 102.094
1581657901 165.165
1581657902 103.974
1581657903 62.937
1581657905 63.624
1581657906 69.483
1581657907 72.115
1581657908 77.878
1581657909 84.485
1581657910 58.868
1581657913 49.216
1581657914 211.284
1581657915 225.751
1581657916 228.812
1581657917 228.406
1581657918 249.568
1581657919 245.656
1581657921 208.066
1581657922 235.513
1581657923 175.567
1581657924 136.001
1581657926 49.228
1581657928 215.352
1581657929 242.683
1581657930 241.359
1581657931 249.059
1581657932 221.764
1581657933 180.837
1581657934 181.753
1581657936 180.977
1581657938 155.546
1581657940 35.376
1581657941 219.295
1581657943 245.29
1581657944 238.538
1581657945 223.033
1581657946 203.521
1581657947 207.774
1581657948 205.316
1581657949 165.059
1581657950 175.389
1581657952 114.327
1581657955 20.431
1581657956 20.465
1581657957 66.64
1581657959 205.52
1581657960 243.414
1581657961 250.035
1581657962 150.842
1581657963 203.519
1581657964 205.883
1581657965 207.236
1581657965 207.236
1581657969 88.11
1581657970 110.418
1581657971 174.945
1581657972 246.378
1581657973 231.768
1581657974 166.102
1581657976 206.526
1581657977 205.154
1581657978 206.435
1581657980 36.681
1581657981 36.681
1581657982 17.379
1581657984 17.418
1581657985 17.865
1581657986 18.115
1581657987 18.741
1581657988 19.045
1581657989 17.711
1581657991 19.001
1581657992 18.573
1581657993 39.116
1581657997 124.763
1581657998 178.538
1581657999 190.331
1581658000 159.432
1581658001 172.338
1581658002 162.77
1581658004 177.912
1581658005 163.801
1581658006 162.506
1581658007 162.407
1581658009 10.18
1581658011 64.925
1581658012 177.442
1581658013 102.9
1581658014 203.292
1581658015 250.048
1581658016 245.93
1581658017 222.493
1581658018 210.588
1581658020 224.225
1581658021 219.483
1581658021 219.483
1581658024 62.004
1581658025 203.86
1581658027 245.202
1581658028 232.983
1581658029 253.681
1581658030 217.065
1581658031 232.206
1581658032 245.83
1581658033 223.112
1581658034 224.68
1581658036 49.136
1581658036 49.136
1581658038 45.115
1581658039 142.623
1581658040 167.47
1581658041 166.677
1581658042 178.448
1581658044 173.103
1581658045 180.935
1581658046 179.081
1581658047 194.392
1581658049 23.376
1581658050 23.376
1581658052 205.784
1581658053 211.802
1581658054 178.175
1581658055 204.694
1581658056 228.907
1581658057 177.655
1581658059 220.438
1581658060 241.661
1581658061 249.576
1581658063 164.272
1581658064 164.272
1581658065 231.794
1581658067 241.951
1581658068 208.068
1581658069 181.621
1581658070 115.533
1581658071 103.475
1581658072 108.06
1581658073 107.91
1581658075 91.712
1581658077 29.017
1581658078 29.017
1581658079 101.964
1581658081 250.483
1581658082 232.633
1581658083 146.612
1581658084 194.222
1581658085 181.09
1581658086 184.132
1581658087 181.398
1581658089 184.51
1581658091 37.025
1581658092 37.025
1581658093 12.739
1581658094 17.473
1581658096 18.721
1581658097 18.507
1581658098 19.106
1581658099 19.145
1581658100 19.551
1581658102 18.526
1581658103 30.829
1581658104 37.583
1581658107 22.219
1581658109 24.09
1581658110 61.229
1581658111 229.211
1581658112 224.429
1581658113 208.17
1581658114 221.877
1581658116 185.73
1581658117 221.384
1581658118 213.484
1581658121 20.19
1581658123 20.936
1581658124 20.224
1581658125 20.715
1581658126 19.925
1581658127 35.078
1581658128 98.788
1581658130 138.491
1581658132 133.568
1581658134 11.569
1581658135 62.237
1581658137 168.194
1581658138 234.263
1581658139 236.944
1581658140 210.613
1581658141 227.099
1581658142 197.064
1581658143 172.47
1581658146 184.448
1581658148 12.232
1581658149 27.966
1581658150 149.376
1581658151 108.65
1581658153 124.348
1581658154 130.406
1581658155 126.814
1581658156 133.947
1581658157 127.36
1581658160 93.699
1581658162 18.002
1581658163 169.58
1581658164 171.967
1581658165 144.071
1581658167 157.754
1581658168 179.474
1581658169 213.259
1581658170 207.968
1581658171 223.368
1581658172 178.973
1581658173 176.025
1581658176 13.052
1581658177 20.365
1581658178 21.066
1581658179 21.801
1581658181 21.677
1581658182 20.882
1581658183 21.271
1581658184 115.951
1581658185 232.725
1581658186 242.781
1581658188 98.06
1581658190 15.509
1581658191 74.256
1581658192 212.688
1581658193 68.198
1581658195 218.154
1581658196 233.201
1581658197 195.005
1581658198 177.744
1581658199 179.221
1581658200 149.216
1581658201 127.498
1581658204 23.422
1581658205 41.936
1581658206 48.315
1581658207 142.289
1581658209 148.471
1581658210 158.62
1581658211 179.822
1581658212 191.182
1581658213 166.659
1581658214 171.992
1581658216 30.638
1581658216 30.638
1581658218 23.935
1581658219 149.186
1581658220 247.581
1581658221 195.076
1581658223 237.533
1581658224 207.523
1581658225 201.311
1581658226 226.022
1581658227 231.031
1581658229 151.342
1581658230 151.342
1581658232 159.343
1581658233 181.154
1581658234 183.277
1581658235 185.084
1581658236 173.269
1581658238 182.379
1581658239 189.098
1581658240 200.288
1581658241 133.348
1581658243 22.465
1581658244 22.465
1581658246 104.798
1581658247 181.759
1581658248 207.433
1581658249 212.519
1581658250 210.49
1581658251 219.275
1581658252 192.913
1581658254 165.2
1581658255 190.162
1581658257 52.952
1581658258 52.952
1581658259 127.421
1581658261 202.691
1581658262 172.147
1581658263 155.295
1581658264 170.817
1581658265 174.186
1581658266 190.729
1581658268 188.416
1581658269 177.778
1581658271 82.387
1581658272 82.387
1581658273 111.784
1581658275 174.179
1581658276 203.879
1581658277 208.234
1581658278 223.472
1581658279 181.755
1581658280 188.7
1581658281 190.987
1581658283 192.878
1581658285 39.332
1581658286 39.332
1581658287 220.456
1581658288 247.311
1581658289 226.24
1581658291 162.472
1581658292 229.505
1581658293 229.902
1581658294 210.457
1581658295 196.2
1581658296 212.213
1581658297 202.734
1581658298 67.384
1581658301 92.627
1581658302 196.03
1581658303 133.96
1581658304 61.193
1581658305 56.119
1581658307 52.976
1581658308 51.677
1581658309 38.05
1581658310 41.786
1581658311 48.801
1581658313 15.163
1581658313 15.163
1581658315 105.405
1581658316 196.258
1581658317 210.978
1581658318 228.057
1581658319 231.902
1581658321 202.4
1581658322 202.217
1581658323 197.969
1581658324 164.194
1581658326 50.644
1581658327 50.644
1581658329 82.427
1581658330 191.63
1581658331 159.521
1581658332 166.307
1581658333 179.9
1581658334 173.314
1581658336 174.883
1581658337 190.569
1581658338 170.431
1581658340 27.629
1581658341 27.629
1581658343 110.302
1581658344 203.966
1581658345 229.189
1581658346 217.39
1581658347 226.618
1581658348 217.668
1581658349 250.069
1581658351 207.658
1581658352 191.573
1581658353 206.664
1581658354 34.293
1581658355 34.293
1581658356 85.718
1581658358 202.608
1581658359 235.266
1581658360 217.792
1581658361 218.095
1581658362 242.636
1581658363 198.19
1581658364 194.573
1581658366 200.904
1581658368 97.771
1581658369 97.771
1581658370 152.76
1581658371 195.421
1581658373 179.81
1581658374 176.243
1581658375 193.133
1581658376 184.36
1581658377 196.823
1581658378 189.304
1581658380 160.291
1581658381 172.923
1581658382 19.71
1581658383 19.71
1581658384 211.927
1581658385 209.232
1581658386 204.848
1581658388 186.624
1581658389 185.226
1581658390 180.354
1581658391 162.648
1581658392 170.226
1581658393 176.459
1581658396 39.472
1581658396 39.472
1581658398 123.653
1581658399 237.861
1581658400 229.489
1581658401 222.615
1581658402 241.582
1581658404 209.082
1581658405 201.131
1581658406 196.8
1581658407 172.756
1581658409 121.176
1581658412 202.21
1581658413 212.954
1581658414 226.839
1581658415 225.046
1581658416 202.196
1581658417 221.484
1581658418 205.625
1581658419 203.849
1581658421 169.282
1581658423 142.047
1581658425 100.998
1581658426 190.077
1581658427 219.693
1581658429 221.107
1581658430 198.788
1581658431 209.647
1581658432 150.096
1581658433 128.174
1581658434 128.973
1581658435 138.347
1581658437 123.605
1581658439 15.816
1581658440 117.33
1581658441 182.985
1581658442 183.604
1581658444 188.935
1581658445 213.466
1581658446 223.982
1581658447 206.673
1581658448 191.123
1581658449 216.142
1581658450 198.416
1581658453 49.575
1581658454 204.753
1581658455 246.562
1581658456 208.142
1581658457 245.393
1581658458 201.956
1581658459 201.88
1581658461 166.608
1581658462 196.115
1581658463 213.53
1581658464 191.225
1581658468 24.595
1581658469 24.26
1581658470 161.815
1581658471 245.958
1581658472 233.108
1581658473 214.143
1581658474 224.274
1581658476 191.412
1581658477 195.899
1581658478 187.66
1581658480 11.12
1581658481 103.992
1581658482 213.386
1581658483 217.019
1581658485 194.735
1581658486 178.319
1581658487 170.598
1581658488 202.763
1581658489 195.051
1581658490 168.492
1581658491 175.857
1581658494 19.746
1581658495 241.418
1581658496 181.73
1581658497 185.161
1581658499 86.019
1581658500 70.399
1581658501 68.708
1581658502 80.409
1581658503 89.899
1581658504 92.192
1581658505 92.192
1581658505 84.716
1581658506 84.716
1581658508 25.695
1581658509 168.234
1581658510 130.546
1581658511 125.581
1581658513 117.619
1581658514 119.985
1581658515 126.946
1581658516 124.263
1581658517 132.507
1581658520 124.24
1581658522 17.724
1581658523 126.637
1581658524 227.78
1581658526 175.258
1581658527 217.093
1581658528 198.51
1581658529 212.502
1581658530 208.096
1581658531 191.393
1581658532 194.12
1581658533 171.732
1581658536 21.035
1581658537 160.701
1581658538 254.071
1581658539 223.665
1581658540 201.864
1581658541 218.507
1581658542 210.321
1581658544 233.396
1581658545 208.375
1581658546 225.258
1581658547 222.688
1581658548 10.378
1581658549 10.378
1581658551 71.934
1581658552 170.862
1581658553 209.635
1581658554 231.148
1581658555 216.556
1581658556 231.062
1581658557 231.346
1581658559 174.812
1581658560 233.963
1581658562 106.276
1581658563 106.276
1581658564 204.253
1581658565 223.379
1581658566 199.453
1581658568 197.061
1581658569 163.731
1581658570 175.818
1581658571 186.797
1581658572 167.654
1581658573 143.716
1581658575 151.881
1581658578 18.635
1581658579 24.348
1581658580 139.961
1581658582 198.731
1581658583 184.827
1581658584 156.479
1581658585 164.189
1581658586 168.437
1581658587 171.412
1581658589 169.752
1581658592 16.756
1581658593 17.624
1581658594 16.92
1581658596 17.195
1581658597 16.573
1581658598 76.92
1581658599 117.323
1581658600 113.157
1581658603 165.792
1581658606 19.694
1581658607 76.19
1581658609 226.28
1581658610 241.779
1581658611 212.66
1581658612 223.452
1581658613 210.512
1581658614 241.082
1581658615 210.217
1581658616 248.097
1581658616 248.097
1581658620 18.931
1581658621 95.173
1581658622 197.68
1581658623 202.232
1581658624 182.636
1581658626 206.227
1581658627 217.101
1581658628 205.345
1581658629 190.396
1581658630 194.633
1581658634 19.289
1581658635 18.429
1581658636 27.097
1581658637 80.149
1581658638 85.538
1581658640 87.204
1581658641 85.031
1581658642 89.657
1581658643 90.157
1581658644 80.135
1581658647 15.959
1581658648 23.629
1581658649 24.103
1581658650 21.638
1581658651 21.964
1581658653 23.574
1581658654 21.903
1581658655 23.328
1581658656 21.75
1581658657 22.545
1581658659 10.785
1581658661 14.192
1581658662 20.721
1581658663 67.718
1581658664 74.642
1581658666 71.77
1581658667 121.242
1581658668 188.729
1581658669 171.668
1581658670 177.306
1581658671 149.502
1581658673 53.629
1581658673 53.629
1581658675 22.892
1581658676 22.37
1581658677 22.81
1581658678 23.471
1581658680 21.554
1581658681 22.145
1581658682 39.06
1581658683 185.696
1581658684 168.936
1581658685 171.169
1581658689 127.887
1581658690 171.599
1581658691 135.111
1581658693 154.763
1581658694 173.543
1581658695 170.793
1581658696 189.25
1581658697 195.532
1581658698 197.238
1581658700 206.015
1581658703 25.408
1581658704 165.615
1581658705 183.481
1581658706 207.749
1581658708 221.341
1581658709 217.576
1581658710 189.004
1581658711 179.078
1581658712 159.254
1581658717 17.457
1581658718 21.318
1581658719 19.039
1581658720 20.324
1581658722 19.874
1581658723 19.894
1581658724 20.713
1581658725 19.064
1581658726 20.716
1581658728 17.218
1581658730 11.504
1581658731 57.397
1581658732 114.635
1581658733 110.808
1581658735 102.292
1581658736 91.572
1581658737 140.103
1581658738 191.006
1581658739 189.038
1581658740 206.716
1581658741 114.175
1581658744 13.656
1581658745 124.194
1581658746 221.49
1581658747 175.352
1581658748 207.566
1581658749 219.247
1581658751 251.006
1581658752 193.4
1581658753 202.843
1581658754 215.094
1581658755 194.236
1581658759 22.972
1581658760 24.405
1581658761 42.08
1581658762 210.366
1581658763 205.469
1581658764 149.642
1581658765 203.875
1581658767 217.53
1581658768 190.151
1581658769 155.402
1581658770 79.57
1581658771 79.57
1581658771 18.18
1581658772 244.32
1581658773 221.705
1581658774 154.042
1581658776 188.733
1581658777 169.052
1581658778 177.102
1581658779 195.179
1581658780 195.367
1581658781 174.187
1581658782 192.166
1581658783 79.028
1581658786 38.412
1581658787 134.665
