1574904494 26.29
1574904539 17.433
1574904540 11.556
1574904585 32.532
1574904632 18.552
1574904633 10.847
1574904678 24.28
1574904725 20.962
1574904770 31.806
1574904817 21.73
1574904863 18.956
1574904864 12.587
1574904970 24.341
1574905015 30.671
1574905062 17.622
1574905107 30.748
1574905152 10.839
1574905154 21.694
1574905200 19.976
1574905245 29.359
1574905292 24.212
1574905337 23.313
1574905384 29.716
1574905431 26.721
1574905477 16.56
1574905478 11.154
1574905523 12.267
1574905524 16.49
1574905569 21.187
1574905616 32.005
1574905661 15.994
1574905662 11.873
1574905708 32.657
1574905753 12.812
1574905754 18.926
1574905799 25.938
1574905845 30.616
1574905891 17.939
1574905892 12.502
1574905937 31.703
1574905983 27.784
1574906031 24.288
1574906077 30.069
1574906122 11.608
1574906124 20.23
1574906170 22.413
1574906216 24.316
1574906262 21.476
1574906308 19.749
1574906354 32.071
1574906401 15.035
1574906402 10.864
1574906448 28.007
1574906493 11.472
1574906494 20.298
1574906539 32.754
1574906584 21.942
1574906631 22.413
1574906676 26.222
1574906722 25.466
1574906768 21.47
1574906813 13.841
1574906859 16.561
1574907030 32.976
1574907031 57.314
