1574731639 10.393
1574731640 30.172
1574731642 11.505
1574731643 103.545
1574731647 13.62
1574731689 14.927
1574731734 17.617
1574731779 23.934
1574731825 28.345
1574731870 15.698
1574731871 15.512
1574731916 29.109
1574731962 44.323
1574732007 21.078
1574732061 23.929
1574732107 10.752
1574732152 20.043
1574732198 25.254
1574732243 24.589
1574732288 21.401
1574732333 19.791
1574732378 16.177
1574732424 23.928
1574732469 20.849
1574732606 16.01
1574732651 12.935
1574732905 10.541
1574732965 10.034
1574732966 52.065
1574732967 16.018
