1575434851 27.042
1575434910 11.123
1575434911 17.059
1575434912 12.386
1575434915 10.065
1575434916 12.743
1575434917 10.263
1575434960 24.113
1575435006 30.711
1575435051 21.562
1575435124 16.662
1575435125 27.317
1575435170 34.004
1575435216 34.213
1575435261 33.721
1575435308 21.306
1575435354 21.628
1575435400 28.082
1575435445 25.636
1575435491 32.713
1575435537 17.433
1575435538 13.937
1575435586 29.252
1575435631 22.521
1575435677 26.074
1575435722 22.035
1575435817 23.637
1575435994 93.972
1575435995 133.246
1575435997 22.791
1575436000 14.216
1575436041 13.824
1575436042 10.009
1575436088 20.989
1575436133 29.885
1575436179 29.363
1575436224 29.518
1575436269 37.786
1575436315 29.927
1575436360 26.369
1575436406 10.777
1575436407 20.017
1575436452 30.737
1575436498 31.914
1575436592 16.009
1575436594 13.643
1575436640 29.791
1575436685 29.69
1575436731 24.897
1575436776 28.409
1575436822 23.633
1575436867 27.742
1575436913 26.719
1575436958 16.437
1575437004 14.117
1575437052 13.374
1575437053 14.577
1575437098 34.614
1575437144 27.189
1575437189 18.869
1575437236 26.675
1575437283 20.151
1575437330 10.683
1575437332 11.112
1575437376 13.887
1575437377 16.716
1575437477 20.07
1575437525 17.425
1575437571 25.319
1575437616 30.375
1575437662 34.231
1575437707 23.394
1575437752 34.557
1575437798 28.736
1575437843 26.494
1575437896 19.642
1575437941 31.653
1575437986 29.447
1575438032 33.741
1575438079 20.96
1575438127 25.756
1575438128 13.441
1575438172 10.066
1575438173 19.982
1575438218 19.538
1575438263 11.807
