1581573456 16.656
1581573457 19.979
1581573458 19.75
1581573460 19.864
1581573461 18.564
1581573462 19.919
1581573463 19.55
1581573464 19.274
1581573465 20.202
1581573466 20.202
1581573469 19.546
1581573470 20.629
1581573471 20.301
1581573473 67.062
1581573474 136.669
1581573475 201.782
1581573476 192.869
1581573477 176.996
1581573478 199.923
1581573479 216.188
1581573483 18.086
1581573484 18.75
1581573485 18.724
1581573486 74.51
1581573488 93.982
1581573489 100.156
1581573490 98.998
1581573491 103.488
1581573492 118.562
1581573494 114.812
1581573496 11.121
1581573497 19.245
1581573498 19.983
1581573499 20.423
1581573501 22.37
1581573502 30.828
1581573503 38.276
1581573504 45.991
1581573505 49.532
1581573507 58.464
1581573508 17.89
1581573509 17.89
1581573510 18.455
1581573511 19.092
1581573513 19.695
1581573514 18.534
1581573515 19.148
1581573516 20.413
1581573517 19.683
1581573518 19.478
1581573520 19.617
1581573524 18.434
1581573526 19.087
1581573527 18.574
1581573528 17.79
1581573529 17.711
1581573530 19.008
1581573532 18.112
1581573533 18.073
1581573534 17.285
1581573535 14.759
1581573538 15.573
1581573540 15.982
1581573541 19.153
1581573542 18.382
1581573543 18.527
1581573544 19.135
1581573546 18.87
1581573547 19.291
1581573548 18.279
1581573549 15.129
1581573551 13.675
1581573553 18.02
1581573554 18.533
1581573555 19.002
1581573556 18.73
1581573557 18.77
1581573559 19.522
1581573560 19.625
1581573561 18.513
1581573566 12.58
1581573567 15.819
1581573568 18.512
1581573569 17.651
1581573570 28.859
1581573572 36.548
1581573573 45.152
1581573574 50.473
1581573575 60.506
1581573580 19.994
1581573581 20.743
1581573582 20.854
1581573584 18.798
1581573585 19.973
1581573586 20.318
1581573587 19.395
1581573588 20.195
1581573589 20.093
1581573591 15.779
1581573594 19.232
1581573595 19.518
1581573596 17.855
1581573598 19.535
1581573599 84.213
1581573600 192.4
1581573601 205.478
1581573602 183.967
1581573603 154.462
1581573605 151.395
1581573610 13.019
1581573612 15.7
1581573613 26.831
1581573614 95.083
1581573615 174.924
1581573616 177.596
1581573617 188.056
1581573619 93.395
1581573621 13.481
1581573622 16.832
1581573623 34.171
1581573624 70.044
1581573626 76.592
1581573627 72.156
1581573628 75.632
1581573629 168.142
1581573630 237.175
1581573631 241.977
1581573633 204.21
1581573635 17.191
1581573636 18.093
1581573637 17.932
1581573638 23.271
1581573640 77.723
1581573641 198.439
1581573642 226.174
1581573643 238.132
1581573644 300.394
1581573645 294.954
1581573646 96.228
1581573649 18.026
1581573650 17.222
1581573651 18.205
1581573652 17.228
1581573653 18.394
1581573655 17.858
1581573656 18.638
1581573657 19.338
1581573658 18.667
1581573659 20.138
1581573663 17.884
1581573664 15.993
1581573665 16.954
1581573667 17.79
1581573668 18.411
1581573669 18.153
1581573670 19.565
1581573671 17.931
1581573672 19.282
1581573673 18.017
1581573674 18.017
1581573677 17.905
1581573678 17.14
1581573679 19.254
1581573681 17.845
1581573682 19.479
1581573683 18.272
1581573684 56.381
1581573685 75.594
1581573688 58.431
1581573690 13.151
1581573691 45.727
1581573692 80.523
1581573694 74.605
1581573695 75.252
1581573696 78.189
1581573697 74.38
1581573698 76.184
1581573700 73.397
1581573702 32.066
1581573704 31.796
1581573705 122.763
1581573707 129.906
1581573708 139.416
1581573709 136.357
1581573710 139.639
1581573711 165.94
1581573712 152.605
1581573714 203.759
1581573716 66.437
1581573717 66.437
1581573718 16.439
1581573719 18.725
1581573720 18.908
1581573722 19.833
1581573723 58.202
1581573724 71.567
1581573725 75.586
1581573726 72.626
1581573728 152.474
1581573730 49.087
1581573731 49.087
1581573732 39.332
1581573733 43.621
1581573735 60.559
1581573736 188.392
1581573737 127.999
1581573738 224.428
1581573739 195.377
1581573740 216.543
1581573741 256.422
1581573744 24.301
1581573744 24.301
1581573746 47.603
1581573747 99.344
1581573748 152.048
1581573750 68.091
1581573751 53.768
1581573752 48.219
1581573753 29.673
1581573754 13.545
1581573757 20.851
1581573757 26.705
1581573760 18.92
1581573761 16.608
1581573763 17.872
1581573764 17.973
1581573765 18.935
1581573766 18.41
1581573767 19.699
1581573768 19.311
1581573771 23.564
1581573773 15.295
1581573774 18.837
1581573776 20.9
1581573777 19.281
1581573778 18.981
1581573779 20.088
1581573780 19.845
1581573782 20.497
1581573783 19.704
1581573787 23.515
1581573789 119.703
1581573790 220.779
1581573791 264.256
1581573792 264.07
1581573793 281.125
1581573794 294.014
1581573795 206.508
1581573796 176.948
1581573799 217.331
1581573801 26.716
1581573802 81.584
1581573803 191.689
1581573805 143.446
1581573806 189.055
1581573807 261.555
1581573808 181.51
1581573809 253.641
1581573810 258.724
1581573811 244.258
1581573813 149.641
1581573815 13.985
1581573816 17.881
1581573817 18.038
1581573818 19.507
1581573820 19.217
1581573821 19.43
1581573822 19.501
1581573823 20.042
1581573824 51.73
1581573825 109.609
1581573827 83.691
1581573828 83.691
1581573829 18.333
1581573830 19.07
1581573831 18.414
1581573833 18.234
1581573834 18.63
1581573835 18.084
1581573836 18.076
1581573837 17.73
1581573839 18.35
1581573843 19.672
1581573844 19.396
1581573846 19.204
1581573847 19.821
1581573848 20.061
1581573849 19.163
1581573850 20.323
1581573852 20.009
1581573854 17.03
1581573857 19.372
1581573858 72.601
1581573860 81.19
1581573861 84.38
1581573862 76.836
1581573863 160.59
1581573864 237.329
1581573866 199.521
1581573868 130.197
1581573870 11.337
1581573871 19.733
1581573873 19.384
1581573874 20.168
1581573875 20.871
1581573876 19.958
1581573877 19.686
1581573879 20.443
1581573880 20.067
1581573884 18.647
1581573886 19.517
1581573887 20.151
1581573888 19.989
1581573889 20.208
1581573890 19.963
1581573892 19.649
1581573893 64.75
1581573894 86.214
1581573895 84.541
1581573899 19.356
1581573900 19.594
1581573901 20.232
1581573902 20.33
1581573903 18.739
1581573905 19.128
1581573906 19.726
1581573907 18.41
1581573908 20.049
1581573909 16.978
1581573912 10.428
1581573913 16.621
1581573914 17.376
1581573915 18.065
1581573916 17.441
1581573918 18.143
1581573919 17.742
1581573920 17.233
1581573921 17.366
1581573922 16.34
1581573926 21.855
1581573927 87.554
1581573928 146.605
1581573929 187.33
1581573931 225.971
1581573932 255.919
1581573933 148.746
1581573934 122.09
1581573935 132.162
1581573936 130.208
1581573937 100.536
1581573940 19.846
1581573941 104.994
1581573942 210.133
1581573943 239.891
1581573944 217.357
1581573945 255.18
1581573947 246.823
1581573948 221.462
1581573949 209.751
1581573950 225.453
1581573951 99.775
1581573953 12.668
1581573955 19.791
1581573956 18.454
1581573957 17.716
1581573958 18.022
1581573959 16.844
1581573961 19.189
1581573962 17.963
1581573963 19.495
1581573968 17.068
1581573969 16.989
1581573970 17.08
1581573971 16.358
1581573972 17.04
1581573974 17.908
1581573975 16.89
1581573976 17.665
1581573977 14.779
1581573982 17.326
1581573983 18.025
1581573984 17.507
1581573986 18.584
1581573987 41.316
1581573988 148.638
1581573989 200.426
1581573990 197.602
1581573991 116.999
1581573992 197.326
1581573996 16.697
1581573997 17.243
1581573998 16.348
1581573999 18.18
1581574001 17.552
1581574002 17.853
1581574003 17.732
1581574004 17.633
1581574005 23.753
1581574007 41.569
1581574009 12.425
1581574010 16.641
1581574011 17.194
1581574012 17.404
1581574014 18.193
1581574015 17.043
1581574016 16.323
1581574017 20.597
1581574018 33.498
1581574021 30.689
1581574022 30.689
1581574023 14.53
1581574024 13.374
1581574025 13.74
1581574027 14.123
1581574028 14.355
1581574029 14.243
1581574030 17.872
1581574031 18.917
1581574032 19.861
1581574037 18.061
1581574038 47.747
1581574040 63.945
1581574041 64.844
1581574042 64.761
1581574043 70.714
1581574044 66.733
1581574045 68.418
1581574047 82.494
1581574048 136.341
1581574048 136.341
1581574048 136.341
1581574051 17.433
1581574052 16.785
1581574054 18.054
1581574055 16.755
1581574056 17.645
1581574057 18.442
1581574058 19.78
1581574060 18.696
1581574062 11.672
1581574066 17.896
1581574067 18.137
1581574068 17.601
1581574069 19.716
1581574070 81.021
1581574071 167.231
1581574073 185.89
1581574074 178.924
1581574076 121.363
1581574078 15.584
1581574080 29.667
1581574081 64.165
1581574082 64.9
1581574083 63.717
1581574084 61.4
1581574085 57.892
1581574087 65.071
1581574088 108.085
1581574090 44.316
1581574092 25.313
1581574093 124.009
1581574095 158.344
1581574096 158.645
1581574097 153.667
1581574098 159.035
1581574099 150.893
1581574100 156.523
1581574102 147.537
1581574104 61.068
1581574105 61.068
1581574106 18.447
1581574107 18.642
1581574109 19.883
1581574110 19.773
1581574111 41.374
1581574112 82.094
1581574113 78.717
1581574115 69.121
1581574116 81.119
1581574118 38.315
1581574119 38.315
1581574120 18.46
1581574121 18.442
1581574123 18.976
1581574124 18.613
1581574125 19.621
1581574126 70.19
1581574127 112.821
1581574129 90.303
1581574130 147.999
1581574132 16.417
1581574133 16.417
1581574134 18.8
1581574136 18.56
1581574137 18.378
1581574138 17.544
1581574139 28.241
1581574140 74.774
1581574141 65.008
1581574142 74.531
1581574144 61.735
1581574148 16.884
1581574149 17.854
1581574151 18.397
1581574152 16.29
1581574153 18.578
1581574154 18.487
1581574155 18.391
1581574157 18.715
1581574158 20.349
1581574159 14.472
1581574161 11.11
1581574162 15.416
1581574164 15.977
1581574165 15.031
1581574166 45.731
1581574167 70.879
1581574168 65.183
1581574169 58.88
1581574171 64.76
1581574173 62.908
1581574175 11.776
1581574176 19.375
1581574178 17.761
1581574179 18.439
1581574180 17.024
1581574181 15.907
1581574182 17.302
1581574183 17.756
1581574185 18.358
1581574187 10.301
1581574189 14.306
1581574190 15.235
1581574192 15.286
1581574193 14.859
1581574194 14.303
1581574195 13.367
1581574196 14.901
1581574197 12.185
1581574198 16.35
1581574203 10.626
1581574204 13.083
1581574205 10.979
1581574207 11.601
1581574208 14.613
1581574209 28.817
1581574210 29.553
1581574211 25.223
1581574212 31.71
1581574215 30.852
1581574217 17.034
1581574218 29.395
1581574219 43.835
1581574220 50.976
1581574222 50.063
1581574223 51.712
1581574224 39.524
1581574225 42.362
1581574226 45.66
1581574227 33.797
1581574229 19.989
1581574232 11.688
1581574233 12.662
1581574234 10.293
1581574236 11.484
1581574237 11.41
1581574239 12.639
1581574240 10.152
1581574241 11.997
1581574246 12.682
1581574247 12.402
1581574248 11.383
1581574249 12.087
1581574251 12.623
1581574252 12.531
1581574253 12.733
1581574254 22.424
1581574255 22.769
1581574256 10.251
1581574263 16.657
1581574264 15.107
1581574266 18.886
1581574267 14.817
1581574268 13.393
1581574269 18.914
1581574270 10.615
1581574290 13.138
1581574291 16.142
1581574292 28.312
1581574293 26.841
1581574295 23.495
1581574296 18.719
1581574298 44.993
1581574299 44.993
1581574300 22.627
1581574302 43.378
1581574303 36.527
1581574304 40.689
1581574305 41.793
1581574306 40.158
1581574307 38.482
1581574309 25.791
1581574310 29.86
1581574312 56.783
1581574313 56.783
1581574314 11.243
1581574316 15.012
1581574317 14.663
1581574318 15.659
1581574319 14.862
1581574320 16.673
1581574321 14.805
1581574323 15.363
1581574324 15.622
1581574328 12.338
1581574330 13.901
1581574331 10.958
1581574332 11.873
1581574333 11.446
1581574334 15.761
1581574335 13.692
1581574337 13.9
1581574338 15.75
1581574339 11.122
1581574343 16.044
1581574345 10.423
1581574347 35.902
1581574348 46.73
1581574350 48.577
1581574351 66.826
1581574352 50.247
1581574353 63.208
1581574357 15.599
1581574358 11.918
1581574359 15.323
1581574360 15.795
1581574361 17.291
1581574362 14.236
1581574364 15.464
1581574365 13.291
1581574366 11.869
1581574371 15.549
1581574372 13.884
1581574373 13.92
1581574374 14.46
1581574375 16.137
1581574376 41.854
1581574378 43.203
1581574379 30.743
1581574381 64.924
1581574381 41.316
1581574383 12.622
1581574385 11.305
1581574386 12.316
1581574387 36.953
1581574388 32.349
1581574389 30.297
1581574390 32.95
1581574392 40.895
1581574393 33.307
1581574395 19.187
1581574398 13.988
1581574400 13.123
1581574401 11.151
1581574403 12.032
1581574404 12.488
1581574406 12.468
1581574407 46.262
1581574409 28.546
1581574410 28.546
1581574411 14.399
1581574413 14.709
1581574414 25.796
1581574415 42.451
1581574416 44.649
1581574417 41.527
1581574418 50.065
1581574420 49.442
1581574421 58.091
1581574425 12.219
1581574427 14.315
1581574428 14.057
1581574429 14.256
1581574430 15.006
1581574431 20.998
1581574432 37.541
1581574433 36.853
1581574435 35.976
1581574437 10.267
1581574438 10.267
1581574439 14.962
1581574440 15.46
1581574442 15.478
1581574443 15.631
1581574444 15.172
1581574445 13.483
1581574446 13.566
1581574447 13.642
1581574449 13.28
1581574456 11.347
1581574458 12.054
1581574470 12.171
1581574471 23.051
1581574472 42.448
1581574473 35.683
1581574474 44.752
1581574475 35.329
1581574478 37.145
1581574478 26.848
1581574484 11.75
1581574485 13.413
1581574486 12.366
1581574487 11.905
1581574488 11.903
1581574489 13.652
1581574490 11.311
1581574492 10.719
1581574495 11.868
1581574497 11.831
1581574498 18.592
1581574500 26.478
1581574501 22.08
1581574502 19.135
1581574503 16.495
1581574504 26.604
1581574505 34.214
1581574512 12.977
1581574514 14.171
1581574515 20.624
1581574516 19.282
1581574517 33.453
1581574518 38.836
1581574519 26.978
1581574525 10.063
1581574526 10.332
1581574530 11.671
1581574531 16.708
1581574532 16.146
1581574533 11.156
1581574540 10.098
1581574541 11.917
1581574544 15.189
1581574545 11.929
1581574546 23.147
1581574551 14.929
1581574552 14.994
1581574553 16.999
1581574554 22.436
1581574555 15.68
1581574556 18.246
1581574558 23.822
1581574559 17.016
1581574560 19.759
1581574561 16.602
1581574571 10.989
1581574572 11.768
1581574651 10.486
1581574652 18.363
1581574653 18.466
1581574654 17.271
1581574656 16.362
1581574657 16.176
1581574658 18.477
1581574659 17.783
1581574660 18.365
1581574664 16.942
1581574665 15.578
1581574666 15.285
1581574667 16.206
1581574669 16.154
1581574670 15.66
1581574671 19.157
1581574672 15.937
1581574673 18.092
1581574675 16.904
1581574675 16.904
1581574678 15.654
1581574679 16.985
1581574680 16.97
1581574682 16.734
1581574683 42.79
1581574684 122.914
1581574685 192.335
1581574686 195.53
1581574687 191.965
1581574689 162.936
1581574692 17.489
1581574693 19.148
1581574694 18.007
1581574696 18.102
1581574697 17.593
1581574698 18.399
1581574699 19.401
1581574700 19.259
1581574703 14.68
1581574705 11.096
1581574706 17.38
1581574708 17.284
1581574709 16.322
1581574710 17.781
1581574711 18.581
1581574712 17.352
1581574713 18.616
1581574715 17.733
1581574719 16.325
1581574721 17.467
1581574722 16.993
1581574723 17.451
1581574724 16.42
1581574725 16.743
1581574727 18.457
1581574728 27.881
1581574729 69.398
1581574734 16.948
1581574735 17.242
1581574736 16.819
1581574737 17.311
1581574738 17.566
1581574740 16.762
1581574741 22.002
1581574742 65.865
1581574743 74.542
1581574744 54.247
1581574747 11.523
1581574748 16.099
1581574749 16.718
1581574750 18.145
1581574751 17.539
1581574753 17.631
1581574754 17.958
1581574755 17.361
1581574756 16.732
1581574757 16.538
1581574761 15.338
1581574762 17.348
1581574763 15.737
1581574764 15.389
1581574766 15.146
1581574767 16.916
1581574768 17.476
1581574769 17.874
1581574770 18.946
1581574775 16.871
1581574776 16.594
1581574777 16.644
1581574779 17.918
1581574780 18.041
1581574781 18.644
1581574782 16.807
1581574783 15.819
1581574784 18.422
1581574786 17.501
1581574789 16.457
1581574790 17.846
1581574791 18.982
1581574793 17.662
1581574794 17.842
1581574795 29.545
1581574796 66.733
1581574797 84.956
1581574800 156.855
1581574803 18.131
1581574804 17.087
1581574806 16.918
1581574807 16.492
1581574808 17.14
1581574809 18.912
1581574810 18.769
1581574811 18.77
1581574814 14.192
1581574816 16.275
1581574817 88.604
1581574819 174.137
1581574820 224.635
1581574821 170.809
1581574822 147.298
1581574823 217.342
1581574824 215.49
1581574825 214.67
1581574828 91.274
1581574830 15.857
1581574831 17.202
1581574832 17.181
1581574834 17.876
1581574835 17.402
1581574836 35.844
1581574837 119.311
1581574838 119.722
1581574839 126.012
1581574840 193.673
1581574841 193.673
1581574841 116.179
1581574841 116.179
1581574845 18.424
1581574846 19.964
1581574847 18.697
1581574848 17.577
1581574849 18.385
1581574850 18.577
1581574851 20.502
1581574852 70.798
1581574854 173.743
1581574856 31.746
1581574857 31.746
1581574858 20.466
1581574859 78.458
1581574860 106.181
1581574862 104.364
1581574863 144.991
1581574864 158.011
1581574865 193.637
1581574866 178.931
1581574867 154.121
1581574870 135.747
1581574872 27.402
1581574873 125.774
1581574874 229.178
1581574875 169.368
1581574877 211.687
1581574878 208.405
1581574879 172.84
1581574880 191.269
1581574881 209.023
1581574882 213.721
1581574883 149.942
1581574886 15.03
1581574887 67.889
1581574888 108.555
1581574889 93.884
1581574890 95.484
1581574892 94.422
1581574893 96.174
1581574894 85.207
1581574895 74.284
1581574896 100.104
1581574897 77.641
1581574900 14.088
1581574901 16.751
1581574902 16.599
1581574903 18.007
1581574904 17.525
1581574906 17.28
1581574907 16.91
1581574908 18.101
1581574909 17.971
1581574910 17.527
1581574911 11.475
1581574914 16.709
1581574915 16.105
1581574916 16.174
1581574917 15.575
1581574918 14.728
1581574919 14.875
1581574921 40.625
1581574922 49.431
1581574923 49.166
1581574925 13.518
1581574926 13.518
1581574928 15.119
1581574929 40.343
1581574930 47.817
1581574931 63.73
1581574932 78.595
1581574933 80.763
1581574935 63.047
1581574936 58.925
1581574937 71.232
1581574939 22.654
1581574940 22.654
1581574942 13.896
1581574943 32.063
1581574944 61.417
1581574945 42.462
1581574946 43.693
1581574947 49.79
1581574948 43.492
1581574950 34.468
1581574951 41.011
1581574953 19.836
1581574954 19.836
1581574955 13.542
1581574959 20.482
1581574960 24.618
1581574961 20.897
1581574962 18.795
1581574964 18.694
1581574965 12.119
1581574972 10.691
1581574973 12.165
1581574974 10.246
1581574976 10.922
1581574977 11.337
1581574979 10.74
1581574983 13.945
1581574984 24.1
1581574985 27.977
1581574987 48.414
1581574988 42.741
1581574989 27.194
1581574990 49.532
1581574991 38.154
1581574993 41.927
1581574997 11.887
1581574998 10.846
1581574999 11.11
1581575001 10.961
1581575002 12.776
1581575003 22.05
1581575004 36.101
1581575005 64.647
1581575006 73.628
1581575007 46.013
1581575008 46.013
1581575011 13.055
1581575012 11.781
1581575013 22.837
1581575015 45.948
1581575016 42.413
1581575017 58.484
1581575018 24.069
1581575019 44.56
1581575020 57.561
1581575022 52.35
1581575025 16.024
1581575026 15.554
1581575027 26.536
1581575029 49.989
1581575030 40.455
1581575031 41.459
1581575032 80.807
1581575033 99.572
1581575034 86.729
1581575036 84.543
1581575039 16.166
1581575040 16.361
1581575041 16.681
1581575042 16.325
1581575044 16.003
1581575045 60.039
1581575046 107.578
1581575047 66.557
1581575048 99.556
1581575049 87.939
1581575053 35.685
1581575054 85.249
1581575055 85.67
1581575056 89.956
1581575058 89.194
1581575059 105.573
1581575060 95.537
1581575061 97.304
1581575062 94.7
1581575063 97.732
1581575067 16.405
1581575068 16.223
1581575069 15.713
1581575070 14.337
1581575072 15.481
1581575073 14.911
1581575074 16.717
1581575075 15.046
1581575076 16.227
1581575077 13.19
1581575080 11.13
1581575081 38.811
1581575082 44.095
1581575083 82.633
1581575084 73.26
1581575085 82.318
1581575087 56.631
1581575088 64.867
1581575089 62.109
1581575090 66.357
1581575091 71.683
1581575094 10.067
1581575095 15.12
1581575096 15.459
1581575097 15.631
1581575098 15.842
1581575099 32.007
1581575101 59.029
1581575102 80.08
1581575103 72.509
1581575104 84.073
1581575105 29.097
1581575108 13.738
1581575109 14.756
1581575110 17.167
1581575111 16.786
1581575112 16.582
1581575116 10.751
1581575123 12.209
1581575124 22.271
1581575125 22.49
1581575126 15.721
1581575127 26.151
1581575129 22.623
1581575130 27.751
1581575131 18.717
1581575133 14.699
1581575134 14.699
1581575135 16.884
1581575137 29.818
1581575138 43.133
1581575139 47.573
1581575140 49.091
1581575141 42.248
1581575142 35.356
1581575144 47.97
1581575145 48.387
1581575147 12.479
1581575148 12.479
1581575149 15.991
1581575151 17.014
1581575152 17.534
1581575153 16.756
1581575154 17.551
1581575155 18.087
1581575157 17.07
1581575158 15.961
1581575159 16.907
1581575162 10.75
1581575163 23.764
1581575165 35.912
1581575166 32.195
1581575167 34.409
1581575168 32.041
1581575169 29.574
1581575170 34.882
1581575172 40.578
1581575173 34.989
1581575177 11.67
1581575179 13.351
1581575180 11.303
1581575181 10.669
1581575182 10.298
1581575183 10.73
1581575184 13.366
1581575186 12.533
1581575187 11.504
1581575191 14.665
1581575192 11.525
1581575194 26.725
1581575195 21.078
1581575196 28.703
1581575197 27.709
1581575198 20.835
1581575199 23.136
1581575201 22.603
1581575202 28.275
1581575205 12.976
1581575206 10.646
1581575209 14.388
1581575210 12.851
1581575211 11.308
1581575212 11.383
1581575213 12.463
1581575216 11.916
1581575216 11.364
1581575219 12.04
1581575220 13.841
1581575221 11.388
1581575223 10.774
1581575224 12.513
1581575225 13.151
1581575226 13.082
1581575227 10.928
1581575228 11.707
1581575230 10.814
1581575233 12.702
1581575234 14.375
1581575235 20.177
1581575236 53.659
1581575238 50.945
1581575239 54.145
1581575240 50.839
1581575241 54.622
1581575242 45.6
1581575244 76.102
1581575247 12.247
1581575248 15.666
1581575249 24.849
1581575251 42.433
1581575252 33.145
1581575253 42.983
1581575254 56.193
1581575255 48.368
1581575256 51.446
1581575258 47.952
1581575261 16.228
1581575262 16.631
1581575263 16.387
1581575265 16.806
1581575266 15.722
1581575267 14.407
1581575268 15.066
1581575269 12.801
1581575270 21.597
1581575272 39.47
1581575274 12.104
1581575275 42.933
1581575276 70.948
1581575277 54.98
1581575279 67.987
1581575280 71.738
1581575281 79.453
1581575282 66.664
1581575283 83.889
1581575284 59.445
1581575285 65.698
1581575287 16.88
1581575287 16.88
1581575288 16.505
1581575289 53.58
1581575290 58.325
1581575291 58.949
1581575292 53.377
1581575294 51.524
1581575295 71.857
1581575296 69.163
1581575297 70.549
1581575298 62.633
1581575299 45.954
1581575300 45.954
1581575302 29.458
1581575303 83.872
1581575304 100.803
1581575305 71.809
1581575306 84.413
1581575308 80.318
1581575309 105.894
1581575310 166.027
1581575311 153.01
1581575314 85.971
1581575314 85.971
1581575316 18.011
1581575317 18.58
1581575318 17.353
1581575319 18.132
1581575321 18.5
1581575322 19.938
1581575323 19.708
1581575324 18.498
1581575325 19.232
1581575327 19.443
1581575330 18.128
1581575331 19.71
1581575332 18.96
1581575334 18.729
1581575335 19.187
1581575336 19.672
1581575337 19.54
1581575338 18.794
1581575339 19.469
1581575341 16.804
1581575343 10.107
1581575344 19.15
1581575345 19.561
1581575346 18.574
1581575348 17.179
1581575349 19.347
1581575350 19.17
1581575351 18.605
1581575352 54.372
1581575355 121.211
1581575357 15.81
1581575358 19.139
1581575359 19.331
1581575361 37.201
1581575362 85.046
1581575363 78.325
1581575364 82.302
1581575365 79.224
1581575367 84.136
1581575369 18.117
1581575370 18.117
1581575371 18.463
1581575372 19.095
1581575374 19.312
1581575375 18.615
1581575376 20.102
1581575377 20.089
1581575378 19.767
1581575380 20.158
1581575381 21.008
1581575385 16.166
1581575387 17.806
1581575388 19.358
1581575389 19.59
1581575390 20.258
1581575391 19.867
1581575393 19.033
1581575394 50.976
1581575395 75.188
1581575396 59.224
1581575398 10.484
1581575400 19.104
1581575401 19.14
1581575402 18.375
1581575403 12.679
1581575404 12.554
1581575406 13.149
1581575407 18.513
1581575408 20.865
1581575409 20.709
1581575410 12.853
1581575413 10.93
1581575414 11.789
1581575415 13.386
1581575416 14.197
1581575417 13.599
1581575419 12.6
1581575420 11.751
1581575421 10.377
1581575427 18.168
1581575428 19.5
1581575429 19.175
1581575430 19.694
1581575432 19.525
1581575433 44.946
1581575434 78.065
1581575435 81.517
1581575436 85.58
1581575438 97.981
1581575441 18.47
1581575442 17.333
1581575443 17.792
1581575445 20.185
1581575446 19.481
1581575447 19.544
1581575448 19.344
1581575449 18.493
1581575450 18.538
1581575452 14.614
1581575455 18.066
1581575456 43.947
1581575457 116.514
1581575459 131.47
1581575460 142.835
1581575461 146.837
1581575462 153.023
1581575463 153.083
1581575464 153.329
1581575466 126.733
1581575468 18.992
1581575469 114.352
1581575470 280.606
1581575471 274.563
1581575472 278.019
1581575474 289.327
1581575475 290.349
1581575476 269.909
1581575477 262.754
1581575478 285.829
1581575479 262.565
1581575483 19.077
1581575484 18.125
1581575485 28.005
1581575486 72.123
1581575487 110.292
1581575488 132.939
1581575490 139.262
1581575491 115.534
1581575492 104.276
1581575493 83.101
1581575496 13.327
1581575497 101.005
1581575498 206.144
1581575499 220.943
1581575500 275.214
1581575501 221.805
1581575502 282.246
1581575503 274.932
1581575505 225.311
1581575506 248.5
1581575507 281.416
1581575510 20.331
1581575511 20.179
1581575513 20.041
1581575514 19.697
1581575515 19.824
1581575516 18.916
1581575517 19.629
1581575518 20.001
1581575520 26.33
1581575521 121.655
1581575523 11.776
1581575524 16.686
1581575526 29.899
1581575527 137.191
1581575528 287.058
1581575529 255.879
1581575530 260.647
1581575531 228.509
1581575532 253.527
1581575535 188.887
1581575538 72.197
1581575539 196.732
1581575540 271.818
1581575542 250.572
1581575543 232.525
1581575544 252.679
1581575545 257.72
1581575546 254.663
1581575547 258.913
1581575552 76.61
1581575553 272.168
1581575554 283.363
1581575555 291.454
1581575556 243.519
1581575557 241.602
1581575559 236.367
1581575560 254.105
1581575561 251.686
1581575563 27.394
1581575564 27.394
1581575565 18.735
1581575567 18.258
1581575568 19.453
1581575569 18.793
1581575570 18.555
1581575571 18.528
1581575572 18.511
1581575574 18.73
1581575575 18.895
1581575576 18.955
1581575579 17.811
1581575581 17.251
1581575582 17.35
1581575583 17.444
1581575584 17.398
1581575585 17.116
1581575587 17.861
1581575588 18.366
1581575589 18.086
1581575590 15.666
1581575594 16.598
1581575595 18.708
1581575596 13.405
1581575597 21.942
1581575598 75.54
1581575600 83.153
1581575601 242.279
1581575602 290.375
1581575603 313.836
1581575604 302.987
1581575606 10.121
1581575608 45.507
1581575609 63.758
1581575610 66.658
1581575611 139.176
1581575612 222.31
1581575613 287.216
1581575614 248.886
1581575616 299.078
1581575618 189.557
1581575620 10.069
1581575621 51.063
1581575622 56.358
1581575624 58.043
1581575625 58.892
1581575626 146.128
1581575627 159.18
1581575628 171.336
1581575630 183.339
1581575632 126.705
1581575634 13.436
1581575635 18.393
1581575637 15.597
1581575638 17.37
1581575639 17.429
1581575640 18.097
1581575641 18.394
1581575642 25.246
1581575644 75.218
1581575646 31.154
1581575648 17.796
1581575650 18.028
1581575651 62.969
1581575652 73.025
1581575653 76.239
1581575654 74.974
1581575656 74.093
1581575657 74.716
1581575658 70.424
1581575663 55.117
1581575664 65.532
1581575665 200.308
1581575666 216.155
1581575667 94.451
1581575668 81.765
1581575670 84.608
1581575671 89.354
1581575672 99.182
1581575673 92.693
1581575676 13.76
1581575677 121.116
1581575678 209.761
1581575679 248.954
1581575680 217.136
1581575681 273.734
1581575682 247.214
1581575684 250.312
1581575685 271.679
1581575686 203.053
1581575690 18.624
1581575692 18.928
1581575693 18.747
1581575694 19.008
1581575695 19.887
1581575696 19.26
1581575697 20.409
1581575699 19.517
1581575700 19.573
1581575701 16.689
1581575704 18.4
1581575706 18.132
1581575707 19.108
1581575708 19.692
1581575709 19.577
1581575710 19.473
1581575712 19.983
1581575713 19.86
1581575715 64.538
1581575715 126.97
1581575717 24.57
1581575719 132.044
1581575720 244.782
1581575721 298.476
1581575722 231.334
1581575723 240.52
1581575724 266.135
1581575725 244.006
1581575726 251.622
1581575727 230.463
1581575729 222.354
1581575732 77.109
1581575733 108.344
1581575734 106.316
1581575736 109.176
1581575737 104.733
1581575738 99.376
1581575739 113.123
1581575740 102.702
1581575741 111.545
1581575743 96.902
1581575745 16.037
1581575746 89.577
1581575747 120.178
1581575748 132.166
1581575750 121.076
1581575751 131.168
1581575752 130.439
1581575753 126.3
1581575754 147.504
1581575755 251.594
1581575756 165.66
1581575760 18.269
1581575761 49.634
1581575762 105.575
1581575764 102.821
1581575765 102.756
1581575766 100.209
1581575767 95.097
1581575768 101.487
1581575769 116.239
1581575771 99.918
1581575773 17.75
1581575774 18.57
1581575775 19.526
1581575777 18.834
1581575778 19.03
1581575779 20.505
1581575780 43.249
1581575781 94.769
1581575782 87.377
1581575785 45.956
1581575786 45.956
1581575787 18.438
1581575788 25.023
1581575790 87.747
1581575791 195.257
1581575792 263.631
1581575793 247.31
1581575794 250.396
1581575795 247.799
1581575796 246.883
1581575797 237.75
1581575799 74.477
1581575799 74.477
1581575801 17.057
1581575802 17.869
1581575803 18.869
1581575805 19.575
1581575806 68.284
1581575807 74.817
1581575808 102.368
1581575809 232.638
1581575810 242.293
1581575811 225.281
1581575812 225.281
1581575815 18.503
1581575816 17.778
1581575817 17.84
1581575819 61.059
1581575820 214.074
1581575821 252.897
1581575822 279.661
1581575823 229.671
1581575824 272.699
1581575826 98.502
1581575827 98.502
1581575829 60.998
1581575830 218.167
1581575831 254.963
1581575832 248.048
1581575833 222.094
1581575834 253.527
1581575836 217.721
1581575837 180.943
1581575838 208.911
1581575840 33.495
1581575841 33.495
1581575842 18.14
1581575844 18.64
1581575845 22.968
1581575846 109.663
1581575847 223.8
1581575848 217.41
1581575849 243.113
1581575850 239.49
1581575852 231.936
1581575854 77.382
1581575855 77.382
1581575856 17.661
1581575857 20.145
1581575858 19.13
1581575860 19.946
1581575861 19.354
1581575862 19.137
1581575863 18.728
1581575864 19.346
1581575865 19.914
1581575870 16.77
1581575871 18.405
1581575873 14.963
1581575874 15.986
1581575875 17.247
1581575876 18.618
1581575877 16.012
1581575878 15.438
1581575880 17.959
1581575881 17.227
1581575884 16.12
1581575886 15.534
1581575887 14.857
1581575888 16.255
1581575889 17.944
1581575890 18.386
1581575891 18.624
1581575893 18.143
1581575894 17.36
1581575895 16.775
1581575897 10.319
1581575899 18.07
1581575900 28.02
1581575901 66.44
1581575902 69.018
1581575903 66.167
1581575904 66.518
1581575906 50.083
1581575907 43.092
1581575909 39.209
1581575911 14.254
1581575913 17.236
1581575914 17.048
1581575915 14.874
1581575916 13.23
1581575917 13.689
1581575918 16.21
1581575919 14.297
1581575921 16.692
1581575923 10.315
1581575925 11.745
1581575926 13.825
1581575928 13.854
1581575929 13.287
1581575930 14.422
1581575931 23.293
1581575932 37.429
1581575933 46.333
1581575935 33.972
1581575937 30.484
1581575939 16.031
1581575940 26.628
1581575941 35.556
1581575943 64.014
1581575944 49.925
1581575945 57.112
1581575946 56.678
1581575947 56.817
1581575948 55.128
1581575951 45.672
1581575953 10.101
1581575954 16.457
1581575955 26.648
1581575956 28.831
1581575958 28.496
1581575959 34.713
1581575960 32.122
1581575961 26.477
1581575962 33.521
1581575963 32.342
1581575965 33.589
1581575967 10.358
1581575968 13.206
1581575969 12.973
1581575970 12.742
1581575972 10.286
1581575973 11.762
1581575974 11.913
1581575976 23.092
1581575977 21.088
1581575978 19.629
1581575983 10.253
1581575984 11.392
1581575987 18.545
1581575988 20.699
1581575989 22.098
1581575990 18.317
1581575991 19.546
1581575992 10.899
1581575993 10.899
1581575996 11.282
1581575997 45.971
1581575998 43.48
1581575999 47.567
1581576001 47.686
1581576002 47.857
1581576003 44.234
1581576004 42.919
1581576006 35.464
1581576007 35.464
1581576010 16.808
1581576011 19.635
1581576012 53.496
1581576013 48.777
1581576015 45.231
1581576016 51.868
1581576017 54.871
1581576018 58.597
1581576023 16.545
1581576024 16.725
1581576025 17.493
1581576026 16.09
1581576027 16.734
1581576029 17.264
1581576030 46.92
1581576031 40.628
1581576032 50.736
1581576038 18.683
1581576039 17.513
1581576040 32.927
1581576041 35.959
1581576043 54.237
1581576044 49.983
1581576045 40.822
1581576046 44.177
1581576047 53.744
1581576049 28.606
1581576051 12.073
1581576052 16.27
1581576053 16.04
1581576054 15.116
1581576055 26.781
1581576057 49.077
1581576058 82.516
1581576059 100.617
1581576060 74.982
1581576061 71.363
1581576063 60.213
1581576065 29.709
1581576066 60.157
1581576067 88.551
1581576068 69.963
1581576070 80.168
1581576071 89.843
1581576072 63.216
1581576073 61.392
1581576074 66.313
1581576075 80.107
1581576077 37.546
1581576077 37.546
1581576079 25.261
1581576080 37.578
1581576081 32.076
1581576082 46.327
1581576084 28.174
1581576085 31.458
1581576086 39.531
1581576087 42.718
1581576088 41.327
1581576093 15.053
1581576094 15.392
1581576095 14.441
1581576096 15.065
1581576097 13.819
1581576099 14.901
1581576100 14.025
1581576101 15.246
1581576102 14.03
1581576106 11.298
1581576107 14.904
1581576108 14.933
1581576109 13.735
1581576110 25.504
1581576111 33.361
1581576113 45.322
1581576114 47.363
1581576115 48.219
1581576116 46.53
1581576121 15.011
1581576122 14.791
1581576123 27.464
1581576124 31.206
1581576125 46.824
1581576126 53.178
1581576128 49.495
1581576129 44.862
1581576130 46.648
1581576132 13.95
1581576133 13.95
1581576135 11.322
1581576136 14.697
1581576137 14.964
1581576138 13.257
1581576139 13.784
1581576140 23.402
1581576142 44.593
1581576143 48.365
1581576144 31.021
1581576145 38.395
1581576149 13.044
1581576150 30.184
1581576151 37.328
1581576152 27.5
1581576153 30.294
1581576154 22.285
1581576156 18.892
1581576157 20.685
1581576158 27.051
1581576159 34.448
1581576162 11.229
1581576165 12.534
1581576166 10.413
1581576169 11.524
1581576171 16.45
1581576172 24.398
1581576173 30.837
1581576176 11.132
1581576178 13.374
1581576179 11.266
1581576180 11.201
1581576181 28.187
1581576182 40.794
1581576183 32.764
1581576184 11.923
1581576186 11.259
1581576190 26.117
1581576191 33.145
1581576193 42.172
1581576194 44.991
1581576195 47.626
1581576196 35.91
1581576197 51.267
1581576198 65.188
1581576200 32.982
1581576202 11.314
1581576202 11.314
1581576204 10.736
1581576207 14.328
1581576208 11.185
1581576210 11.321
1581576211 30.285
1581576212 30.714
1581576214 23.462
1581576215 27.701
1581576218 10.825
1581576219 12.01
1581576221 15.491
1581576222 27.035
1581576223 32.825
1581576224 28.941
1581576225 17.887
1581576226 16.112
1581576229 37.459
1581576240 17.203
1581576241 22.037
1581576243 25.984
1581576247 11.533
1581576248 11.876
1581576250 27.007
1581576251 38.862
1581576252 35.89
1581576253 27.562
1581576254 26.075
1581576314 13.829
1581576315 19.051
1581576316 18.347
1581576318 16.047
1581576321 46.672
1581576322 177.097
1581576323 220.019
1581576325 252.345
1581576326 250.604
1581576327 289.095
1581576328 259.671
1581576329 244.061
1581576330 237.238
1581576331 218.967
1581576335 18.496
1581576336 18.146
1581576337 50.229
1581576338 75.892
1581576339 115.907
1581576341 162.454
1581576342 148.029
1581576343 183.876
1581576344 184.955
1581576345 119.372
1581576349 18.593
1581576350 18.964
1581576351 18.79
1581576352 18.916
1581576354 20.218
1581576355 18.426
1581576356 19.471
1581576357 47.004
1581576358 131.535
1581576359 78.627
1581576362 20.659
1581576363 23.323
1581576364 23.677
1581576365 24.325
1581576366 25.205
1581576368 23.6
1581576369 23.71
1581576370 24.244
1581576371 24.364
1581576372 23.744
1581576374 23.033
1581576375 23.033
1581576376 58.782
1581576377 84.678
1581576378 121.105
1581576379 227.557
1581576381 236.301
1581576382 253.515
1581576383 272.324
1581576384 261.105
1581576385 283.492
1581576386 285.537
1581576387 239.558
1581576390 23.143
1581576391 29.679
1581576392 30.732
1581576393 29.098
1581576394 138.937
1581576395 170.759
1581576397 153.994
1581576398 167.329
1581576399 167.972
1581576401 93.352
1581576404 215.308
1581576405 261.025
1581576406 257.446
1581576407 280.552
1581576408 211.629
1581576409 211.237
1581576410 245.778
1581576411 239.494
1581576412 236.616
1581576415 200.156
1581576417 11.824
1581576418 19.271
1581576419 20.049
1581576421 20.163
1581576422 20.106
1581576423 19.319
1581576424 20.186
1581576425 19.844
1581576426 83.987
1581576429 45.139
1581576431 20.103
1581576432 30.873
1581576434 30.622
1581576435 31.921
1581576436 28.849
1581576437 29.849
1581576438 31.931
1581576440 31.126
1581576441 30.127
1581576445 18.03
1581576447 18.002
1581576448 88.337
1581576449 230.002
1581576450 277.629
1581576451 223.237
1581576452 245.576
1581576453 253.755
1581576455 183.606
1581576457 66.691
1581576458 66.691
1581576459 22.955
1581576460 111.987
1581576461 238.715
1581576463 227.227
1581576464 234.669
1581576465 170.711
1581576466 213.48
1581576467 250.442
1581576468 223.698
1581576469 239.565
1581576470 107.376
1581576473 18.158
1581576474 17.914
1581576475 27.624
1581576476 70.223
1581576477 88.387
1581576479 166.272
1581576480 192.828
1581576481 156.786
1581576482 127.009
1581576483 157.975
1581576484 145.77
1581576485 145.77
1581576487 127.248
1581576488 146.693
1581576489 140.493
1581576490 140.599
1581576491 160.228
1581576493 138.533
1581576494 130.546
1581576495 115.552
1581576496 114.045
1581576498 18.512
1581576499 18.512
1581576501 17.16
1581576502 55.017
1581576503 101.351
1581576504 104.514
1581576505 115.476
1581576507 95.783
1581576508 91.463
1581576509 57.246
1581576510 84.369
1581576511 97.856
1581576515 25.127
1581576516 23.299
1581576517 26.205
1581576518 70.461
1581576519 58.644
1581576521 71.836
1581576522 56.951
1581576523 60.284
1581576524 45.396
1581576525 59.85
1581576526 11.32
1581576527 11.32
1581576529 18.578
1581576530 58.45
1581576531 72.132
1581576532 62.923
1581576533 71.457
1581576535 71.227
1581576536 79.487
1581576537 67.496
1581576538 70.552
1581576539 82.811
1581576542 12.174
1581576543 64.217
1581576544 70.7
1581576545 68.052
1581576546 74.571
1581576547 61.561
1581576549 69.52
1581576550 41.716
1581576551 66.509
1581576552 76.317
1581576553 61.888
1581576556 26.525
1581576557 52.547
1581576558 52.59
1581576559 51.82
1581576560 67.206
1581576561 51.16
1581576562 50.477
1581576563 57.918
1581576564 59.578
1581576566 55.173
1581576567 55.209
1581576568 22.568
1581576569 22.568
1581576570 14.396
1581576571 13.789
1581576573 12.29
1581576574 13.108
1581576575 13.492
1581576576 12.318
1581576579 10.767
1581576580 13.027
1581576581 10.651
1581576584 12.736
1581576585 10.986
1581576587 10.035
1581576588 18.691
1581576589 27.263
1581576590 30.785
1581576591 37.956
1581576592 33.706
1581576595 36.022
1581576598 11.033
1581576599 11.986
1581576600 13.91
1581576602 10.042
1581576603 11.487
1581576605 11.741
1581576606 10.963
1581576607 10.86
1581576609 12.858
1581576612 13.653
1581576613 12.902
1581576614 16.94
1581576616 17.573
1581576617 24.826
1581576618 32.934
1581576619 36.541
1581576620 43.225
1581576621 44.019
1581576623 46.096
1581576626 15.935
1581576627 16.335
1581576628 17.073
1581576630 28.074
1581576631 34.88
1581576632 37.612
1581576633 40.793
1581576634 35.189
1581576635 41.745
1581576637 27.075
1581576639 12.258
1581576640 28.229
1581576641 42.187
1581576642 71.001
1581576644 75.641
1581576645 99.699
1581576646 75.72
1581576647 83.492
1581576648 89.388
1581576649 86.454
1581576651 62.799
1581576653 15.396
1581576654 18.278
1581576655 18.332
1581576656 17.132
1581576658 17.758
1581576659 17.717
1581576660 18.348
1581576661 16.996
1581576662 17.958
1581576663 17.781
1581576667 23.581
1581576668 23.156
1581576669 23.516
1581576670 23.079
1581576672 24.855
1581576673 22.733
1581576674 20.192
1581576675 18.438
1581576676 19.02
1581576677 31.156
1581576678 21.933
1581576681 16.607
1581576682 16.439
1581576683 16.222
1581576684 38.807
1581576685 50.551
1581576687 62.755
1581576688 69.141
1581576689 40.236
1581576690 48.106
1581576691 59.623
1581576692 21.008
1581576693 21.008
1581576695 16.079
1581576696 15.842
1581576697 16.835
1581576698 16.212
1581576699 13.892
1581576700 14.115
1581576702 15.114
1581576703 16.815
1581576704 17.253
1581576709 18.231
1581576710 18.248
1581576711 18.527
1581576712 17.373
1581576713 14.607
1581576715 17.718
1581576716 18.491
1581576717 18.215
1581576718 18.367
1581576723 18.262
1581576724 18.513
1581576725 19.095
1581576726 16.372
1581576727 81.968
1581576729 75.751
1581576730 69.737
1581576731 86.696
1581576732 76.499
1581576733 76.499
1581576734 12.433
1581576735 12.433
1581576737 20.007
1581576738 17.814
1581576739 18.784
1581576740 17.45
1581576741 16.011
1581576743 18.561
1581576744 17.045
1581576745 17.235
1581576746 16.664
1581576747 16.595
1581576751 16.151
1581576752 16.414
1581576753 14.863
1581576754 16.956
1581576755 14.895
1581576756 15.204
1581576758 16.473
1581576759 16.296
1581576760 16.382
1581576761 15.295
1581576763 26.83
1581576765 85.33
1581576766 70.103
1581576767 67.13
1581576768 56.982
1581576769 67.998
1581576770 85.618
1581576772 80.082
1581576773 87.773
1581576774 89.232
1581576775 81.248
1581576779 16.317
1581576780 57.753
1581576781 52.884
1581576782 84.783
1581576783 72.89
1581576784 80.923
1581576786 72.448
1581576787 77.825
1581576789 78.763
1581576791 10.882
1581576792 16.087
1581576794 16.77
1581576795 16.9
1581576796 16.69
1581576797 30.852
1581576798 63.834
1581576799 70.597
1581576801 55.289
1581576803 82.325
1581576805 11.724
1581576806 14.884
1581576808 40.608
1581576809 55.738
1581576810 70.215
1581576811 59.84
1581576812 68.646
1581576813 48.21
1581576815 68.354
1581576817 34.773
1581576819 24.249
1581576820 41.112
1581576822 33.067
1581576823 48.726
1581576824 49.314
1581576825 46.333
1581576826 43.758
1581576827 44.769
1581576829 62.101
1581576831 34.276
1581576834 32.657
1581576836 56.739
1581576837 59.619
1581576838 63.49
1581576839 63.922
1581576840 69.909
1581576841 68.966
1581576843 68.336
1581576845 50.208
1581576846 50.208
1581576847 14.31
1581576848 18.997
1581576850 59.189
1581576851 58.326
1581576852 62.409
1581576853 45.57
1581576854 48.364
1581576855 67.26
1581576856 64.043
1581576859 46.009
1581576860 46.009
1581576861 24.143
1581576862 43.582
1581576863 39.906
1581576865 50.988
1581576866 52.471
1581576867 46.517
1581576868 44.347
1581576869 60.006
1581576870 59.513
1581576873 25.995
1581576874 25.995
1581576875 11.335
1581576876 13.063
1581576877 14.66
1581576879 12.346
1581576881 12.498
1581576883 10.315
1581576890 12.627
1581576891 11.03
1581576892 12.571
1581576894 13.258
1581576895 13.268
1581576896 11.776
1581576897 28.155
1581576898 33.535
1581576900 35.023
1581576903 31.478
1581576904 48.44
1581576905 52.37
1581576906 55.554
1581576908 46.68
1581576909 55.028
1581576910 43.674
1581576911 40.762
1581576912 36.399
1581576915 24.328
1581576915 24.328
1581576918 10.276
1581576919 18.391
1581576920 27.874
1581576922 31.373
1581576923 33.866
1581576924 34.447
1581576925 41.089
1581576926 28.29
1581576927 34.751
1581576931 13.345
1581576932 11.12
1581576935 12.016
