1575331336 21.302
1575331337 40.38
1575331338 52.673
1575331339 48.521
1575331340 11.039
1575331418 14.478
1575331419 12.877
1575331465 19.504
1575331511 31.321
1575331518 23.326
1575331524 22.764
1575331557 25.04
1575331603 23.047
1575331649 30.258
1575331694 11.646
1575331695 19.946
1575331741 27.543
1575331787 27.722
1575331832 17.281
1575331833 10.384
1575331879 33.638
1575331925 21.188
1575331970 22.455
1575332017 26.707
1575332062 24.029
1575332108 27.61
1575332154 23.732
1575332200 28.496
1575332245 33.662
1575332292 27.709
1575332337 30.317
1575332382 34.176
1575332429 15.287
1575332474 29.3
1575332519 32.395
1575332564 10.495
1575332566 11.457
1575332611 23.505
1575332656 31.509
1575332701 19.019
1575332747 35.524
1575332792 31.423
1575332838 14.528
1575332839 10.986
1575332884 32.561
1575332930 25.857
1575332976 27.385
1575333023 24.775
1575333069 19.745
1575333114 25.842
1575333160 27.692
1575333205 24.19
1575333250 32.401
1575333295 25.465
1575333342 25.563
1575333387 31.196
1575333432 30.793
1575333477 31.037
1575333523 20.875
1575333568 13.022
1575333569 13.075
1575333615 24.423
1575333660 38.266
1575333705 33.942
1575333750 25.753
1575333796 39.88
1575333841 15.536
1575333888 21.797
1575333935 12.545
1575334175 60.195
1575334176 118.79
1575334177 62.039
1575334180 16.97
1575334223 30.668
1575334268 34.232
1575334298 21.183
1575334303 21.298
1575334313 30.856
1575334358 11.853
1575334359 14.012
1575334405 32.088
1575334450 32.442
1575334497 22.445
1575334543 21.431
1575334588 32.371
1575334634 30.274
1575334679 34.214
1575334724 16.38
1575334772 12.744
1575334773 23.908
1575334819 19.272
1575334864 31.928
1575334911 24.016
1575334956 37.355
1575335001 30.187
1575335047 21.371
1575335093 21.53
1575335139 23.985
1575335184 34.08
1575335229 31.987
1575335274 20.902
1575335321 23.435
1575335366 26.74
1575335411 32.609
1575335457 35.09
1575335502 29.027
1575335548 31.637
1575335593 35.987
1575335639 32.126
1575335684 30.785
1575335729 12.942
1575335730 13.185
1575335776 22.831
1575335821 24.305
1575335866 30.273
1575335912 26.725
1575335957 25.794
1575336002 33.49
1575336048 36.592
1575336093 31.191
1575336138 32.024
1575336184 31.33
1575336229 32.048
1575336274 31.665
1575336320 33.893
1575336366 26.927
1575336411 33.419
1575336457 25.354
1575336502 22.387
1575336548 22.278
1575336593 11.197
1575336594 14.673
1575336639 22.966
1575336685 31.359
1575336730 31.354
1575336775 28.268
1575336820 30.186
1575336866 36.135
1575336956 20.288
1575337002 18.472
1575337295 102.623
1575337296 137.583
1575337297 35.275
1575337300 13.432
1575337341 27.148
1575337387 27.903
1575337432 24.436
1575337479 15.324
1575337524 17.398
1575337569 27.79
1575337614 28.639
1575337660 30.783
1575337705 30.494
1575337750 36.79
1575337796 32.908
1575337841 32.67
1575337886 24.447
1575337931 12.981
1575337933 15.11
1575337978 25.851
1575338023 24.795
1575338068 33.153
1575338114 28.305
1575338159 37.35
1575338204 29.334
1575338250 30.38
1575338295 41.544
1575338340 32.521
1575338386 22.03
1575338431 30.006
1575338476 32.464
1575338521 24.531
1575338568 26.568
1575338713 10.733
1575338714 17.12
1575338759 33.865
1575338805 32.183
1575338851 31.709
1575338896 22.207
1575338942 19.138
1575338988 32.766
1575339033 34.802
1575339075 36.507
1575339076 18.439
