1582799980 213.414
1582799981 229.175
1582799982 244.111
1582799983 231.592
1582799984 244.656
1582799985 196.12
1582799987 206.893
1582799988 211.201
1582799989 173.292
1582799991 40.859
1582799992 40.859
1582799994 19.368
1582799995 17.883
1582799996 19.642
1582799997 20.543
1582799998 20.164
1582799999 20.268
1582800001 20.482
1582800002 19.675
1582800003 20.692
1582800004 19.412
1582800008 22.074
1582800009 21.263
1582800010 71.507
1582800011 223.428
1582800012 230.75
1582800014 198.048
1582800015 214.618
1582800016 216.265
1582800017 183.859
1582800018 177.876
1582800022 87.597
1582800023 112.865
1582800024 181.357
1582800025 180.634
1582800026 213.529
1582800027 187.55
1582800029 181.667
1582800030 199.848
1582800031 180.75
1582800032 202.878
1582800034 11.964
1582800036 166.428
1582800037 213.25
1582800038 221.179
1582800039 207.334
1582800040 207.083
1582800041 185.199
1582800042 167.221
1582800043 188.243
1582800044 153.032
1582800047 84.79
1582800047 84.79
1582800048 37.459
1582800049 184.151
1582800050 163.699
1582800051 171.585
1582800052 164.666
1582800054 180.672
1582800055 180.486
1582800056 182.268
1582800057 186.451
1582800058 162.844
1582800059 156.244
1582800060 53.491
1582800061 53.491
1582800063 231.698
1582800064 323.677
1582800065 203.912
1582800066 200.665
1582800067 214.358
1582800068 164.519
1582800069 170.852
1582800071 179.868
1582800072 184.993
1582800074 73.197
1582800076 211.746
1582800077 271.341
1582800079 259.66
1582800080 229.217
1582800081 206.103
1582800082 149.67
1582800083 132.912
1582800084 137.682
1582800086 144.236
1582800088 86.592
1582800090 150.56
1582800091 218.151
1582800092 193.36
1582800094 196.46
1582800095 203.252
1582800096 208.17
1582800097 206.123
1582800098 207.792
1582800099 196.658
1582800100 171.162
1582800102 121.617
1582800104 15.488
1582800105 67.823
1582800106 138.844
1582800107 131.747
1582800109 142.403
1582800110 142.254
1582800111 134.707
1582800112 139.125
1582800113 121.928
1582800114 132.869
1582800116 83.952
1582800118 17.02
1582800119 19.376
1582800120 19.811
1582800121 21.011
1582800123 72.234
1582800124 75.639
1582800125 147.009
1582800126 174.137
1582800127 180.464
1582800128 167.993
1582800130 66.743
1582800132 26.313
1582800133 22.489
1582800134 24.921
1582800136 25.559
1582800137 25.133
1582800138 24.615
1582800139 24.258
1582800140 22.702
1582800141 22.174
1582800146 19.956
1582800147 46.483
1582800148 161.327
1582800150 195.551
1582800151 185.812
1582800152 192.44
1582800153 294.558
1582800154 291.089
1582800155 280.488
1582800157 25.253
1582800158 25.253
1582800160 165.021
1582800161 231.342
1582800162 243.896
1582800163 165.672
1582800164 175.359
1582800165 143.342
1582800167 159.647
1582800168 128.161
1582800169 150.916
1582800171 45.369
1582800172 45.369
1582800174 110.718
1582800175 224.739
1582800176 215.685
1582800177 213.776
1582800178 250.851
1582800179 226.107
1582800180 211.331
1582800182 182.459
1582800183 206.401
1582800184 177.392
1582800185 120.146
1582800186 120.146
1582800187 61.082
1582800188 223.309
1582800190 260.651
1582800191 220.573
1582800192 252.381
1582800193 267.609
1582800194 258.445
1582800195 219.398
1582800196 169.112
1582800197 197.024
1582800199 124.664
1582800201 18.905
1582800202 85.344
1582800203 245.531
1582800204 247.482
1582800206 165.321
1582800207 204.198
1582800208 205.609
1582800209 223.605
1582800210 194.144
1582800211 224.949
1582800212 163.912
1582800214 23.851
1582800216 130.219
1582800217 169.195
1582800218 197.214
1582800219 211.487
1582800220 157.368
1582800221 164.371
1582800223 170.658
1582800224 162.82
1582800225 164.719
1582800226 146.5
1582800228 16.509
1582800230 91.002
1582800231 153.193
1582800232 120.451
1582800233 164.918
1582800234 121.322
1582800235 128.606
1582800237 167.217
1582800238 108.619
1582800240 119.754
1582800240 91.258
1582800242 14.855
1582800243 57.933
1582800245 97.209
1582800246 111.776
1582800247 94.29
1582800248 118.303
1582800249 90.548
1582800251 111.358
1582800252 99.136
1582800254 94.444
1582800255 28.994
1582800255 28.994
1582800256 24.277
1582800257 88.468
1582800259 123.293
1582800260 112.12
1582800261 122.545
1582800262 95.35
1582800263 93.111
1582800264 82.197
1582800266 103.523
1582800268 58.473
1582800270 20.896
1582800271 66.072
1582800273 63.155
1582800274 67.535
1582800275 98.079
1582800276 63.194
1582800277 79.837
1582800278 105.719
1582800280 110.693
1582800282 71.121
1582800283 71.121
1582800284 16.635
1582800285 16.948
1582800287 17.666
1582800288 57.605
1582800289 82.953
1582800290 71.572
1582800291 70.686
1582800292 63.993
1582800294 79.362
1582800296 41.115
1582800297 41.115
1582800298 34.235
1582800299 61.059
1582800301 63.995
1582800302 62.439
1582800303 75.882
1582800304 67.519
1582800305 77.506
1582800306 68.333
1582800308 67.371
1582800310 22.012
1582800311 22.012
1582800312 15.493
1582800313 12.329
1582800315 13.498
1582800316 13.482
1582800317 12.883
1582800318 12.529
1582800319 15.029
1582800320 12.837
1582800322 15.52
1582800323 14.977
1582800326 14.404
1582800327 13.651
1582800328 20.502
1582800330 41.773
1582800331 46.041
1582800332 54.121
1582800333 55.49
1582800334 40.075
1582800335 48.088
1582800337 57.823
1582800338 13.009
1582800338 13.009
1582800340 50.122
1582800341 53.217
1582800342 87.821
1582800344 96.615
1582800345 104.666
1582800346 88.6
1582800347 106.008
1582800348 102.307
1582800351 90.729
1582800353 33.703
1582800354 103.702
1582800355 98.235
1582800356 101.03
1582800358 106.481
1582800359 116.441
1582800360 89.701
1582800361 100.705
1582800362 82.514
1582800363 102.497
1582800365 118.945
1582800367 40.158
1582800368 72.807
1582800369 92.071
1582800370 102.211
1582800372 78.242
1582800373 93.271
1582800374 77.099
1582800375 84.712
1582800376 78.711
1582800377 87.12
1582800379 70.898
1582800381 17.735
1582800382 74.931
1582800383 109.518
1582800384 105.727
1582800386 96.948
1582800387 86.14
1582800388 102.576
1582800389 89.694
1582800390 88.474
1582800391 101.339
1582800392 81.156
1582800395 18.575
1582800396 58.187
1582800397 99.001
1582800398 105.253
1582800399 113.15
1582800401 100.037
1582800402 113.764
1582800403 106.636
1582800404 95.7
1582800405 101.901
1582800406 55.92
1582800409 26.116
1582800410 53.414
1582800411 87.044
1582800412 108.999
1582800413 93.409
1582800415 86.737
1582800416 76.149
1582800417 65.952
1582800418 69.977
1582800419 70.556
1582800420 56.4
1582800421 56.4
1582800423 85.558
1582800424 98.665
1582800425 79.256
1582800426 67.254
1582800427 100.336
1582800429 100.735
1582800430 91.174
1582800431 84.598
1582800432 104.822
1582800434 87.607
1582800437 23.127
1582800438 44.72
1582800439 79.542
1582800440 89.712
1582800441 93.235
1582800443 99.108
1582800444 109.681
1582800445 77.345
1582800446 61.775
1582800448 32.78
1582800449 32.78
1582800451 52.464
1582800452 102.55
1582800453 101.068
1582800454 82.552
1582800455 74.343
1582800457 100.657
1582800458 79.412
1582800459 83.295
1582800460 78.708
1582800465 39.162
1582800466 81.397
1582800467 68.19
1582800468 74.151
1582800469 85.137
1582800471 40.541
1582800472 47.252
1582800473 64.14
1582800474 66.495
1582800476 15.466
1582800477 15.466
1582800478 10.343
1582800479 28.727
1582800480 66.139
1582800481 63.753
1582800482 65.876
1582800483 89.166
1582800485 87.544
1582800486 80.899
1582800487 59.819
1582800488 59.243
1582800489 65.16
1582800491 16.951
1582800493 43.371
1582800494 66.905
1582800495 69.796
1582800496 59.786
1582800497 52.293
1582800498 49.937
1582800500 52.65
1582800501 62.423
1582800502 74.53
1582800503 68.704
1582800506 30.314
1582800508 27.628
1582800509 32.611
1582800510 23.402
1582800511 33.393
1582800512 34.846
1582800513 54.108
1582800514 80.773
1582800515 56.467
1582800516 61.488
1582800518 47.944
1582800519 47.944
1582800519 41.378
1582800520 21.827
1582800521 26.991
1582800522 28.487
1582800523 67.75
1582800525 53.775
1582800526 56.596
1582800527 53.098
1582800528 58.163
1582800529 38.462
1582800530 43.479
1582800532 26.026
1582800532 26.026
1582800534 20.727
1582800535 37.349
1582800536 44.173
1582800537 48.585
1582800539 46.525
1582800540 38.355
1582800541 45.698
1582800542 43.411
1582800543 55.892
1582800546 25.91
1582800546 25.91
1582800548 16.72
1582800549 29.447
1582800550 47.854
1582800551 44.876
1582800553 44.709
1582800554 39.148
1582800555 38.36
1582800556 32.601
1582800557 26.603
1582800563 10.02
1582800564 17.7
1582800565 23.011
1582800567 41.162
1582800568 35.762
1582800569 25.626
1582800571 23.068
1582800572 19.03
1582800576 12.648
1582800577 17.4
1582800578 18.061
1582800579 27.346
1582800580 35.204
1582800581 33.084
1582800583 18.821
1582800584 26.034
1582800585 28.45
1582800592 16.087
1582800593 12.505
1582800594 13.856
1582800595 17.453
1582800596 19.015
1582800598 14.929
1582800679 33.607
1582800680 155.801
1582800681 233.169
1582800682 168.592
1582800683 182.125
1582800685 178.922
1582800686 183.075
1582800687 179.171
1582800688 169.068
1582800693 192.668
1582800694 242.907
1582800695 236.436
1582800696 256.147
1582800697 202.383
1582800698 228.599
1582800699 223.987
1582800701 233.608
1582800702 232.763
1582800704 33.123
1582800705 33.123
1582800706 178.77
1582800708 178.278
1582800709 146.608
1582800710 164.48
1582800711 177.145
1582800712 177.962
1582800713 172.886
1582800715 143.925
1582800716 152.591
1582800719 41.049
1582800720 249.281
1582800722 232.714
1582800723 220.485
1582800724 213.208
1582800725 146.947
1582800726 108.175
1582800727 113.369
1582800728 91.35
1582800730 91.734
1582800734 23.279
1582800736 22.874
1582800737 22.902
1582800738 22.055
1582800739 21.412
1582800740 22.265
1582800742 22.371
1582800743 22.916
1582800744 21.212
1582800745 85.442
1582800748 17.858
1582800749 22.773
1582800750 24.642
1582800751 40.333
1582800752 165.422
1582800753 221.495
1582800755 248.053
1582800756 209.367
1582800757 206.483
1582800759 176.491
1582800759 78.861
1582800762 120.609
1582800763 272.35
1582800764 187.094
1582800765 138.75
1582800766 180.438
1582800767 189.706
1582800768 186.207
1582800770 178.444
1582800771 187.496
1582800773 125.927
1582800776 72.353
1582800777 132.941
1582800778 103.875
1582800779 85.861
1582800780 88.585
1582800781 97.61
1582800783 102.154
1582800784 106.663
1582800785 113.306
1582800790 19.066
1582800791 20.17
1582800792 20.37
1582800793 18.797
1582800794 19.549
1582800796 19.98
1582800797 19.949
1582800798 17.408
1582800799 18.322
1582800800 16.998
1582800803 13.678
1582800804 30.494
1582800805 29.893
1582800806 30.891
1582800807 30.639
1582800809 31.359
1582800810 28.007
1582800811 29.924
1582800812 30.417
1582800813 29.837
1582800814 29.94
1582800817 13.582
1582800818 18.587
1582800819 20.332
1582800820 19.758
1582800822 19.853
1582800823 19.69
1582800824 19.515
1582800825 19.648
1582800826 20.699
1582800827 19.809
1582800831 24.469
1582800832 134.514
1582800833 152.679
1582800834 151.752
1582800836 147.792
1582800837 221.833
1582800838 195.378
1582800839 150.044
1582800840 159.131
1582800841 152.983
1582800843 63.125
1582800843 63.125
1582800845 63.68
1582800846 174.544
1582800847 178.239
1582800848 166.895
1582800849 197.476
1582800851 186.424
1582800852 134.235
1582800853 220.009
1582800854 200.115
1582800856 117.261
1582800859 18.592
1582800860 74.981
1582800861 180.529
1582800862 202.449
1582800863 163.107
1582800864 199.569
1582800866 217.031
1582800867 205.877
1582800868 179.533
1582800870 69.857
1582800871 69.857
1582800872 20.579
1582800874 57.222
1582800875 108.671
1582800876 107.668
1582800877 171.317
1582800878 110.727
1582800879 106.546
1582800881 99.197
1582800882 110.256
1582800884 32.777
1582800885 32.777
1582800886 17.49
1582800888 59.538
1582800889 101.581
1582800890 98.44
1582800891 105.594
1582800892 79.63
1582800893 75.869
1582800895 87.457
1582800896 83.008
1582800898 37.08
1582800899 37.08
1582800901 62.018
1582800902 93.323
1582800903 61.733
1582800904 60.299
1582800905 61.077
1582800906 51.904
1582800907 58.238
1582800909 71.248
1582800910 63.22
1582800913 12.454
1582800914 59.942
1582800916 87.348
1582800917 69.629
1582800918 81.476
1582800919 60.195
1582800920 94.569
1582800921 80.059
1582800923 67.143
1582800924 68.081
1582800927 29.728
1582800928 92.1
1582800929 80.067
1582800931 63.198
1582800932 87.481
1582800933 71.417
1582800934 96.099
1582800935 101.156
1582800936 114.249
1582800938 84.728
1582800939 65.489
1582800940 12.322
1582800940 12.322
1582800941 16.515
1582800942 68.506
1582800943 80.465
1582800945 73.909
1582800946 63.53
1582800947 57.999
1582800948 58.399
1582800949 71.505
1582800950 51.874
1582800953 52.261
1582800953 39.466
1582800954 11.391
1582800954 11.391
1582800955 17.693
1582800956 49.434
1582800957 56.639
1582800959 51.723
1582800960 47.257
1582800961 35.538
1582800962 38.288
1582800963 38.821
1582800964 41.114
1582800967 24.945
1582800969 28.171
1582800970 52.84
1582800971 44.266
1582800973 39.557
1582800974 67.803
1582800975 48.328
1582800976 48.251
1582800977 49.045
1582800978 31.176
1582800981 46.717
1582800983 13.496
1582800984 30.807
1582800985 37.749
1582800986 50.737
1582800988 51.305
1582800989 39.862
1582800990 56.181
1582800991 53.352
1582800992 50.529
1582800993 62.872
1582800995 55.468
1582800997 12.322
1582800998 27.114
1582800999 32.918
1582801000 38.889
1582801002 36.683
1582801003 49.087
1582801004 36.815
1582801005 51.907
1582801006 63.689
1582801007 30.417
1582801009 37.637
1582801011 13.245
1582801012 36.257
1582801013 46.052
1582801014 59.785
1582801015 55.179
1582801017 61.527
1582801018 57.006
1582801019 28.256
1582801020 56.401
1582801021 59.91
1582801022 50.157
1582801025 17.556
1582801026 36.283
1582801027 47.807
1582801028 88.869
1582801029 84.993
1582801031 85.961
1582801032 82.425
1582801033 98.019
1582801034 94.541
1582801035 86.74
1582801036 100.107
1582801037 100.107
1582801039 48.652
1582801040 88.955
1582801041 77.224
1582801042 83.562
1582801043 95.986
1582801045 90.381
1582801046 31.483
1582801047 33.081
1582801048 33.405
1582801050 80.41
1582801051 80.41
1582801053 83.496
1582801054 72.506
1582801055 87.593
1582801056 106.727
1582801058 90.054
1582801059 86.496
1582801060 93.406
1582801061 94.853
1582801062 112.823
1582801064 20.194
1582801065 20.194
1582801067 31.934
1582801068 68.868
1582801069 81.694
1582801070 102.273
1582801071 77.399
1582801073 74.34
1582801074 88.178
1582801075 76.316
1582801076 98.69
1582801077 87.107
1582801077 87.107
1582801078 13.284
1582801079 13.284
1582801080 21.885
1582801081 66.878
1582801082 85.233
1582801083 101.211
1582801084 95.726
1582801085 32.353
1582801087 63.959
1582801088 75.115
1582801089 68.798
1582801090 63.373
1582801091 67.522
1582801094 20.065
1582801095 72.251
1582801096 57.567
1582801097 52.778
1582801098 80.519
1582801099 61.441
1582801100 66.158
1582801102 62.0
1582801103 79.627
1582801104 89.645
1582801105 95.277
1582801109 17.384
1582801110 18.042
1582801111 17.47
1582801112 43.868
1582801113 52.909
1582801114 55.17
1582801116 61.146
1582801117 35.623
1582801118 69.865
1582801119 58.618
1582801121 31.049
1582801122 76.949
1582801124 63.09
1582801125 72.022
1582801126 56.407
1582801127 42.801
1582801128 64.137
1582801130 34.613
1582801131 50.267
1582801132 44.281
1582801133 41.407
1582801137 13.444
1582801138 12.56
1582801139 14.955
1582801140 31.776
1582801141 42.874
1582801142 60.7
1582801144 52.727
1582801145 58.145
1582801147 61.579
1582801147 58.612
1582801149 11.706
1582801151 15.6
1582801152 15.447
1582801153 15.473
1582801154 15.402
1582801155 15.053
1582801156 15.354
1582801157 15.18
1582801159 15.324
1582801163 13.454
1582801164 40.874
1582801166 48.156
1582801167 69.631
1582801168 65.575
1582801169 56.982
1582801170 59.48
1582801171 78.558
1582801173 67.015
1582801175 80.013
1582801177 15.596
1582801178 28.207
1582801180 46.087
1582801181 53.937
1582801182 62.216
1582801183 35.357
1582801184 54.784
1582801185 51.345
1582801187 64.536
1582801189 40.959
1582801190 40.959
1582801191 12.695
1582801192 41.023
1582801194 70.518
1582801195 81.777
1582801196 67.905
1582801197 61.906
1582801198 59.728
1582801199 62.475
1582801201 65.301
1582801203 12.827
1582801204 12.827
1582801205 12.826
1582801206 15.374
1582801208 13.373
1582801209 12.986
1582801210 14.084
1582801211 13.478
1582801212 14.834
1582801213 15.702
1582801215 15.158
1582801219 13.571
1582801220 13.892
1582801222 12.566
1582801223 14.369
1582801224 11.282
1582801226 13.509
1582801227 14.378
1582801228 11.868
1582801233 13.985
1582801234 13.218
1582801235 14.166
1582801237 11.935
1582801238 15.525
1582801239 40.346
1582801240 42.11
1582801241 52.303
1582801242 46.968
1582801244 47.916
1582801247 11.375
1582801249 10.038
1582801250 11.41
1582801252 13.339
1582801253 11.728
1582801254 15.708
1582801255 38.858
1582801256 22.011
1582801266 10.733
1582801267 11.449
1582801268 13.226
1582801269 20.925
1582801270 20.733
1582801271 15.019
1582801290 15.444
1582801291 18.939
1582801292 39.605
1582801293 26.497
1582801294 26.986
1582801295 35.558
1582801297 17.576
1582801298 29.376
1582801299 31.802
1582801318 18.183
1582801319 27.993
1582801320 35.922
1582801321 34.784
1582801322 22.92
1582801323 11.774
1582801324 24.004
1582801327 33.485
1582801327 15.224
1582801383 15.665
1582801386 79.758
1582801387 186.721
1582801388 228.999
1582801389 242.295
1582801390 213.958
1582801391 195.909
1582801392 207.701
1582801393 195.865
1582801395 218.117
1582801396 201.684
1582801400 20.006
1582801402 65.828
1582801403 203.731
1582801404 302.037
1582801405 250.418
1582801406 193.027
1582801407 122.979
1582801408 130.061
1582801411 134.818
1582801411 123.716
1582801413 16.845
1582801414 182.493
1582801415 192.768
1582801416 207.744
1582801418 143.263
1582801419 146.081
1582801420 153.723
1582801421 154.638
1582801422 158.99
1582801424 151.989
1582801425 157.481
1582801427 123.43
1582801428 243.422
1582801429 245.62
1582801430 246.682
1582801431 239.912
1582801433 179.665
1582801434 182.645
1582801435 193.435
1582801436 210.395
1582801437 172.158
1582801442 21.591
1582801443 21.516
1582801444 22.295
1582801445 19.896
1582801446 20.962
1582801448 22.331
1582801449 21.528
1582801450 21.367
1582801451 20.71
1582801452 20.167
1582801455 15.854
1582801456 28.643
1582801457 78.987
1582801458 122.989
1582801460 128.704
1582801461 152.106
1582801462 175.198
1582801463 166.765
1582801464 178.76
1582801465 185.269
1582801466 154.035
1582801469 20.913
1582801470 184.266
1582801471 196.017
1582801472 206.809
1582801473 174.801
1582801475 150.73
1582801476 131.952
1582801477 138.914
1582801478 109.965
1582801479 119.091
1582801480 63.946
1582801483 209.957
1582801484 226.908
1582801485 239.058
1582801486 241.5
1582801487 174.145
1582801489 169.186
1582801490 177.586
1582801491 172.45
1582801492 155.859
1582801493 185.317
1582801494 122.776
1582801497 112.902
1582801498 227.73
1582801499 172.427
1582801500 227.023
1582801501 216.021
1582801502 175.259
1582801503 214.011
1582801505 182.503
1582801506 235.52
1582801508 162.084
1582801510 136.377
1582801511 157.011
1582801513 198.47
1582801514 108.653
1582801515 86.728
1582801516 91.776
1582801517 92.463
1582801518 98.159
1582801520 96.696
1582801522 63.635
1582801524 56.589
1582801525 185.796
1582801527 190.176
1582801528 194.872
1582801529 234.415
1582801530 180.715
1582801531 159.702
1582801532 166.473
1582801533 172.204
1582801536 137.929
1582801538 17.367
1582801539 34.225
1582801540 161.662
1582801542 244.962
1582801543 183.261
1582801544 206.119
1582801545 209.399
1582801546 176.923
1582801547 158.727
1582801548 142.714
1582801550 80.131
1582801552 32.766
1582801553 122.693
1582801554 210.383
1582801555 230.76
1582801557 235.306
1582801558 238.767
1582801559 164.699
1582801560 213.758
1582801561 167.198
1582801562 168.332
1582801563 87.567
1582801566 126.674
1582801567 232.219
1582801568 155.051
1582801569 171.956
1582801570 176.367
1582801571 157.519
1582801573 147.057
1582801574 149.66
1582801575 122.834
1582801576 100.116
1582801577 85.67
1582801579 19.282
1582801581 70.667
1582801582 132.319
1582801583 81.252
1582801584 129.332
1582801585 98.346
1582801586 126.176
1582801588 117.725
1582801589 125.559
1582801590 110.629
1582801591 96.095
1582801592 11.174
1582801592 11.174
1582801594 29.495
1582801595 76.969
1582801596 92.145
1582801597 76.942
1582801598 88.699
1582801599 70.017
1582801601 68.224
1582801602 86.13
1582801603 83.98
1582801605 76.37
1582801606 76.37
1582801606 14.513
1582801608 43.634
1582801609 42.187
1582801610 53.899
1582801611 58.809
1582801612 80.872
1582801613 71.501
1582801615 52.851
1582801616 38.806
1582801617 41.719
1582801618 50.443
1582801619 32.788
1582801620 32.788
1582801622 15.083
1582801623 10.613
1582801624 14.607
1582801625 26.536
1582801626 54.516
1582801627 51.913
1582801629 64.537
1582801630 53.788
1582801631 51.271
1582801633 19.792
1582801634 19.792
1582801636 45.974
1582801637 46.879
1582801638 39.165
1582801639 38.939
1582801640 36.519
1582801641 45.048
1582801643 39.699
1582801644 40.454
1582801645 37.532
1582801646 50.283
1582801647 16.696
1582801648 16.696
1582801649 15.89
1582801651 17.326
1582801652 24.009
1582801653 34.955
1582801654 33.326
1582801655 39.754
1582801656 36.304
1582801658 37.026
1582801659 21.521
1582801660 26.845
1582801663 22.042
1582801665 21.178
1582801666 31.22
1582801667 18.367
1582801668 23.568
1582801669 38.24
1582801670 43.974
1582801672 36.659
1582801673 43.496
1582801674 27.352
1582801677 28.432
1582801679 33.416
1582801680 27.191
1582801681 82.982
1582801682 39.076
1582801683 51.693
1582801684 60.663
1582801686 69.506
1582801688 64.173
1582801690 15.469
1582801691 62.322
1582801692 74.985
1582801694 65.444
1582801695 72.743
1582801696 72.467
1582801697 73.054
1582801698 61.222
1582801699 82.992
1582801702 76.698
1582801703 25.264
1582801703 25.264
1582801704 17.879
1582801705 56.246
1582801706 59.352
1582801708 55.987
1582801709 60.365
1582801710 51.657
1582801711 59.045
1582801712 45.254
1582801713 50.229
1582801716 40.629
1582801718 12.713
1582801719 18.359
1582801720 71.522
1582801722 67.754
1582801723 47.114
1582801724 59.874
1582801725 71.149
1582801726 63.633
1582801727 84.805
1582801730 76.493
1582801731 76.493
1582801732 34.744
1582801733 59.1
1582801734 57.39
1582801736 94.727
1582801737 65.064
1582801738 94.853
1582801739 84.495
1582801740 70.902
1582801741 80.438
1582801744 23.886
1582801745 23.886
1582801746 17.226
1582801747 15.77
1582801748 15.34
1582801750 25.751
1582801751 52.589
1582801752 50.221
1582801753 57.881
1582801754 44.413
1582801755 56.749
1582801758 20.256
1582801758 20.256
1582801760 15.333
1582801761 16.016
1582801762 16.161
1582801763 16.38
1582801765 16.392
1582801766 15.533
1582801767 38.032
1582801768 46.528
1582801769 47.086
1582801774 15.845
1582801775 14.086
1582801776 25.691
1582801778 35.608
1582801779 33.923
1582801780 62.677
1582801781 62.199
1582801782 44.805
1582801783 51.572
1582801785 67.349
1582801788 14.835
1582801789 16.134
1582801790 15.873
1582801792 30.373
1582801793 41.494
1582801794 45.339
1582801795 48.695
1582801796 53.738
1582801797 75.422
1582801799 49.049
1582801802 17.734
1582801803 16.671
1582801804 14.545
1582801806 15.025
1582801807 13.926
1582801808 15.491
1582801809 15.995
1582801810 15.489
1582801811 16.644
1582801812 16.644
1582801816 18.659
1582801817 15.953
1582801818 16.412
1582801819 16.532
1582801820 15.201
1582801822 16.889
1582801823 13.185
1582801824 15.745
1582801825 21.301
1582801826 12.247
1582801830 16.246
1582801831 30.284
1582801832 43.843
1582801833 27.885
1582801834 40.011
1582801836 33.319
1582801837 42.035
1582801838 48.781
1582801839 44.184
1582801840 48.566
1582801843 11.508
1582801844 25.409
1582801845 29.027
1582801846 42.937
1582801847 25.018
1582801848 47.321
1582801850 59.097
1582801851 68.476
1582801852 52.128
1582801853 50.409
1582801854 64.167
1582801855 16.333
1582801855 16.333
1582801857 14.762
1582801858 31.965
1582801859 48.35
1582801860 51.566
1582801861 60.331
1582801862 75.894
1582801863 55.734
1582801865 83.366
1582801866 65.018
1582801867 42.687
1582801868 54.585
1582801872 21.231
1582801873 26.178
1582801874 40.843
1582801875 51.571
1582801876 39.519
1582801877 53.613
1582801879 46.019
1582801880 23.027
1582801882 33.863
1582801883 13.443
1582801883 13.443
1582801885 12.989
1582801887 22.055
1582801888 33.154
1582801889 44.802
1582801890 61.806
1582801891 38.074
1582801892 51.259
1582801894 36.523
1582801896 26.717
1582801898 18.177
1582801899 21.365
1582801901 25.097
1582801902 17.402
1582801903 10.93
1582801904 30.221
1582801905 34.84
1582801906 39.744
1582801908 23.027
1582801910 34.7
1582801912 14.838
1582801913 20.219
1582801914 15.132
1582801916 14.134
1582801917 23.291
1582801918 25.494
1582801919 24.963
1582801920 27.254
1582801921 25.114
1582801924 29.949
1582801926 13.904
1582801927 26.276
1582801928 43.473
1582801930 26.932
1582801931 63.113
1582801932 32.594
1582801933 44.256
1582801934 56.662
1582801935 36.051
1582801938 14.883
1582801940 27.053
1582801941 39.849
1582801942 41.899
1582801944 40.0
1582801945 45.213
1582801946 28.828
1582801947 44.358
1582801948 32.461
1582801949 32.305
1582801952 34.201
1582801953 34.201
1582801955 18.225
1582801956 22.68
1582801958 29.309
1582801959 25.202
1582801960 22.129
1582801961 29.279
1582801962 40.595
1582801963 46.432
1582801966 37.627
1582801967 37.627
1582801968 22.626
1582801969 46.43
1582801970 32.034
1582801971 11.074
1582801973 19.269
1582801974 42.982
1582801975 47.468
1582801976 43.892
1582801977 42.399
1582801978 42.263
1582801980 15.577
1582801980 15.577
1582801982 18.094
1582801983 17.797
1582801984 28.07
1582801985 43.853
1582801987 47.657
1582801988 37.197
1582801989 15.129
1582801990 20.402
1582801991 18.889
1582801993 29.963
1582801995 36.174
1582801995 36.174
1582801996 14.078
1582801997 15.826
1582801998 14.644
1582801999 11.008
1582802000 11.49
1582802002 39.362
1582802003 16.566
1582802006 15.866
1582802101 10.672
1582802103 16.048
1582802104 19.12
1582802105 16.175
1582802107 11.263
1582802108 20.852
1582802110 21.245
1582802111 19.885
1582802112 19.616
1582802113 18.593
1582802114 43.466
1582802116 99.581
1582802117 94.902
1582802119 96.769
1582802119 72.717
1582802120 72.717
1582802122 17.106
1582802123 18.383
1582802124 18.24
1582802125 17.309
1582802126 44.868
1582802128 131.271
1582802129 229.205
1582802130 301.561
1582802131 292.92
1582802133 74.25
1582802134 74.25
1582802136 57.85
1582802137 101.535
1582802138 107.301
1582802139 94.964
1582802140 97.382
1582802141 102.294
1582802143 106.549
1582802144 114.953
1582802145 123.19
1582802149 54.018
1582802150 196.654
1582802151 241.085
1582802152 247.096
1582802153 234.363
1582802154 243.455
1582802155 204.285
1582802156 168.227
1582802158 174.996
1582802159 180.201
1582802161 17.799
1582802162 17.799
1582802163 122.778
1582802165 209.564
1582802166 299.79
1582802167 168.24
1582802168 226.172
1582802169 243.329
1582802170 206.356
1582802171 143.957
1582802173 152.932
1582802175 89.801
1582802176 89.801
1582802177 24.389
1582802178 24.44
1582802180 25.452
1582802181 24.563
1582802182 25.129
1582802183 24.321
1582802184 25.196
1582802186 25.779
1582802187 27.163
1582802188 24.14
1582802191 16.939
1582802193 17.754
1582802194 17.745
1582802195 20.484
1582802196 68.906
1582802197 72.315
1582802199 79.364
1582802200 73.096
1582802201 69.967
1582802202 44.667
1582802205 19.398
1582802206 21.255
1582802207 20.42
1582802208 21.433
1582802209 20.694
1582802210 20.78
1582802212 20.348
1582802213 20.769
1582802214 22.88
1582802216 14.144
1582802217 14.144
1582802219 24.275
1582802220 159.986
1582802221 218.294
1582802222 226.223
1582802223 225.053
1582802224 227.258
1582802226 232.451
1582802227 227.917
1582802228 230.843
1582802230 64.098
1582802231 64.098
1582802232 16.925
1582802234 18.364
1582802235 17.221
1582802236 18.431
1582802237 17.667
1582802238 18.147
1582802240 18.072
1582802241 17.732
1582802242 17.978
1582802247 22.784
1582802248 22.886
1582802249 21.928
1582802250 22.709
1582802251 22.674
1582802253 28.953
1582802254 127.148
1582802255 131.9
1582802256 135.227
1582802257 135.76
1582802260 10.898
1582802261 22.77
1582802262 23.523
1582802263 23.368
1582802264 21.555
1582802266 23.621
1582802267 23.434
1582802268 22.608
1582802269 22.568
1582802270 24.394
1582802272 13.825
1582802274 16.583
1582802275 18.264
1582802276 17.271
1582802277 17.748
1582802279 18.19
1582802280 20.883
1582802281 64.787
1582802282 165.231
1582802283 191.417
1582802284 180.704
1582802286 64.196
1582802286 64.196
1582802288 79.676
1582802289 105.675
1582802290 163.089
1582802291 233.776
1582802292 240.891
1582802294 220.663
1582802295 150.235
1582802296 143.625
1582802297 131.387
1582802299 136.042
1582802299 60.782
1582802302 20.201
1582802303 19.138
1582802304 20.031
1582802305 21.755
1582802306 22.707
1582802308 18.842
1582802309 18.521
1582802310 21.051
1582802311 19.905
1582802313 28.48
1582802314 28.48
1582802316 21.346
1582802317 19.517
1582802318 19.197
1582802319 54.379
1582802320 52.882
1582802321 59.202
1582802323 62.177
1582802324 65.209
1582802325 65.132
1582802330 48.85
1582802331 54.649
1582802332 44.031
1582802333 56.108
1582802334 81.678
1582802335 78.729
1582802337 74.748
1582802338 90.916
1582802339 70.99
1582802341 24.989
1582802342 24.989
1582802342 11.067
1582802344 56.627
1582802345 90.01
1582802346 101.404
1582802347 81.939
1582802348 74.552
1582802349 86.838
1582802351 80.282
1582802352 55.46
1582802353 58.985
1582802354 57.674
1582802356 18.007
1582802358 41.27
1582802359 47.916
1582802360 49.775
1582802361 42.082
1582802362 41.919
1582802364 50.937
1582802365 47.638
1582802366 54.213
1582802367 53.867
1582802368 36.58
1582802369 10.605
1582802370 10.605
1582802370 25.387
1582802372 49.997
1582802373 40.356
1582802374 26.188
1582802375 19.786
1582802376 35.102
1582802377 32.588
1582802379 41.128
1582802380 41.36
1582802381 58.175
1582802382 62.031
1582802384 19.314
1582802385 29.182
1582802387 49.341
1582802388 40.377
1582802389 32.267
1582802390 46.123
1582802391 27.546
1582802392 23.658
1582802394 44.761
1582802395 51.065
1582802396 39.375
1582802399 17.778
1582802400 27.06
1582802402 17.509
1582802403 31.074
1582802404 36.305
1582802405 57.866
1582802406 42.554
1582802407 22.122
1582802410 33.284
1582802411 17.369
1582802411 17.369
1582802412 13.3
1582802413 37.917
1582802414 70.375
1582802416 67.965
1582802417 55.401
1582802418 56.103
1582802419 72.999
1582802420 58.803
1582802421 68.807
1582802424 47.397
1582802428 21.21
1582802429 74.043
1582802431 79.825
1582802432 55.202
1582802433 60.118
1582802434 53.153
1582802435 56.198
1582802436 37.104
1582802438 43.66
1582802441 45.828
1582802442 63.227
1582802443 70.247
1582802444 84.529
1582802446 72.834
1582802447 88.572
1582802448 82.461
1582802449 76.039
1582802450 105.216
1582802451 118.77
1582802453 13.395
1582802453 13.395
1582802454 10.183
1582802455 39.401
1582802456 64.57
1582802457 61.18
1582802458 80.41
1582802460 103.353
1582802461 102.772
1582802462 99.383
1582802463 109.197
1582802464 91.453
1582802465 70.031
1582802468 35.091
1582802469 113.915
1582802470 125.674
1582802471 90.548
1582802472 84.724
1582802474 119.801
1582802475 109.276
1582802476 108.573
1582802477 112.315
1582802478 110.701
1582802479 82.503
1582802482 53.845
1582802483 83.739
1582802484 73.04
1582802485 83.483
1582802486 78.952
1582802488 62.64
1582802489 70.818
1582802490 43.953
1582802491 78.795
1582802492 60.832
1582802493 40.181
1582802496 12.333
1582802497 43.99
1582802498 72.737
1582802499 67.37
1582802500 67.002
1582802501 52.416
1582802503 53.814
1582802504 55.481
1582802505 76.941
1582802506 80.865
1582802507 67.572
1582802508 67.572
1582802508 18.694
1582802510 22.345
1582802511 27.072
1582802512 47.866
1582802513 49.394
1582802514 69.191
1582802515 77.958
1582802517 38.939
1582802518 53.208
1582802519 52.539
1582802521 24.342
1582802522 24.342
1582802524 38.181
1582802525 45.125
1582802526 46.868
1582802527 30.965
1582802528 62.869
1582802530 32.832
1582802531 55.883
1582802532 43.997
1582802533 67.559
1582802535 11.263
1582802536 11.263
1582802538 47.7
1582802539 46.304
1582802540 46.242
1582802541 51.818
1582802542 62.74
1582802544 43.292
1582802545 67.282
1582802546 66.977
1582802547 54.821
1582802548 57.136
1582802549 16.837
1582802550 16.837
1582802552 47.676
1582802553 40.424
1582802554 52.551
1582802555 74.41
1582802556 58.727
1582802558 72.943
1582802559 62.941
1582802560 61.546
1582802561 60.1
1582802562 34.563
1582802566 25.967
1582802567 45.214
1582802568 63.632
1582802569 60.723
1582802570 46.931
1582802572 72.643
1582802573 43.358
1582802574 30.765
1582802575 23.337
1582802576 52.086
1582802580 15.198
1582802581 26.644
1582802582 38.842
1582802583 61.761
1582802584 46.569
1582802586 57.98
1582802587 40.893
1582802588 66.566
1582802589 62.744
1582802590 42.863
1582802592 11.202
1582802594 20.222
1582802595 36.817
1582802596 22.265
1582802597 27.896
1582802598 51.502
1582802599 39.752
1582802601 35.207
1582802602 39.235
1582802603 54.16
1582802604 42.037
1582802608 14.816
1582802609 30.934
1582802610 45.882
1582802611 46.069
1582802612 61.222
1582802613 56.799
1582802615 66.839
1582802616 57.324
1582802618 33.897
1582802619 33.897
1582802623 22.115
1582802624 28.069
1582802625 10.488
1582802626 33.668
1582802627 39.443
1582802629 11.605
1582802630 13.68
1582802658 10.137
1582802734 71.06
1582802735 233.455
1582802736 227.202
1582802737 174.482
1582802739 148.076
1582802740 143.045
1582802741 160.749
1582802742 168.203
1582802743 161.704
1582802744 164.888
1582802747 13.485
1582802748 116.255
1582802749 249.748
1582802750 204.001
1582802751 221.487
1582802752 205.704
1582802753 222.402
1582802755 227.973
1582802756 221.473
1582802757 237.163
1582802760 16.843
1582802761 200.737
1582802762 221.886
1582802764 181.827
1582802765 197.853
1582802766 181.303
1582802767 212.426
1582802768 198.074
1582802769 209.123
1582802770 212.829
1582802771 219.079
1582802773 82.263
1582802775 77.245
1582802776 234.188
1582802777 212.149
1582802778 237.039
1582802779 189.342
1582802781 199.141
1582802782 211.834
1582802783 182.957
1582802784 168.935
1582802785 178.246
1582802786 143.768
1582802789 140.086
1582802790 78.736
1582802791 38.04
1582802792 42.6
1582802793 36.965
1582802795 44.921
1582802796 51.84
1582802797 59.75
1582802798 67.505
1582802803 82.624
1582802804 233.769
1582802805 267.059
1582802806 239.111
1582802807 242.684
1582802809 217.396
1582802810 235.751
1582802811 201.697
1582802812 215.063
1582802814 73.505
1582802815 73.505
1582802817 133.214
1582802818 234.177
1582802819 238.643
1582802820 244.443
1582802821 216.139
1582802822 106.881
1582802823 73.456
1582802825 78.46
1582802826 70.812
1582802828 31.024
1582802829 31.024
1582802830 204.528
1582802832 246.546
1582802833 190.279
1582802834 206.319
1582802835 215.759
1582802836 222.18
1582802837 207.121
1582802838 124.078
1582802839 137.822
1582802842 76.067
1582802843 76.067
1582802844 51.824
1582802845 106.908
1582802847 104.571
1582802848 109.472
1582802849 111.764
1582802850 120.701
1582802851 126.058
1582802853 129.687
1582802854 135.794
1582802858 110.427
1582802860 195.492
1582802861 192.168
1582802862 202.88
1582802863 183.939
1582802864 174.101
1582802865 148.841
1582802866 153.562
1582802868 155.914
1582802870 23.856
1582802871 23.856
1582802872 171.522
1582802874 134.688
1582802875 73.905
1582802876 51.379
1582802877 55.486
1582802878 60.246
1582802879 70.152
1582802881 75.672
1582802882 84.669
1582802883 82.748
1582802885 10.817
1582802887 23.819
1582802888 24.39
1582802889 138.548
1582802890 122.723
1582802891 157.509
1582802892 159.25
1582802894 144.444
1582802895 152.596
1582802896 162.736
1582802897 143.835
1582802899 14.384
1582802901 21.009
1582802902 23.082
1582802903 21.832
1582802904 21.162
1582802905 21.814
1582802907 22.696
1582802908 19.935
1582802909 20.945
1582802914 20.898
1582802915 21.606
1582802916 22.291
1582802917 40.618
1582802918 47.477
1582802920 54.494
1582802921 60.242
1582802922 65.951
1582802923 71.755
1582802927 21.545
1582802928 166.158
1582802929 190.636
1582802930 166.274
1582802931 147.056
1582802932 152.267
1582802934 157.571
1582802935 162.621
1582802936 160.101
1582802937 134.322
1582802938 134.322
1582802942 24.969
1582802943 28.055
1582802944 23.088
1582802945 28.036
1582802946 79.01
1582802948 121.281
1582802949 93.828
1582802950 105.689
1582802951 74.075
1582802952 81.49
1582802956 26.9
1582802957 77.398
1582802958 101.646
1582802959 75.561
1582802960 53.0
1582802961 95.653
1582802963 98.966
1582802964 85.695
1582802965 101.129
1582802966 55.871
1582802970 15.803
1582802971 16.734
1582802972 44.198
1582802973 82.997
1582802974 89.743
1582802975 46.43
1582802977 55.896
1582802978 66.08
1582802979 60.756
1582802980 56.441
1582802982 17.75
1582802984 55.471
1582802985 36.383
1582802986 64.197
1582802987 39.637
1582802988 55.15
1582802989 36.625
1582802991 41.295
1582802992 36.129
1582802993 32.192
1582802994 42.89
1582802996 13.503
1582802998 35.247
1582802999 31.889
1582803000 31.912
1582803001 36.546
1582803002 28.504
1582803003 34.243
1582803005 31.951
1582803006 30.796
1582803008 32.109
1582803013 12.44
1582803014 14.373
1582803015 13.564
1582803016 10.376
1582803019 27.795
1582803020 36.561
1582803022 34.165
1582803023 34.165
1582803024 10.846
1582803026 12.642
1582803027 11.406
1582803028 15.215
1582803029 15.233
1582803030 15.417
1582803031 23.819
1582803033 32.845
1582803034 30.921
1582803036 20.352
1582803037 20.352
1582803038 14.72
1582803040 20.757
1582803041 29.472
1582803042 34.898
1582803043 27.584
1582803044 49.807
1582803045 178.266
1582803047 184.596
1582803048 185.137
1582803050 11.538
1582803051 11.538
1582803051 12.281
1582803053 190.403
1582803054 236.679
1582803055 223.775
1582803056 199.452
1582803057 193.64
1582803058 206.091
1582803059 201.241
1582803060 210.911
1582803062 214.179
1582803064 11.629
1582803065 11.629
1582803066 129.413
1582803067 196.715
1582803069 161.047
1582803070 167.349
1582803071 172.131
1582803072 172.893
1582803073 177.715
1582803075 179.943
1582803076 155.411
1582803077 140.596
1582803079 13.177
1582803080 62.327
1582803082 63.37
1582803083 177.008
1582803084 219.194
1582803085 196.88
1582803086 251.162
1582803087 163.814
1582803088 222.065
1582803089 218.527
1582803090 233.846
1582803091 50.377
1582803092 50.377
1582803094 172.72
1582803095 220.49
1582803096 229.093
1582803097 192.402
1582803098 181.544
1582803099 156.235
1582803101 147.522
1582803102 157.66
1582803103 157.745
1582803105 37.691
1582803106 37.691
1582803108 50.101
1582803109 206.845
1582803110 215.188
1582803111 179.544
1582803112 191.225
1582803113 204.549
1582803114 201.34
1582803116 176.186
1582803117 159.583
1582803119 66.343
1582803120 66.343
1582803122 107.14
1582803123 123.775
1582803124 124.793
1582803125 138.913
1582803126 142.937
1582803127 140.131
1582803129 135.319
1582803130 142.36
1582803131 145.012
1582803136 131.336
1582803137 208.747
1582803138 221.322
1582803139 256.533
1582803140 271.693
1582803141 259.61
1582803142 246.337
1582803143 188.448
1582803145 213.143
1582803147 81.287
1582803148 81.287
1582803149 201.576
1582803150 242.522
1582803151 265.881
1582803152 251.714
1582803154 254.262
1582803155 187.259
1582803156 208.15
1582803157 274.73
1582803158 235.588
1582803159 264.055
1582803160 131.367
1582803163 132.812
1582803164 216.204
1582803165 199.478
1582803166 191.433
1582803167 194.756
1582803168 180.726
1582803170 189.148
1582803171 187.169
1582803172 200.815
1582803173 183.964
1582803174 152.204
1582803177 143.446
1582803178 201.644
1582803179 169.709
1582803180 167.799
1582803181 154.18
1582803182 161.678
1582803184 157.752
1582803185 180.407
1582803186 167.446
1582803188 73.732
1582803190 21.183
1582803192 22.987
1582803193 38.648
1582803194 187.015
1582803195 180.72
1582803196 184.026
1582803197 212.369
1582803199 196.519
1582803200 170.644
1582803202 95.832
1582803204 22.664
1582803206 23.853
1582803207 122.73
1582803208 152.807
1582803209 129.513
1582803210 125.607
1582803211 89.041
1582803213 113.594
1582803214 114.628
1582803216 78.742
1582803217 78.742
1582803218 17.223
1582803220 27.356
1582803221 58.996
1582803222 89.617
1582803223 102.538
1582803224 98.371
1582803225 67.335
1582803227 119.187
1582803228 88.678
1582803230 20.299
1582803231 20.299
1582803232 17.245
1582803234 56.879
1582803235 104.847
1582803236 95.839
1582803237 90.184
1582803238 83.718
1582803239 109.963
1582803241 91.614
1582803242 100.697
1582803243 115.112
1582803246 14.893
1582803248 36.711
1582803249 48.718
1582803250 53.979
1582803251 57.013
1582803252 70.024
1582803253 61.551
1582803254 48.114
1582803256 56.098
1582803257 31.686
1582803258 16.251
1582803258 16.251
1582803259 12.427
1582803260 45.962
1582803261 61.883
1582803263 48.781
1582803264 34.765
1582803265 37.338
1582803266 37.622
1582803267 54.271
1582803268 26.577
1582803271 59.504
1582803274 45.262
1582803275 54.474
1582803276 49.698
1582803278 62.437
1582803279 57.119
1582803280 41.574
1582803281 41.568
1582803282 43.377
1582803283 30.161
1582803285 28.194
1582803286 12.302
1582803286 12.302
1582803288 31.24
1582803289 33.181
1582803290 36.073
1582803292 43.495
1582803293 28.502
1582803294 33.454
1582803295 57.25
1582803296 35.067
1582803297 25.297
1582803299 34.397
1582803302 34.372
1582803303 39.412
1582803304 27.259
1582803306 38.248
1582803307 34.869
1582803308 32.391
1582803309 40.839
1582803310 16.906
1582803311 46.018
1582803312 15.681
1582803316 17.367
1582803317 31.359
1582803318 44.354
1582803319 69.632
1582803320 52.218
1582803322 53.392
1582803323 70.898
1582803324 66.558
1582803325 75.0
1582803326 68.395
1582803327 29.638
1582803328 29.638
1582803330 41.093
1582803331 70.369
1582803332 65.736
1582803333 87.357
1582803335 83.447
1582803336 81.309
1582803337 80.245
1582803338 82.421
1582803339 81.632
1582803340 57.483
1582803343 24.836
1582803344 66.923
1582803345 70.957
1582803346 72.651
1582803347 42.014
1582803348 59.548
1582803350 63.28
1582803351 71.163
1582803352 78.268
1582803353 92.347
1582803354 57.379
1582803357 45.864
1582803358 67.513
1582803359 87.948
1582803360 86.532
1582803361 82.46
1582803362 84.474
1582803364 64.464
1582803365 59.055
1582803366 70.705
1582803367 72.316
1582803368 57.416
1582803371 29.831
1582803372 43.622
1582803373 53.067
1582803374 66.656
1582803375 66.552
1582803376 79.299
1582803378 72.699
1582803379 65.572
1582803380 69.89
1582803382 76.236
1582803383 76.236
1582803385 29.94
1582803386 41.203
1582803387 63.832
1582803388 41.217
1582803389 55.396
1582803391 48.94
1582803392 48.327
1582803393 53.924
1582803394 50.554
1582803396 28.795
1582803397 28.795
1582803399 23.52
1582803400 18.943
1582803401 27.469
1582803402 29.8
1582803403 32.136
1582803404 22.196
1582803406 21.898
1582803407 18.312
1582803408 21.436
1582803409 28.232
1582803412 14.71
1582803414 14.72
1582803415 12.766
1582803416 14.68
1582803418 10.936
1582803419 13.175
1582803421 13.257
1582803422 13.371
1582803426 49.111
1582803428 62.959
1582803429 42.05
1582803430 48.851
1582803431 55.776
1582803432 44.726
1582803433 44.624
1582803435 50.74
1582803436 42.838
1582803438 19.343
1582803439 19.343
1582803440 14.981
1582803441 13.368
1582803443 12.351
1582803444 15.87
1582803445 26.841
1582803446 44.276
1582803447 48.67
1582803448 52.531
1582803449 30.094
1582803452 19.857
1582803452 19.857
1582803454 15.32
1582803455 21.758
1582803456 29.402
1582803458 31.023
1582803459 25.59
1582803460 35.66
1582803461 32.024
1582803462 40.173
1582803463 36.442
1582803466 18.138
1582803466 18.138
1582803468 12.217
1582803470 11.519
1582803473 21.277
1582803474 32.968
1582803475 34.916
1582803476 36.307
1582803477 34.5
1582803479 21.675
1582803482 10.762
1582803483 10.702
1582803484 12.565
1582803485 11.701
1582803488 12.647
1582803489 13.891
1582803490 15.733
1582803491 16.359
1582803496 11.735
1582803497 11.116
1582803498 11.311
1582803499 12.528
1582803500 15.486
1582803502 14.145
1582803503 10.475
1582803504 11.482
1582803505 11.397
1582803512 10.118
1582803513 14.901
1582803514 16.982
1582803515 19.997
1582803517 24.401
1582803518 30.362
1582803519 37.794
1582803526 15.165
1582803527 18.903
1582803528 24.444
1582803529 35.709
1582803530 29.361
1582803532 12.263
1582803533 20.856
1582803571 13.147
1582803664 55.254
1582803665 204.133
1582803666 266.552
1582803667 267.477
1582803668 219.521
1582803669 194.667
1582803671 195.727
1582803672 197.307
1582803673 226.741
1582803675 109.05
1582803677 25.336
1582803678 101.778
1582803680 171.961
1582803681 177.149
1582803682 235.686
1582803683 198.858
1582803684 201.514
1582803685 166.588
1582803686 176.514
1582803689 114.008
1582803691 70.896
1582803692 225.281
1582803693 248.363
1582803694 222.797
1582803696 205.623
1582803697 228.817
1582803698 172.951
1582803699 192.138
1582803700 200.541
1582803701 162.124
1582803702 141.652
1582803705 14.894
1582803706 23.366
1582803707 158.202
1582803708 227.612
1582803709 233.074
1582803710 210.706
1582803712 207.226
1582803713 221.082
1582803714 210.847
1582803715 212.476
1582803716 170.05
1582803718 63.821
1582803720 252.032
1582803721 172.87
1582803722 173.549
1582803723 202.405
1582803724 208.991
1582803725 204.259
1582803726 195.474
1582803727 192.077
1582803729 208.791
1582803731 18.196
1582803731 18.196
1582803732 26.778
1582803733 244.124
1582803734 179.929
1582803735 124.713
1582803737 133.351
1582803738 138.095
1582803739 139.834
1582803740 146.787
1582803741 156.773
1582803742 133.207
1582803746 47.321
1582803747 253.459
1582803748 259.243
1582803749 178.137
1582803751 245.397
1582803752 143.939
1582803753 152.538
1582803754 162.911
1582803755 165.762
1582803756 169.872
1582803758 170.714
1582803761 85.897
1582803762 250.446
1582803763 187.694
1582803765 160.577
1582803766 153.977
1582803767 150.44
1582803768 162.299
1582803769 166.848
1582803770 155.433
1582803772 163.693
1582803775 18.594
1582803776 18.854
1582803777 18.99
1582803779 23.404
1582803780 31.702
1582803781 29.128
1582803782 35.242
1582803783 45.323
1582803786 35.741
1582803788 151.25
1582803789 224.286
1582803790 199.03
1582803792 222.863
1582803793 159.586
1582803794 169.54
1582803795 180.298
1582803796 175.692
1582803797 177.823
1582803800 96.475
1582803802 47.831
1582803803 205.861
1582803804 259.752
1582803805 267.659
1582803807 292.559
1582803808 276.519
1582803809 200.872
1582803810 225.719
1582803811 219.04
1582803812 222.645
1582803813 194.193
1582803816 87.344
1582803817 268.649
1582803818 254.898
1582803819 265.741
1582803820 238.473
1582803821 247.499
1582803822 230.701
1582803823 230.952
1582803824 231.198
1582803826 232.641
1582803829 14.857
1582803830 219.202
1582803831 156.45
1582803832 206.385
1582803834 171.959
1582803835 185.737
1582803836 181.397
1582803837 190.263
1582803838 188.188
1582803839 192.046
1582803842 105.08
1582803842 105.08
1582803843 30.598
1582803844 246.692
1582803845 227.547
1582803846 222.962
1582803847 152.448
1582803849 202.801
1582803850 162.68
1582803851 196.615
1582803852 178.627
1582803853 175.266
1582803855 11.91
1582803856 11.91
1582803858 21.037
1582803859 32.544
1582803860 153.261
1582803861 177.056
1582803862 162.719
1582803864 135.252
1582803865 134.107
1582803866 102.896
1582803867 111.145
1582803872 56.881
1582803873 160.482
1582803874 184.4
1582803875 207.869
1582803876 140.726
1582803878 188.886
1582803879 156.811
1582803880 174.921
1582803881 114.016
1582803886 105.654
1582803887 125.375
1582803888 144.629
1582803889 149.297
1582803890 139.247
1582803891 114.393
1582803893 97.207
1582803894 127.731
1582803895 107.251
1582803900 71.758
1582803901 82.02
1582803902 80.166
1582803903 116.615
1582803904 87.282
1582803905 126.799
1582803907 110.894
1582803908 133.618
1582803909 106.868
1582803910 82.881
1582803914 16.479
1582803915 17.662
1582803916 39.299
1582803917 81.076
1582803918 73.976
1582803919 91.095
1582803921 87.823
1582803922 76.951
1582803923 70.562
1582803924 64.809
1582803926 42.592
1582803927 58.747
1582803929 69.341
1582803930 78.157
1582803931 81.168
1582803932 85.424
1582803933 71.634
1582803934 94.407
1582803936 66.561
1582803938 72.528
1582803938 63.385
1582803940 22.878
1582803941 46.402
1582803943 47.451
1582803944 47.592
1582803945 51.211
1582803946 65.605
1582803947 73.622
1582803948 53.698
1582803950 45.325
1582803952 47.883
1582803953 12.801
1582803953 12.801
1582803954 11.558
1582803955 31.724
1582803956 42.083
1582803958 38.292
1582803959 48.973
1582803960 49.473
1582803961 58.443
1582803962 49.578
1582803963 60.865
1582803966 49.049
1582803967 19.69
1582803967 19.69
1582803969 15.674
1582803970 24.156
1582803971 42.108
1582803973 40.806
1582803974 34.636
1582803975 39.191
1582803976 59.485
1582803977 48.408
1582803978 35.586
1582803980 36.971
1582803982 14.66
1582803983 38.537
1582803984 47.252
1582803985 29.888
1582803987 44.749
1582803988 47.842
1582803989 48.005
1582803990 45.418
1582803991 34.994
1582803992 37.846
1582803993 26.836
1582803996 19.369
1582803997 37.896
1582803998 34.862
1582803999 46.697
1582804000 55.129
1582804002 55.147
1582804003 84.698
1582804004 96.654
1582804005 100.361
1582804006 104.098
1582804007 67.015
1582804010 23.933
1582804011 81.364
1582804012 122.406
1582804013 100.101
1582804014 70.88
1582804016 70.066
1582804017 124.531
1582804018 106.716
1582804019 90.03
1582804020 87.321
1582804021 41.343
1582804025 13.26
1582804026 13.951
1582804027 14.871
1582804028 13.608
1582804029 18.273
1582804031 17.256
1582804032 22.325
1582804033 21.917
1582804035 26.772
1582804043 10.168
1582804047 18.184
1582804049 21.087
1582804056 17.778
1582804057 17.262
1582804058 17.681
1582804060 21.5
1582804061 29.699
1582804063 18.231
1582804064 18.231
1582804065 23.55
1582804067 22.323
1582804068 22.606
1582804069 22.711
1582804070 24.047
1582804071 107.972
1582804073 153.658
1582804074 151.11
1582804075 181.662
1582804077 24.349
1582804078 24.349
1582804079 289.912
1582804081 277.276
1582804082 282.737
1582804083 206.436
1582804084 215.08
1582804085 216.557
1582804086 176.777
1582804087 169.811
1582804088 182.448
1582804091 127.436
1582804092 127.436
1582804093 23.128
1582804094 23.181
1582804096 23.954
1582804097 20.102
1582804098 22.637
1582804099 23.564
1582804100 23.128
1582804101 23.352
1582804103 24.079
1582804104 36.173
1582804104 36.173
1582804104 36.173
1582804107 21.685
1582804109 22.52
1582804110 22.633
1582804111 22.53
1582804112 21.802
1582804113 23.366
1582804114 21.874
1582804116 21.153
1582804117 23.38
1582804118 92.45
1582804120 24.125
1582804122 139.205
1582804123 166.384
1582804124 177.079
1582804125 195.108
1582804126 214.898
1582804127 220.255
1582804128 232.419
1582804130 202.736
1582804132 131.534
1582804134 11.255
1582804135 21.069
1582804137 20.847
1582804138 18.815
1582804139 24.494
1582804140 105.832
1582804141 192.536
1582804142 233.508
1582804144 220.764
1582804146 185.992
1582804148 22.08
1582804149 139.773
1582804150 263.588
1582804152 279.625
1582804153 226.728
1582804154 268.927
1582804155 256.941
1582804156 275.029
1582804157 308.964
1582804158 298.474
1582804159 282.479
1582804163 24.465
1582804164 31.736
1582804165 154.025
1582804166 170.408
1582804167 176.965
1582804169 137.501
1582804170 159.147
1582804171 170.647
1582804172 168.406
1582804173 170.532
1582804176 53.001
1582804177 242.717
1582804178 304.59
1582804179 303.06
1582804180 282.036
1582804181 180.593
1582804182 213.707
1582804183 257.816
1582804184 257.751
1582804186 197.664
1582804188 16.912
1582804189 16.912
1582804190 230.422
1582804191 277.926
1582804192 274.688
1582804194 293.894
1582804195 184.135
1582804196 201.911
1582804197 200.704
1582804198 192.759
1582804199 204.516
1582804200 205.448
1582804201 151.044
1582804202 151.044
1582804204 50.409
1582804205 193.236
1582804206 214.019
1582804207 253.003
1582804208 199.168
1582804210 177.835
1582804211 227.361
1582804212 164.886
1582804213 149.572
1582804215 111.527
1582804218 19.907
1582804219 21.639
1582804220 20.717
1582804221 55.076
1582804222 216.076
1582804223 188.26
1582804225 192.201
1582804226 142.608
1582804227 178.177
1582804229 52.629
1582804230 52.629
1582804232 18.368
1582804233 42.215
1582804234 105.287
1582804235 116.037
1582804236 98.365
1582804237 97.579
1582804239 142.046
1582804240 200.521
1582804241 205.366
1582804243 103.212
1582804244 103.212
1582804245 58.954
1582804247 112.321
1582804248 145.734
1582804249 123.031
1582804250 139.714
1582804251 136.13
1582804252 154.591
1582804254 145.964
1582804255 154.795
1582804257 40.997
1582804258 40.997
1582804259 69.545
1582804261 65.979
1582804262 86.648
1582804263 75.123
1582804264 80.963
1582804265 92.943
1582804266 97.241
1582804268 87.995
1582804269 77.844
1582804270 72.826
1582804273 62.823
1582804275 79.166
1582804276 95.592
1582804277 89.807
1582804278 74.213
1582804279 76.722
1582804280 61.732
1582804282 69.815
1582804283 71.939
1582804284 65.46
1582804284 65.46
1582804287 14.816
1582804289 15.473
1582804290 16.872
1582804291 16.412
1582804292 14.843
1582804293 14.464
1582804294 15.112
1582804296 15.762
1582804297 16.076
1582804298 11.515
1582804301 14.828
1582804302 14.533
1582804304 14.586
1582804305 14.238
1582804306 40.447
1582804307 35.507
1582804308 34.149
1582804309 63.614
1582804312 64.538
1582804314 21.359
1582804315 41.889
1582804316 34.62
1582804318 35.412
1582804319 35.487
1582804320 46.905
1582804321 42.757
1582804322 33.815
1582804323 36.736
1582804326 33.966
1582804329 17.911
1582804330 27.982
1582804332 19.572
1582804333 29.661
1582804334 28.711
1582804335 31.333
1582804336 41.172
1582804337 36.129
1582804340 28.505
1582804343 11.57
1582804344 20.527
1582804345 26.971
1582804346 25.312
1582804348 34.0
1582804349 28.791
1582804350 22.871
1582804351 20.079
1582804352 30.048
1582804353 21.926
1582804357 29.597
1582804358 68.504
1582804359 80.37
1582804360 77.695
1582804361 63.526
1582804363 81.071
1582804364 54.609
1582804365 10.093
1582804366 12.017
1582804367 25.021
1582804376 10.991
1582804378 27.89
1582804379 27.111
1582804380 20.577
1582804381 20.081
1582804385 11.374
1582804386 12.247
1582804404 13.386
1582804406 20.825
1582804408 32.796
1582804409 35.875
1582804411 11.09
1582804412 22.992
1582804414 130.139
1582804415 219.78
1582804416 224.86
1582804417 184.015
1582804418 181.209
1582804419 207.342
1582804420 203.665
1582804423 159.447
1582804425 35.396
1582804426 209.353
1582804427 228.811
1582804428 224.932
1582804430 193.048
1582804431 173.063
1582804432 165.864
1582804433 142.158
1582804434 142.686
1582804435 157.132
1582804437 150.226
1582804439 10.748
1582804440 94.473
1582804441 241.567
1582804442 272.47
1582804444 200.545
1582804445 232.055
1582804446 222.613
1582804447 183.428
1582804448 157.651
1582804449 166.907
1582804450 159.099
1582804453 85.05
1582804454 231.913
1582804455 245.293
1582804456 202.241
1582804457 198.02
1582804458 183.068
1582804459 208.136
1582804461 211.817
1582804462 219.292
1582804463 182.006
1582804464 207.018
1582804464 207.018
1582804466 27.38
1582804467 235.523
1582804469 237.379
1582804470 170.106
1582804471 177.315
1582804472 193.195
1582804473 190.078
1582804474 188.751
1582804476 159.274
1582804477 164.852
1582804480 22.353
1582804481 214.819
1582804483 279.076
1582804484 267.592
1582804485 269.441
1582804486 249.659
1582804487 224.319
1582804488 224.964
1582804489 245.677
1582804490 219.531
1582804493 115.917
1582804494 115.917
1582804495 111.933
1582804496 232.761
1582804497 237.544
1582804498 266.271
1582804500 209.256
1582804501 238.9
1582804502 225.48
1582804503 236.297
1582804504 237.239
1582804505 239.39
1582804506 178.748
1582804509 118.579
1582804510 265.421
1582804511 283.803
1582804512 243.402
1582804513 214.17
1582804514 222.656
1582804515 208.962
1582804516 235.061
1582804517 248.989
1582804520 161.993
1582804522 14.904
1582804523 107.906
1582804524 274.696
1582804525 254.696
1582804526 244.399
1582804528 206.921
1582804529 221.957
1582804530 219.298
1582804531 230.027
1582804532 229.429
1582804537 15.33
1582804538 32.481
1582804539 36.485
1582804540 33.926
1582804541 24.438
1582804542 22.617
1582804544 23.055
1582804545 28.714
1582804546 31.241
1582804551 13.369
1582804552 28.381
1582804553 39.651
1582804554 33.235
1582804555 25.665
1582804556 23.259
1582804557 11.204
1582804559 16.811
1582804560 26.455
1582804562 29.467
1582804563 29.467
1582804563 15.621
1582804564 11.616
1582804566 15.091
1582804567 24.035
1582804568 24.42
1582804569 44.318
1582804570 30.865
1582804571 18.722
1582804572 19.69
1582804574 31.541
1582804578 93.199
1582804580 255.638
1582804581 208.383
1582804582 218.137
1582804583 190.161
1582804584 187.47
1582804585 221.659
1582804586 161.096
1582804587 174.659
1582804590 26.475
1582804590 26.475
1582804592 104.887
1582804593 253.518
1582804594 211.217
1582804596 225.012
1582804597 206.138
1582804598 165.63
1582804599 165.101
1582804600 178.816
1582804601 181.73
1582804604 13.067
1582804604 13.067
1582804606 81.816
1582804607 68.74
1582804608 56.974
1582804610 61.598
1582804611 69.72
1582804612 74.99
1582804613 82.007
1582804614 88.482
1582804615 92.295
1582804617 98.315
1582804619 25.843
1582804620 176.939
1582804621 171.956
1582804623 181.742
1582804624 248.812
1582804625 266.839
1582804626 220.442
1582804627 190.329
1582804628 180.637
1582804629 182.767
1582804630 192.54
1582804633 39.945
1582804634 202.953
1582804635 212.8
1582804636 184.75
1582804637 176.721
1582804638 187.927
1582804640 178.749
1582804641 175.063
1582804642 191.059
1582804643 191.015
1582804647 19.739
1582804648 175.019
1582804649 251.207
1582804650 230.656
1582804651 209.078
1582804652 222.015
1582804653 185.706
1582804655 181.13
1582804656 181.519
1582804657 191.039
1582804660 18.967
1582804662 164.788
1582804663 156.187
1582804664 145.587
1582804665 140.586
1582804666 88.554
1582804667 93.69
1582804669 99.604
1582804670 103.068
1582804671 108.088
1582804672 114.67
1582804674 44.407
1582804676 228.551
1582804677 183.889
1582804678 232.343
1582804679 203.785
1582804680 214.224
1582804681 173.592
1582804682 180.767
1582804684 163.186
1582804685 192.746
1582804686 172.849
1582804688 18.516
1582804689 172.764
1582804691 198.769
1582804692 153.642
1582804693 161.588
1582804694 169.137
1582804695 165.415
1582804696 172.668
1582804697 166.873
1582804699 169.762
1582804700 166.802
1582804702 12.901
1582804703 23.271
1582804705 22.806
1582804706 23.814
1582804707 23.288
1582804708 24.355
1582804709 22.109
1582804710 23.737
1582804712 22.878
1582804714 13.758
1582804716 14.895
1582804718 18.996
1582804719 19.865
1582804720 19.876
1582804721 20.06
1582804722 51.75
1582804723 161.105
1582804725 161.357
1582804726 148.033
1582804728 63.355
1582804729 63.355
1582804730 18.402
1582804732 18.578
1582804733 20.176
1582804734 20.151
1582804735 90.659
1582804736 203.427
1582804737 203.196
1582804739 200.524
1582804740 225.912
1582804742 71.075
1582804744 22.596
1582804745 23.626
1582804747 22.336
1582804748 23.153
1582804749 23.719
1582804750 23.256
1582804751 22.408
1582804753 22.295
1582804754 22.959
1582804759 17.897
1582804760 17.743
1582804761 18.385
1582804762 17.703
1582804763 17.607
1582804764 17.147
1582804766 17.184
1582804767 17.016
1582804768 17.211
1582804769 14.854
1582804772 13.036
1582804773 23.355
1582804774 23.56
1582804775 25.146
1582804776 25.052
1582804777 61.51
1582804779 192.249
1582804780 182.748
1582804781 220.103
1582804782 225.572
1582804783 166.183
1582804785 15.764
1582804787 74.868
1582804788 83.978
1582804789 84.663
1582804790 81.596
1582804791 161.615
1582804793 163.254
1582804794 233.834
1582804795 236.356
1582804796 182.024
1582804797 146.878
1582804799 16.707
1582804801 62.582
1582804802 41.081
1582804803 35.488
1582804804 49.112
1582804805 50.057
1582804806 32.091
1582804808 31.932
1582804809 43.75
1582804811 25.477
1582804812 25.477
1582804814 17.916
1582804815 34.876
1582804816 34.744
1582804817 57.789
1582804818 104.503
1582804819 151.591
1582804821 155.573
1582804822 159.897
1582804823 186.304
1582804825 104.929
1582804826 104.929
1582804828 42.897
1582804829 124.867
1582804830 122.121
1582804831 116.619
1582804832 129.269
1582804833 136.248
1582804835 142.822
1582804836 97.328
1582804837 132.067
1582804839 34.105
1582804840 34.105
1582804841 64.594
1582804843 102.477
1582804844 88.666
1582804845 99.634
1582804846 90.775
1582804847 76.777
1582804849 81.312
1582804850 90.648
1582804851 95.241
1582804855 51.104
1582804857 58.064
1582804858 71.495
1582804859 63.141
1582804860 69.375
1582804861 60.551
1582804862 68.512
1582804864 57.668
1582804865 51.13
1582804867 20.623
1582804868 20.623
1582804868 11.777
1582804869 37.447
1582804870 52.002
1582804872 52.795
1582804873 43.296
1582804874 35.937
1582804875 31.516
1582804876 40.678
1582804877 37.148
1582804879 42.72
1582804881 25.82
1582804881 25.82
1582804883 45.3
1582804884 48.64
1582804886 43.067
1582804887 35.696
1582804888 33.153
1582804889 39.753
1582804890 42.475
1582804891 39.142
1582804893 29.751
1582804894 38.794
1582804895 19.784
1582804895 19.784
1582804896 15.539
1582804897 38.569
1582804898 39.918
1582804900 35.973
1582804901 30.631
1582804902 33.756
1582804903 30.693
1582804904 35.634
1582804905 38.985
1582804906 39.082
1582804908 38.447
1582804909 23.307
1582804909 23.307
1582804910 13.193
1582804911 22.378
1582804912 28.016
1582804913 27.768
1582804915 28.26
1582804916 19.998
1582804917 29.161
1582804918 33.74
1582804919 28.069
1582804920 28.111
1582804922 25.186
1582804925 22.309
1582804926 26.825
1582804927 28.32
1582804928 31.328
1582804930 27.175
1582804931 40.493
1582804932 26.119
1582804933 31.117
1582804934 34.305
1582804935 24.181
1582804936 10.812
1582804937 10.812
1582804939 15.579
1582804940 30.003
1582804941 29.608
1582804942 44.917
1582804943 48.202
1582804945 36.086
1582804946 36.654
1582804947 45.057
1582804948 43.571
1582804949 46.158
1582804953 17.221
1582804954 16.473
1582804955 24.128
1582804956 63.451
1582804957 63.526
1582804958 74.015
1582804960 78.238
1582804961 76.824
1582804962 61.444
1582804963 72.079
1582804965 18.394
1582804967 74.072
1582804968 57.779
1582804969 62.508
1582804970 66.146
1582804971 82.966
1582804972 69.917
1582804974 74.479
1582804975 85.003
1582804976 78.594
1582804977 90.314
1582804979 35.736
1582804981 67.899
1582804982 68.553
1582804983 74.646
1582804984 89.205
1582804985 85.875
1582804986 88.154
1582804988 76.38
1582804989 75.928
1582804991 44.97
1582804993 82.486
1582804995 82.383
1582804996 95.057
1582804997 90.008
1582804998 94.44
1582804999 71.335
1582805000 79.659
1582805002 90.455
1582805003 73.69
1582805005 83.843
1582805006 83.843
1582805006 13.424
1582805007 17.315
1582805009 16.915
1582805010 44.774
1582805011 54.328
1582805012 80.622
1582805013 72.71
1582805014 91.841
1582805016 95.336
1582805017 74.959
1582805019 91.803
1582805020 91.803
1582805021 21.353
1582805023 58.191
1582805024 86.659
1582805025 75.232
1582805026 66.838
1582805027 68.596
1582805028 54.241
1582805030 50.3
1582805031 52.232
1582805033 17.085
1582805034 17.085
1582805035 22.033
1582805036 20.067
1582805038 20.166
1582805039 18.235
1582805040 17.787
1582805041 27.078
1582805042 51.234
1582805043 56.413
1582805045 62.085
1582805047 19.7
1582805048 19.7
1582805049 17.572
1582805050 18.157
1582805051 15.946
1582805053 16.485
1582805054 15.952
1582805055 18.019
1582805056 19.464
1582805057 19.452
1582805058 17.453
1582805063 18.237
1582805064 18.847
1582805065 16.775
1582805066 18.619
1582805068 18.441
1582805069 19.433
1582805070 17.978
1582805071 18.44
1582805072 17.668
1582805073 17.937
1582805077 15.304
1582805078 16.888
1582805079 13.424
1582805080 15.457
1582805081 15.984
1582805083 23.993
1582805084 55.434
1582805085 46.581
1582805086 44.417
1582805088 43.966
1582805089 43.966
1582805091 30.914
1582805092 37.994
1582805093 60.274
1582805094 56.101
1582805095 48.946
1582805097 49.58
1582805098 50.298
1582805099 40.069
1582805100 47.603
1582805102 25.297
1582805103 25.297
1582805105 19.617
1582805106 17.256
1582805107 16.099
1582805108 18.668
1582805109 38.684
1582805110 50.781
1582805112 46.773
1582805113 54.435
1582805114 48.04
1582805116 41.344
1582805117 41.344
1582805117 19.647
1582805119 14.175
1582805120 14.307
1582805121 14.865
1582805122 14.293
1582805123 15.83
1582805124 15.504
1582805125 14.137
1582805127 13.529
1582805128 11.54
1582805132 18.423
1582805134 40.178
1582805135 47.391
1582805136 49.719
1582805137 43.14
1582805138 46.329
1582805139 48.473
1582805140 46.405
1582805142 48.853
1582805144 21.655
1582805145 21.655
1582805146 19.432
1582805147 34.077
1582805149 20.928
1582805150 33.144
1582805151 30.446
1582805152 34.205
1582805153 30.345
1582805154 35.749
1582805156 37.516
1582805160 43.282
1582805161 40.088
1582805163 41.225
1582805164 45.721
1582805165 45.061
1582805166 43.801
1582805167 43.012
1582805168 41.264
1582805170 40.294
1582805172 30.61
1582805173 30.61
1582805174 22.585
1582805175 34.058
1582805176 43.032
1582805178 38.548
1582805179 41.558
1582805180 47.352
1582805181 38.207
1582805182 31.841
1582805183 38.864
1582805186 30.655
1582805186 30.655
1582805188 41.093
1582805189 40.34
1582805190 40.102
1582805191 35.362
1582805193 39.265
1582805194 42.666
1582805195 37.905
1582805196 36.894
1582805197 44.539
1582805198 36.305
1582805200 32.272
1582805200 32.272
1582805202 12.591
1582805203 18.153
1582805204 31.629
1582805205 26.355
1582805206 23.986
1582805208 27.283
1582805209 27.826
1582805210 28.462
1582805211 36.594
1582805216 28.227
1582805217 27.643
1582805218 33.428
1582805219 31.561
1582805221 32.662
1582805222 35.319
1582805223 28.419
1582805224 32.771
1582805225 27.201
1582805230 16.277
1582805231 28.703
1582805232 31.239
1582805233 36.379
1582805234 26.782
1582805236 23.69
1582805237 26.672
1582805238 30.1
1582805239 30.093
1582805240 29.368
1582805241 15.907
1582805242 15.907
1582805244 38.553
1582805245 28.864
1582805246 33.852
1582805247 26.578
1582805248 22.479
1582805249 21.978
1582805251 21.097
1582805252 17.062
1582805253 13.306
1582805255 15.711
1582805256 15.711
1582805257 11.194
1582805279 16.316
1582805281 20.98
1582805282 14.049
1582805283 14.049
1582805290 10.798
1582805292 13.017
1582805363 12.825
1582805364 21.732
1582805365 29.237
1582805366 35.352
1582805367 43.451
1582805369 21.678
1582805369 21.678
1582805371 31.817
1582805372 209.36
1582805373 205.614
1582805374 231.194
1582805375 233.045
1582805376 239.088
1582805377 248.936
1582805379 181.91
1582805380 158.963
1582805381 165.119
1582805382 165.119
1582805382 105.998
1582805384 20.351
1582805386 25.53
1582805387 25.265
1582805388 29.283
1582805389 169.337
1582805390 156.271
1582805391 198.41
1582805392 208.858
1582805393 193.187
1582805394 191.14
1582805396 207.541
1582805398 89.334
1582805399 204.772
1582805400 242.927
1582805401 229.394
1582805402 245.641
1582805403 238.95
1582805405 239.357
1582805406 175.622
1582805407 204.33
1582805408 212.568
1582805410 10.161
1582805411 10.161
1582805413 17.45
1582805414 19.348
1582805415 17.839
1582805416 20.246
1582805417 87.138
1582805419 247.214
1582805420 263.443
1582805421 227.342
1582805422 232.0
1582805424 14.577
1582805425 14.577
1582805425 10.332
1582805427 128.94
1582805428 217.514
1582805429 174.379
1582805430 184.709
1582805431 188.384
1582805432 195.757
1582805433 206.832
1582805435 184.743
1582805436 194.498
1582805440 117.382
1582805442 268.279
1582805443 271.438
1582805444 245.657
1582805445 271.363
1582805446 190.798
1582805447 207.07
1582805448 247.882
1582805449 240.332
1582805450 226.309
1582805452 74.053
1582805452 74.053
1582805454 146.917
1582805455 264.647
1582805456 224.59
1582805457 234.785
1582805458 195.136
1582805460 196.902
1582805461 165.718
1582805462 168.023
1582805463 148.16
1582805464 184.773
1582805465 126.642
1582805468 51.693
1582805469 194.655
1582805470 239.408
1582805471 233.918
1582805472 189.626
1582805473 178.752
1582805475 176.896
1582805476 169.267
1582805477 144.721
1582805479 57.942
1582805480 57.942
1582805482 22.29
1582805483 28.433
1582805484 93.717
1582805485 239.715
1582805486 226.183
1582805487 223.054
1582805489 224.336
1582805490 212.979
1582805491 209.143
1582805493 140.532
1582805495 160.169
1582805496 203.221
1582805498 191.943
1582805499 195.135
1582805500 208.976
1582805501 212.02
1582805502 185.098
1582805503 171.582
1582805504 142.274
1582805507 94.343
1582805509 84.986
1582805510 237.618
1582805511 210.892
1582805512 224.474
1582805514 214.395
1582805515 194.791
1582805516 211.721
1582805517 38.536
1582805518 20.59
1582805519 18.113
1582805520 14.752
1582805526 13.701
1582805527 16.745
1582805529 17.07
1582805531 11.512
1582805532 17.557
1582805533 12.429
1582805534 13.564
1582805538 14.888
1582805540 17.734
1582805541 17.088
1582805543 14.498
1582805545 10.633
1582805546 10.821
1582805552 12.59
1582805553 11.784
1582805558 10.719
1582805567 10.129
1582805569 43.257
1582805570 52.266
1582805572 57.844
1582805573 65.63
1582805574 71.872
1582805576 80.808
1582805576 31.098
1582805579 78.603
1582805580 231.466
1582805581 209.153
1582805582 179.187
1582805583 201.012
1582805584 209.719
1582805585 221.064
1582805587 203.504
1582805588 189.181
1582805590 95.906
1582805592 33.123
1582805594 173.076
1582805595 220.295
1582805596 235.164
1582805597 285.55
1582805598 214.365
1582805599 236.831
1582805600 238.857
1582805602 239.087
1582805604 98.21
1582805606 128.0
1582805607 221.749
1582805608 190.218
1582805609 190.05
1582805611 163.336
1582805612 164.665
1582805613 168.786
1582805614 170.853
1582805615 145.099
1582805618 93.766
1582805620 26.92
1582805621 69.472
1582805622 80.253
1582805624 82.097
1582805625 88.501
1582805626 95.186
1582805627 66.71
1582805628 52.916
1582805630 38.342
1582805634 230.943
1582805635 153.581
1582805637 113.813
1582805638 118.954
1582805639 121.316
1582805640 122.61
1582805641 133.173
1582805643 142.109
1582805644 142.526
1582805645 139.005
1582805645 139.005
1582805645 139.005
1582805647 36.146
1582805648 121.062
1582805650 97.91
1582805651 106.344
1582805652 107.862
1582805653 113.797
1582805654 121.702
1582805656 126.54
1582805657 116.65
1582805658 80.513
1582805659 73.61
1582805661 18.532
1582805663 68.056
1582805664 60.864
1582805665 55.398
1582805666 50.843
1582805667 59.585
1582805669 64.444
1582805670 73.463
1582805671 77.548
1582805672 85.549
1582805673 44.542
1582805676 124.376
1582805677 197.204
1582805678 177.843
1582805679 129.954
1582805680 111.178
1582805681 116.325
1582805683 74.665
1582805684 56.52
1582805685 60.547
1582805687 23.641
1582805688 23.641
1582805690 18.55
1582805691 68.446
1582805692 126.11
1582805693 118.957
1582805694 119.22
1582805696 120.95
1582805697 119.669
1582805698 207.084
1582805699 233.325
1582805701 59.399
1582805702 59.399
1582805704 22.655
1582805705 22.633
1582805706 23.426
1582805707 24.503
1582805708 23.84
1582805710 24.421
1582805711 24.948
1582805712 23.177
1582805713 22.997
1582805718 22.575
1582805719 23.833
1582805720 22.712
1582805721 22.744
1582805722 23.088
1582805724 21.267
1582805725 22.518
1582805726 26.66
1582805727 177.895
1582805728 252.921
1582805732 73.549
1582805733 165.283
1582805734 167.944
1582805735 151.388
1582805736 162.774
1582805738 130.329
1582805739 139.215
1582805740 144.021
1582805741 145.454
1582805742 121.398
1582805744 96.929
1582805746 243.293
1582805747 231.063
1582805748 208.253
1582805749 220.494
1582805750 225.227
1582805751 239.12
1582805752 232.252
1582805753 218.099
1582805754 193.355
1582805755 215.632
1582805757 70.543
1582805757 70.543
1582805759 200.514
1582805760 229.946
1582805761 233.591
1582805762 211.743
1582805763 192.713
1582805764 166.295
1582805766 177.695
1582805767 172.702
1582805768 182.354
1582805769 188.384
1582805770 139.926
1582805773 210.306
1582805774 265.812
1582805775 238.059
1582805776 200.028
1582805777 173.383
1582805778 178.024
1582805780 187.266
1582805781 189.656
1582805782 154.887
1582805784 66.245
1582805785 66.245
1582805787 56.245
1582805788 195.025
1582805789 215.324
1582805790 157.748
1582805791 168.801
1582805792 176.573
1582805793 148.755
1582805795 181.568
1582805796 173.908
1582805798 116.634
1582805799 116.634
1582805800 128.015
1582805802 234.255
1582805803 240.346
1582805804 254.98
1582805805 228.886
1582805806 231.22
1582805807 202.112
1582805808 252.505
1582805810 202.194
1582805812 189.338
1582805814 65.121
1582805815 237.362
1582805816 198.878
1582805817 195.231
1582805819 158.653
1582805820 144.789
1582805821 136.701
1582805822 144.507
1582805823 148.96
1582805826 71.911
1582805828 91.437
1582805829 199.623
1582805830 227.443
1582805831 190.98
1582805833 252.051
1582805834 238.75
1582805835 177.649
1582805836 179.74
1582805837 177.062
1582805838 147.039
1582805839 87.287
1582805842 24.324
1582805843 137.587
1582805844 252.296
1582805845 196.507
1582805846 234.96
1582805847 226.412
1582805849 261.15
1582805850 239.244
1582805851 208.953
1582805852 246.177
1582805853 214.243
1582805855 33.474
1582805857 212.995
1582805858 179.73
1582805859 181.707
1582805860 186.099
1582805861 200.643
1582805862 176.105
1582805863 163.847
1582805865 168.3
1582805866 130.18
1582805867 106.657
1582805869 35.329
1582805870 202.29
1582805872 216.42
1582805873 229.442
1582805874 246.095
1582805875 250.742
1582805876 233.426
1582805877 220.941
1582805878 219.801
1582805879 211.785
1582805880 225.18
1582805884 69.521
1582805885 230.662
1582805886 230.747
1582805887 227.66
1582805888 19.2
1582805890 10.404
1582805891 10.519
1582805892 15.358
1582805893 15.631
1582805899 11.251
1582805900 11.381
1582805901 10.889
1582805902 17.827
1582805903 13.486
1582805905 11.33
1582805906 11.785
1582805907 13.903
1582805908 14.605
1582805914 10.619
1582805915 10.015
1582805916 18.171
1582805917 11.242
1582805918 11.584
1582805921 13.026
1582805927 13.212
1582805930 20.431
1582805931 39.991
1582805932 59.744
1582805934 66.385
1582805935 70.924
1582805936 69.566
1582805938 44.07
1582805939 223.746
1582805940 224.877
1582805942 195.394
1582805943 191.078
1582805944 161.008
1582805945 178.631
1582805946 172.27
1582805947 175.891
1582805949 154.227
1582805950 140.086
1582805952 46.197
1582805953 257.278
1582805954 230.058
1582805955 211.709
1582805957 255.378
1582805958 220.781
1582805959 205.91
1582805960 201.68
1582805961 208.144
1582805962 174.098
1582805965 28.059
1582805965 28.059
1582805967 173.265
1582805968 264.108
1582805969 245.16
1582805970 227.697
1582805971 230.509
1582805972 219.833
1582805974 180.554
1582805975 167.986
1582805976 181.389
1582805978 61.52
1582805979 61.52
1582805981 163.579
1582805982 213.056
1582805983 221.077
1582805984 227.499
1582805985 170.394
1582805986 190.407
1582805987 211.617
1582805989 193.548
1582805990 217.676
1582805992 79.53
1582805994 32.783
1582805995 167.079
1582805997 194.523
1582805998 206.504
1582805999 158.347
1582806000 159.457
1582806001 165.719
1582806002 159.741
1582806003 168.079
1582806006 124.84
1582806007 124.84
1582806008 186.346
1582806009 214.328
1582806010 186.08
1582806012 192.538
1582806013 213.966
1582806014 172.928
1582806015 167.134
1582806016 174.354
1582806017 187.171
1582806020 59.803
1582806021 59.803
1582806022 22.188
1582806023 86.554
1582806024 178.727
1582806026 163.739
1582806027 175.123
1582806028 191.376
1582806029 214.475
1582806030 206.474
1582806031 220.037
1582806032 206.445
1582806033 74.353
1582806036 22.256
1582806037 107.065
1582806038 166.547
1582806039 180.301
1582806040 201.433
1582806042 207.508
1582806043 205.074
1582806044 213.365
1582806045 204.403
1582806047 169.006
1582806047 74.076
1582806050 206.61
1582806051 193.503
1582806052 225.696
1582806053 214.396
1582806054 197.288
1582806055 221.205
1582806056 223.378
1582806058 201.92
1582806059 185.266
1582806061 122.097
1582806063 35.667
1582806064 185.807
1582806066 209.791
1582806067 217.405
1582806068 231.754
1582806069 222.299
1582806070 199.946
1582806071 183.544
1582806072 197.425
1582806075 144.642
1582806077 60.656
1582806078 250.871
1582806079 240.656
1582806080 250.41
1582806082 237.292
1582806083 222.568
1582806084 257.24
1582806085 206.962
1582806086 215.501
1582806087 186.343
1582806088 169.899
1582806091 23.599
1582806092 185.808
1582806093 224.899
1582806094 186.779
1582806095 199.417
1582806096 212.093
1582806097 216.798
1582806099 199.684
1582806100 167.345
1582806101 175.022
1582806102 182.267
1582806106 22.925
1582806107 124.522
1582806108 229.214
1582806109 177.44
1582806110 209.464
1582806111 210.394
1582806112 194.407
1582806114 204.402
1582806115 171.396
1582806118 24.838
1582806119 203.939
1582806120 197.531
1582806122 225.494
1582806123 261.472
1582806124 205.697
1582806125 202.497
1582806126 193.441
1582806127 154.205
1582806128 167.582
1582806129 116.353
1582806131 17.7
1582806131 17.7
1582806133 50.975
1582806134 57.903
1582806135 61.957
1582806137 68.174
1582806138 75.039
1582806139 31.976
1582806140 26.405
1582806141 26.159
1582806142 42.52
1582806144 15.496
1582806147 19.019
1582806148 22.536
1582806149 21.502
1582806151 14.133
1582806152 13.331
1582806153 38.341
1582806154 27.958
1582806155 13.109
1582806156 14.696
1582806157 12.994
1582806161 17.353
1582806162 26.801
1582806163 49.182
1582806164 26.114
1582806166 24.198
1582806167 33.393
1582806168 43.072
1582806169 33.088
1582806170 27.19
1582806175 15.05
1582806176 27.325
1582806177 24.496
1582806178 21.36
1582806179 18.235
1582806180 39.28
1582806182 135.04
1582806183 173.835
1582806184 183.123
1582806188 12.602
1582806189 140.606
1582806190 208.145
1582806191 239.985
1582806192 248.07
1582806193 247.338
1582806194 203.222
1582806195 212.501
1582806196 174.372
1582806198 201.493
1582806200 121.755
1582806201 121.755
1582806202 120.316
1582806203 257.502
1582806204 227.776
1582806206 229.508
1582806207 187.832
1582806208 202.243
1582806209 223.384
1582806210 215.419
1582806211 218.232
1582806212 224.905
1582806213 148.271
1582806216 76.871
1582806217 196.612
1582806218 207.526
1582806219 174.482
1582806220 178.693
1582806222 144.096
1582806223 153.393
1582806224 113.902
1582806225 92.243
1582806226 91.346
1582806228 22.179
1582806228 22.179
1582806230 163.088
1582806231 220.588
1582806232 229.459
1582806233 192.173
1582806234 203.57
1582806236 211.476
1582806237 213.252
1582806238 209.633
1582806239 210.873
1582806241 96.479
1582806244 90.91
1582806245 224.774
1582806246 244.036
1582806247 265.526
1582806248 248.718
1582806249 235.936
1582806250 178.086
1582806251 219.554
1582806253 233.243
1582806255 166.941
1582806257 179.946
1582806258 252.037
1582806259 254.195
1582806261 275.657
1582806262 248.56
1582806263 292.029
1582806264 228.58
1582806265 191.85
1582806266 190.235
1582806267 206.736
1582806268 164.247
1582806272 70.107
1582806273 234.186
1582806274 239.885
1582806275 229.877
1582806276 204.348
1582806278 249.747
1582806279 246.489
1582806280 202.969
1582806281 199.817
1582806283 11.242
1582806284 11.242
1582806286 121.429
1582806287 268.985
1582806288 215.684
1582806289 214.82
1582806290 229.25
1582806291 238.791
1582806292 219.355
1582806293 234.083
1582806295 228.178
1582806297 20.097
1582806298 20.097
1582806299 49.287
1582806300 186.767
1582806301 255.367
1582806303 226.726
1582806304 202.218
1582806305 206.702
1582806306 177.959
1582806307 186.048
1582806308 188.07
1582806309 174.881
1582806311 80.69
1582806311 80.69
1582806313 45.01
1582806314 181.774
1582806315 149.554
1582806316 264.085
1582806317 258.774
1582806319 209.311
1582806320 236.848
1582806321 221.094
1582806322 209.373
1582806323 210.484
1582806324 117.738
1582806326 155.661
1582806328 238.483
1582806329 194.556
1582806330 221.456
1582806331 236.12
1582806332 173.966
1582806333 179.54
1582806334 185.304
1582806336 194.552
1582806338 129.893
1582806340 108.1
1582806341 205.747
1582806342 203.698
1582806344 203.975
1582806345 168.366
1582806346 170.84
1582806347 186.253
1582806348 184.645
1582806349 172.059
1582806352 111.915
1582806354 113.042
1582806355 227.29
1582806356 228.492
1582806357 167.993
1582806358 171.086
1582806360 152.624
1582806361 144.98
1582806362 153.096
1582806363 150.859
1582806364 156.234
1582806365 143.683
1582806368 33.65
1582806369 183.195
1582806370 227.284
1582806371 215.856
1582806372 162.598
1582806373 149.543
1582806375 149.561
1582806376 171.513
1582806377 170.495
1582806378 162.252
1582806379 132.899
1582806382 22.413
1582806383 101.185
1582806384 150.798
1582806385 133.75
1582806386 149.87
1582806388 121.544
1582806389 133.378
1582806390 74.628
1582806391 108.537
1582806392 119.842
1582806393 60.133
1582806396 83.517
1582806397 78.857
1582806398 99.502
1582806399 121.407
1582806400 118.843
1582806402 103.318
1582806403 76.245
1582806404 79.991
1582806405 73.769
1582806406 111.183
1582806407 106.813
1582806410 51.916
1582806411 88.156
1582806412 76.206
1582806413 60.295
1582806414 61.494
1582806416 56.811
1582806417 78.593
1582806418 88.14
1582806419 98.442
1582806420 83.933
1582806421 85.094
1582806422 85.094
1582806424 78.598
1582806425 75.46
1582806426 81.394
1582806427 76.466
1582806428 60.691
1582806430 68.054
1582806431 72.132
1582806432 65.237
1582806433 65.444
1582806435 13.18
1582806436 13.18
1582806438 48.498
1582806439 54.735
1582806440 84.504
1582806441 84.304
1582806443 73.038
1582806444 43.996
1582806445 47.794
1582806446 67.678
1582806447 60.199
1582806448 54.435
1582806450 13.492
1582806450 13.492
1582806451 12.698
1582806452 61.768
1582806453 70.268
1582806454 63.937
1582806455 54.413
1582806457 45.724
1582806458 39.576
1582806459 42.445
1582806460 50.84
1582806461 62.098
1582806462 48.972
1582806466 30.22
1582806467 43.954
1582806468 48.76
1582806469 57.729
1582806471 59.311
1582806472 38.252
1582806473 58.426
1582806474 66.326
1582806475 60.775
1582806476 57.697
1582806479 13.595
1582806480 51.221
1582806481 74.294
1582806482 95.99
1582806483 101.88
1582806485 85.288
1582806486 88.804
1582806487 85.005
1582806488 82.565
1582806489 94.814
1582806490 151.106
1582806493 15.516
1582806494 29.595
1582806495 150.126
1582806496 168.277
1582806497 174.726
1582806498 154.654
1582806500 151.683
1582806501 170.083
1582806502 166.801
1582806503 148.137
1582806504 103.922
1582806507 21.917
1582806508 30.045
1582806509 30.047
1582806510 31.131
1582806511 31.25
1582806513 30.49
1582806514 30.92
1582806515 31.791
1582806516 190.614
1582806518 226.049
1582806518 73.998
1582806521 70.3
1582806522 230.519
1582806523 227.217
1582806524 232.329
1582806525 180.386
1582806526 57.932
1582806527 40.785
1582806529 49.214
1582806530 49.598
1582806532 20.301
1582806535 173.248
1582806536 278.931
1582806537 284.742
1582806538 205.931
1582806539 231.977
1582806540 226.072
1582806541 185.929
1582806542 173.916
1582806544 192.659
1582806546 118.513
1582806548 32.175
1582806549 178.741
1582806550 220.2
1582806552 207.723
1582806553 200.1
1582806554 227.692
1582806555 216.066
1582806556 217.396
1582806557 208.718
1582806558 226.039
1582806559 201.449
1582806563 86.878
1582806564 104.652
1582806565 150.451
1582806566 235.339
1582806567 270.134
1582806568 220.361
1582806569 218.403
1582806571 227.302
1582806572 196.282
1582806576 176.302
1582806577 203.67
1582806579 134.036
1582806580 136.876
1582806581 135.607
1582806582 139.746
1582806583 142.302
1582806585 146.672
1582806586 144.975
1582806587 157.106
1582806589 37.867
1582806590 186.801
1582806591 159.827
1582806593 134.338
1582806594 93.703
1582806595 101.546
1582806596 106.834
1582806597 106.503
1582806599 118.953
1582806600 124.514
1582806601 57.418
1582806603 50.946
1582806604 242.688
1582806606 197.961
1582806607 199.365
1582806608 200.28
1582806609 180.803
1582806610 179.523
1582806611 183.374
1582806612 183.518
1582806614 214.441
1582806615 206.9
1582806615 206.9
1582806617 84.59
1582806618 276.708
1582806619 276.724
1582806620 40.469
