1574747453 11.366
1574747454 18.419
1574747455 18.419
1574747455 21.778
1574747459 11.407
1574747460 11.512
1574747464 13.443
1574747465 33.239
1574747466 46.142
1574747467 62.772
1574747468 41.124
1574747549 15.079
1574747550 24.424
1574747597 23.446
1574747643 23.205
1574747689 29.868
1574747734 17.024
1574747736 14.404
1574747781 22.768
1574747835 12.145
1574747880 12.763
1574747881 14.361
1574747935 10.258
1574748012 10.635
1574748013 29.649
1574748059 15.062
1574748105 22.466
1574748152 29.911
1574748197 32.573
1574748243 23.934
1574748289 26.843
1574748337 16.693
1574748338 10.138
1574748383 21.842
1574748429 30.174
1574748476 16.574
1574748525 12.617
1574748527 14.51
1574748572 28.055
1574748617 11.626
1574748618 20.123
1574748664 31.261
1574748710 14.414
1574748711 14.035
1574748757 11.804
1574748760 15.911
1574748806 26.928
1574748851 19.499
1574748897 12.805
1574748898 13.929
1574748992 15.993
1574748993 30.804
1574749039 10.005
1574749041 11.151
1574749089 15.738
1574749140 11.9
1574749141 16.707
1574749199 35.596
1574749244 21.37
1574749290 18.668
1574749291 10.928
1574749390 18.136
1574749391 23.177
1574749534 12.444
1574749536 28.238
1574749614 26.508
1574749662 10.965
1574749718 18.899
1574749764 34.069
1574749810 22.278
1574749855 11.468
1574749901 16.978
1574749902 11.178
1574749946 16.372
1574749947 11.404
1574749991 10.969
1574749993 14.591
1574750037 10.663
1574750150 17.502
1574750317 26.917
1574750318 31.882
