1576472635 33.49
1576472638 15.048
1576472639 77.79
1576472640 107.356
1576472643 24.318
1576472686 23.848
1576472732 32.098
1576472778 31.658
1576472823 27.66
1576472867 15.466
1576472868 16.485
1576472913 34.233
1576472959 34.281
1576473004 24.5
1576473049 36.039
1576473095 31.998
1576473140 34.787
1576473187 28.928
1576473232 34.741
1576473278 32.394
1576473324 32.988
1576473368 12.185
1576473441 20.039
1576473444 31.533
1576473514 22.704
1576473561 14.916
1576473562 18.451
1576473603 16.611
1576473604 17.329
1576473650 23.888
1576473699 12.015
1576473700 12.907
1576473748 13.376
1576473796 17.416
1576473843 11.384
1576473844 13.578
1576473889 22.491
1576473936 13.536
1576473984 11.849
1576474032 12.3
1576474080 10.812
1576474081 11.743
1576474130 12.18
1576474131 12.084
1576474176 33.329
1576474222 14.452
1576474269 13.257
1576474270 19.776
1576474315 18.207
1576474361 26.863
1576474407 25.113
1576474498 28.004
1576474542 11.462
