1574490626 57.152
1574490627 72.426
1574490628 56.403
1574490629 62.408
1574490631 12.831
1574490682 33.74
1574490732 31.381
1574490778 14.59
1574490779 12.906
1574490824 32.178
1574490869 18.789
1574490916 27.339
1574490961 32.366
1574491007 16.326
1574491052 31.235
1574491100 14.086
1574491102 11.725
1574491148 23.583
1574491193 34.36
1574491239 33.722
1574491398 20.889
1574491443 16.235
1574491444 16.235
1574491444 16.42
1574491536 10.856
1574491537 22.272
1574491582 11.977
1574491628 25.86
1574491675 23.377
1574491721 21.486
1574491737 15.144
1574491738 18.358
1574491739 17.267
1574491740 18.75
1574491741 13.605
