1.0 217.5
2.0 198.75
3.0 215.0
4.0 213.75
5.0 186.25
6.0 142.5
7.0 170.0
8.0 190.0
9.0 145.0
10.0 145.0
11.0 138.75
12.0 118.75
13.0 88.125
14.0 79.0
15.0 17.375
16.0 14.5
17.0 13.875
18.0 21.5
19.0 15.0
20.0 84.25
21.0 92.5
22.0 93.25
23.0 82.0
24.0 108.625
25.0 68.75
26.0 37.125
27.0 21.5
28.0 41.25
29.0 19.375
30.0 38.875
31.0 41.0
32.0 48.125
33.0 48.25
34.0 45.625
35.0 38.0
36.0 30.75
37.0 12.0
38.0 14.75
39.0 11.5
40.0 15.25
41.0 14.5
42.0 13.25
43.0 67.875
44.0 82.125
45.0 97.75
46.0 103.25
47.0 121.375
48.0 108.875
49.0 106.25
50.0 105.5
51.0 84.75
52.0 107.875
53.0 131.25
54.0 130.0
55.0 96.75
56.0 119.0
57.0 124.75
58.0 122.625
59.0 140.0
60.0 131.25
61.0 127.5
62.0 132.5
63.0 188.75
64.0 137.5
65.0 90.875
66.0 24.875
67.0 13.5
68.0 14.375
69.0 15.25
70.0 13.625
71.0 12.5
72.0 14.0
73.0 12.375
74.0 11.0
75.0 12.625
76.0 111.75
77.0 93.75
78.0 99.0
79.0 103.125
80.0 105.75
81.0 105.625
82.0 84.0
83.0 0.0
84.0 95.5
85.0 103.875
86.0 126.25
87.0 105.0
88.0 94.375
89.0 107.375
90.0 94.625
91.0 105.875
92.0 122.625
93.0 146.25
94.0 150.0
95.0 99.25
96.0 137.5
97.0 128.75
98.0 111.0
99.0 121.5
100.0 117.5
101.0 29.875
102.0 74.5
103.0 117.75
104.0 126.25
105.0 135.0
106.0 98.25
107.0 99.25
108.0 90.875
109.0 95.0
110.0 92.375
111.0 95.5
112.0 81.0
113.0 77.875
114.0 66.875
115.0 50.875
116.0 86.25
117.0 27.375
118.0 1.125
119.0 0.75
120.0 11.125
121.0 13.25
122.0 14.75
123.0 13.5
124.0 15.5
125.0 14.0
126.0 29.0
127.0 24.25
128.0 45.25
129.0 46.875
130.0 48.5
131.0 51.0
132.0 63.75
133.0 56.25
134.0 55.5
135.0 57.625
136.0 71.375
137.0 56.5
138.0 80.375
139.0 77.375
140.0 85.625
141.0 89.875
142.0 97.875
143.0 106.75
144.0 136.25
145.0 153.75
146.0 130.0
147.0 102.625
148.0 122.5
149.0 132.5
150.0 148.75
151.0 142.5
152.0 162.5
153.0 168.75
154.0 178.75
155.0 155.0
156.0 160.0
157.0 178.75
158.0 140.0
159.0 122.125
160.0 142.5
161.0 130.0
162.0 163.75
163.0 150.0
164.0 126.25
165.0 126.25
166.0 128.75
167.0 107.875
168.0 111.875
169.0 98.5
170.0 75.75
171.0 81.5
172.0 114.0
173.0 110.375
174.0 96.125
175.0 99.625
176.0 96.5
177.0 115.0
178.0 123.375
179.0 131.25
180.0 102.875
181.0 117.375
182.0 111.5
183.0 106.125
184.0 29.375
185.0 27.5
186.0 2.5
187.0 0.125
188.0 14.0
189.0 10.25
190.0 86.25
191.0 109.75
192.0 117.375
193.0 126.25
194.0 136.25
195.0 136.25
196.0 136.25
197.0 115.625
198.0 135.0
199.0 130.0
200.0 141.25
201.0 126.25
202.0 141.25
203.0 146.25
204.0 160.0
205.0 114.875
206.0 121.375
207.0 32.625
208.0 72.25
209.0 106.625
210.0 84.75
211.0 26.375
212.0 0.875
213.0 15.125
214.0 10.0
215.0 10.25
216.0 102.375
217.0 136.25
218.0 131.25
219.0 147.5
220.0 150.0
221.0 153.75
222.0 155.0
223.0 146.25
224.0 158.75
225.0 155.0
226.0 157.5
227.0 138.75
228.0 21.5
229.0 33.375
230.0 14.875
231.0 72.0
232.0 107.5
233.0 115.875
234.0 115.5
235.0 100.875
236.0 126.25
237.0 125.0
238.0 114.375
239.0 124.875
240.0 138.75
241.0 141.25
242.0 131.25
243.0 143.75
244.0 148.75
245.0 143.75
246.0 143.75
247.0 152.5
248.0 171.25
249.0 181.25
250.0 186.25
251.0 187.5
252.0 210.0
253.0 193.75
254.0 220.0
255.0 220.0
256.0 205.0
257.0 176.25
258.0 192.5
259.0 177.5
260.0 195.0
261.0 221.25
262.0 203.75
263.0 217.5
264.0 216.25
265.0 230.0
266.0 225.0
267.0 176.25
268.0 207.5
269.0 183.75
270.0 213.75
271.0 113.875
272.0 165.0
273.0 150.0
274.0 178.75
275.0 156.25
276.0 160.0
277.0 165.0
278.0 86.375
279.0 90.375
280.0 100.5
281.0 123.625
282.0 117.375
283.0 6.125
284.0 15.25
285.0 13.125
286.0 94.75
287.0 128.75
288.0 112.75
289.0 126.25
290.0 105.875
291.0 110.125
292.0 126.25
293.0 132.5
294.0 125.0
295.0 126.25
296.0 109.875
297.0 95.375
298.0 20.25
299.0 9.75
300.0 14.375
301.0 48.25
302.0 57.0
303.0 49.375
304.0 51.875
305.0 52.875
306.0 54.0
307.0 62.125
308.0 67.0
309.0 59.25
310.0 66.75
311.0 77.0
312.0 76.0
313.0 87.25
314.0 99.375
315.0 81.125
316.0 87.875
317.0 74.5
318.0 67.875
319.0 105.75
320.0 90.875
321.0 99.75
322.0 110.375
323.0 99.75
324.0 83.25
325.0 93.375
326.0 107.625
327.0 98.875
328.0 98.75
329.0 110.0
330.0 113.75
331.0 115.5
332.0 106.25
333.0 120.625
334.0 116.875
335.0 108.625
336.0 126.25
337.0 119.625
338.0 98.25
339.0 113.25
340.0 104.375
341.0 108.75
342.0 123.75
343.0 147.5
344.0 130.0
345.0 101.375
346.0 108.75
347.0 108.75
348.0 122.75
349.0 132.5
350.0 124.125
351.0 115.0
352.0 119.625
353.0 119.5
354.0 101.375
355.0 115.125
356.0 94.25
357.0 97.75
358.0 86.625
359.0 90.125
360.0 94.5
361.0 92.25
362.0 99.25
363.0 92.625
364.0 98.25
365.0 93.0
366.0 84.625
367.0 88.5
368.0 87.5
369.0 86.25
370.0 64.625
371.0 50.125
372.0 58.75
373.0 69.375
374.0 64.125
375.0 52.375
376.0 69.75
377.0 55.75
378.0 56.75
379.0 79.625
380.0 65.625
381.0 70.125
382.0 95.375
383.0 90.25
384.0 100.625
385.0 106.125
386.0 101.75
387.0 102.125
388.0 115.125
389.0 113.875
390.0 105.0
391.0 127.5
392.0 126.25
393.0 135.0
394.0 121.75
395.0 105.625
396.0 136.25
397.0 153.75
398.0 163.75
399.0 153.75
400.0 147.5
401.0 142.5
402.0 157.5
403.0 123.375
404.0 180.0
405.0 163.75
406.0 160.0
407.0 151.25
408.0 152.5
409.0 178.75
410.0 170.0
411.0 195.0
412.0 163.75
413.0 178.75
414.0 182.5
415.0 172.5
416.0 142.5
417.0 67.5
418.0 0.125
419.0 7.625
420.0 69.625
421.0 82.625
422.0 20.625
423.0 52.75
424.0 53.375
425.0 3.375
426.0 16.25
427.0 1.625
428.0 14.375
429.0 12.25
430.0 34.125
431.0 57.75
432.0 53.375
433.0 68.125
434.0 75.375
435.0 67.0
436.0 73.25
437.0 61.75
438.0 75.75
439.0 64.25
440.0 91.375
441.0 76.125
442.0 98.375
443.0 112.25
444.0 126.25
445.0 128.75
446.0 128.75
447.0 136.25
448.0 126.25
449.0 115.75
450.0 108.875
451.0 108.875
452.0 94.625
453.0 78.375
454.0 101.25
455.0 128.75
456.0 108.75
457.0 91.25
458.0 110.75
459.0 121.5
460.0 80.875
461.0 88.5
462.0 89.0
463.0 120.25
464.0 116.375
465.0 130.0
466.0 135.0
467.0 118.875
468.0 92.0
469.0 133.75
470.0 130.0
471.0 137.5
472.0 132.5
473.0 135.0
474.0 132.5
475.0 120.125
476.0 73.875
477.0 102.125
478.0 116.25
479.0 140.0
480.0 119.0
481.0 131.25
482.0 127.5
483.0 153.75
484.0 131.25
485.0 135.0
486.0 127.5
487.0 127.5
488.0 121.875
489.0 121.25
490.0 126.25
491.0 127.5
492.0 137.5
493.0 107.75
494.0 107.5
495.0 102.25
496.0 133.75
497.0 136.25
498.0 131.25
499.0 115.875
500.0 104.875
501.0 99.25
502.0 104.625
503.0 119.375
504.0 77.0
505.0 86.875
506.0 74.625
507.0 72.625
508.0 65.75
509.0 75.125
510.0 67.875
511.0 44.25
512.0 29.625
513.0 41.25
514.0 25.125
515.0 9.625
516.0 14.75
517.0 12.625
518.0 10.5
519.0 14.875
520.0 15.625
521.0 32.75
522.0 35.875
523.0 37.75
524.0 39.375
525.0 41.625
526.0 41.25
527.0 36.25
528.0 46.375
529.0 46.375
530.0 46.875
531.0 58.375
532.0 49.25
533.0 50.0
534.0 48.625
535.0 81.5
536.0 61.875
537.0 86.75
538.0 80.125
539.0 76.125
540.0 78.375
541.0 78.75
542.0 76.25
543.0 83.125
544.0 66.375
545.0 72.25
546.0 82.625
547.0 87.625
548.0 81.875
549.0 49.0
550.0 41.5
551.0 84.5
552.0 75.625
553.0 24.5
554.0 4.75
555.0 2.125
556.0 19.625
557.0 11.125
558.0 9.125
559.0 10.625
560.0 13.0
561.0 8.0
562.0 9.75
563.0 12.875
564.0 12.0
565.0 8.25
566.0 8.625
567.0 4.25
568.0 9.875
569.0 8.75
570.0 9.125
571.0 8.0
572.0 7.375
573.0 4.875
574.0 3.875
575.0 5.75
576.0 7.0
577.0 5.0
578.0 4.25
579.0 6.5
580.0 5.625
581.0 2.25
582.0 15.125
583.0 15.25
584.0 14.875
585.0 12.375
586.0 13.25
587.0 15.25
588.0 13.75
589.0 15.625
590.0 12.5
591.0 14.0
592.0 15.25
593.0 14.75
594.0 15.25
595.0 13.625
596.0 13.5
597.0 13.75
598.0 15.5
599.0 11.5
600.0 14.75
601.0 10.375
602.0 14.125
603.0 15.125
604.0 12.75
605.0 15.0
606.0 15.375
607.0 12.625
608.0 13.5
609.0 13.375
610.0 14.25
611.0 12.625
612.0 14.25
613.0 12.25
614.0 12.0
615.0 15.0
616.0 12.75
617.0 11.0
618.0 13.0
619.0 12.375
620.0 14.0
621.0 14.875
622.0 50.875
623.0 53.125
624.0 49.25
625.0 43.25
626.0 48.125
627.0 52.75
628.0 44.0
629.0 54.25
630.0 50.375
631.0 14.125
632.0 14.125
633.0 15.25
634.0 38.875
635.0 44.375
636.0 45.625
637.0 45.625
638.0 48.75
639.0 45.375
640.0 48.875
641.0 49.75
642.0 49.875
643.0 54.75
644.0 48.75
645.0 63.125
646.0 64.875
647.0 63.125
648.0 62.0
649.0 71.625
650.0 70.125
651.0 61.75
652.0 58.875
653.0 58.625
654.0 74.125
655.0 92.75
656.0 74.125
657.0 17.875
658.0 3.5
659.0 8.125
660.0 14.75
661.0 10.625
662.0 1.375
663.0 11.875
664.0 2.75
665.0 8.875
666.0 7.75
667.0 7.125
668.0 0.0
669.0 0.0
670.0 0.0
671.0 0.0
672.0 0.0
673.0 0.0
674.0 0.0
675.0 0.0
676.0 0.0
677.0 13.125
678.0 15.625
679.0 5.375
680.0 1.25
681.0 13.125
682.0 12.875
683.0 15.5
684.0 24.625
685.0 42.25
686.0 46.875
687.0 53.375
688.0 55.375
689.0 58.125
690.0 57.25
691.0 60.0
692.0 52.375
693.0 60.125
694.0 65.5
695.0 70.375
696.0 46.125
697.0 0.75
698.0 0.125
699.0 10.75
700.0 10.875
701.0 14.0
702.0 26.5
703.0 23.25
704.0 0.0
705.0 1.375
706.0 2.625
707.0 2.5
708.0 1.625
709.0 3.875
710.0 1.25
711.0 0.625
712.0 0.875
713.0 1.75
714.0 2.75
715.0 2.75
716.0 0.25
717.0 0.625
718.0 1.0
719.0 14.5
720.0 14.75
721.0 9.625
722.0 7.375
723.0 9.875
724.0 14.125
725.0 17.125
726.0 22.0
727.0 27.0
728.0 29.625
729.0 21.75
730.0 16.625
731.0 12.25
732.0 12.125
733.0 2.75
734.0 0.625
735.0 0.375
736.0 0.0
737.0 0.0
738.0 0.0
739.0 0.125
740.0 1.25
741.0 0.25
742.0 0.25
743.0 0.0
744.0 1.875
745.0 0.875
746.0 0.0
747.0 0.0
748.0 0.0
749.0 1.25
750.0 0.5
751.0 1.5
752.0 0.25
753.0 0.25
754.0 1.0
755.0 0.25
756.0 0.375
757.0 1.0
758.0 0.5
759.0 0.375
760.0 0.125
761.0 0.0
762.0 1.125
763.0 1.0
764.0 0.5
765.0 0.5
766.0 0.625
767.0 0.375
768.0 0.25
769.0 0.25
770.0 0.875
771.0 0.375
772.0 0.5
773.0 0.125
774.0 0.0
775.0 0.0
776.0 0.375
777.0 10.875
778.0 14.0
779.0 13.5
780.0 15.5
781.0 14.625
782.0 11.0
783.0 12.25
784.0 24.125
785.0 30.75
786.0 44.625
787.0 45.0
