1.0 0.0
2.0 0.0
3.0 0.0
4.0 0.0
5.0 0.0
6.0 13.625
7.0 15.25
8.0 63.0
9.0 11.0
10.0 0.0
11.0 0.0
12.0 0.0
13.0 0.0
14.0 12.0
15.0 10.625
16.0 31.75
17.0 23.0
18.0 10.25
19.0 15.125
20.0 26.5
21.0 19.625
22.0 2.125
23.0 0.0
24.0 0.0
25.0 0.0
26.0 0.0
27.0 11.125
28.0 11.5
29.0 23.625
30.0 52.625
31.0 54.875
32.0 13.5
33.0 13.375
34.0 37.375
35.0 38.25
36.0 40.0
37.0 38.375
38.0 39.875
39.0 40.875
40.0 37.875
41.0 44.0
42.0 43.875
43.0 44.75
44.0 50.125
45.0 57.875
46.0 68.75
47.0 82.625
48.0 91.625
49.0 104.625
50.0 66.0
51.0 109.125
52.0 140.0
53.0 90.25
54.0 101.25
55.0 119.375
56.0 113.0
57.0 90.625
58.0 98.0
59.0 61.125
60.0 8.375
61.0 14.25
62.0 12.25
63.0 72.5
64.0 97.625
65.0 131.25
66.0 118.75
67.0 140.0
68.0 148.75
69.0 102.0
70.0 100.875
71.0 114.125
72.0 136.25
73.0 127.5
74.0 158.75
75.0 155.0
76.0 165.0
77.0 193.75
78.0 178.75
79.0 160.0
80.0 153.75
81.0 162.5
82.0 158.75
83.0 157.5
84.0 148.75
85.0 150.0
86.0 127.5
87.0 14.25
88.0 14.5
89.0 52.0
90.0 113.75
91.0 121.875
92.0 105.375
93.0 127.5
94.0 136.25
95.0 175.0
96.0 156.25
97.0 101.625
98.0 117.125
99.0 93.875
100.0 13.75
101.0 5.25
102.0 0.125
103.0 6.5
104.0 29.0
105.0 0.375
106.0 0.0
107.0 0.0
108.0 12.375
109.0 15.125
110.0 51.375
111.0 90.875
112.0 75.625
113.0 101.75
114.0 97.75
115.0 103.625
116.0 106.875
117.0 93.0
118.0 108.25
119.0 101.0
120.0 124.0
121.0 97.875
122.0 95.0
123.0 116.25
124.0 107.375
125.0 126.25
126.0 112.625
127.0 107.5
128.0 107.625
129.0 122.75
130.0 153.75
131.0 123.25
132.0 145.0
133.0 133.75
134.0 131.25
135.0 135.0
136.0 138.75
137.0 120.875
138.0 127.5
139.0 125.0
140.0 148.75
141.0 136.25
142.0 130.0
143.0 131.25
144.0 128.75
145.0 115.25
146.0 120.125
147.0 115.875
148.0 130.0
149.0 130.0
150.0 132.5
151.0 122.75
152.0 128.75
153.0 116.375
154.0 121.0
155.0 118.5
156.0 132.5
157.0 118.625
158.0 114.5
159.0 116.375
160.0 118.0
161.0 137.5
162.0 158.75
163.0 15.5
164.0 25.375
165.0 127.5
166.0 198.75
167.0 177.5
168.0 122.0
169.0 190.0
170.0 152.5
171.0 110.375
172.0 117.0
173.0 92.75
174.0 104.25
175.0 107.75
176.0 96.875
177.0 102.75
178.0 95.125
179.0 64.75
180.0 68.625
181.0 94.5
182.0 60.5
183.0 31.625
184.0 7.875
185.0 6.5
186.0 14.125
187.0 12.25
188.0 24.625
189.0 14.5
190.0 14.0
191.0 16.75
192.0 15.5
193.0 17.0
194.0 15.0
195.0 14.625
196.0 11.75
197.0 10.125
198.0 8.75
199.0 7.875
200.0 10.0
201.0 9.375
202.0 9.75
203.0 9.625
204.0 8.5
205.0 7.375
206.0 7.25
207.0 7.75
208.0 7.0
209.0 7.125
210.0 7.125
211.0 4.5
212.0 3.75
213.0 4.125
214.0 14.25
215.0 14.625
216.0 13.375
217.0 23.875
218.0 39.75
219.0 41.875
220.0 50.375
221.0 32.375
222.0 10.625
223.0 15.0
224.0 13.5
225.0 19.5
226.0 38.75
227.0 51.625
228.0 58.25
229.0 56.125
230.0 62.0
231.0 59.5
232.0 60.625
233.0 65.5
234.0 56.875
235.0 64.25
236.0 74.125
237.0 86.5
238.0 82.0
239.0 102.125
240.0 121.75
241.0 108.625
242.0 79.125
243.0 123.75
244.0 99.875
245.0 141.25
246.0 126.25
247.0 117.875
248.0 141.25
249.0 112.5
250.0 133.75
251.0 138.75
252.0 181.25
253.0 226.25
254.0 208.75
255.0 210.0
256.0 182.5
257.0 185.0
258.0 213.75
259.0 228.75
260.0 200.0
261.0 195.0
262.0 220.0
263.0 207.5
264.0 190.0
265.0 190.0
266.0 188.75
267.0 167.5
268.0 161.25
269.0 156.25
270.0 173.75
271.0 212.5
272.0 170.0
273.0 137.5
274.0 130.0
275.0 132.5
276.0 111.5
277.0 130.0
278.0 147.5
279.0 133.75
280.0 123.75
281.0 97.25
282.0 106.875
283.0 141.25
284.0 108.125
285.0 122.0
286.0 116.5
287.0 133.75
288.0 102.0
289.0 21.375
290.0 89.625
291.0 161.25
292.0 111.75
293.0 116.375
294.0 93.5
295.0 80.25
296.0 88.75
297.0 111.75
298.0 107.75
299.0 113.375
300.0 114.625
301.0 54.875
302.0 70.0
303.0 91.5
304.0 103.75
305.0 88.0
306.0 87.125
307.0 100.5
308.0 119.0
309.0 94.5
310.0 19.625
311.0 119.625
312.0 92.0
313.0 16.125
314.0 0.0
315.0 0.0
316.0 13.875
317.0 13.5
318.0 8.875
319.0 17.25
320.0 12.875
321.0 20.125
322.0 19.5
323.0 21.375
324.0 70.5
325.0 141.25
326.0 150.0
327.0 180.0
328.0 170.0
329.0 176.25
330.0 178.75
331.0 207.5
332.0 216.25
333.0 156.25
334.0 215.0
335.0 168.75
336.0 207.5
337.0 226.25
338.0 230.0
339.0 210.0
340.0 182.5
341.0 193.75
342.0 183.75
343.0 223.75
344.0 226.25
345.0 185.0
346.0 212.5
347.0 207.5
348.0 227.5
349.0 218.75
350.0 190.0
351.0 198.75
352.0 230.0
353.0 217.5
354.0 161.25
355.0 201.25
356.0 197.5
357.0 211.25
358.0 212.5
359.0 157.5
360.0 161.25
361.0 171.25
362.0 192.5
363.0 133.75
364.0 170.0
365.0 190.0
366.0 163.75
367.0 190.0
368.0 173.75
369.0 162.5
370.0 128.75
371.0 137.5
372.0 127.5
373.0 145.0
374.0 127.5
375.0 176.25
376.0 191.25
377.0 131.25
378.0 137.5
379.0 171.25
380.0 143.75
381.0 212.5
382.0 180.0
383.0 186.25
384.0 181.25
385.0 183.75
386.0 171.25
387.0 187.5
388.0 182.5
389.0 153.75
390.0 133.75
391.0 107.5
392.0 106.625
393.0 97.125
394.0 106.5
395.0 128.75
396.0 203.75
397.0 160.0
398.0 133.75
399.0 142.5
400.0 108.0
401.0 88.75
402.0 67.125
403.0 61.375
404.0 8.375
405.0 11.875
406.0 12.875
407.0 15.5
408.0 15.25
409.0 14.25
410.0 15.0
411.0 14.75
412.0 13.5
413.0 11.0
414.0 14.125
415.0 15.25
416.0 8.0
417.0 42.25
418.0 38.0
419.0 22.875
420.0 0.0
421.0 0.0
422.0 12.5
423.0 14.375
424.0 9.625
425.0 9.5
426.0 12.0
427.0 13.125
428.0 41.5
429.0 70.375
430.0 69.875
431.0 74.375
432.0 76.625
433.0 72.875
434.0 70.625
435.0 66.875
436.0 79.25
437.0 68.375
438.0 67.25
439.0 0.125
440.0 12.375
441.0 14.0
442.0 1.25
443.0 2.5
444.0 3.0
445.0 19.5
446.0 94.25
447.0 110.875
448.0 118.375
449.0 126.25
450.0 145.0
451.0 146.25
452.0 127.5
453.0 125.0
454.0 137.5
455.0 143.75
456.0 132.5
457.0 165.0
458.0 138.75
459.0 124.5
460.0 188.75
461.0 176.25
462.0 104.625
463.0 141.25
464.0 205.0
465.0 153.75
466.0 192.5
467.0 170.0
468.0 151.25
469.0 183.75
470.0 197.5
471.0 142.5
472.0 185.0
473.0 124.875
474.0 111.125
475.0 103.25
476.0 100.75
477.0 87.125
478.0 0.0
479.0 1.125
480.0 0.0
481.0 0.0
482.0 14.375
483.0 14.375
484.0 46.875
485.0 72.625
486.0 73.125
487.0 85.625
488.0 93.375
489.0 81.625
490.0 68.75
491.0 186.25
492.0 216.25
493.0 210.0
494.0 183.75
495.0 180.0
496.0 132.5
497.0 140.0
498.0 97.5
499.0 27.125
500.0 25.25
501.0 10.25
502.0 14.125
503.0 78.625
504.0 114.75
505.0 120.375
506.0 117.375
507.0 115.625
508.0 112.625
509.0 110.875
510.0 112.75
511.0 119.125
512.0 127.5
513.0 181.25
514.0 168.75
515.0 176.25
516.0 181.25
517.0 201.25
518.0 185.0
519.0 210.0
520.0 195.0
521.0 156.25
522.0 211.25
523.0 188.75
524.0 195.0
525.0 86.875
526.0 1.625
527.0 0.0
528.0 1.875
529.0 9.5
530.0 14.125
531.0 14.875
532.0 2.875
533.0 5.625
534.0 20.75
535.0 36.375
536.0 34.5
537.0 16.875
538.0 4.875
539.0 6.625
540.0 10.875
541.0 2.75
542.0 2.375
543.0 2.0
544.0 5.5
545.0 1.625
546.0 3.625
547.0 2.125
548.0 1.375
549.0 6.125
550.0 5.375
551.0 2.5
552.0 1.125
553.0 1.375
554.0 1.125
555.0 2.125
556.0 1.75
557.0 0.5
558.0 13.75
559.0 12.875
560.0 3.75
561.0 1.75
562.0 3.5
563.0 2.0
564.0 3.125
565.0 2.0
566.0 0.75
567.0 2.125
568.0 1.625
569.0 2.875
570.0 2.75
571.0 1.375
572.0 2.375
573.0 1.625
574.0 0.375
575.0 1.625
576.0 1.625
577.0 4.0
578.0 4.625
579.0 4.625
580.0 1.875
581.0 1.25
582.0 0.5
583.0 2.375
584.0 3.75
585.0 5.75
586.0 2.875
587.0 0.625
588.0 1.0
589.0 2.875
590.0 4.875
591.0 5.25
592.0 0.25
593.0 2.875
594.0 5.125
595.0 4.125
596.0 8.375
597.0 7.875
598.0 1.375
599.0 1.0
600.0 5.375
601.0 5.125
602.0 10.0
603.0 13.0
604.0 13.75
605.0 5.5
606.0 12.375
607.0 9.625
608.0 20.0
609.0 13.75
610.0 16.5
611.0 25.875
612.0 24.375
613.0 3.125
614.0 16.625
615.0 8.875
616.0 8.125
617.0 16.125
618.0 16.125
619.0 14.0
620.0 0.0
621.0 13.625
622.0 10.625
623.0 13.875
624.0 4.625
625.0 14.0
626.0 20.125
627.0 36.875
628.0 55.375
629.0 55.0
630.0 60.875
631.0 63.125
632.0 51.625
633.0 77.375
634.0 94.125
635.0 99.875
636.0 96.375
637.0 122.75
638.0 84.875
639.0 112.875
640.0 152.5
641.0 138.75
642.0 140.0
643.0 127.5
644.0 85.625
645.0 62.625
646.0 87.0
647.0 113.375
648.0 143.75
649.0 140.0
650.0 118.875
651.0 106.0
652.0 140.0
653.0 127.5
654.0 146.25
655.0 113.75
656.0 114.375
657.0 114.125
658.0 131.25
659.0 143.75
660.0 143.75
661.0 109.0
662.0 122.75
663.0 95.875
664.0 49.75
665.0 9.5
666.0 43.375
667.0 101.125
668.0 130.0
669.0 155.0
670.0 143.75
671.0 104.0
672.0 112.5
673.0 117.25
674.0 108.75
675.0 105.25
676.0 116.0
677.0 52.5
678.0 80.25
679.0 102.5
680.0 89.125
681.0 75.5
682.0 105.875
683.0 12.0
684.0 55.75
685.0 38.75
686.0 0.0
687.0 13.0
688.0 10.125
689.0 14.5
690.0 18.375
691.0 86.0
692.0 188.75
693.0 173.75
694.0 200.0
695.0 203.75
696.0 211.25
697.0 175.0
698.0 114.625
699.0 115.625
700.0 151.25
701.0 71.0
702.0 60.875
703.0 83.875
704.0 110.75
705.0 45.75
706.0 46.25
707.0 1.625
708.0 1.125
709.0 13.5
710.0 14.25
711.0 13.125
712.0 12.375
713.0 13.125
714.0 10.0
715.0 10.75
716.0 15.25
717.0 15.0
718.0 12.625
719.0 13.625
720.0 15.25
721.0 14.75
722.0 14.75
723.0 12.875
724.0 14.25
725.0 13.25
726.0 10.375
727.0 14.25
728.0 13.0
729.0 14.625
730.0 14.375
