1.0 13.75
2.0 10.75
3.0 12.25
4.0 13.125
5.0 14.75
6.0 14.875
7.0 15.5
8.0 12.0
9.0 11.875
10.0 12.375
11.0 15.25
12.0 15.25
13.0 15.25
14.0 15.125
15.0 11.25
16.0 14.5
17.0 14.75
18.0 13.75
19.0 10.125
20.0 11.625
21.0 10.875
22.0 13.75
23.0 15.375
24.0 12.125
25.0 13.875
26.0 15.25
27.0 1.75
28.0 1.625
29.0 1.875
30.0 13.625
31.0 11.125
32.0 19.375
33.0 29.75
34.0 52.875
35.0 63.25
36.0 80.25
37.0 80.5
38.0 96.75
39.0 59.125
40.0 12.5
41.0 13.375
42.0 11.625
43.0 14.0
44.0 12.5
45.0 12.125
46.0 13.25
47.0 13.375
48.0 15.5
49.0 13.0
50.0 12.625
51.0 15.0
52.0 11.75
53.0 11.125
54.0 15.5
55.0 14.875
56.0 15.625
57.0 13.625
58.0 13.0
59.0 12.375
60.0 49.0
61.0 77.125
62.0 91.75
63.0 82.25
64.0 71.625
65.0 103.875
66.0 96.0
67.0 95.5
68.0 80.875
69.0 11.75
70.0 12.875
71.0 12.5
72.0 13.875
73.0 14.875
74.0 14.625
75.0 59.75
76.0 29.625
77.0 31.375
78.0 2.25
79.0 0.0
80.0 15.25
81.0 19.125
82.0 60.75
83.0 58.375
84.0 67.125
85.0 66.5
86.0 64.0
87.0 68.125
88.0 59.25
89.0 62.75
90.0 64.75
91.0 56.375
92.0 65.0
93.0 71.375
94.0 69.75
95.0 73.5
96.0 73.0
97.0 72.75
98.0 90.875
99.0 102.625
100.0 117.625
101.0 126.25
102.0 135.0
103.0 73.125
104.0 131.25
105.0 142.5
106.0 161.25
107.0 153.75
108.0 106.375
109.0 108.375
110.0 3.5
111.0 0.0
112.0 0.0
113.0 14.625
114.0 14.125
115.0 12.25
116.0 13.625
117.0 12.0
118.0 11.0
119.0 0.75
120.0 0.875
121.0 52.5
122.0 42.5
123.0 71.25
124.0 7.25
125.0 0.0
126.0 0.0
127.0 13.375
128.0 15.625
129.0 31.625
130.0 29.25
131.0 32.125
132.0 31.75
133.0 30.25
134.0 17.875
135.0 3.375
136.0 2.25
137.0 3.375
138.0 3.0
139.0 2.75
140.0 2.0
141.0 2.0
142.0 0.0
143.0 13.125
144.0 15.5
145.0 8.125
146.0 2.0
147.0 2.25
148.0 1.5
149.0 1.125
150.0 14.625
151.0 14.375
152.0 11.0
153.0 11.125
154.0 7.375
155.0 7.0
156.0 8.875
157.0 8.125
158.0 9.875
159.0 10.625
160.0 14.0
161.0 14.75
162.0 12.0
163.0 14.375
164.0 7.625
165.0 0.0
166.0 0.0
167.0 0.0
168.0 0.0
169.0 0.0
170.0 13.25
171.0 14.75
172.0 12.125
173.0 12.625
174.0 14.625
175.0 15.75
176.0 17.75
177.0 18.25
178.0 15.75
179.0 16.625
180.0 18.875
181.0 18.375
182.0 17.25
183.0 20.75
184.0 25.375
185.0 29.375
186.0 28.625
187.0 32.125
188.0 41.875
189.0 52.75
190.0 62.75
191.0 75.375
192.0 81.0
193.0 92.25
194.0 104.5
195.0 116.5
196.0 128.75
197.0 132.5
198.0 138.75
199.0 110.125
200.0 113.75
201.0 151.25
202.0 152.5
203.0 155.0
204.0 175.0
205.0 181.25
206.0 156.25
207.0 91.375
208.0 155.0
209.0 196.25
210.0 183.75
211.0 190.0
212.0 153.75
213.0 191.25
214.0 135.0
215.0 10.5
216.0 14.25
217.0 15.5
218.0 15.0
219.0 15.125
220.0 12.875
221.0 13.0
222.0 15.625
223.0 11.5
224.0 10.5
225.0 14.375
226.0 11.875
227.0 14.875
228.0 14.25
229.0 14.5
230.0 13.25
231.0 11.75
232.0 13.5
233.0 14.625
234.0 14.625
235.0 14.5
236.0 11.0
237.0 15.125
238.0 10.125
239.0 13.875
240.0 13.75
241.0 10.625
242.0 12.375
243.0 11.125
244.0 11.625
245.0 11.625
246.0 14.0
247.0 14.25
248.0 11.625
249.0 14.375
250.0 13.375
