1.0 298.5
2.0 307.0
3.0 277.5
4.0 291.5
5.0 285.0
6.0 235.5
7.0 268.0
8.0 160.5
9.0 207.5
10.0 280.5
11.0 300.0
12.0 187.5
13.0 33.0
14.0 192.5
15.0 228.5
16.0 190.0
17.0 260.0
18.0 262.5
19.0 271.5
20.0 222.0
21.0 95.5
22.0 103.5
23.0 198.5
24.0 139.5
25.0 77.0
26.0 90.5
27.0 90.0
28.0 134.0
29.0 151.5
30.0 160.0
31.0 166.5
32.0 163.0
33.0 156.0
34.0 166.5
35.0 160.0
36.0 165.5
37.0 173.5
38.0 181.5
39.0 192.5
40.0 227.0
41.0 158.0
42.0 0.0
43.0 0.0
44.0 0.0
45.0 0.0
46.0 52.0
47.0 62.5
48.0 52.5
49.0 0.0
50.0 0.0
51.0 0.0
52.0 0.0
53.0 0.0
54.0 7.5
55.0 51.5
56.0 44.0
57.0 91.5
58.0 12.5
59.0 0.0
60.0 0.0
61.0 0.0
62.0 0.0
63.0 0.0
64.0 39.0
65.0 53.0
66.0 63.0
67.0 18.5
68.0 0.0
69.0 0.0
70.0 0.0
71.0 0.0
72.0 0.0
73.0 11.0
74.0 44.5
75.0 82.5
76.0 87.5
77.0 91.0
78.0 92.0
79.0 92.0
80.0 90.0
81.0 92.0
82.0 93.0
83.0 92.5
84.0 93.0
85.0 104.5
86.0 117.5
87.0 131.0
88.0 137.0
89.0 173.5
90.0 181.0
91.0 178.0
92.0 259.0
93.0 222.5
94.0 205.5
95.0 313.5
96.0 206.0
97.0 180.5
98.0 164.0
99.0 45.0
100.0 16.5
101.0 10.0
102.0 11.0
103.0 13.5
104.0 13.5
105.0 14.0
106.0 13.5
107.0 15.0
108.0 15.5
109.0 9.0
110.0 17.0
111.0 18.0
112.0 21.0
113.0 22.5
114.0 24.5
115.0 25.5
116.0 22.0
117.0 24.5
118.0 16.0
119.0 53.0
120.0 62.0
121.0 38.0
122.0 50.5
123.0 51.0
124.0 55.0
125.0 39.0
126.0 56.0
127.0 49.5
128.0 47.0
129.0 41.0
130.0 16.0
131.0 17.5
132.0 38.5
133.0 58.5
134.0 50.5
135.0 56.5
136.0 44.0
137.0 51.5
138.0 48.0
139.0 53.5
140.0 42.0
141.0 61.0
142.0 53.5
143.0 39.5
144.0 53.0
145.0 46.0
146.0 52.5
147.0 53.0
148.0 61.0
149.0 61.0
150.0 54.5
151.0 57.5
152.0 50.5
153.0 57.5
154.0 44.0
155.0 54.5
156.0 61.0
157.0 58.5
158.0 62.0
159.0 46.0
160.0 46.5
161.0 53.5
162.0 60.5
163.0 56.5
164.0 60.5
165.0 60.5
166.0 49.0
167.0 62.0
168.0 54.0
169.0 52.0
170.0 57.5
171.0 59.5
172.0 61.5
173.0 50.0
174.0 62.5
175.0 60.0
176.0 49.5
177.0 56.0
178.0 47.0
179.0 47.5
180.0 61.5
181.0 58.5
182.0 45.5
183.0 55.5
184.0 51.5
185.0 42.5
186.0 50.5
187.0 49.0
188.0 62.0
189.0 55.0
190.0 55.0
191.0 60.5
192.0 46.0
193.0 47.5
194.0 60.5
195.0 49.5
196.0 53.5
197.0 54.0
198.0 62.0
199.0 61.0
200.0 52.0
201.0 56.5
202.0 49.0
203.0 49.0
204.0 58.5
205.0 52.5
206.0 44.5
207.0 52.0
208.0 57.0
209.0 62.0
210.0 61.5
211.0 47.5
212.0 59.5
213.0 47.0
214.0 55.5
215.0 55.5
216.0 50.0
217.0 62.5
218.0 57.0
219.0 51.5
220.0 45.5
221.0 50.5
222.0 56.5
223.0 54.5
224.0 54.5
225.0 59.5
226.0 45.5
227.0 46.5
228.0 60.0
229.0 40.0
230.0 57.0
231.0 55.0
232.0 55.0
233.0 55.0
234.0 51.0
235.0 57.0
236.0 60.0
237.0 57.5
238.0 62.0
239.0 55.0
240.0 54.5
241.0 53.0
242.0 54.5
243.0 39.5
244.0 61.0
245.0 59.5
246.0 56.0
247.0 55.5
248.0 47.0
249.0 58.5
250.0 43.0
251.0 55.0
252.0 62.5
253.0 56.5
254.0 61.5
255.0 46.5
256.0 44.5
257.0 56.5
258.0 54.0
259.0 47.5
260.0 48.5
261.0 56.0
262.0 55.5
263.0 62.5
264.0 59.5
265.0 51.5
266.0 62.0
267.0 60.0
268.0 58.0
269.0 60.5
270.0 50.0
271.0 20.5
272.0 22.0
273.0 23.5
274.0 28.0
275.0 30.5
276.0 37.5
277.0 44.5
278.0 56.0
279.0 71.5
280.0 86.0
281.0 119.5
282.0 120.5
283.0 188.5
284.0 237.5
285.0 283.5
286.0 334.5
287.0 397.5
288.0 442.5
289.0 426.5
290.0 441.0
291.0 545.0
292.0 505.0
293.0 382.0
294.0 478.0
295.0 565.0
296.0 580.0
297.0 545.0
298.0 426.0
299.0 585.0
300.0 530.0
301.0 480.5
302.0 460.0
303.0 494.5
304.0 625.0
305.0 620.0
306.0 585.0
307.0 535.0
308.0 610.0
309.0 570.0
310.0 510.0
311.0 515.0
312.0 570.0
313.0 515.0
314.0 560.0
315.0 635.0
316.0 555.0
317.0 545.0
318.0 469.5
319.0 595.0
320.0 525.0
321.0 515.0
322.0 450.0
323.0 605.0
324.0 510.0
325.0 342.0
326.0 488.5
327.0 650.0
328.0 445.5
329.0 488.0
330.0 425.0
331.0 341.0
332.0 429.5
333.0 402.0
334.0 390.5
335.0 376.5
336.0 483.5
337.0 140.5
338.0 9.0
339.0 47.0
340.0 130.0
341.0 163.0
342.0 186.5
343.0 221.5
344.0 19.5
345.0 6.0
346.0 52.0
347.0 61.0
348.0 344.5
349.0 437.5
350.0 491.0
351.0 555.0
352.0 458.5
353.0 467.5
354.0 454.5
355.0 525.0
356.0 630.0
357.0 595.0
358.0 635.0
359.0 655.0
360.0 645.0
361.0 595.0
362.0 605.0
363.0 498.5
364.0 605.0
365.0 610.0
366.0 625.0
367.0 650.0
368.0 510.0
369.0 477.5
370.0 575.0
371.0 620.0
372.0 635.0
373.0 620.0
374.0 441.5
375.0 545.0
376.0 540.0
377.0 625.0
378.0 580.0
379.0 555.0
380.0 590.0
381.0 510.0
382.0 515.0
383.0 545.0
384.0 575.0
385.0 590.0
386.0 467.0
387.0 590.0
388.0 590.0
389.0 458.5
390.0 520.0
391.0 595.0
392.0 630.0
393.0 525.0
394.0 580.0
395.0 560.0
396.0 540.0
397.0 448.0
398.0 432.5
399.0 510.0
400.0 590.0
401.0 535.0
402.0 510.0
403.0 550.0
404.0 452.5
405.0 338.0
406.0 335.0
407.0 481.0
408.0 472.5
409.0 515.0
410.0 396.5
411.0 334.0
412.0 472.5
413.0 515.0
414.0 525.0
415.0 409.5
416.0 515.0
417.0 168.0
418.0 177.0
419.0 250.0
420.0 371.5
421.0 354.5
422.0 335.5
423.0 397.0
424.0 350.5
425.0 430.5
426.0 418.5
427.0 376.5
428.0 424.0
429.0 371.5
430.0 265.0
431.0 18.0
432.0 0.0
433.0 0.0
434.0 0.5
435.0 56.0
436.0 49.0
437.0 0.0
438.0 0.0
439.0 0.0
440.0 0.0
441.0 21.0
442.0 25.0
443.0 220.5
444.0 179.0
445.0 242.5
446.0 328.0
447.0 372.5
448.0 387.5
449.0 388.5
450.0 407.5
451.0 496.5
452.0 488.0
453.0 54.0
454.0 0.0
455.0 53.0
456.0 47.5
457.0 0.0
458.0 0.0
459.0 54.0
460.0 444.0
461.0 470.0
462.0 454.5
463.0 525.0
464.0 435.5
465.0 484.0
466.0 457.0
467.0 545.0
468.0 496.0
469.0 437.0
470.0 424.0
471.0 535.0
472.0 494.5
473.0 530.0
474.0 510.0
475.0 550.0
476.0 620.0
477.0 610.0
478.0 560.0
479.0 620.0
480.0 595.0
481.0 446.5
482.0 625.0
483.0 650.0
484.0 650.0
485.0 620.0
486.0 515.0
487.0 585.0
488.0 535.0
489.0 630.0
490.0 575.0
491.0 472.0
492.0 530.0
493.0 620.0
494.0 600.0
495.0 491.0
496.0 520.0
497.0 253.5
498.0 153.5
499.0 162.0
500.0 5.5
501.0 0.5
502.0 0.0
503.0 11.0
504.0 0.0
505.0 3.5
506.0 56.0
507.0 72.5
508.0 101.0
509.0 125.0
510.0 121.0
511.0 135.5
512.0 158.5
513.0 147.5
514.0 154.0
515.0 165.0
516.0 203.0
517.0 222.0
518.0 239.5
519.0 253.5
520.0 277.5
521.0 84.0
522.0 1.5
523.0 58.0
524.0 44.0
525.0 61.0
526.0 285.5
527.0 438.0
528.0 478.0
529.0 550.0
530.0 565.0
531.0 535.0
532.0 458.0
533.0 570.0
534.0 620.0
535.0 445.0
536.0 645.0
537.0 565.0
538.0 530.0
539.0 545.0
540.0 498.0
541.0 477.0
542.0 493.5
543.0 414.0
544.0 268.0
545.0 0.0
546.0 1.5
547.0 0.0
548.0 0.0
549.0 56.5
550.0 21.5
551.0 3.0
552.0 0.0
553.0 2.5
554.0 17.0
555.0 23.0
556.0 20.5
557.0 17.0
558.0 2.5
559.0 13.5
560.0 2.0
561.0 10.0
562.0 7.5
563.0 4.0
564.0 4.0
565.0 2.0
566.0 2.0
567.0 6.0
568.0 2.5
569.0 2.0
570.0 0.5
571.0 3.0
572.0 3.5
573.0 5.0
574.0 6.0
575.0 1.5
576.0 1.5
577.0 0.5
578.0 2.5
579.0 6.0
580.0 2.5
581.0 2.0
582.0 1.5
583.0 2.0
584.0 3.5
585.0 0.0
586.0 0.0
587.0 58.0
588.0 54.0
589.0 60.0
590.0 6.0
591.0 8.0
592.0 9.0
593.0 10.0
594.0 11.5
595.0 12.5
596.0 5.0
597.0 8.0
598.0 0.0
599.0 0.0
600.0 0.0
601.0 0.0
602.0 2.5
603.0 60.5
604.0 53.0
605.0 53.0
606.0 5.0
607.0 7.0
608.0 2.0
609.0 0.0
610.0 2.0
611.0 3.0
612.0 3.0
613.0 3.0
614.0 52.5
615.0 49.5
616.0 58.0
617.0 60.0
618.0 45.5
619.0 106.5
620.0 211.5
621.0 252.5
622.0 239.0
623.0 224.0
624.0 287.0
625.0 275.0
626.0 306.0
627.0 282.5
628.0 106.5
629.0 20.5
630.0 2.0
631.0 42.5
632.0 51.5
633.0 212.5
634.0 180.0
635.0 80.5
636.0 299.5
637.0 125.5
638.0 129.5
639.0 205.0
640.0 44.5
641.0 4.0
642.0 6.0
643.0 12.5
644.0 90.5
645.0 68.0
646.0 28.0
647.0 15.5
648.0 12.5
649.0 45.5
650.0 38.5
651.0 40.0
652.0 3.5
653.0 0.0
654.0 8.0
655.0 16.5
656.0 9.5
657.0 11.5
658.0 7.5
659.0 9.0
660.0 26.5
661.0 7.5
662.0 12.5
663.0 35.0
664.0 29.5
665.0 7.5
666.0 12.5
667.0 7.0
668.0 1.5
669.0 4.5
670.0 2.0
671.0 2.5
672.0 2.5
673.0 1.5
674.0 2.5
675.0 1.5
676.0 1.0
677.0 1.5
678.0 2.0
679.0 3.0
680.0 2.0
681.0 0.5
682.0 1.0
683.0 3.0
684.0 3.5
685.0 6.5
686.0 1.5
687.0 1.0
688.0 2.0
689.0 4.5
690.0 7.5
691.0 2.5
692.0 3.0
693.0 3.5
694.0 8.0
695.0 3.0
696.0 2.0
697.0 1.5
698.0 2.0
699.0 2.0
700.0 1.0
701.0 1.5
702.0 0.0
703.0 0.0
704.0 55.5
705.0 49.0
706.0 5.0
707.0 7.5
708.0 10.0
709.0 11.5
710.0 15.5
711.0 19.0
712.0 25.5
713.0 13.5
714.0 38.5
715.0 43.0
716.0 66.0
717.0 81.5
718.0 96.0
719.0 113.0
720.0 144.0
721.0 174.5
722.0 93.5
723.0 83.5
724.0 150.5
725.0 183.5
726.0 178.5
727.0 186.5
728.0 210.0
729.0 214.5
730.0 217.5
731.0 192.5
732.0 218.5
733.0 223.5
734.0 224.5
735.0 230.0
736.0 241.5
737.0 238.5
738.0 258.5
739.0 278.0
740.0 301.0
741.0 233.0
742.0 290.5
743.0 332.0
744.0 329.5
745.0 375.0
746.0 330.5
747.0 399.0
748.0 362.5
749.0 388.0
750.0 484.0
751.0 456.5
752.0 310.0
753.0 463.5
754.0 475.0
755.0 515.0
756.0 495.0
757.0 412.5
758.0 435.5
759.0 555.0
760.0 550.0
761.0 480.5
762.0 450.5
763.0 461.5
764.0 600.0
765.0 620.0
766.0 605.0
767.0 515.0
768.0 655.0
769.0 565.0
770.0 565.0
771.0 204.5
772.0 341.0
773.0 181.5
774.0 41.5
775.0 56.5
776.0 71.5
777.0 86.5
778.0 14.5
779.0 25.5
