1.0 50.5
2.0 79.625
3.0 75.5
4.0 0.875
5.0 0.0
6.0 0.0
7.0 0.25
8.0 10.875
9.0 14.875
10.0 10.375
11.0 13.75
12.0 13.0
13.0 12.5
14.0 10.75
15.0 11.125
16.0 13.625
17.0 12.125
18.0 15.5
19.0 13.5
20.0 12.375
21.0 34.375
22.0 47.375
23.0 32.625
24.0 13.5
25.0 9.5
26.0 1.125
27.0 11.75
28.0 11.125
29.0 14.5
30.0 14.5
31.0 13.125
32.0 14.875
33.0 14.625
34.0 14.375
35.0 34.5
36.0 36.625
37.0 38.625
38.0 17.375
39.0 12.25
40.0 15.375
41.0 13.0
42.0 13.0
43.0 12.125
44.0 11.375
45.0 14.875
46.0 2.125
47.0 8.0
48.0 7.875
49.0 1.5
50.0 4.375
51.0 7.875
52.0 9.75
53.0 9.625
54.0 10.125
55.0 14.875
56.0 13.0
57.0 15.375
58.0 14.875
59.0 13.25
60.0 4.25
61.0 11.0
62.0 5.375
63.0 7.25
64.0 10.5
65.0 15.5
66.0 11.0
67.0 21.125
68.0 31.875
69.0 31.625
70.0 34.5
71.0 37.5
72.0 43.5
73.0 49.875
74.0 59.25
75.0 69.625
76.0 81.75
77.0 81.375
78.0 86.75
79.0 141.25
80.0 173.75
81.0 176.25
82.0 183.75
83.0 14.375
84.0 15.125
85.0 152.5
86.0 200.0
87.0 197.5
88.0 155.0
89.0 198.75
90.0 206.25
91.0 201.25
92.0 213.75
93.0 137.5
94.0 177.5
95.0 215.0
96.0 162.5
97.0 133.75
98.0 198.75
99.0 117.0
100.0 124.25
101.0 128.75
102.0 59.75
103.0 64.125
104.0 10.75
105.0 4.25
106.0 0.0
107.0 14.375
108.0 10.75
109.0 15.625
110.0 12.625
111.0 15.625
112.0 12.875
113.0 12.875
114.0 75.0
115.0 102.0
116.0 118.875
117.0 133.75
118.0 156.25
119.0 137.5
120.0 161.25
121.0 148.75
122.0 172.5
123.0 171.25
124.0 124.25
125.0 155.0
126.0 195.0
127.0 187.5
128.0 192.5
129.0 195.0
130.0 156.25
131.0 183.75
132.0 155.0
133.0 136.25
134.0 161.25
135.0 181.25
136.0 138.75
137.0 112.75
138.0 138.75
139.0 153.75
140.0 108.875
141.0 95.25
142.0 90.75
143.0 97.75
144.0 46.0
145.0 15.625
146.0 13.125
147.0 0.0
148.0 14.0
149.0 10.75
150.0 14.5
151.0 14.5
152.0 92.875
153.0 0.125
154.0 0.0
155.0 0.0
156.0 11.0
157.0 14.75
158.0 32.25
159.0 47.75
160.0 50.625
161.0 49.875
162.0 34.875
163.0 8.0
164.0 2.75
165.0 12.0
166.0 9.75
167.0 13.875
168.0 6.75
169.0 7.0
170.0 6.375
171.0 6.0
172.0 7.5
173.0 7.0
174.0 6.875
175.0 6.875
176.0 7.125
177.0 6.125
178.0 5.375
179.0 4.375
180.0 4.375
181.0 9.5
182.0 13.375
183.0 11.0
184.0 16.375
185.0 12.125
186.0 4.0
187.0 7.875
188.0 9.5
189.0 15.625
190.0 10.5
191.0 30.375
192.0 41.5
193.0 37.875
194.0 38.625
195.0 15.625
196.0 15.5
197.0 23.0
198.0 84.0
199.0 70.625
200.0 103.375
201.0 105.375
202.0 112.375
203.0 116.0
204.0 120.375
205.0 127.5
206.0 130.0
207.0 137.5
208.0 115.0
209.0 121.125
210.0 15.5
211.0 13.0
212.0 99.25
213.0 110.625
214.0 135.0
215.0 136.25
216.0 53.625
217.0 13.75
218.0 5.5
219.0 6.5
220.0 12.875
221.0 15.125
222.0 37.5
223.0 84.625
224.0 109.875
225.0 79.625
226.0 106.25
227.0 130.0
228.0 135.0
229.0 138.75
230.0 141.25
231.0 138.75
232.0 148.75
233.0 128.75
234.0 156.25
235.0 151.25
236.0 157.5
237.0 157.5
238.0 158.75
239.0 152.5
240.0 145.0
241.0 148.75
242.0 147.5
243.0 155.0
244.0 146.25
245.0 161.25
246.0 165.0
247.0 158.75
248.0 151.25
249.0 155.0
250.0 151.25
