1.0 7.875
2.0 13.875
3.0 26.375
4.0 47.125
5.0 67.25
6.0 72.0
7.0 74.5
8.0 41.375
9.0 15.625
10.0 14.375
11.0 14.5
12.0 12.75
13.0 15.25
14.0 14.125
15.0 12.25
16.0 13.75
17.0 11.375
18.0 14.375
19.0 11.25
20.0 12.625
21.0 14.25
22.0 14.375
23.0 14.375
24.0 18.375
25.0 21.5
26.0 29.125
27.0 3.625
28.0 0.5
29.0 12.625
30.0 12.875
31.0 17.25
32.0 38.25
33.0 56.875
34.0 57.875
35.0 50.375
36.0 66.75
37.0 25.125
38.0 1.25
39.0 1.25
40.0 0.5
41.0 5.625
42.0 15.375
43.0 15.25
44.0 15.125
45.0 12.625
46.0 14.0
47.0 13.5
48.0 14.75
49.0 15.625
50.0 14.5
51.0 12.0
52.0 15.625
53.0 14.375
54.0 11.5
55.0 12.125
56.0 37.875
57.0 77.5
58.0 82.375
59.0 60.75
60.0 25.875
61.0 26.25
62.0 28.0
63.0 18.5
64.0 13.75
65.0 14.375
66.0 10.125
67.0 11.0
68.0 49.0
69.0 126.25
70.0 106.25
71.0 111.25
72.0 119.5
73.0 116.625
74.0 101.0
75.0 61.125
76.0 100.625
77.0 120.75
78.0 116.0
79.0 131.25
80.0 128.75
81.0 128.75
82.0 128.75
83.0 121.5
84.0 120.25
85.0 29.625
86.0 7.25
87.0 1.75
88.0 23.25
89.0 25.875
90.0 71.125
91.0 5.0
92.0 5.125
93.0 9.25
94.0 14.125
95.0 9.0
96.0 86.625
97.0 112.125
98.0 114.0
99.0 117.25
100.0 115.25
101.0 120.25
102.0 122.625
103.0 126.25
104.0 125.0
105.0 124.125
106.0 126.25
107.0 125.0
108.0 124.0
109.0 115.25
110.0 111.5
111.0 132.5
112.0 128.75
113.0 147.5
114.0 127.5
115.0 122.625
116.0 176.25
117.0 193.75
118.0 187.5
119.0 162.5
120.0 171.25
121.0 51.0
122.0 10.875
123.0 18.375
124.0 15.25
125.0 14.875
126.0 71.875
127.0 66.0
128.0 37.25
129.0 61.25
130.0 35.5
131.0 48.0
132.0 31.5
133.0 22.75
134.0 15.5
135.0 7.25
136.0 13.0
137.0 15.375
138.0 49.5
139.0 51.375
140.0 49.5
141.0 52.75
142.0 52.375
143.0 54.125
144.0 52.0
145.0 42.375
146.0 52.125
147.0 61.0
148.0 64.25
149.0 78.75
150.0 102.75
151.0 119.5
152.0 136.25
153.0 160.0
154.0 181.25
155.0 196.25
156.0 203.75
157.0 206.25
158.0 200.0
159.0 185.0
160.0 190.0
161.0 191.25
162.0 195.0
163.0 196.25
164.0 190.0
165.0 227.5
166.0 218.75
167.0 226.25
168.0 206.25
169.0 177.5
170.0 182.5
171.0 123.125
172.0 10.5
173.0 16.375
174.0 117.0
175.0 95.25
176.0 79.0
177.0 71.25
178.0 59.5
179.0 10.625
180.0 13.5
181.0 13.0
182.0 12.375
183.0 10.0
184.0 76.0
185.0 99.25
186.0 89.625
187.0 88.0
188.0 20.875
189.0 26.625
190.0 13.0
191.0 13.625
192.0 34.375
193.0 20.625
194.0 18.5
195.0 18.125
196.0 14.125
197.0 8.75
198.0 3.875
199.0 10.125
200.0 14.25
201.0 13.625
202.0 34.375
203.0 17.0
204.0 12.125
205.0 9.875
206.0 15.5
207.0 11.375
208.0 42.75
209.0 15.5
210.0 11.625
211.0 12.875
212.0 15.25
213.0 15.25
214.0 13.375
215.0 26.5
216.0 58.875
217.0 24.125
218.0 15.125
219.0 60.625
220.0 66.75
221.0 74.25
222.0 77.125
223.0 55.125
224.0 15.0
225.0 11.75
226.0 13.0
227.0 10.0
228.0 12.875
229.0 19.375
230.0 36.875
231.0 40.375
232.0 44.25
233.0 48.375
234.0 51.75
