1.0 121.0
2.0 333.5
3.0 497.0
4.0 335.5
5.0 39.5
6.0 48.0
7.0 477.5
8.0 470.0
9.0 585.0
10.0 319.5
11.0 200.0
12.0 58.0
13.0 41.0
14.0 62.0
15.0 52.5
16.0 129.5
17.0 233.0
18.0 281.0
19.0 326.0
20.0 315.5
21.0 304.0
22.0 309.5
23.0 254.0
24.0 407.5
25.0 457.5
26.0 510.0
27.0 505.0
28.0 580.0
29.0 605.0
30.0 560.0
31.0 437.5
32.0 376.5
33.0 433.5
34.0 438.0
35.0 411.5
36.0 530.0
37.0 605.0
38.0 550.0
39.0 448.0
40.0 326.0
41.0 383.5
42.0 600.0
43.0 500.0
44.0 412.0
45.0 451.0
46.0 229.5
47.0 59.0
48.0 55.0
49.0 50.0
50.0 26.0
51.0 406.0
52.0 550.0
53.0 426.0
54.0 349.5
55.0 163.0
56.0 129.0
57.0 127.0
58.0 55.5
59.0 53.0
60.0 303.5
61.0 485.5
62.0 462.0
63.0 445.5
64.0 525.0
65.0 525.0
66.0 575.0
67.0 427.5
68.0 550.0
69.0 580.0
70.0 615.0
71.0 590.0
72.0 515.0
73.0 406.0
74.0 510.0
75.0 550.0
76.0 635.0
77.0 640.0
78.0 610.0
79.0 600.0
80.0 247.5
81.0 42.5
82.0 58.0
83.0 473.0
84.0 605.0
85.0 440.0
86.0 493.5
87.0 433.5
88.0 420.5
89.0 458.0
90.0 415.5
91.0 405.0
92.0 381.0
93.0 386.0
94.0 346.5
95.0 324.5
96.0 230.5
97.0 271.5
98.0 481.0
99.0 690.0
100.0 735.0
101.0 305.5
102.0 525.0
103.0 473.5
104.0 695.0
105.0 494.0
106.0 419.5
107.0 219.0
108.0 61.5
109.0 62.5
110.0 150.5
111.0 59.5
112.0 57.0
113.0 510.0
114.0 680.0
115.0 695.0
116.0 530.0
117.0 540.0
118.0 660.0
119.0 820.0
120.0 695.0
121.0 820.0
122.0 396.5
123.0 775.0
124.0 835.0
125.0 815.0
126.0 765.0
127.0 500.0
128.0 402.5
129.0 525.0
130.0 515.0
131.0 273.0
132.0 57.5
133.0 48.0
134.0 294.5
135.0 179.5
136.0 182.5
137.0 116.0
138.0 44.5
139.0 10.0
140.0 2.0
141.0 17.5
142.0 10.5
143.0 59.0
144.0 57.0
145.0 144.5
146.0 145.0
147.0 310.0
148.0 361.0
149.0 352.5
150.0 388.5
151.0 383.5
152.0 383.5
153.0 358.5
154.0 375.0
155.0 423.0
156.0 462.5
157.0 142.0
158.0 263.5
159.0 467.5
160.0 470.0
161.0 462.5
162.0 430.5
163.0 474.0
164.0 515.0
165.0 445.0
166.0 412.0
167.0 447.0
168.0 410.5
169.0 450.5
170.0 409.0
171.0 515.0
172.0 520.0
173.0 535.0
174.0 515.0
175.0 600.0
176.0 496.0
177.0 11.0
178.0 0.0
179.0 0.0
180.0 0.0
181.0 0.0
182.0 1.5
183.0 44.0
184.0 55.0
185.0 55.0
186.0 60.5
187.0 59.0
188.0 62.0
189.0 47.0
190.0 56.0
191.0 60.0
192.0 62.5
193.0 52.5
194.0 60.5
195.0 58.0
196.0 47.0
197.0 45.0
198.0 49.5
199.0 56.5
200.0 300.0
201.0 412.0
202.0 414.5
203.0 311.5
204.0 284.0
205.0 335.5
206.0 286.5
207.0 156.0
208.0 0.0
209.0 280.0
210.0 377.0
211.0 385.0
212.0 428.0
213.0 480.5
214.0 505.0
215.0 491.5
216.0 488.0
217.0 436.5
218.0 510.0
219.0 441.0
220.0 540.0
221.0 456.0
222.0 457.0
223.0 555.0
224.0 436.0
225.0 487.5
226.0 525.0
227.0 382.0
228.0 500.0
229.0 545.0
230.0 560.0
231.0 635.0
232.0 545.0
233.0 530.0
234.0 555.0
235.0 560.0
236.0 442.0
237.0 585.0
238.0 545.0
239.0 560.0
240.0 510.0
241.0 590.0
242.0 620.0
243.0 540.0
244.0 452.0
245.0 520.0
246.0 530.0
247.0 472.0
248.0 505.0
249.0 605.0
250.0 494.5
251.0 469.5
252.0 515.0
253.0 257.5
254.0 60.0
255.0 60.5
256.0 42.0
257.0 56.0
258.0 52.0
259.0 62.0
260.0 43.5
261.0 362.0
262.0 395.0
263.0 297.0
264.0 387.5
265.0 361.0
266.0 384.5
267.0 394.5
268.0 332.5
269.0 386.0
270.0 400.5
271.0 364.0
272.0 410.0
273.0 390.0
274.0 432.5
275.0 440.0
276.0 431.0
277.0 433.5
278.0 492.0
279.0 515.0
280.0 525.0
281.0 540.0
282.0 535.0
283.0 560.0
284.0 555.0
285.0 494.5
286.0 520.0
287.0 530.0
288.0 560.0
289.0 449.0
290.0 520.0
291.0 635.0
292.0 565.0
293.0 470.0
294.0 497.0
295.0 483.5
296.0 466.0
297.0 398.0
298.0 450.0
299.0 498.5
300.0 483.5
301.0 451.5
302.0 415.5
303.0 487.0
304.0 480.5
305.0 457.5
306.0 463.0
307.0 411.5
308.0 440.5
309.0 431.5
310.0 228.5
311.0 49.5
312.0 58.0
313.0 339.5
314.0 470.0
315.0 464.0
316.0 520.0
317.0 525.0
318.0 535.0
319.0 545.0
320.0 525.0
321.0 515.0
322.0 525.0
323.0 530.0
324.0 510.0
325.0 540.0
326.0 590.0
327.0 540.0
328.0 464.0
329.0 540.0
330.0 570.0
331.0 540.0
332.0 452.5
333.0 540.0
334.0 382.0
335.0 560.0
336.0 575.0
337.0 540.0
338.0 490.5
339.0 540.0
340.0 471.5
341.0 498.0
342.0 460.0
343.0 464.0
344.0 332.0
345.0 58.0
346.0 62.0
347.0 354.0
348.0 449.0
349.0 399.0
350.0 530.0
351.0 57.5
352.0 44.5
353.0 252.5
354.0 381.0
355.0 414.0
356.0 505.0
357.0 565.0
358.0 605.0
359.0 483.5
360.0 570.0
361.0 755.0
362.0 535.0
363.0 478.0
364.0 655.0
365.0 670.0
366.0 520.0
367.0 720.0
368.0 675.0
369.0 467.0
370.0 715.0
371.0 720.0
372.0 535.0
373.0 610.0
374.0 650.0
375.0 765.0
376.0 461.5
377.0 720.0
378.0 550.0
379.0 520.0
380.0 700.0
381.0 745.0
382.0 456.0
383.0 565.0
384.0 715.0
385.0 635.0
386.0 515.0
387.0 655.0
388.0 745.0
389.0 615.0
390.0 434.5
391.0 410.0
392.0 281.5
393.0 458.0
394.0 540.0
395.0 328.5
396.0 345.0
397.0 358.0
398.0 403.5
399.0 388.0
400.0 2.0
401.0 0.0
402.0 0.0
403.0 0.0
404.0 0.0
405.0 2.0
406.0 57.0
407.0 56.5
408.0 2.5
409.0 3.5
410.0 11.5
411.0 17.0
412.0 17.0
413.0 17.5
414.0 5.5
415.0 14.0
416.0 1.5
417.0 5.5
418.0 7.0
419.0 76.0
420.0 40.0
421.0 19.5
422.0 34.5
423.0 24.5
424.0 25.0
425.0 23.5
426.0 44.0
427.0 53.5
428.0 40.0
429.0 63.5
430.0 66.0
431.0 91.0
432.0 212.0
433.0 274.5
434.0 294.0
435.0 292.5
436.0 296.5
437.0 334.0
438.0 323.0
439.0 294.5
440.0 323.0
441.0 286.0
442.0 328.0
443.0 326.0
444.0 270.0
445.0 257.0
446.0 339.5
447.0 385.0
448.0 380.0
449.0 370.5
450.0 416.5
451.0 426.0
452.0 408.5
453.0 493.0
454.0 452.0
455.0 515.0
456.0 505.0
457.0 515.0
458.0 705.0
459.0 560.0
460.0 560.0
461.0 406.5
462.0 575.0
463.0 505.0
464.0 540.0
465.0 510.0
466.0 575.0
467.0 510.0
468.0 323.0
469.0 494.0
470.0 485.0
471.0 458.0
472.0 474.5
473.0 420.5
474.0 364.0
475.0 187.5
476.0 0.0
477.0 0.0
478.0 52.5
479.0 57.0
480.0 66.0
481.0 246.5
482.0 336.5
483.0 377.5
484.0 338.0
485.0 143.5
486.0 0.0
487.0 0.0
488.0 55.5
489.0 58.5
490.0 56.0
491.0 45.5
492.0 53.0
493.0 62.0
494.0 53.0
495.0 60.5
496.0 43.0
497.0 50.0
498.0 59.5
499.0 40.0
500.0 5.5
501.0 39.5
502.0 55.0
503.0 46.5
504.0 61.5
505.0 61.5
506.0 42.0
507.0 52.0
508.0 57.0
509.0 60.5
510.0 46.5
511.0 61.0
512.0 52.0
513.0 60.0
514.0 50.5
515.0 41.5
516.0 48.0
517.0 44.0
518.0 54.0
519.0 115.0
520.0 261.5
521.0 278.0
522.0 302.5
523.0 240.0
524.0 144.5
525.0 113.5
526.0 252.5
527.0 278.0
528.0 282.0
529.0 314.5
530.0 294.5
531.0 189.0
532.0 251.0
533.0 327.0
534.0 345.0
535.0 445.0
536.0 422.0
537.0 469.5
538.0 324.5
539.0 0.0
540.0 0.0
541.0 57.5
542.0 51.5
543.0 263.0
544.0 308.5
545.0 350.5
546.0 344.0
547.0 488.5
548.0 424.5
549.0 535.0
550.0 454.5
551.0 505.0
552.0 515.0
553.0 595.0
554.0 610.0
555.0 635.0
556.0 525.0
557.0 650.0
558.0 355.0
559.0 620.0
560.0 397.0
561.0 655.0
562.0 635.0
563.0 377.0
564.0 655.0
565.0 645.0
566.0 379.5
567.0 615.0
568.0 670.0
569.0 660.0
570.0 695.0
571.0 630.0
572.0 650.0
573.0 464.5
574.0 580.0
575.0 680.0
576.0 464.0
577.0 610.0
578.0 560.0
579.0 505.0
580.0 610.0
581.0 470.5
582.0 496.5
583.0 474.5
584.0 473.0
585.0 498.5
586.0 468.0
587.0 344.0
588.0 197.0
589.0 57.0
590.0 25.5
591.0 1.5
592.0 28.0
593.0 54.0
594.0 31.0
595.0 30.0
596.0 22.0
597.0 27.5
598.0 41.0
599.0 38.0
600.0 47.5
601.0 65.5
602.0 47.5
603.0 104.0
604.0 151.5
605.0 194.5
606.0 229.5
607.0 217.5
608.0 244.0
609.0 266.5
610.0 273.0
611.0 80.5
612.0 242.0
613.0 264.5
614.0 157.0
615.0 38.5
616.0 61.0
617.0 296.0
618.0 343.0
619.0 328.0
620.0 377.0
621.0 371.5
622.0 413.5
623.0 299.0
624.0 343.0
625.0 397.5
626.0 432.0
627.0 411.0
628.0 484.0
629.0 489.5
630.0 452.0
631.0 446.0
632.0 510.0
633.0 430.0
634.0 383.0
635.0 416.0
636.0 53.5
637.0 284.0
638.0 343.0
639.0 308.5
640.0 103.5
641.0 0.0
642.0 37.0
643.0 53.0
644.0 129.5
645.0 163.5
646.0 90.0
647.0 216.5
648.0 42.5
649.0 68.5
650.0 22.5
651.0 57.5
652.0 48.0
653.0 110.5
654.0 183.0
655.0 228.5
656.0 252.5
657.0 226.0
658.0 241.5
659.0 229.0
660.0 246.0
661.0 255.0
662.0 257.5
663.0 244.0
664.0 271.0
665.0 272.0
666.0 298.0
667.0 315.5
668.0 310.0
669.0 327.5
670.0 339.5
671.0 373.0
672.0 351.5
673.0 291.0
674.0 288.5
675.0 381.0
676.0 334.5
677.0 381.0
678.0 380.0
679.0 433.5
680.0 423.5
681.0 463.5
682.0 272.0
683.0 337.5
684.0 373.0
685.0 463.5
686.0 353.0
687.0 251.0
688.0 422.0
689.0 487.0
690.0 460.0
691.0 490.0
692.0 585.0
693.0 565.0
694.0 296.0
695.0 355.0
696.0 337.0
697.0 325.0
698.0 348.5
699.0 274.5
700.0 336.5
701.0 299.0
702.0 341.0
703.0 245.0
704.0 254.5
705.0 335.5
706.0 403.0
707.0 291.0
708.0 365.0
709.0 396.5
710.0 385.0
711.0 379.5
712.0 376.5
713.0 299.0
714.0 419.5
715.0 329.0
716.0 332.5
717.0 379.5
718.0 290.5
719.0 301.0
720.0 269.5
721.0 374.5
722.0 394.0
723.0 530.0
724.0 383.0
725.0 520.0
726.0 520.0
727.0 494.5
728.0 408.0
729.0 491.5
730.0 550.0
731.0 433.5
732.0 560.0
733.0 478.5
734.0 249.5
735.0 19.5
736.0 202.5
737.0 242.5
738.0 359.5
739.0 327.0
740.0 324.5
741.0 391.0
742.0 327.0
743.0 420.0
744.0 387.5
745.0 408.5
746.0 391.5
747.0 275.5
748.0 366.5
749.0 433.5
750.0 440.0
751.0 382.5
752.0 392.0
753.0 480.5
754.0 432.5
755.0 425.5
756.0 320.0
757.0 1.0
758.0 38.5
759.0 62.0
760.0 262.0
761.0 421.5
762.0 430.5
763.0 436.0
764.0 433.5
765.0 520.0
766.0 419.0
767.0 440.0
768.0 428.5
769.0 595.0
770.0 451.5
771.0 540.0
772.0 380.0
773.0 431.5
774.0 525.0
775.0 227.0
776.0 60.0
777.0 61.5
778.0 61.5
779.0 57.5
780.0 58.5
781.0 42.5
782.0 393.0
783.0 454.0
784.0 390.0
785.0 354.0
786.0 246.5
787.0 392.5
788.0 193.0
789.0 221.5
790.0 24.0
791.0 3.5
792.0 51.0
793.0 39.5
794.0 194.5
795.0 229.5
796.0 287.5
797.0 243.5
798.0 299.5
799.0 254.0
