1.0 28.0
2.0 54.0
3.0 119.0
4.0 151.5
5.0 26.5
6.0 16.0
7.0 17.0
8.0 1.5
9.0 62.0
10.0 91.5
11.0 121.0
12.0 97.0
13.0 13.0
14.0 0.0
15.0 56.5
16.0 53.5
17.0 43.0
18.0 53.0
19.0 58.0
20.0 53.0
21.0 60.0
22.0 51.5
23.0 45.5
24.0 114.0
25.0 137.5
26.0 145.0
27.0 11.5
28.0 7.5
29.0 5.0
30.0 28.0
31.0 52.0
32.0 61.5
33.0 149.0
34.0 200.0
35.0 204.0
36.0 246.0
37.0 225.5
38.0 46.5
39.0 1.0
40.0 7.0
41.0 13.0
42.0 15.0
43.0 15.0
44.0 12.5
45.0 60.5
46.0 57.5
47.0 61.0
48.0 51.5
49.0 46.0
50.0 50.5
51.0 61.0
52.0 58.0
53.0 57.0
54.0 58.0
55.0 58.5
56.0 49.5
57.0 46.0
58.0 48.0
59.0 52.5
60.0 52.0
61.0 52.0
62.0 60.5
63.0 52.0
64.0 48.0
65.0 58.0
66.0 60.0
67.0 48.0
68.0 59.0
69.0 49.0
70.0 54.5
71.0 52.0
72.0 50.5
73.0 57.5
74.0 53.5
75.0 41.5
76.0 61.0
77.0 60.0
78.0 61.0
79.0 62.5
80.0 59.0
81.0 58.5
82.0 46.0
83.0 53.0
84.0 56.5
85.0 50.0
86.0 55.5
87.0 54.5
88.0 57.5
89.0 68.0
90.0 98.5
91.0 116.0
92.0 111.5
93.0 117.5
94.0 141.5
95.0 126.0
96.0 146.0
97.0 207.0
98.0 207.0
99.0 220.0
100.0 289.5
101.0 278.0
102.0 303.5
103.0 304.5
104.0 466.5
105.0 365.5
106.0 499.0
107.0 480.0
108.0 421.5
109.0 477.5
110.0 630.0
111.0 705.0
112.0 655.0
113.0 363.0
114.0 344.5
115.0 428.5
116.0 49.5
117.0 147.5
118.0 63.5
119.0 2.0
120.0 4.5
121.0 17.0
122.0 19.5
123.0 23.0
124.0 45.0
125.0 62.0
126.0 152.5
127.0 198.0
128.0 227.5
129.0 253.0
130.0 220.0
131.0 230.5
132.0 225.5
133.0 258.5
134.0 247.0
135.0 252.0
136.0 274.0
137.0 303.0
138.0 283.5
139.0 239.0
140.0 253.0
141.0 255.0
142.0 290.5
143.0 293.5
144.0 270.5
145.0 266.0
146.0 325.0
147.0 330.5
148.0 275.0
149.0 372.0
150.0 306.5
151.0 283.0
152.0 320.5
153.0 322.0
154.0 347.5
155.0 354.0
156.0 338.0
157.0 333.5
158.0 338.5
159.0 365.0
160.0 77.5
161.0 0.0
162.0 0.0
163.0 18.5
164.0 51.0
165.0 56.5
166.0 271.5
167.0 457.0
168.0 500.0
169.0 580.0
170.0 545.0
171.0 640.0
172.0 680.0
173.0 491.0
174.0 318.0
175.0 203.5
176.0 38.5
177.0 8.0
178.0 4.0
179.0 18.0
180.0 34.5
181.0 4.0
182.0 43.5
183.0 60.5
184.0 128.0
185.0 211.0
186.0 84.0
187.0 9.5
188.0 5.0
189.0 4.5
190.0 20.5
191.0 8.5
192.0 57.0
193.0 56.5
194.0 157.5
195.0 177.5
196.0 178.5
197.0 229.0
198.0 202.5
199.0 258.0
200.0 208.5
201.0 268.0
202.0 326.0
203.0 299.5
204.0 251.0
205.0 86.5
206.0 25.5
207.0 167.5
208.0 20.0
209.0 66.0
210.0 2.0
211.0 0.5
212.0 0.0
213.0 4.5
214.0 49.5
215.0 42.0
216.0 60.5
217.0 74.0
218.0 90.0
219.0 95.0
220.0 133.5
221.0 174.5
222.0 169.5
223.0 233.0
224.0 253.5
225.0 291.5
226.0 251.5
227.0 255.5
228.0 262.0
229.0 307.5
230.0 285.0
231.0 340.0
232.0 278.0
233.0 338.5
234.0 408.0
235.0 412.5
236.0 457.0
237.0 476.5
238.0 410.5
239.0 331.0
240.0 311.0
241.0 342.5
242.0 383.0
243.0 341.0
244.0 301.0
245.0 209.5
246.0 277.5
247.0 134.0
248.0 0.5
249.0 0.0
250.0 54.0
