1.0 20.5
2.0 39.0
3.0 48.5
4.0 73.0
5.0 54.5
6.0 25.5
7.0 19.0
8.0 37.5
9.0 44.0
10.0 62.5
11.0 57.5
12.0 55.5
13.0 51.5
14.0 61.5
15.0 53.5
16.0 49.5
17.0 49.0
18.0 58.0
19.0 46.0
20.0 61.0
21.0 44.0
22.0 228.5
23.0 279.0
24.0 138.5
25.0 40.5
26.0 61.0
27.0 50.0
28.0 52.5
29.0 68.5
30.0 110.5
31.0 184.0
32.0 282.5
33.0 326.0
34.0 358.0
35.0 385.5
36.0 210.0
37.0 39.0
38.0 1.5
39.0 0.5
40.0 17.5
41.0 6.5
42.0 41.0
43.0 59.5
44.0 58.0
45.0 51.0
46.0 48.5
47.0 40.5
48.0 42.0
49.0 55.5
50.0 61.0
51.0 56.5
52.0 51.0
53.0 61.5
54.0 41.5
55.0 55.5
56.0 43.5
57.0 61.0
58.0 58.0
59.0 40.0
60.0 59.0
61.0 59.0
62.0 53.0
63.0 61.5
64.0 46.5
65.0 60.0
66.0 47.0
67.0 56.5
68.0 60.0
69.0 50.0
70.0 54.5
71.0 49.5
72.0 49.5
73.0 62.5
74.0 61.5
75.0 34.5
76.0 46.5
77.0 56.5
78.0 81.0
79.0 103.0
80.0 152.5
81.0 203.5
82.0 232.5
83.0 227.0
84.0 168.0
85.0 40.0
86.0 164.0
87.0 199.0
88.0 216.5
89.0 69.0
90.0 17.5
91.0 16.0
92.0 60.5
93.0 62.5
94.0 127.0
95.0 128.5
96.0 175.0
97.0 184.5
98.0 193.5
99.0 186.5
100.0 198.0
101.0 196.0
102.0 236.5
103.0 250.5
104.0 248.0
105.0 278.0
106.0 285.5
107.0 294.5
108.0 294.0
109.0 359.5
110.0 343.5
111.0 281.5
112.0 343.0
113.0 374.0
114.0 431.5
115.0 319.5
116.0 298.5
117.0 366.5
118.0 387.5
119.0 371.0
120.0 380.5
121.0 351.5
122.0 338.5
123.0 218.5
124.0 112.0
125.0 223.0
126.0 190.0
127.0 13.5
128.0 3.0
129.0 0.0
130.0 19.0
131.0 18.5
132.0 8.0
133.0 23.5
134.0 25.5
135.0 62.0
136.0 59.0
137.0 260.0
138.0 301.5
139.0 252.0
140.0 230.5
141.0 270.0
142.0 222.5
143.0 47.0
144.0 1.0
145.0 15.5
146.0 7.5
147.0 28.0
148.0 37.5
149.0 51.5
150.0 47.0
151.0 99.0
152.0 122.5
153.0 70.0
154.0 39.0
155.0 58.0
156.0 111.0
157.0 131.5
158.0 128.5
159.0 148.0
160.0 140.0
161.0 160.5
162.0 141.5
163.0 129.5
164.0 152.5
165.0 179.5
166.0 162.5
167.0 191.0
168.0 179.5
169.0 212.5
170.0 226.0
171.0 220.0
172.0 228.5
173.0 247.5
174.0 235.5
175.0 278.5
176.0 302.0
177.0 293.5
178.0 334.0
179.0 415.0
180.0 388.5
181.0 505.0
182.0 351.0
183.0 395.0
184.0 370.0
185.0 361.5
186.0 423.0
187.0 410.0
188.0 340.0
189.0 202.0
190.0 1.0
191.0 17.5
192.0 10.5
193.0 40.5
194.0 3.5
195.0 2.0
196.0 0.0
197.0 51.5
198.0 58.5
199.0 102.5
200.0 79.5
201.0 98.5
202.0 127.0
203.0 131.5
204.0 136.5
205.0 11.0
206.0 0.0
207.0 0.0
208.0 1.0
209.0 0.0
210.0 2.0
211.0 0.0
212.0 6.0
213.0 2.0
214.0 0.0
215.0 37.5
216.0 51.5
217.0 56.0
218.0 50.5
219.0 53.0
220.0 45.0
221.0 54.0
222.0 60.5
223.0 47.5
224.0 55.5
225.0 52.0
226.0 45.0
227.0 45.0
228.0 47.5
229.0 60.0
230.0 42.5
231.0 55.5
232.0 60.0
233.0 49.0
234.0 56.5
235.0 56.5
236.0 62.5
237.0 48.0
238.0 58.5
239.0 62.0
240.0 56.5
241.0 56.0
242.0 55.0
243.0 62.0
244.0 55.5
245.0 54.0
246.0 58.5
247.0 60.5
248.0 56.5
249.0 59.0
250.0 61.5
