1.0 140.0
2.0 147.0
3.0 153.5
4.0 197.0
5.0 160.0
6.0 172.5
7.0 213.5
8.0 212.0
9.0 196.5
10.0 220.5
11.0 191.5
12.0 190.0
13.0 232.0
14.0 188.5
15.0 195.0
16.0 190.0
17.0 267.5
18.0 278.5
19.0 184.5
20.0 288.5
21.0 179.5
22.0 271.0
23.0 254.0
24.0 307.5
25.0 319.0
26.0 266.5
27.0 296.5
28.0 229.0
29.0 155.0
30.0 280.0
31.0 238.5
32.0 234.5
33.0 141.5
34.0 97.0
35.0 60.0
36.0 42.5
37.0 49.0
38.0 171.5
39.0 206.0
40.0 178.5
41.0 162.0
42.0 213.5
43.0 190.0
44.0 178.5
45.0 223.0
46.0 184.5
47.0 157.5
48.0 171.5
49.0 178.5
50.0 167.5
51.0 156.0
52.0 251.5
53.0 75.5
54.0 47.0
55.0 133.5
56.0 168.5
57.0 216.5
58.0 313.5
59.0 280.0
60.0 319.5
61.0 283.5
62.0 153.0
63.0 224.5
64.0 257.0
65.0 250.5
66.0 254.5
67.0 315.5
68.0 292.5
69.0 284.0
70.0 288.0
71.0 278.0
72.0 301.0
73.0 295.5
74.0 316.0
75.0 319.5
76.0 312.5
77.0 240.5
78.0 111.5
79.0 202.0
80.0 210.0
81.0 51.5
82.0 50.5
83.0 51.5
84.0 54.0
85.0 53.5
86.0 52.0
87.0 62.0
88.0 57.5
89.0 49.0
90.0 62.5
91.0 61.5
92.0 51.0
93.0 61.0
94.0 55.5
95.0 59.5
96.0 62.0
97.0 57.5
98.0 56.0
99.0 62.5
100.0 60.0
101.0 62.5
102.0 59.0
103.0 51.0
104.0 55.0
105.0 53.5
106.0 54.0
107.0 62.5
108.0 56.0
109.0 47.0
110.0 59.0
111.0 59.5
112.0 62.0
113.0 85.5
114.0 35.0
115.0 34.5
116.0 98.5
117.0 173.0
118.0 191.5
119.0 156.0
120.0 139.0
121.0 180.5
122.0 199.5
123.0 198.5
124.0 169.0
125.0 95.0
126.0 119.5
127.0 177.5
128.0 214.5
129.0 206.5
130.0 180.0
131.0 165.0
132.0 188.5
133.0 229.0
134.0 250.0
135.0 240.5
136.0 211.0
137.0 209.0
138.0 334.0
139.0 268.5
140.0 201.0
141.0 169.5
142.0 62.0
143.0 55.5
144.0 61.5
145.0 60.5
146.0 52.5
147.0 61.0
148.0 49.5
149.0 59.0
150.0 52.5
151.0 60.5
152.0 44.5
153.0 51.0
154.0 55.5
155.0 40.0
156.0 60.0
157.0 56.5
158.0 57.0
159.0 59.0
160.0 53.0
161.0 60.0
162.0 60.0
163.0 44.5
164.0 59.5
165.0 50.5
166.0 37.5
167.0 61.5
168.0 51.0
169.0 57.5
170.0 54.0
171.0 53.0
172.0 60.0
173.0 74.5
174.0 33.0
175.0 33.0
176.0 47.5
177.0 17.0
178.0 33.5
179.0 12.5
180.0 2.5
181.0 2.0
182.0 2.5
183.0 7.5
184.0 7.0
185.0 6.5
186.0 4.5
187.0 19.0
188.0 1.5
189.0 4.5
190.0 6.5
191.0 6.5
192.0 8.5
193.0 8.5
194.0 7.5
195.0 6.5
196.0 8.0
197.0 0.0
198.0 0.0
199.0 4.0
200.0 0.0
201.0 2.5
202.0 9.5
203.0 2.5
204.0 2.0
205.0 2.5
206.0 1.0
207.0 3.5
208.0 4.0
209.0 5.5
210.0 4.0
211.0 13.5
212.0 11.0
213.0 6.0
214.0 7.0
215.0 8.5
216.0 10.5
217.0 18.0
218.0 3.0
219.0 7.0
220.0 20.0
221.0 0.5
222.0 44.0
223.0 54.5
224.0 34.5
225.0 66.5
226.0 98.5
227.0 142.5
228.0 153.5
229.0 151.0
230.0 166.0
231.0 175.0
232.0 139.0
233.0 179.5
234.0 181.0
235.0 168.0
236.0 168.0
237.0 197.5
238.0 169.5
239.0 161.5
240.0 156.0
241.0 180.5
242.0 265.0
243.0 175.0
244.0 232.5
245.0 49.0
246.0 37.0
247.0 175.5
248.0 174.5
249.0 99.0
250.0 2.0
251.0 12.0
252.0 7.5
253.0 148.5
254.0 195.0
255.0 121.0
256.0 151.0
257.0 165.5
258.0 190.5
259.0 171.0
260.0 28.5
261.0 78.5
262.0 31.0
263.0 15.5
264.0 67.0
265.0 7.5
266.0 24.5
267.0 7.5
268.0 17.0
269.0 15.5
270.0 62.5
271.0 47.5
272.0 115.0
273.0 146.5
274.0 140.0
275.0 153.5
276.0 156.5
277.0 152.5
278.0 161.0
279.0 152.0
280.0 160.0
281.0 170.0
282.0 169.5
283.0 172.0
284.0 208.5
285.0 182.0
286.0 200.5
287.0 221.0
288.0 192.0
289.0 220.5
290.0 211.5
291.0 204.0
292.0 235.5
293.0 312.5
294.0 226.0
295.0 155.0
296.0 243.0
297.0 322.0
298.0 313.0
299.0 281.0
300.0 179.5
301.0 5.5
302.0 0.0
303.0 0.0
304.0 0.0
305.0 0.0
306.0 40.5
307.0 51.5
308.0 56.5
309.0 143.5
310.0 177.5
311.0 181.5
312.0 185.5
313.0 113.0
314.0 2.0
315.0 0.0
316.0 44.0
317.0 41.5
318.0 0.0
319.0 17.0
320.0 177.0
321.0 228.5
322.0 245.0
323.0 271.5
324.0 216.5
325.0 206.0
326.0 303.5
327.0 229.5
328.0 186.0
329.0 165.5
330.0 208.0
331.0 66.0
332.0 106.0
333.0 98.5
334.0 5.5
335.0 0.0
336.0 0.0
337.0 0.5
338.0 2.0
339.0 1.5
340.0 58.5
341.0 54.5
342.0 122.0
343.0 156.5
344.0 171.0
345.0 168.5
346.0 166.5
347.0 177.0
348.0 180.0
349.0 169.5
350.0 172.5
351.0 214.5
352.0 182.0
353.0 198.5
354.0 186.0
355.0 190.0
356.0 163.0
357.0 170.5
358.0 159.5
359.0 167.0
360.0 309.0
361.0 300.5
362.0 278.0
363.0 331.5
364.0 346.0
365.0 341.5
366.0 225.0
367.0 169.0
368.0 177.5
369.0 228.5
370.0 322.5
371.0 310.5
372.0 327.0
373.0 338.0
374.0 355.0
375.0 333.5
376.0 333.0
377.0 325.0
378.0 332.5
379.0 337.0
380.0 365.5
381.0 368.5
382.0 320.0
383.0 272.0
384.0 185.0
385.0 246.0
386.0 205.5
387.0 310.0
388.0 320.5
389.0 347.0
390.0 252.5
391.0 329.5
392.0 340.5
393.0 350.0
394.0 377.0
395.0 351.0
396.0 332.5
397.0 353.5
398.0 399.0
399.0 363.5
400.0 339.5
401.0 341.0
402.0 333.5
403.0 334.0
404.0 323.5
405.0 202.5
406.0 164.0
407.0 199.0
408.0 194.5
409.0 174.5
410.0 208.5
411.0 173.0
412.0 189.5
413.0 328.0
414.0 221.5
415.0 208.0
416.0 318.0
417.0 304.0
418.0 143.0
419.0 43.0
420.0 178.5
421.0 35.5
422.0 9.5
423.0 2.0
424.0 1.0
425.0 47.5
426.0 57.0
427.0 61.0
428.0 60.0
429.0 59.0
430.0 30.5
431.0 78.5
432.0 97.0
433.0 125.5
434.0 137.5
435.0 151.0
436.0 158.0
437.0 183.5
438.0 205.5
439.0 176.5
440.0 200.5
441.0 199.0
442.0 159.5
443.0 156.0
444.0 160.0
445.0 213.5
446.0 308.5
447.0 317.5
448.0 260.0
449.0 251.5
450.0 168.0
451.0 169.5
452.0 309.5
453.0 309.5
454.0 290.5
455.0 323.0
456.0 335.5
457.0 344.0
458.0 169.0
459.0 276.5
460.0 302.5
461.0 319.0
462.0 326.0
463.0 337.5
464.0 347.5
465.0 332.0
466.0 253.5
467.0 236.0
468.0 249.5
469.0 280.5
470.0 322.0
471.0 340.5
472.0 330.5
473.0 304.5
474.0 310.5
475.0 274.0
476.0 336.0
477.0 318.5
478.0 305.0
479.0 326.0
480.0 299.5
481.0 309.0
482.0 320.5
483.0 235.5
484.0 278.0
485.0 349.0
486.0 326.0
487.0 341.5
488.0 333.0
489.0 339.5
490.0 343.5
491.0 326.5
492.0 336.0
493.0 335.0
494.0 341.5
495.0 342.0
496.0 350.5
497.0 353.5
498.0 351.0
499.0 295.5
500.0 222.0
501.0 242.0
502.0 326.0
503.0 336.5
504.0 335.5
505.0 290.0
506.0 339.5
507.0 219.5
508.0 49.5
509.0 60.5
510.0 59.0
511.0 52.0
512.0 56.5
513.0 46.5
514.0 53.0
515.0 57.5
516.0 56.5
517.0 52.0
518.0 52.0
519.0 57.5
520.0 58.0
521.0 61.5
522.0 62.5
523.0 53.5
524.0 60.0
525.0 59.0
526.0 54.0
527.0 58.5
528.0 53.0
529.0 58.0
530.0 56.0
531.0 58.5
532.0 42.5
533.0 60.0
534.0 54.0
535.0 61.0
536.0 52.0
537.0 56.0
538.0 62.5
539.0 50.0
540.0 58.5
541.0 39.0
542.0 56.0
543.0 58.5
544.0 49.0
545.0 55.5
546.0 62.5
547.0 40.5
548.0 59.5
549.0 46.0
550.0 52.0
551.0 52.0
552.0 59.5
553.0 58.5
554.0 54.5
555.0 54.5
556.0 58.0
557.0 52.5
558.0 57.0
559.0 58.0
560.0 54.5
561.0 40.5
562.0 47.5
563.0 53.0
564.0 53.5
565.0 56.0
566.0 50.5
567.0 50.5
568.0 44.5
569.0 55.5
570.0 50.0
571.0 50.5
572.0 62.0
573.0 41.5
574.0 51.0
575.0 58.5
576.0 57.5
577.0 49.0
578.0 58.0
579.0 56.5
580.0 59.0
581.0 56.0
582.0 58.5
583.0 61.5
584.0 61.5
585.0 44.5
586.0 62.0
587.0 62.0
588.0 50.5
589.0 62.5
590.0 49.5
591.0 48.0
592.0 58.5
593.0 58.0
594.0 59.5
595.0 44.5
596.0 44.5
597.0 56.0
598.0 55.5
599.0 58.0
600.0 50.5
601.0 59.0
602.0 59.5
603.0 61.0
604.0 53.0
605.0 56.5
606.0 54.0
607.0 62.0
608.0 61.5
609.0 42.5
610.0 50.0
611.0 54.0
612.0 58.5
613.0 59.5
614.0 41.0
615.0 68.5
616.0 116.0
617.0 77.0
618.0 114.5
619.0 163.0
620.0 169.5
621.0 102.5
622.0 112.5
623.0 174.0
624.0 209.0
625.0 237.0
626.0 259.5
627.0 248.5
628.0 272.5
629.0 266.5
630.0 264.5
631.0 240.0
632.0 288.0
633.0 273.0
634.0 293.0
635.0 288.5
636.0 295.5
637.0 264.5
638.0 216.5
639.0 203.5
640.0 275.5
641.0 320.5
642.0 297.5
643.0 273.0
644.0 274.5
645.0 298.5
646.0 298.0
647.0 446.5
648.0 328.5
649.0 332.0
650.0 307.0
651.0 276.0
652.0 281.0
653.0 431.0
654.0 540.0
655.0 362.5
656.0 193.5
657.0 228.5
658.0 254.0
659.0 23.5
660.0 3.5
661.0 0.0
662.0 0.0
663.0 38.5
664.0 52.5
665.0 47.0
666.0 48.0
667.0 44.0
668.0 47.5
669.0 58.5
670.0 45.0
671.0 56.5
672.0 60.0
673.0 62.0
674.0 56.5
675.0 62.5
676.0 62.0
677.0 45.5
678.0 56.0
679.0 52.5
680.0 53.5
681.0 58.5
682.0 0.0
683.0 0.0
684.0 0.0
685.0 0.0
686.0 0.0
687.0 60.0
688.0 58.0
689.0 62.5
690.0 61.5
691.0 61.0
692.0 54.5
693.0 54.0
694.0 50.5
695.0 55.5
696.0 54.0
697.0 60.5
698.0 48.0
699.0 45.5
700.0 60.5
701.0 75.0
702.0 122.5
703.0 100.5
704.0 149.5
705.0 154.5
706.0 182.5
707.0 191.0
708.0 170.5
709.0 181.0
710.0 210.5
711.0 214.5
712.0 229.5
713.0 128.5
714.0 0.0
715.0 0.0
716.0 56.0
717.0 58.5
718.0 46.0
719.0 52.5
720.0 52.5
721.0 57.5
722.0 51.5
723.0 62.0
724.0 47.5
725.0 56.5
726.0 61.5
727.0 58.5
728.0 61.0
729.0 57.5
730.0 61.0
731.0 47.5
732.0 53.5
733.0 53.5
734.0 62.0
735.0 58.5
736.0 48.5
737.0 57.0
738.0 59.0
739.0 51.5
740.0 48.0
741.0 51.0
742.0 62.0
743.0 62.0
744.0 59.5
745.0 51.0
746.0 49.0
747.0 51.5
748.0 54.0
749.0 45.0
750.0 48.5
751.0 58.0
752.0 55.5
753.0 49.5
754.0 59.0
755.0 53.0
756.0 56.0
757.0 58.0
758.0 57.0
759.0 56.0
760.0 58.5
761.0 58.0
762.0 47.5
763.0 39.5
764.0 48.5
765.0 41.0
766.0 60.0
767.0 61.0
768.0 56.5
769.0 57.5
770.0 54.5
771.0 54.0
772.0 62.5
773.0 60.0
774.0 53.0
775.0 58.5
776.0 60.0
777.0 47.0
778.0 54.5
779.0 62.5
780.0 52.5
781.0 46.0
782.0 43.5
783.0 68.5
