1.0 53.0
2.0 46.0
3.0 51.0
4.0 55.0
5.0 52.5
6.0 60.0
7.0 54.5
8.0 41.5
9.0 50.5
10.0 62.0
11.0 9.0
12.0 8.0
13.0 5.5
14.0 6.0
15.0 10.0
16.0 11.5
17.0 23.5
18.0 20.5
19.0 4.0
20.0 8.0
21.0 13.0
22.0 15.0
23.0 5.0
24.0 1.5
25.0 44.0
26.0 56.5
27.0 56.5
28.0 53.0
29.0 22.5
30.0 29.5
31.0 32.5
32.0 35.0
33.0 25.0
34.0 19.5
35.0 11.0
36.0 52.0
37.0 59.5
38.0 50.5
39.0 50.5
40.0 36.0
41.0 39.0
42.0 41.0
43.0 41.0
44.0 45.5
45.0 24.0
46.0 26.0
47.0 33.5
48.0 41.5
49.0 42.5
50.0 31.0
51.0 9.0
52.0 15.0
53.0 57.5
54.0 48.0
55.0 51.0
56.0 50.5
57.0 46.5
58.0 57.0
59.0 46.5
60.0 58.0
61.0 61.5
62.0 62.5
63.0 55.5
64.0 61.0
65.0 61.0
66.0 60.5
67.0 62.5
68.0 49.5
69.0 52.5
70.0 57.5
71.0 44.5
72.0 48.0
73.0 56.5
74.0 59.5
75.0 52.5
76.0 46.5
77.0 60.5
78.0 46.5
79.0 52.0
80.0 56.0
81.0 52.0
82.0 47.5
83.0 46.5
84.0 49.0
85.0 43.5
86.0 62.0
87.0 54.5
88.0 44.0
89.0 59.5
90.0 55.0
91.0 59.5
92.0 55.5
93.0 47.5
94.0 59.0
95.0 58.0
96.0 51.5
97.0 45.5
98.0 59.5
99.0 38.5
100.0 48.5
101.0 24.0
102.0 45.0
103.0 61.5
104.0 72.0
105.0 49.0
106.0 30.5
107.0 48.5
108.0 12.5
109.0 30.0
110.0 15.5
111.0 3.0
112.0 0.0
113.0 53.0
114.0 50.5
115.0 54.0
116.0 37.0
117.0 32.5
118.0 25.5
119.0 22.5
120.0 26.0
121.0 30.0
122.0 40.0
123.0 38.0
124.0 57.0
125.0 71.5
126.0 61.0
127.0 59.0
128.0 85.0
129.0 41.0
130.0 48.5
131.0 0.0
132.0 46.5
133.0 60.0
134.0 49.0
135.0 56.5
136.0 41.5
137.0 60.0
138.0 61.5
139.0 53.0
140.0 58.5
141.0 3.0
142.0 6.5
143.0 6.0
144.0 8.0
145.0 6.0
146.0 11.0
147.0 16.0
148.0 66.0
149.0 229.0
150.0 345.5
151.0 367.5
152.0 266.5
153.0 287.0
154.0 197.5
155.0 107.0
156.0 100.5
157.0 39.0
158.0 51.5
159.0 10.0
160.0 9.5
161.0 15.0
162.0 12.0
163.0 13.5
164.0 12.5
165.0 15.0
166.0 13.0
167.0 13.0
168.0 12.5
169.0 57.0
170.0 53.0
171.0 62.5
172.0 26.5
173.0 15.0
174.0 11.0
175.0 10.0
176.0 2.0
177.0 0.0
178.0 60.5
179.0 52.0
180.0 40.5
181.0 48.0
182.0 51.5
183.0 44.0
184.0 59.0
185.0 73.0
186.0 85.0
187.0 57.0
188.0 119.5
189.0 209.0
190.0 13.0
191.0 0.0
192.0 0.0
193.0 0.0
194.0 0.0
195.0 38.5
196.0 57.0
197.0 61.5
198.0 55.0
199.0 62.5
200.0 3.0
201.0 5.0
202.0 11.0
203.0 17.0
204.0 21.5
205.0 25.5
206.0 32.5
207.0 30.5
208.0 26.0
209.0 148.5
210.0 303.0
211.0 373.0
212.0 439.0
213.0 394.0
214.0 393.5
215.0 286.0
216.0 26.0
217.0 0.5
218.0 1.5
219.0 0.0
220.0 41.5
221.0 51.5
222.0 48.5
223.0 43.0
224.0 38.5
225.0 46.0
226.0 126.5
