1.0 214.5
2.0 438.0
3.0 458.5
4.0 550.0
5.0 394.5
6.0 495.5
7.0 510.0
8.0 447.0
9.0 488.5
10.0 452.5
11.0 452.5
12.0 510.0
13.0 505.0
14.0 540.0
15.0 471.5
16.0 432.5
17.0 488.0
18.0 685.0
19.0 580.0
20.0 545.0
21.0 411.0
22.0 326.0
23.0 391.5
24.0 322.5
25.0 425.0
26.0 444.0
27.0 422.0
28.0 396.0
29.0 345.0
30.0 650.0
31.0 350.5
32.0 299.5
33.0 383.5
34.0 575.0
35.0 498.0
36.0 297.5
37.0 300.0
38.0 224.0
39.0 177.5
40.0 177.5
41.0 273.5
42.0 595.0
43.0 236.5
44.0 39.0
45.0 61.5
46.0 269.5
47.0 243.0
48.0 387.5
49.0 330.5
50.0 28.5
51.0 21.5
52.0 58.0
53.0 54.5
54.0 265.0
55.0 310.0
56.0 340.5
57.0 333.0
58.0 373.5
59.0 317.0
60.0 284.5
61.0 348.0
62.0 229.5
63.0 356.5
64.0 257.5
65.0 118.5
66.0 0.0
67.0 0.0
68.0 0.0
69.0 0.0
70.0 1.5
71.0 49.0
72.0 49.5
73.0 326.0
74.0 391.0
75.0 118.0
76.0 0.0
77.0 0.0
78.0 0.0
79.0 0.0
80.0 0.0
81.0 37.5
82.0 62.0
83.0 56.5
84.0 0.0
85.0 0.0
86.0 0.0
87.0 0.0
88.0 0.0
89.0 0.0
90.0 50.0
91.0 48.0
92.0 95.5
93.0 97.5
94.0 140.5
95.0 352.5
96.0 54.5
97.0 62.0
98.0 56.0
99.0 468.0
100.0 540.0
101.0 505.0
102.0 550.0
103.0 545.0
104.0 525.0
105.0 275.0
106.0 479.5
107.0 540.0
108.0 491.0
109.0 440.0
110.0 505.0
111.0 467.0
112.0 417.0
113.0 344.0
114.0 347.0
115.0 475.5
116.0 540.0
117.0 695.0
118.0 590.0
119.0 405.0
120.0 339.5
121.0 126.0
122.0 133.0
123.0 114.5
124.0 335.0
125.0 261.0
126.0 55.5
127.0 312.0
128.0 383.0
129.0 345.5
130.0 154.0
131.0 240.0
132.0 77.5
133.0 1.0
134.0 10.0
135.0 48.0
136.0 46.0
137.0 454.5
138.0 464.0
139.0 540.0
140.0 585.0
141.0 555.0
142.0 655.0
143.0 570.0
144.0 48.5
145.0 59.5
146.0 555.0
147.0 630.0
148.0 585.0
149.0 452.0
150.0 565.0
151.0 422.0
152.0 357.5
153.0 575.0
154.0 565.0
155.0 431.0
156.0 202.5
157.0 232.0
158.0 286.5
159.0 378.5
160.0 371.0
161.0 378.5
162.0 409.5
163.0 215.5
164.0 600.0
165.0 486.0
166.0 429.0
167.0 525.0
168.0 109.5
169.0 0.0
170.0 50.5
171.0 50.0
172.0 62.5
173.0 415.5
174.0 384.5
175.0 389.5
176.0 434.0
177.0 428.5
178.0 389.0
179.0 274.0
180.0 0.0
181.0 336.5
182.0 500.0
183.0 455.0
184.0 432.5
185.0 485.5
186.0 485.5
187.0 500.0
188.0 489.5
189.0 575.0
190.0 585.0
191.0 470.0
192.0 570.0
193.0 471.0
194.0 565.0
195.0 496.0
196.0 493.5
197.0 505.0
198.0 421.0
199.0 525.0
200.0 510.0
201.0 570.0
202.0 443.0
203.0 520.0
204.0 530.0
205.0 483.5
206.0 491.0
207.0 498.5
208.0 540.0
209.0 565.0
210.0 535.0
211.0 585.0
212.0 545.0
213.0 570.0
214.0 745.0
215.0 660.0
216.0 465.5
217.0 615.0
218.0 204.5
219.0 481.0
220.0 785.0
221.0 505.0
222.0 39.0
223.0 57.5
224.0 456.5
225.0 483.5
226.0 493.5
227.0 420.0
228.0 361.0
229.0 397.5
230.0 446.5
231.0 530.0
232.0 480.0
233.0 413.5
234.0 417.5
235.0 405.5
236.0 387.5
237.0 416.5
238.0 515.0
239.0 475.0
240.0 505.0
241.0 535.0
242.0 570.0
243.0 650.0
244.0 665.0
245.0 615.0
246.0 610.0
247.0 635.0
248.0 655.0
249.0 471.0
250.0 476.5
251.0 665.0
252.0 575.0
253.0 665.0
254.0 550.0
255.0 472.5
256.0 484.0
257.0 535.0
258.0 540.0
259.0 650.0
260.0 680.0
261.0 620.0
262.0 675.0
263.0 570.0
264.0 461.0
265.0 555.0
266.0 640.0
267.0 269.0
268.0 51.0
269.0 44.5
270.0 392.5
271.0 650.0
272.0 585.0
273.0 580.0
274.0 505.0
275.0 595.0
276.0 575.0
277.0 444.5
278.0 390.5
279.0 417.0
280.0 880.0
281.0 660.0
282.0 750.0
283.0 352.0
284.0 575.0
285.0 795.0
286.0 451.5
287.0 466.0
288.0 491.5
289.0 59.5
290.0 58.5
291.0 480.5
292.0 815.0
293.0 825.0
294.0 630.0
295.0 17.5
296.0 52.5
297.0 45.5
298.0 62.5
299.0 53.0
300.0 358.5
301.0 433.5
302.0 484.5
303.0 363.5
304.0 419.5
305.0 447.5
306.0 530.0
307.0 429.5
308.0 640.0
309.0 525.0
310.0 565.0
311.0 555.0
312.0 370.0
313.0 56.0
314.0 56.5
315.0 740.0
316.0 840.0
317.0 855.0
318.0 710.0
319.0 820.0
320.0 880.0
321.0 805.0
322.0 815.0
323.0 765.0
324.0 780.0
325.0 800.0
326.0 780.0
327.0 845.0
328.0 785.0
329.0 750.0
330.0 755.0
331.0 745.0
332.0 780.0
333.0 785.0
334.0 765.0
335.0 745.0
336.0 690.0
337.0 680.0
338.0 630.0
339.0 695.0
340.0 680.0
341.0 685.0
342.0 685.0
343.0 38.5
344.0 50.5
345.0 347.5
346.0 425.5
347.0 535.0
348.0 555.0
349.0 479.0
350.0 401.5
351.0 345.0
352.0 580.0
353.0 745.0
354.0 445.0
355.0 625.0
356.0 515.0
357.0 264.0
358.0 88.5
359.0 200.5
360.0 243.5
361.0 21.0
362.0 17.5
363.0 42.5
364.0 103.0
365.0 267.0
366.0 535.0
367.0 505.0
368.0 610.0
369.0 545.0
370.0 610.0
371.0 610.0
372.0 590.0
373.0 464.0
374.0 560.0
375.0 560.0
376.0 560.0
377.0 645.0
378.0 595.0
379.0 565.0
380.0 496.5
381.0 456.0
382.0 555.0
383.0 770.0
384.0 770.0
385.0 825.0
386.0 760.0
387.0 840.0
388.0 865.0
389.0 885.0
390.0 890.0
391.0 890.0
392.0 800.0
393.0 865.0
394.0 915.0
395.0 810.0
396.0 55.5
397.0 57.5
398.0 785.0
399.0 750.0
400.0 850.0
401.0 935.0
402.0 895.0
403.0 820.0
404.0 785.0
405.0 855.0
406.0 770.0
407.0 855.0
408.0 895.0
409.0 900.0
410.0 895.0
411.0 865.0
412.0 840.0
413.0 855.0
414.0 780.0
415.0 835.0
416.0 880.0
417.0 875.0
418.0 720.0
419.0 760.0
420.0 820.0
421.0 720.0
422.0 885.0
423.0 805.0
424.0 605.0
425.0 905.0
426.0 920.0
427.0 570.0
428.0 570.0
429.0 510.0
430.0 535.0
431.0 495.0
432.0 555.0
433.0 560.0
434.0 525.0
435.0 690.0
436.0 625.0
437.0 685.0
438.0 605.0
439.0 645.0
440.0 470.0
441.0 452.0
442.0 302.0
443.0 13.5
444.0 60.5
445.0 52.5
446.0 48.5
447.0 4.5
448.0 29.0
449.0 55.5
450.0 144.0
451.0 171.5
452.0 250.5
453.0 302.0
454.0 333.0
455.0 135.5
456.0 0.0
457.0 0.0
458.0 0.0
459.0 57.0
460.0 54.5
461.0 65.0
462.0 79.5
463.0 109.5
464.0 246.0
465.0 250.5
466.0 281.0
467.0 300.0
468.0 302.0
469.0 318.5
470.0 325.0
471.0 303.5
472.0 327.0
473.0 282.0
474.0 315.5
475.0 337.0
476.0 343.0
477.0 338.5
478.0 426.5
479.0 425.0
480.0 287.5
481.0 238.5
482.0 0.5
483.0 0.0
484.0 0.0
485.0 55.0
486.0 54.0
487.0 240.0
488.0 279.5
489.0 313.0
490.0 281.0
491.0 342.0
492.0 359.5
493.0 321.0
494.0 316.0
495.0 311.0
496.0 333.0
497.0 307.0
498.0 414.5
499.0 505.0
500.0 515.0
501.0 402.0
502.0 420.0
503.0 380.5
504.0 383.0
505.0 393.5
506.0 600.0
507.0 555.0
508.0 421.5
509.0 421.5
510.0 482.0
511.0 565.0
512.0 645.0
513.0 479.0
514.0 555.0
515.0 464.0
516.0 425.0
517.0 605.0
518.0 520.0
519.0 770.0
520.0 459.0
521.0 650.0
522.0 377.5
523.0 59.5
524.0 0.0
525.0 0.0
526.0 0.0
527.0 57.5
528.0 208.0
529.0 251.5
530.0 294.0
531.0 309.5
532.0 317.5
533.0 441.0
534.0 505.0
535.0 580.0
536.0 715.0
537.0 635.0
538.0 705.0
539.0 715.0
540.0 635.0
541.0 625.0
542.0 520.0
543.0 450.5
544.0 600.0
545.0 442.0
546.0 347.5
547.0 30.0
548.0 0.5
549.0 1.5
550.0 57.5
551.0 47.5
552.0 60.0
553.0 179.5
554.0 225.0
555.0 285.0
556.0 379.5
557.0 345.5
558.0 347.0
559.0 431.0
560.0 446.5
561.0 312.0
562.0 505.0
563.0 540.0
564.0 427.0
565.0 540.0
566.0 600.0
567.0 530.0
568.0 475.5
569.0 272.0
570.0 0.5
571.0 0.0
572.0 0.0
573.0 1.0
574.0 62.0
575.0 61.5
576.0 5.0
577.0 40.0
578.0 22.0
579.0 1.5
580.0 10.5
581.0 15.5
582.0 7.5
583.0 22.5
584.0 225.5
585.0 221.5
586.0 273.0
587.0 233.0
588.0 284.0
589.0 244.0
590.0 172.0
591.0 150.0
592.0 4.5
593.0 2.0
594.0 0.0
595.0 0.0
596.0 224.5
597.0 379.0
598.0 368.5
599.0 391.5
600.0 206.5
601.0 186.0
602.0 34.0
603.0 114.0
604.0 267.5
605.0 216.0
606.0 7.0
607.0 8.5
608.0 7.0
609.0 70.0
610.0 53.0
611.0 54.0
612.0 257.0
613.0 298.0
614.0 157.5
615.0 158.0
616.0 71.5
617.0 1.0
618.0 4.5
619.0 3.0
620.0 1.5
621.0 24.0
622.0 0.5
623.0 0.0
624.0 0.0
625.0 0.0
626.0 3.0
627.0 54.5
628.0 48.0
629.0 140.5
630.0 210.5
631.0 252.0
632.0 311.5
633.0 311.0
634.0 332.5
635.0 331.0
636.0 384.5
637.0 350.5
638.0 414.5
639.0 385.5
640.0 420.5
641.0 442.5
642.0 448.0
643.0 416.0
644.0 408.5
645.0 441.0
646.0 400.0
647.0 421.0
648.0 447.0
649.0 452.0
650.0 403.5
651.0 444.0
652.0 409.0
653.0 469.5
654.0 397.5
655.0 425.5
656.0 403.5
657.0 410.5
658.0 413.5
659.0 401.0
660.0 375.5
661.0 348.5
662.0 352.0
663.0 427.5
664.0 360.5
665.0 408.5
666.0 436.5
667.0 437.0
668.0 455.5
669.0 421.5
670.0 392.0
671.0 369.0
672.0 434.5
673.0 364.5
674.0 362.5
675.0 352.5
676.0 345.5
677.0 398.0
678.0 371.0
679.0 341.5
680.0 451.0
681.0 372.5
682.0 426.0
683.0 421.0
684.0 446.5
685.0 487.5
686.0 368.0
687.0 431.5
688.0 447.5
689.0 418.5
690.0 427.5
691.0 446.5
692.0 575.0
693.0 460.0
694.0 414.5
695.0 480.0
696.0 530.0
697.0 480.5
698.0 475.5
699.0 530.0
700.0 489.0
701.0 457.0
702.0 434.0
703.0 408.5
704.0 525.0
705.0 565.0
706.0 595.0
707.0 555.0
708.0 600.0
709.0 670.0
710.0 505.0
711.0 505.0
712.0 565.0
713.0 690.0
714.0 655.0
715.0 575.0
716.0 645.0
717.0 595.0
718.0 640.0
719.0 555.0
720.0 620.0
721.0 540.0
722.0 495.0
723.0 495.0
724.0 660.0
725.0 630.0
726.0 560.0
727.0 418.0
728.0 0.0
729.0 45.0
730.0 50.0
731.0 62.0
732.0 48.0
733.0 54.5
734.0 62.5
735.0 62.0
736.0 62.0
737.0 41.0
738.0 60.5
739.0 62.5
740.0 62.0
741.0 62.0
742.0 52.0
743.0 58.0
744.0 60.5
745.0 45.5
746.0 54.0
747.0 54.0
748.0 62.5
749.0 55.5
750.0 39.5
751.0 52.5
752.0 45.5
753.0 39.0
754.0 58.0
755.0 52.0
756.0 54.5
757.0 61.0
758.0 49.0
759.0 51.5
760.0 56.5
761.0 52.5
762.0 53.0
763.0 57.0
764.0 53.5
765.0 57.5
766.0 50.0
767.0 57.5
768.0 45.0
769.0 45.0
770.0 60.0
771.0 53.5
772.0 60.0
773.0 53.0
774.0 56.0
775.0 60.5
776.0 47.5
777.0 61.5
778.0 58.0
779.0 50.5
780.0 61.5
781.0 53.0
782.0 51.5
783.0 55.5
784.0 58.5
785.0 60.5
786.0 58.5
787.0 55.5
788.0 58.5
789.0 61.5
790.0 53.0
791.0 59.0
792.0 59.0
