1.0 7.875
2.0 25.25
3.0 45.125
4.0 66.25
5.0 78.375
6.0 92.5
7.0 109.75
8.0 91.125
9.0 88.0
10.0 128.75
11.0 112.5
12.0 136.25
13.0 147.5
14.0 162.5
15.0 171.25
16.0 150.0
17.0 148.75
18.0 150.0
19.0 186.25
20.0 119.5
21.0 173.75
22.0 150.0
23.0 131.25
24.0 111.5
25.0 100.0
26.0 131.25
27.0 80.125
28.0 36.5
29.0 31.125
30.0 19.625
31.0 10.25
32.0 11.875
33.0 5.125
34.0 8.625
35.0 10.75
36.0 4.75
37.0 15.5
38.0 11.875
39.0 13.625
40.0 24.875
41.0 64.0
42.0 78.0
43.0 84.75
44.0 92.375
45.0 97.75
46.0 109.75
47.0 111.25
48.0 103.875
49.0 106.25
50.0 95.75
51.0 48.875
52.0 11.625
53.0 61.5
54.0 130.0
55.0 131.25
56.0 99.125
57.0 96.0
58.0 115.125
59.0 94.625
60.0 112.0
61.0 147.5
62.0 152.5
63.0 148.75
64.0 107.875
65.0 126.25
66.0 82.375
67.0 5.375
68.0 17.375
69.0 2.5
70.0 0.0
71.0 0.0
72.0 0.0
73.0 0.0
74.0 13.125
75.0 13.875
76.0 4.25
77.0 10.25
78.0 5.75
79.0 8.625
80.0 4.125
81.0 14.25
82.0 4.25
83.0 4.75
84.0 4.375
85.0 11.375
86.0 13.875
87.0 12.125
88.0 7.25
89.0 6.625
90.0 11.625
91.0 6.25
92.0 2.625
93.0 3.75
94.0 2.875
95.0 7.0
96.0 6.25
97.0 4.75
98.0 0.5
99.0 2.0
100.0 1.375
101.0 1.875
102.0 2.125
103.0 2.875
104.0 2.5
105.0 1.875
106.0 5.5
107.0 3.625
108.0 3.625
109.0 2.0
110.0 2.625
111.0 0.875
112.0 1.5
113.0 5.375
114.0 3.25
115.0 4.125
116.0 4.375
117.0 5.625
118.0 1.75
119.0 0.625
120.0 3.875
121.0 2.875
122.0 1.375
123.0 1.0
124.0 3.25
125.0 1.5
126.0 2.875
127.0 3.5
128.0 4.625
129.0 2.875
130.0 2.0
131.0 0.875
132.0 0.25
133.0 1.0
134.0 1.25
135.0 2.875
136.0 1.875
137.0 2.75
138.0 1.25
139.0 1.0
140.0 1.375
141.0 2.625
142.0 2.375
143.0 0.25
144.0 0.0
145.0 0.0
146.0 10.25
147.0 12.375
148.0 10.75
149.0 20.125
150.0 30.125
151.0 42.125
152.0 60.375
153.0 80.5
154.0 46.5
155.0 64.375
156.0 59.25
157.0 77.75
158.0 79.75
159.0 78.25
160.0 9.875
161.0 0.5
162.0 0.75
163.0 6.0
164.0 61.125
165.0 75.875
166.0 72.5
167.0 59.5
168.0 76.125
169.0 73.875
170.0 82.625
171.0 55.875
172.0 21.875
173.0 7.25
174.0 36.625
175.0 68.625
176.0 69.875
177.0 72.25
178.0 15.875
179.0 33.75
180.0 54.625
181.0 65.625
182.0 68.25
183.0 72.5
184.0 70.5
185.0 47.75
186.0 21.5
187.0 10.75
188.0 12.75
189.0 4.125
190.0 10.375
191.0 3.75
192.0 4.875
193.0 11.0
194.0 8.75
195.0 2.25
196.0 1.625
197.0 2.375
198.0 2.0
199.0 1.5
200.0 2.125
201.0 1.0
202.0 1.5
203.0 0.625
204.0 12.625
205.0 13.625
206.0 1.875
207.0 3.25
208.0 3.75
209.0 3.25
210.0 3.0
211.0 2.25
212.0 1.125
213.0 2.125
214.0 2.0
215.0 1.625
216.0 2.625
217.0 1.875
218.0 2.75
219.0 2.125
220.0 2.0
221.0 1.125
222.0 1.75
223.0 0.625
224.0 0.125
225.0 15.375
226.0 11.5
227.0 2.375
228.0 2.75
229.0 4.125
230.0 3.25
231.0 4.875
232.0 6.0
233.0 1.875
234.0 6.125
235.0 1.75
236.0 6.375
237.0 5.125
238.0 4.875
239.0 1.75
240.0 15.125
241.0 11.125
242.0 3.0
243.0 4.25
244.0 6.0
245.0 0.875
246.0 0.25
247.0 14.75
248.0 12.875
249.0 6.5
250.0 30.0
251.0 44.75
252.0 65.625
253.0 78.875
254.0 94.0
255.0 90.125
256.0 22.625
257.0 25.5
258.0 78.375
259.0 91.5
260.0 87.25
261.0 90.625
262.0 95.75
263.0 101.25
264.0 90.375
265.0 108.25
266.0 104.25
267.0 109.75
268.0 115.75
269.0 123.625
270.0 110.0
271.0 106.125
272.0 109.0
273.0 105.25
274.0 98.25
275.0 97.0
276.0 117.0
277.0 113.5
278.0 113.625
279.0 105.875
280.0 138.75
281.0 105.875
282.0 98.625
283.0 118.25
284.0 99.625
285.0 106.625
286.0 124.0
287.0 114.75
288.0 143.75
289.0 7.75
290.0 1.125
291.0 0.0
292.0 0.125
293.0 15.625
294.0 10.25
295.0 0.625
296.0 3.375
297.0 2.875
298.0 0.75
299.0 5.0
300.0 0.625
301.0 0.875
302.0 1.125
303.0 0.625
304.0 12.125
305.0 12.375
306.0 11.125
307.0 26.625
308.0 18.625
309.0 52.5
310.0 82.125
311.0 89.5
312.0 98.0
313.0 99.875
314.0 101.0
315.0 107.75
316.0 113.75
317.0 109.375
318.0 114.875
319.0 111.375
320.0 128.75
321.0 95.875
322.0 88.5
323.0 62.25
324.0 170.0
325.0 114.875
326.0 106.0
327.0 130.0
328.0 130.0
329.0 181.25
330.0 141.25
331.0 132.5
332.0 121.875
333.0 187.5
334.0 158.75
335.0 145.0
336.0 100.25
337.0 91.75
338.0 84.875
339.0 126.25
340.0 126.25
341.0 95.75
342.0 102.5
343.0 116.5
344.0 119.75
345.0 94.125
346.0 108.375
347.0 128.75
348.0 140.0
349.0 103.0
350.0 123.875
351.0 172.5
352.0 122.0
353.0 157.5
354.0 188.75
355.0 136.25
356.0 137.5
357.0 114.625
358.0 111.125
359.0 133.75
360.0 25.875
361.0 67.5
362.0 19.25
363.0 115.875
364.0 133.75
365.0 112.625
366.0 119.75
367.0 128.75
368.0 127.5
369.0 116.75
370.0 122.25
371.0 96.375
372.0 132.5
373.0 97.375
374.0 126.25
375.0 107.5
376.0 98.75
377.0 89.75
378.0 111.5
379.0 96.25
380.0 100.625
381.0 94.25
382.0 96.25
383.0 93.625
384.0 60.25
385.0 0.375
386.0 20.625
387.0 9.25
388.0 7.125
389.0 6.875
390.0 14.125
391.0 6.25
392.0 7.625
393.0 0.375
394.0 0.5
395.0 14.25
396.0 13.625
397.0 15.375
398.0 0.25
399.0 0.125
400.0 6.25
401.0 2.125
402.0 2.0
403.0 3.0
404.0 0.75
405.0 3.25
406.0 11.625
407.0 15.5
408.0 1.25
409.0 13.625
410.0 14.125
411.0 14.875
412.0 13.75
413.0 15.5
414.0 14.125
415.0 13.125
416.0 14.625
417.0 14.25
418.0 15.25
419.0 15.25
420.0 11.0
421.0 15.5
422.0 4.5
423.0 10.25
424.0 21.625
425.0 22.625
426.0 14.0
427.0 55.625
428.0 68.625
429.0 80.625
430.0 91.625
431.0 105.75
432.0 111.375
433.0 135.0
434.0 128.75
435.0 132.5
436.0 168.75
437.0 188.75
438.0 201.25
439.0 212.5
440.0 195.0
441.0 198.75
442.0 202.5
443.0 211.25
444.0 196.25
445.0 205.0
446.0 228.75
447.0 215.0
448.0 213.75
449.0 225.0
450.0 201.25
451.0 225.0
452.0 235.0
453.0 222.5
454.0 221.25
455.0 195.0
456.0 227.5
457.0 152.5
458.0 161.25
459.0 62.0
460.0 50.625
461.0 7.375
462.0 10.75
463.0 6.625
464.0 1.5
465.0 19.5
466.0 8.875
467.0 19.0
468.0 26.0
469.0 10.0
470.0 6.625
471.0 8.625
472.0 18.375
473.0 25.875
474.0 26.625
475.0 10.125
476.0 44.5
477.0 44.25
478.0 51.25
479.0 51.5
480.0 59.875
481.0 60.0
482.0 62.5
483.0 59.0
484.0 63.25
485.0 55.75
486.0 59.875
487.0 76.125
488.0 81.625
489.0 96.375
490.0 96.25
491.0 89.25
492.0 89.625
493.0 85.125
494.0 79.75
495.0 75.25
496.0 6.125
497.0 68.375
498.0 98.25
499.0 84.125
500.0 93.75
501.0 90.625
502.0 82.625
503.0 66.625
504.0 83.25
505.0 97.5
506.0 96.625
507.0 87.5
508.0 82.125
509.0 78.625
510.0 96.0
511.0 102.0
512.0 87.375
513.0 69.75
514.0 0.625
515.0 0.5
516.0 2.375
517.0 38.125
518.0 28.625
519.0 13.75
520.0 14.5
521.0 13.375
522.0 15.0
523.0 14.875
524.0 11.75
525.0 13.375
526.0 12.75
527.0 12.625
528.0 12.25
529.0 12.0
530.0 14.25
531.0 42.625
532.0 54.25
533.0 68.75
534.0 7.875
535.0 12.875
536.0 9.5
537.0 7.375
538.0 22.375
539.0 28.875
540.0 7.625
541.0 14.125
542.0 23.625
543.0 14.125
544.0 9.5
545.0 12.625
546.0 15.875
547.0 6.625
548.0 4.875
549.0 0.125
550.0 0.0
551.0 0.0
552.0 0.0
553.0 2.875
554.0 8.125
555.0 6.0
556.0 8.5
557.0 5.625
558.0 11.25
559.0 12.625
560.0 14.875
561.0 14.625
562.0 33.875
563.0 35.125
564.0 49.25
565.0 22.25
566.0 8.0
567.0 44.125
568.0 27.25
569.0 12.75
570.0 14.375
571.0 13.5
572.0 13.0
573.0 14.0
574.0 12.5
575.0 15.125
576.0 12.25
577.0 13.875
578.0 15.0
579.0 15.0
580.0 13.5
581.0 14.875
582.0 15.625
583.0 14.25
584.0 12.25
585.0 13.625
586.0 13.25
587.0 14.5
588.0 10.25
589.0 14.125
590.0 10.875
591.0 11.625
592.0 14.875
593.0 13.125
594.0 12.0
595.0 15.625
596.0 10.75
597.0 14.5
598.0 12.0
599.0 11.375
600.0 11.0
601.0 14.75
602.0 15.125
603.0 14.5
604.0 13.25
605.0 11.125
606.0 11.75
607.0 12.625
608.0 11.0
609.0 12.125
610.0 14.125
611.0 12.375
612.0 14.375
613.0 15.375
614.0 15.625
615.0 12.75
616.0 15.5
617.0 15.25
618.0 15.5
619.0 15.625
620.0 13.875
621.0 13.375
622.0 15.375
623.0 14.25
624.0 14.5
625.0 15.625
626.0 15.0
627.0 15.375
628.0 15.5
629.0 14.875
630.0 15.625
631.0 13.0
632.0 14.125
633.0 15.125
634.0 11.5
635.0 9.875
636.0 21.25
637.0 13.0
638.0 7.625
639.0 12.125
640.0 8.125
641.0 6.875
642.0 4.125
643.0 13.875
644.0 13.25
645.0 28.5
646.0 28.75
647.0 30.125
648.0 33.0
649.0 34.0
650.0 36.0
651.0 39.625
652.0 44.0
653.0 51.625
654.0 62.375
655.0 72.125
656.0 81.75
657.0 71.25
658.0 81.375
659.0 103.875
660.0 104.25
661.0 109.625
662.0 112.5
663.0 104.25
664.0 120.625
665.0 126.25
666.0 119.25
667.0 110.25
668.0 7.5
669.0 4.625
670.0 5.5
671.0 2.625
672.0 15.375
673.0 11.5
674.0 22.75
675.0 62.375
676.0 87.125
677.0 79.75
678.0 96.75
679.0 75.625
680.0 99.25
681.0 96.875
682.0 104.375
683.0 107.25
684.0 140.0
685.0 132.5
686.0 132.5
687.0 102.125
688.0 110.25
689.0 124.0
690.0 118.25
691.0 102.5
692.0 79.875
693.0 10.125
694.0 13.0
695.0 11.75
696.0 11.125
697.0 79.25
698.0 41.125
699.0 40.75
700.0 98.5
701.0 101.0
702.0 116.125
703.0 85.875
704.0 95.25
705.0 82.25
706.0 122.125
707.0 60.5
708.0 72.125
709.0 65.875
710.0 72.25
711.0 87.0
712.0 78.75
713.0 87.375
714.0 65.875
715.0 22.0
716.0 9.0
717.0 22.75
718.0 50.5
719.0 56.625
720.0 62.875
721.0 76.0
722.0 76.0
723.0 57.0
724.0 78.375
725.0 54.75
726.0 67.0
727.0 15.125
728.0 11.25
729.0 69.25
730.0 75.125
731.0 80.0
732.0 79.375
733.0 78.0
734.0 69.125
735.0 87.125
736.0 76.75
737.0 95.625
738.0 73.375
739.0 90.0
740.0 75.75
741.0 85.75
742.0 86.625
743.0 87.375
744.0 86.375
745.0 78.75
746.0 36.375
747.0 14.0
748.0 12.75
749.0 9.875
750.0 11.875
751.0 14.25
752.0 14.625
753.0 30.0
754.0 77.5
755.0 13.875
756.0 0.0
757.0 0.0
758.0 0.0
759.0 0.0
760.0 0.125
761.0 14.75
762.0 16.125
763.0 72.125
764.0 71.875
765.0 63.875
766.0 84.75
767.0 74.0
768.0 71.25
769.0 79.375
770.0 63.125
771.0 66.0
772.0 74.875
773.0 66.375
774.0 76.125
775.0 86.0
776.0 87.625
777.0 68.75
778.0 80.0
779.0 88.125
780.0 94.5
781.0 88.125
782.0 93.0
783.0 93.5
784.0 96.0
785.0 96.125
786.0 98.75
787.0 101.75
788.0 13.25
789.0 14.5
790.0 0.25
791.0 0.0
792.0 1.0
793.0 8.375
794.0 17.0
795.0 16.875
796.0 8.375
797.0 5.0
798.0 1.5
799.0 13.5
