1.0 33.0
2.0 46.5
3.0 140.0
4.0 229.0
5.0 223.5
6.0 218.0
7.0 266.0
8.0 326.5
9.0 306.0
10.0 396.0
11.0 480.0
12.0 463.0
13.0 580.0
14.0 595.0
15.0 565.0
16.0 655.0
17.0 725.0
18.0 860.0
19.0 710.0
20.0 580.0
21.0 665.0
22.0 600.0
23.0 670.0
24.0 710.0
25.0 675.0
26.0 740.0
27.0 620.0
28.0 605.0
29.0 600.0
30.0 640.0
31.0 625.0
32.0 770.0
33.0 725.0
34.0 600.0
35.0 256.5
36.0 35.0
37.0 44.5
38.0 48.0
39.0 77.0
40.0 59.0
41.0 62.0
42.0 124.0
43.0 320.5
44.0 505.0
45.0 471.5
46.0 565.0
47.0 540.0
48.0 487.0
49.0 419.0
50.0 422.0
51.0 458.0
52.0 505.0
53.0 420.5
54.0 474.0
55.0 595.0
56.0 545.0
57.0 525.0
58.0 535.0
59.0 467.0
60.0 60.0
61.0 47.0
62.0 39.0
63.0 46.0
64.0 58.5
65.0 62.5
66.0 380.0
67.0 383.5
68.0 374.5
69.0 393.0
70.0 378.5
71.0 491.0
72.0 446.0
73.0 344.5
74.0 418.5
75.0 442.5
76.0 446.0
77.0 500.0
78.0 540.0
79.0 481.5
80.0 434.5
81.0 470.0
82.0 497.5
83.0 478.0
84.0 401.5
85.0 474.5
86.0 374.0
87.0 467.5
88.0 350.5
89.0 372.5
90.0 428.5
91.0 366.0
92.0 153.5
93.0 232.5
94.0 425.0
95.0 431.0
96.0 368.0
97.0 396.0
98.0 382.5
99.0 402.5
100.0 363.5
101.0 360.0
102.0 510.0
103.0 468.0
104.0 460.0
105.0 600.0
106.0 560.0
107.0 540.0
108.0 535.0
109.0 465.0
110.0 570.0
111.0 695.0
112.0 535.0
113.0 500.0
114.0 403.5
115.0 456.5
116.0 530.0
117.0 443.5
118.0 164.5
119.0 58.5
120.0 43.5
121.0 62.0
122.0 50.5
123.0 56.5
124.0 49.5
125.0 53.5
126.0 55.5
127.0 61.5
128.0 54.5
129.0 44.0
130.0 61.5
131.0 50.5
132.0 40.0
133.0 61.0
134.0 51.5
135.0 62.0
136.0 51.5
137.0 48.0
138.0 55.0
139.0 49.0
140.0 58.0
141.0 61.5
142.0 50.5
143.0 62.0
144.0 58.5
145.0 58.5
146.0 50.0
147.0 50.0
148.0 51.5
149.0 61.0
150.0 42.5
151.0 48.0
152.0 55.0
153.0 62.0
154.0 60.5
155.0 53.5
156.0 60.0
157.0 45.0
158.0 49.5
159.0 54.5
160.0 44.5
161.0 61.0
162.0 60.0
163.0 60.5
164.0 51.5
165.0 50.5
166.0 53.0
167.0 56.5
168.0 54.5
169.0 52.0
170.0 57.0
171.0 15.0
172.0 56.0
173.0 61.5
174.0 62.5
175.0 56.5
176.0 55.5
177.0 61.0
178.0 38.5
179.0 60.0
180.0 55.0
181.0 157.5
182.0 183.0
183.0 243.5
184.0 257.0
185.0 228.5
186.0 258.0
187.0 110.0
188.0 48.0
189.0 363.0
190.0 505.0
191.0 505.0
192.0 240.0
193.0 39.0
194.0 56.5
195.0 530.0
196.0 520.0
197.0 570.0
198.0 311.0
199.0 354.5
200.0 411.0
201.0 386.0
202.0 331.0
203.0 367.0
204.0 367.0
205.0 530.0
206.0 505.0
207.0 625.0
208.0 645.0
209.0 670.0
210.0 705.0
211.0 620.0
212.0 645.0
213.0 820.0
214.0 765.0
215.0 595.0
216.0 510.0
217.0 409.5
218.0 402.0
219.0 605.0
220.0 486.0
221.0 464.5
222.0 463.0
223.0 400.5
224.0 378.0
225.0 414.0
226.0 483.5
227.0 485.0
228.0 483.0
229.0 625.0
230.0 457.5
231.0 555.0
232.0 570.0
233.0 496.0
234.0 560.0
235.0 635.0
236.0 530.0
237.0 170.5
238.0 5.0
239.0 3.5
240.0 58.5
241.0 58.0
242.0 46.0
243.0 48.5
244.0 540.0
245.0 635.0
246.0 610.0
247.0 580.0
248.0 575.0
249.0 351.5
250.0 585.0
251.0 635.0
252.0 625.0
253.0 600.0
254.0 725.0
255.0 710.0
256.0 600.0
257.0 380.0
258.0 87.0
259.0 60.5
260.0 56.5
261.0 510.0
262.0 510.0
263.0 444.0
264.0 495.0
265.0 530.0
266.0 505.0
267.0 515.0
268.0 540.0
269.0 520.0
270.0 492.5
271.0 366.5
272.0 505.0
273.0 575.0
274.0 434.5
275.0 565.0
276.0 570.0
277.0 560.0
278.0 195.5
279.0 34.5
280.0 6.5
281.0 72.5
282.0 170.0
283.0 61.5
284.0 59.0
285.0 494.5
286.0 495.0
287.0 535.0
288.0 550.0
289.0 590.0
290.0 525.0
291.0 466.5
292.0 491.5
293.0 625.0
294.0 515.0
295.0 515.0
296.0 470.0
297.0 545.0
298.0 525.0
299.0 510.0
300.0 468.5
301.0 545.0
302.0 545.0
303.0 590.0
304.0 645.0
305.0 600.0
306.0 565.0
307.0 560.0
308.0 299.0
309.0 8.0
310.0 4.0
311.0 48.5
312.0 27.5
313.0 31.5
314.0 62.0
315.0 57.5
316.0 59.0
317.0 453.5
318.0 520.0
319.0 570.0
320.0 520.0
321.0 468.5
322.0 570.0
323.0 329.0
324.0 31.5
325.0 38.0
326.0 46.0
327.0 249.0
328.0 59.5
329.0 61.5
330.0 446.5
331.0 458.0
332.0 458.5
333.0 430.5
334.0 470.0
335.0 418.5
336.0 340.0
337.0 11.0
338.0 39.0
339.0 53.0
340.0 45.0
341.0 61.5
342.0 341.5
343.0 354.0
344.0 341.0
345.0 400.0
346.0 418.0
347.0 461.5
348.0 467.0
349.0 411.5
350.0 499.0
351.0 575.0
352.0 520.0
353.0 590.0
354.0 625.0
355.0 510.0
356.0 690.0
357.0 715.0
358.0 725.0
359.0 840.0
360.0 785.0
361.0 725.0
362.0 690.0
363.0 775.0
364.0 785.0
365.0 675.0
366.0 770.0
367.0 715.0
368.0 610.0
369.0 705.0
370.0 695.0
371.0 700.0
372.0 745.0
373.0 660.0
374.0 740.0
375.0 660.0
376.0 740.0
377.0 565.0
378.0 540.0
379.0 625.0
380.0 560.0
381.0 505.0
382.0 430.5
383.0 505.0
384.0 454.0
385.0 360.5
386.0 447.5
387.0 437.5
388.0 419.5
389.0 565.0
390.0 465.0
391.0 429.0
392.0 448.5
393.0 412.5
394.0 478.0
395.0 381.0
396.0 3.0
397.0 38.5
398.0 58.5
399.0 369.5
400.0 382.5
401.0 391.5
402.0 380.0
403.0 395.0
404.0 453.5
405.0 458.0
406.0 390.0
407.0 472.0
408.0 437.0
409.0 499.0
410.0 422.5
411.0 492.0
412.0 317.5
413.0 478.5
414.0 406.5
415.0 498.5
416.0 510.0
417.0 560.0
418.0 635.0
419.0 540.0
420.0 605.0
421.0 625.0
422.0 620.0
423.0 545.0
424.0 299.5
425.0 179.0
426.0 33.5
427.0 176.0
428.0 101.5
429.0 56.0
430.0 20.0
431.0 61.0
432.0 71.0
433.0 51.5
434.0 56.5
435.0 201.0
436.0 235.0
437.0 235.0
438.0 254.5
439.0 255.0
440.0 260.0
441.0 271.5
442.0 255.0
443.0 342.5
444.0 340.5
445.0 380.0
446.0 360.0
447.0 456.0
448.0 491.5
449.0 491.5
450.0 468.5
451.0 540.0
452.0 314.0
453.0 12.0
454.0 61.5
455.0 56.5
456.0 427.5
457.0 445.5
458.0 525.0
459.0 505.0
460.0 545.0
461.0 520.0
462.0 615.0
463.0 645.0
464.0 585.0
465.0 690.0
466.0 497.5
467.0 497.5
468.0 710.0
469.0 525.0
470.0 645.0
471.0 675.0
472.0 615.0
473.0 765.0
474.0 635.0
475.0 545.0
476.0 421.5
477.0 411.0
478.0 412.0
479.0 520.0
480.0 479.5
481.0 461.5
482.0 430.0
483.0 421.5
484.0 460.0
485.0 486.5
486.0 419.0
487.0 453.5
488.0 481.0
489.0 515.0
490.0 660.0
491.0 580.0
492.0 625.0
493.0 560.0
494.0 720.0
495.0 565.0
496.0 406.0
497.0 360.0
498.0 441.5
499.0 535.0
500.0 447.0
501.0 320.0
502.0 339.0
503.0 291.5
504.0 346.0
505.0 369.5
506.0 286.5
507.0 177.0
508.0 7.0
509.0 0.0
510.0 0.5
511.0 9.5
512.0 2.0
513.0 1.0
514.0 0.0
515.0 0.0
516.0 39.0
517.0 54.5
518.0 40.5
519.0 61.0
520.0 51.0
521.0 52.0
522.0 52.0
523.0 50.0
524.0 58.0
525.0 56.5
526.0 61.5
527.0 42.0
528.0 41.0
529.0 62.5
530.0 60.0
531.0 62.5
532.0 50.0
533.0 47.0
534.0 59.0
535.0 56.0
536.0 49.5
537.0 358.0
538.0 228.5
539.0 52.5
540.0 85.5
541.0 244.5
542.0 171.5
543.0 39.5
544.0 42.0
545.0 61.5
546.0 101.0
547.0 52.5
548.0 51.5
549.0 57.0
550.0 53.5
551.0 61.0
552.0 34.5
553.0 43.5
554.0 35.5
555.0 36.0
556.0 57.5
557.0 47.5
558.0 52.5
559.0 44.0
560.0 61.0
561.0 220.0
562.0 50.0
563.0 47.5
564.0 37.0
565.0 24.0
566.0 42.5
567.0 36.0
568.0 37.0
569.0 76.0
570.0 265.0
571.0 312.5
572.0 332.5
573.0 357.0
574.0 346.5
575.0 312.0
576.0 240.0
577.0 295.5
578.0 83.0
579.0 42.0
580.0 57.0
581.0 61.0
582.0 53.5
583.0 55.0
584.0 50.5
585.0 61.5
586.0 59.5
587.0 40.5
588.0 59.0
589.0 58.0
590.0 58.5
591.0 56.0
592.0 56.5
593.0 40.0
594.0 56.0
595.0 54.5
596.0 43.0
597.0 62.0
598.0 61.5
599.0 62.0
600.0 57.0
601.0 52.0
602.0 62.0
603.0 62.0
604.0 49.5
605.0 46.0
606.0 60.5
607.0 52.0
608.0 419.5
609.0 438.0
610.0 467.0
611.0 520.0
612.0 520.0
613.0 457.5
614.0 286.0
615.0 441.0
616.0 560.0
617.0 334.0
618.0 46.5
619.0 43.5
620.0 56.0
621.0 47.5
622.0 48.0
623.0 228.5
624.0 257.0
625.0 328.5
626.0 293.5
627.0 313.5
628.0 254.0
629.0 306.0
630.0 338.0
631.0 358.0
632.0 404.0
633.0 350.5
634.0 404.0
635.0 426.0
636.0 431.0
637.0 443.5
638.0 444.5
639.0 346.0
640.0 260.5
641.0 302.5
642.0 308.5
643.0 285.5
644.0 57.0
645.0 5.0
646.0 9.0
647.0 1.0
648.0 4.0
649.0 0.5
650.0 11.0
651.0 1.5
652.0 0.5
653.0 18.0
654.0 88.5
655.0 58.0
656.0 24.0
657.0 4.5
658.0 0.5
659.0 59.0
660.0 55.0
661.0 57.0
662.0 1.0
663.0 0.0
664.0 16.5
665.0 5.0
666.0 7.0
667.0 9.0
668.0 6.5
669.0 8.5
670.0 6.5
671.0 6.5
672.0 2.0
673.0 11.0
674.0 9.0
675.0 7.0
676.0 4.5
677.0 6.5
678.0 3.5
679.0 6.5
680.0 3.5
681.0 7.5
682.0 5.0
683.0 6.5
684.0 6.5
685.0 2.0
686.0 5.0
687.0 1.0
688.0 3.5
689.0 5.5
690.0 3.5
691.0 4.0
692.0 3.5
693.0 2.0
694.0 5.0
695.0 2.5
696.0 0.0
697.0 0.5
698.0 3.5
699.0 1.0
700.0 40.5
701.0 44.0
702.0 53.0
703.0 52.5
704.0 40.0
705.0 45.0
706.0 73.0
707.0 96.0
708.0 134.0
709.0 167.5
710.0 156.5
711.0 208.0
712.0 253.5
713.0 208.5
714.0 266.0
715.0 238.0
716.0 268.5
717.0 286.0
718.0 291.5
719.0 280.0
720.0 354.0
721.0 287.5
722.0 299.5
723.0 279.0
724.0 90.0
725.0 278.5
726.0 309.0
727.0 327.0
728.0 294.5
729.0 333.0
730.0 315.5
731.0 298.0
732.0 331.0
733.0 287.5
734.0 334.5
735.0 327.0
736.0 368.5
737.0 357.0
738.0 394.0
739.0 339.5
740.0 351.5
741.0 432.0
742.0 295.0
743.0 379.5
744.0 328.5
745.0 296.5
746.0 313.0
747.0 43.0
748.0 0.0
749.0 53.0
750.0 57.0
751.0 0.0
752.0 61.5
753.0 61.0
754.0 342.5
755.0 185.5
756.0 240.0
757.0 296.0
758.0 308.0
759.0 336.0
760.0 335.0
761.0 323.0
762.0 261.5
763.0 286.5
764.0 218.5
765.0 272.5
766.0 284.5
767.0 388.5
768.0 301.5
769.0 290.0
770.0 235.5
771.0 158.5
772.0 0.0
773.0 57.5
774.0 55.0
775.0 47.5
776.0 62.0
777.0 43.5
778.0 61.5
779.0 19.0
780.0 4.5
