1.0 3.875
2.0 11.0
3.0 12.875
4.0 11.625
5.0 11.25
6.0 12.0
7.0 14.5
8.0 15.5
9.0 6.125
10.0 14.0
11.0 13.125
12.0 14.25
13.0 13.25
14.0 20.5
15.0 0.0
16.0 0.0
17.0 10.375
18.0 15.0
19.0 13.875
20.0 44.25
21.0 35.125
22.0 34.75
23.0 36.375
24.0 40.75
25.0 12.375
26.0 10.75
27.0 12.875
28.0 15.5
29.0 47.75
30.0 12.375
31.0 2.5
32.0 3.25
33.0 1.25
34.0 1.5
35.0 4.875
36.0 15.375
37.0 11.75
38.0 16.625
39.0 42.0
40.0 39.25
41.0 46.375
42.0 39.25
43.0 27.75
44.0 12.375
45.0 30.75
46.0 12.25
47.0 91.125
48.0 75.125
49.0 49.125
50.0 29.5
51.0 26.625
52.0 33.5
53.0 14.375
54.0 13.0
55.0 100.375
56.0 88.75
57.0 104.0
58.0 103.0
59.0 89.0
60.0 96.625
61.0 106.5
62.0 103.75
63.0 73.25
64.0 5.375
65.0 10.75
66.0 14.75
67.0 11.75
68.0 14.875
69.0 12.875
70.0 14.125
71.0 71.0
72.0 85.625
73.0 85.5
74.0 59.75
75.0 26.375
76.0 2.875
77.0 3.375
78.0 7.25
79.0 10.625
80.0 10.75
81.0 9.375
82.0 9.5
83.0 0.0
84.0 0.0
85.0 0.0
86.0 0.0
87.0 0.0
88.0 0.0
89.0 0.0
90.0 0.0
91.0 0.0
92.0 0.0
93.0 0.0
94.0 5.75
95.0 14.125
96.0 11.0
97.0 12.125
98.0 6.75
99.0 12.625
100.0 10.25
101.0 14.875
102.0 15.5
103.0 13.25
104.0 13.375
105.0 12.5
106.0 15.625
107.0 26.25
108.0 45.625
109.0 52.5
110.0 55.875
111.0 58.125
112.0 32.0
113.0 32.75
114.0 52.625
115.0 67.375
116.0 56.875
117.0 112.0
118.0 123.0
119.0 133.75
120.0 163.75
121.0 146.25
122.0 173.75
123.0 103.25
124.0 30.0
125.0 18.375
126.0 4.625
127.0 4.25
128.0 9.125
129.0 8.5
130.0 7.375
131.0 14.5
132.0 14.25
133.0 9.875
134.0 19.0
135.0 14.25
136.0 111.625
137.0 109.0
138.0 45.5
139.0 44.625
140.0 8.625
141.0 13.625
142.0 16.125
143.0 13.875
144.0 13.875
145.0 53.125
146.0 55.25
147.0 56.375
148.0 62.0
149.0 53.0
150.0 50.75
151.0 46.75
152.0 50.25
153.0 57.625
154.0 65.5
155.0 73.375
156.0 102.25
157.0 115.25
158.0 141.25
159.0 152.5
160.0 155.0
161.0 100.625
162.0 6.875
163.0 9.875
164.0 15.625
165.0 15.125
166.0 15.125
167.0 15.625
168.0 13.375
169.0 88.75
170.0 97.0
171.0 91.625
172.0 97.375
173.0 76.875
174.0 17.125
175.0 20.875
176.0 14.375
177.0 93.75
178.0 90.125
179.0 98.0
180.0 107.625
181.0 102.375
182.0 102.75
183.0 101.5
184.0 108.75
185.0 110.375
186.0 105.25
187.0 114.875
188.0 118.5
189.0 124.75
190.0 125.0
191.0 118.875
192.0 130.0
193.0 137.5
194.0 137.5
195.0 143.75
196.0 146.25
197.0 142.5
198.0 138.75
199.0 136.25
200.0 152.5
201.0 142.5
202.0 160.0
203.0 155.0
204.0 187.5
205.0 178.75
206.0 22.25
207.0 29.125
208.0 14.625
209.0 10.0
210.0 19.625
211.0 10.5
212.0 3.75
213.0 3.0
214.0 29.25
215.0 33.875
216.0 12.75
217.0 74.625
218.0 92.5
