1.0 5.5
2.0 2.5
3.0 3.0
4.0 3.0
5.0 2.0
6.0 2.5
7.0 2.0
8.0 2.5
9.0 4.0
10.0 4.0
11.0 4.5
12.0 4.0
13.0 4.5
14.0 56.5
15.0 59.0
16.0 56.0
17.0 55.5
18.0 55.5
19.0 60.0
20.0 48.5
21.0 49.5
22.0 59.0
23.0 57.5
24.0 48.0
25.0 49.5
26.0 62.0
27.0 57.0
28.0 58.0
29.0 44.5
30.0 61.0
31.0 61.5
32.0 58.5
33.0 62.0
34.0 54.5
35.0 49.0
36.0 55.0
37.0 61.0
38.0 60.5
39.0 58.0
40.0 58.5
41.0 58.5
42.0 53.0
43.0 56.5
44.0 41.0
45.0 62.5
46.0 53.0
47.0 58.0
48.0 62.0
49.0 61.5
50.0 58.5
51.0 5.5
52.0 6.0
53.0 6.0
54.0 6.5
55.0 7.5
56.0 8.0
57.0 10.5
58.0 10.0
59.0 15.0
60.0 24.0
61.0 19.0
62.0 17.0
63.0 21.5
64.0 22.0
65.0 14.0
66.0 17.0
67.0 17.5
68.0 18.0
69.0 18.0
70.0 21.5
71.0 16.0
72.0 19.5
73.0 19.5
74.0 18.5
75.0 20.0
76.0 22.0
77.0 23.5
78.0 25.0
79.0 22.5
80.0 22.0
81.0 19.5
82.0 18.5
83.0 23.0
84.0 28.5
85.0 31.0
86.0 31.5
87.0 32.0
88.0 24.0
89.0 25.5
90.0 32.0
91.0 32.0
92.0 33.0
93.0 39.0
94.0 43.0
95.0 41.5
96.0 46.5
97.0 55.5
98.0 53.5
99.0 70.5
100.0 69.5
101.0 88.5
102.0 74.0
103.0 103.5
104.0 98.0
105.0 103.0
106.0 121.0
107.0 125.0
108.0 114.0
109.0 118.5
110.0 127.5
111.0 136.5
112.0 168.5
113.0 178.0
114.0 202.5
115.0 227.0
116.0 247.5
117.0 242.5
118.0 239.5
119.0 248.0
120.0 270.0
121.0 274.0
122.0 288.5
123.0 42.5
124.0 285.5
125.0 327.5
126.0 310.0
127.0 334.0
128.0 61.0
129.0 55.0
130.0 431.5
131.0 417.5
132.0 271.0
133.0 368.0
134.0 288.5
135.0 284.5
136.0 329.5
137.0 383.0
138.0 332.5
139.0 338.0
140.0 327.5
141.0 401.5
142.0 338.5
143.0 281.0
144.0 395.5
145.0 362.5
146.0 369.0
147.0 364.5
148.0 450.0
149.0 362.0
150.0 455.5
151.0 384.5
152.0 595.0
153.0 468.5
154.0 408.0
155.0 420.5
156.0 530.0
157.0 481.5
158.0 457.5
159.0 620.0
160.0 585.0
161.0 289.0
162.0 4.0
163.0 4.5
164.0 0.0
165.0 175.5
166.0 311.5
167.0 535.0
168.0 565.0
169.0 461.5
170.0 481.0
171.0 610.0
172.0 510.0
173.0 635.0
174.0 595.0
175.0 670.0
176.0 565.0
177.0 705.0
178.0 595.0
179.0 615.0
180.0 555.0
181.0 765.0
182.0 570.0
183.0 640.0
184.0 505.0
185.0 477.0
186.0 489.5
187.0 364.5
188.0 375.0
189.0 140.5
190.0 0.0
191.0 23.0
192.0 184.0
193.0 341.5
194.0 273.5
195.0 75.0
196.0 9.0
197.0 195.5
198.0 263.0
199.0 328.0
200.0 277.5
201.0 353.5
202.0 359.0
203.0 349.5
204.0 315.0
205.0 381.5
206.0 293.5
207.0 203.0
208.0 293.5
209.0 265.5
210.0 241.0
211.0 177.0
212.0 1.0
213.0 1.0
214.0 1.0
215.0 179.5
216.0 215.0
217.0 234.0
218.0 299.0
219.0 279.5
220.0 372.0
221.0 362.5
222.0 315.0
223.0 333.5
224.0 269.5
225.0 444.5
226.0 339.5
227.0 458.0
228.0 357.5
229.0 377.5
230.0 316.0
231.0 426.0
232.0 520.0
233.0 545.0
234.0 458.0
235.0 560.0
236.0 499.0
237.0 404.5
238.0 416.0
239.0 376.0
240.0 289.0
241.0 333.5
242.0 365.0
243.0 333.5
244.0 45.5
245.0 367.5
246.0 274.5
247.0 268.0
248.0 333.5
249.0 245.0
250.0 320.5
251.0 272.0
252.0 245.0
253.0 255.0
254.0 307.0
255.0 269.5
256.0 280.5
257.0 262.0
258.0 311.5
259.0 272.0
260.0 211.5
261.0 243.5
262.0 304.5
263.0 232.5
264.0 157.0
265.0 0.0
266.0 0.0
267.0 0.0
268.0 0.0
269.0 1.5
270.0 10.5
271.0 7.0
272.0 3.0
273.0 3.5
274.0 15.5
275.0 5.0
276.0 21.5
277.0 58.0
278.0 49.5
279.0 87.5
280.0 97.5
281.0 99.0
282.0 120.0
283.0 119.0
284.0 117.0
285.0 157.0
286.0 161.0
287.0 135.5
288.0 232.0
289.0 150.0
290.0 95.0
291.0 111.5
292.0 145.5
293.0 61.0
294.0 57.0
295.0 125.0
296.0 146.5
297.0 162.5
298.0 120.5
299.0 156.0
300.0 158.0
301.0 179.5
302.0 186.0
303.0 139.5
304.0 177.5
305.0 171.5
306.0 184.0
307.0 204.5
308.0 201.5
309.0 218.5
310.0 203.0
311.0 188.5
312.0 257.5
313.0 222.5
314.0 211.0
315.0 271.0
316.0 235.0
317.0 234.5
318.0 273.5
319.0 329.5
320.0 274.0
321.0 228.5
322.0 222.0
323.0 244.5
324.0 194.5
325.0 201.0
326.0 299.0
327.0 227.0
328.0 249.5
329.0 262.0
330.0 250.5
331.0 258.0
332.0 239.0
333.0 246.5
334.0 242.0
335.0 255.0
336.0 237.0
337.0 330.5
338.0 327.5
339.0 229.0
340.0 236.5
341.0 261.5
342.0 275.0
343.0 242.5
344.0 306.0
345.0 318.5
346.0 300.0
347.0 53.5
348.0 47.0
349.0 360.5
350.0 365.5
351.0 374.0
352.0 410.5
353.0 56.0
354.0 451.5
355.0 464.5
356.0 451.0
357.0 455.5
358.0 402.5
359.0 311.5
360.0 326.0
361.0 360.5
362.0 372.0
363.0 334.5
364.0 457.5
365.0 418.0
366.0 368.0
367.0 406.5
368.0 381.0
369.0 359.0
370.0 352.0
371.0 349.0
372.0 318.0
373.0 308.0
374.0 336.0
375.0 238.0
376.0 249.0
377.0 289.0
378.0 233.5
379.0 39.0
380.0 0.5
381.0 2.5
382.0 10.5
383.0 144.5
384.0 117.5
385.0 135.5
386.0 22.5
387.0 26.5
388.0 7.5
389.0 0.0
390.0 0.0
391.0 12.5
392.0 51.5
393.0 71.0
394.0 73.0
395.0 85.5
396.0 110.0
397.0 136.5
398.0 199.5
399.0 167.5
400.0 160.5
401.0 196.5
402.0 15.0
403.0 8.0
404.0 11.0
405.0 1.0
406.0 9.0
407.0 13.5
408.0 34.0
409.0 17.0
410.0 1.0
411.0 4.0
412.0 4.5
413.0 9.5
414.0 20.5
415.0 1.0
416.0 8.5
417.0 8.5
418.0 14.5
419.0 75.0
420.0 43.5
421.0 53.5
422.0 61.0
423.0 65.0
424.0 77.5
425.0 61.0
426.0 75.0
427.0 108.5
428.0 136.0
429.0 151.0
430.0 150.5
431.0 181.0
432.0 176.0
433.0 210.0
434.0 216.0
435.0 246.0
436.0 229.0
437.0 264.0
438.0 280.0
439.0 290.5
440.0 316.0
441.0 282.0
442.0 378.5
443.0 357.5
444.0 344.5
445.0 412.5
446.0 392.5
447.0 357.0
448.0 314.0
449.0 402.0
450.0 376.5
451.0 429.0
452.0 459.5
453.0 456.0
454.0 434.5
455.0 391.0
456.0 331.0
457.0 289.5
458.0 298.0
459.0 346.0
460.0 271.5
461.0 59.5
462.0 47.5
463.0 186.5
464.0 186.5
465.0 97.5
466.0 100.5
467.0 2.5
468.0 5.0
469.0 0.5
470.0 0.0
471.0 62.5
472.0 44.5
473.0 2.0
474.0 1.5
475.0 4.5
476.0 6.0
477.0 1.0
478.0 5.5
479.0 2.5
480.0 2.5
481.0 5.0
482.0 2.5
483.0 52.0
484.0 62.5
485.0 1.5
486.0 4.5
487.0 5.0
488.0 3.5
489.0 3.0
490.0 3.5
491.0 1.5
492.0 3.0
493.0 3.0
494.0 58.5
495.0 43.0
496.0 44.5
497.0 44.5
498.0 46.0
499.0 3.0
500.0 2.5
501.0 1.0
502.0 3.5
503.0 4.0
504.0 3.5
505.0 3.0
506.0 3.5
507.0 3.0
508.0 7.0
509.0 5.5
510.0 3.0
511.0 2.5
512.0 3.5
513.0 4.5
514.0 5.5
515.0 4.0
516.0 3.0
517.0 5.5
518.0 6.5
519.0 6.0
520.0 7.0
521.0 7.0
522.0 7.5
523.0 8.5
524.0 11.0
525.0 16.0
526.0 20.0
527.0 21.5
528.0 13.0
529.0 27.0
530.0 26.5
531.0 15.5
532.0 32.5
533.0 26.0
534.0 24.0
535.0 25.5
536.0 23.5
537.0 26.5
538.0 25.5
539.0 24.0
540.0 25.0
541.0 26.0
542.0 31.0
543.0 19.5
544.0 26.5
545.0 20.5
546.0 12.5
547.0 55.5
548.0 51.5
549.0 61.0
550.0 62.5
551.0 48.0
552.0 56.5
553.0 55.0
554.0 46.5
555.0 48.5
556.0 62.0
557.0 57.0
558.0 57.5
559.0 37.5
560.0 61.5
561.0 46.5
562.0 56.5
563.0 61.0
564.0 55.5
565.0 59.5
566.0 53.5
567.0 57.5
568.0 46.5
569.0 42.0
570.0 59.0
571.0 51.5
572.0 60.0
573.0 60.5
574.0 51.0
575.0 50.5
576.0 57.0
577.0 42.5
578.0 59.5
579.0 44.0
580.0 58.5
581.0 39.0
582.0 52.0
583.0 62.5
584.0 54.0
585.0 42.5
586.0 49.0
587.0 53.5
588.0 51.5
589.0 59.0
590.0 55.0
591.0 48.0
592.0 51.5
593.0 54.5
594.0 62.0
595.0 62.5
596.0 57.0
597.0 56.5
598.0 52.0
599.0 62.5
600.0 53.0
601.0 57.0
602.0 62.0
603.0 50.5
604.0 59.0
605.0 53.5
606.0 43.0
607.0 51.5
608.0 54.0
609.0 61.0
610.0 58.5
611.0 44.0
612.0 58.5
613.0 52.5
614.0 46.5
615.0 40.5
616.0 62.0
617.0 58.5
618.0 62.0
619.0 61.0
620.0 60.0
621.0 62.0
622.0 48.5
623.0 49.0
624.0 60.0
625.0 62.5
626.0 46.5
627.0 50.0
628.0 51.5
629.0 50.0
630.0 57.0
631.0 59.0
632.0 42.5
633.0 58.0
634.0 42.5
635.0 57.5
636.0 59.5
637.0 52.0
638.0 53.5
639.0 48.0
640.0 57.0
641.0 57.5
642.0 49.5
643.0 62.5
644.0 55.5
645.0 61.0
646.0 45.0
647.0 51.5
648.0 60.5
649.0 57.0
650.0 56.5
651.0 56.0
652.0 59.0
653.0 59.5
654.0 54.5
655.0 49.0
656.0 48.0
657.0 61.0
658.0 60.5
659.0 59.5
660.0 58.5
661.0 43.5
662.0 55.5
663.0 58.5
664.0 43.0
665.0 3.5
666.0 4.0
667.0 4.0
668.0 4.0
669.0 2.0
670.0 4.0
671.0 3.0
672.0 2.5
673.0 1.5
674.0 2.0
675.0 3.5
676.0 3.0
677.0 2.0
678.0 3.5
679.0 2.5
680.0 3.5
681.0 2.5
682.0 2.5
683.0 3.5
684.0 3.0
685.0 3.0
686.0 2.5
687.0 3.5
688.0 3.5
689.0 2.5
690.0 2.5
691.0 3.5
692.0 1.5
693.0 2.0
694.0 1.5
695.0 3.0
696.0 1.5
697.0 1.5
698.0 2.0
699.0 1.5
700.0 1.0
701.0 1.5
702.0 1.5
703.0 1.5
704.0 1.5
705.0 1.5
706.0 2.0
707.0 1.0
708.0 1.5
709.0 58.5
710.0 37.5
711.0 1.5
712.0 0.5
713.0 1.5
714.0 1.5
715.0 1.5
716.0 1.0
717.0 49.0
718.0 51.5
719.0 1.5
720.0 2.0
721.0 1.5
722.0 1.5
723.0 2.0
724.0 1.5
725.0 1.0
726.0 49.5
727.0 61.5
728.0 45.5
729.0 42.0
730.0 53.5
731.0 47.0
732.0 48.5
733.0 51.0
734.0 53.5
735.0 53.5
736.0 60.0
737.0 53.5
738.0 50.0
739.0 59.5
740.0 62.0
741.0 52.0
742.0 62.0
743.0 53.0
744.0 62.5
745.0 53.5
746.0 49.0
747.0 55.0
748.0 62.5
749.0 52.5
750.0 48.5
751.0 50.5
752.0 58.5
753.0 59.5
754.0 57.0
755.0 45.5
756.0 50.0
757.0 39.5
758.0 54.5
759.0 48.5
760.0 57.0
761.0 42.0
762.0 56.5
763.0 48.5
764.0 46.0
765.0 56.5
766.0 57.0
767.0 52.5
768.0 59.0
769.0 47.5
770.0 60.0
771.0 49.5
772.0 49.0
773.0 45.0
774.0 52.5
775.0 62.0
776.0 52.5
777.0 42.5
778.0 61.5
779.0 53.0
780.0 38.5
781.0 48.0
782.0 57.5
783.0 53.5
784.0 49.5
785.0 45.5
786.0 58.5
787.0 61.0
788.0 54.5
789.0 49.5
790.0 42.5
791.0 49.0
792.0 54.5
793.0 54.5
794.0 59.0
795.0 61.5
796.0 62.5
797.0 55.0
798.0 56.0
799.0 48.5
