1.0 57.0
2.0 60.5
3.0 56.0
4.0 51.0
5.0 58.5
6.0 41.0
7.0 47.0
8.0 53.0
9.0 45.0
10.0 58.0
11.0 0.0
12.0 0.0
13.0 8.0
14.0 58.0
15.0 43.5
16.0 62.0
17.0 58.0
18.0 72.5
19.0 34.5
20.0 56.0
21.0 51.0
22.0 104.0
23.0 201.0
24.0 272.0
25.0 287.0
26.0 147.5
27.0 55.5
28.0 55.0
29.0 124.5
30.0 72.0
31.0 58.5
32.0 58.5
33.0 53.0
34.0 47.0
35.0 29.5
36.0 61.0
37.0 47.0
38.0 56.5
39.0 291.0
40.0 286.5
41.0 297.0
42.0 146.0
43.0 9.5
44.0 6.5
45.0 9.5
46.0 80.5
47.0 8.5
48.0 4.0
49.0 13.5
50.0 18.5
51.0 55.0
52.0 59.0
53.0 51.5
54.0 53.5
55.0 45.0
56.0 55.5
57.0 52.5
58.0 48.5
59.0 51.0
60.0 58.5
61.0 50.5
62.0 46.5
63.0 55.5
64.0 55.5
65.0 54.0
66.0 42.5
67.0 57.0
68.0 57.5
69.0 48.0
70.0 45.0
71.0 53.5
72.0 59.0
73.0 60.0
74.0 60.0
75.0 47.0
76.0 60.5
77.0 51.0
78.0 43.5
79.0 57.0
80.0 58.0
81.0 62.5
82.0 59.5
83.0 60.5
84.0 52.0
85.0 60.5
86.0 53.0
87.0 53.5
88.0 42.0
89.0 49.0
90.0 63.5
91.0 88.0
92.0 109.0
93.0 140.0
94.0 197.5
95.0 217.5
96.0 219.0
97.0 227.5
98.0 237.5
99.0 286.5
100.0 314.5
101.0 352.5
102.0 349.0
103.0 355.0
104.0 380.0
105.0 456.0
106.0 540.0
107.0 565.0
108.0 515.0
109.0 565.0
110.0 565.0
111.0 550.0
112.0 500.0
113.0 525.0
114.0 500.0
115.0 496.0
116.0 505.0
117.0 515.0
118.0 490.5
119.0 510.0
120.0 520.0
121.0 530.0
122.0 555.0
123.0 540.0
124.0 515.0
125.0 499.5
126.0 499.5
127.0 540.0
128.0 510.0
129.0 497.5
130.0 498.5
131.0 510.0
132.0 530.0
133.0 560.0
134.0 555.0
135.0 457.0
136.0 550.0
137.0 680.0
138.0 745.0
139.0 680.0
140.0 452.0
141.0 346.5
142.0 555.0
143.0 570.0
144.0 409.5
145.0 382.5
146.0 248.5
147.0 231.0
148.0 195.0
149.0 276.5
150.0 7.5
151.0 5.0
152.0 4.5
153.0 49.0
154.0 11.5
155.0 7.5
156.0 19.5
157.0 37.5
158.0 52.0
159.0 155.5
160.0 204.0
161.0 216.5
162.0 229.0
163.0 189.5
164.0 234.5
165.0 261.0
166.0 236.0
167.0 275.5
168.0 275.0
169.0 283.5
170.0 279.5
171.0 354.5
172.0 470.0
173.0 351.5
174.0 428.0
175.0 435.0
176.0 368.0
177.0 391.5
178.0 351.0
179.0 342.0
180.0 211.5
181.0 2.5
182.0 5.5
183.0 4.5
184.0 44.5
185.0 52.0
186.0 60.0
187.0 60.5
188.0 367.5
189.0 449.5
190.0 380.5
191.0 405.5
192.0 444.5
193.0 379.5
194.0 199.5
195.0 384.0
196.0 461.5
197.0 388.5
198.0 91.5
199.0 16.5
200.0 0.0
201.0 54.5
202.0 60.0
203.0 436.5
204.0 286.0
205.0 140.5
206.0 7.0
207.0 0.0
208.0 55.5
209.0 46.5
210.0 530.0
211.0 705.0
212.0 770.0
213.0 790.0
214.0 800.0
215.0 775.0
216.0 780.0
217.0 690.0
218.0 785.0
219.0 835.0
220.0 785.0
221.0 845.0
222.0 800.0
223.0 730.0
224.0 725.0
225.0 665.0
226.0 720.0
227.0 715.0
228.0 830.0
229.0 615.0
230.0 460.5
231.0 695.0
232.0 870.0
233.0 830.0
234.0 431.5
235.0 406.0
236.0 418.0
237.0 261.0
238.0 10.0
239.0 220.5
240.0 11.5
241.0 12.5
242.0 59.0
243.0 43.0
244.0 280.0
245.0 570.0
246.0 357.0
247.0 382.0
248.0 355.0
249.0 438.5
250.0 368.5
251.0 413.5
252.0 292.5
253.0 41.0
254.0 61.5
255.0 61.5
256.0 51.0
257.0 43.0
258.0 94.0
259.0 230.0
260.0 267.0
261.0 316.0
262.0 48.0
263.0 72.0
264.0 58.0
265.0 222.5
266.0 218.0
267.0 232.0
268.0 204.0
269.0 245.0
270.0 160.0
271.0 20.0
272.0 0.0
273.0 0.5
274.0 0.0
275.0 2.0
276.0 1.0
277.0 0.0
278.0 14.5
279.0 0.0
280.0 47.5
281.0 52.0
282.0 42.5
283.0 52.0
284.0 47.5
285.0 61.5
286.0 49.5
287.0 50.5
288.0 44.0
289.0 40.5
290.0 61.5
291.0 47.5
292.0 57.0
293.0 52.0
294.0 57.5
295.0 41.5
296.0 53.5
297.0 51.0
298.0 48.0
299.0 55.0
300.0 48.0
