1.0 68.375
2.0 83.0
3.0 100.0
4.0 93.125
5.0 24.375
6.0 12.625
7.0 12.25
8.0 12.875
9.0 10.125
10.0 4.875
11.0 20.0
12.0 18.0
13.0 14.375
14.0 25.25
15.0 8.375
16.0 15.0
17.0 0.125
18.0 0.0
19.0 0.0
20.0 0.0
21.0 0.0
22.0 13.375
23.0 13.25
24.0 10.125
25.0 22.75
26.0 23.75
27.0 25.25
28.0 27.125
29.0 29.25
30.0 29.875
31.0 25.0
32.0 23.25
33.0 35.875
34.0 36.75
35.0 51.5
36.0 67.25
37.0 68.125
38.0 58.375
39.0 81.625
40.0 80.375
41.0 93.375
42.0 123.125
43.0 73.75
44.0 80.875
45.0 10.125
46.0 14.25
47.0 28.0
48.0 90.125
49.0 104.125
50.0 115.875
51.0 83.875
52.0 99.625
53.0 66.5
54.0 13.375
55.0 14.625
56.0 78.375
57.0 34.25
58.0 15.25
59.0 12.625
60.0 15.0
61.0 51.125
62.0 83.125
63.0 93.25
64.0 92.125
65.0 97.375
66.0 87.75
67.0 50.5
68.0 74.5
69.0 67.25
70.0 110.125
71.0 105.875
72.0 24.5
73.0 11.25
74.0 14.25
75.0 22.75
76.0 76.75
77.0 119.125
78.0 113.0
79.0 111.875
80.0 142.5
81.0 123.625
82.0 103.125
83.0 142.5
84.0 137.5
85.0 126.25
86.0 117.875
87.0 145.0
88.0 124.25
89.0 128.75
90.0 160.0
91.0 111.125
92.0 14.375
93.0 24.0
94.0 114.125
95.0 146.25
96.0 152.5
97.0 152.5
98.0 141.25
99.0 158.75
100.0 161.25
101.0 152.5
102.0 120.625
103.0 153.75
104.0 156.25
105.0 167.5
106.0 182.5
107.0 181.25
108.0 157.5
109.0 195.0
110.0 198.75
111.0 161.25
112.0 119.0
113.0 79.0
114.0 88.875
115.0 96.75
116.0 108.75
117.0 138.75
118.0 132.5
119.0 126.25
120.0 98.625
121.0 112.75
122.0 120.125
123.0 100.0
124.0 97.125
125.0 88.75
126.0 92.875
127.0 94.25
128.0 87.375
129.0 71.5
130.0 0.5
131.0 3.75
132.0 0.0
133.0 1.125
134.0 3.125
135.0 1.5
136.0 1.0
137.0 11.25
138.0 15.0
139.0 47.0
140.0 84.75
141.0 130.0
142.0 141.25
143.0 141.25
144.0 171.25
145.0 120.875
146.0 122.375
147.0 130.0
148.0 137.5
149.0 12.25
150.0 15.25
151.0 12.5
152.0 12.0
153.0 13.75
154.0 100.5
155.0 107.875
156.0 147.5
157.0 122.75
158.0 86.375
159.0 20.625
160.0 2.625
161.0 4.875
162.0 9.375
163.0 1.375
164.0 14.25
165.0 13.375
166.0 15.125
167.0 11.375
168.0 14.875
169.0 13.25
170.0 12.625
171.0 15.25
172.0 12.375
173.0 13.875
174.0 11.125
175.0 14.875
176.0 13.875
177.0 47.25
178.0 63.125
179.0 62.75
180.0 68.875
181.0 45.625
182.0 52.625
183.0 62.875
184.0 65.875
185.0 71.375
186.0 73.875
187.0 81.75
188.0 72.25
189.0 73.75
190.0 76.25
191.0 87.0
192.0 89.375
193.0 88.5
194.0 94.875
195.0 93.25
196.0 91.625
197.0 99.375
198.0 98.375
199.0 115.0
200.0 111.0
201.0 111.625
202.0 104.375
203.0 114.0
204.0 108.25
205.0 119.75
206.0 116.375
207.0 109.5
208.0 99.375
209.0 116.875
210.0 120.75
211.0 116.75
212.0 113.5
213.0 146.25
214.0 103.125
215.0 109.25
216.0 136.25
217.0 157.5
218.0 142.5
219.0 74.625
220.0 39.625
221.0 117.125
222.0 117.25
223.0 142.5
224.0 152.5
225.0 13.0
226.0 15.375
227.0 12.75
228.0 12.5
229.0 81.75
230.0 137.5
231.0 70.0
232.0 108.0
233.0 114.375
234.0 114.375
235.0 74.625
236.0 4.875
237.0 67.625
238.0 95.25
239.0 91.5
240.0 100.5
241.0 18.75
242.0 7.5
243.0 4.5
244.0 15.0
245.0 10.5
246.0 9.75
247.0 9.0
248.0 8.0
249.0 7.375
250.0 8.125
251.0 9.25
252.0 9.625
253.0 9.875
254.0 8.75
255.0 12.75
256.0 13.375
257.0 23.75
258.0 32.625
259.0 43.25
260.0 46.875
261.0 52.125
262.0 57.625
263.0 66.25
264.0 64.25
265.0 77.75
266.0 84.125
267.0 87.875
268.0 100.375
269.0 100.375
270.0 97.375
271.0 80.625
272.0 14.0
273.0 13.75
274.0 76.75
275.0 106.625
276.0 95.625
277.0 94.5
278.0 102.125
279.0 118.375
280.0 124.125
281.0 115.625
282.0 124.5
283.0 108.375
284.0 102.5
285.0 109.25
286.0 109.875
287.0 99.375
288.0 101.5
289.0 96.0
290.0 121.875
291.0 117.625
292.0 155.0
293.0 135.0
294.0 101.5
295.0 103.375
296.0 95.625
297.0 92.0
298.0 178.75
299.0 155.0
300.0 205.0
301.0 155.0
302.0 138.75
303.0 152.5
304.0 198.75
305.0 175.0
306.0 68.125
307.0 38.0
308.0 90.5
309.0 87.375
310.0 98.375
311.0 21.5
312.0 66.125
313.0 76.5
314.0 38.125
315.0 68.375
316.0 75.875
317.0 73.625
318.0 67.375
319.0 93.375
320.0 88.375
321.0 97.75
322.0 91.75
323.0 95.875
324.0 97.625
325.0 41.75
326.0 12.125
327.0 33.875
328.0 82.125
329.0 70.625
330.0 11.75
331.0 15.625
332.0 71.75
333.0 69.875
334.0 86.875
335.0 92.125
336.0 90.25
337.0 94.125
338.0 80.0
339.0 96.125
340.0 96.875
341.0 81.25
342.0 89.375
343.0 98.0
344.0 102.875
345.0 101.75
346.0 110.75
347.0 115.0
348.0 120.5
349.0 138.75
350.0 131.25
351.0 147.5
352.0 133.75
353.0 161.25
354.0 146.25
355.0 176.25
356.0 165.0
357.0 178.75
358.0 175.0
359.0 186.25
360.0 183.75
361.0 181.25
362.0 172.5
363.0 183.75
364.0 177.5
365.0 171.25
366.0 170.0
367.0 170.0
368.0 178.75
369.0 165.0
370.0 182.5
371.0 160.0
372.0 185.0
373.0 182.5
374.0 170.0
375.0 165.0
376.0 141.25
377.0 183.75
378.0 185.0
379.0 172.5
380.0 141.25
381.0 14.875
382.0 10.75
383.0 117.375
384.0 155.0
385.0 136.25
386.0 141.25
387.0 128.75
388.0 116.25
389.0 125.0
390.0 131.25
391.0 155.0
392.0 135.0
393.0 140.0
394.0 147.5
395.0 136.25
396.0 155.0
397.0 116.25
398.0 177.5
399.0 143.75
400.0 93.625
401.0 103.25
402.0 112.0
403.0 97.25
404.0 84.375
405.0 103.875
406.0 110.0
407.0 56.0
408.0 77.25
409.0 98.75
410.0 84.75
411.0 98.125
412.0 60.625
413.0 2.625
414.0 1.625
415.0 48.0
416.0 21.75
417.0 2.75
418.0 30.5
419.0 5.5
420.0 3.875
421.0 0.0
422.0 6.625
423.0 14.125
424.0 15.25
425.0 14.125
426.0 52.375
427.0 64.125
428.0 62.125
429.0 62.5
430.0 62.5
431.0 63.875
432.0 62.0
433.0 55.375
434.0 11.375
435.0 14.875
436.0 58.75
437.0 62.0
438.0 64.25
439.0 63.625
440.0 67.875
441.0 68.25
442.0 60.375
443.0 12.875
444.0 11.875
445.0 57.625
446.0 65.875
447.0 62.375
448.0 61.625
449.0 64.375
450.0 67.375
451.0 68.375
452.0 63.125
453.0 73.875
454.0 71.0
455.0 72.5
456.0 79.5
457.0 81.0
458.0 83.125
459.0 85.75
460.0 89.625
461.0 93.0
462.0 95.75
463.0 108.125
464.0 103.5
465.0 112.0
466.0 83.25
467.0 115.375
468.0 109.25
469.0 126.25
470.0 121.875
471.0 119.0
472.0 112.625
473.0 140.0
474.0 114.75
475.0 102.375
476.0 84.25
477.0 83.875
478.0 85.75
479.0 52.25
480.0 14.5
481.0 15.375
482.0 12.375
483.0 14.5
484.0 13.875
485.0 11.5
486.0 15.0
487.0 13.625
488.0 13.5
489.0 15.125
490.0 13.625
491.0 13.875
492.0 15.625
493.0 21.5
494.0 31.75
495.0 41.25
496.0 54.125
497.0 65.0
498.0 6.125
499.0 10.125
500.0 17.125
501.0 15.125
502.0 10.875
503.0 26.875
504.0 9.0
505.0 7.125
506.0 0.0
507.0 15.25
508.0 10.125
509.0 25.875
510.0 38.875
511.0 40.125
512.0 44.0
513.0 44.75
514.0 51.625
515.0 50.75
516.0 50.625
517.0 54.125
518.0 54.25
519.0 52.5
520.0 53.5
521.0 54.75
522.0 54.625
523.0 53.5
524.0 55.25
525.0 54.5
526.0 64.75
527.0 65.125
528.0 68.5
529.0 60.875
530.0 63.5
531.0 72.375
532.0 53.25
533.0 0.375
534.0 0.0
535.0 0.0
536.0 11.75
537.0 14.875
538.0 18.125
539.0 61.375
540.0 59.25
541.0 69.625
542.0 68.625
543.0 69.25
544.0 71.125
545.0 74.625
546.0 75.0
547.0 69.125
548.0 74.75
549.0 67.5
550.0 79.375
551.0 74.5
552.0 73.625
553.0 78.125
554.0 82.875
555.0 73.25
556.0 83.875
557.0 74.75
558.0 81.75
559.0 83.5
560.0 108.875
561.0 97.875
562.0 97.375
563.0 75.375
564.0 98.0
565.0 70.375
566.0 70.375
567.0 119.75
568.0 105.5
569.0 125.0
570.0 161.25
571.0 161.25
572.0 138.75
573.0 123.625
574.0 112.25
575.0 112.5
576.0 105.875
577.0 81.0
578.0 55.125
579.0 35.75
580.0 5.875
581.0 0.0
582.0 11.25
583.0 11.875
584.0 21.25
585.0 26.75
586.0 34.125
587.0 42.0
588.0 58.375
589.0 64.125
590.0 85.5
591.0 92.0
592.0 80.75
593.0 100.875
594.0 109.625
595.0 119.75
596.0 110.5
597.0 95.75
598.0 105.5
599.0 102.5
600.0 8.75
601.0 15.625
602.0 9.75
603.0 18.75
604.0 64.5
605.0 63.0
606.0 84.625
607.0 101.375
608.0 111.25
609.0 113.625
610.0 123.5
611.0 112.25
612.0 111.875
613.0 102.875
614.0 121.625
615.0 110.5
616.0 104.625
617.0 90.875
618.0 97.125
619.0 109.0
620.0 130.0
621.0 137.5
622.0 126.25
623.0 108.875
624.0 2.5
625.0 10.375
626.0 14.125
627.0 9.5
628.0 38.5
629.0 48.875
630.0 42.5
631.0 1.25
632.0 13.375
633.0 29.875
634.0 0.0
635.0 0.875
636.0 1.0
637.0 7.375
638.0 8.0
639.0 37.625
640.0 52.0
641.0 2.75
642.0 14.25
643.0 33.75
644.0 4.0
645.0 7.5
646.0 23.25
647.0 34.625
648.0 1.75
649.0 21.5
650.0 28.375
651.0 42.25
652.0 49.75
653.0 12.75
654.0 8.0
655.0 23.25
656.0 21.625
657.0 4.0
658.0 16.0
659.0 4.0
660.0 2.125
661.0 4.0
662.0 1.75
663.0 15.25
664.0 9.875
665.0 1.5
666.0 0.0
667.0 0.0
668.0 0.0
669.0 0.0
670.0 9.375
671.0 14.625
672.0 12.125
673.0 26.0
674.0 24.75
675.0 19.25
676.0 0.0
677.0 0.0
678.0 10.75
679.0 12.875
680.0 14.125
681.0 14.875
682.0 3.25
683.0 8.125
684.0 22.625
685.0 42.5
686.0 45.25
687.0 46.75
688.0 47.875
689.0 48.25
690.0 50.125
691.0 55.0
692.0 48.0
693.0 54.875
694.0 53.625
695.0 58.625
696.0 55.25
697.0 59.5
698.0 54.625
699.0 68.625
700.0 64.625
701.0 61.0
702.0 67.875
703.0 66.25
704.0 13.5
705.0 15.0
706.0 11.75
707.0 13.5
708.0 14.0
709.0 15.25
710.0 11.375
711.0 10.125
712.0 14.25
713.0 11.75
714.0 15.125
715.0 14.25
716.0 15.125
717.0 38.25
718.0 70.0
719.0 64.875
720.0 78.0
721.0 72.125
722.0 81.25
723.0 74.375
724.0 70.75
725.0 73.0
726.0 98.125
727.0 25.125
728.0 0.0
729.0 0.0
730.0 11.25
731.0 13.125
732.0 19.0
733.0 78.25
734.0 84.125
735.0 82.75
736.0 84.0
737.0 83.25
738.0 94.125
739.0 91.125
740.0 90.0
741.0 102.375
742.0 108.75
743.0 99.0
744.0 103.375
745.0 110.0
746.0 93.625
747.0 130.0
748.0 117.25
749.0 112.5
750.0 130.0
751.0 102.0
752.0 140.0
753.0 135.0
754.0 116.625
755.0 110.75
756.0 106.625
757.0 100.75
758.0 115.875
759.0 94.375
760.0 79.375
761.0 121.75
762.0 107.25
763.0 156.25
764.0 147.5
765.0 143.75
766.0 138.75
767.0 122.25
768.0 132.5
769.0 120.75
770.0 109.625
771.0 121.375
772.0 124.875
773.0 136.25
774.0 122.875
775.0 133.75
776.0 100.625
777.0 124.125
778.0 124.875
779.0 115.0
780.0 103.875
781.0 126.25
782.0 122.25
783.0 100.25
784.0 123.0
785.0 120.25
786.0 27.875
787.0 14.25
788.0 14.75
789.0 13.375
790.0 18.0
791.0 77.0
792.0 104.25
793.0 94.25
794.0 96.125
795.0 77.875
796.0 72.625
797.0 85.375
798.0 96.5
799.0 112.0
