1.0 61.5
2.0 48.0
3.0 59.5
4.0 59.0
5.0 61.0
6.0 60.0
7.0 59.0
8.0 58.0
9.0 54.0
10.0 54.5
11.0 60.5
12.0 53.0
13.0 54.5
14.0 58.0
15.0 49.0
16.0 61.5
17.0 51.5
18.0 51.5
19.0 57.5
20.0 43.0
21.0 49.0
22.0 59.0
23.0 50.5
24.0 55.5
25.0 53.5
26.0 62.0
27.0 47.5
28.0 55.5
29.0 54.0
30.0 47.5
31.0 58.0
32.0 44.5
33.0 55.0
34.0 60.5
35.0 45.0
36.0 54.5
37.0 54.5
38.0 49.0
39.0 57.0
40.0 50.0
41.0 49.0
42.0 59.5
43.0 59.5
44.0 51.0
45.0 46.0
46.0 62.0
47.0 56.0
48.0 52.5
49.0 46.5
50.0 40.5
51.0 59.5
52.0 50.5
53.0 55.0
54.0 58.5
55.0 49.0
56.0 54.0
57.0 59.0
58.0 62.5
59.0 62.5
60.0 42.0
61.0 57.5
62.0 50.0
63.0 61.0
64.0 54.5
65.0 57.0
66.0 47.5
67.0 61.0
68.0 61.5
69.0 25.5
70.0 39.0
71.0 51.5
72.0 50.5
73.0 61.5
74.0 51.5
75.0 63.0
76.0 68.0
77.0 88.5
78.0 115.0
79.0 154.0
80.0 208.0
81.0 237.5
82.0 312.5
83.0 374.5
84.0 361.0
85.0 499.5
86.0 447.5
87.0 675.0
88.0 675.0
89.0 302.5
90.0 103.5
91.0 570.0
92.0 700.0
93.0 560.0
94.0 570.0
95.0 685.0
96.0 510.0
97.0 492.5
98.0 346.0
99.0 560.0
100.0 530.0
101.0 430.0
102.0 520.0
103.0 615.0
104.0 540.0
105.0 179.5
106.0 193.0
107.0 456.0
108.0 535.0
109.0 505.0
110.0 510.0
111.0 398.5
112.0 346.5
113.0 380.5
114.0 336.5
115.0 455.0
116.0 590.0
117.0 525.0
118.0 395.5
119.0 484.5
120.0 436.5
121.0 410.5
122.0 405.5
123.0 420.0
124.0 418.5
125.0 380.0
126.0 467.0
127.0 346.5
128.0 331.0
129.0 349.0
130.0 426.5
131.0 433.0
132.0 382.5
133.0 315.0
134.0 317.0
135.0 357.0
136.0 249.0
137.0 117.5
138.0 164.5
139.0 40.5
140.0 29.5
141.0 0.0
142.0 0.5
143.0 0.0
144.0 7.5
145.0 1.5
146.0 6.0
147.0 46.0
148.0 58.0
149.0 42.5
150.0 73.5
151.0 28.5
152.0 54.5
153.0 3.5
154.0 20.0
155.0 15.0
156.0 35.0
157.0 14.0
158.0 17.5
159.0 21.0
160.0 18.0
161.0 32.0
162.0 37.5
163.0 38.5
164.0 42.0
165.0 55.0
166.0 64.5
167.0 62.0
168.0 57.5
169.0 50.5
170.0 29.0
171.0 46.5
172.0 57.0
173.0 63.5
174.0 66.5
175.0 69.5
176.0 75.0
177.0 88.0
178.0 95.0
179.0 101.0
180.0 111.5
181.0 124.0
182.0 152.0
183.0 161.5
184.0 199.5
185.0 243.0
186.0 277.5
187.0 279.0
188.0 241.0
189.0 334.5
190.0 55.5
191.0 318.0
192.0 329.0
193.0 307.0
194.0 399.5
195.0 268.5
196.0 280.0
197.0 353.0
198.0 299.5
199.0 356.0
200.0 313.5
201.0 376.5
202.0 313.5
203.0 313.5
204.0 346.0
205.0 314.5
206.0 291.5
207.0 312.5
208.0 325.0
209.0 284.5
210.0 392.5
211.0 409.5
212.0 334.0
213.0 341.5
214.0 328.5
215.0 284.5
216.0 332.0
217.0 233.0
218.0 5.0
219.0 38.0
220.0 85.5
221.0 141.5
222.0 3.5
223.0 13.5
224.0 15.0
225.0 12.0
226.0 59.5
227.0 124.5
228.0 121.0
229.0 119.0
230.0 128.5
231.0 131.5
232.0 132.0
233.0 134.5
234.0 153.0
235.0 182.0
236.0 210.5
237.0 229.0
238.0 260.0
239.0 327.0
240.0 384.5
241.0 469.0
242.0 545.0
243.0 575.0
244.0 630.0
245.0 635.0
246.0 600.0
247.0 675.0
248.0 535.0
249.0 530.0
250.0 540.0
251.0 635.0
252.0 152.0
253.0 34.0
254.0 4.0
255.0 0.5
256.0 20.0
257.0 7.0
258.0 5.0
259.0 16.5
260.0 23.0
261.0 13.5
262.0 3.0
263.0 9.0
264.0 0.0
265.0 17.0
266.0 13.0
267.0 9.5
268.0 60.0
269.0 114.0
270.0 113.5
271.0 87.0
272.0 78.0
273.0 88.5
274.0 28.5
275.0 60.5
276.0 0.0
277.0 0.0
278.0 0.0
279.0 7.0
280.0 49.0
281.0 61.5
282.0 93.0
283.0 96.5
284.0 101.5
285.0 108.0
286.0 120.0
287.0 118.0
288.0 106.5
289.0 115.5
290.0 147.5
291.0 170.0
292.0 207.0
293.0 237.5
294.0 263.5
295.0 333.0
296.0 405.0
297.0 470.0
298.0 499.5
299.0 450.5
300.0 470.0
301.0 484.0
302.0 670.0
303.0 620.0
304.0 444.0
305.0 469.0
306.0 675.0
307.0 650.0
308.0 530.0
309.0 439.0
310.0 498.0
311.0 650.0
312.0 590.0
313.0 493.5
314.0 580.0
315.0 434.0
316.0 710.0
317.0 540.0
318.0 565.0
319.0 404.0
320.0 412.5
321.0 395.5
322.0 434.5
323.0 426.0
324.0 391.0
325.0 505.0
326.0 463.5
327.0 457.0
328.0 675.0
329.0 520.0
330.0 535.0
331.0 471.5
332.0 294.0
333.0 0.0
334.0 2.0
335.0 61.0
336.0 50.5
337.0 380.0
338.0 412.5
339.0 442.0
340.0 625.0
341.0 320.5
342.0 595.0
343.0 575.0
344.0 443.0
345.0 379.0
346.0 525.0
347.0 432.5
348.0 510.0
349.0 472.0
350.0 349.5
351.0 464.0
352.0 520.0
353.0 545.0
354.0 525.0
355.0 795.0
356.0 730.0
357.0 765.0
358.0 720.0
359.0 449.0
360.0 451.5
361.0 775.0
362.0 442.5
363.0 406.0
364.0 590.0
365.0 428.0
366.0 258.5
367.0 293.0
368.0 25.0
369.0 0.5
370.0 0.0
371.0 58.0
372.0 61.5
373.0 435.0
374.0 515.0
375.0 740.0
376.0 680.0
377.0 760.0
378.0 885.0
379.0 655.0
380.0 660.0
381.0 439.0
382.0 424.5
383.0 515.0
384.0 655.0
385.0 449.5
386.0 695.0
387.0 555.0
388.0 620.0
389.0 428.0
390.0 675.0
391.0 770.0
392.0 495.0
393.0 625.0
394.0 740.0
395.0 600.0
396.0 21.5
397.0 535.0
398.0 675.0
399.0 610.0
400.0 515.0
401.0 655.0
402.0 650.0
403.0 515.0
404.0 690.0
405.0 745.0
406.0 745.0
407.0 580.0
408.0 685.0
409.0 690.0
410.0 525.0
411.0 680.0
412.0 590.0
413.0 765.0
414.0 720.0
415.0 700.0
416.0 530.0
417.0 800.0
418.0 810.0
419.0 745.0
420.0 750.0
421.0 820.0
422.0 790.0
423.0 775.0
424.0 745.0
425.0 880.0
426.0 710.0
427.0 605.0
428.0 705.0
429.0 660.0
430.0 710.0
431.0 785.0
432.0 785.0
433.0 580.0
434.0 620.0
435.0 715.0
436.0 655.0
437.0 760.0
438.0 525.0
439.0 283.0
440.0 259.0
441.0 41.5
442.0 9.5
443.0 0.0
444.0 4.0
445.0 42.5
446.0 54.5
447.0 59.0
448.0 7.0
449.0 1.5
450.0 3.0
451.0 1.0
452.0 104.5
453.0 69.5
454.0 92.0
455.0 63.0
456.0 151.5
457.0 28.0
458.0 0.0
459.0 5.5
460.0 55.0
461.0 48.0
462.0 62.0
463.0 45.0
464.0 51.0
465.0 53.5
466.0 57.5
467.0 55.5
468.0 98.5
469.0 105.0
470.0 113.5
471.0 108.5
472.0 119.5
473.0 117.0
474.0 129.0
475.0 138.5
476.0 151.0
477.0 147.5
478.0 151.0
479.0 153.5
480.0 180.0
481.0 205.0
482.0 254.0
483.0 288.5
484.0 368.5
485.0 407.5
486.0 492.5
487.0 585.0
488.0 620.0
489.0 605.0
490.0 725.0
491.0 660.0
492.0 725.0
493.0 700.0
494.0 810.0
495.0 825.0
496.0 680.0
497.0 840.0
498.0 860.0
499.0 780.0
500.0 655.0
501.0 810.0
502.0 850.0
503.0 675.0
504.0 725.0
505.0 815.0
506.0 745.0
507.0 660.0
508.0 760.0
509.0 755.0
510.0 795.0
511.0 745.0
512.0 510.0
513.0 725.0
514.0 457.0
515.0 605.0
516.0 530.0
517.0 474.5
518.0 404.5
519.0 437.0
520.0 510.0
521.0 550.0
522.0 660.0
523.0 416.5
524.0 448.0
525.0 461.0
526.0 505.0
527.0 560.0
528.0 38.5
529.0 62.5
530.0 56.5
531.0 42.5
532.0 53.5
533.0 50.0
534.0 57.0
535.0 46.5
536.0 439.0
537.0 447.5
538.0 474.0
539.0 420.0
540.0 493.0
541.0 425.5
542.0 0.0
543.0 0.0
544.0 40.5
545.0 62.0
546.0 51.5
547.0 61.0
548.0 61.0
549.0 53.5
550.0 47.0
551.0 62.0
552.0 58.0
553.0 57.0
554.0 55.5
555.0 55.5
556.0 58.5
557.0 60.0
558.0 43.5
559.0 58.5
560.0 51.0
561.0 46.0
562.0 54.5
563.0 43.5
564.0 56.0
565.0 57.0
566.0 46.5
567.0 42.0
568.0 57.0
569.0 52.5
570.0 62.5
571.0 59.0
572.0 62.0
573.0 62.5
574.0 61.5
575.0 48.0
576.0 60.5
577.0 55.5
578.0 57.5
579.0 62.0
580.0 61.0
581.0 40.0
582.0 40.0
583.0 50.0
584.0 45.0
585.0 12.0
586.0 6.5
587.0 31.5
588.0 16.5
589.0 37.0
590.0 3.5
591.0 5.5
592.0 4.0
593.0 4.5
594.0 5.0
595.0 5.0
596.0 5.0
597.0 4.5
598.0 8.5
599.0 5.5
600.0 53.0
601.0 50.5
602.0 49.0
603.0 53.5
604.0 55.0
605.0 60.0
606.0 60.5
607.0 62.0
608.0 53.5
609.0 59.0
610.0 52.0
611.0 44.5
612.0 45.5
613.0 42.0
614.0 52.5
615.0 62.0
616.0 59.5
617.0 54.0
618.0 44.0
619.0 60.5
620.0 45.5
621.0 44.5
622.0 53.0
623.0 56.5
624.0 58.5
625.0 54.5
626.0 57.5
627.0 53.5
628.0 55.5
629.0 58.0
630.0 60.0
631.0 54.0
632.0 48.5
633.0 61.5
634.0 57.5
635.0 43.5
636.0 54.5
637.0 54.0
638.0 60.5
639.0 55.5
640.0 59.0
641.0 54.5
642.0 45.5
643.0 52.0
644.0 52.0
645.0 57.5
646.0 51.0
647.0 45.5
648.0 61.0
649.0 53.5
650.0 57.0
651.0 59.0
652.0 58.5
653.0 51.5
654.0 61.5
655.0 41.0
656.0 52.0
657.0 54.0
658.0 61.0
659.0 44.5
660.0 57.0
661.0 39.5
662.0 59.0
663.0 56.5
664.0 52.5
665.0 59.5
666.0 61.5
667.0 56.0
668.0 54.0
669.0 58.0
670.0 56.0
671.0 167.5
672.0 190.0
673.0 206.0
674.0 197.0
675.0 216.0
676.0 219.5
677.0 240.0
678.0 248.5
679.0 261.5
680.0 275.0
681.0 255.5
682.0 327.5
683.0 335.0
684.0 359.5
685.0 367.5
686.0 358.5
687.0 400.0
688.0 424.0
689.0 435.5
690.0 463.0
691.0 457.0
692.0 460.0
693.0 540.0
694.0 530.0
695.0 545.0
696.0 416.0
697.0 545.0
698.0 525.0
699.0 520.0
700.0 478.5
701.0 515.0
702.0 499.0
703.0 487.0
704.0 493.0
705.0 404.5
706.0 460.5
707.0 379.5
708.0 382.5
709.0 81.5
710.0 30.0
711.0 166.0
712.0 241.0
713.0 67.0
714.0 50.5
715.0 4.5
716.0 1.5
717.0 4.0
718.0 49.0
719.0 55.0
720.0 61.5
721.0 56.0
722.0 61.5
723.0 175.0
724.0 243.5
725.0 268.0
726.0 254.5
727.0 260.5
728.0 268.0
729.0 252.0
730.0 278.5
731.0 291.5
732.0 280.5
733.0 281.0
734.0 295.0
735.0 318.5
736.0 325.0
737.0 332.5
738.0 335.5
739.0 386.0
740.0 394.0
741.0 369.5
742.0 434.0
743.0 420.5
744.0 440.5
745.0 439.5
746.0 273.0
747.0 391.5
748.0 337.0
749.0 40.0
750.0 1.5
751.0 0.0
752.0 2.0
753.0 1.5
754.0 0.5
755.0 62.0
756.0 62.0
757.0 50.5
758.0 48.5
759.0 52.5
760.0 62.5
761.0 41.5
762.0 42.5
763.0 1.0
764.0 0.0
765.0 0.0
766.0 0.0
767.0 0.0
768.0 5.5
769.0 58.0
770.0 47.5
771.0 42.0
772.0 53.5
773.0 52.5
774.0 48.0
775.0 56.0
776.0 60.0
777.0 50.0
778.0 61.0
779.0 60.5
780.0 57.0
781.0 52.5
782.0 57.5
783.0 52.5
784.0 59.5
785.0 40.5
786.0 59.5
787.0 62.0
788.0 47.0
789.0 62.5
790.0 54.0
791.0 56.0
792.0 42.5
793.0 51.0
794.0 59.5
795.0 60.5
796.0 48.5
797.0 62.5
798.0 54.5
799.0 53.5
