1.0 126.5
2.0 188.5
3.0 230.5
4.0 315.0
5.0 431.0
6.0 58.5
7.0 60.0
8.0 49.0
9.0 58.0
10.0 57.5
11.0 431.5
12.0 461.5
13.0 424.0
14.0 403.5
15.0 381.0
16.0 387.0
17.0 380.5
18.0 406.0
19.0 395.5
20.0 317.0
21.0 400.5
22.0 400.5
23.0 396.0
24.0 468.5
25.0 450.0
26.0 320.0
27.0 368.0
28.0 350.5
29.0 5.5
30.0 2.0
31.0 168.5
32.0 350.0
33.0 370.5
34.0 471.0
35.0 464.5
36.0 392.5
37.0 454.0
38.0 505.0
39.0 450.0
40.0 424.0
41.0 401.5
42.0 390.5
43.0 47.5
44.0 432.5
45.0 392.0
46.0 343.0
47.0 97.0
48.0 342.0
49.0 320.0
50.0 4.5
51.0 26.0
52.0 52.5
53.0 293.0
54.0 358.0
55.0 352.0
56.0 385.5
57.0 359.5
58.0 353.5
59.0 361.0
60.0 0.0
61.0 151.0
62.0 373.5
63.0 370.5
64.0 290.5
65.0 302.5
66.0 319.0
67.0 408.5
68.0 441.5
69.0 412.0
70.0 535.0
71.0 525.0
72.0 478.5
73.0 497.5
74.0 433.5
75.0 454.0
76.0 197.0
77.0 6.5
78.0 215.0
79.0 575.0
80.0 720.0
81.0 680.0
82.0 540.0
83.0 680.0
84.0 615.0
85.0 685.0
86.0 735.0
87.0 665.0
88.0 720.0
89.0 640.0
90.0 49.0
91.0 422.0
92.0 412.5
93.0 492.0
94.0 560.0
95.0 373.5
96.0 205.5
97.0 0.0
98.0 0.0
99.0 0.0
100.0 0.0
101.0 0.0
102.0 0.0
103.0 0.0
104.0 0.5
105.0 82.5
106.0 158.5
107.0 326.5
108.0 425.5
109.0 347.5
110.0 310.0
111.0 349.5
112.0 312.5
113.0 424.0
114.0 437.0
115.0 515.0
116.0 59.5
117.0 550.0
118.0 520.0
119.0 585.0
120.0 555.0
121.0 500.0
122.0 379.0
123.0 452.5
124.0 439.5
125.0 465.0
126.0 403.0
127.0 23.0
128.0 5.0
129.0 80.0
130.0 194.0
131.0 302.5
132.0 458.0
133.0 334.5
134.0 4.0
135.0 4.5
136.0 43.0
137.0 26.5
138.0 30.5
139.0 49.0
140.0 51.5
141.0 60.0
142.0 20.0
143.0 29.0
144.0 36.0
145.0 14.5
146.0 25.5
147.0 29.5
148.0 62.0
149.0 62.0
150.0 62.0
151.0 62.5
152.0 56.0
153.0 47.5
154.0 49.0
155.0 58.0
156.0 48.0
157.0 44.0
158.0 47.0
159.0 49.5
160.0 60.0
161.0 61.5
162.0 53.0
163.0 50.5
164.0 55.5
165.0 53.0
166.0 58.5
167.0 49.5
168.0 60.5
169.0 50.0
170.0 46.5
171.0 56.0
172.0 53.0
173.0 43.0
174.0 49.0
175.0 62.5
176.0 58.0
177.0 476.0
178.0 411.0
179.0 431.5
180.0 470.0
181.0 496.5
182.0 497.0
183.0 470.5
184.0 515.0
185.0 496.5
186.0 415.0
187.0 560.0
188.0 434.5
189.0 345.0
190.0 450.5
191.0 494.5
192.0 489.5
193.0 403.0
194.0 323.0
195.0 417.0
196.0 386.0
197.0 442.5
198.0 278.5
199.0 20.0
200.0 85.5
201.0 148.5
202.0 439.0
203.0 445.0
204.0 401.5
205.0 448.5
206.0 427.0
207.0 463.0
208.0 425.0
209.0 600.0
210.0 715.0
211.0 570.0
212.0 61.0
213.0 417.0
214.0 361.5
215.0 381.0
216.0 451.0
217.0 443.5
218.0 437.5
219.0 440.5
220.0 443.0
221.0 478.0
222.0 438.0
223.0 419.0
224.0 443.0
225.0 482.0
226.0 491.5
227.0 485.5
228.0 467.5
229.0 477.5
230.0 458.0
231.0 446.0
232.0 468.5
233.0 489.5
234.0 447.0
235.0 481.0
236.0 445.5
237.0 453.5
238.0 429.0
239.0 455.0
240.0 477.5
241.0 505.0
242.0 469.5
243.0 530.0
244.0 510.0
245.0 499.5
246.0 455.0
247.0 469.5
248.0 443.5
249.0 494.0
250.0 4.0
251.0 9.5
252.0 373.5
253.0 570.0
254.0 610.0
255.0 490.0
256.0 595.0
257.0 605.0
258.0 474.0
259.0 500.0
260.0 420.5
261.0 620.0
262.0 565.0
263.0 555.0
264.0 59.5
265.0 62.5
266.0 58.0
267.0 471.0
268.0 372.0
269.0 395.0
270.0 464.0
271.0 125.0
272.0 3.0
273.0 9.0
274.0 1.5
275.0 0.0
276.0 4.0
277.0 0.0
278.0 56.5
279.0 49.5
280.0 0.5
281.0 4.0
282.0 3.0
283.0 2.0
284.0 53.0
285.0 47.5
286.0 60.5
287.0 60.5
288.0 60.0
289.0 48.5
290.0 56.0
291.0 56.0
292.0 46.5
293.0 56.0
294.0 56.0
295.0 49.5
296.0 51.5
297.0 56.0
298.0 48.5
299.0 750.0
300.0 565.0
301.0 855.0
302.0 865.0
303.0 570.0
304.0 560.0
305.0 695.0
306.0 675.0
307.0 750.0
308.0 725.0
309.0 860.0
310.0 835.0
311.0 925.0
312.0 820.0
313.0 855.0
314.0 795.0
315.0 930.0
316.0 845.0
317.0 870.0
318.0 860.0
319.0 850.0
320.0 795.0
321.0 760.0
322.0 640.0
323.0 810.0
324.0 805.0
325.0 665.0
326.0 735.0
327.0 650.0
328.0 770.0
329.0 730.0
330.0 750.0
331.0 570.0
332.0 525.0
333.0 630.0
334.0 590.0
335.0 640.0
336.0 620.0
337.0 485.0
338.0 461.5
339.0 408.5
340.0 463.5
341.0 353.0
342.0 515.0
343.0 87.5
344.0 570.0
345.0 479.0
346.0 434.5
347.0 376.5
348.0 665.0
349.0 390.5
350.0 236.5
351.0 246.0
352.0 10.0
353.0 202.5
354.0 100.0
355.0 17.5
356.0 0.0
357.0 17.0
358.0 19.5
359.0 9.0
360.0 10.0
361.0 34.5
362.0 9.5
363.0 5.5
364.0 0.0
365.0 0.0
366.0 0.0
367.0 52.0
368.0 112.0
369.0 263.5
370.0 54.0
371.0 46.0
372.0 59.0
373.0 50.5
374.0 298.5
375.0 307.0
376.0 311.5
377.0 302.5
378.0 312.0
379.0 302.5
380.0 60.5
381.0 388.5
382.0 405.0
383.0 493.0
384.0 525.0
385.0 499.5
386.0 600.0
387.0 695.0
388.0 645.0
389.0 790.0
390.0 635.0
391.0 825.0
392.0 565.0
393.0 925.0
394.0 900.0
395.0 880.0
396.0 915.0
397.0 835.0
398.0 860.0
399.0 785.0
400.0 885.0
401.0 895.0
402.0 860.0
403.0 880.0
404.0 800.0
405.0 855.0
406.0 880.0
407.0 840.0
408.0 860.0
409.0 650.0
410.0 845.0
411.0 855.0
412.0 765.0
413.0 835.0
414.0 835.0
415.0 835.0
416.0 710.0
417.0 910.0
418.0 825.0
419.0 765.0
420.0 635.0
421.0 820.0
422.0 765.0
423.0 630.0
424.0 870.0
425.0 845.0
426.0 525.0
427.0 720.0
428.0 630.0
429.0 575.0
430.0 690.0
431.0 545.0
432.0 465.0
433.0 645.0
434.0 655.0
435.0 800.0
436.0 565.0
437.0 575.0
438.0 545.0
439.0 630.0
440.0 438.0
441.0 600.0
442.0 464.0
443.0 383.5
444.0 414.5
445.0 268.5
446.0 382.0
447.0 376.5
448.0 450.5
449.0 399.0
450.0 482.5
451.0 427.0
452.0 449.0
453.0 419.5
454.0 434.0
455.0 408.0
456.0 403.5
457.0 232.5
458.0 0.0
459.0 0.0
460.0 2.5
461.0 0.5
462.0 0.0
463.0 28.0
464.0 143.5
465.0 159.0
466.0 209.5
467.0 434.0
468.0 441.5
469.0 645.0
470.0 570.0
471.0 466.0
472.0 635.0
473.0 55.0
474.0 50.5
475.0 53.0
476.0 610.0
477.0 665.0
478.0 830.0
479.0 815.0
480.0 690.0
481.0 640.0
482.0 158.0
483.0 2.0
484.0 0.0
485.0 0.0
486.0 0.5
487.0 167.0
488.0 448.5
489.0 495.5
490.0 595.0
491.0 590.0
492.0 560.0
493.0 585.0
494.0 850.0
495.0 890.0
496.0 700.0
497.0 720.0
498.0 840.0
499.0 55.0
500.0 905.0
501.0 905.0
502.0 805.0
503.0 855.0
504.0 875.0
505.0 895.0
506.0 880.0
507.0 830.0
508.0 905.0
509.0 885.0
510.0 900.0
511.0 920.0
512.0 860.0
513.0 880.0
514.0 850.0
515.0 845.0
516.0 855.0
517.0 790.0
518.0 840.0
519.0 845.0
520.0 780.0
521.0 780.0
522.0 670.0
523.0 655.0
524.0 475.5
525.0 47.5
526.0 6.5
527.0 0.0
528.0 5.0
529.0 46.0
530.0 404.5
531.0 472.5
532.0 484.0
533.0 555.0
534.0 675.0
535.0 765.0
536.0 885.0
537.0 720.0
538.0 750.0
539.0 650.0
540.0 800.0
541.0 60.0
542.0 580.0
543.0 650.0
544.0 640.0
545.0 720.0
546.0 660.0
547.0 496.0
548.0 625.0
549.0 505.0
550.0 389.0
551.0 0.0
552.0 0.5
553.0 2.0
554.0 9.5
555.0 435.0
556.0 650.0
557.0 680.0
558.0 835.0
559.0 895.0
560.0 880.0
561.0 865.0
562.0 700.0
563.0 880.0
564.0 875.0
565.0 895.0
566.0 60.5
567.0 48.5
568.0 880.0
569.0 825.0
570.0 780.0
571.0 775.0
572.0 222.5
573.0 123.0
574.0 0.0
575.0 0.0
576.0 2.0
577.0 8.5
578.0 10.0
579.0 19.5
580.0 55.0
581.0 4.5
582.0 24.0
583.0 16.5
584.0 60.0
585.0 80.5
586.0 42.5
587.0 126.5
588.0 117.5
589.0 75.5
590.0 59.0
591.0 61.0
592.0 8.5
593.0 21.0
594.0 39.0
595.0 28.0
596.0 1.5
597.0 6.5
598.0 11.5
599.0 13.0
600.0 35.5
601.0 17.5
602.0 12.0
603.0 18.0
604.0 1.5
605.0 3.5
606.0 12.5
607.0 17.0
608.0 3.0
609.0 9.5
610.0 11.0
611.0 32.0
612.0 5.0
613.0 11.5
614.0 33.0
615.0 15.5
616.0 38.5
617.0 19.5
618.0 40.0
619.0 12.5
620.0 19.5
621.0 26.5
622.0 26.0
623.0 18.0
624.0 13.5
625.0 0.0
626.0 0.0
627.0 1.0
628.0 4.5
629.0 24.5
630.0 44.5
631.0 46.0
632.0 31.5
633.0 48.0
634.0 64.5
635.0 32.5
636.0 23.0
637.0 25.5
638.0 52.0
639.0 22.5
640.0 7.5
641.0 54.0
642.0 45.5
643.0 18.5
644.0 11.0
645.0 11.5
646.0 9.0
647.0 1.5
648.0 5.5
649.0 13.0
650.0 19.5
651.0 17.5
652.0 3.5
653.0 18.5
654.0 9.5
655.0 34.0
656.0 32.0
657.0 8.0
658.0 11.5
659.0 4.0
660.0 3.5
661.0 14.0
662.0 0.5
663.0 21.0
664.0 25.0
665.0 15.0
666.0 25.5
667.0 0.5
668.0 0.0
669.0 6.5
670.0 16.5
671.0 27.0
672.0 72.0
673.0 84.5
674.0 115.5
675.0 165.5
676.0 262.5
677.0 318.5
678.0 392.0
679.0 417.0
680.0 349.0
681.0 57.5
682.0 377.5
683.0 432.5
684.0 387.5
685.0 407.0
686.0 454.0
687.0 640.0
688.0 525.0
689.0 488.5
690.0 460.0
691.0 423.5
692.0 492.5
693.0 401.0
694.0 487.0
695.0 434.5
696.0 545.0
697.0 403.0
698.0 382.5
699.0 735.0
700.0 434.0
701.0 414.5
702.0 445.0
703.0 381.0
704.0 461.0
705.0 428.5
706.0 460.0
707.0 454.5
708.0 494.5
709.0 468.5
710.0 530.0
711.0 418.0
712.0 600.0
713.0 605.0
714.0 625.0
715.0 555.0
716.0 484.5
717.0 530.0
718.0 525.0
719.0 540.0
720.0 515.0
721.0 472.5
722.0 496.0
723.0 452.5
724.0 580.0
725.0 695.0
726.0 615.0
727.0 550.0
728.0 710.0
729.0 745.0
730.0 520.0
731.0 585.0
732.0 545.0
733.0 494.0
734.0 570.0
735.0 660.0
736.0 675.0
737.0 545.0
738.0 690.0
739.0 810.0
740.0 880.0
741.0 755.0
742.0 840.0
743.0 875.0
744.0 845.0
745.0 745.0
746.0 452.5
747.0 460.5
748.0 590.0
749.0 540.0
750.0 630.0
751.0 685.0
752.0 431.0
753.0 147.5
754.0 220.5
755.0 0.0
756.0 0.5
757.0 0.0
758.0 0.0
759.0 0.0
760.0 0.0
761.0 0.0
762.0 0.0
763.0 0.0
764.0 0.5
765.0 1.0
766.0 0.0
767.0 0.5
768.0 1.5
769.0 1.5
770.0 2.0
771.0 0.0
772.0 55.0
773.0 55.0
774.0 51.5
775.0 53.5
776.0 62.0
777.0 50.0
778.0 62.5
779.0 60.5
780.0 54.0
781.0 59.0
782.0 61.5
783.0 59.0
784.0 47.0
785.0 57.5
786.0 61.0
787.0 53.5
788.0 60.0
789.0 38.0
790.0 62.5
791.0 55.5
792.0 44.0
793.0 49.0
794.0 56.5
795.0 46.5
796.0 62.5
797.0 61.5
798.0 42.5
799.0 55.5
800.0 58.0
