1.0 13.5
2.0 14.75
3.0 12.5
4.0 14.25
5.0 12.375
6.0 15.0
7.0 13.5
8.0 14.25
9.0 13.125
10.0 14.875
11.0 13.75
12.0 14.75
13.0 15.625
14.0 12.0
15.0 15.0
16.0 15.375
17.0 15.125
18.0 14.75
19.0 13.875
20.0 12.125
21.0 15.375
22.0 11.125
23.0 12.375
24.0 14.25
25.0 10.875
26.0 12.875
27.0 15.0
28.0 15.625
29.0 14.625
30.0 13.375
31.0 4.375
32.0 6.375
33.0 8.625
34.0 10.75
35.0 5.5
36.0 13.125
37.0 14.375
38.0 15.5
39.0 14.0
40.0 12.625
41.0 14.875
42.0 11.5
43.0 15.0
44.0 13.25
45.0 13.875
46.0 12.375
47.0 12.125
48.0 10.875
49.0 14.625
50.0 15.375
51.0 12.75
52.0 14.5
53.0 12.5
54.0 12.625
55.0 10.5
56.0 12.625
57.0 14.75
58.0 12.25
59.0 10.125
60.0 13.75
61.0 15.5
62.0 11.25
63.0 11.25
64.0 13.75
65.0 13.625
66.0 15.25
67.0 13.125
68.0 12.0
69.0 15.5
70.0 15.0
71.0 12.125
72.0 13.375
73.0 14.125
74.0 14.75
75.0 14.375
76.0 15.5
77.0 12.75
78.0 11.875
79.0 12.875
80.0 12.375
81.0 13.0
82.0 13.875
83.0 15.125
84.0 12.625
85.0 12.875
86.0 12.75
87.0 12.375
88.0 13.875
89.0 12.75
90.0 15.0
91.0 15.5
92.0 15.625
93.0 14.625
94.0 14.875
95.0 10.125
96.0 15.625
97.0 11.75
98.0 14.25
99.0 13.0
100.0 14.5
101.0 12.25
102.0 14.5
103.0 10.25
104.0 15.0
105.0 12.75
106.0 15.25
107.0 10.875
108.0 14.25
109.0 6.25
110.0 2.625
111.0 9.125
112.0 10.875
113.0 12.75
114.0 13.5
115.0 18.125
116.0 23.625
117.0 32.0
118.0 43.5
119.0 57.25
120.0 64.875
121.0 38.375
122.0 22.25
123.0 62.0
124.0 74.375
125.0 78.25
126.0 60.625
127.0 48.5
128.0 20.375
129.0 58.25
130.0 74.0
131.0 49.625
132.0 48.5
133.0 1.25
134.0 38.875
135.0 15.875
136.0 24.375
137.0 34.625
138.0 56.375
139.0 52.0
140.0 26.75
141.0 39.625
142.0 8.5
143.0 17.625
144.0 4.25
145.0 1.375
146.0 0.125
147.0 2.0
148.0 13.875
149.0 14.625
150.0 15.375
151.0 29.375
152.0 33.5
153.0 46.125
154.0 52.25
155.0 55.75
156.0 21.125
157.0 4.875
158.0 3.75
159.0 2.0
160.0 1.125
161.0 1.0
162.0 0.75
163.0 2.625
164.0 1.625
165.0 0.875
166.0 3.5
167.0 2.0
168.0 2.125
169.0 1.375
170.0 1.125
171.0 0.75
172.0 1.0
173.0 0.25
174.0 0.75
175.0 0.875
176.0 0.0
177.0 0.125
178.0 0.125
179.0 0.125
180.0 0.625
181.0 0.25
182.0 0.25
183.0 0.125
184.0 0.5
185.0 0.5
186.0 1.0
187.0 0.875
188.0 1.5
189.0 1.25
190.0 0.5
191.0 0.125
192.0 2.0
193.0 3.625
194.0 3.375
195.0 2.625
196.0 0.75
197.0 14.75
198.0 14.25
199.0 11.125
200.0 0.0
201.0 0.0
202.0 0.0
203.0 0.0
204.0 0.0
205.0 0.0
206.0 0.0
207.0 0.0
208.0 0.0
209.0 0.0
210.0 0.0
211.0 0.0
212.0 0.0
213.0 0.0
214.0 0.0
215.0 0.0
216.0 0.0
217.0 0.0
218.0 0.125
219.0 14.0
220.0 13.25
221.0 23.5
222.0 43.0
223.0 64.5
224.0 77.375
225.0 95.5
226.0 116.125
227.0 137.5
228.0 155.0
229.0 180.0
230.0 206.25
231.0 215.0
232.0 180.0
233.0 217.5
234.0 182.5
235.0 208.75
236.0 205.0
237.0 182.5
238.0 113.75
239.0 34.75
240.0 2.0
241.0 0.875
242.0 10.75
243.0 13.75
244.0 110.875
245.0 158.75
246.0 171.25
247.0 152.5
248.0 200.0
249.0 207.5
250.0 182.5
251.0 211.25
252.0 217.5
253.0 210.0
254.0 210.0
255.0 212.5
256.0 206.25
257.0 221.25
258.0 217.5
259.0 167.5
260.0 190.0
261.0 187.5
262.0 216.25
263.0 216.25
264.0 171.25
265.0 142.5
266.0 153.75
267.0 165.0
268.0 133.75
269.0 131.25
270.0 131.25
271.0 121.75
272.0 113.0
273.0 121.125
274.0 128.75
275.0 136.25
276.0 61.125
277.0 95.625
278.0 61.0
279.0 96.5
280.0 68.625
281.0 114.625
282.0 50.25
283.0 0.375
284.0 14.125
285.0 12.625
286.0 14.5
287.0 21.5
288.0 47.375
289.0 87.625
290.0 93.25
291.0 46.25
292.0 70.375
293.0 78.375
294.0 23.625
295.0 109.5
296.0 132.5
297.0 111.125
298.0 111.125
299.0 114.25
300.0 165.0
301.0 94.75
302.0 83.5
303.0 8.625
304.0 0.125
305.0 0.0
306.0 0.25
307.0 0.0
308.0 0.0
309.0 14.75
310.0 13.875
311.0 136.25
312.0 191.25
313.0 183.75
314.0 167.5
315.0 141.25
316.0 122.25
317.0 162.5
318.0 175.0
319.0 201.25
320.0 206.25
321.0 175.0
322.0 208.75
323.0 196.25
324.0 196.25
325.0 216.25
326.0 225.0
327.0 187.5
328.0 185.0
329.0 146.25
330.0 195.0
331.0 203.75
332.0 185.0
333.0 178.75
334.0 191.25
335.0 201.25
336.0 175.0
337.0 210.0
338.0 225.0
339.0 141.25
340.0 191.25
341.0 220.0
342.0 171.25
343.0 193.75
344.0 226.25
345.0 227.5
346.0 168.75
347.0 230.0
348.0 231.25
349.0 183.75
350.0 196.25
351.0 218.75
352.0 230.0
353.0 230.0
354.0 231.25
355.0 202.5
356.0 210.0
357.0 231.25
358.0 226.25
359.0 227.5
360.0 231.25
361.0 231.25
362.0 232.5
363.0 227.5
364.0 218.75
365.0 198.75
366.0 205.0
367.0 201.25
368.0 200.0
369.0 222.5
370.0 220.0
371.0 202.5
372.0 180.0
373.0 188.75
374.0 202.5
375.0 178.75
376.0 186.25
377.0 200.0
378.0 202.5
379.0 191.25
380.0 193.75
381.0 160.0
382.0 170.0
383.0 155.0
384.0 165.0
385.0 115.125
386.0 178.75
387.0 175.0
388.0 171.25
389.0 145.0
390.0 83.75
391.0 64.125
392.0 150.0
393.0 137.5
394.0 114.625
395.0 96.0
396.0 30.0
397.0 1.125
398.0 1.0
399.0 0.25
400.0 7.625
401.0 0.0
402.0 1.875
403.0 1.25
404.0 0.0
405.0 14.625
406.0 15.0
407.0 15.375
408.0 12.5
409.0 13.875
410.0 14.25
411.0 12.875
412.0 14.5
413.0 15.875
414.0 28.125
415.0 46.375
416.0 58.875
417.0 65.75
418.0 72.875
419.0 79.0
420.0 88.5
421.0 88.75
422.0 99.625
423.0 114.5
424.0 128.75
425.0 112.375
426.0 106.625
427.0 131.25
428.0 119.375
429.0 150.0
430.0 147.5
431.0 157.5
432.0 158.75
433.0 140.0
434.0 147.5
435.0 143.75
436.0 126.25
437.0 69.0
438.0 90.0
439.0 108.125
440.0 104.375
441.0 105.5
442.0 84.25
443.0 109.5
444.0 98.875
445.0 90.25
446.0 103.75
447.0 103.875
448.0 107.875
449.0 98.125
450.0 89.875
451.0 106.25
452.0 183.75
453.0 171.25
454.0 173.75
455.0 166.25
456.0 148.75
457.0 137.5
458.0 140.0
459.0 156.25
460.0 157.5
461.0 150.0
462.0 113.75
463.0 38.0
464.0 66.5
465.0 104.875
466.0 165.0
467.0 127.5
468.0 175.0
469.0 104.125
470.0 177.5
471.0 109.125
472.0 111.25
473.0 90.625
474.0 17.375
475.0 2.5
476.0 13.75
477.0 15.625
478.0 12.5
479.0 15.125
480.0 15.5
481.0 15.375
482.0 15.25
483.0 14.75
484.0 11.875
485.0 11.25
486.0 15.375
487.0 15.625
488.0 11.375
489.0 15.25
490.0 11.375
491.0 12.25
492.0 12.375
493.0 12.625
494.0 12.375
495.0 14.375
496.0 14.625
497.0 11.25
498.0 15.0
499.0 15.0
500.0 14.5
501.0 12.125
502.0 11.875
503.0 14.125
504.0 12.125
505.0 15.125
506.0 13.875
507.0 14.25
508.0 15.0
509.0 14.0
510.0 13.5
511.0 15.125
512.0 14.375
513.0 15.625
514.0 14.125
515.0 12.625
516.0 13.375
517.0 11.5
518.0 13.25
519.0 15.375
520.0 12.875
521.0 14.625
522.0 15.5
523.0 14.125
524.0 15.25
525.0 15.5
526.0 14.625
527.0 15.0
528.0 14.625
529.0 13.875
530.0 12.375
531.0 13.875
532.0 13.75
533.0 12.25
534.0 14.875
535.0 12.0
536.0 12.375
537.0 15.375
538.0 15.0
539.0 14.75
540.0 13.875
541.0 14.25
542.0 15.0
543.0 13.5
544.0 12.0
545.0 10.5
546.0 14.0
547.0 15.25
548.0 12.25
549.0 15.125
550.0 14.375
551.0 10.25
552.0 13.875
553.0 13.125
554.0 14.625
555.0 15.375
556.0 15.25
557.0 13.875
558.0 13.75
559.0 13.625
560.0 12.5
561.0 14.875
562.0 13.5
563.0 14.0
564.0 14.875
565.0 12.5
566.0 15.25
567.0 14.625
568.0 10.0
569.0 12.625
570.0 15.25
571.0 15.625
572.0 15.0
573.0 12.125
574.0 15.5
575.0 15.25
576.0 12.375
577.0 13.5
578.0 10.625
579.0 11.625
580.0 14.75
581.0 9.5
582.0 14.5
583.0 13.0
584.0 13.0
585.0 14.0
586.0 11.125
587.0 10.0
588.0 15.25
589.0 13.75
590.0 12.5
591.0 15.125
592.0 13.5
593.0 14.25
594.0 13.25
595.0 13.125
596.0 13.25
597.0 13.125
598.0 10.5
599.0 10.5
600.0 31.875
601.0 54.125
602.0 70.25
603.0 72.5
604.0 77.25
605.0 83.75
606.0 93.5
607.0 85.75
608.0 103.375
609.0 121.5
610.0 109.125
611.0 128.75
612.0 133.75
613.0 156.25
614.0 185.0
615.0 141.25
616.0 167.5
617.0 165.0
618.0 181.25
619.0 180.0
620.0 171.25
621.0 157.5
622.0 151.25
623.0 158.75
624.0 147.5
625.0 170.0
626.0 127.5
627.0 116.75
628.0 95.875
629.0 122.625
630.0 124.0
631.0 95.875
632.0 52.875
633.0 33.875
634.0 9.0
635.0 1.75
636.0 0.375
637.0 1.25
638.0 0.125
639.0 0.0
640.0 0.0
641.0 12.375
642.0 13.625
643.0 13.25
644.0 13.25
645.0 12.5
646.0 10.125
647.0 14.875
648.0 11.5
649.0 15.625
650.0 13.25
651.0 15.5
652.0 12.375
653.0 13.0
654.0 15.375
655.0 15.5
656.0 11.875
657.0 15.25
658.0 13.125
659.0 12.625
660.0 13.25
661.0 1.375
662.0 0.375
663.0 0.0
664.0 3.25
665.0 12.25
666.0 12.0
667.0 12.125
668.0 14.375
669.0 14.75
670.0 11.375
671.0 13.125
672.0 13.125
673.0 12.125
674.0 15.625
675.0 12.875
676.0 14.875
677.0 15.125
678.0 12.375
679.0 15.5
680.0 12.125
681.0 13.5
682.0 11.625
683.0 10.375
684.0 13.875
685.0 15.625
686.0 14.5
687.0 13.75
688.0 14.5
689.0 15.125
690.0 14.375
691.0 12.0
692.0 11.0
693.0 14.875
694.0 13.0
695.0 11.0
696.0 15.625
697.0 14.25
698.0 14.0
699.0 14.375
700.0 12.625
701.0 15.125
702.0 12.125
703.0 14.625
704.0 14.625
705.0 15.0
706.0 13.625
707.0 13.0
708.0 15.125
709.0 13.625
710.0 15.125
711.0 12.375
712.0 15.375
713.0 14.625
714.0 14.125
715.0 12.625
716.0 14.875
717.0 15.5
718.0 11.625
719.0 14.875
720.0 14.625
721.0 12.625
722.0 11.125
723.0 11.0
724.0 15.25
725.0 15.375
726.0 12.25
727.0 15.25
728.0 14.0
729.0 14.5
730.0 11.0
731.0 14.375
732.0 13.875
733.0 15.375
734.0 14.875
735.0 12.875
736.0 15.25
737.0 12.25
738.0 14.25
739.0 11.125
740.0 13.0
741.0 12.625
