1.0 55.0
2.0 49.0
3.0 56.5
4.0 62.0
5.0 177.5
6.0 197.5
7.0 208.0
8.0 231.0
9.0 252.5
10.0 258.0
11.0 120.5
12.0 266.0
13.0 408.5
14.0 560.0
15.0 545.0
16.0 580.0
17.0 650.0
18.0 770.0
19.0 835.0
20.0 825.0
21.0 895.0
22.0 885.0
23.0 930.0
24.0 735.0
25.0 930.0
26.0 910.0
27.0 615.0
28.0 490.5
29.0 630.0
30.0 580.0
31.0 291.0
32.0 26.5
33.0 10.5
34.0 24.5
35.0 176.0
36.0 63.5
37.0 18.0
38.0 22.0
39.0 6.5
40.0 10.5
41.0 33.0
42.0 24.5
43.0 74.0
44.0 57.0
45.0 320.0
46.0 446.5
47.0 451.0
48.0 376.0
49.0 459.0
50.0 437.5
51.0 387.5
52.0 354.0
53.0 366.0
54.0 369.0
55.0 414.0
56.0 39.0
57.0 53.0
58.0 280.5
59.0 304.0
60.0 550.0
61.0 655.0
62.0 695.0
63.0 570.0
64.0 525.0
65.0 374.0
66.0 500.0
67.0 468.0
68.0 412.0
69.0 497.5
70.0 360.0
71.0 391.0
72.0 452.5
73.0 403.0
74.0 374.5
75.0 391.0
76.0 324.5
77.0 391.5
78.0 416.0
79.0 399.0
80.0 406.0
81.0 412.0
82.0 386.0
83.0 375.0
84.0 326.0
85.0 11.0
86.0 188.0
87.0 1.5
88.0 5.5
89.0 6.0
90.0 58.5
91.0 61.5
92.0 555.0
93.0 615.0
94.0 745.0
95.0 810.0
96.0 735.0
97.0 730.0
98.0 640.0
99.0 600.0
100.0 710.0
101.0 870.0
102.0 820.0
103.0 585.0
104.0 770.0
105.0 705.0
106.0 785.0
107.0 650.0
108.0 605.0
109.0 229.0
110.0 487.0
111.0 450.5
112.0 429.0
113.0 401.5
114.0 635.0
115.0 580.0
116.0 685.0
117.0 760.0
118.0 510.0
119.0 700.0
120.0 630.0
121.0 625.0
122.0 575.0
123.0 595.0
124.0 615.0
125.0 437.0
126.0 349.5
127.0 545.0
128.0 387.0
129.0 348.5
130.0 237.0
131.0 208.5
132.0 264.0
133.0 238.5
134.0 112.0
135.0 349.0
136.0 366.0
137.0 237.5
138.0 295.0
139.0 305.5
140.0 272.0
141.0 5.5
142.0 48.5
143.0 6.0
144.0 56.0
145.0 2.5
146.0 52.5
147.0 59.5
148.0 215.0
149.0 288.5
150.0 298.0
151.0 281.5
152.0 382.5
153.0 370.0
154.0 143.0
155.0 0.0
156.0 0.0
157.0 0.0
158.0 0.0
159.0 0.0
160.0 49.5
161.0 58.0
162.0 134.5
163.0 255.0
164.0 281.0
165.0 288.5
166.0 297.5
167.0 300.0
168.0 304.5
169.0 307.5
170.0 308.5
171.0 261.5
172.0 390.0
173.0 434.0
174.0 434.0
175.0 417.5
176.0 550.0
177.0 600.0
178.0 500.0
179.0 419.5
180.0 790.0
181.0 635.0
182.0 620.0
183.0 710.0
184.0 690.0
185.0 440.5
186.0 875.0
187.0 820.0
188.0 865.0
189.0 750.0
190.0 790.0
191.0 540.0
192.0 645.0
193.0 498.5
194.0 304.5
195.0 600.0
196.0 700.0
197.0 700.0
198.0 705.0
199.0 750.0
200.0 770.0
201.0 645.0
202.0 116.5
203.0 188.5
204.0 343.0
205.0 362.5
206.0 450.5
207.0 580.0
208.0 620.0
209.0 625.0
210.0 615.0
211.0 625.0
212.0 565.0
213.0 645.0
214.0 605.0
215.0 505.0
216.0 384.5
217.0 610.0
218.0 575.0
219.0 750.0
220.0 665.0
221.0 740.0
222.0 820.0
223.0 600.0
224.0 329.0
225.0 555.0
226.0 87.5
227.0 438.0
228.0 665.0
229.0 440.0
230.0 17.0
231.0 243.0
232.0 560.0
233.0 398.5
234.0 309.5
235.0 454.5
236.0 361.5
237.0 167.0
238.0 254.5
239.0 406.0
240.0 367.5
241.0 182.5
242.0 12.0
243.0 16.5
244.0 30.0
245.0 47.0
246.0 23.0
247.0 17.5
248.0 34.0
249.0 38.0
250.0 82.0
251.0 14.5
252.0 29.5
253.0 30.0
254.0 17.0
255.0 16.0
256.0 41.5
257.0 58.5
258.0 61.5
259.0 77.5
260.0 96.0
261.0 101.0
262.0 117.5
263.0 124.5
264.0 137.5
265.0 150.5
266.0 168.0
267.0 185.5
268.0 215.5
269.0 239.5
270.0 290.0
271.0 284.0
272.0 340.5
273.0 307.5
274.0 103.0
275.0 5.0
276.0 0.5
277.0 57.5
278.0 107.0
279.0 325.0
280.0 403.0
281.0 368.0
282.0 407.0
283.0 411.5
284.0 470.5
285.0 424.0
286.0 428.0
287.0 492.0
288.0 545.0
289.0 775.0
290.0 625.0
291.0 415.5
292.0 424.5
293.0 395.5
294.0 590.0
295.0 435.0
296.0 475.5
297.0 650.0
298.0 540.0
299.0 490.0
300.0 463.5
301.0 471.5
302.0 540.0
303.0 469.0
304.0 424.5
305.0 474.5
306.0 441.0
307.0 477.5
308.0 463.5
309.0 500.0
310.0 440.0
311.0 466.5
312.0 458.0
313.0 480.0
314.0 431.0
315.0 550.0
316.0 575.0
317.0 505.0
318.0 447.5
319.0 436.5
320.0 349.5
321.0 297.0
322.0 313.0
323.0 29.5
324.0 0.0
325.0 0.0
326.0 50.0
327.0 90.5
328.0 232.5
329.0 317.5
330.0 387.0
331.0 409.5
332.0 448.5
333.0 755.0
334.0 530.0
335.0 461.0
336.0 367.0
337.0 525.0
338.0 605.0
339.0 555.0
340.0 530.0
341.0 482.0
342.0 585.0
343.0 755.0
344.0 670.0
345.0 520.0
346.0 545.0
347.0 499.5
348.0 520.0
349.0 300.0
350.0 314.0
351.0 374.0
352.0 448.5
353.0 525.0
354.0 625.0
355.0 570.0
356.0 505.0
357.0 845.0
358.0 520.0
359.0 580.0
360.0 530.0
361.0 459.0
362.0 600.0
363.0 496.0
364.0 555.0
365.0 375.0
366.0 550.0
367.0 695.0
368.0 700.0
369.0 500.0
370.0 655.0
371.0 590.0
372.0 585.0
373.0 710.0
374.0 845.0
375.0 640.0
376.0 485.0
377.0 735.0
378.0 600.0
379.0 600.0
380.0 695.0
381.0 820.0
382.0 865.0
383.0 705.0
384.0 660.0
385.0 860.0
386.0 765.0
387.0 770.0
388.0 650.0
389.0 710.0
390.0 635.0
391.0 454.0
392.0 535.0
393.0 373.5
394.0 444.0
395.0 460.5
396.0 545.0
397.0 443.0
398.0 451.0
399.0 455.5
400.0 345.0
401.0 481.0
402.0 560.0
403.0 482.5
404.0 520.0
405.0 590.0
406.0 475.0
407.0 440.0
408.0 373.0
409.0 462.5
410.0 347.0
411.0 417.0
412.0 420.5
413.0 469.0
414.0 487.0
415.0 416.0
416.0 440.0
417.0 342.5
418.0 397.5
419.0 326.0
420.0 332.5
421.0 264.0
422.0 227.5
423.0 87.0
424.0 1.0
425.0 0.5
426.0 6.5
427.0 0.0
428.0 50.0
429.0 60.0
430.0 83.0
431.0 103.0
432.0 351.5
433.0 305.5
434.0 269.5
435.0 339.5
436.0 365.0
437.0 327.0
438.0 399.5
439.0 148.0
440.0 0.5
441.0 2.5
442.0 14.5
443.0 209.0
444.0 126.5
445.0 232.5
446.0 198.0
447.0 182.0
448.0 140.5
449.0 5.5
450.0 51.5
451.0 45.0
452.0 156.0
453.0 326.0
454.0 332.5
455.0 345.0
456.0 353.5
457.0 426.0
458.0 575.0
459.0 605.0
460.0 447.5
461.0 423.0
462.0 655.0
463.0 830.0
464.0 595.0
465.0 515.0
466.0 498.5
467.0 580.0
468.0 650.0
469.0 780.0
470.0 875.0
471.0 890.0
472.0 885.0
473.0 815.0
474.0 795.0
475.0 805.0
476.0 805.0
477.0 890.0
478.0 895.0
479.0 920.0
480.0 925.0
481.0 870.0
482.0 925.0
483.0 850.0
484.0 720.0
485.0 875.0
486.0 915.0
487.0 905.0
488.0 765.0
489.0 740.0
490.0 615.0
491.0 620.0
492.0 525.0
493.0 610.0
494.0 615.0
495.0 570.0
496.0 540.0
497.0 444.0
498.0 387.5
499.0 392.0
500.0 374.0
501.0 353.0
502.0 312.0
503.0 334.0
504.0 362.5
505.0 377.5
506.0 326.5
507.0 294.5
508.0 152.5
509.0 417.0
510.0 369.0
511.0 343.5
512.0 372.5
513.0 338.5
514.0 208.0
515.0 325.5
516.0 338.5
517.0 379.0
518.0 35.0
519.0 356.0
520.0 429.5
521.0 256.0
522.0 52.5
523.0 60.5
524.0 56.0
525.0 56.0
526.0 60.5
527.0 52.5
528.0 49.5
529.0 46.5
530.0 51.5
531.0 51.0
532.0 57.0
533.0 53.5
534.0 60.0
535.0 58.0
536.0 59.0
537.0 60.0
538.0 144.0
539.0 91.0
540.0 116.0
541.0 46.5
542.0 115.5
543.0 0.5
544.0 1.5
545.0 0.0
546.0 0.0
547.0 14.5
548.0 13.5
549.0 4.5
550.0 20.0
551.0 2.5
552.0 12.5
553.0 6.0
554.0 0.0
555.0 39.5
556.0 40.0
557.0 52.0
558.0 62.0
559.0 19.0
560.0 2.5
561.0 0.5
562.0 11.0
563.0 1.5
564.0 4.0
565.0 0.5
566.0 2.0
567.0 1.5
568.0 45.5
569.0 61.0
570.0 51.0
571.0 44.5
572.0 60.5
573.0 59.0
574.0 51.5
575.0 57.0
576.0 53.0
577.0 60.5
578.0 54.0
579.0 49.5
580.0 56.0
581.0 50.0
582.0 60.5
583.0 62.5
584.0 60.0
585.0 54.5
586.0 60.0
587.0 57.5
588.0 49.0
589.0 54.0
590.0 58.0
591.0 57.5
592.0 57.0
593.0 51.0
594.0 46.5
595.0 44.5
596.0 58.5
597.0 62.0
598.0 57.5
599.0 52.0
600.0 45.0
601.0 50.5
602.0 49.0
603.0 52.5
604.0 61.5
605.0 50.5
606.0 49.0
607.0 54.0
608.0 62.5
609.0 48.5
610.0 60.0
611.0 56.0
612.0 45.5
613.0 62.0
614.0 57.0
615.0 59.0
616.0 52.0
617.0 48.0
618.0 60.0
619.0 57.5
620.0 55.5
621.0 52.0
622.0 58.5
623.0 52.0
624.0 56.0
625.0 54.5
626.0 48.0
627.0 61.0
628.0 55.5
629.0 45.0
630.0 57.0
631.0 52.0
632.0 60.0
633.0 55.0
634.0 59.5
635.0 100.5
636.0 114.5
637.0 124.0
638.0 132.0
639.0 143.5
640.0 156.5
641.0 171.5
642.0 189.5
643.0 218.5
644.0 250.0
645.0 285.0
646.0 295.5
647.0 408.0
648.0 488.0
649.0 560.0
650.0 437.0
651.0 575.0
652.0 540.0
653.0 815.0
654.0 790.0
655.0 725.0
656.0 885.0
657.0 835.0
658.0 850.0
659.0 700.0
660.0 535.0
661.0 424.0
662.0 497.0
663.0 405.0
664.0 445.5
665.0 580.0
666.0 480.0
667.0 484.5
668.0 432.0
669.0 493.0
670.0 495.5
671.0 294.0
672.0 160.5
673.0 259.5
674.0 176.0
675.0 44.0
676.0 5.5
677.0 1.0
678.0 0.0
679.0 3.0
680.0 0.0
681.0 8.0
682.0 3.5
683.0 4.0
684.0 5.5
685.0 13.0
686.0 12.5
687.0 10.5
688.0 42.5
689.0 42.0
690.0 86.0
691.0 186.5
692.0 246.5
693.0 243.5
694.0 60.0
695.0 0.0
696.0 0.0
697.0 0.0
698.0 0.0
699.0 0.0
700.0 54.5
701.0 58.0
702.0 43.0
703.0 44.5
704.0 62.5
705.0 62.5
706.0 54.0
707.0 61.5
708.0 55.0
709.0 48.5
710.0 50.5
711.0 61.0
712.0 55.5
713.0 47.5
714.0 20.0
715.0 1.5
716.0 0.0
717.0 0.0
718.0 0.0
719.0 37.5
720.0 55.5
721.0 56.5
722.0 41.5
723.0 50.0
724.0 76.0
725.0 83.0
726.0 86.5
727.0 90.0
728.0 92.0
729.0 97.5
730.0 67.0
731.0 118.5
732.0 41.5
733.0 152.5
734.0 126.5
735.0 0.0
736.0 0.0
737.0 0.0
738.0 0.0
739.0 0.0
740.0 60.5
741.0 44.0
742.0 50.0
743.0 62.5
744.0 48.0
745.0 49.5
746.0 56.0
747.0 60.5
748.0 44.5
749.0 46.0
750.0 61.5
751.0 44.0
752.0 62.5
753.0 55.5
754.0 57.0
755.0 49.0
756.0 62.0
757.0 61.0
758.0 51.0
759.0 61.5
760.0 46.0
761.0 56.5
762.0 44.0
763.0 57.0
764.0 55.0
765.0 52.5
766.0 59.5
767.0 59.0
768.0 53.5
769.0 47.0
770.0 56.0
771.0 50.5
772.0 53.5
773.0 62.0
774.0 53.5
775.0 56.5
776.0 52.0
777.0 41.0
778.0 43.0
779.0 42.5
780.0 44.5
781.0 49.5
782.0 51.5
783.0 58.0
784.0 44.0
785.0 47.5
786.0 54.5
787.0 53.0
788.0 52.0
789.0 56.0
790.0 60.0
791.0 61.0
792.0 45.0
793.0 57.0
794.0 40.0
795.0 41.0
796.0 62.5
797.0 51.0
798.0 46.0
799.0 56.5
