1.0 93.5
2.0 78.625
3.0 4.125
4.0 13.125
5.0 72.625
6.0 82.875
7.0 88.75
8.0 77.625
9.0 87.5
10.0 92.0
11.0 98.875
12.0 98.375
13.0 90.375
14.0 96.375
15.0 91.75
16.0 93.0
17.0 101.625
18.0 86.125
19.0 94.5
20.0 98.375
21.0 94.5
22.0 86.125
23.0 75.25
24.0 28.25
25.0 51.25
26.0 67.5
27.0 90.625
28.0 66.0
29.0 50.375
30.0 93.25
31.0 120.375
32.0 48.25
33.0 77.625
34.0 42.625
35.0 1.25
36.0 3.625
37.0 14.375
38.0 14.375
39.0 56.75
40.0 56.375
41.0 65.625
42.0 47.625
43.0 35.875
44.0 16.75
45.0 15.5
46.0 10.125
47.0 48.375
48.0 60.375
49.0 43.5
50.0 66.625
51.0 35.625
52.0 40.25
53.0 20.5
54.0 10.625
55.0 13.75
56.0 65.75
57.0 85.5
58.0 85.375
59.0 90.625
60.0 92.625
61.0 97.125
62.0 86.625
63.0 105.25
64.0 103.375
65.0 87.25
66.0 91.625
67.0 97.375
68.0 120.375
69.0 87.875
70.0 83.0
71.0 14.125
72.0 14.5
73.0 53.875
74.0 24.625
75.0 0.0
76.0 0.0
77.0 0.0
78.0 0.0
79.0 0.5
80.0 13.0
81.0 13.25
82.0 28.0
83.0 0.0
84.0 0.0
85.0 0.0
86.0 0.0
87.0 0.0
88.0 15.25
89.0 15.625
90.0 67.625
91.0 60.0
92.0 61.0
93.0 82.625
94.0 59.0
95.0 62.75
96.0 0.0
97.0 0.0
98.0 0.0
99.0 0.0
100.0 0.0
101.0 0.5
102.0 12.875
103.0 14.375
104.0 108.25
105.0 39.875
106.0 13.5
107.0 13.875
108.0 92.5
109.0 98.625
110.0 107.0
111.0 90.875
112.0 130.0
113.0 133.75
114.0 114.625
115.0 132.5
116.0 156.25
117.0 148.75
118.0 173.75
119.0 168.75
120.0 170.0
121.0 165.0
122.0 176.25
123.0 153.75
124.0 126.25
125.0 113.875
126.0 116.625
127.0 89.875
128.0 93.875
129.0 81.25
130.0 74.625
131.0 85.0
132.0 74.375
133.0 9.125
134.0 0.0
135.0 0.0
136.0 0.0
137.0 0.0
138.0 0.0
139.0 0.0
140.0 0.0
141.0 14.0
142.0 14.375
143.0 15.5
144.0 14.375
145.0 13.375
146.0 9.75
147.0 0.0
148.0 0.0
149.0 0.0
150.0 0.0
151.0 0.0
152.0 0.0
153.0 12.75
154.0 89.375
155.0 118.375
156.0 146.25
157.0 146.25
158.0 141.25
159.0 133.75
160.0 131.25
161.0 162.5
162.0 142.5
163.0 141.25
164.0 186.25
165.0 138.75
166.0 140.0
167.0 142.5
168.0 167.5
169.0 64.375
170.0 15.0
171.0 15.5
172.0 82.875
173.0 128.75
174.0 143.75
175.0 116.5
176.0 84.875
177.0 91.5
178.0 54.0
179.0 14.75
180.0 13.0
181.0 0.0
182.0 0.0
183.0 0.0
184.0 0.0
185.0 15.0
186.0 15.5
187.0 11.125
188.0 14.0
189.0 10.875
190.0 14.0
191.0 11.0
192.0 15.25
193.0 12.125
194.0 12.125
195.0 13.25
196.0 14.625
197.0 15.5
198.0 14.25
199.0 15.625
200.0 13.75
201.0 14.75
202.0 10.0
203.0 12.625
204.0 14.875
205.0 14.125
206.0 15.125
207.0 11.0
208.0 13.5
209.0 13.375
210.0 12.25
211.0 12.5
212.0 13.5
213.0 12.25
214.0 13.5
215.0 10.0
216.0 12.625
217.0 13.0
218.0 14.5
219.0 13.125
220.0 15.0
221.0 15.0
222.0 13.875
223.0 15.25
224.0 12.0
225.0 12.0
226.0 14.125
227.0 11.125
228.0 11.625
229.0 13.25
230.0 12.25
231.0 13.25
232.0 13.0
233.0 10.75
234.0 12.0
235.0 14.25
236.0 14.625
237.0 15.125
238.0 14.25
239.0 15.5
240.0 14.75
241.0 15.375
242.0 14.625
243.0 12.5
244.0 15.5
245.0 12.625
246.0 14.625
247.0 12.5
248.0 13.5
249.0 15.375
250.0 11.75
251.0 13.5
252.0 12.125
253.0 13.5
254.0 13.25
255.0 11.375
256.0 15.625
257.0 11.75
258.0 14.25
259.0 15.25
260.0 14.875
261.0 13.0
262.0 14.25
263.0 11.125
264.0 44.0
265.0 43.125
266.0 47.625
267.0 57.0
268.0 61.25
269.0 56.875
270.0 47.875
271.0 70.875
272.0 79.0
273.0 87.25
274.0 80.625
275.0 78.875
276.0 115.5
277.0 85.5
278.0 116.625
279.0 106.0
280.0 108.625
281.0 104.0
282.0 100.5
283.0 96.625
284.0 93.0
285.0 48.125
286.0 4.5
287.0 8.0
288.0 21.75
289.0 15.25
290.0 14.5
291.0 15.125
292.0 17.125
293.0 16.875
294.0 15.25
295.0 19.625
296.0 17.375
297.0 17.875
298.0 17.75
299.0 17.0
300.0 15.125
301.0 11.5
302.0 15.0
303.0 12.625
304.0 12.125
305.0 12.375
306.0 12.25
307.0 6.875
308.0 4.5
309.0 4.75
310.0 3.375
311.0 15.0
312.0 22.125
313.0 29.5
314.0 32.5
315.0 34.75
316.0 11.875
317.0 13.125
318.0 56.125
319.0 76.25
320.0 102.375
321.0 102.5
322.0 86.0
323.0 109.125
324.0 98.25
325.0 109.875
326.0 86.75
327.0 99.375
328.0 104.75
329.0 89.875
330.0 90.625
331.0 88.125
332.0 76.0
333.0 89.75
334.0 73.125
335.0 156.25
336.0 133.75
337.0 132.5
338.0 142.5
339.0 141.25
340.0 137.5
341.0 128.75
342.0 150.0
343.0 133.75
344.0 122.75
345.0 141.25
346.0 125.0
347.0 135.0
348.0 111.125
349.0 92.375
350.0 119.75
351.0 118.375
352.0 115.5
353.0 101.0
354.0 14.5
355.0 15.0
356.0 89.625
357.0 123.625
358.0 132.5
359.0 125.0
360.0 106.5
361.0 168.75
362.0 150.0
363.0 135.0
364.0 126.25
365.0 124.25
366.0 195.0
367.0 182.5
368.0 155.0
369.0 150.0
370.0 140.0
371.0 148.75
372.0 143.75
373.0 133.75
374.0 120.625
375.0 126.25
376.0 124.375
377.0 147.5
378.0 133.75
379.0 136.25
380.0 150.0
381.0 124.5
382.0 131.25
383.0 151.25
384.0 106.875
385.0 100.75
386.0 114.75
387.0 111.875
388.0 186.25
389.0 107.25
390.0 92.0
391.0 12.375
392.0 14.625
393.0 13.625
394.0 13.625
395.0 14.25
396.0 66.75
397.0 118.25
398.0 97.75
399.0 103.625
400.0 92.5
401.0 55.5
402.0 100.375
403.0 58.375
404.0 9.75
405.0 112.25
406.0 131.25
407.0 108.375
408.0 112.25
409.0 130.0
410.0 133.75
411.0 107.25
412.0 162.5
413.0 79.625
414.0 8.75
415.0 48.875
416.0 65.0
417.0 50.125
418.0 37.75
419.0 23.0
420.0 19.5
421.0 15.0
422.0 40.625
423.0 37.5
424.0 23.625
425.0 5.5
426.0 11.375
427.0 15.5
428.0 61.25
429.0 72.125
430.0 89.375
431.0 95.75
432.0 77.5
433.0 96.25
434.0 119.25
435.0 133.75
436.0 140.0
437.0 165.0
438.0 146.25
439.0 133.75
440.0 168.75
441.0 146.25
442.0 14.625
443.0 15.5
444.0 155.0
445.0 172.5
446.0 187.5
447.0 210.0
448.0 182.5
449.0 185.0
450.0 203.75
451.0 221.25
452.0 196.25
453.0 168.75
454.0 206.25
455.0 203.75
456.0 227.5
457.0 227.5
458.0 230.0
459.0 220.0
460.0 231.25
461.0 228.75
462.0 232.5
463.0 201.25
464.0 228.75
465.0 226.25
466.0 240.0
467.0 231.25
468.0 228.75
469.0 212.5
470.0 220.0
471.0 228.75
472.0 203.75
473.0 221.25
474.0 233.75
475.0 228.75
476.0 162.5
477.0 205.0
478.0 121.375
479.0 103.25
480.0 160.0
481.0 133.75
482.0 143.75
483.0 141.25
484.0 170.0
485.0 180.0
486.0 119.75
487.0 158.75
488.0 138.75
489.0 136.25
490.0 112.375
491.0 132.5
492.0 148.75
493.0 168.75
494.0 158.75
495.0 133.75
496.0 127.5
497.0 160.0
498.0 128.75
499.0 136.25
500.0 151.25
501.0 155.0
502.0 126.25
503.0 160.0
504.0 97.875
505.0 69.75
506.0 68.75
507.0 74.5
508.0 12.25
509.0 12.0
510.0 14.75
511.0 14.875
512.0 14.125
513.0 25.75
514.0 3.125
515.0 23.0
516.0 33.0
517.0 1.5
518.0 7.5
519.0 5.125
520.0 4.25
521.0 15.25
522.0 15.0
523.0 12.625
524.0 15.25
525.0 14.125
526.0 15.125
527.0 65.625
528.0 78.125
529.0 88.125
530.0 78.25
531.0 97.0
532.0 93.25
533.0 68.5
534.0 94.5
535.0 97.0
536.0 91.375
537.0 76.375
538.0 1.875
539.0 0.0
540.0 0.0
541.0 0.0
542.0 0.0
543.0 13.875
544.0 15.625
545.0 63.25
546.0 79.25
547.0 78.625
548.0 82.125
549.0 81.5
550.0 82.5
551.0 77.125
552.0 77.875
553.0 83.0
554.0 92.25
555.0 84.375
556.0 102.25
557.0 114.625
558.0 123.375
559.0 107.25
560.0 130.0
561.0 150.0
562.0 170.0
563.0 168.75
564.0 147.5
565.0 97.25
566.0 188.75
567.0 182.5
568.0 185.0
569.0 196.25
570.0 168.75
571.0 145.0
572.0 150.0
573.0 143.75
574.0 138.75
575.0 193.75
576.0 226.25
577.0 202.5
578.0 230.0
579.0 195.0
580.0 225.0
581.0 218.75
582.0 171.25
583.0 141.25
584.0 102.0
585.0 122.625
586.0 140.0
587.0 68.75
588.0 4.75
589.0 19.125
590.0 14.25
591.0 57.125
592.0 120.875
593.0 172.5
594.0 153.75
595.0 166.25
596.0 171.25
597.0 182.5
598.0 168.75
599.0 188.75
600.0 181.25
601.0 200.0
602.0 186.25
603.0 190.0
604.0 195.0
605.0 156.25
606.0 166.25
607.0 141.25
608.0 46.125
609.0 12.875
610.0 72.375
611.0 152.5
612.0 183.75
613.0 186.25
614.0 166.25
615.0 167.5
616.0 158.75
617.0 130.0
618.0 151.25
619.0 158.75
620.0 131.25
621.0 212.5
622.0 192.5
623.0 208.75
624.0 222.5
625.0 130.0
626.0 212.5
627.0 203.75
628.0 207.5
629.0 211.25
630.0 176.25
631.0 117.625
632.0 10.875
633.0 16.875
634.0 1.5
635.0 0.125
636.0 7.375
637.0 12.875
638.0 13.125
639.0 88.75
640.0 103.125
641.0 74.75
642.0 27.875
643.0 1.875
644.0 37.75
645.0 85.125
646.0 89.75
647.0 83.0
648.0 86.5
649.0 83.875
650.0 81.75
651.0 77.375
652.0 62.625
653.0 2.75
654.0 44.0
655.0 66.875
656.0 54.375
657.0 35.25
658.0 40.125
659.0 87.375
660.0 103.5
661.0 83.75
662.0 19.125
663.0 15.25
664.0 49.0
665.0 77.75
666.0 72.625
667.0 73.125
668.0 84.75
669.0 85.75
670.0 15.5
671.0 58.125
672.0 61.25
673.0 70.5
674.0 73.25
675.0 67.75
676.0 70.25
677.0 81.875
678.0 87.5
679.0 88.5
680.0 54.875
681.0 16.625
682.0 35.25
683.0 46.75
684.0 73.625
685.0 16.75
686.0 11.75
687.0 12.5
688.0 62.0
689.0 63.625
690.0 16.875
691.0 13.875
692.0 60.625
693.0 82.125
694.0 84.625
695.0 85.0
696.0 84.625
697.0 90.625
698.0 93.0
699.0 103.75
700.0 99.5
701.0 100.125
702.0 93.75
703.0 119.0
704.0 106.75
705.0 101.0
706.0 93.125
707.0 108.0
708.0 117.875
709.0 113.25
710.0 99.75
711.0 97.5
712.0 115.75
713.0 151.25
714.0 120.5
715.0 107.5
716.0 125.0
717.0 127.5
718.0 183.75
719.0 178.75
720.0 125.0
721.0 107.75
722.0 117.375
723.0 127.5
724.0 141.25
725.0 131.25
726.0 128.75
727.0 112.5
728.0 128.75
729.0 105.875
730.0 108.125
731.0 128.75
732.0 110.625
733.0 119.25
734.0 120.625
735.0 62.625
736.0 15.625
737.0 11.25
738.0 98.25
739.0 128.75
740.0 128.75
741.0 131.25
742.0 127.5
743.0 104.125
744.0 102.875
745.0 126.25
746.0 103.5
747.0 120.625
748.0 138.75
749.0 109.25
750.0 124.5
751.0 126.25
752.0 112.25
753.0 120.625
754.0 130.0
755.0 137.5
756.0 148.75
757.0 130.0
758.0 124.625
759.0 133.75
760.0 116.875
761.0 120.75
762.0 128.75
763.0 105.875
764.0 117.625
765.0 109.25
766.0 103.875
767.0 111.375
768.0 146.25
769.0 113.625
770.0 141.25
771.0 102.125
772.0 13.0
773.0 15.25
774.0 35.5
775.0 84.0
776.0 142.5
777.0 136.25
778.0 132.5
779.0 132.5
780.0 133.75
781.0 142.5
782.0 151.25
783.0 135.0
784.0 186.25
785.0 98.125
786.0 153.75
787.0 162.5
788.0 183.75
789.0 170.0
790.0 165.0
791.0 113.75
792.0 116.75
793.0 143.75
794.0 151.25
795.0 142.5
796.0 114.75
