1.0 8.125
2.0 16.25
3.0 21.0
4.0 24.375
5.0 2.5
6.0 2.0
7.0 4.5
8.0 3.375
9.0 3.25
10.0 12.0
11.0 11.875
12.0 19.0
13.0 27.5
14.0 25.875
15.0 30.375
16.0 32.25
17.0 37.5
18.0 49.25
19.0 65.125
20.0 68.125
21.0 76.875
22.0 67.75
23.0 89.25
24.0 68.875
25.0 95.875
26.0 74.625
27.0 88.0
28.0 54.375
29.0 55.625
30.0 21.5
31.0 0.0
32.0 14.875
33.0 15.375
34.0 48.0
35.0 84.25
36.0 34.875
37.0 14.125
38.0 13.625
39.0 35.0
40.0 77.875
41.0 65.125
42.0 83.375
43.0 63.5
44.0 80.625
45.0 5.75
46.0 1.0
47.0 20.375
48.0 13.125
49.0 12.875
50.0 29.25
51.0 50.25
52.0 46.375
53.0 68.75
54.0 67.125
55.0 69.25
56.0 57.125
57.0 69.5
58.0 69.625
59.0 67.375
60.0 69.125
61.0 66.0
62.0 4.875
63.0 2.875
64.0 2.5
65.0 2.5
66.0 1.0
67.0 9.625
68.0 13.375
69.0 15.375
70.0 4.5
71.0 2.5
72.0 1.875
73.0 6.375
74.0 9.75
75.0 12.375
76.0 14.375
77.0 15.125
78.0 4.5
79.0 9.5
80.0 5.0
81.0 3.5
82.0 4.875
83.0 15.0
84.0 13.125
85.0 23.25
86.0 47.0
87.0 49.75
88.0 42.875
89.0 57.75
90.0 55.5
91.0 60.625
92.0 69.25
93.0 61.75
94.0 83.125
95.0 101.375
96.0 35.875
97.0 15.125
98.0 37.5
99.0 78.5
100.0 84.0
101.0 112.625
102.0 98.875
103.0 105.875
104.0 112.25
105.0 115.5
106.0 80.75
107.0 104.625
108.0 101.25
109.0 26.5
110.0 51.75
111.0 16.5
112.0 0.0
113.0 0.625
114.0 0.0
115.0 0.0
116.0 0.0
117.0 0.0
118.0 2.25
119.0 0.125
120.0 0.0
121.0 0.0
122.0 15.5
123.0 12.0
124.0 14.125
125.0 11.0
126.0 73.125
127.0 97.625
128.0 107.625
129.0 107.25
130.0 118.125
131.0 136.25
132.0 118.5
133.0 0.0
134.0 36.0
135.0 157.5
136.0 123.25
137.0 128.75
138.0 116.375
139.0 122.25
140.0 140.0
141.0 130.0
142.0 175.0
143.0 177.5
144.0 172.5
145.0 175.0
146.0 172.5
147.0 152.5
148.0 162.5
149.0 17.375
150.0 12.25
151.0 98.625
152.0 133.75
153.0 113.125
154.0 120.625
155.0 146.25
156.0 120.125
157.0 119.75
158.0 61.875
159.0 77.125
160.0 150.0
161.0 166.25
162.0 163.75
163.0 100.875
164.0 120.875
165.0 127.5
166.0 89.375
167.0 12.25
168.0 5.75
169.0 9.625
170.0 7.625
171.0 51.0
172.0 4.375
173.0 5.75
174.0 6.75
175.0 7.25
176.0 13.75
177.0 11.375
178.0 15.0
179.0 13.125
180.0 15.625
181.0 14.5
182.0 14.5
183.0 13.75
184.0 13.5
185.0 15.25
186.0 12.5
187.0 14.875
188.0 14.625
189.0 11.125
190.0 15.25
191.0 12.5
192.0 10.875
193.0 15.125
194.0 15.25
195.0 14.5
196.0 28.0
197.0 73.625
198.0 70.625
199.0 79.25
200.0 80.875
201.0 74.0
202.0 78.875
203.0 82.375
204.0 81.625
205.0 93.5
206.0 91.0
207.0 94.0
208.0 97.5
209.0 111.0
210.0 114.375
211.0 108.5
212.0 117.0
213.0 120.375
214.0 111.5
215.0 123.25
216.0 114.125
217.0 113.0
218.0 118.125
219.0 115.875
220.0 102.125
221.0 121.625
222.0 122.625
223.0 116.75
224.0 120.0
225.0 138.75
226.0 141.25
227.0 123.25
228.0 128.75
229.0 119.875
230.0 138.75
231.0 103.0
232.0 138.75
233.0 126.25
234.0 78.625
235.0 22.75
236.0 104.25
237.0 118.375
238.0 138.75
239.0 95.625
240.0 115.5
241.0 116.25
242.0 130.0
243.0 124.25
244.0 124.625
245.0 120.375
246.0 102.125
247.0 65.375
248.0 70.125
249.0 106.125
250.0 108.875
251.0 108.0
252.0 112.125
253.0 72.375
254.0 33.125
255.0 20.625
256.0 18.625
257.0 23.375
258.0 37.875
259.0 21.5
260.0 20.0
261.0 16.625
262.0 22.375
263.0 21.125
264.0 35.625
265.0 25.625
266.0 21.125
267.0 21.625
268.0 22.125
269.0 18.875
270.0 17.125
271.0 15.0
272.0 14.875
273.0 65.75
274.0 10.5
275.0 10.0
276.0 1.375
277.0 15.5
278.0 8.5
279.0 3.375
280.0 3.75
281.0 4.5
282.0 5.25
283.0 4.0
284.0 4.375
285.0 4.5
286.0 5.375
287.0 2.375
288.0 5.75
289.0 4.125
290.0 3.25
291.0 4.25
292.0 4.5
293.0 3.875
294.0 2.5
295.0 5.25
296.0 4.375
297.0 4.375
298.0 5.875
299.0 6.625
300.0 12.75
301.0 21.5
302.0 35.625
303.0 45.5
304.0 53.25
305.0 43.5
306.0 47.625
307.0 69.0
308.0 63.25
309.0 64.0
310.0 78.0
311.0 54.75
312.0 3.625
313.0 13.25
314.0 48.625
315.0 81.625
316.0 96.0
317.0 99.375
318.0 91.625
319.0 98.25
320.0 106.625
321.0 104.5
322.0 110.5
323.0 111.125
324.0 92.75
325.0 92.0
326.0 87.375
327.0 96.125
328.0 107.0
329.0 83.625
330.0 104.75
331.0 101.875
332.0 138.75
333.0 91.125
334.0 82.375
335.0 95.625
336.0 117.125
337.0 111.875
338.0 178.75
339.0 119.625
340.0 97.25
341.0 114.0
342.0 109.75
343.0 104.25
344.0 155.0
345.0 121.25
346.0 77.5
347.0 116.875
348.0 147.5
349.0 138.75
350.0 160.0
351.0 126.25
352.0 158.75
353.0 166.25
354.0 146.25
355.0 122.25
356.0 147.5
357.0 146.25
358.0 120.625
359.0 117.25
360.0 104.125
361.0 90.875
362.0 91.875
363.0 123.125
364.0 121.875
365.0 80.875
366.0 137.5
367.0 118.0
368.0 136.25
369.0 127.5
370.0 87.25
371.0 125.0
372.0 122.875
373.0 110.125
374.0 108.125
375.0 126.25
376.0 107.375
377.0 130.0
378.0 119.25
379.0 92.125
380.0 94.625
381.0 109.75
382.0 73.625
383.0 108.875
384.0 110.875
385.0 94.375
386.0 104.875
387.0 85.125
388.0 115.875
389.0 105.25
390.0 125.0
391.0 114.25
392.0 89.125
393.0 49.875
394.0 1.375
395.0 42.0
396.0 66.125
397.0 68.375
398.0 70.0
399.0 70.0
400.0 92.25
401.0 106.125
402.0 34.25
403.0 75.125
404.0 48.125
405.0 75.5
406.0 50.5
407.0 1.625
408.0 5.125
409.0 4.625
410.0 13.5
411.0 54.5
412.0 81.625
413.0 99.0
414.0 98.875
415.0 115.375
416.0 97.375
417.0 124.625
418.0 130.0
419.0 119.75
420.0 123.625
421.0 88.5
422.0 135.0
423.0 116.875
424.0 121.875
425.0 128.75
426.0 131.25
427.0 114.125
428.0 112.5
429.0 110.75
430.0 132.5
431.0 96.75
432.0 136.25
433.0 102.125
434.0 117.5
435.0 140.0
436.0 130.0
437.0 140.0
438.0 105.75
439.0 109.75
440.0 127.5
441.0 99.375
442.0 95.75
443.0 101.5
444.0 90.375
445.0 89.0
446.0 98.875
447.0 117.0
448.0 123.125
449.0 105.5
450.0 96.75
451.0 100.625
452.0 102.125
453.0 97.625
454.0 133.75
455.0 127.5
456.0 130.0
457.0 102.875
458.0 131.25
459.0 141.25
460.0 113.75
461.0 68.75
462.0 97.75
463.0 85.375
464.0 107.75
465.0 124.0
466.0 91.625
467.0 91.625
468.0 76.25
469.0 73.625
470.0 104.125
471.0 104.75
472.0 88.25
473.0 75.875
474.0 109.0
475.0 107.875
476.0 115.5
477.0 90.125
478.0 82.375
479.0 77.5
480.0 96.25
481.0 81.75
482.0 81.75
483.0 86.125
484.0 72.5
485.0 91.75
486.0 104.625
487.0 89.75
488.0 98.0
489.0 87.625
490.0 85.25
491.0 101.875
492.0 89.375
493.0 80.875
494.0 87.375
495.0 86.5
496.0 103.125
497.0 98.5
498.0 91.625
499.0 72.125
500.0 111.0
501.0 109.375
502.0 96.5
503.0 119.875
504.0 104.375
505.0 119.625
506.0 96.0
507.0 96.25
508.0 112.0
509.0 99.875
510.0 85.25
511.0 6.0
512.0 0.125
513.0 9.875
514.0 15.125
515.0 57.875
516.0 89.625
517.0 96.625
518.0 116.0
519.0 100.75
520.0 102.0
521.0 103.875
522.0 99.5
523.0 75.125
524.0 82.875
525.0 106.875
526.0 3.125
527.0 0.5
528.0 14.875
529.0 13.0
530.0 51.5
531.0 62.5
532.0 85.625
533.0 94.375
534.0 54.875
535.0 89.75
536.0 97.875
537.0 86.875
538.0 59.875
539.0 73.625
540.0 99.125
541.0 73.0
542.0 91.25
543.0 115.625
544.0 115.0
545.0 113.625
546.0 108.625
547.0 96.0
548.0 121.125
549.0 118.375
550.0 122.25
551.0 123.375
552.0 119.25
553.0 101.875
554.0 94.0
555.0 106.125
556.0 108.125
557.0 113.5
558.0 112.125
559.0 101.875
560.0 103.0
561.0 106.25
562.0 104.25
563.0 107.25
564.0 111.625
565.0 104.125
566.0 131.25
567.0 105.75
568.0 73.125
569.0 115.875
570.0 140.0
571.0 72.125
572.0 26.75
573.0 13.625
574.0 27.0
575.0 11.125
576.0 64.625
577.0 67.0
578.0 73.625
579.0 63.25
580.0 58.625
581.0 73.0
582.0 73.75
583.0 65.25
584.0 66.25
585.0 63.5
586.0 70.0
587.0 67.625
588.0 60.0
589.0 69.125
590.0 61.125
591.0 73.625
592.0 13.0
593.0 15.625
594.0 63.75
595.0 68.75
596.0 54.25
597.0 68.25
598.0 71.5
599.0 80.5
600.0 63.5
601.0 68.375
602.0 74.625
603.0 88.625
604.0 71.625
605.0 62.875
606.0 67.875
607.0 61.0
608.0 115.875
609.0 120.75
610.0 108.25
611.0 101.25
612.0 103.125
613.0 127.5
614.0 143.75
615.0 121.125
616.0 116.625
617.0 127.5
618.0 147.5
619.0 6.625
620.0 12.0
621.0 12.375
622.0 14.25
623.0 103.875
624.0 68.0
625.0 74.5
626.0 136.25
627.0 142.5
628.0 143.75
629.0 138.75
630.0 147.5
631.0 125.0
632.0 116.625
633.0 99.625
634.0 93.5
635.0 90.5
636.0 114.375
637.0 108.125
638.0 111.5
639.0 109.25
640.0 105.5
641.0 109.25
642.0 102.75
643.0 87.125
644.0 131.25
645.0 118.75
646.0 99.375
647.0 120.375
648.0 113.75
649.0 119.875
650.0 130.0
651.0 119.5
652.0 119.75
653.0 119.25
654.0 66.0
655.0 13.625
656.0 15.5
657.0 14.25
658.0 15.5
659.0 25.25
660.0 10.375
661.0 13.25
662.0 38.375
663.0 53.5
664.0 47.75
665.0 53.0
666.0 53.125
667.0 4.125
668.0 1.75
669.0 1.0
670.0 1.375
671.0 2.0
672.0 0.125
673.0 14.25
674.0 12.75
675.0 39.5
676.0 48.375
677.0 43.25
678.0 50.25
679.0 48.5
680.0 44.0
681.0 49.375
682.0 46.0
683.0 48.25
684.0 48.375
685.0 43.125
686.0 46.625
687.0 40.75
688.0 52.0
689.0 54.375
690.0 55.25
691.0 42.375
692.0 50.125
693.0 46.875
694.0 44.0
695.0 37.5
696.0 60.0
697.0 46.875
698.0 54.875
699.0 52.5
700.0 54.5
701.0 55.0
702.0 44.5
703.0 58.25
704.0 41.125
705.0 48.5
706.0 60.875
707.0 67.75
708.0 9.75
709.0 0.25
710.0 0.0
711.0 2.75
712.0 15.0
713.0 10.25
714.0 15.25
715.0 17.5
716.0 27.5
717.0 34.25
718.0 41.75
719.0 44.625
720.0 47.125
721.0 54.25
722.0 52.5
723.0 56.375
724.0 54.25
725.0 56.875
726.0 49.0
727.0 55.0
728.0 66.625
729.0 55.875
730.0 67.625
731.0 62.125
732.0 50.0
733.0 61.375
734.0 60.875
735.0 60.75
736.0 60.0
737.0 53.125
738.0 66.625
739.0 70.0
740.0 74.5
741.0 67.875
742.0 61.375
743.0 64.625
744.0 59.75
745.0 58.0
746.0 61.0
747.0 59.0
748.0 56.75
749.0 52.0
750.0 49.25
751.0 22.375
752.0 12.625
753.0 12.875
754.0 13.875
755.0 12.0
756.0 12.25
757.0 14.125
758.0 11.75
759.0 14.625
760.0 14.625
761.0 13.5
762.0 14.625
763.0 13.75
764.0 13.25
765.0 9.5
766.0 34.5
767.0 48.25
768.0 39.875
769.0 42.875
770.0 43.875
771.0 46.375
772.0 47.375
773.0 40.125
774.0 49.75
775.0 55.625
776.0 52.75
777.0 51.0
778.0 63.125
779.0 64.5
780.0 71.875
781.0 49.875
782.0 70.125
783.0 79.75
784.0 81.0
785.0 77.875
786.0 80.75
787.0 75.125
788.0 62.0
789.0 86.5
790.0 22.0
791.0 2.875
792.0 19.5
793.0 12.375
794.0 71.625
795.0 65.125
796.0 61.875
797.0 62.375
798.0 67.5
799.0 66.375
800.0 69.875
