1.0 1.625
2.0 2.125
3.0 3.375
4.0 6.5
5.0 11.375
6.0 20.875
7.0 32.25
8.0 53.375
9.0 52.75
10.0 52.75
11.0 54.625
12.0 10.75
13.0 10.375
14.0 31.0
15.0 41.75
16.0 0.0
17.0 1.0
18.0 15.0
19.0 14.875
20.0 13.625
21.0 13.875
22.0 14.5
23.0 12.75
24.0 14.375
25.0 12.75
26.0 15.625
27.0 35.75
28.0 40.625
29.0 31.75
30.0 1.875
31.0 3.125
32.0 1.875
33.0 3.25
34.0 14.0
35.0 11.25
36.0 21.0
37.0 23.625
38.0 25.875
39.0 21.625
40.0 26.375
41.0 26.625
42.0 10.875
43.0 3.75
44.0 2.625
45.0 2.875
46.0 3.125
47.0 2.875
48.0 2.875
49.0 11.625
50.0 13.875
51.0 15.25
52.0 15.125
53.0 11.375
54.0 11.625
55.0 14.0
56.0 13.375
57.0 14.125
58.0 20.5
59.0 32.125
60.0 18.875
61.0 15.25
62.0 15.125
63.0 15.125
64.0 15.125
65.0 12.75
66.0 11.375
67.0 14.375
68.0 12.125
69.0 13.375
70.0 68.75
71.0 98.625
72.0 93.5
73.0 98.75
74.0 104.875
75.0 100.75
76.0 103.125
77.0 106.625
78.0 109.75
79.0 102.5
80.0 113.125
81.0 120.25
82.0 135.0
83.0 122.125
84.0 117.25
85.0 119.625
86.0 132.5
87.0 146.25
88.0 39.0
89.0 14.625
90.0 11.375
91.0 74.625
92.0 13.375
93.0 14.625
94.0 51.5
95.0 69.0
96.0 29.375
97.0 17.125
98.0 15.75
99.0 5.5
100.0 5.5
101.0 5.625
102.0 14.375
103.0 11.375
104.0 34.125
105.0 41.25
106.0 40.625
107.0 42.375
108.0 45.75
109.0 46.375
110.0 41.75
111.0 47.125
112.0 47.5
113.0 46.75
114.0 52.125
115.0 55.0
116.0 53.875
117.0 67.0
118.0 65.875
119.0 84.25
120.0 95.0
121.0 84.875
122.0 89.25
123.0 105.0
124.0 138.75
125.0 142.5
126.0 132.5
127.0 173.75
128.0 156.25
129.0 145.0
130.0 175.0
131.0 116.875
132.0 167.5
133.0 102.0
134.0 15.0
135.0 14.75
136.0 136.25
137.0 155.0
138.0 112.125
139.0 172.5
140.0 125.0
141.0 120.0
142.0 85.375
143.0 90.125
144.0 108.25
145.0 41.125
146.0 12.875
147.0 13.625
148.0 15.125
149.0 14.25
150.0 11.375
151.0 10.75
152.0 100.125
153.0 90.625
154.0 91.0
155.0 83.125
156.0 89.375
157.0 85.5
158.0 53.75
159.0 34.625
160.0 114.625
161.0 118.5
162.0 85.5
163.0 24.5
164.0 24.375
165.0 20.875
166.0 12.375
167.0 15.5
168.0 78.25
169.0 109.625
170.0 99.5
171.0 128.75
172.0 108.5
173.0 68.875
174.0 110.5
175.0 27.625
176.0 12.125
177.0 51.625
178.0 73.75
179.0 71.125
180.0 37.125
181.0 21.0
182.0 24.25
183.0 13.875
184.0 9.25
185.0 9.0
186.0 1.375
187.0 0.0
188.0 6.25
189.0 0.875
190.0 11.25
191.0 14.625
192.0 14.75
193.0 15.375
194.0 14.125
195.0 13.875
196.0 15.0
197.0 14.25
198.0 15.25
199.0 14.25
200.0 14.125
201.0 14.125
202.0 5.25
203.0 5.5
204.0 6.625
205.0 6.0
206.0 0.125
207.0 0.0
208.0 9.625
209.0 15.125
210.0 13.25
211.0 16.875
212.0 25.25
213.0 26.75
214.0 36.875
215.0 14.5
216.0 28.5
217.0 29.0
218.0 32.25
219.0 27.375
