1.0 112.5
2.0 271.0
3.0 380.0
4.0 326.0
5.0 389.5
6.0 437.0
7.0 437.5
8.0 478.0
9.0 505.0
10.0 570.0
11.0 595.0
12.0 660.0
13.0 660.0
14.0 705.0
15.0 740.0
16.0 850.0
17.0 725.0
18.0 850.0
19.0 740.0
20.0 840.0
21.0 835.0
22.0 850.0
23.0 825.0
24.0 890.0
25.0 850.0
26.0 870.0
27.0 885.0
28.0 835.0
29.0 905.0
30.0 905.0
31.0 890.0
32.0 830.0
33.0 715.0
34.0 540.0
35.0 650.0
36.0 750.0
37.0 655.0
38.0 545.0
39.0 655.0
40.0 615.0
41.0 447.5
42.0 680.0
43.0 468.5
44.0 114.0
45.0 61.0
46.0 42.5
47.0 69.0
48.0 100.0
49.0 48.0
50.0 259.5
51.0 353.0
52.0 287.0
53.0 368.5
54.0 341.0
55.0 330.0
56.0 346.5
57.0 382.5
58.0 289.0
59.0 408.5
60.0 436.5
61.0 459.5
62.0 540.0
63.0 575.0
64.0 635.0
65.0 750.0
66.0 645.0
67.0 605.0
68.0 535.0
69.0 372.5
70.0 163.5
71.0 167.0
72.0 106.0
73.0 49.0
74.0 153.0
75.0 371.5
76.0 409.0
77.0 416.5
78.0 414.5
79.0 329.0
80.0 342.5
81.0 414.0
82.0 461.0
83.0 394.0
84.0 314.0
85.0 410.5
86.0 461.0
87.0 466.5
88.0 520.0
89.0 428.5
90.0 468.5
91.0 383.0
92.0 415.0
93.0 386.0
94.0 411.5
95.0 428.5
96.0 492.0
97.0 354.0
98.0 355.5
99.0 404.0
100.0 343.0
101.0 350.5
102.0 379.0
103.0 73.0
104.0 47.5
105.0 43.0
106.0 55.5
107.0 57.5
108.0 57.5
109.0 47.5
110.0 38.5
111.0 246.5
112.0 338.0
113.0 325.5
114.0 334.5
115.0 117.5
116.0 238.5
117.0 257.0
118.0 90.5
119.0 224.5
120.0 292.0
121.0 306.5
122.0 238.0
123.0 269.5
124.0 331.5
125.0 326.5
126.0 454.5
127.0 427.0
128.0 379.5
129.0 411.5
130.0 348.0
131.0 416.5
132.0 520.0
133.0 590.0
134.0 525.0
135.0 444.0
136.0 510.0
137.0 458.0
138.0 520.0
139.0 336.0
140.0 309.5
141.0 398.5
142.0 366.5
143.0 376.5
144.0 303.5
145.0 190.0
146.0 130.5
147.0 181.0
148.0 237.0
149.0 63.5
150.0 244.0
151.0 269.0
152.0 288.5
153.0 374.0
154.0 199.0
155.0 311.0
156.0 250.0
157.0 67.5
158.0 82.5
159.0 182.5
160.0 217.0
161.0 84.5
162.0 0.5
163.0 0.0
164.0 10.5
165.0 0.0
166.0 10.5
167.0 4.0
168.0 60.5
169.0 52.5
170.0 62.5
171.0 135.5
172.0 176.5
173.0 154.0
174.0 130.5
175.0 43.5
176.0 58.5
177.0 45.5
178.0 122.5
179.0 151.0
180.0 133.5
181.0 133.5
182.0 193.0
183.0 187.0
184.0 141.0
185.0 175.0
186.0 240.0
187.0 242.0
188.0 250.0
189.0 308.5
190.0 285.5
191.0 400.5
192.0 456.5
193.0 456.0
194.0 448.0
195.0 535.0
196.0 650.0
197.0 760.0
198.0 780.0
199.0 865.0
200.0 770.0
201.0 775.0
202.0 725.0
203.0 685.0
204.0 735.0
205.0 730.0
206.0 780.0
207.0 785.0
208.0 795.0
209.0 810.0
210.0 840.0
211.0 785.0
212.0 865.0
213.0 740.0
214.0 845.0
215.0 815.0
216.0 750.0
217.0 790.0
218.0 795.0
219.0 845.0
220.0 780.0
221.0 580.0
222.0 655.0
223.0 650.0
224.0 600.0
225.0 266.0
226.0 13.5
227.0 11.5
228.0 8.5
229.0 2.5
230.0 57.5
231.0 60.0
232.0 436.5
233.0 443.0
234.0 555.0
235.0 590.0
236.0 605.0
237.0 540.0
238.0 700.0
239.0 740.0
240.0 595.0
241.0 730.0
242.0 640.0
243.0 560.0
244.0 458.0
245.0 590.0
246.0 620.0
247.0 670.0
248.0 550.0
249.0 332.5
250.0 127.5
251.0 356.5
252.0 210.0
253.0 152.0
254.0 135.0
255.0 93.5
256.0 17.5
257.0 49.0
258.0 48.0
259.0 169.0
260.0 179.0
261.0 164.5
262.0 176.0
263.0 175.0
264.0 176.0
265.0 177.0
266.0 182.5
267.0 192.5
268.0 203.5
269.0 220.5
270.0 223.5
271.0 232.5
272.0 174.0
273.0 100.0
274.0 18.5
275.0 23.5
276.0 20.0
277.0 58.5
278.0 60.5
279.0 138.0
280.0 182.5
281.0 183.0
282.0 225.5
283.0 210.5
284.0 193.5
285.0 206.5
286.0 249.5
287.0 208.0
288.0 296.5
289.0 322.5
290.0 356.5
291.0 398.5
292.0 484.5
293.0 550.0
294.0 625.0
295.0 414.0
296.0 610.0
297.0 715.0
298.0 695.0
299.0 690.0
300.0 685.0
301.0 810.0
302.0 790.0
303.0 790.0
304.0 675.0
305.0 615.0
306.0 605.0
307.0 630.0
308.0 735.0
309.0 720.0
310.0 815.0
311.0 825.0
312.0 845.0
313.0 845.0
314.0 770.0
315.0 680.0
316.0 485.5
317.0 8.0
318.0 0.0
319.0 5.5
320.0 16.5
321.0 8.5
322.0 51.0
323.0 61.5
324.0 236.0
325.0 282.5
326.0 357.5
327.0 368.0
328.0 363.0
329.0 382.0
330.0 1.5
331.0 2.5
332.0 61.5
333.0 61.0
334.0 222.5
335.0 280.5
336.0 276.5
337.0 327.5
338.0 297.0
339.0 382.5
340.0 361.5
341.0 402.0
342.0 448.0
343.0 453.5
344.0 111.5
345.0 216.5
346.0 315.0
347.0 309.5
348.0 340.0
349.0 290.0
350.0 343.5
351.0 340.5
352.0 209.5
353.0 1.5
354.0 0.0
355.0 0.0
356.0 0.0
357.0 0.5
358.0 54.5
359.0 163.5
360.0 265.0
361.0 257.5
362.0 272.0
363.0 371.5
364.0 273.0
365.0 320.0
366.0 308.0
367.0 374.5
368.0 384.0
369.0 343.5
370.0 306.0
371.0 260.5
372.0 348.5
373.0 325.0
374.0 488.0
375.0 340.5
376.0 454.0
377.0 525.0
378.0 309.0
379.0 390.5
380.0 480.0
381.0 455.5
382.0 545.0
383.0 640.0
384.0 492.0
385.0 439.5
386.0 615.0
387.0 375.0
388.0 405.0
389.0 449.0
390.0 339.0
391.0 366.0
392.0 352.5
393.0 342.5
394.0 372.0
395.0 300.5
396.0 366.0
397.0 360.0
398.0 274.5
399.0 321.0
400.0 312.5
401.0 336.0
402.0 489.0
403.0 486.0
404.0 381.0
405.0 384.0
406.0 399.5
407.0 510.0
408.0 434.5
409.0 535.0
410.0 555.0
411.0 585.0
412.0 405.0
413.0 390.5
414.0 479.0
415.0 347.0
416.0 401.5
417.0 425.0
418.0 442.5
419.0 408.5
420.0 447.5
421.0 449.5
422.0 464.0
423.0 510.0
424.0 464.0
425.0 314.0
426.0 442.5
427.0 590.0
428.0 500.0
429.0 455.0
430.0 472.0
431.0 545.0
432.0 479.5
433.0 600.0
434.0 630.0
435.0 340.0
436.0 156.5
437.0 259.0
438.0 327.5
439.0 408.5
440.0 74.5
441.0 200.5
442.0 113.0
443.0 40.0
444.0 119.0
445.0 7.0
446.0 10.0
447.0 9.5
448.0 22.0
449.0 58.0
450.0 51.0
451.0 60.5
452.0 62.5
453.0 56.5
454.0 55.0
455.0 43.5
456.0 64.0
457.0 90.5
458.0 12.5
459.0 61.0
460.0 52.0
461.0 92.0
462.0 110.5
463.0 90.0
464.0 112.0
465.0 102.5
466.0 116.5
467.0 96.0
468.0 125.0
469.0 120.5
470.0 144.0
471.0 169.5
472.0 212.0
473.0 242.0
474.0 291.0
475.0 362.5
476.0 343.0
477.0 341.0
478.0 425.0
479.0 480.0
480.0 510.0
481.0 565.0
482.0 520.0
483.0 660.0
484.0 615.0
485.0 590.0
486.0 565.0
487.0 515.0
488.0 565.0
489.0 515.0
490.0 655.0
491.0 780.0
492.0 730.0
493.0 695.0
494.0 670.0
495.0 630.0
496.0 750.0
497.0 570.0
498.0 505.0
499.0 515.0
500.0 405.5
501.0 488.5
502.0 466.5
503.0 405.0
504.0 394.5
505.0 411.0
506.0 500.0
507.0 483.0
508.0 550.0
509.0 462.0
510.0 665.0
511.0 695.0
512.0 610.0
513.0 570.0
514.0 595.0
515.0 665.0
516.0 456.5
517.0 483.0
518.0 520.0
519.0 382.5
520.0 455.5
521.0 515.0
522.0 520.0
523.0 660.0
524.0 555.0
525.0 610.0
526.0 444.0
527.0 398.5
528.0 361.0
529.0 404.0
530.0 306.0
531.0 302.0
532.0 444.0
533.0 409.5
534.0 349.0
535.0 223.0
536.0 266.5
537.0 198.5
538.0 155.0
539.0 215.5
540.0 152.5
541.0 126.5
542.0 119.0
543.0 26.0
544.0 57.5
545.0 59.5
546.0 56.0
547.0 48.0
548.0 40.0
549.0 56.5
550.0 51.5
551.0 62.0
552.0 54.0
553.0 62.5
554.0 53.5
555.0 52.0
556.0 49.5
557.0 53.5
558.0 55.5
559.0 62.5
560.0 59.0
561.0 56.5
562.0 59.5
563.0 55.5
564.0 42.5
565.0 59.0
566.0 48.5
567.0 58.0
568.0 55.0
569.0 61.0
570.0 62.5
571.0 49.5
572.0 60.5
573.0 60.0
574.0 46.0
575.0 62.5
576.0 58.5
577.0 58.0
578.0 59.0
579.0 59.5
580.0 55.0
581.0 54.0
582.0 62.0
583.0 59.5
584.0 49.0
585.0 59.0
586.0 47.0
587.0 47.0
588.0 44.0
589.0 54.5
590.0 61.5
591.0 58.0
592.0 41.5
593.0 52.0
594.0 60.5
595.0 45.0
596.0 62.0
597.0 44.0
598.0 47.0
599.0 56.0
600.0 47.0
601.0 50.5
602.0 49.0
603.0 42.0
604.0 47.0
605.0 59.0
606.0 52.0
607.0 53.5
608.0 52.0
609.0 49.0
610.0 53.5
611.0 48.5
612.0 61.5
613.0 52.0
614.0 45.0
615.0 60.0
616.0 59.5
617.0 62.0
618.0 51.0
619.0 44.0
620.0 56.5
621.0 58.5
622.0 59.0
623.0 56.5
624.0 62.0
625.0 51.0
626.0 60.5
627.0 56.5
628.0 54.5
629.0 62.5
630.0 58.0
631.0 45.0
632.0 60.5
633.0 56.0
634.0 54.5
635.0 54.5
636.0 51.0
637.0 46.5
638.0 61.0
639.0 62.0
640.0 61.0
641.0 62.5
642.0 53.0
643.0 55.5
644.0 44.0
645.0 61.0
646.0 56.5
647.0 61.0
648.0 54.0
649.0 56.0
650.0 63.0
651.0 71.5
652.0 101.5
653.0 120.0
654.0 115.5
655.0 119.0
656.0 98.5
657.0 129.0
658.0 153.0
659.0 192.5
660.0 174.5
661.0 173.5
662.0 199.0
663.0 249.0
664.0 238.0
665.0 304.5
666.0 270.5
667.0 339.5
668.0 319.5
669.0 374.0
670.0 308.0
671.0 320.0
672.0 414.0
673.0 460.0
674.0 353.5
675.0 370.0
676.0 347.5
677.0 348.0
678.0 318.5
679.0 392.5
680.0 308.5
681.0 328.0
682.0 389.0
683.0 439.5
684.0 299.0
685.0 336.5
686.0 381.0
687.0 390.0
688.0 330.5
689.0 279.0
690.0 348.0
691.0 217.5
692.0 6.5
693.0 4.0
694.0 0.0
695.0 0.5
696.0 42.5
697.0 59.5
698.0 56.5
699.0 53.0
700.0 62.5
701.0 59.0
702.0 50.0
703.0 43.5
704.0 201.0
705.0 308.0
706.0 262.0
707.0 57.5
708.0 3.5
709.0 0.0
710.0 0.5
711.0 1.5
712.0 8.5
713.0 56.5
714.0 53.0
715.0 50.0
716.0 42.0
717.0 59.0
718.0 50.5
719.0 60.5
720.0 56.0
721.0 54.5
722.0 58.0
723.0 62.5
724.0 61.0
725.0 47.5
726.0 55.0
727.0 49.5
728.0 55.0
729.0 46.0
730.0 56.5
731.0 62.5
732.0 46.5
733.0 58.5
734.0 57.0
735.0 12.0
736.0 0.5
737.0 1.5
738.0 2.0
739.0 4.0
740.0 2.0
741.0 53.5
742.0 59.0
743.0 57.5
744.0 45.0
745.0 57.5
746.0 7.0
747.0 15.0
748.0 12.0
749.0 19.5
750.0 15.5
751.0 30.0
752.0 5.0
753.0 0.5
754.0 53.5
755.0 62.0
756.0 48.5
757.0 46.0
758.0 60.0
759.0 41.5
760.0 61.0
761.0 60.5
762.0 52.0
763.0 56.0
764.0 48.5
765.0 58.0
766.0 52.5
767.0 44.5
768.0 56.0
769.0 52.5
770.0 58.0
771.0 52.5
772.0 47.5
773.0 58.0
774.0 39.5
775.0 45.5
776.0 57.0
777.0 6.0
778.0 4.5
779.0 6.0
780.0 9.0
781.0 11.5
782.0 10.0
783.0 59.5
784.0 62.0
785.0 47.5
786.0 57.0
787.0 92.0
788.0 44.0
789.0 104.5
790.0 52.0
791.0 37.5
792.0 47.0
793.0 62.5
794.0 12.5
795.0 16.5
796.0 11.5
797.0 11.0
798.0 10.5
799.0 10.0
800.0 60.0
