1.0 10.625
2.0 9.25
3.0 14.75
4.0 20.125
5.0 28.375
6.0 45.875
7.0 73.375
8.0 92.375
9.0 82.625
10.0 130.0
11.0 109.875
12.0 113.875
13.0 119.25
14.0 80.5
15.0 122.25
16.0 124.5
17.0 117.625
18.0 110.125
19.0 136.25
20.0 135.0
21.0 110.375
22.0 122.125
23.0 107.25
24.0 112.5
25.0 101.375
26.0 97.0
27.0 106.25
28.0 97.5
29.0 86.625
30.0 5.0
31.0 75.125
32.0 85.75
33.0 8.75
34.0 0.0
35.0 51.5
36.0 78.125
37.0 80.125
38.0 78.75
39.0 101.75
40.0 75.875
41.0 93.875
42.0 95.125
43.0 79.875
44.0 88.375
45.0 108.375
46.0 113.875
47.0 135.0
48.0 102.125
49.0 101.625
50.0 122.625
51.0 123.75
52.0 87.5
53.0 12.25
54.0 15.5
55.0 109.375
56.0 108.5
57.0 97.25
58.0 98.875
59.0 118.875
60.0 121.0
61.0 140.0
62.0 94.5
63.0 95.0
64.0 112.125
65.0 136.25
66.0 145.0
67.0 135.0
68.0 105.0
69.0 107.875
70.0 23.625
71.0 2.625
72.0 1.0
73.0 0.0
74.0 11.75
75.0 14.875
76.0 81.25
77.0 33.5
78.0 7.125
79.0 7.125
80.0 4.75
81.0 5.25
82.0 5.125
83.0 14.125
84.0 11.125
85.0 21.75
86.0 53.0
87.0 58.5
88.0 48.75
89.0 16.125
90.0 38.875
91.0 49.375
92.0 63.625
93.0 63.375
94.0 61.375
95.0 65.875
96.0 66.875
97.0 68.875
98.0 66.25
99.0 64.125
100.0 66.25
101.0 1.875
102.0 42.875
103.0 41.625
104.0 20.875
105.0 15.125
106.0 26.875
107.0 53.625
108.0 72.625
109.0 95.75
110.0 81.125
111.0 89.0
112.0 90.875
113.0 79.75
114.0 118.625
115.0 111.625
116.0 96.75
117.0 22.125
118.0 11.5
119.0 9.625
120.0 11.625
121.0 0.0
122.0 4.625
123.0 0.0
124.0 12.375
125.0 15.5
126.0 51.25
127.0 79.125
128.0 60.875
129.0 15.5
130.0 5.875
131.0 14.625
132.0 2.625
133.0 4.125
134.0 12.125
135.0 11.625
136.0 14.625
137.0 13.0
138.0 13.75
139.0 4.75
140.0 12.5
141.0 9.625
142.0 6.625
143.0 6.25
144.0 9.375
145.0 10.875
146.0 11.125
147.0 11.25
148.0 10.75
149.0 10.125
150.0 3.75
151.0 5.625
152.0 8.5
153.0 4.375
154.0 4.25
155.0 7.25
156.0 2.75
157.0 0.125
158.0 10.5
159.0 13.875
160.0 15.375
161.0 22.375
162.0 42.875
163.0 68.25
164.0 60.25
165.0 88.5
166.0 72.75
167.0 96.875
168.0 10.25
169.0 10.0
170.0 14.5
171.0 14.25
172.0 14.875
173.0 4.875
174.0 5.125
175.0 63.625
176.0 91.875
177.0 89.875
178.0 97.125
179.0 100.125
180.0 97.375
181.0 104.125
182.0 107.375
183.0 121.375
184.0 113.0
185.0 142.5
186.0 153.75
187.0 153.75
188.0 125.0
189.0 132.5
190.0 152.5
191.0 122.0
192.0 104.25
193.0 103.0
194.0 106.375
195.0 105.125
196.0 120.25
197.0 125.0
198.0 123.0
199.0 106.125
200.0 120.0
201.0 147.5
202.0 143.75
203.0 116.5
204.0 117.375
205.0 122.25
206.0 114.75
207.0 105.875
208.0 136.25
209.0 152.5
210.0 135.0
211.0 132.5
212.0 131.25
213.0 124.0
214.0 125.0
215.0 130.0
216.0 132.5
217.0 111.375
218.0 125.0
219.0 126.25
220.0 123.125
221.0 135.0
222.0 138.75
223.0 131.25
224.0 124.375
225.0 136.25
226.0 153.75
227.0 117.25
228.0 141.25
229.0 141.25
230.0 138.75
231.0 105.125
232.0 135.0
233.0 107.0
234.0 119.125
235.0 127.5
236.0 66.125
237.0 14.5
238.0 10.5
239.0 127.5
240.0 145.0
241.0 131.25
242.0 103.75
243.0 114.875
244.0 126.25
245.0 121.25
246.0 132.5
247.0 115.375
248.0 128.75
249.0 123.0
250.0 114.375
251.0 123.375
252.0 115.875
253.0 110.0
254.0 93.875
255.0 60.125
256.0 37.5
257.0 20.0
258.0 21.375
259.0 20.875
260.0 21.875
261.0 21.0
262.0 22.0
263.0 20.25
264.0 21.875
265.0 25.25
266.0 23.0
267.0 20.875
268.0 23.125
269.0 17.0
270.0 19.5
271.0 17.0
272.0 7.875
273.0 17.5
274.0 14.5
275.0 5.875
276.0 16.75
277.0 12.125
278.0 10.625
279.0 11.375
280.0 10.5
281.0 7.375
282.0 1.125
283.0 1.375
284.0 13.0
285.0 3.375
286.0 5.75
287.0 6.0
288.0 11.625
289.0 13.875
290.0 46.0
291.0 51.625
292.0 53.0
293.0 54.0
294.0 57.5
295.0 62.25
296.0 59.625
297.0 71.375
298.0 77.375
299.0 75.875
300.0 90.75
301.0 93.5
302.0 24.625
303.0 11.375
304.0 13.875
305.0 92.625
306.0 84.25
307.0 109.125
308.0 112.875
309.0 76.875
310.0 79.125
311.0 72.5
312.0 85.0
313.0 82.75
314.0 89.375
315.0 73.625
316.0 62.75
317.0 82.625
318.0 82.0
319.0 95.125
320.0 114.25
321.0 113.875
322.0 132.5
323.0 113.625
324.0 126.25
325.0 123.0
326.0 133.75
327.0 140.0
328.0 133.75
329.0 153.75
330.0 163.75
331.0 162.5
332.0 181.25
333.0 176.25
334.0 183.75
335.0 186.25
336.0 195.0
337.0 187.5
338.0 152.5
339.0 166.25
340.0 170.0
341.0 188.75
342.0 198.75
343.0 178.75
344.0 173.75
345.0 170.0
346.0 165.0
347.0 157.5
348.0 163.75
349.0 165.0
350.0 168.75
351.0 176.25
352.0 173.75
353.0 208.75
354.0 173.75
355.0 163.75
356.0 156.25
357.0 156.25
358.0 143.75
359.0 170.0
360.0 163.75
361.0 158.75
362.0 172.5
363.0 148.75
364.0 125.0
365.0 133.75
366.0 136.25
367.0 130.0
368.0 196.25
369.0 115.5
370.0 133.75
371.0 133.75
372.0 126.25
373.0 121.25
374.0 133.75
375.0 141.25
376.0 150.0
377.0 141.25
378.0 145.0
379.0 165.0
380.0 146.25
381.0 133.75
382.0 120.75
383.0 125.0
384.0 127.5
385.0 106.125
386.0 119.375
387.0 156.25
388.0 132.5
389.0 155.0
390.0 132.5
391.0 124.75
392.0 105.375
393.0 131.25
394.0 86.125
395.0 131.25
396.0 135.0
397.0 120.25
398.0 112.75
399.0 155.0
400.0 117.125
401.0 116.875
402.0 110.75
403.0 92.875
404.0 114.375
405.0 114.125
406.0 126.25
407.0 116.75
408.0 119.5
409.0 94.25
410.0 100.5
411.0 137.5
412.0 126.25
413.0 117.25
414.0 123.0
415.0 53.875
416.0 24.375
417.0 90.25
418.0 40.75
419.0 39.5
420.0 7.375
421.0 4.375
422.0 5.75
423.0 21.625
424.0 9.5
425.0 11.625
426.0 14.75
427.0 10.375
428.0 26.125
429.0 11.125
430.0 15.625
431.0 42.5
432.0 27.25
433.0 12.875
434.0 22.625
435.0 60.625
436.0 62.25
437.0 60.625
438.0 72.875
439.0 58.375
440.0 66.625
441.0 74.75
442.0 87.25
443.0 91.75
444.0 89.125
445.0 98.625
446.0 112.375
447.0 130.0
448.0 168.75
449.0 202.5
450.0 215.0
451.0 181.25
452.0 218.75
453.0 233.75
454.0 203.75
455.0 188.75
456.0 236.25
457.0 233.75
458.0 217.5
459.0 147.5
460.0 228.75
461.0 203.75
462.0 200.0
463.0 196.25
464.0 166.25
465.0 163.75
466.0 180.0
467.0 168.75
468.0 140.0
469.0 155.0
470.0 156.25
471.0 133.75
472.0 150.0
473.0 150.0
474.0 140.0
475.0 153.75
476.0 148.75
477.0 132.5
478.0 152.5
479.0 167.5
480.0 163.75
481.0 137.5
482.0 141.25
483.0 138.75
484.0 137.5
485.0 128.75
486.0 156.25
487.0 162.5
488.0 127.5
489.0 126.25
490.0 95.25
491.0 84.875
492.0 106.625
493.0 119.125
494.0 93.75
495.0 15.25
496.0 13.0
497.0 12.875
498.0 67.25
499.0 88.5
500.0 95.0
501.0 49.0
502.0 5.375
503.0 11.875
504.0 13.25
505.0 24.125
506.0 0.25
507.0 0.0
508.0 2.0
509.0 13.5
510.0 13.625
511.0 13.875
512.0 9.75
513.0 27.625
514.0 31.0
515.0 37.5
516.0 48.5
517.0 59.75
518.0 32.25
519.0 51.625
520.0 65.5
521.0 82.0
522.0 38.0
523.0 51.0
524.0 23.75
525.0 48.875
526.0 71.125
527.0 63.125
528.0 63.125
529.0 72.625
530.0 73.625
531.0 63.625
532.0 17.5
533.0 15.625
534.0 7.0
535.0 5.875
536.0 12.0
537.0 14.75
538.0 38.875
539.0 49.625
540.0 50.125
541.0 49.0
542.0 51.375
543.0 58.0
544.0 64.875
545.0 71.75
546.0 84.5
547.0 96.625
548.0 110.625
549.0 119.25
550.0 125.0
551.0 110.25
552.0 133.75
553.0 135.0
554.0 152.5
555.0 177.5
556.0 181.25
557.0 222.5
558.0 210.0
559.0 181.25
560.0 168.75
561.0 205.0
562.0 136.25
563.0 3.625
564.0 3.375
565.0 3.375
566.0 0.375
567.0 14.375
568.0 12.875
569.0 114.0
570.0 161.25
571.0 137.5
572.0 127.5
573.0 126.25
574.0 161.25
575.0 165.0
576.0 157.5
577.0 188.75
578.0 191.25
579.0 163.75
580.0 142.5
581.0 130.0
582.0 124.625
583.0 86.0
584.0 140.0
585.0 45.375
586.0 3.625
587.0 10.125
588.0 14.125
589.0 89.625
590.0 99.875
591.0 137.5
592.0 138.75
593.0 136.25
594.0 138.75
595.0 145.0
596.0 118.375
597.0 152.5
598.0 148.75
599.0 175.0
600.0 180.0
601.0 141.25
602.0 208.75
603.0 207.5
604.0 198.75
605.0 172.5
606.0 160.0
607.0 180.0
608.0 173.75
609.0 89.0
610.0 12.875
611.0 1.25
612.0 15.375
613.0 14.375
614.0 110.375
615.0 150.0
616.0 156.25
617.0 168.75
618.0 172.5
619.0 156.25
620.0 196.25
621.0 208.75
622.0 197.5
623.0 156.25
624.0 185.0
625.0 193.75
626.0 176.25
627.0 165.0
628.0 166.25
629.0 146.25
630.0 142.5
631.0 119.125
632.0 147.5
633.0 142.5
634.0 137.5
635.0 146.25
636.0 198.75
637.0 151.25
638.0 150.0
639.0 173.75
640.0 116.75
641.0 126.25
642.0 127.5
643.0 126.25
644.0 122.5
645.0 121.375
646.0 109.125
647.0 92.5
648.0 127.5
649.0 101.25
650.0 85.75
651.0 120.0
652.0 140.0
653.0 127.5
654.0 136.25
655.0 131.25
656.0 141.25
657.0 130.0
658.0 131.25
659.0 114.5
660.0 130.0
661.0 161.25
662.0 115.875
663.0 121.5
664.0 102.125
665.0 132.5
666.0 104.125
667.0 89.125
668.0 11.875
669.0 12.75
670.0 12.875
671.0 13.375
672.0 68.25
673.0 62.25
674.0 87.875
675.0 89.875
676.0 68.875
677.0 62.625
678.0 44.0
679.0 66.75
680.0 72.0
681.0 74.875
682.0 89.75
683.0 87.875
684.0 86.25
685.0 72.375
686.0 74.375
687.0 80.375
688.0 93.875
689.0 90.0
690.0 84.0
691.0 81.25
692.0 98.25
693.0 93.625
694.0 97.625
695.0 113.625
696.0 112.5
697.0 135.0
698.0 107.125
699.0 110.5
700.0 150.0
701.0 150.0
702.0 137.5
703.0 104.0
704.0 120.25
705.0 133.75
706.0 130.0
707.0 117.25
708.0 120.0
709.0 127.5
710.0 107.25
711.0 94.25
712.0 104.0
713.0 104.75
714.0 91.625
715.0 69.625
716.0 80.125
717.0 72.875
718.0 75.375
719.0 71.875
720.0 94.0
721.0 86.75
722.0 84.375
723.0 78.625
724.0 88.0
725.0 79.0
726.0 91.0
727.0 38.375
728.0 13.125
729.0 15.125
730.0 13.375
731.0 14.75
732.0 12.75
733.0 14.25
734.0 13.125
735.0 10.625
736.0 14.0
737.0 14.25
738.0 14.875
739.0 11.25
740.0 14.375
741.0 12.75
742.0 11.25
743.0 13.125
744.0 12.75
745.0 15.625
746.0 12.125
747.0 12.875
748.0 13.125
749.0 12.0
750.0 12.75
751.0 13.125
752.0 11.875
753.0 14.5
754.0 13.0
755.0 13.5
756.0 15.5
757.0 13.625
758.0 15.0
759.0 12.625
760.0 15.625
761.0 14.625
762.0 15.5
763.0 15.25
764.0 14.5
765.0 13.5
766.0 12.125
767.0 11.25
768.0 15.125
769.0 13.25
770.0 10.125
771.0 12.5
772.0 14.0
773.0 15.25
774.0 15.125
775.0 14.125
776.0 15.0
777.0 9.875
778.0 10.75
779.0 12.125
780.0 15.875
781.0 19.875
782.0 31.5
783.0 39.0
784.0 53.625
785.0 62.0
786.0 69.875
787.0 77.25
788.0 80.625
789.0 89.625
790.0 88.625
791.0 106.125
792.0 101.5
793.0 108.625
794.0 108.75
795.0 121.375
796.0 105.25
797.0 123.625
798.0 118.0
799.0 122.375
800.0 106.375
