1.0 11.125
2.0 13.75
3.0 12.0
4.0 13.25
5.0 10.875
6.0 15.25
7.0 13.875
8.0 14.75
9.0 14.25
10.0 15.125
11.0 15.25
12.0 14.125
13.0 14.875
14.0 14.625
15.0 9.75
16.0 15.0
17.0 13.25
18.0 13.875
19.0 11.875
20.0 11.0
21.0 14.75
22.0 13.375
23.0 15.125
24.0 15.0
25.0 14.25
26.0 13.0
27.0 14.75
28.0 13.125
29.0 15.5
30.0 13.125
31.0 14.375
32.0 15.0
33.0 13.875
34.0 11.25
35.0 15.375
36.0 1.625
37.0 2.125
38.0 3.0
39.0 4.125
40.0 4.875
41.0 6.75
42.0 10.5
43.0 11.75
44.0 15.625
45.0 19.625
46.0 44.75
47.0 45.125
48.0 38.0
49.0 38.0
50.0 74.875
51.0 76.75
52.0 94.0
53.0 100.0
54.0 97.125
55.0 97.75
56.0 60.75
57.0 46.0
58.0 11.75
59.0 11.375
60.0 32.5
61.0 41.25
62.0 60.375
63.0 52.125
64.0 22.125
65.0 0.25
66.0 0.0
67.0 7.625
68.0 40.125
69.0 48.625
70.0 67.625
71.0 80.25
72.0 66.75
73.0 66.625
74.0 78.25
75.0 80.625
76.0 70.875
77.0 3.0
78.0 62.75
79.0 62.875
80.0 47.0
81.0 63.375
82.0 67.25
83.0 68.0
84.0 61.5
85.0 61.5
86.0 70.875
87.0 0.75
88.0 38.375
89.0 47.5
90.0 61.25
91.0 75.25
92.0 36.5
93.0 3.625
94.0 29.0
95.0 53.125
96.0 45.625
97.0 53.375
98.0 69.25
99.0 71.125
100.0 56.25
101.0 47.375
102.0 56.125
103.0 48.25
104.0 27.375
105.0 21.375
106.0 59.625
107.0 47.625
108.0 58.0
109.0 53.875
110.0 48.375
111.0 53.875
112.0 57.5
113.0 60.375
114.0 66.75
115.0 68.625
116.0 45.125
117.0 49.0
118.0 55.875
119.0 90.625
120.0 64.5
121.0 53.75
122.0 71.75
123.0 91.0
124.0 94.875
125.0 98.75
126.0 109.5
127.0 102.375
128.0 116.75
129.0 111.5
130.0 107.625
131.0 109.875
132.0 112.625
133.0 94.75
134.0 102.0
135.0 100.5
136.0 101.125
137.0 108.5
138.0 112.0
139.0 103.0
140.0 99.625
141.0 108.625
142.0 100.5
143.0 110.375
144.0 105.125
145.0 112.5
146.0 104.5
147.0 104.125
148.0 108.875
149.0 104.125
150.0 105.625
151.0 98.125
152.0 91.375
153.0 98.375
154.0 101.75
155.0 107.25
156.0 112.75
157.0 109.625
158.0 111.0
159.0 111.5
160.0 103.625
161.0 117.0
162.0 104.625
163.0 109.25
164.0 106.625
165.0 101.375
166.0 101.125
167.0 120.375
168.0 115.125
169.0 130.0
170.0 109.0
171.0 125.0
172.0 131.25
173.0 131.25
174.0 109.875
175.0 105.875
176.0 104.5
177.0 119.125
178.0 114.25
179.0 107.75
180.0 84.0
181.0 102.875
182.0 101.875
183.0 89.125
184.0 99.875
185.0 116.25
186.0 123.125
187.0 117.875
188.0 107.25
189.0 96.25
190.0 95.5
191.0 89.75
192.0 95.75
193.0 108.625
194.0 112.375
195.0 123.75
196.0 106.875
197.0 130.0
198.0 120.875
199.0 111.75
200.0 113.25
201.0 105.25
202.0 112.875
203.0 156.25
204.0 150.0
205.0 147.5
206.0 110.625
207.0 124.0
208.0 121.375
209.0 170.0
210.0 152.5
211.0 157.5
212.0 173.75
213.0 165.0
214.0 161.25
215.0 150.0
216.0 141.25
217.0 148.75
218.0 157.5
219.0 153.75
220.0 158.75
221.0 163.75
222.0 182.5
223.0 157.5
224.0 151.25
225.0 126.25
226.0 119.5
227.0 126.25
228.0 147.5
229.0 146.25
230.0 148.75
231.0 155.0
232.0 105.5
233.0 89.5
234.0 89.875
235.0 113.625
236.0 65.625
237.0 6.25
238.0 1.625
239.0 0.0
240.0 0.0
241.0 11.625
242.0 14.625
243.0 73.75
244.0 101.625
245.0 100.0
246.0 124.625
247.0 124.0
248.0 130.0
249.0 150.0
250.0 145.0
251.0 123.375
252.0 147.5
253.0 155.0
254.0 148.75
255.0 157.5
256.0 167.5
257.0 135.0
258.0 140.0
259.0 124.875
260.0 89.0
261.0 95.875
262.0 59.25
263.0 0.75
264.0 4.5
265.0 0.5
266.0 0.0
267.0 5.25
268.0 30.875
269.0 8.125
270.0 0.75
271.0 1.0
272.0 4.375
273.0 1.875
274.0 3.875
275.0 0.75
276.0 4.625
277.0 2.0
278.0 11.5
279.0 13.0
280.0 29.625
281.0 43.75
282.0 57.5
283.0 59.625
284.0 67.625
285.0 75.75
286.0 74.75
287.0 87.0
288.0 87.625
289.0 100.0
290.0 124.25
291.0 119.5
292.0 111.75
293.0 124.125
294.0 143.75
295.0 148.75
296.0 110.875
297.0 141.25
298.0 120.5
299.0 137.5
300.0 133.75
301.0 145.0
302.0 132.5
303.0 130.0
304.0 131.25
305.0 132.5
306.0 130.0
307.0 135.0
308.0 143.75
309.0 135.0
310.0 162.5
311.0 136.25
312.0 133.75
313.0 146.25
314.0 133.75
315.0 147.5
316.0 150.0
317.0 127.5
318.0 137.5
319.0 152.5
320.0 141.25
321.0 135.0
322.0 137.5
323.0 146.25
324.0 126.25
325.0 120.0
326.0 142.5
327.0 130.0
328.0 107.125
329.0 118.125
330.0 99.5
331.0 81.25
332.0 83.0
333.0 87.375
334.0 99.125
335.0 70.625
336.0 82.25
337.0 80.0
338.0 52.0
339.0 1.125
340.0 0.0
341.0 1.625
342.0 0.125
343.0 0.625
344.0 0.25
345.0 13.0
346.0 11.75
347.0 10.125
348.0 18.125
349.0 24.125
350.0 29.5
351.0 32.75
352.0 45.75
353.0 52.375
354.0 55.0
355.0 53.375
356.0 52.0
357.0 65.125
358.0 75.25
359.0 69.75
360.0 76.375
361.0 75.625
362.0 94.375
363.0 98.375
364.0 93.75
365.0 109.0
366.0 91.375
367.0 101.875
368.0 91.5
369.0 97.875
370.0 91.0
371.0 91.625
372.0 95.375
373.0 79.75
374.0 92.0
375.0 94.0
376.0 93.75
377.0 92.25
378.0 97.75
379.0 100.5
380.0 95.125
381.0 81.5
382.0 93.75
383.0 71.125
384.0 95.875
385.0 98.25
386.0 57.625
387.0 1.125
388.0 1.25
389.0 0.0
390.0 0.0
391.0 13.0
392.0 13.75
393.0 117.625
394.0 96.5
395.0 92.5
396.0 141.25
397.0 106.75
398.0 87.75
399.0 85.625
400.0 90.125
401.0 86.25
402.0 90.125
403.0 105.875
404.0 120.375
405.0 126.25
406.0 111.0
407.0 121.0
408.0 116.875
409.0 119.25
410.0 121.75
411.0 146.25
412.0 126.25
413.0 114.75
414.0 133.75
415.0 135.0
416.0 99.875
417.0 124.75
418.0 76.75
419.0 47.0
420.0 22.0
421.0 70.125
422.0 44.125
423.0 1.625
424.0 0.0
425.0 15.25
426.0 63.25
427.0 77.875
428.0 80.125
429.0 63.25
430.0 25.125
431.0 73.625
432.0 14.75
433.0 35.375
434.0 56.5
435.0 51.25
436.0 33.875
437.0 1.75
438.0 2.625
439.0 14.75
440.0 29.0
441.0 47.375
442.0 42.625
443.0 57.25
444.0 47.625
445.0 52.25
446.0 27.875
447.0 1.75
448.0 0.0
449.0 20.375
450.0 44.875
451.0 44.0
452.0 2.625
453.0 25.625
454.0 29.75
455.0 17.5
456.0 10.0
457.0 1.0
458.0 0.75
459.0 2.125
460.0 0.875
461.0 3.125
462.0 4.75
463.0 11.875
464.0 13.125
465.0 13.375
466.0 19.625
467.0 34.25
468.0 35.875
469.0 34.375
470.0 38.5
471.0 49.0
472.0 43.375
473.0 45.875
474.0 45.25
475.0 58.25
476.0 67.375
477.0 67.125
478.0 65.375
479.0 82.5
480.0 68.75
481.0 83.75
482.0 69.25
483.0 77.75
484.0 69.75
485.0 107.875
486.0 100.5
487.0 101.375
488.0 99.875
489.0 109.0
490.0 113.25
491.0 126.25
492.0 109.125
493.0 115.75
494.0 106.0
495.0 90.5
496.0 100.75
497.0 108.0
498.0 113.625
499.0 121.25
500.0 131.25
501.0 131.25
502.0 124.375
503.0 136.25
504.0 146.25
505.0 136.25
506.0 158.75
507.0 156.25
508.0 133.75
509.0 131.25
510.0 86.125
511.0 141.25
512.0 137.5
513.0 88.125
514.0 112.5
515.0 95.625
516.0 108.5
517.0 107.375
518.0 96.625
519.0 82.0
520.0 103.375
521.0 93.625
522.0 89.875
523.0 113.75
524.0 128.75
525.0 96.75
526.0 100.125
527.0 124.375
528.0 114.5
529.0 96.0
530.0 102.375
531.0 131.25
532.0 142.5
533.0 101.875
534.0 100.5
535.0 118.125
536.0 124.625
537.0 131.25
538.0 128.75
539.0 119.5
540.0 118.0
541.0 109.625
542.0 112.125
543.0 112.5
544.0 104.5
545.0 97.375
546.0 99.875
547.0 101.25
548.0 101.625
549.0 102.375
550.0 88.125
551.0 117.375
552.0 116.5
553.0 125.0
554.0 131.25
555.0 121.75
556.0 117.375
557.0 122.375
558.0 119.125
559.0 118.875
560.0 112.125
561.0 112.0
562.0 109.5
563.0 102.0
564.0 56.25
565.0 54.5
566.0 94.375
567.0 54.125
568.0 62.25
569.0 46.25
570.0 4.375
571.0 13.0
572.0 11.0
573.0 14.125
574.0 15.125
575.0 15.5
576.0 10.25
577.0 11.75
578.0 13.0
579.0 14.875
580.0 0.875
581.0 0.0
582.0 0.125
583.0 0.0
584.0 0.625
585.0 1.5
586.0 1.0
587.0 0.25
588.0 0.125
589.0 0.875
590.0 3.25
591.0 0.5
592.0 1.125
593.0 11.25
594.0 14.625
595.0 13.5
596.0 12.25
597.0 10.875
598.0 13.125
599.0 15.0
600.0 13.125
601.0 12.75
602.0 12.625
603.0 14.75
604.0 15.375
605.0 13.0
606.0 13.5
607.0 13.875
608.0 12.5
609.0 14.75
610.0 14.0
611.0 15.0
612.0 14.5
613.0 14.25
614.0 14.375
615.0 12.625
616.0 15.125
617.0 14.875
618.0 15.375
619.0 10.75
620.0 12.25
621.0 15.25
622.0 12.25
623.0 12.5
624.0 15.25
625.0 10.0
626.0 12.0
627.0 10.75
628.0 12.625
629.0 14.75
630.0 11.5
631.0 12.25
632.0 10.875
633.0 15.5
634.0 15.5
635.0 15.0
636.0 15.625
637.0 13.5
638.0 15.375
639.0 12.625
640.0 15.125
641.0 11.75
642.0 15.125
643.0 11.875
644.0 14.5
645.0 15.125
646.0 15.625
647.0 11.125
648.0 12.25
649.0 12.5
650.0 12.25
651.0 11.75
652.0 12.375
653.0 12.375
654.0 15.5
655.0 11.5
656.0 15.125
657.0 14.875
658.0 15.375
659.0 14.125
660.0 17.0
661.0 36.875
662.0 28.5
663.0 16.5
664.0 32.75
665.0 43.0
666.0 51.75
667.0 64.5
668.0 52.625
669.0 64.375
670.0 62.5
671.0 70.375
672.0 65.25
673.0 79.25
674.0 89.0
675.0 101.125
676.0 95.125
677.0 135.0
678.0 113.5
679.0 110.375
680.0 106.0
681.0 115.25
682.0 133.75
683.0 132.5
684.0 118.625
685.0 126.25
686.0 128.75
687.0 113.75
688.0 102.75
689.0 98.625
690.0 103.625
691.0 111.375
692.0 126.25
693.0 122.875
694.0 116.5
695.0 136.25
696.0 121.875
697.0 99.0
698.0 100.375
699.0 70.375
700.0 38.125
701.0 39.75
702.0 24.375
703.0 7.125
704.0 1.5
705.0 5.75
706.0 0.75
707.0 3.75
708.0 3.375
709.0 3.625
710.0 0.625
711.0 0.25
712.0 3.375
713.0 2.5
714.0 0.875
715.0 14.5
716.0 12.875
717.0 13.875
718.0 13.125
719.0 22.625
720.0 23.625
721.0 33.625
722.0 21.125
723.0 33.75
724.0 42.875
725.0 55.75
726.0 49.625
727.0 31.875
728.0 27.5
729.0 1.0
730.0 0.125
731.0 0.0
732.0 1.25
733.0 15.5
734.0 13.625
735.0 15.0
736.0 12.125
737.0 12.25
738.0 15.25
739.0 12.75
740.0 11.875
741.0 11.75
742.0 14.625
743.0 14.375
744.0 14.25
745.0 14.625
746.0 15.5
747.0 15.375
748.0 15.5
749.0 15.5
750.0 14.75
751.0 15.25
752.0 13.875
753.0 12.625
754.0 12.5
755.0 14.5
756.0 10.75
757.0 15.0
758.0 10.875
759.0 13.75
760.0 14.875
761.0 14.875
762.0 12.375
763.0 14.875
764.0 14.0
765.0 14.625
766.0 11.75
767.0 14.0
768.0 15.25
769.0 12.0
770.0 13.25
771.0 14.75
772.0 10.125
773.0 15.5
774.0 15.125
775.0 14.375
776.0 15.125
777.0 15.0
778.0 15.25
779.0 15.0
780.0 13.5
781.0 12.5
782.0 15.25
783.0 12.5
784.0 14.375
785.0 12.875
786.0 2.375
787.0 3.125
788.0 10.5
789.0 11.875
790.0 13.625
791.0 8.75
792.0 13.125
793.0 17.125
794.0 20.875
795.0 32.875
796.0 41.125
797.0 39.625
798.0 44.0
799.0 57.625
800.0 69.75
