1.0 97.5
2.0 178.0
3.0 219.0
4.0 255.5
5.0 284.5
6.0 337.5
7.0 349.5
8.0 51.0
9.0 54.5
10.0 82.0
11.0 107.5
12.0 50.5
13.0 52.0
14.0 45.5
15.0 57.0
16.0 49.0
17.0 190.0
18.0 134.0
19.0 60.5
20.0 48.5
21.0 20.0
22.0 23.5
23.0 53.0
24.0 45.0
25.0 8.0
26.0 3.0
27.0 14.5
28.0 42.0
29.0 52.0
30.0 53.0
31.0 137.0
32.0 160.0
33.0 306.0
34.0 425.0
35.0 399.5
36.0 77.5
37.0 56.5
38.0 40.5
39.0 56.5
40.0 62.0
41.0 54.5
42.0 151.0
43.0 263.5
44.0 253.5
45.0 256.0
46.0 302.5
47.0 217.0
48.0 54.5
49.0 94.5
50.0 318.0
51.0 358.5
52.0 170.0
53.0 71.5
54.0 14.5
55.0 28.0
56.0 28.0
57.0 23.0
58.0 9.5
59.0 46.5
60.0 57.5
61.0 85.5
62.0 6.5
63.0 25.0
64.0 12.5
65.0 10.0
66.0 48.5
67.0 55.0
68.0 52.0
69.0 43.5
70.0 56.0
71.0 59.0
72.0 86.5
73.0 92.5
74.0 104.0
75.0 105.5
76.0 157.5
77.0 203.0
78.0 259.0
79.0 312.5
80.0 376.5
81.0 428.0
82.0 472.0
83.0 545.0
84.0 570.0
85.0 545.0
86.0 367.5
87.0 44.5
88.0 45.0
89.0 44.0
90.0 53.0
91.0 49.5
92.0 352.0
93.0 51.0
94.0 51.5
95.0 42.0
96.0 46.5
97.0 60.5
98.0 55.5
99.0 54.5
100.0 62.0
101.0 58.5
102.0 43.5
103.0 51.0
104.0 48.5
105.0 53.0
106.0 55.5
107.0 61.0
108.0 52.0
109.0 54.5
110.0 59.5
111.0 54.0
112.0 47.0
113.0 50.5
114.0 51.5
115.0 57.0
116.0 54.5
117.0 44.5
118.0 48.5
119.0 45.0
120.0 62.0
121.0 58.5
122.0 45.5
123.0 49.0
124.0 51.0
125.0 59.0
126.0 48.0
127.0 57.5
128.0 60.5
129.0 54.5
130.0 57.0
131.0 57.5
132.0 39.0
133.0 60.0
134.0 62.0
135.0 52.0
136.0 56.5
137.0 55.5
138.0 52.5
139.0 52.0
140.0 61.0
141.0 48.0
142.0 47.0
143.0 40.5
144.0 62.0
145.0 62.5
146.0 59.0
147.0 43.0
148.0 60.5
149.0 52.5
150.0 57.0
151.0 54.0
152.0 39.0
153.0 0.5
154.0 1.0
155.0 3.0
156.0 2.5
157.0 5.5
158.0 6.0
159.0 3.5
160.0 1.0
161.0 40.5
162.0 54.5
163.0 49.0
164.0 131.0
165.0 246.0
166.0 327.0
167.0 115.0
168.0 40.5
169.0 132.0
170.0 466.0
171.0 390.5
172.0 423.0
173.0 226.0
174.0 175.0
175.0 135.5
176.0 63.5
177.0 6.5
178.0 2.5
179.0 14.5
180.0 10.5
181.0 18.0
182.0 4.0
183.0 51.5
184.0 50.5
185.0 164.5
186.0 59.0
187.0 47.0
188.0 445.0
189.0 397.0
190.0 560.0
191.0 710.0
192.0 655.0
193.0 545.0
194.0 468.0
195.0 675.0
196.0 497.0
197.0 57.5
198.0 55.5
199.0 211.5
200.0 510.0
201.0 660.0
202.0 635.0
203.0 700.0
204.0 655.0
205.0 725.0
206.0 715.0
207.0 665.0
208.0 645.0
209.0 665.0
210.0 675.0
211.0 640.0
212.0 640.0
213.0 690.0
214.0 705.0
215.0 655.0
216.0 705.0
217.0 685.0
218.0 725.0
219.0 695.0
220.0 700.0
221.0 700.0
222.0 660.0
223.0 730.0
224.0 695.0
225.0 690.0
226.0 715.0
227.0 800.0
228.0 865.0
229.0 840.0
230.0 930.0
231.0 915.0
232.0 935.0
233.0 815.0
234.0 930.0
235.0 309.5
236.0 59.0
237.0 80.5
238.0 58.5
239.0 13.0
240.0 60.0
241.0 62.5
242.0 280.0
243.0 428.0
244.0 635.0
245.0 530.0
246.0 545.0
247.0 610.0
248.0 765.0
249.0 735.0
250.0 735.0
