1.0 356.5
2.0 318.0
3.0 365.0
4.0 315.5
5.0 91.0
6.0 111.5
7.0 301.5
8.0 291.5
9.0 339.0
10.0 203.5
11.0 56.0
12.0 58.5
13.0 57.5
14.0 40.5
15.0 61.0
16.0 56.5
17.0 60.5
18.0 58.5
19.0 62.0
20.0 60.5
21.0 39.0
22.0 49.0
23.0 44.0
24.0 43.0
25.0 44.0
26.0 173.0
27.0 313.0
28.0 336.5
29.0 154.5
30.0 1.0
31.0 0.0
32.0 48.5
33.0 50.0
34.0 290.5
35.0 422.0
36.0 448.5
37.0 433.0
38.0 409.0
39.0 540.0
40.0 730.0
41.0 745.0
42.0 500.0
43.0 77.5
44.0 5.5
45.0 54.5
46.0 52.5
47.0 45.5
48.0 46.0
49.0 45.0
50.0 52.0
51.0 59.5
52.0 49.0
53.0 47.0
54.0 60.5
55.0 57.0
56.0 49.0
57.0 50.0
58.0 58.5
59.0 39.0
60.0 62.0
61.0 57.0
62.0 50.5
63.0 58.5
64.0 55.0
65.0 46.0
66.0 55.0
67.0 56.0
68.0 60.0
69.0 51.5
70.0 53.5
71.0 61.5
72.0 60.5
73.0 45.0
74.0 58.5
75.0 46.5
76.0 55.5
77.0 46.0
78.0 53.5
79.0 48.5
80.0 62.0
81.0 44.5
82.0 59.5
83.0 62.5
84.0 48.0
85.0 59.0
86.0 60.0
87.0 61.5
88.0 56.5
89.0 62.5
90.0 54.0
91.0 54.5
92.0 51.0
93.0 20.0
94.0 13.0
95.0 0.0
96.0 0.0
97.0 43.0
98.0 61.0
99.0 89.0
100.0 115.5
101.0 266.0
102.0 325.5
103.0 198.5
104.0 242.0
105.0 260.5
106.0 125.5
107.0 241.0
108.0 116.0
109.0 257.5
110.0 316.0
111.0 294.0
112.0 358.0
113.0 415.5
114.0 451.5
115.0 126.5
116.0 337.5
117.0 384.0
118.0 396.5
119.0 324.0
120.0 415.5
121.0 429.0
122.0 472.5
123.0 459.0
124.0 535.0
125.0 595.0
126.0 610.0
127.0 655.0
128.0 675.0
129.0 715.0
130.0 740.0
131.0 755.0
132.0 730.0
133.0 705.0
134.0 780.0
135.0 387.0
136.0 457.0
137.0 635.0
138.0 730.0
139.0 750.0
140.0 615.0
141.0 675.0
142.0 600.0
143.0 770.0
144.0 650.0
145.0 845.0
146.0 575.0
147.0 424.0
148.0 510.0
149.0 440.0
150.0 487.0
151.0 452.5
152.0 379.0
153.0 323.5
154.0 393.5
155.0 313.0
156.0 300.5
157.0 196.5
158.0 3.0
159.0 1.0
160.0 0.0
161.0 0.5
162.0 2.5
163.0 59.5
164.0 2.5
165.0 0.5
166.0 7.5
167.0 45.0
168.0 42.5
169.0 337.5
170.0 665.0
171.0 324.0
172.0 261.0
173.0 210.0
174.0 2.0
175.0 0.5
176.0 4.5
177.0 0.0
178.0 2.5
179.0 54.5
180.0 50.5
181.0 355.0
182.0 450.0
183.0 450.0
184.0 371.0
185.0 535.0
186.0 590.0
187.0 600.0
188.0 555.0
189.0 645.0
190.0 660.0
191.0 525.0
192.0 269.5
193.0 238.5
194.0 8.5
195.0 3.0
196.0 0.0
197.0 2.5
198.0 48.0
199.0 60.5
200.0 256.0
201.0 359.0
202.0 247.5
203.0 8.0
204.0 0.0
205.0 0.0
206.0 47.0
207.0 53.5
208.0 124.5
209.0 249.0
210.0 171.5
211.0 200.0
212.0 249.0
213.0 245.5
214.0 243.5
215.0 376.0
216.0 252.5
217.0 291.0
218.0 435.0
219.0 315.0
220.0 409.5
221.0 111.5
222.0 3.0
223.0 0.0
224.0 0.0
225.0 61.5
226.0 44.5
227.0 62.5
228.0 57.0
229.0 56.5
