1.0 14.125
2.0 12.625
3.0 13.875
4.0 15.125
5.0 12.25
6.0 12.375
7.0 10.5
8.0 13.875
9.0 15.125
10.0 15.625
11.0 12.375
12.0 12.375
13.0 12.625
14.0 12.625
15.0 14.75
16.0 12.875
17.0 11.75
18.0 10.625
19.0 12.125
20.0 15.625
21.0 15.0
22.0 13.125
23.0 14.875
24.0 14.625
25.0 13.125
26.0 14.875
27.0 13.75
28.0 11.25
29.0 15.125
30.0 12.375
31.0 14.125
32.0 3.75
33.0 4.75
34.0 5.5
35.0 6.5
36.0 6.75
37.0 6.625
38.0 7.875
39.0 8.25
40.0 12.625
41.0 17.375
42.0 15.75
43.0 26.875
44.0 38.0
45.0 41.5
46.0 53.5
47.0 49.875
48.0 45.5
49.0 62.25
50.0 72.0
51.0 57.0
52.0 83.0
53.0 78.375
54.0 81.125
55.0 94.0
56.0 94.875
57.0 97.5
58.0 78.25
59.0 95.875
60.0 120.0
61.0 88.5
62.0 117.375
63.0 113.75
64.0 77.0
65.0 74.625
66.0 77.625
67.0 85.0
68.0 79.25
69.0 77.875
70.0 71.0
71.0 80.5
72.0 93.75
73.0 75.875
74.0 77.75
75.0 82.0
76.0 83.0
77.0 96.375
78.0 105.75
79.0 96.25
80.0 103.125
81.0 131.25
82.0 100.25
83.0 82.75
84.0 103.25
85.0 117.625
86.0 124.875
87.0 98.125
88.0 99.625
89.0 126.25
90.0 125.0
91.0 111.875
92.0 111.375
93.0 122.875
94.0 140.0
95.0 124.5
96.0 102.5
97.0 111.375
98.0 120.25
99.0 81.125
100.0 102.5
101.0 89.125
102.0 99.625
103.0 99.125
104.0 90.25
105.0 95.125
106.0 92.5
107.0 97.5
108.0 119.5
109.0 126.25
110.0 140.0
111.0 133.75
112.0 137.5
113.0 117.75
114.0 127.5
115.0 99.125
116.0 120.5
117.0 150.0
118.0 146.25
119.0 155.0
120.0 86.25
121.0 89.75
122.0 68.0
123.0 89.5
124.0 105.875
125.0 102.875
126.0 102.0
127.0 121.25
128.0 141.25
129.0 113.25
130.0 116.875
131.0 126.25
132.0 82.125
133.0 109.0
134.0 95.75
135.0 99.0
136.0 87.25
137.0 60.25
138.0 1.25
139.0 0.875
140.0 1.0
141.0 0.125
142.0 2.625
143.0 0.875
144.0 2.625
145.0 1.75
146.0 1.125
147.0 3.375
148.0 2.125
149.0 1.75
150.0 1.125
151.0 11.25
152.0 13.875
153.0 12.625
154.0 17.875
155.0 21.25
156.0 31.375
157.0 34.625
158.0 53.625
159.0 53.375
160.0 53.125
161.0 58.875
162.0 60.0
163.0 72.875
164.0 95.75
165.0 83.375
166.0 98.25
167.0 95.0
168.0 112.5
169.0 125.0
170.0 136.25
171.0 122.625
172.0 132.5
173.0 163.75
174.0 182.5
175.0 208.75
176.0 202.5
177.0 198.75
178.0 180.0
179.0 151.25
180.0 163.75
181.0 175.0
182.0 171.25
183.0 196.25
184.0 175.0
185.0 196.25
186.0 191.25
187.0 213.75
188.0 195.0
189.0 212.5
190.0 198.75
191.0 207.5
192.0 207.5
193.0 210.0
194.0 225.0
195.0 188.75
196.0 213.75
197.0 218.75
198.0 218.75
199.0 195.0
200.0 221.25
201.0 223.75
202.0 213.75
203.0 217.5
204.0 217.5
205.0 167.5
206.0 191.25
207.0 201.25
208.0 192.5
209.0 148.75
210.0 206.25
211.0 172.5
212.0 206.25
213.0 118.625
214.0 32.25
215.0 3.375
216.0 0.25
217.0 1.75
218.0 13.625
219.0 12.75
220.0 96.875
221.0 107.625
222.0 153.75
223.0 147.5
224.0 158.75
225.0 188.75
226.0 190.0
227.0 195.0
228.0 195.0
229.0 198.75
230.0 193.75
231.0 197.5
232.0 195.0
233.0 208.75
234.0 217.5
235.0 218.75
236.0 191.25
237.0 173.75
238.0 152.5
239.0 114.625
240.0 59.125
241.0 77.75
242.0 65.75
243.0 80.5
244.0 104.75
245.0 85.5
246.0 80.25
247.0 40.25
248.0 1.125
249.0 5.75
250.0 9.875
251.0 13.5
252.0 32.75
253.0 23.375
254.0 38.125
255.0 34.875
256.0 44.5
257.0 51.5
258.0 51.625
259.0 54.875
260.0 45.25
261.0 51.875
262.0 38.125
263.0 35.125
264.0 72.625
265.0 71.125
266.0 47.25
267.0 6.0
268.0 1.0
269.0 3.875
270.0 8.125
271.0 8.625
272.0 3.5
273.0 14.0
274.0 14.375
275.0 16.875
276.0 42.625
277.0 41.0
278.0 49.75
279.0 54.375
280.0 46.75
281.0 48.25
282.0 54.0
283.0 62.75
284.0 68.0
285.0 77.125
286.0 82.875
287.0 78.0
288.0 102.625
289.0 97.5
290.0 151.25
291.0 160.0
292.0 157.5
293.0 165.0
294.0 208.75
295.0 197.5
296.0 213.75
297.0 198.75
298.0 196.25
299.0 192.5
300.0 187.5
301.0 223.75
302.0 183.75
303.0 203.75
304.0 181.25
305.0 193.75
306.0 178.75
307.0 138.75
308.0 20.5
309.0 74.875
310.0 112.5
311.0 10.875
312.0 10.0
313.0 14.875
314.0 6.5
315.0 116.0
316.0 128.75
317.0 113.5
318.0 109.375
319.0 57.625
320.0 0.0
321.0 9.75
322.0 14.625
323.0 15.5
324.0 22.125
325.0 44.375
326.0 46.75
327.0 48.5
328.0 50.5
329.0 68.75
330.0 48.625
331.0 57.375
332.0 1.75
333.0 11.625
334.0 15.125
335.0 14.5
336.0 33.5
337.0 42.0
338.0 5.375
339.0 0.25
340.0 14.875
341.0 13.875
342.0 19.625
343.0 77.5
344.0 107.5
345.0 72.125
346.0 53.375
347.0 61.0
348.0 72.5
349.0 62.5
350.0 75.125
351.0 78.875
352.0 73.625
353.0 81.375
354.0 81.875
355.0 94.75
356.0 80.25
357.0 79.625
358.0 97.625
359.0 67.375
360.0 119.25
361.0 111.375
362.0 99.75
363.0 125.0
364.0 96.625
365.0 112.375
366.0 120.25
367.0 99.75
368.0 79.5
369.0 95.125
370.0 108.0
371.0 97.25
372.0 82.0
373.0 88.5
374.0 83.125
375.0 88.75
376.0 126.25
377.0 99.875
378.0 92.375
379.0 100.75
380.0 105.625
381.0 114.5
382.0 83.75
383.0 96.75
384.0 86.75
385.0 109.875
386.0 151.25
387.0 126.25
388.0 81.375
389.0 93.5
390.0 84.0
391.0 77.75
392.0 92.125
393.0 94.875
394.0 121.0
395.0 110.625
396.0 109.25
397.0 99.625
398.0 106.375
399.0 108.375
400.0 106.25
401.0 93.625
402.0 118.0
403.0 118.5
404.0 89.25
405.0 83.0
406.0 116.25
407.0 92.375
408.0 93.0
409.0 100.0
410.0 99.625
411.0 105.875
412.0 84.375
413.0 88.875
414.0 89.0
415.0 88.375
416.0 84.75
417.0 78.375
418.0 82.875
419.0 113.5
420.0 141.25
421.0 136.25
422.0 142.5
423.0 176.25
424.0 186.25
425.0 116.375
426.0 186.25
427.0 195.0
428.0 151.25
429.0 162.5
430.0 150.0
431.0 126.25
432.0 48.875
433.0 1.125
434.0 10.875
435.0 14.375
436.0 14.125
437.0 15.25
438.0 10.0
439.0 38.375
440.0 89.125
441.0 75.375
442.0 70.375
443.0 0.25
444.0 28.375
445.0 89.625
446.0 15.0
447.0 81.0
448.0 131.25
449.0 94.25
450.0 100.0
451.0 120.875
452.0 115.375
453.0 138.75
454.0 138.75
455.0 119.875
456.0 120.5
457.0 118.625
458.0 133.75
459.0 146.25
460.0 160.0
461.0 166.25
462.0 132.5
463.0 156.25
464.0 145.0
465.0 138.75
466.0 166.25
467.0 162.5
468.0 168.75
469.0 180.0
470.0 163.75
471.0 152.5
472.0 182.5
473.0 150.0
474.0 124.5
475.0 181.25
476.0 173.75
477.0 142.5
478.0 182.5
479.0 185.0
480.0 211.25
481.0 172.5
482.0 193.75
483.0 168.75
484.0 151.25
485.0 108.25
486.0 110.25
487.0 173.75
488.0 160.0
489.0 167.5
490.0 213.75
491.0 192.5
492.0 223.75
493.0 192.5
494.0 122.375
495.0 170.0
496.0 158.75
497.0 212.5
498.0 218.75
499.0 210.0
500.0 205.0
501.0 201.25
502.0 217.5
503.0 182.5
504.0 208.75
505.0 178.75
506.0 176.25
507.0 203.75
508.0 195.0
509.0 203.75
510.0 193.75
511.0 178.75
512.0 137.5
513.0 161.25
514.0 173.75
515.0 147.5
516.0 133.75
517.0 119.625
518.0 117.125
519.0 79.5
520.0 63.25
521.0 141.25
522.0 121.25
523.0 136.25
524.0 122.75
525.0 157.5
526.0 158.75
527.0 150.0
528.0 133.75
529.0 133.75
530.0 137.5
531.0 104.25
532.0 100.875
533.0 105.375
534.0 88.375
535.0 38.0
536.0 54.875
537.0 87.5
538.0 53.625
539.0 75.625
540.0 48.375
541.0 11.875
542.0 12.375
543.0 12.0
544.0 15.5
545.0 11.25
546.0 13.75
547.0 15.375
548.0 15.0
549.0 15.125
550.0 15.5
551.0 12.0
552.0 13.375
553.0 13.375
554.0 15.0
555.0 11.0
556.0 12.75
557.0 11.125
558.0 15.625
559.0 13.125
560.0 13.75
561.0 11.5
562.0 12.375
563.0 15.25
564.0 14.5
565.0 13.125
566.0 15.125
567.0 12.25
568.0 14.625
569.0 12.625
570.0 14.25
571.0 12.875
572.0 14.0
573.0 11.375
574.0 15.25
575.0 12.5
576.0 13.25
577.0 12.375
578.0 14.0
579.0 13.625
580.0 10.625
581.0 15.625
582.0 12.875
583.0 14.5
584.0 11.875
585.0 14.25
586.0 11.75
587.0 12.125
588.0 12.875
589.0 12.125
590.0 14.125
591.0 14.875
592.0 14.375
593.0 15.0
594.0 15.375
595.0 12.75
596.0 12.375
597.0 15.625
598.0 15.5
599.0 10.25
600.0 15.0
601.0 11.125
602.0 12.125
603.0 12.875
604.0 15.625
605.0 10.5
606.0 15.5
607.0 12.25
608.0 13.5
609.0 13.375
610.0 12.75
611.0 13.375
612.0 11.875
613.0 14.125
614.0 15.375
615.0 13.375
616.0 14.75
617.0 14.625
618.0 15.625
619.0 11.5
620.0 10.875
621.0 13.0
622.0 14.5
623.0 11.875
624.0 13.25
625.0 15.375
626.0 15.375
627.0 15.5
628.0 13.875
629.0 11.25
630.0 13.0
631.0 10.875
632.0 15.5
633.0 15.625
634.0 14.125
635.0 15.625
636.0 15.5
637.0 13.625
638.0 14.625
639.0 50.875
640.0 64.875
641.0 62.5
642.0 66.25
643.0 64.25
644.0 61.25
645.0 67.5
646.0 38.5
647.0 71.25
648.0 74.375
649.0 96.0
650.0 108.875
651.0 123.25
652.0 119.375
653.0 123.875
654.0 145.0
655.0 142.5
656.0 155.0
657.0 165.0
658.0 156.25
659.0 176.25
660.0 163.75
661.0 187.5
662.0 191.25
663.0 178.75
664.0 125.0
665.0 192.5
666.0 193.75
667.0 203.75
668.0 147.5
669.0 136.25
670.0 151.25
671.0 171.25
672.0 173.75
673.0 170.0
674.0 166.25
675.0 126.25
676.0 114.25
677.0 125.0
678.0 101.125
679.0 142.5
680.0 115.125
681.0 104.125
682.0 96.5
683.0 85.875
684.0 74.0
685.0 45.625
686.0 15.125
687.0 0.125
688.0 0.5
689.0 0.0
690.0 8.75
691.0 1.25
692.0 5.5
693.0 15.625
694.0 15.625
695.0 13.625
696.0 14.625
697.0 15.5
698.0 15.625
699.0 10.375
700.0 7.75
701.0 10.25
702.0 15.75
703.0 21.125
704.0 9.0
705.0 1.375
706.0 2.875
707.0 0.875
708.0 2.875
709.0 2.125
710.0 10.125
711.0 14.25
712.0 6.875
713.0 1.25
714.0 1.0
715.0 1.875
716.0 3.375
717.0 2.625
718.0 12.5
719.0 15.25
720.0 15.25
721.0 15.125
722.0 13.625
723.0 14.625
724.0 14.0
725.0 11.5
726.0 14.625
727.0 14.0
728.0 10.125
729.0 2.875
730.0 3.875
731.0 5.5
732.0 6.125
733.0 6.875
734.0 6.875
735.0 11.625
736.0 15.0
737.0 20.625
738.0 27.625
739.0 37.875
740.0 43.25
741.0 47.25
742.0 48.0
743.0 47.375
744.0 55.0
745.0 53.5
746.0 44.75
747.0 0.625
748.0 0.5
749.0 14.625
750.0 15.0
751.0 11.125
752.0 14.625
753.0 12.5
754.0 11.625
755.0 14.625
756.0 14.625
757.0 14.25
758.0 10.625
759.0 12.875
760.0 12.625
761.0 15.0
762.0 14.875
763.0 15.0
764.0 15.625
765.0 14.375
766.0 13.875
767.0 13.625
768.0 12.5
769.0 14.875
770.0 12.25
771.0 13.25
772.0 14.625
773.0 15.625
774.0 13.375
775.0 13.625
776.0 12.0
777.0 14.75
778.0 11.375
779.0 15.5
780.0 11.5
781.0 11.375
782.0 14.125
783.0 11.375
784.0 12.625
785.0 14.125
786.0 13.375
787.0 12.5
788.0 14.625
789.0 13.25
790.0 10.875
791.0 14.25
792.0 15.125
793.0 13.0
794.0 12.25
795.0 13.375
796.0 13.75
