1.0 48.5
2.0 89.5
3.0 125.5
4.0 202.0
5.0 202.0
6.0 187.5
7.0 249.0
8.0 218.5
9.0 186.0
10.0 71.0
11.0 43.0
12.0 61.0
13.0 57.0
14.0 59.0
15.0 51.5
16.0 59.5
17.0 60.5
18.0 62.5
19.0 53.0
20.0 54.0
21.0 59.5
22.0 264.5
23.0 221.5
24.0 236.0
25.0 14.5
26.0 0.5
27.0 40.5
28.0 44.5
29.0 57.5
30.0 55.5
31.0 53.0
32.0 42.0
33.0 102.5
34.0 133.5
35.0 174.0
36.0 195.0
37.0 213.5
38.0 227.5
39.0 62.5
40.0 2.5
41.0 4.0
42.0 5.0
43.0 24.0
44.0 16.5
45.0 43.0
46.0 62.0
47.0 57.0
48.0 142.5
49.0 343.0
50.0 292.5
51.0 361.5
52.0 360.0
53.0 417.5
54.0 412.0
55.0 304.0
56.0 456.5
57.0 444.0
58.0 452.5
59.0 478.5
60.0 520.0
61.0 463.0
62.0 478.5
63.0 570.0
64.0 199.0
65.0 468.0
66.0 476.5
67.0 121.0
68.0 245.5
69.0 41.5
70.0 62.0
71.0 55.5
72.0 45.5
73.0 57.5
74.0 46.5
75.0 53.0
76.0 50.5
77.0 58.0
78.0 50.5
79.0 55.0
80.0 58.0
81.0 52.0
82.0 57.0
83.0 40.0
84.0 49.0
85.0 46.5
86.0 54.0
87.0 61.0
88.0 42.0
89.0 61.0
90.0 55.5
91.0 53.5
92.0 53.0
93.0 59.5
94.0 56.0
95.0 58.5
96.0 59.5
97.0 40.5
98.0 53.5
99.0 61.0
100.0 53.0
101.0 62.5
102.0 59.0
103.0 59.5
104.0 55.5
105.0 57.0
106.0 61.5
107.0 43.5
108.0 54.0
109.0 55.5
110.0 53.0
111.0 51.0
112.0 59.5
113.0 106.0
114.0 112.0
115.0 106.0
116.0 47.5
117.0 49.0
118.0 59.0
119.0 59.5
120.0 55.5
121.0 53.0
122.0 61.0
123.0 46.5
124.0 57.5
125.0 49.0
126.0 329.0
127.0 350.5
128.0 351.5
129.0 378.5
130.0 133.0
131.0 51.5
132.0 45.0
133.0 133.0
134.0 61.5
135.0 39.5
136.0 39.5
137.0 130.5
138.0 82.0
139.0 39.5
140.0 32.0
141.0 33.5
142.0 83.5
143.0 35.5
144.0 56.0
145.0 220.5
146.0 292.5
147.0 33.0
148.0 46.0
149.0 203.5
150.0 202.0
151.0 240.0
152.0 234.5
153.0 133.0
154.0 85.5
155.0 47.5
156.0 41.0
157.0 49.5
158.0 59.0
159.0 62.5
160.0 58.5
161.0 188.5
162.0 138.5
163.0 119.5
164.0 194.0
165.0 187.5
166.0 107.0
167.0 64.0
168.0 53.5
169.0 139.5
170.0 84.0
171.0 61.0
172.0 54.5
173.0 26.5
174.0 13.0
175.0 47.5
176.0 53.0
177.0 73.5
178.0 20.5
179.0 43.5
180.0 56.5
181.0 49.5
182.0 41.5
183.0 57.5
184.0 294.0
185.0 280.5
186.0 240.0
187.0 278.0
188.0 255.5
189.0 276.5
190.0 296.5
191.0 332.5
192.0 300.5
193.0 279.0
194.0 17.5
195.0 54.0
196.0 42.5
197.0 58.5
198.0 48.0
199.0 51.0
200.0 45.5
201.0 61.5
202.0 43.5
203.0 48.5
204.0 62.5
205.0 56.0
206.0 56.5
207.0 56.0
208.0 59.5
209.0 50.5
210.0 47.0
211.0 61.5
212.0 252.0
213.0 378.0
214.0 373.0
215.0 359.5
216.0 321.0
217.0 61.5
218.0 50.0
219.0 266.5
220.0 91.0
221.0 237.5
222.0 71.5
223.0 76.5
224.0 68.5
225.0 74.0
226.0 94.5
227.0 62.5
