1.0 1.625
2.0 2.75
3.0 5.875
4.0 10.75
5.0 15.125
6.0 22.5
7.0 34.5
8.0 52.375
9.0 48.375
10.0 15.5
11.0 15.375
12.0 37.625
13.0 37.0
14.0 0.0
15.0 9.75
16.0 12.75
17.0 14.25
18.0 14.0
19.0 13.75
20.0 10.875
21.0 13.125
22.0 14.5
23.0 15.25
24.0 13.875
25.0 6.75
26.0 23.75
27.0 11.625
28.0 10.25
29.0 1.625
30.0 9.75
31.0 14.375
32.0 18.125
33.0 23.25
34.0 31.375
35.0 32.375
36.0 38.0
37.0 40.375
38.0 36.875
39.0 41.625
40.0 47.375
41.0 51.5
42.0 48.5
43.0 57.125
44.0 53.0
45.0 53.625
46.0 64.125
47.0 63.625
48.0 74.375
49.0 61.5
50.0 31.5
51.0 1.25
52.0 1.625
53.0 3.625
54.0 2.5
55.0 1.875
56.0 3.875
57.0 3.75
58.0 10.0
59.0 15.625
60.0 14.75
61.0 14.625
62.0 14.0
63.0 14.0
64.0 14.125
65.0 14.625
66.0 15.0
67.0 13.5
68.0 11.5
69.0 15.0
70.0 14.875
71.0 14.375
72.0 15.375
73.0 10.75
74.0 10.5
75.0 15.625
76.0 12.0
77.0 13.25
78.0 13.5
79.0 15.375
80.0 13.0
81.0 15.125
82.0 11.5
83.0 14.625
84.0 11.125
85.0 14.25
86.0 13.75
87.0 12.75
88.0 13.625
89.0 12.5
90.0 14.125
91.0 14.875
92.0 15.125
93.0 14.25
94.0 11.75
95.0 13.0
96.0 11.75
97.0 13.5
98.0 13.25
99.0 11.75
100.0 13.125
101.0 10.0
102.0 13.875
103.0 15.25
104.0 15.375
105.0 15.25
106.0 13.375
107.0 10.75
108.0 11.125
109.0 10.125
110.0 7.5
111.0 11.125
112.0 11.625
113.0 13.625
114.0 17.25
115.0 21.25
116.0 12.75
117.0 26.25
118.0 15.25
119.0 13.875
120.0 5.625
121.0 15.625
122.0 15.625
123.0 15.125
124.0 28.0
125.0 23.375
126.0 19.5
127.0 21.625
128.0 19.375
129.0 17.375
130.0 22.125
131.0 25.875
132.0 27.375
133.0 28.5
134.0 34.5
135.0 47.875
136.0 40.25
137.0 52.75
138.0 51.125
139.0 54.375
140.0 68.375
141.0 71.5
142.0 64.875
143.0 76.25
144.0 79.75
145.0 65.75
146.0 75.5
147.0 76.375
148.0 132.5
149.0 103.5
150.0 76.0
151.0 82.625
152.0 77.375
153.0 63.125
154.0 103.25
155.0 105.0
156.0 101.125
157.0 100.875
158.0 116.875
159.0 118.25
160.0 97.125
161.0 83.5
162.0 92.5
163.0 86.875
164.0 101.25
165.0 105.625
166.0 75.25
167.0 19.25
168.0 1.375
169.0 0.5
170.0 4.5
171.0 36.375
172.0 60.375
173.0 1.5
174.0 12.5
175.0 12.75
176.0 38.75
177.0 102.5
178.0 83.375
179.0 101.625
180.0 70.375
181.0 52.75
182.0 15.75
183.0 4.625
184.0 0.75
185.0 12.625
186.0 12.625
187.0 39.75
188.0 46.875
189.0 47.0
190.0 42.25
191.0 49.875
192.0 42.625
193.0 49.0
194.0 40.25
195.0 57.875
196.0 27.125
197.0 1.125
198.0 0.0
199.0 1.25
200.0 11.875
201.0 13.625
202.0 31.875
203.0 36.125
204.0 40.375
205.0 39.625
206.0 30.25
207.0 30.0
208.0 6.75
209.0 0.0
210.0 0.75
211.0 0.0
212.0 1.875
213.0 12.25
214.0 10.5
215.0 0.5
216.0 10.625
217.0 10.875
218.0 15.125
219.0 9.25
220.0 10.125
221.0 3.25
222.0 0.0
223.0 11.5
224.0 15.5
225.0 13.5
226.0 13.375
227.0 18.375
228.0 6.5
229.0 10.375
230.0 14.25
231.0 14.375
232.0 15.125
233.0 20.125
234.0 29.375
235.0 31.25
236.0 48.5
237.0 56.125
238.0 58.125
239.0 62.5
240.0 83.625
241.0 96.25
242.0 93.375
243.0 108.5
244.0 114.0
245.0 138.75
246.0 121.625
247.0 124.5
248.0 142.5
249.0 157.5
250.0 131.25
