1.0 131.25
2.0 80.625
3.0 74.375
4.0 91.75
5.0 78.375
6.0 117.5
7.0 92.625
8.0 68.5
9.0 97.375
10.0 100.625
11.0 70.5
12.0 87.125
13.0 73.0
14.0 96.0
15.0 13.75
16.0 14.875
17.0 87.375
18.0 87.0
19.0 99.625
20.0 103.5
21.0 105.25
22.0 115.75
23.0 102.25
24.0 97.75
25.0 94.0
26.0 79.375
27.0 85.375
28.0 71.625
29.0 71.25
30.0 120.0
31.0 128.75
32.0 133.75
33.0 101.25
34.0 120.0
35.0 95.0
36.0 66.75
37.0 14.0
38.0 10.25
39.0 62.5
40.0 110.125
41.0 122.0
42.0 126.25
43.0 108.0
44.0 118.875
45.0 116.125
46.0 127.5
47.0 97.125
48.0 141.25
49.0 140.0
50.0 130.0
51.0 157.5
52.0 128.75
53.0 86.75
54.0 14.125
55.0 11.75
56.0 17.5
57.0 20.875
58.0 2.625
59.0 0.0
60.0 0.0
61.0 0.0
62.0 0.0
63.0 13.25
64.0 15.375
65.0 44.25
66.0 63.5
67.0 63.875
68.0 67.125
69.0 69.125
70.0 69.5
71.0 72.125
72.0 65.125
73.0 49.5
74.0 73.125
75.0 65.5
76.0 84.75
77.0 104.125
78.0 138.75
79.0 177.5
80.0 143.75
81.0 108.5
82.0 73.875
83.0 15.5
84.0 16.375
85.0 94.875
86.0 122.625
87.0 167.5
88.0 145.0
89.0 141.25
90.0 170.0
91.0 121.875
92.0 151.25
93.0 171.25
94.0 167.5
95.0 190.0
96.0 201.25
97.0 197.5
98.0 202.5
99.0 185.0
100.0 109.0
101.0 0.0
102.0 0.0
103.0 0.0
104.0 0.0
105.0 0.0
106.0 0.0
107.0 0.0
108.0 0.0
109.0 0.0
110.0 0.0
111.0 0.0
112.0 0.0
113.0 0.0
114.0 0.0
115.0 15.25
116.0 14.125
117.0 0.25
118.0 8.5
119.0 13.375
120.0 28.75
121.0 63.875
122.0 87.75
123.0 94.125
124.0 80.75
125.0 89.125
126.0 78.25
127.0 79.875
128.0 101.375
129.0 90.0
130.0 95.125
131.0 116.25
132.0 127.5
133.0 119.5
134.0 114.25
135.0 121.75
136.0 89.5
137.0 21.375
138.0 77.0
139.0 10.25
140.0 14.375
141.0 74.0
142.0 105.375
143.0 110.875
144.0 120.0
145.0 132.5
146.0 185.0
147.0 142.5
148.0 175.0
149.0 175.0
150.0 127.5
151.0 142.5
152.0 165.0
153.0 47.875
154.0 11.25
155.0 15.375
156.0 13.375
157.0 46.375
158.0 86.75
159.0 86.375
160.0 96.75
161.0 97.5
162.0 76.625
163.0 75.125
164.0 34.125
165.0 41.5
166.0 2.25
167.0 1.5
168.0 59.25
169.0 67.625
170.0 3.75
171.0 31.125
172.0 26.125
173.0 28.875
174.0 54.5
175.0 56.625
176.0 42.25
177.0 64.625
178.0 8.875
179.0 28.125
180.0 32.75
181.0 40.5
182.0 12.375
183.0 21.625
184.0 28.5
185.0 58.375
186.0 70.625
187.0 49.375
188.0 8.5
189.0 40.75
190.0 19.0
191.0 27.5
192.0 40.125
193.0 20.25
194.0 36.125
195.0 41.75
196.0 11.875
197.0 40.25
198.0 30.5
199.0 30.75
200.0 44.375
201.0 45.125
202.0 61.375
203.0 58.5
204.0 73.875
205.0 79.5
206.0 82.25
207.0 15.625
208.0 11.0
209.0 9.625
210.0 14.875
211.0 12.125
212.0 14.125
213.0 11.5
214.0 19.25
215.0 56.0
216.0 11.25
217.0 15.375
218.0 11.75
219.0 18.5
220.0 73.875
221.0 84.375
222.0 93.5
223.0 86.125
224.0 85.0
225.0 94.625
226.0 76.5
227.0 85.125
228.0 107.5
229.0 119.125
230.0 133.75
231.0 85.0
232.0 106.875
233.0 105.75
234.0 106.625
235.0 102.625
236.0 106.75
237.0 123.625
238.0 175.0
239.0 143.75
240.0 193.75
241.0 170.0
242.0 177.5
243.0 151.25
244.0 128.75
245.0 138.75
246.0 124.375
247.0 109.375
248.0 136.25
249.0 127.5
250.0 117.25
251.0 135.0
252.0 127.5
253.0 142.5
254.0 135.0
255.0 126.25
256.0 142.5
257.0 141.25
258.0 147.5
259.0 158.75
260.0 126.25
261.0 142.5
262.0 158.75
263.0 156.25
264.0 153.75
265.0 141.25
266.0 155.0
267.0 143.75
268.0 15.375
269.0 11.5
270.0 68.375
271.0 114.625
272.0 148.75
273.0 143.75
274.0 167.5
275.0 157.5
276.0 162.5
277.0 161.25
278.0 151.25
279.0 145.0
280.0 167.5
281.0 153.75
282.0 147.5
283.0 132.5
284.0 146.25
285.0 137.5
286.0 133.75
287.0 170.0
288.0 145.0
289.0 208.75
290.0 153.75
291.0 142.5
292.0 167.5
293.0 182.5
294.0 197.5
295.0 155.0
296.0 166.25
297.0 156.25
298.0 135.0
299.0 136.25
300.0 76.75
301.0 15.25
302.0 14.5
303.0 69.375
304.0 109.875
305.0 77.75
306.0 126.25
307.0 119.75
308.0 30.75
309.0 12.25
310.0 9.75
311.0 18.0
312.0 75.5
313.0 133.75
314.0 205.0
315.0 211.25
316.0 222.5
317.0 193.75
318.0 202.5
319.0 223.75
320.0 222.5
321.0 198.75
322.0 191.25
323.0 130.0
324.0 227.5
325.0 136.25
326.0 14.625
327.0 25.0
328.0 166.25
329.0 181.25
330.0 157.5
331.0 161.25
332.0 177.5
333.0 196.25
334.0 196.25
335.0 161.25
336.0 170.0
337.0 157.5
338.0 150.0
339.0 150.0
340.0 86.375
341.0 88.875
342.0 81.0
343.0 90.5
344.0 76.125
345.0 119.875
346.0 84.125
347.0 0.25
348.0 0.0
349.0 0.0
350.0 10.25
351.0 15.5
352.0 11.875
353.0 14.625
354.0 2.75
355.0 3.625
356.0 0.0
357.0 0.0
358.0 12.75
359.0 12.625
360.0 12.625
361.0 14.875
362.0 15.625
363.0 14.625
364.0 70.625
365.0 55.75
366.0 96.375
367.0 105.625
368.0 153.75
369.0 147.5
370.0 128.75
371.0 114.25
372.0 142.5
373.0 127.5
374.0 110.625
375.0 104.875
376.0 0.75
377.0 0.0
378.0 0.0
379.0 0.0
380.0 13.0
381.0 13.875
382.0 47.0
383.0 135.0
384.0 138.75
385.0 138.75
386.0 133.75
387.0 120.5
388.0 138.75
389.0 85.5
390.0 138.75
391.0 170.0
392.0 155.0
393.0 156.25
394.0 152.5
395.0 92.875
396.0 14.5
397.0 15.5
398.0 12.5
399.0 38.0
400.0 12.5
401.0 27.625
402.0 27.875
403.0 0.375
404.0 0.0
405.0 0.0
406.0 0.0
407.0 0.0
408.0 14.5
409.0 15.125
410.0 15.625
411.0 10.375
412.0 13.125
413.0 13.75
414.0 11.875
415.0 13.25
416.0 14.75
417.0 14.125
418.0 11.125
419.0 14.625
420.0 15.0
421.0 11.75
422.0 12.125
423.0 36.625
424.0 98.75
425.0 115.75
426.0 94.125
427.0 93.75
428.0 57.5
429.0 0.0
430.0 0.0
431.0 0.0
432.0 0.25
433.0 14.0
434.0 13.0
435.0 11.875
436.0 17.5
437.0 2.0
438.0 3.75
439.0 9.125
440.0 1.375
441.0 2.75
442.0 2.375
443.0 17.625
444.0 1.25
445.0 0.375
446.0 11.75
447.0 13.125
448.0 15.0
449.0 14.75
450.0 12.25
451.0 14.875
452.0 15.375
453.0 13.625
454.0 48.75
455.0 62.25
456.0 85.0
457.0 71.75
458.0 80.125
459.0 84.125
460.0 76.0
461.0 75.75
462.0 75.125
463.0 109.75
464.0 70.75
465.0 112.75
466.0 105.25
467.0 94.5
468.0 97.0
469.0 87.625
470.0 86.75
471.0 94.875
472.0 90.625
473.0 107.625
474.0 90.625
475.0 99.25
476.0 136.25
477.0 152.5
478.0 121.625
479.0 124.625
480.0 83.25
481.0 87.125
482.0 104.625
483.0 40.5
484.0 0.625
485.0 37.5
486.0 76.0
487.0 133.75
488.0 153.75
489.0 86.125
490.0 168.75
491.0 148.75
492.0 146.25
493.0 173.75
494.0 148.75
495.0 165.0
496.0 141.25
497.0 170.0
498.0 181.25
499.0 171.25
500.0 176.25
501.0 165.0
502.0 143.75
503.0 176.25
504.0 170.0
505.0 195.0
506.0 171.25
507.0 183.75
508.0 193.75
509.0 187.5
510.0 175.0
511.0 180.0
512.0 173.75
513.0 183.75
514.0 178.75
515.0 171.25
516.0 170.0
517.0 155.0
518.0 147.5
519.0 156.25
520.0 146.25
521.0 120.375
522.0 126.25
523.0 115.75
524.0 68.75
525.0 78.875
526.0 44.5
527.0 5.375
528.0 0.375
529.0 18.75
530.0 14.5
531.0 104.875
532.0 137.5
533.0 115.5
534.0 146.25
535.0 153.75
536.0 145.0
537.0 138.75
538.0 155.0
539.0 173.75
540.0 140.0
541.0 168.75
542.0 151.25
543.0 133.75
544.0 135.0
545.0 136.25
546.0 158.75
547.0 173.75
548.0 187.5
549.0 118.5
550.0 142.5
551.0 171.25
552.0 84.875
553.0 10.625
554.0 76.875
555.0 101.125
556.0 175.0
557.0 158.75
558.0 181.25
559.0 167.5
560.0 187.5
561.0 167.5
562.0 153.75
563.0 187.5
564.0 171.25
565.0 206.25
566.0 163.75
567.0 208.75
568.0 210.0
569.0 180.0
570.0 171.25
571.0 148.75
572.0 146.25
573.0 156.25
574.0 153.75
575.0 100.875
576.0 82.5
577.0 24.875
578.0 49.25
579.0 34.875
580.0 5.125
581.0 3.125
582.0 4.75
583.0 4.25
584.0 15.25
585.0 11.125
586.0 9.5
587.0 32.75
588.0 20.625
589.0 11.125
590.0 41.125
591.0 11.875
592.0 12.875
593.0 34.875
594.0 51.125
595.0 48.5
596.0 50.875
597.0 53.625
598.0 66.0
599.0 73.875
600.0 39.625
601.0 42.25
602.0 62.25
603.0 67.875
604.0 28.0
605.0 0.0
606.0 15.625
607.0 10.25
608.0 15.0
609.0 19.0
610.0 11.625
611.0 14.625
612.0 13.875
613.0 14.875
614.0 15.375
615.0 12.375
616.0 13.25
617.0 43.5
618.0 63.875
619.0 84.625
620.0 25.125
621.0 14.875
622.0 14.5
623.0 45.5
624.0 69.0
625.0 71.125
626.0 69.0
627.0 43.5
628.0 92.0
629.0 77.0
630.0 72.375
631.0 74.75
632.0 86.75
633.0 87.875
634.0 91.25
635.0 83.375
636.0 97.25
637.0 28.5
638.0 22.0
639.0 66.125
640.0 79.125
641.0 76.25
642.0 78.125
643.0 83.25
644.0 71.25
645.0 0.0
646.0 14.875
647.0 13.875
648.0 70.25
649.0 58.25
650.0 60.125
651.0 46.0
652.0 67.0
653.0 71.25
654.0 79.5
655.0 70.625
656.0 84.5
657.0 76.625
658.0 71.875
659.0 84.25
660.0 76.625
661.0 80.875
662.0 88.0
663.0 82.25
664.0 96.5
665.0 101.875
666.0 91.5
667.0 101.5
668.0 101.375
669.0 115.375
670.0 105.125
671.0 96.125
672.0 136.25
673.0 142.5
674.0 163.75
675.0 158.75
676.0 155.0
677.0 133.75
678.0 185.0
679.0 130.0
680.0 161.25
681.0 119.125
682.0 161.25
683.0 157.5
684.0 195.0
685.0 121.375
686.0 87.25
687.0 133.75
688.0 166.25
689.0 161.25
690.0 185.0
691.0 170.0
692.0 89.25
693.0 170.0
694.0 108.875
695.0 12.25
696.0 11.75
697.0 97.75
698.0 107.375
699.0 126.25
700.0 146.25
701.0 136.25
702.0 113.5
703.0 110.75
704.0 150.0
705.0 141.25
706.0 150.0
707.0 187.5
708.0 135.0
709.0 180.0
710.0 142.5
711.0 190.0
712.0 108.25
713.0 114.375
714.0 132.5
715.0 185.0
716.0 163.75
717.0 170.0
718.0 165.0
719.0 108.75
720.0 181.25
721.0 167.5
722.0 126.25
723.0 168.75
724.0 170.0
725.0 153.75
726.0 147.5
727.0 171.25
728.0 187.5
729.0 167.5
730.0 173.75
731.0 137.5
732.0 140.0
733.0 178.75
734.0 146.25
735.0 156.25
736.0 145.0
737.0 165.0
738.0 148.75
739.0 155.0
740.0 162.5
741.0 67.875
742.0 114.875
743.0 124.0
744.0 109.125
745.0 121.75
746.0 100.0
747.0 118.125
748.0 136.25
749.0 135.0
750.0 124.875
751.0 116.875
752.0 135.0
753.0 105.125
754.0 113.625
755.0 128.75
756.0 78.625
757.0 13.375
758.0 13.875
759.0 77.125
760.0 98.125
761.0 105.875
762.0 123.0
763.0 110.125
764.0 106.5
765.0 124.25
766.0 110.25
767.0 123.875
768.0 124.625
769.0 59.375
770.0 114.0
771.0 122.25
772.0 120.625
773.0 123.625
774.0 100.625
775.0 19.125
776.0 7.25
777.0 38.125
778.0 24.0
779.0 59.375
780.0 12.375
781.0 12.75
782.0 1.125
783.0 7.5
