1.0 20.5
2.0 20.5
3.0 23.0
4.0 10.0
5.0 1.0
6.0 54.5
7.0 41.5
8.0 39.0
9.0 53.5
10.0 75.0
11.0 95.5
12.0 75.0
13.0 58.5
14.0 59.0
15.0 61.5
16.0 154.0
17.0 198.0
18.0 255.0
19.0 189.0
20.0 198.0
21.0 270.5
22.0 297.0
23.0 343.0
24.0 169.5
25.0 4.0
26.0 4.0
27.0 5.5
28.0 41.0
29.0 41.5
30.0 52.0
31.0 58.0
32.0 45.5
33.0 57.0
34.0 289.0
35.0 615.0
36.0 575.0
37.0 471.0
38.0 40.5
39.0 5.0
40.0 61.0
41.0 250.5
42.0 475.0
43.0 499.0
44.0 515.0
45.0 675.0
46.0 590.0
47.0 474.5
48.0 322.5
49.0 63.0
50.0 11.5
51.0 1.0
52.0 48.5
53.0 46.0
54.0 61.5
55.0 58.5
56.0 42.5
57.0 248.0
58.0 312.5
59.0 292.5
60.0 321.5
61.0 267.5
62.0 331.0
63.0 390.0
64.0 40.5
65.0 47.5
66.0 59.5
67.0 55.0
68.0 60.5
69.0 76.0
70.0 160.5
71.0 99.0
72.0 239.5
73.0 245.5
74.0 248.0
75.0 219.0
76.0 206.5
77.0 206.5
78.0 234.0
79.0 228.0
80.0 220.0
81.0 68.5
82.0 60.5
83.0 98.5
84.0 61.0
85.0 68.0
86.0 248.0
87.0 60.5
88.0 115.0
89.0 68.5
90.0 53.5
91.0 54.0
92.0 56.0
93.0 54.0
94.0 51.5
95.0 53.5
96.0 47.5
97.0 48.5
98.0 48.5
99.0 47.5
100.0 45.0
101.0 30.0
102.0 59.5
103.0 78.0
104.0 366.0
105.0 379.0
106.0 396.5
107.0 388.0
108.0 392.5
109.0 378.0
110.0 377.0
111.0 388.5
112.0 380.0
113.0 345.5
114.0 402.5
115.0 311.0
116.0 295.0
117.0 354.5
118.0 325.5
119.0 419.5
120.0 57.5
121.0 45.5
122.0 58.0
123.0 113.5
124.0 287.5
125.0 293.0
126.0 243.5
127.0 152.5
128.0 83.0
129.0 75.5
130.0 37.5
131.0 25.5
132.0 29.5
133.0 28.5
134.0 30.0
135.0 55.5
136.0 59.0
137.0 257.5
138.0 300.5
139.0 318.0
140.0 239.5
141.0 317.5
142.0 321.5
143.0 313.5
144.0 317.5
145.0 323.5
146.0 366.0
147.0 393.5
148.0 395.0
149.0 360.0
150.0 409.0
151.0 397.0
152.0 441.5
153.0 396.0
154.0 500.0
155.0 515.0
156.0 540.0
157.0 545.0
158.0 540.0
159.0 570.0
160.0 520.0
161.0 640.0
162.0 575.0
163.0 560.0
164.0 660.0
165.0 660.0
166.0 312.0
167.0 50.5
168.0 62.0
169.0 530.0
170.0 715.0
171.0 645.0
172.0 640.0
173.0 515.0
174.0 340.5
175.0 5.0
176.0 60.5
177.0 43.5
178.0 50.0
179.0 56.0
180.0 127.5
181.0 265.0
182.0 314.5
183.0 187.0
184.0 138.5
185.0 90.0
186.0 133.5
187.0 62.0
188.0 101.0
189.0 214.0
190.0 104.5
191.0 70.5
192.0 68.5
193.0 72.0
194.0 74.0
195.0 66.5
196.0 62.0
197.0 63.0
198.0 58.5
199.0 47.0
200.0 65.5
201.0 56.5
202.0 57.5
203.0 61.0
204.0 62.5
205.0 59.0
206.0 60.5
207.0 64.5
208.0 34.0
209.0 65.5
210.0 43.5
211.0 47.5
212.0 61.5
213.0 60.0
214.0 155.5
215.0 84.5
216.0 41.5
217.0 44.0
218.0 67.0
219.0 246.0
220.0 253.5
221.0 130.0
222.0 50.5
223.0 55.0
224.0 57.0
225.0 90.5
226.0 224.5
227.0 235.0
228.0 239.5
229.0 236.0
230.0 241.5
231.0 258.5
232.0 261.0
233.0 268.5
234.0 236.5
235.0 127.5
236.0 99.5
237.0 54.5
238.0 114.0
239.0 222.5
240.0 257.5
241.0 248.5
242.0 241.5
243.0 224.5
244.0 230.5
245.0 247.0
246.0 248.0
247.0 261.5
248.0 236.5
249.0 208.5
250.0 105.5
