1.0 153.5
2.0 381.0
3.0 482.5
4.0 570.0
5.0 520.0
6.0 362.0
7.0 252.5
8.0 0.5
9.0 0.0
10.0 0.0
11.0 0.0
12.0 0.0
13.0 48.5
14.0 52.0
15.0 43.5
16.0 278.5
17.0 250.5
18.0 253.5
19.0 51.5
20.0 52.5
21.0 61.0
22.0 46.5
23.0 52.5
24.0 49.5
25.0 51.0
26.0 54.0
27.0 59.0
28.0 51.0
29.0 57.0
30.0 58.0
31.0 61.5
32.0 61.5
33.0 54.0
34.0 142.5
35.0 259.5
36.0 348.0
37.0 314.0
38.0 310.0
39.0 8.5
40.0 4.0
41.0 0.0
42.0 0.0
43.0 60.5
44.0 54.0
45.0 267.0
46.0 393.5
47.0 600.0
48.0 695.0
49.0 368.0
50.0 432.0
51.0 295.0
52.0 181.0
53.0 157.5
54.0 37.0
55.0 8.5
56.0 5.0
57.0 2.5
58.0 58.0
59.0 61.0
60.0 58.5
61.0 45.0
62.0 58.5
63.0 62.0
64.0 42.0
65.0 55.5
66.0 59.0
67.0 41.5
68.0 46.0
69.0 95.0
70.0 238.5
71.0 301.5
72.0 326.0
73.0 195.5
74.0 134.5
75.0 26.5
76.0 11.5
77.0 31.0
78.0 41.5
79.0 18.5
80.0 23.0
81.0 47.0
82.0 47.5
83.0 99.0
84.0 171.5
85.0 166.0
86.0 179.5
87.0 195.0
88.0 207.5
89.0 211.0
90.0 248.0
91.0 305.0
92.0 339.5
93.0 330.0
94.0 61.0
95.0 53.5
96.0 45.5
97.0 41.5
98.0 170.0
99.0 294.0
100.0 345.5
101.0 325.5
102.0 277.5
103.0 94.0
104.0 42.5
105.0 31.0
106.0 40.0
107.0 10.5
108.0 61.0
109.0 45.5
110.0 210.5
111.0 292.5
112.0 303.0
113.0 160.5
114.0 45.5
115.0 220.5
116.0 443.0
117.0 370.0
118.0 540.0
119.0 161.0
120.0 60.0
121.0 47.0
122.0 46.5
123.0 54.0
124.0 56.0
125.0 62.0
126.0 38.5
127.0 59.5
128.0 56.0
129.0 56.0
130.0 0.0
131.0 1.5
132.0 0.0
133.0 0.0
134.0 0.0
135.0 59.0
136.0 46.0
137.0 56.5
138.0 131.0
139.0 184.0
140.0 182.0
141.0 178.5
142.0 186.0
143.0 7.5
144.0 0.0
145.0 0.0
146.0 45.0
147.0 68.0
148.0 162.0
149.0 185.5
150.0 202.5
151.0 180.0
152.0 122.5
153.0 35.5
154.0 25.5
155.0 38.5
156.0 82.0
157.0 17.5
158.0 16.0
159.0 52.5
160.0 51.0
161.0 61.0
162.0 97.0
163.0 89.0
164.0 105.0
165.0 99.5
166.0 62.5
167.0 41.0
168.0 88.5
169.0 105.5
170.0 105.0
171.0 10.0
172.0 0.0
173.0 49.0
174.0 46.5
175.0 105.5
176.0 150.5
177.0 87.5
178.0 159.0
179.0 118.5
180.0 247.0
181.0 43.0
182.0 50.5
183.0 56.0
184.0 95.0
185.0 229.5
186.0 337.5
187.0 323.5
188.0 340.0
189.0 318.5
190.0 297.0
191.0 290.0
192.0 185.0
193.0 46.0
194.0 207.0
195.0 525.0
196.0 426.0
197.0 500.0
198.0 510.0
199.0 635.0
200.0 585.0
201.0 40.5
202.0 50.0
203.0 124.0
204.0 54.0
205.0 25.0
206.0 22.0
207.0 15.0
208.0 39.5
209.0 59.0
210.0 67.5
211.0 232.0
212.0 315.0
213.0 363.0
214.0 362.5
215.0 476.0
216.0 550.0
217.0 585.0
218.0 570.0
219.0 810.0
220.0 740.0
221.0 770.0
222.0 760.0
223.0 595.0
