1.0 56.0
2.0 55.0
3.0 56.0
4.0 51.5
5.0 57.5
6.0 50.5
7.0 60.0
8.0 52.5
9.0 62.5
10.0 51.0
11.0 6.0
12.0 13.0
13.0 19.5
14.0 42.0
15.0 27.5
16.0 6.5
17.0 43.5
18.0 84.5
19.0 74.5
20.0 3.5
21.0 20.0
22.0 43.5
23.0 57.0
24.0 60.5
25.0 61.0
26.0 51.5
27.0 58.0
28.0 51.5
29.0 61.0
30.0 12.5
31.0 14.5
32.0 9.5
33.0 54.0
34.0 49.0
35.0 48.5
36.0 87.0
37.0 82.5
38.0 81.5
39.0 93.5
40.0 136.0
41.0 168.5
42.0 104.5
43.0 8.5
44.0 0.5
45.0 23.5
46.0 4.5
47.0 1.0
48.0 13.0
49.0 13.5
50.0 61.5
51.0 32.5
52.0 47.0
53.0 74.5
54.0 168.5
55.0 232.5
56.0 241.5
57.0 112.0
58.0 171.0
59.0 370.0
60.0 411.0
61.0 487.5
62.0 433.0
63.0 447.5
64.0 467.0
65.0 267.0
66.0 62.0
67.0 57.0
68.0 278.5
69.0 293.5
70.0 240.0
71.0 320.0
72.0 371.0
73.0 415.5
74.0 435.5
75.0 461.5
76.0 510.0
77.0 451.0
78.0 467.5
79.0 486.0
80.0 515.0
81.0 505.0
82.0 496.5
83.0 456.5
84.0 530.0
85.0 650.0
86.0 580.0
87.0 393.0
88.0 48.0
89.0 62.5
90.0 51.5
91.0 146.0
92.0 458.0
93.0 371.0
94.0 413.0
95.0 335.0
96.0 271.0
97.0 178.0
98.0 48.0
99.0 0.0
100.0 95.0
101.0 36.5
102.0 59.0
103.0 51.0
104.0 245.0
105.0 311.0
106.0 280.5
107.0 112.0
108.0 49.0
109.0 85.0
110.0 231.5
111.0 269.0
112.0 252.0
113.0 303.0
114.0 300.0
115.0 357.5
116.0 387.0
117.0 358.5
118.0 209.5
119.0 0.0
120.0 0.0
121.0 38.5
122.0 56.0
123.0 51.0
124.0 105.0
125.0 120.5
126.0 272.5
127.0 309.5
128.0 190.5
129.0 56.5
130.0 57.0
131.0 52.5
132.0 57.0
133.0 114.5
134.0 323.5
135.0 364.0
136.0 391.0
137.0 400.0
138.0 401.0
139.0 422.0
140.0 385.0
141.0 202.0
142.0 52.5
143.0 55.0
144.0 25.5
145.0 57.0
146.0 29.5
147.0 43.5
148.0 27.5
149.0 10.5
150.0 24.0
151.0 40.0
152.0 20.5
153.0 34.0
154.0 29.5
155.0 30.5
156.0 31.0
157.0 34.0
158.0 36.5
159.0 31.5
160.0 31.0
161.0 31.5
162.0 25.0
163.0 34.5
164.0 18.0
165.0 38.5
166.0 15.5
167.0 12.5
168.0 37.0
169.0 21.0
170.0 1.5
171.0 61.5
172.0 105.5
173.0 290.0
174.0 323.5
175.0 219.5
176.0 56.0
177.0 39.0
178.0 55.5
179.0 60.0
180.0 105.0
181.0 252.0
182.0 248.5
183.0 214.0
184.0 275.0
185.0 299.5
186.0 284.0
187.0 263.5
188.0 244.5
189.0 252.5
190.0 288.5
191.0 299.5
192.0 244.5
193.0 265.0
194.0 375.0
195.0 396.0
196.0 336.5
197.0 386.5
198.0 535.0
199.0 489.0
200.0 690.0
201.0 560.0
202.0 685.0
203.0 690.0
204.0 690.0
205.0 680.0
206.0 720.0
207.0 650.0
208.0 760.0
209.0 730.0
210.0 675.0
211.0 735.0
212.0 655.0
213.0 710.0
214.0 715.0
215.0 735.0
216.0 600.0
217.0 690.0
218.0 695.0
219.0 675.0
220.0 790.0
221.0 715.0
222.0 855.0
223.0 825.0
224.0 805.0
225.0 188.5
226.0 58.0
227.0 57.0
228.0 43.5
229.0 60.5
230.0 60.0
231.0 134.0
232.0 358.5
233.0 335.5
234.0 401.0
235.0 438.0
236.0 429.0
237.0 392.0
238.0 371.0
239.0 445.5
240.0 377.5
241.0 58.5
242.0 58.5
243.0 359.5
244.0 435.0
245.0 488.0
246.0 481.5
247.0 466.5
248.0 474.0
249.0 492.5
250.0 455.0
251.0 520.0
252.0 467.5
253.0 515.0
254.0 454.5
255.0 497.0
256.0 500.0
257.0 515.0
258.0 485.5
259.0 499.0
260.0 505.0
261.0 510.0
262.0 505.0
263.0 491.5
264.0 448.5
265.0 565.0
266.0 600.0
267.0 500.0
268.0 635.0
269.0 550.0
270.0 515.0
271.0 565.0
272.0 640.0
273.0 625.0
274.0 344.5
275.0 50.5
276.0 152.5
277.0 342.0
278.0 234.5
279.0 73.0
280.0 41.5
281.0 14.0
282.0 56.0
283.0 56.5
284.0 358.0
285.0 439.0
286.0 520.0
287.0 491.0
288.0 490.5
289.0 477.5
290.0 510.0
291.0 575.0
292.0 615.0
293.0 615.0
294.0 620.0
295.0 429.0
296.0 640.0
297.0 635.0
298.0 695.0
299.0 590.0
300.0 378.0
