1.0 56.0
2.0 139.5
3.0 258.0
4.0 188.0
5.0 1.5
6.0 0.0
7.0 0.0
8.0 0.0
9.0 0.0
10.0 59.5
11.0 53.0
12.0 302.0
13.0 359.5
14.0 442.5
15.0 176.0
16.0 48.5
17.0 48.0
18.0 250.5
19.0 262.5
20.0 74.0
21.0 63.5
22.0 49.0
23.0 57.0
24.0 58.0
25.0 62.0
26.0 56.0
27.0 60.5
28.0 47.5
29.0 49.0
30.0 46.0
31.0 58.5
32.0 57.0
33.0 95.0
34.0 185.0
35.0 158.5
36.0 186.5
37.0 161.0
38.0 176.5
39.0 76.5
40.0 3.0
41.0 62.0
42.0 49.5
43.0 10.0
44.0 3.5
45.0 4.5
46.0 38.0
47.0 61.5
48.0 66.5
49.0 103.0
50.0 124.5
51.0 166.5
52.0 216.0
53.0 317.5
54.0 243.5
55.0 272.5
56.0 258.5
57.0 330.0
58.0 273.0
59.0 228.5
60.0 211.5
61.0 292.5
62.0 144.5
63.0 3.5
64.0 0.0
65.0 9.0
66.0 0.5
67.0 5.0
68.0 6.5
69.0 10.0
70.0 24.5
71.0 38.5
72.0 55.5
73.0 44.5
74.0 54.0
75.0 48.5
76.0 57.5
77.0 39.5
78.0 56.5
79.0 51.5
80.0 50.5
81.0 60.0
82.0 62.0
83.0 62.5
84.0 62.5
85.0 52.5
86.0 135.0
87.0 109.0
88.0 91.0
89.0 81.0
90.0 23.0
91.0 28.5
92.0 43.0
93.0 62.0
94.0 46.0
95.0 316.5
96.0 332.5
97.0 349.0
98.0 406.5
99.0 445.5
100.0 396.5
101.0 414.5
102.0 80.5
103.0 454.0
104.0 488.0
105.0 510.0
106.0 505.0
107.0 505.0
108.0 505.0
109.0 477.5
110.0 505.0
111.0 488.0
112.0 495.5
113.0 498.0
114.0 515.0
115.0 505.0
116.0 515.0
117.0 497.0
118.0 510.0
119.0 492.0
120.0 488.0
121.0 515.0
122.0 515.0
123.0 493.0
124.0 510.0
125.0 525.0
126.0 505.0
127.0 497.5
128.0 500.0
129.0 500.0
130.0 459.0
131.0 515.0
132.0 476.5
133.0 451.0
134.0 488.0
135.0 449.0
136.0 483.0
137.0 525.0
138.0 484.0
139.0 575.0
140.0 540.0
141.0 462.0
142.0 630.0
143.0 515.0
144.0 39.0
145.0 60.5
146.0 58.0
147.0 42.5
148.0 62.0
149.0 360.0
150.0 397.0
151.0 324.5
152.0 253.0
153.0 292.0
154.0 194.5
155.0 92.0
156.0 322.5
157.0 27.0
158.0 5.5
159.0 13.0
160.0 58.0
161.0 54.5
162.0 54.0
163.0 324.5
164.0 271.5
165.0 318.0
166.0 347.0
167.0 252.5
168.0 392.5
169.0 402.5
170.0 412.0
171.0 435.0
172.0 202.5
173.0 46.5
174.0 44.0
175.0 431.5
176.0 177.0
177.0 377.0
178.0 670.0
179.0 660.0
180.0 635.0
181.0 720.0
182.0 705.0
183.0 870.0
184.0 775.0
185.0 845.0
186.0 600.0
187.0 710.0
188.0 555.0
189.0 491.0
190.0 500.0
191.0 331.5
192.0 450.5
193.0 266.5
194.0 340.0
195.0 364.5
196.0 304.5
197.0 11.0
198.0 62.5
199.0 55.5
200.0 59.0
201.0 59.0
202.0 57.5
203.0 58.0
204.0 55.5
205.0 48.0
206.0 56.0
207.0 43.0
208.0 319.0
209.0 436.0
210.0 342.5
211.0 291.0
212.0 6.5
213.0 6.0
214.0 0.0
215.0 36.5
216.0 50.5
217.0 197.5
218.0 334.0
219.0 401.0
220.0 290.5
221.0 302.0
222.0 163.0
223.0 137.5
224.0 106.0
225.0 64.0
226.0 10.5
227.0 8.0
228.0 21.0
229.0 35.5
230.0 20.5
231.0 14.0
232.0 13.5
233.0 56.0
234.0 62.0
235.0 56.5
236.0 59.0
237.0 77.5
238.0 93.5
239.0 92.0
240.0 89.5
241.0 99.0
242.0 40.5
243.0 0.0
244.0 0.0
245.0 0.0
246.0 43.0
247.0 59.0
248.0 56.0
249.0 57.5
250.0 52.0
251.0 62.0
252.0 52.0
253.0 79.5
254.0 49.5
255.0 39.0
256.0 45.0
257.0 52.0
258.0 62.0
259.0 54.0
260.0 55.0
261.0 88.5
262.0 53.0
263.0 67.5
264.0 72.5
265.0 107.0
266.0 59.0
267.0 45.0
268.0 58.0
269.0 56.0
270.0 74.5
271.0 57.5
272.0 49.0
273.0 174.5
274.0 182.5
275.0 181.0
