1.0 180.5
2.0 351.5
3.0 462.0
4.0 530.0
5.0 495.0
6.0 515.0
7.0 340.0
8.0 610.0
9.0 540.0
10.0 394.5
11.0 212.0
12.0 16.5
13.0 62.0
14.0 56.0
15.0 396.5
16.0 675.0
17.0 690.0
18.0 219.5
19.0 54.0
20.0 60.0
21.0 48.0
22.0 62.5
23.0 51.5
24.0 45.0
25.0 58.0
26.0 50.0
27.0 58.5
28.0 56.5
29.0 142.0
30.0 124.5
31.0 194.0
32.0 210.0
33.0 214.5
34.0 0.0
35.0 51.5
36.0 39.5
37.0 56.5
38.0 48.5
39.0 87.0
40.0 113.0
41.0 88.0
42.0 115.5
43.0 72.0
44.0 101.0
45.0 114.5
46.0 153.0
47.0 117.5
48.0 158.5
49.0 117.5
50.0 11.0
51.0 4.5
52.0 46.5
53.0 61.0
54.0 44.0
55.0 47.0
56.0 60.0
57.0 45.5
58.0 56.0
59.0 52.5
60.0 60.5
61.0 55.5
62.0 58.0
63.0 56.5
64.0 62.0
65.0 47.5
66.0 55.5
67.0 56.5
68.0 50.5
69.0 57.5
70.0 47.5
71.0 53.5
72.0 59.0
73.0 52.0
74.0 61.5
75.0 59.5
76.0 55.0
77.0 50.0
78.0 52.5
79.0 57.0
80.0 53.0
81.0 55.0
82.0 49.5
83.0 49.0
84.0 54.5
85.0 62.5
86.0 46.5
87.0 38.5
88.0 49.0
89.0 61.5
90.0 56.0
91.0 50.5
92.0 42.0
93.0 48.5
94.0 52.5
95.0 49.0
96.0 57.5
97.0 49.5
98.0 57.0
99.0 68.0
100.0 77.0
101.0 80.5
102.0 101.5
103.0 115.0
104.0 43.0
105.0 66.0
106.0 93.0
107.0 20.0
108.0 12.5
109.0 14.5
110.0 4.0
111.0 7.0
112.0 53.0
113.0 110.5
114.0 126.5
115.0 131.0
116.0 135.5
117.0 147.5
118.0 161.5
119.0 168.0
120.0 194.0
121.0 205.5
122.0 214.0
123.0 235.0
124.0 244.0
125.0 215.0
126.0 272.5
127.0 278.5
128.0 247.0
129.0 152.0
130.0 4.0
131.0 1.0
132.0 0.0
133.0 0.0
134.0 4.0
135.0 9.5
136.0 25.5
137.0 15.5
138.0 76.0
139.0 50.5
140.0 13.5
141.0 40.5
142.0 62.0
143.0 55.5
144.0 51.5
145.0 245.5
146.0 254.0
147.0 251.0
148.0 245.5
149.0 288.5
150.0 279.0
151.0 168.5
152.0 3.5
153.0 0.0
154.0 0.0
155.0 0.0
156.0 7.0
157.0 61.5
158.0 62.5
159.0 180.0
160.0 281.5
161.0 299.5
162.0 305.5
163.0 308.0
164.0 238.5
165.0 271.0
166.0 238.0
167.0 297.5
168.0 301.0
169.0 219.0
170.0 113.0
171.0 0.0
172.0 46.0
173.0 48.5
174.0 106.0
175.0 215.5
176.0 260.0
177.0 281.0
178.0 289.0
179.0 308.0
180.0 316.0
181.0 329.5
182.0 342.0
183.0 290.5
184.0 315.5
185.0 312.5
186.0 24.5
187.0 137.5
188.0 0.0
189.0 17.0
190.0 0.0
191.0 0.0
192.0 39.0
193.0 62.0
194.0 165.5
195.0 176.5
196.0 175.5
197.0 168.5
198.0 304.5
199.0 435.5
200.0 490.0
201.0 535.0
202.0 535.0
203.0 452.0
204.0 535.0
205.0 570.0
206.0 570.0
207.0 600.0
208.0 725.0
209.0 560.0
210.0 690.0
211.0 670.0
212.0 157.5
213.0 40.0
214.0 59.5
215.0 53.0
216.0 55.5
217.0 53.5
218.0 55.0
219.0 52.5
220.0 58.5
221.0 58.0
222.0 62.5
223.0 54.5
224.0 53.0
225.0 62.0
226.0 60.0
227.0 57.5
228.0 61.5
229.0 52.5
230.0 41.0
231.0 61.5
232.0 59.5
233.0 62.0
234.0 61.5
235.0 45.0
236.0 50.0
