1.0 13.75
2.0 35.875
3.0 40.75
4.0 52.75
5.0 11.375
6.0 13.625
7.0 62.125
8.0 60.125
9.0 34.25
10.0 0.0
11.0 0.0
12.0 11.5
13.0 14.5
14.0 15.5
15.0 11.875
16.0 10.5
17.0 12.0
18.0 39.875
19.0 91.5
20.0 35.625
21.0 16.125
22.0 14.875
23.0 12.125
24.0 2.75
25.0 13.625
26.0 14.625
27.0 35.875
28.0 37.375
29.0 57.375
30.0 63.625
31.0 69.625
32.0 50.625
33.0 62.125
34.0 32.5
35.0 29.625
36.0 9.875
37.0 12.875
38.0 13.25
39.0 11.625
40.0 13.5
41.0 15.0
42.0 11.0
43.0 9.375
44.0 8.0
45.0 23.375
46.0 60.625
47.0 60.375
48.0 31.75
49.0 12.25
50.0 11.875
51.0 50.75
52.0 56.25
53.0 50.5
54.0 71.875
55.0 49.25
56.0 8.25
57.0 13.75
58.0 7.0
59.0 10.125
60.0 1.5
61.0 0.875
62.0 13.375
63.0 12.625
64.0 60.125
65.0 73.625
66.0 91.375
67.0 93.0
68.0 115.625
69.0 166.25
70.0 147.5
71.0 143.75
72.0 181.25
73.0 171.25
74.0 156.25
75.0 162.5
76.0 162.5
77.0 158.75
78.0 161.25
79.0 171.25
80.0 173.75
81.0 177.5
82.0 182.5
83.0 172.5
84.0 171.25
85.0 176.25
86.0 133.75
87.0 136.25
88.0 132.5
89.0 109.25
90.0 127.5
91.0 176.25
92.0 147.5
93.0 123.5
94.0 15.625
95.0 13.875
96.0 9.375
97.0 14.625
98.0 64.5
99.0 96.25
100.0 88.625
101.0 23.625
102.0 56.375
103.0 45.75
104.0 62.75
105.0 45.875
106.0 36.875
107.0 1.0
108.0 0.875
109.0 2.125
110.0 5.875
111.0 12.875
112.0 15.125
113.0 49.5
114.0 90.875
115.0 84.375
116.0 87.25
117.0 105.25
118.0 102.625
119.0 87.375
120.0 132.5
121.0 109.5
122.0 111.875
123.0 98.25
124.0 115.875
125.0 142.5
126.0 163.75
127.0 137.5
128.0 176.25
129.0 130.0
130.0 110.5
131.0 107.5
132.0 13.125
133.0 15.375
134.0 53.125
135.0 113.75
136.0 88.75
137.0 103.625
138.0 96.75
139.0 86.125
140.0 85.125
141.0 93.0
142.0 105.25
143.0 90.5
144.0 77.75
145.0 31.0
146.0 12.75
147.0 14.75
148.0 12.5
149.0 14.375
150.0 13.875
151.0 46.625
152.0 93.75
153.0 106.625
154.0 109.375
155.0 98.25
156.0 81.375
157.0 18.5
158.0 2.0
159.0 17.75
160.0 12.75
161.0 12.625
162.0 70.875
163.0 28.0
164.0 10.625
165.0 8.125
166.0 2.125
167.0 9.125
168.0 4.125
169.0 2.75
170.0 5.125
171.0 13.125
172.0 15.125
173.0 13.0
174.0 35.875
175.0 67.0
176.0 66.75
177.0 12.375
178.0 8.875
179.0 14.25
180.0 14.625
181.0 38.625
182.0 48.0
183.0 58.75
184.0 51.125
185.0 63.125
186.0 70.625
187.0 67.875
188.0 68.5
189.0 83.75
190.0 90.25
191.0 77.5
192.0 97.5
193.0 64.125
194.0 9.5
195.0 15.375
196.0 11.75
197.0 15.625
198.0 11.125
199.0 15.125
200.0 55.75
201.0 65.5
202.0 74.0
203.0 4.25
204.0 3.25
205.0 0.625
206.0 3.375
207.0 0.0
208.0 15.625
209.0 11.25
210.0 35.75
211.0 49.0
212.0 74.375
213.0 82.375
214.0 104.5
215.0 130.0
216.0 140.0
217.0 141.25
218.0 133.75
219.0 145.0
220.0 143.75
221.0 146.25
222.0 146.25
223.0 141.25
224.0 142.5
225.0 146.25
226.0 142.5
227.0 150.0
228.0 146.25
229.0 146.25
230.0 143.75
231.0 128.75
232.0 136.25
233.0 137.5
234.0 141.25
235.0 136.25
236.0 115.0
237.0 168.75
238.0 18.875
239.0 15.125
240.0 84.25
241.0 39.625
242.0 5.0
243.0 0.0
244.0 11.25
245.0 15.125
246.0 114.375
247.0 120.0
248.0 170.0
249.0 173.75
250.0 166.25
