1.0 14.875
2.0 13.625
3.0 14.0
4.0 14.875
5.0 15.375
6.0 12.625
7.0 12.75
8.0 10.75
9.0 14.625
10.0 15.25
11.0 15.125
12.0 15.5
13.0 13.0
14.0 10.625
15.0 10.0
16.0 13.75
17.0 13.625
18.0 14.0
19.0 10.75
20.0 10.875
21.0 13.375
22.0 14.125
23.0 14.0
24.0 15.0
25.0 11.75
26.0 11.375
27.0 12.75
28.0 14.75
29.0 11.5
30.0 9.75
31.0 11.375
32.0 13.875
33.0 14.375
34.0 15.0
35.0 15.0
36.0 12.5
37.0 15.0
38.0 12.25
39.0 14.625
40.0 15.625
41.0 14.125
42.0 15.375
43.0 13.375
44.0 11.125
45.0 10.125
46.0 13.875
47.0 11.875
48.0 12.875
49.0 15.0
50.0 11.0
51.0 12.375
52.0 12.5
53.0 14.125
54.0 11.375
55.0 14.875
56.0 11.875
57.0 15.5
58.0 12.5
59.0 13.125
60.0 15.5
61.0 15.0
62.0 10.75
63.0 14.625
64.0 15.625
65.0 14.5
66.0 15.5
67.0 14.625
68.0 14.375
69.0 12.875
70.0 14.125
71.0 10.625
72.0 12.75
73.0 13.875
74.0 12.25
75.0 9.875
76.0 15.625
77.0 13.0
78.0 13.125
79.0 10.875
80.0 13.875
81.0 10.875
82.0 15.25
83.0 15.0
84.0 14.625
85.0 14.625
86.0 13.75
87.0 12.75
88.0 14.375
89.0 12.125
90.0 13.25
91.0 15.5
92.0 15.25
93.0 12.75
94.0 13.375
95.0 6.125
96.0 7.5
97.0 11.25
98.0 11.25
99.0 29.875
100.0 47.875
101.0 72.5
102.0 89.25
103.0 86.5
104.0 83.0
105.0 88.5
106.0 73.25
107.0 83.625
108.0 55.625
109.0 78.875
110.0 77.375
111.0 56.125
112.0 4.25
113.0 0.25
114.0 0.5
115.0 0.0
116.0 1.125
117.0 1.375
118.0 0.875
119.0 0.0
120.0 11.0
121.0 12.5
122.0 35.25
123.0 61.25
124.0 60.5
125.0 76.75
126.0 36.125
127.0 13.875
128.0 52.625
129.0 50.125
130.0 1.0
131.0 28.625
132.0 8.5
133.0 12.125
134.0 21.625
135.0 13.375
136.0 1.0
137.0 12.0
138.0 21.125
139.0 26.5
140.0 25.5
141.0 35.25
142.0 31.125
143.0 38.625
144.0 42.125
145.0 43.625
146.0 46.125
147.0 52.75
148.0 57.0
149.0 70.125
150.0 73.75
151.0 73.875
152.0 85.625
153.0 92.0
154.0 85.125
155.0 85.75
156.0 70.5
157.0 81.875
158.0 83.625
159.0 19.0
160.0 82.375
161.0 82.0
162.0 81.0
163.0 75.25
164.0 79.375
165.0 81.875
166.0 58.25
167.0 88.375
168.0 76.25
169.0 86.375
170.0 81.0
171.0 81.875
172.0 77.625
173.0 79.625
174.0 81.5
175.0 82.25
176.0 67.5
177.0 84.75
178.0 82.375
179.0 87.5
180.0 82.0
181.0 79.75
182.0 65.625
183.0 81.125
184.0 91.875
185.0 94.5
186.0 85.625
187.0 90.0
188.0 95.5
189.0 83.125
190.0 81.0
191.0 79.5
192.0 95.875
193.0 86.375
194.0 97.0
195.0 87.625
196.0 86.125
197.0 81.875
198.0 31.875
199.0 9.25
200.0 80.625
201.0 85.875
202.0 89.625
203.0 58.375
204.0 104.5
205.0 74.625
206.0 99.0
207.0 49.875
208.0 6.75
209.0 7.375
210.0 40.375
211.0 42.375
212.0 45.125
213.0 62.75
214.0 60.5
215.0 62.125
216.0 63.875
217.0 64.0
218.0 45.625
219.0 39.5
220.0 7.125
221.0 10.125
222.0 0.0
223.0 1.25
224.0 13.125
225.0 46.75
226.0 63.25
227.0 73.25
228.0 80.625
229.0 86.25
230.0 96.0
231.0 101.875
232.0 101.5
233.0 105.0
234.0 109.75
235.0 111.5
236.0 116.375
237.0 106.5
238.0 131.25
239.0 141.25
240.0 131.25
241.0 141.25
242.0 156.25
243.0 176.25
244.0 105.25
245.0 170.0
246.0 76.0
247.0 46.625
248.0 2.25
249.0 0.0
250.0 14.625
251.0 11.75
252.0 89.875
253.0 125.0
254.0 135.0
255.0 145.0
256.0 119.0
257.0 156.25
258.0 153.75
259.0 143.75
260.0 141.25
261.0 121.25
262.0 118.375
263.0 110.5
264.0 80.25
265.0 24.5
266.0 0.0
267.0 0.0
268.0 1.0
269.0 15.125
270.0 14.25
271.0 74.25
272.0 96.0
273.0 96.75
274.0 105.25
275.0 95.75
276.0 121.0
277.0 155.0
278.0 173.75
279.0 133.75
280.0 116.75
281.0 146.25
282.0 130.0
283.0 112.5
284.0 113.375
285.0 109.875
286.0 170.0
287.0 177.5
288.0 131.25
289.0 128.75
290.0 125.0
291.0 136.25
292.0 131.25
293.0 118.75
294.0 123.875
295.0 133.75
296.0 147.5
297.0 128.75
298.0 125.0
299.0 109.875
300.0 147.5
301.0 136.25
302.0 114.625
303.0 160.0
304.0 131.25
305.0 109.5
306.0 113.875
307.0 185.0
308.0 135.0
309.0 146.25
310.0 133.75
311.0 140.0
312.0 131.25
313.0 109.875
314.0 107.625
315.0 28.375
316.0 0.0
317.0 0.0
318.0 15.375
319.0 14.875
320.0 78.25
321.0 99.25
322.0 99.0
323.0 99.0
324.0 116.0
325.0 150.0
326.0 119.375
327.0 150.0
328.0 89.375
329.0 77.875
330.0 130.0
331.0 142.5
332.0 143.75
333.0 138.75
334.0 155.0
335.0 130.0
336.0 143.75
337.0 142.5
338.0 158.75
339.0 132.5
340.0 131.25
341.0 86.0
342.0 88.5
343.0 112.25
344.0 141.25
345.0 137.5
346.0 163.75
347.0 136.25
348.0 160.0
349.0 101.0
350.0 117.75
351.0 141.25
352.0 85.125
353.0 0.0
354.0 0.25
355.0 0.0
356.0 0.0
357.0 11.625
358.0 10.625
359.0 0.25
360.0 0.0
361.0 0.0
362.0 0.0
363.0 0.0
364.0 0.0
365.0 14.625
366.0 15.25
367.0 14.25
368.0 25.25
369.0 38.875
370.0 12.0
371.0 37.5
372.0 52.375
373.0 59.625
374.0 66.5
375.0 78.25
376.0 82.5
377.0 91.625
378.0 119.625
379.0 133.75
380.0 119.5
381.0 172.5
382.0 156.25
383.0 148.75
384.0 180.0
385.0 128.75
386.0 166.25
387.0 146.25
388.0 160.0
389.0 142.5
390.0 172.5
391.0 171.25
392.0 188.75
393.0 172.5
394.0 143.75
395.0 132.5
396.0 152.5
397.0 120.375
398.0 110.875
399.0 104.875
400.0 108.625
401.0 119.0
402.0 124.75
403.0 105.25
404.0 133.75
405.0 109.125
406.0 92.375
407.0 95.5
408.0 130.0
409.0 127.5
410.0 102.125
411.0 80.25
412.0 89.375
413.0 84.0
414.0 86.0
415.0 109.125
416.0 105.75
417.0 142.5
418.0 116.375
419.0 135.0
420.0 119.0
421.0 85.25
422.0 61.0
423.0 21.375
424.0 17.625
425.0 54.625
426.0 91.75
427.0 0.0
428.0 0.0
429.0 1.25
430.0 13.25
431.0 12.125
432.0 5.0
433.0 0.0
434.0 0.0
435.0 0.5
436.0 4.125
437.0 15.375
438.0 43.625
439.0 36.75
440.0 36.0
441.0 57.625
442.0 64.75
443.0 0.5
444.0 0.0
445.0 0.625
446.0 3.875
447.0 9.75
448.0 1.25
449.0 18.25
450.0 11.5
451.0 8.875
452.0 14.625
453.0 16.875
454.0 15.75
455.0 5.5
456.0 0.625
457.0 11.5
458.0 13.375
459.0 21.0
460.0 33.875
461.0 62.125
462.0 74.625
463.0 75.375
464.0 88.625
465.0 105.5
466.0 115.0
467.0 130.0
468.0 148.75
469.0 127.5
470.0 151.25
471.0 124.625
472.0 152.5
473.0 173.75
474.0 200.0
475.0 228.75
476.0 197.5
477.0 191.25
478.0 207.5
479.0 227.5
480.0 211.25
481.0 221.25
482.0 178.75
483.0 228.75
484.0 230.0
485.0 220.0
486.0 231.25
487.0 216.25
488.0 225.0
489.0 228.75
490.0 225.0
491.0 230.0
492.0 192.5
493.0 170.0
494.0 104.0
495.0 117.0
496.0 141.25
497.0 136.25
498.0 114.5
499.0 112.125
500.0 130.0
501.0 108.625
502.0 142.5
503.0 136.25
504.0 117.875
505.0 108.25
506.0 113.25
507.0 59.5
508.0 0.625
509.0 0.0
510.0 0.0
511.0 14.625
512.0 13.0
513.0 54.25
514.0 76.375
515.0 90.875
516.0 100.625
517.0 97.375
518.0 98.125
519.0 94.375
520.0 128.75
521.0 102.25
522.0 114.75
523.0 23.875
524.0 9.875
525.0 12.375
526.0 10.875
527.0 14.875
528.0 27.75
529.0 28.75
530.0 55.875
531.0 0.875
532.0 25.75
533.0 67.75
534.0 126.25
535.0 146.25
536.0 91.125
537.0 160.0
538.0 114.75
539.0 151.25
540.0 145.0
541.0 87.625
542.0 0.25
543.0 0.375
544.0 0.625
545.0 71.375
546.0 121.125
547.0 104.875
548.0 100.375
549.0 115.875
550.0 120.25
551.0 1.0
552.0 34.125
553.0 43.375
554.0 22.625
555.0 4.5
556.0 22.0
557.0 47.625
558.0 75.875
559.0 64.25
560.0 54.375
561.0 0.25
562.0 0.375
563.0 6.75
564.0 4.75
565.0 0.125
566.0 14.75
567.0 13.125
568.0 13.5
569.0 14.0
570.0 14.875
571.0 11.125
572.0 14.25
573.0 15.25
574.0 15.625
575.0 14.875
576.0 10.25
577.0 12.375
578.0 15.0
579.0 11.25
580.0 14.875
581.0 12.875
582.0 13.875
583.0 13.5
584.0 13.5
585.0 13.5
586.0 11.375
587.0 14.25
588.0 15.5
589.0 14.125
590.0 10.125
591.0 14.125
592.0 15.25
593.0 13.125
594.0 14.25
595.0 15.625
596.0 14.125
597.0 15.625
598.0 15.375
599.0 12.875
600.0 14.75
601.0 15.5
602.0 15.375
603.0 12.0
604.0 10.625
605.0 11.25
606.0 13.25
607.0 12.625
608.0 13.125
609.0 13.75
610.0 14.5
611.0 12.25
612.0 13.875
613.0 14.5
614.0 10.375
615.0 13.75
616.0 15.5
617.0 13.75
618.0 14.875
619.0 14.375
620.0 13.25
621.0 12.625
622.0 13.125
623.0 13.0
624.0 14.25
625.0 12.875
626.0 14.5
627.0 15.625
628.0 14.5
629.0 14.75
630.0 12.75
631.0 13.75
632.0 13.5
633.0 15.0
634.0 12.875
635.0 12.125
636.0 13.875
637.0 13.125
638.0 13.375
639.0 13.75
640.0 15.875
641.0 18.125
642.0 20.0
643.0 22.625
644.0 26.625
645.0 29.25
646.0 35.25
647.0 39.75
648.0 47.25
649.0 52.625
650.0 62.5
651.0 86.625
652.0 109.0
653.0 131.25
654.0 127.5
655.0 111.0
656.0 160.0
657.0 119.125
658.0 137.5
659.0 127.5
660.0 119.25
661.0 155.0
662.0 113.25
663.0 123.375
664.0 155.0
665.0 146.25
666.0 121.625
667.0 151.25
668.0 160.0
669.0 128.75
670.0 104.25
671.0 82.875
672.0 21.375
673.0 1.5
674.0 0.375
675.0 0.25
676.0 2.0
677.0 0.25
678.0 0.875
679.0 3.625
680.0 1.125
681.0 1.5
682.0 0.125
683.0 2.25
684.0 1.625
685.0 0.5
686.0 15.125
687.0 14.875
688.0 15.625
689.0 14.5
690.0 14.875
691.0 15.625
692.0 13.25
693.0 11.125
694.0 13.0
695.0 15.625
696.0 11.25
697.0 15.5
698.0 13.375
699.0 12.875
700.0 13.0
701.0 13.875
702.0 13.5
703.0 11.125
704.0 15.0
705.0 14.5
706.0 11.75
707.0 3.125
708.0 0.0
709.0 0.0
710.0 10.5
711.0 15.375
712.0 14.875
713.0 15.5
714.0 14.625
715.0 12.375
716.0 15.375
717.0 12.875
718.0 10.25
719.0 13.5
720.0 15.5
721.0 12.375
722.0 13.375
723.0 13.125
724.0 14.0
725.0 15.625
726.0 15.125
727.0 14.5
728.0 14.0
729.0 12.875
730.0 15.625
731.0 12.25
732.0 11.75
733.0 15.25
734.0 15.125
735.0 15.125
736.0 12.875
737.0 15.25
738.0 14.0
739.0 14.375
740.0 14.0
741.0 15.5
742.0 11.75
743.0 13.875
744.0 15.625
745.0 14.5
746.0 14.0
747.0 14.25
748.0 11.125
749.0 9.75
750.0 13.25
751.0 13.375
752.0 15.5
753.0 13.75
754.0 14.625
755.0 13.875
756.0 15.5
757.0 14.375
758.0 15.0
759.0 13.375
760.0 13.125
761.0 15.0
762.0 13.75
763.0 15.5
764.0 10.5
765.0 15.625
766.0 14.25
767.0 13.125
768.0 15.375
769.0 14.25
770.0 10.875
771.0 15.375
772.0 13.125
773.0 11.25
774.0 10.0
775.0 13.625
776.0 12.625
777.0 13.75
778.0 13.75
779.0 11.0
780.0 13.375
781.0 12.5
782.0 14.75
783.0 12.25
784.0 11.875
785.0 15.0
786.0 12.0
787.0 14.75
788.0 11.375
789.0 14.875
790.0 12.5
791.0 14.875
792.0 15.375
793.0 13.125
794.0 13.5
795.0 10.0
796.0 15.25
797.0 13.0
798.0 14.375
799.0 14.625
