1.0 16.875
2.0 27.75
3.0 35.5
4.0 35.625
5.0 34.875
6.0 1.5
7.0 9.375
8.0 13.25
9.0 37.625
10.0 37.75
11.0 40.625
12.0 38.125
13.0 35.875
14.0 41.25
15.0 44.75
16.0 42.375
17.0 42.0
18.0 41.0
19.0 46.625
20.0 41.75
21.0 45.125
22.0 42.125
23.0 50.25
24.0 46.125
25.0 39.75
26.0 51.0
27.0 50.0
28.0 58.875
29.0 44.25
30.0 49.125
31.0 33.375
32.0 51.5
33.0 50.25
34.0 53.125
35.0 49.625
36.0 17.0
37.0 9.5
38.0 0.0
39.0 7.625
40.0 10.5
41.0 33.75
42.0 36.375
43.0 47.625
44.0 51.875
45.0 49.75
46.0 44.625
47.0 48.0
48.0 53.125
49.0 41.875
50.0 52.875
51.0 38.375
52.0 34.5
53.0 42.25
54.0 43.375
55.0 31.875
56.0 13.5
57.0 15.375
58.0 48.0
59.0 68.25
60.0 55.5
61.0 46.375
62.0 60.5
63.0 67.625
64.0 63.125
65.0 66.625
66.0 78.75
67.0 77.875
68.0 80.25
69.0 71.125
70.0 78.625
71.0 78.25
72.0 80.0
73.0 78.75
74.0 78.125
75.0 67.375
76.0 49.625
77.0 64.25
78.0 74.0
79.0 74.0
80.0 73.625
81.0 22.375
82.0 11.25
83.0 15.625
84.0 13.0
85.0 15.5
86.0 15.5
87.0 13.625
88.0 13.5
89.0 13.125
90.0 14.625
91.0 13.75
92.0 11.375
93.0 13.125
94.0 14.375
95.0 13.375
96.0 14.5
97.0 11.25
98.0 13.875
99.0 12.0
100.0 13.125
101.0 29.75
102.0 45.75
103.0 38.75
104.0 55.75
105.0 60.0
106.0 66.25
107.0 59.25
108.0 41.875
109.0 47.875
110.0 67.375
111.0 67.75
112.0 57.625
113.0 55.0
114.0 84.75
115.0 83.875
116.0 87.875
117.0 83.75
118.0 66.0
119.0 70.25
120.0 68.125
121.0 80.5
122.0 35.5
123.0 56.75
124.0 70.75
125.0 89.25
126.0 90.5
127.0 93.625
128.0 89.875
129.0 66.5
130.0 2.875
131.0 6.25
132.0 1.5
133.0 5.25
134.0 16.875
135.0 2.125
136.0 0.0
137.0 0.0
138.0 0.0
139.0 0.0
140.0 0.0
141.0 15.5
142.0 14.125
143.0 25.25
144.0 34.5
145.0 28.5
146.0 29.875
147.0 31.5
148.0 35.0
149.0 37.75
150.0 34.125
151.0 33.5
152.0 4.375
153.0 4.0
154.0 7.75
155.0 8.125
156.0 0.0
157.0 8.875
158.0 11.5
159.0 1.125
160.0 4.5
161.0 18.375
162.0 21.0
163.0 8.625
164.0 8.25
165.0 1.5
166.0 2.125
167.0 4.0
168.0 0.125
169.0 3.875
170.0 1.5
171.0 1.0
172.0 0.75
173.0 2.375
174.0 0.625
175.0 0.75
176.0 1.0
177.0 0.75
178.0 2.625
179.0 1.0
180.0 0.5
181.0 0.875
182.0 0.75
183.0 1.875
184.0 0.875
185.0 0.0
186.0 0.75
187.0 2.875
188.0 3.25
189.0 1.5
190.0 1.0
191.0 0.75
192.0 1.375
193.0 3.0
194.0 1.125
195.0 2.0
196.0 4.125
197.0 1.125
198.0 3.125
199.0 0.75
200.0 3.25
201.0 1.0
202.0 3.125
203.0 2.25
204.0 4.0
205.0 6.75
206.0 2.5
207.0 11.5
208.0 14.625
209.0 13.375
210.0 12.875
211.0 14.0
212.0 22.0
213.0 26.75
214.0 33.875
215.0 35.5
216.0 39.0
217.0 35.375
218.0 42.25
219.0 41.75
220.0 48.25
221.0 48.5
222.0 54.5
223.0 51.25
224.0 46.375
225.0 58.375
226.0 52.625
227.0 44.875
228.0 55.125
229.0 60.0
230.0 34.875
231.0 2.0
232.0 6.125
233.0 38.75
234.0 60.875
235.0 54.375
236.0 22.625
237.0 18.375
238.0 40.5
239.0 44.0
240.0 53.25
241.0 54.375
242.0 51.625
243.0 56.0
244.0 57.625
245.0 62.375
246.0 57.0
247.0 50.625
248.0 0.875
249.0 7.25
250.0 0.875
251.0 1.25
252.0 12.75
253.0 13.75
254.0 38.375
255.0 48.375
256.0 52.625
257.0 55.625
258.0 53.625
259.0 57.625
260.0 52.375
261.0 58.375
262.0 57.25
263.0 59.125
264.0 52.75
265.0 60.0
266.0 67.375
267.0 66.5
268.0 47.375
269.0 59.0
270.0 58.75
271.0 50.25
272.0 88.0
273.0 82.75
274.0 68.0
275.0 82.375
276.0 103.375
277.0 107.125
278.0 100.5
279.0 99.625
280.0 107.5
281.0 87.75
282.0 101.875
283.0 110.5
284.0 99.25
285.0 84.5
286.0 86.75
287.0 126.25
288.0 96.5
289.0 124.5
290.0 107.625
291.0 104.125
292.0 102.625
293.0 106.375
294.0 109.5
295.0 76.875
296.0 119.5
297.0 109.625
298.0 125.0
299.0 111.375
300.0 112.625
301.0 124.0
302.0 87.0
303.0 75.75
304.0 91.375
305.0 78.375
306.0 39.5
307.0 0.0
308.0 0.125
309.0 14.875
310.0 13.375
311.0 66.5
312.0 101.375
313.0 65.875
314.0 100.5
315.0 104.5
316.0 98.5
317.0 98.5
318.0 97.75
319.0 100.375
320.0 78.875
321.0 95.5
322.0 102.125
323.0 105.75
324.0 90.625
325.0 95.75
326.0 113.25
327.0 100.875
328.0 122.375
329.0 120.75
330.0 132.5
331.0 141.25
332.0 127.5
333.0 147.5
334.0 147.5
335.0 133.75
336.0 166.25
337.0 165.0
338.0 128.75
339.0 112.5
340.0 88.25
341.0 103.75
342.0 121.25
343.0 110.375
344.0 94.625
345.0 115.0
346.0 121.0
347.0 148.75
348.0 103.0
349.0 148.75
350.0 160.0
351.0 143.75
352.0 97.625
353.0 76.625
354.0 106.25
355.0 115.0
356.0 146.25
357.0 116.5
358.0 157.5
359.0 161.25
360.0 157.5
361.0 153.75
362.0 116.125
363.0 121.0
364.0 148.75
365.0 125.0
366.0 90.625
367.0 141.25
368.0 143.75
369.0 114.375
370.0 90.5
371.0 151.25
372.0 147.5
373.0 148.75
374.0 142.5
375.0 107.25
376.0 81.75
377.0 115.25
378.0 131.25
379.0 110.375
380.0 135.0
381.0 160.0
382.0 151.25
383.0 155.0
384.0 152.5
385.0 114.25
386.0 145.0
387.0 157.5
388.0 103.75
389.0 152.5
390.0 160.0
391.0 148.75
392.0 153.75
393.0 131.25
394.0 108.375
395.0 103.375
396.0 145.0
397.0 140.0
398.0 112.375
399.0 135.0
400.0 153.75
401.0 150.0
402.0 155.0
403.0 126.25
404.0 120.125
405.0 102.625
406.0 112.375
407.0 104.75
408.0 98.25
409.0 92.125
410.0 122.5
411.0 142.5
412.0 153.75
413.0 125.0
414.0 75.875
415.0 94.875
416.0 91.25
417.0 88.75
418.0 92.125
419.0 88.5
420.0 88.125
421.0 117.5
422.0 77.375
423.0 39.375
424.0 25.875
425.0 57.0
426.0 5.375
427.0 6.625
428.0 2.625
429.0 7.625
430.0 39.5
431.0 23.625
432.0 0.375
433.0 1.75
434.0 2.75
435.0 14.25
436.0 12.0
437.0 0.75
438.0 1.75
439.0 11.375
440.0 13.5
441.0 15.625
442.0 23.875
443.0 26.125
444.0 34.625
445.0 55.25
446.0 62.5
447.0 64.75
448.0 66.75
449.0 74.375
450.0 73.0
451.0 68.75
452.0 75.875
453.0 76.75
454.0 83.0
455.0 78.25
456.0 80.25
457.0 79.625
458.0 81.0
459.0 75.75
460.0 76.375
461.0 73.625
462.0 79.0
463.0 79.875
464.0 61.25
465.0 88.5
466.0 75.375
467.0 69.25
468.0 94.125
469.0 102.125
470.0 88.5
471.0 82.25
472.0 113.375
473.0 114.125
474.0 86.125
475.0 93.375
476.0 76.125
477.0 119.25
478.0 125.0
479.0 126.25
480.0 118.75
481.0 96.375
482.0 109.125
483.0 105.0
484.0 112.75
485.0 82.875
486.0 115.375
487.0 115.625
488.0 102.125
489.0 90.25
490.0 82.875
491.0 99.0
492.0 90.625
493.0 68.125
494.0 107.625
495.0 105.375
496.0 72.875
497.0 56.375
498.0 77.25
499.0 72.5
500.0 85.25
501.0 75.125
502.0 71.75
503.0 82.0
504.0 87.125
505.0 107.25
506.0 110.625
507.0 118.375
508.0 67.0
509.0 103.75
510.0 108.125
511.0 119.5
512.0 106.5
513.0 94.0
514.0 77.875
515.0 126.25
516.0 94.5
517.0 91.125
518.0 87.125
519.0 76.875
520.0 63.25
521.0 0.0
522.0 12.625
523.0 10.5
524.0 14.5
525.0 14.625
526.0 14.875
527.0 14.625
528.0 11.25
529.0 11.25
530.0 11.625
531.0 10.625
532.0 10.5
533.0 6.25
534.0 0.125
535.0 0.0
536.0 0.5
537.0 11.125
538.0 10.5
539.0 15.125
540.0 15.25
541.0 14.5
542.0 12.75
543.0 14.625
544.0 14.875
545.0 12.75
546.0 13.125
547.0 15.0
548.0 15.5
549.0 14.25
550.0 15.625
551.0 10.75
552.0 14.625
553.0 14.125
554.0 11.375
555.0 13.5
556.0 13.375
557.0 12.5
558.0 12.625
559.0 13.875
560.0 13.75
561.0 14.125
562.0 12.875
563.0 15.5
564.0 15.625
565.0 15.625
566.0 13.875
567.0 12.0
568.0 15.0
569.0 15.375
570.0 12.125
571.0 14.75
572.0 14.625
573.0 13.625
574.0 15.625
575.0 13.875
576.0 15.375
577.0 12.875
578.0 14.625
579.0 15.5
580.0 15.25
581.0 14.75
582.0 12.5
583.0 13.0
584.0 10.125
585.0 15.5
586.0 12.125
587.0 14.375
588.0 13.25
589.0 15.0
590.0 12.375
591.0 13.0
592.0 10.625
593.0 11.5
594.0 11.0
595.0 15.625
596.0 15.0
597.0 15.0
598.0 13.25
599.0 13.5
600.0 10.625
601.0 11.5
602.0 11.25
603.0 12.75
604.0 14.125
605.0 15.5
606.0 15.125
607.0 14.625
608.0 15.125
609.0 14.375
610.0 14.0
611.0 14.75
612.0 15.0
613.0 10.5
614.0 12.0
615.0 14.5
616.0 14.625
617.0 14.25
618.0 14.75
619.0 9.625
620.0 12.375
621.0 15.375
622.0 15.125
623.0 11.875
624.0 13.75
625.0 14.125
626.0 14.875
627.0 15.625
628.0 14.375
629.0 15.5
630.0 14.125
631.0 14.75
632.0 15.125
633.0 13.5
634.0 11.125
635.0 13.25
636.0 14.375
637.0 15.5
638.0 10.75
639.0 20.625
640.0 26.625
641.0 31.625
642.0 32.875
643.0 40.0
644.0 42.375
645.0 38.5
646.0 45.25
647.0 39.625
648.0 51.125
649.0 54.125
650.0 54.25
651.0 53.75
652.0 56.625
653.0 61.125
654.0 59.625
655.0 52.625
656.0 52.75
657.0 60.5
658.0 61.0
659.0 65.125
660.0 70.25
661.0 74.125
662.0 63.125
663.0 65.5
664.0 63.625
665.0 71.0
666.0 77.875
667.0 84.125
668.0 70.5
669.0 81.125
670.0 86.125
671.0 84.125
672.0 95.875
673.0 112.375
674.0 99.0
675.0 98.125
676.0 42.125
677.0 0.75
678.0 0.0
679.0 14.75
680.0 13.625
681.0 13.5
682.0 14.5
683.0 11.625
684.0 10.75
685.0 15.375
686.0 15.625
687.0 13.75
688.0 13.25
689.0 13.625
690.0 9.875
691.0 0.0
692.0 11.0
693.0 12.625
694.0 14.875
695.0 12.75
696.0 15.625
697.0 13.0
698.0 12.625
699.0 12.75
700.0 15.0
701.0 11.75
702.0 14.625
703.0 14.25
704.0 12.125
705.0 13.625
706.0 13.25
707.0 14.375
708.0 12.75
709.0 14.75
710.0 11.125
711.0 10.875
712.0 9.875
713.0 11.125
714.0 12.625
715.0 13.125
716.0 14.875
717.0 14.125
718.0 11.0
719.0 15.625
720.0 15.125
721.0 12.125
722.0 13.625
723.0 11.75
724.0 10.875
725.0 12.125
726.0 13.75
727.0 13.375
728.0 14.5
729.0 11.875
730.0 11.625
731.0 13.75
732.0 14.625
733.0 15.5
734.0 13.875
735.0 9.875
736.0 14.0
737.0 15.125
738.0 15.0
739.0 15.5
740.0 13.625
741.0 15.125
742.0 12.25
743.0 12.625
744.0 13.875
745.0 12.5
746.0 12.25
747.0 12.125
748.0 14.75
749.0 14.875
750.0 13.25
751.0 13.75
752.0 14.5
753.0 15.625
754.0 14.125
755.0 14.75
756.0 14.0
757.0 15.125
758.0 15.375
759.0 13.5
760.0 15.25
761.0 15.5
762.0 12.625
763.0 15.625
764.0 10.625
765.0 10.5
766.0 13.125
767.0 12.375
768.0 14.625
769.0 15.25
770.0 13.125
771.0 15.125
772.0 14.75
773.0 13.375
774.0 15.0
775.0 12.0
776.0 15.0
777.0 13.0
778.0 11.5
779.0 12.125
780.0 11.5
781.0 10.0
782.0 11.625
783.0 12.5
784.0 14.875
785.0 11.875
786.0 12.75
787.0 14.875
788.0 11.75
789.0 12.125
790.0 14.0
791.0 13.625
792.0 15.625
793.0 15.0
794.0 11.25
795.0 13.125
796.0 14.875
797.0 11.5
798.0 10.625
799.0 15.5
