1.0 35.5
2.0 165.0
3.0 255.5
4.0 29.5
5.0 69.5
6.0 186.0
7.0 216.0
8.0 279.0
9.0 293.5
10.0 308.5
11.0 322.0
12.0 325.0
13.0 329.5
14.0 253.5
15.0 334.0
16.0 311.0
17.0 324.0
18.0 353.5
19.0 355.0
20.0 403.5
21.0 466.0
22.0 600.0
23.0 670.0
24.0 730.0
25.0 720.0
26.0 555.0
27.0 580.0
28.0 630.0
29.0 775.0
30.0 800.0
31.0 705.0
32.0 645.0
33.0 675.0
34.0 715.0
35.0 314.0
36.0 54.5
37.0 28.0
38.0 304.0
39.0 455.0
40.0 494.0
41.0 610.0
42.0 42.0
43.0 42.5
44.0 454.5
45.0 590.0
46.0 820.0
47.0 458.0
48.0 45.5
49.0 120.5
50.0 575.0
51.0 640.0
52.0 670.0
53.0 665.0
54.0 660.0
55.0 630.0
56.0 715.0
57.0 535.0
58.0 695.0
59.0 59.0
60.0 53.5
61.0 43.5
62.0 178.5
63.0 150.5
64.0 229.0
65.0 105.0
66.0 88.5
67.0 196.5
68.0 122.5
69.0 88.5
70.0 124.0
71.0 76.5
72.0 88.5
73.0 88.5
74.0 104.0
75.0 55.0
76.0 21.5
77.0 59.0
78.0 85.0
79.0 61.5
80.0 47.5
81.0 44.0
82.0 62.0
83.0 83.5
84.0 86.0
85.0 89.5
86.0 70.5
87.0 75.0
88.0 91.5
89.0 107.0
90.0 91.5
91.0 54.0
92.0 91.5
93.0 55.0
94.0 57.5
95.0 60.0
96.0 208.0
97.0 184.5
98.0 214.0
99.0 234.5
100.0 252.5
101.0 238.0
102.0 265.0
103.0 286.0
104.0 326.5
105.0 276.5
106.0 381.0
107.0 430.0
108.0 474.5
109.0 585.0
110.0 600.0
111.0 735.0
112.0 494.5
113.0 620.0
114.0 750.0
115.0 630.0
116.0 122.0
117.0 0.0
118.0 0.0
119.0 0.0
120.0 0.0
121.0 0.0
122.0 50.0
123.0 43.5
124.0 59.0
125.0 44.5
126.0 60.0
127.0 56.5
128.0 52.5
129.0 0.0
130.0 0.0
131.0 0.0
132.0 0.0
133.0 0.5
134.0 5.0
135.0 182.0
136.0 390.5
137.0 353.5
138.0 242.5
139.0 418.5
140.0 515.0
141.0 498.0
142.0 685.0
143.0 457.0
144.0 498.5
145.0 472.0
146.0 775.0
147.0 463.0
148.0 62.0
149.0 42.5
150.0 56.0
151.0 49.5
152.0 56.0
153.0 55.0
154.0 53.5
155.0 60.0
156.0 60.5
157.0 58.0
158.0 42.5
159.0 57.5
160.0 50.0
161.0 44.5
162.0 54.5
163.0 46.5
164.0 61.0
165.0 43.0
166.0 51.0
167.0 44.5
168.0 179.0
169.0 48.0
170.0 78.0
171.0 13.5
172.0 0.0
173.0 61.0
174.0 53.5
175.0 62.0
176.0 176.5
177.0 27.5
178.0 273.5
179.0 279.0
180.0 233.5
181.0 113.5
182.0 118.0
183.0 103.5
184.0 277.0
185.0 469.0
186.0 392.0
187.0 249.0
188.0 92.5
189.0 316.0
190.0 428.5
191.0 427.0
192.0 415.5
193.0 445.5
194.0 425.0
195.0 358.0
196.0 496.0
197.0 499.5
198.0 102.5
199.0 199.0
200.0 384.0
201.0 332.0
202.0 414.0
203.0 350.5
204.0 349.0
205.0 413.0
206.0 138.5
207.0 133.0
208.0 319.0
209.0 334.0
210.0 315.0
211.0 392.0
212.0 368.0
213.0 345.0
214.0 245.0
215.0 205.0
216.0 271.5
217.0 300.5
218.0 235.0
219.0 184.0
220.0 291.5
221.0 42.5
222.0 57.5
223.0 327.5
224.0 665.0
225.0 745.0
226.0 625.0
227.0 715.0
228.0 885.0
229.0 870.0
230.0 795.0
231.0 670.0
232.0 610.0
233.0 471.5
234.0 510.0
235.0 840.0
236.0 845.0
237.0 835.0
238.0 815.0
239.0 870.0
240.0 870.0
241.0 890.0
242.0 830.0
243.0 795.0
244.0 875.0
245.0 895.0
246.0 885.0
247.0 875.0
248.0 620.0
249.0 895.0
250.0 760.0
251.0 860.0
252.0 760.0
253.0 865.0
254.0 805.0
255.0 890.0
256.0 885.0
257.0 775.0
258.0 835.0
259.0 865.0
260.0 885.0
261.0 860.0
262.0 895.0
263.0 770.0
264.0 745.0
265.0 900.0
266.0 910.0
267.0 875.0
268.0 905.0
269.0 900.0
270.0 865.0
271.0 905.0
272.0 483.0
273.0 45.0
274.0 56.0
275.0 56.5
276.0 1.5
277.0 4.5
278.0 140.0
279.0 705.0
280.0 830.0
281.0 845.0
282.0 795.0
283.0 870.0
284.0 585.0
285.0 535.0
286.0 855.0
287.0 810.0
288.0 910.0
289.0 905.0
290.0 910.0
291.0 910.0
292.0 910.0
293.0 780.0
294.0 685.0
295.0 690.0
296.0 710.0
297.0 770.0
298.0 640.0
299.0 880.0
300.0 760.0
301.0 895.0
302.0 880.0
303.0 910.0
304.0 880.0
305.0 925.0
306.0 915.0
307.0 830.0
308.0 785.0
309.0 630.0
310.0 890.0
311.0 885.0
312.0 880.0
313.0 820.0
314.0 845.0
315.0 615.0
316.0 805.0
317.0 815.0
318.0 840.0
319.0 865.0
320.0 835.0
321.0 845.0
322.0 775.0
323.0 795.0
324.0 725.0
325.0 625.0
326.0 875.0
327.0 840.0
328.0 835.0
329.0 695.0
330.0 720.0
331.0 385.0
332.0 615.0
333.0 650.0
334.0 705.0
335.0 695.0
336.0 750.0
337.0 680.0
338.0 625.0
339.0 600.0
340.0 575.0
341.0 610.0
342.0 670.0
343.0 470.0
344.0 433.5
345.0 322.0
346.0 425.5
347.0 510.0
348.0 328.5
349.0 332.5
350.0 236.0
351.0 1.0
352.0 0.0
353.0 0.0
354.0 0.0
355.0 0.0
356.0 60.0
357.0 60.0
358.0 51.0
359.0 50.0
360.0 61.0
361.0 58.5
362.0 51.5
363.0 58.5
364.0 21.5
365.0 121.5
366.0 222.0
367.0 170.0
368.0 220.0
369.0 231.5
370.0 235.0
371.0 266.0
372.0 309.0
373.0 333.0
374.0 310.5
375.0 116.0
376.0 108.5
377.0 286.5
378.0 261.0
379.0 255.5
380.0 108.5
381.0 5.0
382.0 5.5
383.0 45.5
384.0 41.0
385.0 139.5
386.0 159.0
387.0 222.5
388.0 288.0
389.0 219.0
390.0 236.5
391.0 225.5
392.0 251.0
393.0 249.0
394.0 285.0
395.0 233.5
396.0 292.5
397.0 299.5
398.0 318.5
399.0 321.5
400.0 348.5
401.0 356.5
402.0 336.0
403.0 451.0
404.0 484.5
405.0 570.0
406.0 540.0
407.0 630.0
408.0 725.0
409.0 665.0
410.0 730.0
411.0 735.0
412.0 535.0
413.0 515.0
414.0 590.0
415.0 550.0
416.0 565.0
417.0 640.0
418.0 720.0
419.0 446.0
420.0 635.0
421.0 535.0
422.0 368.5
423.0 25.0
424.0 0.0
425.0 50.0
426.0 44.5
427.0 2.5
428.0 44.0
429.0 115.5
430.0 155.5
431.0 252.0
432.0 285.0
433.0 218.0
434.0 17.0
435.0 1.5
436.0 1.0
437.0 70.0
438.0 190.0
439.0 187.5
440.0 60.0
441.0 1.0
442.0 0.0
443.0 1.5
444.0 173.5
445.0 92.5
446.0 57.5
447.0 57.0
448.0 51.5
449.0 61.5
450.0 48.0
451.0 61.0
452.0 61.5
453.0 42.0
454.0 44.5
455.0 61.5
456.0 61.5
457.0 45.5
458.0 44.5
459.0 45.5
460.0 61.5
461.0 51.5
462.0 54.0
463.0 43.0
464.0 60.0
465.0 47.5
466.0 60.0
467.0 58.0
468.0 42.5
469.0 59.5
470.0 56.5
471.0 45.5
472.0 67.0
473.0 142.5
474.0 1.5
475.0 16.0
476.0 23.0
477.0 6.0
478.0 2.0
479.0 0.0
480.0 0.0
481.0 0.0
482.0 0.0
483.0 61.0
484.0 62.0
485.0 60.0
486.0 102.0
487.0 145.0
488.0 8.5
489.0 0.0
490.0 0.0
491.0 0.0
492.0 0.0
493.0 49.0
494.0 59.5
495.0 105.5
496.0 98.0
497.0 123.0
498.0 123.0
499.0 131.5
500.0 135.0
501.0 139.5
502.0 140.5
503.0 134.5
504.0 165.0
505.0 196.0
506.0 218.5
507.0 269.0
508.0 286.0
509.0 294.0
510.0 378.0
511.0 417.0
512.0 465.5
513.0 430.5
514.0 436.0
515.0 520.0
516.0 515.0
517.0 530.0
518.0 575.0
519.0 570.0
520.0 590.0
521.0 620.0
522.0 575.0
523.0 550.0
524.0 555.0
525.0 545.0
526.0 595.0
527.0 590.0
528.0 600.0
529.0 715.0
530.0 590.0
531.0 685.0
532.0 655.0
533.0 555.0
534.0 550.0
535.0 434.5
536.0 355.5
537.0 278.5
538.0 168.5
539.0 216.5
540.0 205.0
541.0 220.5
542.0 35.0
543.0 54.5
544.0 55.0
545.0 244.0
546.0 346.5
547.0 366.5
548.0 374.5
549.0 394.0
550.0 385.0
551.0 362.0
552.0 408.5
553.0 375.0
554.0 390.0
555.0 397.5
556.0 403.0
557.0 322.0
558.0 323.0
559.0 376.0
560.0 371.5
561.0 395.0
562.0 384.0
563.0 299.0
564.0 285.0
565.0 131.0
566.0 21.5
567.0 0.0
568.0 2.0
569.0 54.5
570.0 49.5
571.0 276.0
572.0 330.5
573.0 412.5
574.0 470.0
575.0 419.5
576.0 375.0
577.0 453.0
578.0 645.0
579.0 337.0
580.0 580.0
581.0 465.5
582.0 442.5
583.0 535.0
584.0 505.0
585.0 369.0
586.0 377.0
587.0 201.0
588.0 13.5
589.0 3.5
590.0 1.5
591.0 57.0
592.0 50.5
593.0 190.5
594.0 287.0
595.0 354.5
596.0 328.0
597.0 317.5
598.0 323.0
599.0 254.5
600.0 59.5
601.0 27.0
602.0 0.5
603.0 0.5
604.0 23.0
605.0 11.5
606.0 94.5
607.0 71.0
608.0 90.0
609.0 61.5
610.0 130.5
611.0 51.5
612.0 49.5
613.0 152.0
614.0 40.0
615.0 11.0
616.0 65.0
617.0 91.5
618.0 116.0
619.0 152.5
620.0 189.0
621.0 53.0
622.0 0.0
623.0 0.0
624.0 0.0
625.0 0.0
626.0 0.0
627.0 52.5
628.0 62.5
629.0 64.0
630.0 44.5
631.0 99.0
632.0 135.5
633.0 161.0
634.0 181.5
635.0 223.0
636.0 235.0
637.0 230.5
638.0 225.0
639.0 42.5
640.0 49.0
641.0 47.5
642.0 177.5
643.0 250.5
644.0 196.5
645.0 123.0
646.0 246.5
647.0 239.5
648.0 160.5
649.0 168.0
650.0 193.5
651.0 60.5
652.0 148.0
653.0 209.5
654.0 229.5
655.0 222.0
656.0 244.0
657.0 285.0
658.0 211.5
659.0 258.5
660.0 236.0
661.0 253.5
662.0 220.0
663.0 243.0
664.0 256.0
665.0 265.0
666.0 277.0
667.0 247.0
668.0 312.0
669.0 268.0
670.0 331.5
671.0 338.5
672.0 356.5
673.0 372.5
674.0 417.0
675.0 407.5
676.0 401.0
677.0 457.0
678.0 463.0
679.0 505.0
680.0 473.5
681.0 555.0
682.0 500.0
683.0 535.0
684.0 575.0
685.0 525.0
686.0 530.0
687.0 625.0
688.0 570.0
689.0 505.0
690.0 353.5
691.0 525.0
692.0 555.0
693.0 600.0
694.0 650.0
695.0 494.5
696.0 565.0
697.0 428.5
698.0 443.5
699.0 520.0
700.0 665.0
701.0 565.0
702.0 491.0
703.0 272.5
704.0 279.5
705.0 585.0
706.0 535.0
707.0 442.5
708.0 432.0
709.0 439.0
710.0 479.5
711.0 365.5
712.0 535.0
713.0 550.0
714.0 510.0
715.0 400.5
716.0 530.0
717.0 515.0
718.0 474.5
719.0 510.0
720.0 490.0
721.0 374.5
722.0 486.5
723.0 520.0
724.0 590.0
725.0 610.0
726.0 605.0
727.0 545.0
728.0 570.0
729.0 545.0
730.0 476.5
731.0 535.0
732.0 505.0
733.0 486.5
734.0 422.0
735.0 244.5
736.0 9.0
737.0 0.0
738.0 58.0
739.0 43.5
740.0 131.0
741.0 179.0
742.0 468.5
743.0 459.0
744.0 441.0
745.0 515.0
746.0 446.5
747.0 580.0
748.0 585.0
749.0 478.0
750.0 487.5
751.0 496.5
752.0 550.0
753.0 407.0
754.0 327.5
755.0 372.5
756.0 392.5
757.0 186.0
758.0 136.0
759.0 5.0
760.0 19.5
761.0 4.0
762.0 2.0
763.0 58.0
764.0 56.0
765.0 56.0
766.0 60.0
767.0 49.5
768.0 62.5
769.0 54.5
770.0 61.0
771.0 41.5
772.0 51.0
773.0 57.5
774.0 62.5
775.0 54.5
776.0 59.5
777.0 50.5
778.0 56.5
779.0 60.5
780.0 54.0
781.0 39.0
782.0 45.5
783.0 62.0
784.0 56.5
785.0 57.5
786.0 49.5
787.0 60.5
788.0 48.0
789.0 52.5
790.0 45.0
791.0 57.5
792.0 45.5
793.0 61.5
794.0 60.0
