1.0 19.5
2.0 12.5
3.0 54.0
4.0 69.5
5.0 151.0
6.0 232.5
7.0 296.5
8.0 193.0
9.0 2.0
10.0 22.0
11.0 50.5
12.0 50.5
13.0 54.0
14.0 44.0
15.0 59.5
16.0 53.5
17.0 56.5
18.0 53.5
19.0 49.5
20.0 54.0
21.0 59.5
22.0 47.0
23.0 43.5
24.0 0.0
25.0 5.0
26.0 7.5
27.0 46.0
28.0 58.5
29.0 52.0
30.0 192.5
31.0 297.0
32.0 282.5
33.0 302.0
34.0 281.0
35.0 308.0
36.0 368.5
37.0 385.0
38.0 262.5
39.0 13.0
40.0 2.5
41.0 1.0
42.0 15.5
43.0 9.5
44.0 18.5
45.0 55.5
46.0 42.5
47.0 55.0
48.0 57.0
49.0 54.0
50.0 85.5
51.0 68.5
52.0 41.5
53.0 50.0
54.0 52.0
55.0 52.5
56.0 24.0
57.0 32.5
58.0 29.5
59.0 12.5
60.0 11.0
61.0 8.5
62.0 16.5
63.0 13.5
64.0 49.0
65.0 55.0
66.0 58.0
67.0 41.0
68.0 42.5
69.0 123.0
70.0 97.5
71.0 81.0
72.0 63.0
73.0 60.5
74.0 58.5
75.0 59.5
76.0 41.5
77.0 57.5
78.0 61.0
79.0 49.5
80.0 62.5
81.0 59.5
82.0 432.5
83.0 386.5
84.0 484.0
85.0 505.0
86.0 468.0
87.0 456.0
88.0 453.5
89.0 30.5
90.0 39.0
91.0 58.5
92.0 54.0
93.0 505.0
94.0 413.5
95.0 365.0
96.0 520.0
97.0 340.5
98.0 302.0
99.0 66.5
100.0 34.5
101.0 200.0
102.0 367.5
103.0 24.5
104.0 32.5
105.0 59.0
106.0 61.0
107.0 54.0
108.0 58.5
109.0 51.5
110.0 51.5
111.0 204.5
112.0 207.5
113.0 185.0
114.0 173.5
115.0 144.0
116.0 72.0
117.0 43.0
118.0 15.5
119.0 84.0
120.0 88.0
121.0 55.0
122.0 259.0
123.0 255.5
124.0 72.5
125.0 33.0
126.0 38.0
127.0 30.5
128.0 27.5
129.0 22.0
130.0 19.5
131.0 43.0
132.0 49.0
133.0 61.0
134.0 58.0
135.0 33.5
136.0 27.0
137.0 55.5
138.0 145.0
139.0 114.0
140.0 90.5
141.0 85.0
142.0 34.0
143.0 26.5
144.0 38.0
145.0 26.0
146.0 17.5
147.0 21.5
148.0 16.5
149.0 33.5
150.0 60.0
151.0 56.0
152.0 30.5
153.0 33.5
154.0 30.0
155.0 42.0
156.0 27.5
157.0 32.5
158.0 54.5
159.0 51.5
160.0 62.0
161.0 62.5
162.0 59.0
163.0 54.0
164.0 55.5
165.0 54.0
166.0 60.0
167.0 43.0
168.0 58.0
169.0 60.5
170.0 50.0
171.0 282.0
172.0 446.0
173.0 457.5
174.0 387.5
175.0 376.0
176.0 347.5
177.0 361.5
178.0 347.0
179.0 380.5
180.0 356.5
181.0 370.0
182.0 421.5
183.0 419.5
184.0 310.5
185.0 194.0
186.0 61.0
187.0 184.5
188.0 160.5
189.0 46.0
190.0 58.0
191.0 59.5
192.0 51.5
193.0 50.5
194.0 50.0
195.0 426.5
196.0 218.5
197.0 570.0
198.0 615.0
199.0 505.0
200.0 58.0
201.0 77.0
202.0 56.0
203.0 60.0
204.0 39.0
205.0 43.0
206.0 75.0
207.0 77.5
208.0 60.5
209.0 392.0
210.0 451.0
211.0 505.0
212.0 570.0
213.0 555.0
214.0 500.0
215.0 620.0
216.0 640.0
217.0 550.0
218.0 710.0
219.0 670.0
220.0 685.0
221.0 665.0
222.0 750.0
