1.0 61.5
2.0 62.0
3.0 60.0
4.0 48.0
5.0 59.0
6.0 48.5
7.0 45.0
8.0 58.5
9.0 52.0
10.0 55.5
11.0 57.0
12.0 52.5
13.0 48.5
14.0 54.0
15.0 60.5
16.0 41.5
17.0 60.5
18.0 60.0
19.0 61.0
20.0 58.0
21.0 48.0
22.0 55.0
23.0 55.5
24.0 42.0
25.0 42.0
26.0 51.0
27.0 56.0
28.0 47.5
29.0 60.0
30.0 45.0
31.0 52.5
32.0 36.5
33.0 45.5
34.0 54.0
35.0 64.0
36.0 73.0
37.0 77.0
38.0 102.0
39.0 85.5
40.0 0.0
41.0 62.5
42.0 60.0
43.0 38.0
44.0 43.0
45.0 54.0
46.0 62.5
47.0 47.0
48.0 58.0
49.0 48.0
50.0 45.5
51.0 51.0
52.0 60.5
53.0 50.0
54.0 55.5
55.0 56.5
56.0 55.5
57.0 59.5
58.0 61.0
59.0 41.5
60.0 49.5
61.0 45.0
62.0 48.0
63.0 61.0
64.0 53.0
65.0 62.0
66.0 50.0
67.0 46.5
68.0 57.0
69.0 49.5
70.0 61.5
71.0 63.5
72.0 89.5
73.0 119.5
74.0 169.0
75.0 233.5
76.0 289.0
77.0 316.5
78.0 396.0
79.0 395.5
80.0 411.5
81.0 469.5
82.0 479.0
83.0 376.5
84.0 351.0
85.0 435.5
86.0 313.5
87.0 97.0
88.0 305.0
89.0 405.0
90.0 451.0
91.0 304.5
92.0 353.5
93.0 417.5
94.0 530.0
95.0 359.5
96.0 117.0
97.0 208.5
98.0 346.5
99.0 397.0
100.0 426.0
101.0 336.0
102.0 535.0
103.0 443.0
104.0 367.5
105.0 319.5
106.0 394.0
107.0 440.0
108.0 405.0
109.0 138.5
110.0 190.5
111.0 350.5
112.0 283.5
113.0 410.0
114.0 373.5
115.0 441.0
116.0 540.0
117.0 453.0
118.0 471.5
119.0 216.5
120.0 393.5
121.0 153.0
122.0 1.5
123.0 0.0
124.0 3.0
125.0 51.0
126.0 47.5
127.0 246.0
128.0 257.0
129.0 249.5
130.0 92.5
131.0 71.0
132.0 255.5
133.0 312.5
134.0 374.0
135.0 278.0
136.0 294.0
137.0 267.5
138.0 326.0
139.0 325.5
140.0 294.0
141.0 285.0
142.0 342.0
143.0 314.0
144.0 313.0
145.0 328.0
146.0 378.5
147.0 296.5
148.0 339.0
149.0 329.0
150.0 193.5
151.0 247.0
152.0 62.0
153.0 87.0
154.0 156.0
155.0 34.0
156.0 168.5
157.0 216.0
158.0 252.5
159.0 204.5
160.0 194.0
161.0 109.5
162.0 195.0
163.0 221.5
164.0 208.0
165.0 200.0
166.0 212.5
167.0 257.0
168.0 312.0
169.0 303.5
170.0 229.0
171.0 4.5
172.0 49.5
173.0 133.5
174.0 31.0
175.0 63.5
176.0 4.0
177.0 14.0
178.0 8.5
179.0 3.5
180.0 13.0
181.0 24.5
182.0 6.5
183.0 14.5
184.0 21.0
185.0 21.5
186.0 4.5
187.0 1.5
188.0 0.0
189.0 7.5
190.0 4.0
191.0 9.5
192.0 26.5
193.0 21.0
194.0 12.0
195.0 5.5
196.0 3.5
197.0 2.5
198.0 16.0
199.0 4.5
200.0 15.0
201.0 9.0
202.0 28.0
203.0 12.0
204.0 27.5
205.0 36.0
206.0 0.0
207.0 4.0
208.0 47.0
209.0 47.0
210.0 43.5
211.0 52.5
212.0 59.5
213.0 67.0
214.0 78.0
215.0 85.5
216.0 95.5
217.0 121.0
218.0 168.0
219.0 191.0
220.0 274.5
221.0 315.0
222.0 420.0
223.0 480.0
224.0 545.0
225.0 670.0
226.0 540.0
227.0 635.0
228.0 565.0
229.0 452.0
230.0 378.0
231.0 430.0
232.0 181.0
233.0 9.5
234.0 8.5
235.0 0.5
236.0 9.5
237.0 38.0
238.0 48.5
239.0 446.0
240.0 570.0
241.0 705.0
242.0 765.0
243.0 865.0
244.0 840.0
245.0 865.0
246.0 840.0
247.0 860.0
248.0 575.0
249.0 575.0
250.0 625.0
251.0 186.0
252.0 27.5
253.0 0.0
254.0 6.5
255.0 4.5
256.0 55.5
257.0 309.0
258.0 427.5
259.0 382.5
260.0 580.0
261.0 451.0
262.0 775.0
263.0 835.0
264.0 860.0
265.0 825.0
266.0 835.0
267.0 740.0
268.0 670.0
269.0 665.0
270.0 640.0
271.0 660.0
272.0 620.0
273.0 615.0
274.0 825.0
275.0 765.0
276.0 725.0
277.0 730.0
278.0 645.0
279.0 755.0
280.0 595.0
281.0 520.0
282.0 570.0
283.0 377.0
284.0 3.0
285.0 0.0
286.0 3.0
287.0 39.0
288.0 57.0
289.0 380.0
290.0 464.0
291.0 440.5
292.0 448.0
293.0 505.0
294.0 655.0
295.0 590.0
296.0 610.0
297.0 620.0
298.0 780.0
299.0 650.0
300.0 795.0
301.0 825.0
302.0 456.0
303.0 471.0
304.0 451.5
305.0 595.0
306.0 487.0
307.0 405.5
308.0 409.0
309.0 363.0
310.0 5.0
311.0 0.5
312.0 51.5
313.0 262.0
314.0 363.5
315.0 545.0
316.0 441.0
317.0 510.0
318.0 381.0
319.0 600.0
320.0 455.0
321.0 520.0
322.0 515.0
323.0 605.0
324.0 464.0
325.0 525.0
326.0 500.0
327.0 459.5
328.0 460.0
329.0 650.0
330.0 540.0
331.0 565.0
332.0 256.0
333.0 383.5
334.0 385.5
335.0 415.0
336.0 500.0
337.0 475.5
338.0 472.0
339.0 500.0
340.0 436.5
341.0 630.0
342.0 298.5
343.0 143.5
344.0 815.0
345.0 795.0
346.0 685.0
347.0 489.5
348.0 755.0
349.0 835.0
350.0 615.0
351.0 720.0
352.0 730.0
353.0 785.0
354.0 790.0
355.0 845.0
356.0 875.0
357.0 560.0
358.0 800.0
359.0 905.0
360.0 675.0
361.0 800.0
362.0 910.0
363.0 840.0
364.0 880.0
365.0 890.0
366.0 930.0
367.0 830.0
368.0 925.0
369.0 905.0
370.0 875.0
371.0 945.0
372.0 925.0
373.0 915.0
374.0 930.0
375.0 870.0
376.0 930.0
377.0 930.0
378.0 925.0
379.0 815.0
380.0 945.0
381.0 915.0
382.0 910.0
383.0 820.0
384.0 730.0
385.0 665.0
386.0 545.0
387.0 510.0
388.0 415.5
389.0 535.0
390.0 467.5
391.0 655.0
392.0 363.0
393.0 457.0
394.0 426.0
395.0 363.0
396.0 111.5
397.0 560.0
398.0 615.0
399.0 505.0
400.0 520.0
401.0 439.5
402.0 620.0
403.0 765.0
404.0 645.0
405.0 545.0
406.0 462.5
407.0 530.0
408.0 456.0
409.0 321.0
410.0 315.0
411.0 454.0
412.0 57.0
413.0 27.5
414.0 6.0
415.0 2.5
416.0 13.5
417.0 19.5
418.0 52.5
419.0 19.5
420.0 29.0
421.0 6.5
422.0 22.0
423.0 62.0
424.0 61.0
425.0 129.0
426.0 147.0
427.0 184.0
428.0 206.0
429.0 243.5
430.0 291.5
431.0 314.0
432.0 339.5
433.0 327.0
434.0 353.0
435.0 505.0
436.0 600.0
437.0 500.0
438.0 474.0
439.0 469.5
440.0 565.0
441.0 620.0
442.0 525.0
443.0 520.0
444.0 505.0
445.0 530.0
446.0 463.0
447.0 575.0
448.0 690.0
449.0 630.0
450.0 695.0
451.0 540.0
452.0 580.0
453.0 308.0
454.0 0.0
455.0 0.0
456.0 0.0
457.0 0.0
458.0 0.0
459.0 0.0
460.0 0.0
461.0 0.0
462.0 0.0
463.0 0.0
464.0 0.0
465.0 0.0
466.0 0.0
467.0 46.5
468.0 43.5
469.0 52.5
470.0 61.0
471.0 55.5
472.0 62.5
473.0 58.0
474.0 463.0
475.0 365.5
476.0 17.0
477.0 47.5
478.0 448.0
479.0 525.0
480.0 254.0
481.0 426.0
482.0 510.0
483.0 491.0
484.0 545.0
485.0 505.0
486.0 449.5
487.0 446.5
488.0 487.5
489.0 390.5
490.0 383.5
491.0 336.5
492.0 1.0
493.0 62.5
494.0 59.5
495.0 52.5
496.0 42.5
497.0 58.0
498.0 248.5
499.0 418.5
500.0 266.0
501.0 378.0
502.0 443.0
503.0 505.0
504.0 294.5
505.0 585.0
506.0 620.0
507.0 510.0
508.0 555.0
509.0 575.0
510.0 489.5
511.0 455.0
512.0 464.0
513.0 466.5
514.0 493.0
515.0 387.5
516.0 450.5
517.0 439.5
518.0 421.0
519.0 500.0
520.0 391.0
521.0 605.0
522.0 396.5
523.0 462.5
524.0 202.5
525.0 154.5
526.0 8.0
527.0 39.5
528.0 158.0
529.0 326.5
530.0 328.5
531.0 218.5
532.0 229.5
533.0 391.0
534.0 377.0
535.0 449.5
536.0 325.0
537.0 261.5
538.0 248.0
539.0 2.5
540.0 0.0
541.0 0.0
542.0 0.0
543.0 0.0
544.0 29.0
545.0 63.0
546.0 62.5
547.0 52.5
548.0 60.5
549.0 62.5
550.0 299.5
551.0 345.0
552.0 364.5
553.0 311.5
554.0 175.5
555.0 277.5
556.0 41.5
557.0 39.5
558.0 38.0
559.0 56.0
560.0 14.5
561.0 37.0
562.0 67.5
563.0 70.0
564.0 152.0
565.0 288.0
566.0 97.5
567.0 100.0
568.0 64.5
569.0 6.5
570.0 0.5
571.0 43.0
572.0 45.5
573.0 48.5
574.0 224.0
575.0 36.0
576.0 56.0
577.0 56.0
578.0 60.0
579.0 59.5
580.0 61.0
581.0 48.0
582.0 54.0
583.0 60.0
584.0 59.0
585.0 54.0
586.0 51.5
587.0 62.5
588.0 62.5
589.0 61.5
590.0 56.0
591.0 44.0
592.0 45.5
593.0 62.5
594.0 50.5
595.0 55.0
596.0 55.5
597.0 43.0
598.0 55.5
599.0 54.0
600.0 62.5
601.0 54.5
602.0 59.5
603.0 61.0
604.0 46.5
605.0 55.5
606.0 62.0
607.0 59.0
608.0 60.5
609.0 48.5
610.0 61.5
611.0 57.5
612.0 56.0
613.0 50.0
614.0 61.5
615.0 56.0
616.0 44.0
617.0 51.5
618.0 54.0
619.0 46.0
620.0 51.5
621.0 52.5
622.0 58.5
623.0 56.0
624.0 62.5
625.0 51.5
626.0 61.5
627.0 40.0
628.0 45.5
629.0 47.0
630.0 59.5
631.0 40.5
632.0 44.0
633.0 352.0
634.0 355.0
635.0 244.0
636.0 243.5
637.0 213.0
638.0 185.0
639.0 184.0
640.0 74.5
641.0 218.5
642.0 233.5
643.0 203.5
644.0 112.5
645.0 56.5
646.0 52.5
647.0 247.5
648.0 259.5
649.0 268.5
650.0 302.5
651.0 272.5
652.0 299.5
653.0 279.0
654.0 313.5
655.0 293.5
656.0 302.5
657.0 248.5
658.0 266.5
659.0 262.0
660.0 302.5
661.0 315.0
662.0 274.0
663.0 329.5
664.0 298.5
665.0 313.5
666.0 361.0
667.0 338.5
668.0 245.0
669.0 321.0
670.0 211.0
671.0 13.5
672.0 44.5
673.0 46.5
674.0 60.0
675.0 63.0
676.0 48.5
677.0 59.5
678.0 64.5
679.0 40.0
680.0 23.5
681.0 15.0
682.0 48.5
683.0 60.5
684.0 200.5
685.0 213.5
686.0 234.5
687.0 231.5
688.0 251.0
689.0 211.5
690.0 190.5
691.0 19.5
692.0 11.5
693.0 45.0
694.0 48.5
695.0 201.0
696.0 219.0
697.0 153.5
698.0 259.0
699.0 259.5
700.0 255.0
701.0 268.5
702.0 237.5
703.0 269.5
704.0 254.5
705.0 268.5
706.0 268.5
707.0 312.5
708.0 286.0
709.0 261.5
710.0 240.5
711.0 267.0
712.0 263.0
713.0 314.0
714.0 293.0
715.0 299.5
716.0 289.5
717.0 350.5
718.0 277.0
719.0 271.0
720.0 261.5
721.0 388.0
722.0 225.0
723.0 377.0
724.0 338.5
725.0 339.5
726.0 318.0
727.0 316.0
728.0 312.5
729.0 357.5
730.0 320.5
731.0 116.0
732.0 45.5
733.0 59.5
734.0 272.0
735.0 232.0
736.0 367.0
737.0 328.5
738.0 337.0
739.0 341.0
740.0 398.0
741.0 362.5
742.0 377.5
743.0 374.5
744.0 322.5
745.0 381.0
746.0 346.5
747.0 413.0
748.0 326.0
749.0 374.0
750.0 373.5
751.0 407.0
752.0 307.5
753.0 343.5
754.0 379.0
755.0 359.0
756.0 7.0
757.0 58.5
758.0 59.5
759.0 281.0
760.0 275.0
761.0 356.5
762.0 341.0
763.0 262.5
764.0 314.0
765.0 352.5
766.0 342.5
767.0 255.0
768.0 265.0
769.0 20.5
770.0 151.0
771.0 289.5
772.0 219.5
773.0 198.0
774.0 292.0
775.0 229.5
776.0 306.0
777.0 305.5
778.0 307.5
779.0 207.0
780.0 251.0
781.0 250.5
782.0 221.5
783.0 268.5
784.0 251.5
785.0 298.0
786.0 8.0
787.0 61.5
788.0 61.0
789.0 230.5
790.0 236.5
791.0 241.5
792.0 230.5
793.0 266.0
794.0 243.0
795.0 283.5
796.0 292.0
797.0 323.0
798.0 253.0
799.0 299.0
