1.0 665.0
2.0 600.0
3.0 580.0
4.0 635.0
5.0 665.0
6.0 710.0
7.0 59.5
8.0 0.0
9.0 0.0
10.0 0.0
11.0 0.0
12.0 0.0
13.0 0.0
14.0 0.0
15.0 0.0
16.0 0.0
17.0 0.0
18.0 0.0
19.0 0.0
20.0 45.5
21.0 51.0
22.0 59.5
23.0 55.5
24.0 60.5
25.0 42.5
26.0 117.5
27.0 386.0
28.0 387.5
29.0 98.0
30.0 63.5
31.0 55.5
32.0 173.5
33.0 64.0
34.0 161.0
35.0 187.0
36.0 365.0
37.0 388.5
38.0 148.0
39.0 179.0
40.0 274.5
41.0 290.0
42.0 231.0
43.0 200.5
44.0 56.0
45.0 57.0
46.0 61.0
47.0 266.5
48.0 367.5
49.0 334.5
50.0 347.5
51.0 419.0
52.0 439.5
53.0 462.0
54.0 110.0
55.0 119.0
56.0 660.0
57.0 685.0
58.0 645.0
59.0 725.0
60.0 720.0
61.0 535.0
62.0 535.0
63.0 635.0
64.0 730.0
65.0 725.0
66.0 775.0
67.0 845.0
68.0 835.0
69.0 815.0
70.0 665.0
71.0 730.0
72.0 670.0
73.0 675.0
74.0 735.0
75.0 660.0
76.0 560.0
77.0 48.5
78.0 59.5
79.0 374.0
80.0 590.0
81.0 690.0
82.0 805.0
83.0 680.0
84.0 655.0
85.0 720.0
86.0 695.0
87.0 775.0
88.0 695.0
89.0 755.0
90.0 710.0
91.0 690.0
92.0 775.0
93.0 765.0
94.0 640.0
95.0 815.0
96.0 790.0
97.0 860.0
98.0 845.0
99.0 690.0
100.0 605.0
101.0 479.0
102.0 545.0
103.0 785.0
104.0 940.0
105.0 885.0
106.0 760.0
107.0 885.0
108.0 730.0
109.0 840.0
110.0 890.0
111.0 870.0
112.0 835.0
113.0 865.0
114.0 800.0
115.0 845.0
116.0 700.0
117.0 780.0
118.0 865.0
119.0 535.0
120.0 620.0
121.0 800.0
122.0 790.0
123.0 520.0
124.0 670.0
125.0 670.0
126.0 805.0
127.0 650.0
128.0 469.5
129.0 283.5
130.0 406.0
131.0 440.5
132.0 393.0
133.0 530.0
134.0 600.0
135.0 755.0
136.0 685.0
137.0 131.0
138.0 42.5
139.0 82.5
140.0 149.0
141.0 305.5
142.0 45.0
143.0 292.0
144.0 343.5
145.0 300.5
146.0 272.0
147.0 2.0
148.0 0.0
149.0 0.0
150.0 0.0
151.0 51.0
152.0 60.5
153.0 42.5
154.0 53.0
155.0 44.0
156.0 48.0
157.0 61.5
158.0 57.0
159.0 48.5
160.0 56.5
161.0 58.0
162.0 61.5
163.0 62.5
164.0 138.5
165.0 195.0
166.0 220.0
167.0 296.0
168.0 307.0
169.0 343.0
170.0 381.5
171.0 252.0
172.0 301.5
173.0 307.5
174.0 345.0
175.0 340.5
176.0 312.0
177.0 304.5
178.0 174.5
179.0 83.0
180.0 337.5
181.0 343.0
182.0 362.5
183.0 382.0
184.0 361.5
185.0 437.5
186.0 348.5
187.0 8.0
188.0 304.5
189.0 312.0
190.0 284.0
191.0 188.0
192.0 124.5
193.0 300.5
194.0 225.0
195.0 288.5
196.0 263.5
197.0 43.5
198.0 96.5
199.0 6.0
200.0 22.0
201.0 14.5
202.0 13.5
203.0 12.0
204.0 10.5
205.0 37.0
206.0 11.5
207.0 13.0
208.0 9.5
209.0 6.0
210.0 11.0
211.0 8.5
212.0 5.0
213.0 5.5
214.0 49.0
215.0 52.0
216.0 57.5
217.0 72.5
218.0 101.0
219.0 132.0
220.0 180.5
221.0 203.5
222.0 241.0
223.0 256.0
224.0 288.0
225.0 271.5
226.0 289.5
227.0 191.0
228.0 150.5
229.0 88.0
230.0 46.0
231.0 7.0
232.0 2.5
233.0 11.5
234.0 4.5
235.0 28.0
236.0 225.5
237.0 61.0
238.0 15.5
239.0 41.0
240.0 91.0
241.0 260.0
242.0 2.0
243.0 1.0
244.0 19.0
245.0 11.0
246.0 12.5
247.0 16.5
248.0 15.5
249.0 29.0
250.0 17.0
251.0 18.0
252.0 26.0
253.0 22.5
254.0 29.0
255.0 18.0
256.0 23.5
257.0 24.5
258.0 20.5
259.0 59.5
260.0 51.5
261.0 59.0
262.0 99.5
263.0 134.0
264.0 189.5
265.0 230.0
266.0 273.5
267.0 267.5
268.0 344.0
269.0 396.0
270.0 408.5
271.0 421.0
272.0 525.0
273.0 491.5
274.0 525.0
275.0 520.0
276.0 630.0
277.0 570.0
278.0 499.0
279.0 469.0
280.0 499.0
281.0 505.0
282.0 520.0
283.0 615.0
284.0 615.0
285.0 555.0
286.0 620.0
287.0 570.0
288.0 580.0
289.0 510.0
290.0 525.0
291.0 615.0
292.0 665.0
293.0 555.0
294.0 16.0
295.0 0.0
296.0 0.0
297.0 0.0
298.0 0.0
299.0 53.0
300.0 50.5
301.0 239.5
302.0 530.0
303.0 417.5
304.0 535.0
305.0 167.0
306.0 283.0
307.0 452.5
308.0 458.0
309.0 520.0
310.0 436.5
311.0 119.5
312.0 325.0
313.0 159.5
314.0 464.0
315.0 38.5
316.0 59.0
317.0 336.5
318.0 480.5
319.0 478.0
320.0 499.5
321.0 450.5
322.0 550.0
323.0 545.0
324.0 413.5
325.0 433.0
326.0 343.5
327.0 354.5
328.0 368.5
329.0 454.0
330.0 477.0
331.0 500.0
332.0 473.0
333.0 560.0
334.0 560.0
335.0 590.0
336.0 404.5
337.0 570.0
338.0 550.0
339.0 585.0
340.0 491.5
341.0 362.5
342.0 422.0
343.0 535.0
344.0 515.0
345.0 413.0
346.0 483.0
347.0 585.0
348.0 361.5
349.0 530.0
350.0 630.0
351.0 600.0
352.0 434.0
353.0 535.0
354.0 565.0
355.0 363.5
356.0 580.0
357.0 32.0
358.0 645.0
359.0 680.0
360.0 855.0
361.0 710.0
362.0 575.0
363.0 600.0
364.0 605.0
365.0 525.0
366.0 150.0
367.0 470.0
368.0 478.0
369.0 471.5
370.0 535.0
371.0 473.5
372.0 550.0
373.0 465.5
374.0 376.5
375.0 65.0
376.0 41.5
377.0 64.0
378.0 41.0
379.0 35.5
380.0 15.0
381.0 48.5
382.0 36.0
383.0 33.5
384.0 29.5
385.0 29.5
386.0 26.5
387.0 27.0
388.0 22.0
389.0 23.5
390.0 30.5
391.0 27.0
392.0 34.0
393.0 18.0
394.0 35.5
395.0 37.0
396.0 17.5
397.0 7.5
398.0 16.5
399.0 12.5
400.0 41.5
401.0 54.5
402.0 61.5
403.0 62.5
404.0 46.5
405.0 57.5
406.0 139.0
407.0 274.5
408.0 279.5
409.0 287.5
410.0 284.0
411.0 269.0
412.0 199.0
413.0 55.5
414.0 152.5
415.0 195.5
416.0 259.5
417.0 171.0
418.0 163.5
419.0 5.0
420.0 39.0
421.0 96.0
422.0 190.5
423.0 307.5
424.0 375.5
425.0 21.0
426.0 260.5
427.0 284.0
428.0 303.5
429.0 361.5
430.0 337.0
431.0 295.0
432.0 353.0
433.0 383.5
434.0 410.5
435.0 422.5
436.0 382.0
437.0 398.5
438.0 334.5
439.0 110.5
440.0 59.5
441.0 336.0
442.0 491.0
443.0 535.0
444.0 535.0
445.0 520.0
446.0 530.0
447.0 510.0
448.0 545.0
449.0 550.0
450.0 580.0
451.0 575.0
452.0 499.0
453.0 580.0
454.0 610.0
455.0 625.0
456.0 710.0
457.0 725.0
458.0 750.0
459.0 710.0
460.0 810.0
461.0 720.0
462.0 820.0
463.0 830.0
464.0 865.0
465.0 308.0
466.0 53.5
467.0 50.5
468.0 7.5
469.0 18.5
470.0 63.5
471.0 56.0
472.0 416.5
473.0 695.0
474.0 155.5
475.0 49.0
476.0 101.0
477.0 417.0
478.0 388.5
479.0 545.0
480.0 550.0
481.0 460.0
482.0 447.5
483.0 422.5
484.0 452.5
485.0 417.5
486.0 515.0
487.0 540.0
488.0 560.0
489.0 460.5
490.0 488.0
491.0 449.0
492.0 399.5
493.0 452.5
494.0 304.0
495.0 357.5
496.0 369.5
497.0 404.0
498.0 483.5
499.0 491.0
500.0 487.0
501.0 468.0
502.0 489.0
503.0 453.5
504.0 392.5
505.0 406.0
506.0 530.0
507.0 525.0
508.0 487.5
509.0 484.5
510.0 496.5
511.0 530.0
512.0 535.0
513.0 525.0
514.0 580.0
515.0 570.0
516.0 530.0
517.0 530.0
518.0 469.5
519.0 258.0
520.0 400.5
521.0 373.5
522.0 456.0
523.0 454.5
524.0 299.5
525.0 520.0
526.0 361.0
527.0 300.5
528.0 396.0
529.0 350.0
530.0 258.5
531.0 47.5
532.0 58.0
533.0 135.0
534.0 314.5
535.0 295.0
536.0 190.5
537.0 378.0
538.0 412.5
539.0 407.5
540.0 365.5
541.0 382.0
542.0 359.0
543.0 366.0
544.0 338.0
545.0 265.5
546.0 359.0
547.0 385.5
548.0 276.5
549.0 297.0
550.0 160.0
551.0 352.5
552.0 345.5
553.0 207.5
554.0 47.5
555.0 132.5
556.0 245.5
557.0 176.5
558.0 170.0
559.0 270.5
560.0 24.0
561.0 21.5
562.0 32.5
563.0 60.5
564.0 60.5
565.0 43.0
566.0 50.5
567.0 25.5
568.0 28.0
569.0 24.5
570.0 15.0
571.0 60.0
572.0 44.0
573.0 56.5
574.0 43.0
575.0 50.5
576.0 57.5
577.0 51.5
578.0 41.0
579.0 49.5
580.0 60.0
581.0 56.0
582.0 42.0
583.0 61.0
584.0 49.0
585.0 57.5
586.0 42.0
587.0 60.0
588.0 50.0
589.0 60.0
590.0 55.5
591.0 52.5
592.0 51.5
593.0 47.0
594.0 59.0
595.0 47.0
596.0 62.0
597.0 59.0
598.0 51.5
599.0 52.0
600.0 62.5
601.0 40.0
602.0 62.0
603.0 43.5
604.0 58.5
605.0 50.0
606.0 44.0
607.0 52.0
608.0 55.5
609.0 59.0
610.0 55.0
611.0 56.0
612.0 58.0
613.0 46.0
614.0 50.0
615.0 57.5
616.0 58.0
617.0 60.5
618.0 46.5
619.0 171.5
620.0 409.0
621.0 437.0
622.0 483.0
623.0 491.0
624.0 499.0
625.0 515.0
626.0 445.5
627.0 453.0
628.0 422.5
629.0 505.0
630.0 42.5
631.0 44.0
632.0 35.5
633.0 51.0
634.0 78.5
635.0 77.0
636.0 61.5
637.0 61.5
638.0 50.5
639.0 42.0
640.0 72.0
641.0 65.0
642.0 68.0
643.0 30.5
644.0 58.0
645.0 40.5
646.0 58.0
647.0 44.5
648.0 54.5
649.0 57.5
650.0 38.0
651.0 48.5
652.0 54.5
653.0 88.5
654.0 103.5
655.0 188.0
656.0 207.5
657.0 256.5
658.0 237.0
659.0 263.5
660.0 144.0
661.0 234.0
662.0 101.5
663.0 18.0
664.0 41.0
665.0 18.5
666.0 3.5
667.0 4.5
668.0 1.0
669.0 0.0
670.0 0.0
671.0 4.0
672.0 1.5
673.0 9.0
674.0 55.5
675.0 56.5
676.0 184.5
677.0 247.5
678.0 282.5
679.0 291.0
680.0 329.0
681.0 381.5
682.0 401.0
683.0 51.5
684.0 58.0
685.0 38.5
686.0 18.5
687.0 57.5
688.0 37.0
689.0 28.5
690.0 29.0
691.0 23.5
692.0 16.5
693.0 61.5
694.0 52.0
695.0 34.0
696.0 29.5
697.0 12.5
698.0 45.0
699.0 36.0
700.0 50.5
701.0 39.0
702.0 49.0
703.0 41.5
704.0 47.5
705.0 96.5
706.0 113.0
707.0 106.5
708.0 26.5
709.0 0.0
710.0 0.0
711.0 61.5
712.0 57.0
713.0 51.0
714.0 81.0
715.0 108.0
716.0 57.0
717.0 57.5
718.0 57.5
719.0 49.0
720.0 57.0
721.0 61.0
722.0 57.5
723.0 41.0
724.0 60.0
725.0 55.0
726.0 56.5
727.0 59.0
728.0 16.0
729.0 55.5
730.0 61.0
731.0 32.5
732.0 52.0
733.0 50.5
734.0 42.5
735.0 34.0
736.0 28.5
737.0 21.0
738.0 59.5
739.0 43.0
740.0 135.0
741.0 128.5
742.0 128.5
743.0 142.0
744.0 159.0
745.0 150.0
746.0 157.5
747.0 226.0
748.0 258.5
749.0 329.5
750.0 366.5
751.0 404.0
752.0 426.5
753.0 410.5
754.0 481.0
755.0 423.0
756.0 408.0
757.0 466.5
758.0 446.0
759.0 463.0
760.0 437.0
761.0 530.0
762.0 466.0
763.0 405.5
764.0 505.0
765.0 494.5
766.0 463.0
767.0 488.0
768.0 464.0
769.0 479.0
770.0 570.0
771.0 520.0
772.0 466.5
773.0 447.5
774.0 505.0
775.0 620.0
776.0 720.0
777.0 550.0
778.0 575.0
779.0 605.0
780.0 590.0
781.0 620.0
782.0 575.0
783.0 393.0
784.0 535.0
785.0 53.0
