1.0 20.875
2.0 40.875
3.0 44.5
4.0 43.625
5.0 40.75
6.0 44.5
7.0 17.75
8.0 10.25
9.0 12.5
10.0 11.5
11.0 13.5
12.0 29.0
13.0 19.875
14.0 0.0
15.0 0.5
16.0 11.75
17.0 15.0
18.0 14.625
19.0 11.375
20.0 14.875
21.0 14.375
22.0 12.75
23.0 14.125
24.0 19.75
25.0 19.5
26.0 5.5
27.0 2.0
28.0 2.625
29.0 12.875
30.0 30.75
31.0 53.75
32.0 62.375
33.0 68.25
34.0 72.875
35.0 30.25
36.0 0.0
37.0 0.0
38.0 0.0
39.0 0.0
40.0 0.0
41.0 0.0
42.0 0.0
43.0 11.625
44.0 12.75
45.0 14.5
46.0 15.25
47.0 13.625
48.0 9.875
49.0 13.5
50.0 18.75
51.0 33.0
52.0 46.375
53.0 48.0
54.0 35.25
55.0 15.125
56.0 13.875
57.0 11.625
58.0 26.625
59.0 51.625
60.0 53.875
61.0 62.5
62.0 61.5
63.0 58.0
64.0 63.375
65.0 65.875
66.0 65.0
67.0 66.25
68.0 68.375
69.0 78.5
70.0 84.0
71.0 84.0
72.0 93.5
73.0 104.375
74.0 114.75
75.0 78.875
76.0 107.125
77.0 101.0
78.0 92.75
79.0 69.125
80.0 57.625
81.0 2.625
82.0 14.5
83.0 13.125
84.0 7.375
85.0 12.875
86.0 12.0
87.0 45.125
88.0 30.0
89.0 37.0
90.0 17.125
91.0 27.5
92.0 33.625
93.0 14.875
94.0 34.375
95.0 8.625
96.0 9.75
97.0 9.75
98.0 9.5
99.0 9.875
100.0 13.0
101.0 14.125
102.0 39.875
103.0 47.125
104.0 55.625
105.0 48.375
106.0 44.5
107.0 48.25
108.0 51.375
109.0 48.5
110.0 52.25
111.0 54.25
112.0 58.75
113.0 58.875
114.0 58.5
115.0 67.25
116.0 69.625
117.0 67.875
118.0 74.25
119.0 81.375
120.0 83.25
121.0 68.375
122.0 71.5
123.0 72.875
124.0 22.875
125.0 13.5
126.0 13.75
127.0 59.125
128.0 62.5
129.0 55.5
130.0 53.75
131.0 71.375
132.0 62.75
133.0 36.375
134.0 12.125
135.0 14.875
136.0 44.625
137.0 47.375
138.0 48.25
139.0 53.375
140.0 55.625
141.0 54.375
142.0 51.75
143.0 28.75
144.0 16.875
145.0 19.75
146.0 16.375
147.0 28.0
148.0 12.375
149.0 13.375
150.0 26.0
151.0 36.125
152.0 48.625
153.0 34.75
154.0 42.25
155.0 20.5
156.0 20.5
157.0 17.625
158.0 16.875
159.0 18.125
160.0 17.0
161.0 14.875
162.0 12.125
163.0 12.125
164.0 12.375
165.0 10.25
166.0 10.125
167.0 4.75
168.0 23.25
169.0 10.875
170.0 40.125
171.0 38.25
172.0 0.5
173.0 22.125
174.0 17.375
175.0 14.5
176.0 61.75
177.0 61.375
178.0 57.25
179.0 62.25
180.0 40.25
181.0 13.875
182.0 13.625
183.0 13.0
184.0 14.25
185.0 14.5
186.0 15.5
187.0 57.625
188.0 36.0
189.0 69.25
190.0 71.5
191.0 65.0
192.0 78.0
193.0 14.25
194.0 13.875
195.0 15.5
196.0 45.875
197.0 50.125
198.0 50.5
199.0 57.25
200.0 13.375
201.0 16.625
202.0 14.0
203.0 21.375
204.0 22.75
205.0 14.25
206.0 20.5
207.0 16.0
208.0 14.5
209.0 15.875
210.0 11.875
211.0 29.25
212.0 45.25
213.0 57.75
214.0 60.625
215.0 60.375
216.0 58.5
217.0 64.75
218.0 64.375
219.0 67.625
220.0 82.25
221.0 87.375
222.0 81.0
223.0 85.5
224.0 90.875
225.0 71.875
226.0 85.125
227.0 82.0
228.0 76.125
229.0 71.0
230.0 82.75
231.0 80.125
232.0 67.375
233.0 73.25
234.0 73.0
235.0 84.125
236.0 73.0
237.0 76.75
238.0 74.25
239.0 75.25
240.0 68.625
241.0 68.625
242.0 74.875
243.0 78.375
244.0 71.375
245.0 72.125
246.0 71.375
247.0 68.25
248.0 81.25
249.0 92.75
250.0 105.375
