1.0 6.5
2.0 10.0
3.0 11.0
4.0 16.0
5.0 18.0
6.0 26.0
7.0 45.0
8.0 64.5
9.0 82.0
10.0 121.0
11.0 159.5
12.0 197.5
13.0 240.5
14.0 232.5
15.0 269.5
16.0 270.5
17.0 320.0
18.0 344.0
19.0 419.5
20.0 425.0
21.0 458.5
22.0 472.5
23.0 475.5
24.0 329.0
25.0 332.0
26.0 301.0
27.0 226.5
28.0 377.0
29.0 342.5
30.0 226.5
31.0 46.0
32.0 28.0
33.0 56.5
34.0 89.5
35.0 50.5
36.0 274.5
37.0 356.5
38.0 377.5
39.0 365.5
40.0 335.5
41.0 353.0
42.0 316.5
43.0 304.5
44.0 370.0
45.0 349.5
46.0 333.5
47.0 446.5
48.0 385.0
49.0 49.0
50.0 62.0
51.0 58.5
52.0 341.5
53.0 404.5
54.0 415.5
55.0 328.5
56.0 466.5
57.0 450.0
58.0 489.0
59.0 439.5
60.0 355.5
61.0 414.0
62.0 463.0
63.0 349.5
64.0 395.0
65.0 474.5
66.0 426.0
67.0 281.5
68.0 474.5
69.0 390.0
70.0 460.0
71.0 404.5
72.0 380.0
73.0 385.5
74.0 433.5
75.0 424.0
76.0 296.5
77.0 20.5
78.0 309.5
79.0 370.5
80.0 379.5
81.0 278.0
82.0 38.5
83.0 39.0
84.0 31.5
85.0 65.5
86.0 60.0
87.0 39.5
88.0 62.5
89.0 55.5
90.0 41.0
91.0 46.5
92.0 59.5
93.0 55.0
94.0 291.0
95.0 267.5
96.0 336.5
97.0 372.5
98.0 312.5
99.0 270.5
100.0 300.5
101.0 294.0
102.0 341.0
103.0 343.0
104.0 341.0
105.0 350.0
106.0 362.5
107.0 295.0
108.0 308.0
109.0 411.5
110.0 337.0
111.0 305.5
112.0 84.5
113.0 197.0
114.0 346.0
115.0 333.0
116.0 335.0
117.0 360.0
118.0 402.5
119.0 308.5
120.0 318.0
121.0 357.5
122.0 376.5
123.0 384.5
124.0 361.0
125.0 344.5
126.0 433.5
127.0 377.5
128.0 380.5
129.0 299.0
130.0 313.0
131.0 375.0
132.0 402.5
133.0 372.5
134.0 367.5
135.0 352.5
136.0 300.5
137.0 285.5
138.0 145.5
139.0 0.0
140.0 60.0
141.0 62.5
142.0 173.0
143.0 181.5
144.0 181.0
145.0 147.5
146.0 161.5
147.0 228.0
148.0 246.5
149.0 281.5
150.0 288.5
151.0 179.0
152.0 236.0
153.0 334.5
154.0 306.0
155.0 535.0
156.0 383.5
157.0 346.5
158.0 374.5
159.0 398.5
160.0 347.5
161.0 448.5
162.0 465.0
163.0 491.5
164.0 404.5
165.0 427.0
166.0 446.0
167.0 362.0
168.0 305.0
169.0 352.0
170.0 354.0
171.0 349.5
172.0 269.0
173.0 386.5
174.0 436.5
175.0 510.0
176.0 405.5
177.0 388.5
178.0 269.5
179.0 452.0
180.0 482.0
181.0 397.0
182.0 377.0
183.0 375.0
184.0 428.0
185.0 415.0
186.0 500.0
187.0 379.0
188.0 461.0
189.0 402.5
190.0 441.5
191.0 406.5
192.0 406.0
193.0 393.5
194.0 449.5
195.0 515.0
196.0 505.0
197.0 482.5
198.0 469.0
199.0 458.5
200.0 400.0
201.0 391.5
202.0 372.5
203.0 361.0
204.0 352.0
205.0 65.5
206.0 2.0
207.0 49.5
208.0 55.0
209.0 345.0
210.0 400.0
211.0 376.0
212.0 411.0
213.0 372.0
214.0 405.5
215.0 421.5
216.0 436.5
217.0 471.0
218.0 484.5
219.0 447.0
220.0 454.0
221.0 443.0
222.0 505.0
223.0 560.0
224.0 439.0
225.0 620.0
226.0 525.0
227.0 311.5
228.0 200.5
229.0 319.0
230.0 83.5
231.0 0.0
232.0 52.0
233.0 53.5
234.0 442.0
235.0 590.0
236.0 625.0
237.0 645.0
238.0 530.0
239.0 466.5
240.0 710.0
241.0 454.5
242.0 449.5
243.0 570.0
244.0 560.0
245.0 411.5
246.0 393.5
247.0 372.0
248.0 371.0
249.0 431.0
250.0 418.0
251.0 110.0
252.0 3.5
253.0 0.0
254.0 48.0
255.0 54.5
256.0 376.5
257.0 369.0
258.0 467.0
259.0 406.5
260.0 405.5
261.0 466.5
262.0 387.0
263.0 437.0
264.0 575.0
265.0 615.0
266.0 720.0
267.0 625.0
268.0 630.0
269.0 695.0
270.0 685.0
271.0 620.0
272.0 585.0
273.0 750.0
274.0 442.0
275.0 403.5
276.0 370.5
277.0 457.0
278.0 419.0
279.0 570.0
280.0 505.0
281.0 470.0
282.0 446.5
283.0 560.0
284.0 439.5
285.0 451.5
286.0 467.0
287.0 413.0
288.0 420.0
289.0 399.5
290.0 476.0
291.0 535.0
292.0 530.0
293.0 493.5
294.0 565.0
295.0 487.0
296.0 510.0
297.0 510.0
298.0 449.5
299.0 394.5
300.0 310.0
301.0 371.0
302.0 451.5
303.0 311.5
304.0 0.5
305.0 3.5
306.0 50.0
307.0 61.5
308.0 45.5
309.0 140.5
310.0 303.0
311.0 290.0
312.0 357.0
313.0 320.5
314.0 329.5
315.0 285.0
316.0 361.0
317.0 275.0
318.0 310.5
319.0 385.5
320.0 290.5
321.0 213.5
322.0 165.0
323.0 215.0
324.0 240.0
325.0 366.0
326.0 258.5
327.0 298.5
328.0 281.0
329.0 382.0
330.0 124.5
331.0 426.5
332.0 443.0
333.0 490.5
334.0 494.0
335.0 488.5
336.0 378.5
337.0 256.0
338.0 250.0
339.0 267.0
340.0 305.5
341.0 206.5
342.0 327.0
343.0 257.0
344.0 295.0
345.0 292.5
346.0 331.5
347.0 306.5
348.0 368.5
349.0 344.5
350.0 407.5
351.0 378.5
352.0 362.0
353.0 299.0
354.0 364.5
355.0 337.0
356.0 342.0
357.0 439.0
358.0 408.0
359.0 321.0
360.0 362.0
361.0 362.5
362.0 412.5
363.0 363.0
364.0 459.5
365.0 409.5
366.0 334.5
367.0 339.5
368.0 362.5
369.0 411.0
370.0 464.0
371.0 451.5
372.0 461.5
373.0 458.0
374.0 472.0
375.0 401.0
376.0 510.0
377.0 424.5
378.0 481.0
379.0 463.0
380.0 493.0
381.0 459.0
382.0 478.5
383.0 491.0
384.0 465.5
385.0 535.0
386.0 540.0
387.0 328.0
388.0 13.0
389.0 353.5
390.0 447.5
391.0 457.5
392.0 265.5
393.0 313.5
394.0 376.5
395.0 282.5
396.0 225.5
397.0 91.5
398.0 4.5
399.0 8.0
400.0 4.0
401.0 54.5
402.0 234.0
403.0 300.5
404.0 336.5
405.0 332.5
406.0 291.5
407.0 343.5
408.0 275.5
409.0 303.0
410.0 299.5
411.0 363.0
412.0 332.0
413.0 367.5
414.0 387.0
415.0 394.5
416.0 447.5
417.0 360.5
418.0 330.0
419.0 350.0
420.0 366.5
421.0 387.5
422.0 458.0
423.0 460.5
424.0 484.0
425.0 446.0
426.0 476.0
427.0 438.5
428.0 535.0
429.0 500.0
430.0 399.0
431.0 437.0
432.0 428.5
433.0 499.0
434.0 390.0
435.0 445.5
436.0 448.5
437.0 585.0
438.0 520.0
439.0 466.5
440.0 392.5
441.0 435.5
442.0 407.0
443.0 468.0
444.0 473.5
445.0 492.0
446.0 495.5
447.0 540.0
448.0 575.0
449.0 520.0
450.0 550.0
451.0 540.0
452.0 595.0
453.0 487.5
454.0 530.0
455.0 635.0
456.0 545.0
457.0 645.0
458.0 685.0
459.0 610.0
460.0 585.0
461.0 650.0
462.0 685.0
463.0 620.0
464.0 640.0
465.0 492.0
466.0 452.5
467.0 364.0
468.0 406.0
469.0 383.0
470.0 366.5
471.0 510.0
472.0 378.0
473.0 400.5
474.0 390.5
475.0 470.5
476.0 435.5
477.0 438.0
478.0 400.5
479.0 435.0
480.0 545.0
481.0 690.0
482.0 575.0
483.0 620.0
484.0 630.0
485.0 720.0
486.0 428.5
487.0 434.5
488.0 505.0
489.0 375.0
490.0 487.5
491.0 397.5
492.0 318.0
493.0 310.0
494.0 206.5
495.0 183.5
496.0 46.5
497.0 2.0
498.0 0.5
499.0 0.0
500.0 2.5
501.0 1.5
502.0 38.0
503.0 61.5
504.0 58.5
505.0 59.0
506.0 59.0
507.0 60.0
508.0 59.0
509.0 51.5
510.0 55.5
511.0 40.5
512.0 53.0
513.0 52.0
514.0 44.5
515.0 43.5
516.0 50.0
517.0 62.5
518.0 51.5
519.0 51.5
520.0 59.0
521.0 57.0
522.0 58.0
523.0 58.0
524.0 58.0
525.0 58.0
526.0 54.0
527.0 61.0
528.0 49.5
529.0 59.0
530.0 54.5
531.0 50.0
532.0 61.0
533.0 61.5
534.0 57.5
535.0 42.5
536.0 40.0
537.0 44.5
538.0 61.5
539.0 51.0
540.0 53.0
541.0 42.0
542.0 55.5
543.0 50.5
544.0 56.5
545.0 51.5
546.0 53.0
547.0 61.0
548.0 61.5
549.0 47.0
550.0 62.0
551.0 57.5
552.0 62.5
553.0 39.5
554.0 39.5
555.0 51.0
556.0 47.0
557.0 44.0
558.0 62.5
559.0 55.0
560.0 40.0
561.0 46.5
562.0 59.5
563.0 157.0
564.0 181.0
565.0 4.0
566.0 1.5
567.0 6.5
568.0 26.5
569.0 74.0
570.0 150.5
571.0 166.0
572.0 82.5
573.0 1.5
574.0 0.5
575.0 6.0
576.0 57.0
577.0 55.5
578.0 56.0
579.0 51.5
580.0 55.5
581.0 51.5
582.0 57.0
583.0 42.0
584.0 53.5
585.0 58.5
586.0 58.5
587.0 45.5
588.0 50.0
589.0 50.0
590.0 44.5
591.0 48.0
592.0 61.0
593.0 52.0
594.0 47.0
595.0 61.5
596.0 53.0
597.0 57.5
598.0 45.0
599.0 58.0
600.0 60.0
601.0 47.0
602.0 46.0
603.0 53.5
604.0 46.0
605.0 56.5
606.0 46.5
607.0 336.5
608.0 394.0
609.0 446.5
610.0 525.0
611.0 545.0
612.0 550.0
613.0 530.0
614.0 496.5
615.0 520.0
616.0 570.0
617.0 570.0
618.0 550.0
619.0 635.0
620.0 680.0
621.0 47.0
622.0 57.5
623.0 580.0
624.0 765.0
625.0 825.0
626.0 655.0
627.0 745.0
628.0 795.0
629.0 880.0
630.0 865.0
631.0 905.0
632.0 910.0
633.0 915.0
634.0 810.0
635.0 675.0
636.0 815.0
637.0 665.0
638.0 770.0
639.0 825.0
640.0 720.0
641.0 905.0
642.0 825.0
643.0 690.0
644.0 770.0
645.0 705.0
646.0 640.0
647.0 209.5
648.0 2.5
649.0 17.0
650.0 42.5
651.0 57.5
652.0 224.5
653.0 351.0
654.0 595.0
655.0 705.0
656.0 570.0
657.0 590.0
658.0 555.0
659.0 600.0
660.0 620.0
661.0 440.0
662.0 111.5
663.0 3.5
664.0 0.0
665.0 0.0
666.0 0.0
667.0 38.5
668.0 44.0
669.0 41.5
670.0 177.0
671.0 219.5
672.0 303.0
673.0 322.0
674.0 332.5
675.0 402.0
676.0 361.0
677.0 166.5
678.0 204.5
679.0 60.0
680.0 45.0
681.0 56.5
682.0 47.5
683.0 185.0
684.0 149.0
685.0 198.0
686.0 234.0
687.0 132.0
688.0 195.0
689.0 179.5
690.0 207.0
691.0 189.0
692.0 219.5
693.0 170.5
694.0 166.5
695.0 173.0
696.0 215.0
697.0 198.0
698.0 171.5
699.0 174.0
700.0 203.5
701.0 207.0
702.0 141.0
703.0 201.0
704.0 135.5
705.0 45.5
706.0 40.5
707.0 46.5
708.0 62.0
709.0 49.5
710.0 41.0
711.0 58.5
712.0 61.0
713.0 59.0
714.0 60.0
715.0 61.5
716.0 46.0
717.0 123.5
718.0 186.5
719.0 121.5
720.0 151.5
721.0 116.0
722.0 0.0
723.0 0.0
724.0 59.5
725.0 49.5
726.0 46.0
727.0 59.5
728.0 70.5
729.0 43.0
730.0 50.5
731.0 64.5
732.0 53.5
733.0 21.5
734.0 49.0
735.0 55.5
736.0 55.0
737.0 68.0
738.0 37.5
739.0 55.5
740.0 45.0
741.0 82.5
742.0 63.0
743.0 78.0
744.0 97.0
745.0 99.0
746.0 96.0
747.0 72.0
748.0 97.5
749.0 108.0
750.0 117.5
751.0 125.5
752.0 167.0
753.0 153.5
754.0 170.0
755.0 205.5
756.0 187.5
757.0 79.5
758.0 141.5
759.0 206.5
760.0 168.5
761.0 223.0
762.0 250.0
763.0 185.5
764.0 185.5
765.0 188.5
766.0 192.0
767.0 57.5
768.0 176.5
769.0 184.5
770.0 171.5
771.0 182.5
772.0 217.0
773.0 263.5
774.0 236.0
775.0 212.5
776.0 216.0
777.0 230.5
778.0 233.5
779.0 256.0
780.0 245.5
781.0 247.5
782.0 260.0
783.0 286.0
784.0 288.0
785.0 258.5
786.0 341.0
787.0 359.5
788.0 312.0
