1.0 82.0
2.0 163.5
3.0 218.0
4.0 184.0
5.0 245.5
6.0 279.5
7.0 212.5
8.0 127.5
9.0 45.5
10.0 95.5
11.0 87.5
12.0 36.0
13.0 49.5
14.0 54.5
15.0 54.5
16.0 48.5
17.0 49.5
18.0 48.0
19.0 51.0
20.0 61.5
21.0 43.0
22.0 16.0
23.0 23.5
24.0 13.5
25.0 61.5
26.0 56.0
27.0 60.5
28.0 60.0
29.0 70.5
30.0 61.0
31.0 76.0
32.0 78.0
33.0 89.5
34.0 73.0
35.0 66.5
36.0 24.5
37.0 5.0
38.0 8.0
39.0 11.0
40.0 10.5
41.0 11.5
42.0 58.0
43.0 47.5
44.0 50.0
45.0 71.0
46.0 110.0
47.0 122.5
48.0 159.5
49.0 120.0
50.0 55.0
51.0 84.0
52.0 221.5
53.0 224.5
54.0 159.5
55.0 37.0
56.0 38.5
57.0 30.0
58.0 24.0
59.0 23.5
60.0 51.5
61.0 49.5
62.0 168.5
63.0 176.0
64.0 164.5
65.0 163.5
66.0 193.0
67.0 156.5
68.0 173.0
69.0 203.0
70.0 201.5
71.0 262.0
72.0 265.0
73.0 267.5
74.0 271.5
75.0 280.0
76.0 319.0
77.0 347.0
78.0 218.5
79.0 277.0
80.0 380.5
81.0 446.0
82.0 433.5
83.0 412.5
84.0 415.0
85.0 378.5
86.0 479.0
87.0 498.0
88.0 441.5
89.0 464.5
90.0 439.0
91.0 163.5
92.0 41.0
93.0 85.5
94.0 82.5
95.0 49.0
96.0 155.0
97.0 237.0
98.0 226.5
99.0 242.5
100.0 70.0
101.0 10.0
102.0 2.5
103.0 50.5
104.0 53.0
105.0 70.0
106.0 327.0
107.0 428.0
108.0 472.5
109.0 560.0
110.0 585.0
111.0 665.0
112.0 715.0
113.0 800.0
114.0 775.0
115.0 705.0
116.0 795.0
117.0 845.0
118.0 835.0
119.0 780.0
120.0 730.0
121.0 645.0
122.0 760.0
123.0 775.0
124.0 840.0
125.0 835.0
126.0 580.0
127.0 371.5
128.0 497.0
129.0 580.0
130.0 496.0
131.0 510.0
132.0 615.0
133.0 630.0
134.0 309.5
135.0 56.0
136.0 71.5
137.0 364.0
138.0 423.5
139.0 416.5
140.0 354.5
141.0 357.5
142.0 339.5
143.0 210.5
144.0 47.5
145.0 57.5
146.0 58.5
147.0 124.5
148.0 78.0
149.0 36.0
150.0 26.0
151.0 34.0
152.0 33.0
153.0 39.0
154.0 60.5
155.0 80.5
156.0 208.5
157.0 292.5
158.0 288.0
159.0 248.0
160.0 202.5
161.0 169.0
162.0 59.5
163.0 1.0
164.0 18.0
165.0 23.0
166.0 32.0
167.0 12.5
168.0 49.0
169.0 66.5
170.0 166.5
171.0 51.0
172.0 39.5
173.0 51.0
174.0 43.5
175.0 54.5
176.0 34.5
177.0 67.0
178.0 86.5
179.0 96.5
180.0 99.0
181.0 48.5
182.0 58.0
183.0 58.0
184.0 50.5
185.0 56.5
186.0 62.0
187.0 102.5
188.0 96.0
189.0 95.5
190.0 101.0
191.0 111.5
192.0 128.5
193.0 52.5
194.0 58.5
195.0 82.0
196.0 143.5
197.0 220.5
198.0 138.5
199.0 51.0
200.0 87.0
201.0 190.0
202.0 68.0
203.0 46.5
204.0 39.0
205.0 50.5
206.0 73.5
207.0 261.5
208.0 315.5
209.0 370.5
210.0 381.0
211.0 444.0
212.0 496.5
213.0 470.0
214.0 555.0
215.0 510.0
216.0 480.0
217.0 550.0
218.0 610.0
219.0 600.0
220.0 565.0
221.0 640.0
222.0 585.0
223.0 482.5
224.0 585.0
225.0 665.0
226.0 498.0
227.0 670.0
228.0 645.0
229.0 585.0
230.0 590.0
231.0 482.0
232.0 625.0
233.0 494.0
234.0 478.5
235.0 535.0
236.0 675.0
237.0 640.0
238.0 575.0
239.0 475.5
240.0 478.5
241.0 473.0
242.0 464.0
243.0 434.5
244.0 565.0
245.0 520.0
246.0 550.0
247.0 825.0
248.0 640.0
249.0 835.0
250.0 850.0
