1.0 54.5
2.0 51.5
3.0 54.0
4.0 56.0
5.0 60.5
6.0 58.5
7.0 46.0
8.0 60.0
9.0 55.5
10.0 40.5
11.0 370.5
12.0 481.0
13.0 453.0
14.0 342.5
15.0 397.5
16.0 483.5
17.0 435.5
18.0 414.0
19.0 413.5
20.0 437.0
21.0 448.0
22.0 457.5
23.0 383.0
24.0 342.5
25.0 368.0
26.0 341.5
27.0 380.5
28.0 392.5
29.0 416.5
30.0 550.0
31.0 405.0
32.0 396.0
33.0 390.0
34.0 405.5
35.0 397.5
36.0 486.5
37.0 408.5
38.0 403.0
39.0 397.5
40.0 381.5
41.0 424.0
42.0 459.0
43.0 450.5
44.0 396.0
45.0 394.5
46.0 300.0
47.0 314.0
48.0 300.0
49.0 327.5
50.0 320.5
51.0 437.5
52.0 515.0
53.0 452.0
54.0 57.5
55.0 61.0
56.0 161.5
57.0 505.0
58.0 346.0
59.0 480.0
60.0 419.0
61.0 368.5
62.0 445.5
63.0 580.0
64.0 452.0
65.0 530.0
66.0 472.0
67.0 600.0
68.0 478.0
69.0 423.0
70.0 318.5
71.0 48.5
72.0 61.0
73.0 139.0
74.0 264.0
75.0 294.5
76.0 221.0
77.0 255.0
78.0 348.5
79.0 371.0
80.0 254.5
81.0 197.0
82.0 250.0
83.0 228.0
84.0 243.0
85.0 314.0
86.0 241.0
87.0 411.0
88.0 279.0
89.0 229.5
90.0 269.5
91.0 240.5
92.0 295.5
93.0 302.5
94.0 371.0
95.0 350.5
96.0 331.0
97.0 350.0
98.0 325.5
99.0 377.5
100.0 352.5
101.0 106.5
102.0 55.5
103.0 198.0
104.0 477.0
105.0 695.0
106.0 740.0
107.0 690.0
108.0 675.0
109.0 665.0
110.0 610.0
111.0 710.0
112.0 770.0
113.0 630.0
114.0 685.0
115.0 665.0
116.0 555.0
117.0 650.0
118.0 820.0
119.0 615.0
120.0 480.5
121.0 333.0
122.0 479.0
123.0 437.5
124.0 610.0
125.0 515.0
126.0 465.0
127.0 353.0
128.0 334.0
129.0 228.0
130.0 34.0
131.0 23.0
132.0 9.5
133.0 74.0
134.0 62.0
135.0 33.0
136.0 29.5
137.0 39.5
138.0 49.5
139.0 70.5
140.0 161.5
141.0 229.0
142.0 319.0
143.0 324.0
144.0 264.5
145.0 258.5
146.0 393.0
147.0 389.0
148.0 361.5
149.0 405.5
150.0 435.5
151.0 479.0
152.0 520.0
153.0 416.0
154.0 431.5
155.0 453.5
156.0 387.5
157.0 62.5
158.0 49.0
159.0 218.0
160.0 428.5
161.0 407.0
162.0 407.0
163.0 453.0
164.0 615.0
165.0 790.0
166.0 900.0
167.0 900.0
168.0 795.0
169.0 720.0
170.0 785.0
171.0 505.0
172.0 735.0
173.0 540.0
174.0 344.5
175.0 8.0
176.0 9.5
177.0 5.0
178.0 7.5
179.0 62.5
180.0 50.0
181.0 53.5
182.0 55.0
183.0 59.0
184.0 59.0
185.0 47.0
186.0 55.5
187.0 87.5
188.0 197.5
189.0 142.5
190.0 136.0
191.0 58.0
192.0 46.0
193.0 61.5
194.0 140.5
195.0 127.0
196.0 174.5
197.0 150.5
198.0 162.0
199.0 182.0
200.0 182.0
201.0 175.0
202.0 195.0
203.0 204.0
204.0 209.0
205.0 261.0
206.0 293.5
207.0 311.0
208.0 385.5
209.0 435.5
210.0 510.0
211.0 510.0
212.0 525.0
213.0 525.0
214.0 441.5
215.0 590.0
216.0 550.0
217.0 540.0
218.0 520.0
219.0 580.0
220.0 580.0
221.0 515.0
222.0 520.0
223.0 580.0
224.0 545.0
225.0 585.0
226.0 505.0
227.0 550.0
228.0 565.0
229.0 600.0
230.0 565.0
231.0 550.0
232.0 505.0
233.0 98.0
234.0 500.0
235.0 595.0
236.0 560.0
237.0 560.0
238.0 475.5
239.0 605.0
240.0 530.0
241.0 520.0
242.0 525.0
243.0 365.5
244.0 317.5
245.0 335.5
246.0 303.5
247.0 382.5
248.0 418.0
249.0 315.5
250.0 290.0
251.0 303.0
252.0 330.0
253.0 207.0
254.0 0.0
255.0 284.0
256.0 428.5
257.0 469.5
258.0 479.5
259.0 463.0
260.0 424.5
261.0 458.0
262.0 434.5
263.0 464.5
264.0 479.0
265.0 439.5
266.0 416.5
267.0 434.0
268.0 520.0
269.0 427.5
270.0 441.0
271.0 426.0
272.0 452.0
273.0 429.5
274.0 379.0
275.0 445.0
276.0 376.0
277.0 476.5
278.0 500.0
279.0 515.0
280.0 595.0
281.0 403.5
282.0 437.5
283.0 453.0
284.0 550.0
285.0 530.0
286.0 580.0
287.0 610.0
288.0 575.0
289.0 675.0
290.0 344.5
291.0 545.0
292.0 535.0
293.0 299.5
294.0 54.0
295.0 93.5
296.0 467.0
297.0 625.0
298.0 690.0
299.0 665.0
300.0 670.0
301.0 625.0
302.0 560.0
303.0 645.0
304.0 675.0
305.0 605.0
306.0 645.0
307.0 655.0
308.0 630.0
309.0 585.0
310.0 477.5
311.0 545.0
312.0 665.0
313.0 590.0
314.0 685.0
315.0 665.0
316.0 690.0
317.0 690.0
318.0 605.0
319.0 645.0
320.0 670.0
321.0 580.0
322.0 394.5
323.0 498.5
324.0 570.0
325.0 600.0
326.0 520.0
327.0 575.0
328.0 497.0
329.0 525.0
330.0 58.0
331.0 62.0
332.0 180.0
333.0 372.5
334.0 595.0
335.0 545.0
336.0 575.0
337.0 485.0
338.0 700.0
339.0 720.0
340.0 685.0
341.0 695.0
342.0 710.0
343.0 615.0
344.0 695.0
345.0 685.0
346.0 590.0
347.0 815.0
348.0 690.0
349.0 790.0
350.0 775.0
351.0 570.0
352.0 545.0
353.0 570.0
354.0 585.0
355.0 635.0
356.0 426.0
357.0 520.0
358.0 595.0
359.0 565.0
360.0 655.0
361.0 610.0
362.0 685.0
363.0 635.0
364.0 455.5
365.0 59.5
366.0 51.0
367.0 277.0
368.0 391.5
369.0 438.5
370.0 467.5
371.0 530.0
372.0 510.0
373.0 515.0
374.0 429.5
375.0 193.0
376.0 384.5
377.0 396.0
378.0 405.5
379.0 327.5
380.0 34.0
381.0 37.5
382.0 51.5
383.0 59.0
384.0 46.0
385.0 55.5
386.0 40.5
387.0 54.0
388.0 46.0
389.0 46.0
390.0 62.5
391.0 61.0
392.0 43.5
393.0 50.5
394.0 157.5
395.0 225.5
396.0 243.5
397.0 171.0
398.0 238.0
399.0 231.0
400.0 217.5
401.0 241.5
402.0 258.0
403.0 171.5
404.0 204.5
405.0 252.0
406.0 236.5
407.0 84.0
408.0 50.0
409.0 56.5
410.0 231.5
411.0 73.5
412.0 74.0
413.0 135.0
414.0 76.5
415.0 192.0
416.0 186.0
417.0 194.0
418.0 193.0
419.0 213.5
420.0 196.0
421.0 75.0
422.0 66.0
423.0 12.5
424.0 35.0
425.0 43.5
426.0 44.0
427.0 56.0
428.0 54.0
429.0 134.5
430.0 156.0
431.0 221.5
432.0 229.0
433.0 217.5
434.0 291.0
435.0 296.5
436.0 285.5
437.0 248.5
438.0 220.5
439.0 254.5
440.0 254.5
441.0 264.0
442.0 292.0
443.0 288.5
444.0 317.0
445.0 274.5
446.0 270.5
447.0 340.5
448.0 338.5
449.0 314.0
450.0 384.0
451.0 350.0
452.0 270.0
453.0 191.0
454.0 6.5
455.0 0.0
456.0 2.0
457.0 10.5
458.0 0.0
459.0 55.5
460.0 55.0
461.0 176.0
462.0 195.0
463.0 209.0
464.0 56.0
465.0 2.5
466.0 0.0
467.0 55.5
468.0 190.0
469.0 210.0
470.0 125.5
471.0 1.5
472.0 0.0
473.0 0.0
474.0 1.5
475.0 90.0
476.0 144.5
477.0 171.0
478.0 50.5
479.0 6.5
480.0 0.0
481.0 1.5
482.0 2.5
483.0 29.0
484.0 20.5
485.0 30.0
486.0 0.0
487.0 55.5
488.0 62.0
489.0 58.5
490.0 60.0
491.0 51.5
492.0 44.5
493.0 61.5
494.0 19.5
495.0 56.0
496.0 6.0
497.0 6.5
498.0 1.5
499.0 0.0
500.0 0.0
501.0 61.0
502.0 41.0
503.0 127.5
504.0 96.0
505.0 125.5
506.0 131.5
507.0 26.0
508.0 123.5
509.0 120.5
510.0 135.0
511.0 152.5
512.0 115.0
513.0 148.0
514.0 151.5
515.0 150.0
516.0 179.0
517.0 154.5
518.0 163.0
519.0 168.5
520.0 198.0
521.0 176.0
522.0 180.5
523.0 186.0
524.0 217.5
525.0 205.5
526.0 243.5
527.0 216.5
528.0 208.5
529.0 249.5
530.0 217.0
531.0 275.0
532.0 276.0
533.0 254.5
534.0 303.5
535.0 259.5
536.0 345.5
537.0 252.5
538.0 219.0
539.0 341.0
540.0 397.0
541.0 273.0
542.0 356.5
543.0 262.0
544.0 450.0
545.0 457.5
546.0 436.0
547.0 400.5
548.0 454.5
549.0 339.5
550.0 468.5
551.0 414.0
552.0 373.5
553.0 359.5
554.0 426.0
555.0 427.5
556.0 427.0
557.0 424.0
558.0 397.5
559.0 505.0
560.0 605.0
561.0 494.5
562.0 550.0
563.0 491.0
564.0 452.0
565.0 412.0
566.0 344.5
567.0 371.0
568.0 74.0
569.0 26.5
570.0 62.5
571.0 52.0
572.0 209.5
573.0 314.0
574.0 405.0
575.0 439.0
576.0 455.0
577.0 441.0
578.0 485.0
579.0 493.0
580.0 505.0
581.0 424.0
582.0 379.5
583.0 400.0
584.0 550.0
585.0 274.0
586.0 481.0
587.0 555.0
588.0 535.0
589.0 505.0
590.0 580.0
591.0 481.0
592.0 575.0
593.0 477.0
594.0 31.0
595.0 38.0
596.0 61.5
597.0 156.0
598.0 457.5
599.0 585.0
600.0 400.0
601.0 497.5
602.0 464.0
603.0 510.0
604.0 493.0
605.0 439.0
606.0 565.0
607.0 482.5
608.0 418.5
609.0 570.0
610.0 469.5
611.0 600.0
612.0 418.5
613.0 443.0
614.0 376.5
615.0 535.0
616.0 422.0
617.0 478.5
618.0 308.0
619.0 410.0
620.0 267.5
621.0 37.5
622.0 57.0
623.0 0.0
624.0 87.5
625.0 358.5
626.0 391.0
627.0 440.0
628.0 445.5
629.0 457.0
630.0 510.0
631.0 437.0
632.0 347.5
633.0 423.0
634.0 412.5
635.0 325.5
636.0 385.0
637.0 394.5
638.0 401.5
639.0 433.5
640.0 413.0
641.0 397.0
642.0 378.5
643.0 404.0
644.0 135.5
645.0 7.0
646.0 0.0
647.0 3.5
648.0 58.5
649.0 52.5
650.0 51.0
651.0 118.0
652.0 170.0
653.0 209.0
654.0 206.5
655.0 189.5
656.0 160.5
657.0 156.0
658.0 44.5
659.0 40.5
660.0 109.0
661.0 122.5
662.0 125.0
663.0 168.0
664.0 122.0
665.0 191.0
666.0 209.5
667.0 198.5
668.0 213.0
669.0 204.5
670.0 226.5
671.0 243.0
672.0 176.0
673.0 231.5
674.0 178.5
675.0 229.5
676.0 251.5
677.0 246.5
678.0 31.0
679.0 0.0
680.0 62.5
681.0 54.5
682.0 53.0
683.0 169.5
684.0 189.0
685.0 210.0
686.0 241.5
687.0 254.5
688.0 250.0
689.0 260.0
690.0 281.5
691.0 319.0
692.0 311.0
693.0 296.0
694.0 320.5
695.0 342.5
696.0 379.5
697.0 332.0
698.0 417.5
699.0 367.5
700.0 376.5
701.0 407.5
702.0 360.5
703.0 417.5
704.0 394.0
705.0 399.0
706.0 344.5
707.0 430.5
708.0 372.5
709.0 357.5
710.0 233.5
711.0 229.0
712.0 243.0
713.0 186.0
714.0 300.0
715.0 272.0
716.0 328.0
717.0 256.0
718.0 248.0
719.0 238.5
720.0 175.5
721.0 232.5
722.0 224.5
723.0 199.5
724.0 213.5
725.0 110.5
726.0 250.0
727.0 223.5
728.0 262.0
729.0 247.0
730.0 279.0
731.0 239.0
732.0 238.0
733.0 309.5
734.0 250.0
735.0 279.0
736.0 231.5
737.0 300.0
738.0 263.5
739.0 310.5
740.0 264.0
741.0 298.0
742.0 277.5
743.0 277.5
744.0 277.0
745.0 279.0
746.0 273.0
747.0 243.0
748.0 242.5
749.0 267.0
750.0 256.0
751.0 245.5
752.0 278.5
753.0 279.0
754.0 284.0
755.0 260.5
756.0 291.5
757.0 263.0
758.0 255.0
759.0 251.0
760.0 279.0
761.0 255.5
762.0 255.0
763.0 281.0
764.0 237.5
765.0 245.5
766.0 201.0
767.0 222.5
768.0 188.0
769.0 182.5
770.0 159.0
771.0 218.5
772.0 218.5
773.0 167.0
774.0 219.5
775.0 166.0
776.0 223.0
777.0 157.0
778.0 163.0
779.0 161.0
780.0 190.5
781.0 193.0
782.0 89.5
783.0 24.5
784.0 46.0
785.0 92.0
786.0 68.0
787.0 38.0
788.0 137.5
789.0 65.5
790.0 48.0
791.0 50.0
792.0 42.0
793.0 52.0
794.0 60.5
795.0 50.5
796.0 51.5
797.0 48.5
798.0 62.0
799.0 53.5
