1.0 141.0
2.0 103.5
3.0 97.0
4.0 55.5
5.0 55.0
6.0 223.0
7.0 242.0
8.0 91.5
9.0 0.0
10.0 49.5
11.0 42.0
12.0 62.5
13.0 61.0
14.0 59.5
15.0 53.5
16.0 58.5
17.0 61.0
18.0 58.0
19.0 78.0
20.0 145.0
21.0 184.0
22.0 61.0
23.0 9.0
24.0 12.5
25.0 58.5
26.0 50.5
27.0 127.5
28.0 117.5
29.0 145.0
30.0 198.5
31.0 215.5
32.0 234.5
33.0 206.5
34.0 228.5
35.0 272.5
36.0 298.0
37.0 373.0
38.0 360.5
39.0 455.5
40.0 375.5
41.0 415.5
42.0 306.0
43.0 95.0
44.0 8.0
45.0 2.0
46.0 55.5
47.0 45.0
48.0 48.0
49.0 55.0
50.0 60.5
51.0 59.5
52.0 56.0
53.0 57.5
54.0 50.0
55.0 88.0
56.0 152.0
57.0 160.5
58.0 126.0
59.0 77.5
60.0 102.5
61.0 103.5
62.0 91.0
63.0 120.5
64.0 55.0
65.0 55.5
66.0 51.0
67.0 44.5
68.0 58.0
69.0 45.0
70.0 52.0
71.0 55.0
72.0 54.0
73.0 49.0
74.0 59.5
75.0 53.5
76.0 58.0
77.0 62.5
78.0 48.0
79.0 62.5
80.0 59.0
81.0 55.5
82.0 96.5
83.0 452.5
84.0 443.5
85.0 515.0
86.0 499.0
87.0 515.0
88.0 535.0
89.0 525.0
90.0 165.5
91.0 62.0
92.0 117.0
93.0 59.0
94.0 61.0
95.0 226.5
96.0 299.5
97.0 246.5
98.0 129.0
99.0 185.5
100.0 124.5
101.0 89.0
102.0 17.5
103.0 24.0
104.0 60.0
105.0 52.5
106.0 241.0
107.0 322.0
108.0 334.5
109.0 376.0
110.0 364.0
111.0 401.0
112.0 415.0
113.0 449.5
114.0 478.0
115.0 505.0
116.0 550.0
117.0 605.0
118.0 620.0
119.0 750.0
120.0 550.0
121.0 382.0
122.0 855.0
123.0 900.0
124.0 865.0
125.0 875.0
126.0 920.0
127.0 845.0
128.0 740.0
129.0 785.0
130.0 97.5
131.0 55.0
132.0 51.0
133.0 407.5
134.0 461.0
135.0 429.0
136.0 411.0
137.0 308.0
138.0 152.5
139.0 38.5
140.0 53.5
141.0 47.0
142.0 56.5
143.0 61.5
144.0 308.5
145.0 349.5
146.0 390.5
147.0 209.5
148.0 5.0
149.0 12.5
150.0 38.0
151.0 59.0
152.0 177.5
153.0 315.5
154.0 257.0
155.0 149.0
156.0 21.0
157.0 3.0
158.0 0.5
159.0 40.0
160.0 8.0
161.0 8.5
162.0 17.0
163.0 25.0
164.0 7.5
165.0 16.5
166.0 11.0
167.0 5.5
168.0 14.5
169.0 11.0
170.0 14.0
171.0 13.0
172.0 12.5
173.0 10.5
174.0 7.5
175.0 12.0
176.0 61.0
177.0 48.0
178.0 50.0
179.0 66.5
180.0 11.5
181.0 12.0
182.0 5.5
183.0 38.0
184.0 52.0
185.0 24.0
186.0 43.0
187.0 31.5
188.0 44.5
189.0 48.0
190.0 41.0
191.0 42.0
192.0 65.0
193.0 94.5
194.0 123.0
195.0 6.0
196.0 49.0
197.0 4.0
198.0 17.5
199.0 3.5
200.0 49.5
201.0 48.0
202.0 27.5
203.0 54.5
204.0 48.0
205.0 63.0
206.0 27.0
207.0 14.0
208.0 63.0
209.0 74.5
210.0 58.5
211.0 12.5
212.0 0.0
213.0 55.0
214.0 49.0
215.0 47.0
216.0 51.5
217.0 45.0
218.0 58.0
