1.0 620.0
2.0 685.0
3.0 705.0
4.0 790.0
5.0 865.0
6.0 810.0
7.0 785.0
8.0 775.0
9.0 830.0
10.0 920.0
11.0 920.0
12.0 870.0
13.0 920.0
14.0 905.0
15.0 885.0
16.0 935.0
17.0 870.0
18.0 915.0
19.0 945.0
20.0 920.0
21.0 925.0
22.0 820.0
23.0 775.0
24.0 750.0
25.0 850.0
26.0 715.0
27.0 560.0
28.0 437.0
29.0 495.0
30.0 486.0
31.0 477.5
32.0 473.5
33.0 49.5
34.0 73.0
35.0 112.5
36.0 6.5
37.0 19.5
38.0 7.0
39.0 62.0
40.0 54.5
41.0 770.0
42.0 800.0
43.0 745.0
44.0 750.0
45.0 905.0
46.0 800.0
47.0 835.0
48.0 810.0
49.0 650.0
50.0 660.0
51.0 520.0
52.0 92.0
53.0 11.0
54.0 62.5
55.0 62.5
56.0 53.0
57.0 491.5
58.0 520.0
59.0 463.5
60.0 675.0
61.0 119.0
62.0 3.5
63.0 52.0
64.0 55.0
65.0 52.0
66.0 41.5
67.0 404.5
68.0 455.5
69.0 390.0
70.0 403.0
71.0 399.5
72.0 540.0
73.0 535.0
74.0 483.0
75.0 465.5
76.0 380.5
77.0 385.5
78.0 387.0
79.0 482.0
80.0 378.0
81.0 418.5
82.0 337.0
83.0 300.5
84.0 334.0
85.0 326.5
86.0 328.5
87.0 372.5
88.0 390.0
89.0 355.0
90.0 211.5
91.0 98.5
92.0 114.0
93.0 175.5
94.0 210.5
95.0 317.5
96.0 330.5
97.0 288.5
98.0 171.0
99.0 11.5
100.0 44.5
101.0 48.5
102.0 51.0
103.0 555.0
104.0 362.0
105.0 311.5
106.0 176.0
107.0 361.0
108.0 404.0
109.0 106.0
110.0 152.5
111.0 510.0
112.0 412.0
113.0 570.0
114.0 403.0
115.0 585.0
116.0 262.5
117.0 415.0
118.0 269.5
119.0 460.5
120.0 630.0
121.0 675.0
122.0 625.0
123.0 489.5
124.0 385.0
125.0 435.0
126.0 483.5
127.0 229.5
128.0 316.5
129.0 367.0
130.0 381.0
131.0 389.5
132.0 131.0
133.0 49.0
134.0 211.5
135.0 356.5
136.0 365.0
137.0 274.0
138.0 346.5
139.0 248.0
140.0 162.0
141.0 2.0
142.0 10.5
143.0 9.0
144.0 6.0
145.0 58.5
146.0 47.0
147.0 48.0
148.0 58.5
149.0 54.5
150.0 41.5
151.0 189.0
152.0 32.5
153.0 48.5
154.0 20.5
155.0 24.0
156.0 20.5
157.0 33.0
158.0 99.5
159.0 141.5
160.0 102.5
161.0 72.0
162.0 10.5
163.0 53.5
164.0 107.5
165.0 10.5
166.0 17.0
167.0 2.5
168.0 2.5
169.0 5.0
170.0 9.5
171.0 9.5
172.0 0.0
173.0 6.0
174.0 11.0
175.0 2.5
176.0 7.0
177.0 2.5
178.0 5.0
179.0 2.5
180.0 5.0
181.0 8.5
182.0 5.5
183.0 0.0
184.0 4.0
185.0 47.0
186.0 56.5
187.0 51.5
188.0 4.5
189.0 32.0
190.0 47.5
191.0 67.5
192.0 83.5
193.0 12.5
194.0 46.5
195.0 56.0
196.0 14.5
197.0 7.5
198.0 2.5
199.0 2.0
200.0 0.0
201.0 0.5
202.0 2.5
203.0 1.5
204.0 0.0
205.0 0.0
206.0 7.0
207.0 25.0
208.0 20.5
209.0 6.5
210.0 0.0
211.0 10.5
212.0 38.0
213.0 62.0
214.0 71.5
215.0 107.5
216.0 160.5
217.0 201.0
218.0 225.0
219.0 220.0
220.0 238.5
221.0 227.0
222.0 251.0
223.0 278.5
224.0 271.0
225.0 288.0
226.0 302.5
227.0 322.5
228.0 340.5
229.0 346.5
230.0 332.5
231.0 318.5
232.0 94.5
233.0 203.0
234.0 6.5
235.0 7.0
236.0 40.0
237.0 61.0
238.0 277.0
239.0 347.5
240.0 363.0
241.0 373.0
242.0 392.5
243.0 397.0
244.0 409.5
245.0 388.0
246.0 420.0
247.0 322.0
248.0 367.5
249.0 395.0
250.0 465.0
251.0 457.0
252.0 474.5
253.0 429.5
254.0 505.0
255.0 20.0
256.0 0.0
257.0 2.0
258.0 9.0
259.0 60.0
260.0 58.5
261.0 262.5
262.0 279.5
263.0 269.5
264.0 302.0
265.0 270.0
266.0 379.5
267.0 477.0
268.0 475.0
269.0 456.0
270.0 454.0
271.0 497.5
272.0 432.5
273.0 520.0
274.0 412.0
275.0 400.0
276.0 510.0
277.0 434.5
278.0 461.0
279.0 550.0
280.0 498.0
281.0 540.0
282.0 580.0
283.0 297.0
284.0 550.0
285.0 565.0
286.0 555.0
287.0 510.0
288.0 550.0
289.0 482.0
290.0 555.0
291.0 585.0
292.0 700.0
293.0 720.0
294.0 615.0
295.0 730.0
296.0 570.0
297.0 595.0
298.0 271.5
299.0 540.0
300.0 670.0
301.0 610.0
302.0 550.0
303.0 580.0
304.0 499.0
305.0 421.5
306.0 495.5
307.0 386.0
308.0 311.0
309.0 0.5
310.0 0.0
311.0 0.5
312.0 61.5
313.0 378.0
314.0 461.0
315.0 545.0
316.0 545.0
317.0 500.0
318.0 44.5
319.0 13.0
320.0 105.0
321.0 424.5
322.0 615.0
323.0 615.0
324.0 515.0
325.0 500.0
326.0 515.0
327.0 555.0
328.0 645.0
329.0 100.0
330.0 0.0
331.0 56.0
332.0 386.5
333.0 430.5
334.0 438.5
335.0 460.0
336.0 464.5
337.0 505.0
338.0 425.5
339.0 71.5
340.0 292.0
341.0 540.0
342.0 467.0
343.0 505.0
344.0 119.0
345.0 0.0
346.0 45.5
347.0 59.5
348.0 41.5
349.0 0.0
350.0 0.0
351.0 0.0
352.0 0.0
353.0 2.5
354.0 51.0
355.0 61.0
356.0 156.5
357.0 159.5
358.0 168.0
359.0 238.5
360.0 236.5
361.0 210.5
362.0 233.0
363.0 295.5
364.0 291.0
365.0 268.0
366.0 367.5
367.0 374.5
368.0 376.5
369.0 477.5
370.0 430.5
371.0 464.0
372.0 510.0
373.0 500.0
374.0 498.0
375.0 505.0
376.0 615.0
377.0 720.0
378.0 510.0
379.0 715.0
380.0 720.0
381.0 620.0
382.0 770.0
383.0 750.0
384.0 785.0
385.0 895.0
386.0 890.0
387.0 895.0
388.0 925.0
389.0 635.0
390.0 840.0
391.0 815.0
392.0 850.0
393.0 725.0
394.0 496.5
395.0 675.0
396.0 890.0
397.0 497.0
398.0 540.0
399.0 835.0
400.0 830.0
401.0 555.0
402.0 500.0
403.0 473.0
404.0 605.0
405.0 530.0
406.0 555.0
407.0 488.0
408.0 585.0
409.0 660.0
410.0 520.0
411.0 715.0
412.0 585.0
413.0 720.0
414.0 505.0
415.0 575.0
416.0 422.5
417.0 590.0
418.0 468.0
419.0 445.5
420.0 422.5
421.0 575.0
422.0 483.5
423.0 545.0
424.0 555.0
425.0 520.0
426.0 570.0
427.0 426.5
428.0 247.0
429.0 351.5
430.0 515.0
431.0 540.0
432.0 377.0
433.0 421.5
434.0 157.0
435.0 6.5
436.0 13.0
437.0 62.5
438.0 80.0
439.0 292.5
440.0 183.5
441.0 300.0
442.0 195.0
443.0 379.5
444.0 146.0
445.0 209.0
446.0 231.5
447.0 360.0
448.0 371.5
449.0 284.0
450.0 356.5
451.0 312.0
452.0 400.0
453.0 465.5
454.0 424.5
455.0 450.5
456.0 396.5
457.0 460.5
458.0 472.0
459.0 420.0
460.0 391.0
461.0 321.0
462.0 361.5
463.0 412.0
464.0 405.0
465.0 490.0
466.0 451.0
467.0 445.0
468.0 456.0
469.0 459.0
470.0 393.5
471.0 384.0
472.0 462.5
473.0 363.5
474.0 406.0
475.0 386.0
476.0 421.0
477.0 625.0
478.0 635.0
479.0 540.0
480.0 409.0
481.0 368.0
482.0 440.5
483.0 451.0
484.0 336.5
485.0 560.0
486.0 675.0
487.0 645.0
488.0 635.0
489.0 645.0
490.0 580.0
491.0 468.0
492.0 450.0
493.0 361.5
494.0 363.5
495.0 415.0
496.0 482.5
497.0 444.5
498.0 381.5
499.0 370.0
500.0 370.5
501.0 378.0
502.0 388.0
503.0 373.0
504.0 413.0
505.0 369.0
506.0 397.0
507.0 394.0
508.0 361.5
509.0 408.5
510.0 410.5
511.0 448.0
512.0 432.0
513.0 409.5
514.0 441.0
515.0 346.5
516.0 390.5
517.0 500.0
518.0 484.5
519.0 424.5
520.0 337.5
521.0 158.0
522.0 358.5
523.0 421.5
524.0 354.5
525.0 181.0
526.0 127.5
527.0 307.5
528.0 404.0
529.0 328.0
530.0 0.0
531.0 0.0
532.0 58.0
533.0 57.5
534.0 61.0
535.0 60.0
536.0 57.0
537.0 59.5
538.0 60.5
539.0 61.0
540.0 61.5
541.0 61.0
542.0 52.0
543.0 61.5
544.0 51.5
545.0 41.0
546.0 62.0
547.0 52.5
548.0 60.5
549.0 58.5
550.0 55.5
551.0 54.5
552.0 59.0
553.0 53.5
554.0 54.5
555.0 47.0
556.0 40.0
557.0 48.5
558.0 45.0
559.0 62.5
560.0 60.5
561.0 48.5
562.0 43.5
563.0 51.5
564.0 62.5
565.0 60.0
566.0 51.5
567.0 60.5
568.0 56.0
569.0 60.5
570.0 57.0
571.0 53.0
572.0 56.0
573.0 52.5
574.0 54.5
575.0 54.5
576.0 46.0
577.0 45.0
578.0 46.0
579.0 59.0
580.0 62.0
581.0 58.0
582.0 60.5
583.0 50.0
584.0 56.0
585.0 57.5
586.0 55.0
587.0 39.5
588.0 58.0
589.0 51.0
590.0 49.0
591.0 58.5
592.0 61.0
593.0 51.5
594.0 50.5
595.0 62.5
596.0 62.5
597.0 56.5
598.0 57.5
599.0 58.0
600.0 61.0
601.0 57.0
602.0 61.0
603.0 62.0
604.0 47.5
605.0 60.0
606.0 58.5
607.0 51.0
608.0 52.5
609.0 51.0
610.0 56.0
611.0 57.0
612.0 56.0
613.0 41.5
614.0 59.5
615.0 50.0
616.0 62.0
617.0 60.0
618.0 46.0
619.0 54.5
620.0 56.0
621.0 52.5
622.0 57.5
623.0 55.0
624.0 55.5
625.0 41.0
626.0 48.0
627.0 43.0
628.0 61.5
629.0 50.5
630.0 57.0
631.0 53.5
632.0 58.0
633.0 44.0
634.0 61.5
635.0 50.5
636.0 54.5
637.0 45.0
638.0 60.5
639.0 45.0
640.0 45.5
641.0 60.5
642.0 79.5
643.0 97.0
644.0 176.0
645.0 171.5
646.0 169.5
647.0 179.5
648.0 179.5
649.0 191.0
650.0 206.0
651.0 207.0
652.0 213.0
653.0 259.5
654.0 257.5
655.0 261.0
656.0 270.5
657.0 297.0
658.0 295.0
659.0 292.5
660.0 289.0
661.0 313.5
662.0 283.5
663.0 339.0
664.0 340.5
665.0 315.5
666.0 326.5
667.0 293.0
668.0 283.5
669.0 400.5
670.0 412.5
671.0 355.0
672.0 395.0
673.0 309.0
674.0 344.5
675.0 338.0
676.0 444.5
677.0 403.5
678.0 344.5
679.0 15.5
680.0 4.5
681.0 7.5
682.0 1.0
683.0 0.0
684.0 7.5
685.0 16.0
686.0 4.5
687.0 3.5
688.0 15.5
689.0 47.5
690.0 220.5
691.0 82.5
692.0 0.5
693.0 0.0
694.0 2.0
695.0 50.5
696.0 62.5
697.0 98.0
698.0 243.0
699.0 217.5
700.0 301.0
701.0 82.0
702.0 0.0
703.0 0.0
704.0 0.0
705.0 0.0
706.0 0.0
707.0 10.5
708.0 51.5
709.0 47.5
710.0 48.5
711.0 47.0
712.0 42.5
713.0 50.0
714.0 40.5
715.0 52.5
716.0 59.0
717.0 50.5
718.0 76.0
719.0 162.5
720.0 227.5
721.0 231.0
722.0 223.0
723.0 3.5
724.0 0.0
725.0 0.0
726.0 0.0
727.0 0.5
728.0 44.5
729.0 45.0
730.0 62.5
731.0 60.0
732.0 61.5
733.0 54.5
734.0 56.5
735.0 44.5
736.0 59.5
737.0 57.0
738.0 56.5
739.0 61.0
740.0 61.5
741.0 62.0
742.0 62.5
743.0 41.5
744.0 61.5
745.0 44.5
746.0 59.5
747.0 57.5
748.0 46.5
749.0 59.5
750.0 58.0
751.0 61.0
752.0 55.0
753.0 45.0
754.0 47.5
755.0 55.5
756.0 50.0
757.0 62.5
758.0 59.0
759.0 53.5
760.0 57.0
761.0 49.5
762.0 57.0
763.0 56.5
764.0 57.5
765.0 55.0
766.0 60.0
767.0 50.0
768.0 58.5
769.0 54.0
770.0 53.0
771.0 45.5
772.0 62.5
773.0 55.5
774.0 60.0
775.0 59.5
776.0 44.0
777.0 51.0
778.0 60.0
779.0 51.0
780.0 44.5
781.0 62.5
782.0 60.5
783.0 59.0
784.0 61.0
785.0 56.0
786.0 51.5
787.0 61.0
788.0 61.5
789.0 58.0
790.0 49.0
791.0 61.5
792.0 53.0
793.0 54.5
794.0 53.0
