1.0 46.5
2.0 62.5
3.0 58.5
4.0 61.5
5.0 43.0
6.0 44.0
7.0 61.0
8.0 55.5
9.0 61.0
10.0 42.5
11.0 40.0
12.0 62.5
13.0 44.5
14.0 58.0
15.0 52.0
16.0 52.5
17.0 46.5
18.0 62.5
19.0 56.5
20.0 44.0
21.0 43.5
22.0 122.0
23.0 214.5
24.0 241.0
25.0 159.5
26.0 5.0
27.0 46.5
28.0 53.0
29.0 55.5
30.0 61.0
31.0 56.0
32.0 56.5
33.0 59.5
34.0 112.5
35.0 136.5
36.0 63.0
37.0 14.5
38.0 9.5
39.0 7.5
40.0 12.5
41.0 11.5
42.0 61.5
43.0 62.5
44.0 49.0
45.0 57.0
46.0 60.0
47.0 62.0
48.0 47.5
49.0 60.0
50.0 61.0
51.0 59.0
52.0 58.5
53.0 58.0
54.0 50.0
55.0 52.5
56.0 43.5
57.0 58.5
58.0 50.0
59.0 56.0
60.0 50.5
61.0 49.5
62.0 52.5
63.0 60.0
64.0 62.0
65.0 59.0
66.0 60.0
67.0 61.5
68.0 49.5
69.0 61.0
70.0 62.5
71.0 56.5
72.0 55.0
73.0 59.0
74.0 56.0
75.0 47.0
76.0 55.0
77.0 51.5
78.0 41.0
79.0 44.0
80.0 56.0
81.0 53.5
82.0 60.5
83.0 45.0
84.0 61.5
85.0 51.5
86.0 52.5
87.0 43.5
88.0 61.0
89.0 55.5
90.0 54.0
91.0 43.5
92.0 60.5
93.0 142.5
94.0 188.0
95.0 184.5
96.0 90.0
97.0 163.0
98.0 202.0
99.0 29.5
100.0 48.5
101.0 21.5
102.0 62.0
103.0 10.5
104.0 4.0
105.0 61.5
106.0 54.0
107.0 168.5
108.0 296.5
109.0 410.5
110.0 437.0
111.0 439.0
112.0 489.0
113.0 340.0
114.0 351.5
115.0 325.5
116.0 140.0
117.0 231.5
118.0 223.0
119.0 259.5
120.0 162.0
121.0 117.0
122.0 47.0
123.0 0.0
124.0 0.0
125.0 59.0
126.0 55.0
127.0 49.5
128.0 53.0
129.0 59.0
130.0 62.5
131.0 61.0
132.0 56.0
133.0 62.0
134.0 55.5
135.0 8.0
136.0 10.5
137.0 12.5
138.0 24.0
139.0 28.0
140.0 7.5
141.0 1.5
142.0 0.0
143.0 0.0
144.0 1.5
145.0 56.5
146.0 62.0
147.0 57.0
148.0 51.5
149.0 47.0
150.0 97.0
151.0 110.5
152.0 119.0
153.0 115.0
154.0 119.0
155.0 63.5
156.0 20.5
157.0 7.0
158.0 56.5
159.0 60.5
160.0 56.5
161.0 58.5
162.0 58.0
163.0 60.0
164.0 10.0
165.0 62.5
166.0 111.0
167.0 163.5
168.0 203.0
169.0 207.5
170.0 233.0
171.0 193.5
172.0 58.5
173.0 14.5
174.0 173.0
175.0 222.0
176.0 0.0
177.0 2.0
178.0 5.0
179.0 1.5
180.0 3.5
181.0 1.0
182.0 5.5
183.0 8.5
184.0 2.5
185.0 0.0
186.0 0.0
187.0 0.0
188.0 0.0
189.0 0.5
190.0 59.0
191.0 48.0
192.0 54.0
193.0 61.0
194.0 50.5
195.0 54.5
196.0 21.5
197.0 33.5
198.0 25.0
199.0 46.0
200.0 62.5
201.0 84.5
202.0 142.5
203.0 218.5
204.0 254.5
205.0 276.0
206.0 259.0
207.0 17.5
208.0 0.0
209.0 1.5
210.0 0.0
211.0 59.5
212.0 51.0
213.0 60.0
214.0 58.0
215.0 57.5
216.0 49.0
217.0 55.5
218.0 55.5
219.0 42.0
220.0 46.5
221.0 60.0
222.0 49.5
223.0 49.5
224.0 51.0
225.0 62.5
226.0 62.0
227.0 60.5
228.0 47.5
229.0 55.0
230.0 40.0
231.0 61.5
232.0 61.5
233.0 52.0
234.0 55.5
235.0 61.5
236.0 52.0
237.0 55.5
238.0 61.0
239.0 62.0
240.0 49.0
241.0 57.5
242.0 55.5
243.0 58.0
244.0 59.5
245.0 49.5
246.0 42.5
247.0 60.0
248.0 58.5
249.0 51.5
250.0 50.0
