1.0 10.0
2.0 15.25
3.0 15.5
4.0 15.5
5.0 12.125
6.0 11.75
7.0 9.75
8.0 15.0
9.0 13.0
10.0 13.25
11.0 12.25
12.0 14.875
13.0 10.125
14.0 12.625
15.0 12.375
16.0 15.625
17.0 15.0
18.0 11.125
19.0 14.5
20.0 14.75
21.0 12.75
22.0 12.25
23.0 15.375
24.0 14.625
25.0 15.375
26.0 13.5
27.0 11.625
28.0 14.75
29.0 14.125
30.0 15.5
31.0 14.0
32.0 4.75
33.0 10.875
34.0 0.0
35.0 0.0
36.0 0.0
37.0 0.0
38.0 0.0
39.0 15.125
40.0 10.625
41.0 13.125
42.0 14.375
43.0 16.875
44.0 19.25
45.0 17.0
46.0 18.75
47.0 13.25
48.0 2.875
49.0 15.125
50.0 12.125
51.0 15.125
52.0 14.25
53.0 20.75
54.0 19.75
55.0 17.875
56.0 14.75
57.0 18.5
58.0 23.0
59.0 27.625
60.0 28.625
61.0 26.0
62.0 14.625
63.0 2.5
64.0 3.25
65.0 2.625
66.0 3.375
67.0 3.5
68.0 4.0
69.0 13.625
70.0 12.375
71.0 11.875
72.0 15.375
73.0 14.625
74.0 14.125
75.0 14.125
76.0 11.875
77.0 14.75
78.0 15.375
79.0 13.75
80.0 11.875
81.0 13.0
82.0 14.375
83.0 14.75
84.0 13.625
85.0 14.625
86.0 15.625
87.0 13.625
88.0 15.125
89.0 13.0
90.0 14.375
91.0 14.125
92.0 12.25
93.0 12.5
94.0 15.625
95.0 10.625
96.0 12.125
97.0 12.625
98.0 14.25
99.0 13.875
100.0 13.5
101.0 14.375
102.0 11.625
103.0 12.375
104.0 10.5
105.0 9.75
106.0 11.5
107.0 12.0
108.0 10.875
109.0 13.5
110.0 17.0
111.0 18.875
112.0 13.75
113.0 37.875
114.0 48.375
115.0 68.0
116.0 69.25
117.0 37.875
118.0 25.5
119.0 30.875
120.0 5.125
121.0 9.375
122.0 4.75
123.0 8.0
124.0 19.375
125.0 27.375
126.0 3.125
127.0 3.625
128.0 3.75
129.0 2.75
130.0 1.375
131.0 13.5
132.0 17.125
133.0 19.0
134.0 20.125
135.0 15.375
136.0 15.625
137.0 16.0
138.0 17.625
139.0 17.75
140.0 21.25
141.0 25.0
142.0 32.25
143.0 40.5
144.0 48.25
145.0 45.25
146.0 55.75
147.0 61.125
148.0 78.125
149.0 87.375
150.0 98.0
151.0 87.875
152.0 136.25
153.0 123.5
154.0 128.75
155.0 96.75
156.0 130.0
157.0 117.5
158.0 102.5
159.0 62.625
160.0 71.0
161.0 73.5
162.0 52.375
163.0 3.5
164.0 2.25
165.0 0.375
166.0 0.0
167.0 0.875
168.0 3.5
169.0 4.125
170.0 2.75
171.0 3.0
172.0 0.75
173.0 2.75
174.0 13.375
175.0 13.0
176.0 4.75
177.0 9.625
178.0 11.25
179.0 11.25
180.0 12.75
181.0 13.375
182.0 17.75
183.0 23.625
184.0 3.25
185.0 0.0
186.0 0.0
187.0 9.625
188.0 15.25
189.0 16.625
190.0 42.625
191.0 62.75
192.0 90.875
193.0 97.25
194.0 93.25
195.0 90.75
196.0 98.25
197.0 110.375
198.0 100.875
199.0 100.0
200.0 97.25
201.0 74.0
202.0 92.5
203.0 109.625
204.0 113.625
205.0 108.75
206.0 89.75
207.0 121.0
208.0 131.25
209.0 127.5
210.0 99.625
211.0 103.5
212.0 102.625
213.0 91.375
214.0 106.625
215.0 136.25
216.0 97.375
217.0 112.125
218.0 57.25
219.0 46.25
220.0 90.625
221.0 35.0
222.0 58.375
223.0 63.875
224.0 75.25
225.0 25.625
226.0 0.875
227.0 11.25
228.0 13.375
229.0 15.625
230.0 56.25
231.0 64.625
232.0 71.5
233.0 75.0
234.0 90.0
235.0 33.625
236.0 51.75
237.0 75.625
238.0 17.625
239.0 0.0
240.0 0.0
241.0 0.0
242.0 9.875
243.0 15.625
244.0 14.5
245.0 10.875
246.0 13.25
247.0 12.25
248.0 15.375
249.0 1.125
250.0 2.0
