1.0 58.125
2.0 97.0
3.0 108.25
4.0 125.0
5.0 143.75
6.0 167.5
7.0 190.0
8.0 215.0
9.0 217.5
10.0 227.5
11.0 226.25
12.0 203.75
13.0 200.0
14.0 182.5
15.0 205.0
16.0 215.0
17.0 198.75
18.0 202.5
19.0 197.5
20.0 222.5
21.0 180.0
22.0 185.0
23.0 212.5
24.0 187.5
25.0 232.5
26.0 196.25
27.0 148.75
28.0 92.25
29.0 107.125
30.0 88.25
31.0 43.875
32.0 18.375
33.0 17.0
34.0 21.75
35.0 18.125
36.0 18.125
37.0 16.0
38.0 16.625
39.0 13.125
40.0 14.0
41.0 13.0
42.0 12.0
43.0 9.375
44.0 12.0
45.0 12.25
46.0 14.75
47.0 26.5
48.0 58.875
49.0 61.125
50.0 70.0
51.0 78.125
52.0 67.125
53.0 55.0
54.0 70.625
55.0 87.25
56.0 95.375
57.0 99.375
58.0 94.625
59.0 12.5
60.0 13.875
61.0 15.0
62.0 100.5
63.0 107.625
64.0 128.75
65.0 101.25
66.0 84.375
67.0 81.375
68.0 89.0
69.0 89.25
70.0 59.875
71.0 57.75
72.0 59.875
73.0 97.875
74.0 85.375
75.0 102.625
76.0 90.75
77.0 111.5
78.0 92.0
79.0 84.625
80.0 88.875
81.0 86.5
82.0 98.375
83.0 58.75
84.0 15.5
85.0 39.625
86.0 8.25
87.0 9.375
88.0 12.0
89.0 5.375
90.0 0.0
91.0 15.25
92.0 14.875
93.0 35.375
94.0 27.25
95.0 81.75
96.0 106.125
97.0 98.25
98.0 96.125
99.0 137.5
100.0 137.5
101.0 112.375
102.0 131.25
103.0 147.5
104.0 146.25
105.0 138.75
106.0 109.0
107.0 124.625
108.0 171.25
109.0 140.0
110.0 148.75
111.0 150.0
112.0 165.0
113.0 102.75
114.0 145.0
115.0 163.75
116.0 160.0
117.0 155.0
118.0 119.75
119.0 123.75
120.0 122.375
121.0 31.125
122.0 128.75
123.0 197.5
124.0 195.0
125.0 133.75
126.0 173.75
127.0 150.0
128.0 140.0
129.0 170.0
130.0 150.0
131.0 173.75
132.0 165.0
133.0 132.5
134.0 135.0
135.0 132.5
136.0 128.75
137.0 130.0
138.0 138.75
139.0 103.5
140.0 142.5
141.0 150.0
142.0 141.25
143.0 142.5
144.0 147.5
145.0 118.375
146.0 122.75
147.0 86.75
148.0 85.125
149.0 49.0
150.0 9.5
151.0 11.75
152.0 64.25
153.0 86.0
154.0 88.0
155.0 14.0
156.0 13.25
157.0 31.375
158.0 69.25
159.0 31.375
160.0 29.875
161.0 4.625
162.0 28.375
163.0 10.625
164.0 0.0
165.0 0.0
166.0 13.0
167.0 15.375
168.0 15.125
169.0 13.875
170.0 13.875
171.0 10.875
172.0 15.125
173.0 5.625
174.0 5.875
175.0 5.0
176.0 3.125
177.0 22.875
178.0 64.625
179.0 82.125
180.0 74.0
181.0 84.875
182.0 79.5
183.0 96.125
184.0 14.625
185.0 13.625
186.0 44.625
187.0 33.5
188.0 3.875
189.0 7.5
190.0 9.5
191.0 2.25
192.0 2.375
193.0 1.875
194.0 2.5
195.0 2.875
196.0 5.5
197.0 5.625
198.0 0.625
199.0 3.375
200.0 7.375
201.0 16.125
202.0 8.5
203.0 1.625
204.0 11.625
205.0 5.375
206.0 12.75
207.0 18.25
208.0 17.625
209.0 22.125
210.0 34.125
211.0 44.375
212.0 52.25
213.0 43.25
214.0 34.75
215.0 24.625
216.0 20.75
217.0 21.625
218.0 20.25
219.0 34.5
220.0 4.375
221.0 15.625
222.0 14.5
223.0 19.75
224.0 39.0
225.0 36.125
226.0 45.625
227.0 46.625
228.0 59.25
229.0 68.5
230.0 67.75
231.0 92.125
232.0 100.25
233.0 119.5
234.0 105.5
235.0 140.0
236.0 166.25
237.0 135.0
238.0 160.0
239.0 150.0
240.0 166.25
241.0 173.75
242.0 138.75
243.0 135.0
244.0 162.5
245.0 20.125
246.0 3.0
247.0 0.0
248.0 0.75
249.0 4.125
250.0 0.0
251.0 2.875
252.0 0.375
253.0 3.625
254.0 0.0
255.0 0.5
256.0 14.0
257.0 15.25
258.0 14.5
259.0 47.875
260.0 74.25
261.0 85.0
262.0 86.5
263.0 63.75
264.0 48.25
265.0 27.625
266.0 0.0
267.0 0.0
268.0 13.5
269.0 15.625
270.0 14.0
271.0 20.625
272.0 22.625
273.0 22.875
274.0 25.0
275.0 25.25
276.0 26.5
277.0 24.25
278.0 73.75
279.0 106.25
280.0 143.75
281.0 138.75
282.0 126.25
283.0 110.75
284.0 130.0
285.0 117.5
286.0 107.125
287.0 122.375
288.0 131.25
289.0 151.25
290.0 157.5
291.0 125.0
292.0 123.625
293.0 142.5
294.0 121.125
295.0 148.75
296.0 146.25
297.0 141.25
298.0 135.0
299.0 127.5
300.0 130.0
301.0 131.25
302.0 137.5
303.0 142.5
304.0 166.25
305.0 176.25
306.0 146.25
307.0 155.0
308.0 150.0
309.0 157.5
310.0 167.5
311.0 125.0
312.0 136.25
313.0 126.25
314.0 181.25
315.0 148.75
316.0 120.125
317.0 106.25
318.0 33.875
319.0 2.125
320.0 0.0
321.0 0.0
322.0 0.0
323.0 13.25
324.0 14.75
325.0 1.5
326.0 23.625
327.0 27.125
328.0 30.75
329.0 30.625
330.0 33.375
331.0 30.5
332.0 35.75
333.0 35.25
334.0 32.5
335.0 35.75
336.0 32.75
337.0 76.75
338.0 109.0
339.0 166.25
340.0 152.5
341.0 155.0
342.0 187.5
343.0 142.5
344.0 168.75
345.0 147.5
346.0 205.0
347.0 170.0
348.0 176.25
349.0 155.0
350.0 96.5
351.0 133.75
352.0 117.625
353.0 196.25
354.0 178.75
355.0 202.5
356.0 183.75
357.0 191.25
358.0 141.25
359.0 151.25
360.0 160.0
361.0 175.0
362.0 218.75
363.0 171.25
364.0 191.25
365.0 122.375
366.0 160.0
367.0 173.75
368.0 150.0
369.0 152.5
370.0 151.25
371.0 158.75
372.0 132.5
373.0 206.25
374.0 183.75
375.0 152.5
376.0 163.75
377.0 177.5
378.0 168.75
379.0 155.0
380.0 198.75
381.0 223.75
382.0 161.25
383.0 216.25
384.0 215.0
385.0 207.5
386.0 176.25
387.0 200.0
388.0 173.75
389.0 156.25
390.0 165.0
391.0 168.75
392.0 216.25
393.0 151.25
394.0 210.0
395.0 152.5
396.0 183.75
397.0 178.75
398.0 213.75
399.0 177.5
400.0 205.0
401.0 196.25
402.0 163.75
403.0 193.75
404.0 196.25
405.0 218.75
406.0 183.75
407.0 158.75
408.0 140.0
409.0 152.5
410.0 145.0
411.0 173.75
412.0 191.25
413.0 171.25
414.0 113.625
415.0 86.875
416.0 93.5
417.0 92.875
418.0 97.875
419.0 104.875
420.0 96.875
421.0 93.75
422.0 88.5
423.0 76.5
424.0 79.125
425.0 69.0
426.0 76.875
427.0 54.125
428.0 58.875
429.0 6.25
430.0 1.25
431.0 11.25
432.0 12.75
433.0 14.5
434.0 17.625
435.0 32.25
436.0 38.0
437.0 55.625
438.0 12.875
439.0 15.125
440.0 14.875
441.0 15.625
442.0 10.5
443.0 11.25
444.0 10.25
445.0 8.0
446.0 8.875
447.0 10.375
448.0 14.0
449.0 12.75
450.0 15.625
451.0 14.375
452.0 14.625
453.0 12.125
454.0 13.875
455.0 58.875
456.0 60.625
457.0 68.75
458.0 69.375
459.0 82.75
460.0 80.75
461.0 93.125
462.0 71.125
463.0 86.625
464.0 115.375
465.0 90.75
466.0 140.0
467.0 12.875
468.0 13.375
469.0 64.25
470.0 120.75
471.0 127.5
472.0 132.5
473.0 135.0
474.0 138.75
475.0 65.5
476.0 12.125
477.0 12.125
478.0 60.5
479.0 75.375
480.0 127.5
481.0 14.0
482.0 11.875
483.0 73.5
484.0 130.0
485.0 130.0
486.0 136.25
487.0 137.5
488.0 124.375
489.0 123.75
490.0 142.5
491.0 74.5
492.0 14.125
493.0 12.625
494.0 13.25
495.0 14.0
496.0 12.875
497.0 15.375
498.0 12.375
499.0 3.5
500.0 61.25
501.0 59.625
502.0 65.875
503.0 76.125
504.0 79.5
505.0 79.625
506.0 80.0
507.0 85.75
508.0 85.75
509.0 63.125
510.0 71.0
511.0 75.625
512.0 81.375
513.0 115.0
514.0 103.625
515.0 89.625
516.0 82.0
517.0 15.5
518.0 26.0
519.0 26.375
520.0 24.75
521.0 13.375
522.0 30.5
523.0 13.625
524.0 8.0
525.0 0.25
526.0 1.375
527.0 0.0
528.0 0.0
529.0 1.5
530.0 0.0
531.0 15.25
532.0 13.75
533.0 11.375
534.0 14.5
535.0 13.125
536.0 14.625
537.0 13.25
538.0 10.5
539.0 12.75
540.0 15.0
541.0 15.5
542.0 14.375
543.0 13.5
544.0 14.625
545.0 15.5
546.0 13.375
547.0 14.125
548.0 10.875
549.0 15.625
550.0 15.125
551.0 13.5
552.0 13.125
553.0 11.75
554.0 15.125
555.0 13.75
556.0 14.875
557.0 14.25
558.0 13.375
559.0 14.125
560.0 15.375
561.0 12.125
562.0 11.5
563.0 10.875
564.0 14.125
565.0 15.0
566.0 13.375
567.0 11.125
568.0 13.625
569.0 12.5
570.0 15.5
571.0 13.25
572.0 15.5
573.0 14.875
574.0 13.875
575.0 15.125
576.0 14.5
577.0 14.0
578.0 12.25
579.0 15.125
580.0 13.25
581.0 13.25
582.0 13.0
583.0 15.625
584.0 14.625
585.0 50.625
586.0 61.5
587.0 60.125
588.0 61.25
589.0 57.375
590.0 70.5
591.0 51.375
592.0 44.875
593.0 54.875
594.0 15.25
595.0 13.625
596.0 15.375
597.0 12.5
598.0 13.25
599.0 14.875
600.0 14.0
601.0 15.5
602.0 13.125
603.0 10.125
604.0 15.625
605.0 11.625
606.0 14.25
607.0 15.125
608.0 13.75
609.0 11.75
610.0 14.75
611.0 12.875
612.0 11.75
613.0 14.75
614.0 14.625
615.0 15.0
616.0 15.125
617.0 13.0
618.0 14.875
619.0 14.0
620.0 14.625
621.0 13.875
622.0 13.375
623.0 9.625
624.0 13.5
625.0 14.0
626.0 14.875
627.0 11.375
628.0 11.625
629.0 13.625
630.0 14.875
631.0 13.75
632.0 10.0
633.0 15.625
634.0 14.875
635.0 15.5
636.0 15.5
637.0 13.5
638.0 14.625
639.0 11.5
640.0 15.5
641.0 15.0
642.0 14.75
643.0 14.125
644.0 14.375
645.0 12.25
646.0 15.0
647.0 14.75
648.0 13.75
649.0 15.25
650.0 14.875
651.0 15.375
652.0 32.25
653.0 46.375
654.0 53.0
655.0 47.25
656.0 57.5
657.0 59.75
658.0 61.125
659.0 74.25
660.0 75.75
661.0 73.875
662.0 38.75
663.0 14.125
664.0 30.75
665.0 56.75
666.0 49.5
667.0 52.5
668.0 58.0
669.0 61.875
670.0 60.125
671.0 68.625
672.0 62.375
673.0 65.625
674.0 54.875
675.0 71.75
676.0 90.125
677.0 67.25
678.0 83.625
679.0 59.5
680.0 66.125
681.0 53.5
682.0 82.875
683.0 79.875
684.0 88.25
685.0 62.0
686.0 97.25
687.0 92.5
688.0 103.25
689.0 101.25
690.0 90.875
691.0 55.625
692.0 36.375
693.0 17.25
694.0 1.5
695.0 1.75
696.0 1.125
697.0 0.0
698.0 0.0
699.0 0.0
700.0 0.0
701.0 2.5
702.0 0.25
703.0 10.75
704.0 13.5
705.0 14.875
706.0 15.125
707.0 2.625
708.0 3.375
709.0 5.375
710.0 10.875
711.0 21.625
712.0 45.375
713.0 64.875
714.0 21.375
715.0 15.375
716.0 28.75
717.0 57.0
718.0 64.75
719.0 61.75
720.0 56.0
721.0 52.125
722.0 58.125
723.0 38.125
724.0 43.625
725.0 51.875
726.0 53.75
727.0 41.75
728.0 54.5
729.0 54.5
730.0 66.75
731.0 71.875
732.0 63.5
733.0 60.0
734.0 78.0
735.0 58.0
736.0 51.75
737.0 51.25
738.0 9.125
739.0 4.375
740.0 9.75
741.0 35.375
742.0 1.625
743.0 0.0
744.0 11.25
745.0 15.5
746.0 33.5
747.0 57.125
748.0 31.125
749.0 65.625
750.0 60.75
751.0 55.375
752.0 64.625
753.0 12.875
754.0 10.625
755.0 42.625
756.0 42.875
757.0 50.125
758.0 60.0
759.0 56.75
760.0 50.75
761.0 49.0
762.0 41.375
763.0 40.125
764.0 44.25
765.0 56.375
766.0 53.5
767.0 64.375
768.0 59.0
769.0 30.625
770.0 13.125
771.0 26.375
772.0 49.125
773.0 56.125
774.0 48.375
775.0 57.0
776.0 55.0
777.0 54.375
778.0 13.875
779.0 14.375
780.0 45.5
781.0 11.875
782.0 14.875
783.0 13.0
784.0 17.875
785.0 49.0
786.0 47.0
787.0 42.0
788.0 45.375
789.0 42.125
790.0 47.5
791.0 43.875
792.0 50.875
793.0 49.625
794.0 50.5
795.0 46.625
796.0 38.75
797.0 18.0
798.0 43.625
799.0 50.25
