1.0 12.875
2.0 9.875
3.0 15.5
4.0 14.125
5.0 14.625
6.0 11.375
7.0 59.875
8.0 71.5
9.0 76.625
10.0 83.375
11.0 85.75
12.0 87.5
13.0 87.125
14.0 49.125
15.0 93.375
16.0 130.0
17.0 142.5
18.0 147.5
19.0 103.875
20.0 106.5
21.0 120.875
22.0 100.125
23.0 119.875
24.0 102.5
25.0 77.75
26.0 76.625
27.0 89.25
28.0 123.375
29.0 49.75
30.0 0.0
31.0 0.0
32.0 0.0
33.0 0.0
34.0 0.0
35.0 0.0
36.0 14.75
37.0 15.375
38.0 14.125
39.0 15.0
40.0 13.625
41.0 12.75
42.0 15.375
43.0 12.375
44.0 15.25
45.0 14.5
46.0 14.625
47.0 0.0
48.0 0.0
49.0 12.375
50.0 86.75
51.0 82.125
52.0 85.5
53.0 62.125
54.0 11.5
55.0 16.875
56.0 43.75
57.0 55.125
58.0 59.625
59.0 15.625
60.0 54.25
61.0 44.75
62.0 47.625
63.0 70.75
64.0 60.5
65.0 43.0
66.0 54.25
67.0 46.625
68.0 46.375
69.0 44.125
70.0 43.25
71.0 40.5
72.0 46.875
73.0 35.625
74.0 34.5
75.0 50.75
76.0 41.5
77.0 36.125
78.0 36.375
79.0 43.625
80.0 34.625
81.0 40.625
82.0 39.125
83.0 36.75
84.0 32.875
85.0 32.375
86.0 42.625
87.0 45.5
88.0 31.5
89.0 31.25
90.0 43.875
91.0 11.875
92.0 15.25
93.0 55.0
94.0 86.75
95.0 95.25
96.0 98.75
97.0 110.875
98.0 114.0
99.0 127.5
100.0 130.0
101.0 116.0
102.0 110.5
103.0 143.75
104.0 157.5
105.0 172.5
106.0 183.75
107.0 188.75
108.0 166.25
109.0 145.0
110.0 125.0
111.0 121.25
112.0 111.5
113.0 135.0
114.0 176.25
115.0 136.25
116.0 80.5
117.0 80.0
118.0 22.375
119.0 1.0
120.0 0.0
121.0 0.0
122.0 11.75
123.0 13.5
124.0 24.125
125.0 13.0
126.0 39.125
127.0 90.625
128.0 86.75
129.0 90.625
130.0 99.5
131.0 97.375
132.0 86.75
133.0 77.375
134.0 121.375
135.0 117.75
136.0 114.625
137.0 147.5
138.0 130.0
139.0 136.25
140.0 151.25
141.0 138.75
142.0 162.5
143.0 147.5
144.0 145.0
145.0 130.0
146.0 119.625
147.0 132.5
148.0 119.125
149.0 113.0
150.0 15.125
151.0 13.0
152.0 143.75
153.0 150.0
154.0 158.75
155.0 163.75
156.0 163.75
157.0 115.0
158.0 137.5
159.0 108.875
160.0 3.125
161.0 21.25
162.0 3.0
163.0 12.75
164.0 14.125
165.0 14.625
166.0 14.625
167.0 15.375
168.0 15.25
169.0 11.5
170.0 14.75
171.0 37.75
172.0 59.0
173.0 55.75
174.0 62.0
175.0 65.875
176.0 64.75
177.0 69.625
178.0 29.375
179.0 0.0
180.0 17.0
181.0 60.625
182.0 77.625
183.0 75.875
184.0 79.0
185.0 88.375
186.0 104.125
187.0 99.375
188.0 83.875
189.0 120.0
190.0 106.25
191.0 115.75
192.0 109.875
193.0 132.5
194.0 130.0
195.0 137.5
196.0 130.0
197.0 130.0
198.0 111.0
199.0 119.375
200.0 150.0
201.0 130.0
202.0 162.5
203.0 147.5
204.0 146.25
205.0 145.0
206.0 161.25
207.0 167.5
208.0 141.25
209.0 138.75
210.0 137.5
211.0 116.875
212.0 150.0
213.0 156.25
214.0 148.75
215.0 142.5
216.0 96.875
217.0 60.0
218.0 64.875
219.0 123.0
220.0 117.375
221.0 132.5
222.0 131.25
223.0 133.75
224.0 100.5
225.0 122.25
226.0 34.875
227.0 14.375
228.0 51.75
229.0 124.25
230.0 127.5
231.0 107.75
232.0 121.125
233.0 126.25
234.0 123.5
235.0 95.75
236.0 98.625
237.0 103.625
238.0 122.125
239.0 107.5
240.0 105.5
241.0 130.0
242.0 125.0
243.0 130.0
244.0 125.0
245.0 122.75
246.0 124.125
247.0 124.875
248.0 118.875
249.0 133.75
250.0 131.25
251.0 146.25
252.0 140.0
253.0 147.5
254.0 158.75
255.0 157.5
256.0 128.75
257.0 126.25
258.0 140.0
259.0 147.5
260.0 145.0
261.0 146.25
262.0 137.5
263.0 115.375
264.0 103.875
265.0 91.75
266.0 111.125
267.0 92.625
268.0 122.5
269.0 112.0
270.0 121.625
271.0 115.375
272.0 111.875
273.0 111.875
274.0 88.875
275.0 12.125
276.0 19.375
277.0 131.25
278.0 113.25
279.0 122.5
280.0 122.25
281.0 123.875
282.0 123.25
283.0 127.5
284.0 126.25
285.0 118.0
286.0 125.0
287.0 128.75
288.0 133.75
289.0 135.0
290.0 141.25
291.0 105.125
292.0 141.25
293.0 140.0
294.0 145.0
295.0 138.75
296.0 161.25
297.0 150.0
298.0 156.25
299.0 151.25
300.0 148.75
301.0 165.0
302.0 156.25
303.0 173.75
304.0 168.75
305.0 170.0
306.0 172.5
307.0 181.25
308.0 162.5
309.0 78.5
310.0 15.375
311.0 30.5
312.0 91.5
313.0 165.0
314.0 180.0
315.0 178.75
316.0 180.0
317.0 190.0
318.0 211.25
319.0 212.5
320.0 141.25
321.0 175.0
322.0 180.0
323.0 171.25
324.0 181.25
325.0 197.5
326.0 177.5
327.0 157.5
328.0 182.5
329.0 182.5
330.0 157.5
331.0 165.0
332.0 196.25
333.0 185.0
334.0 180.0
335.0 180.0
336.0 191.25
337.0 170.0
338.0 180.0
339.0 190.0
340.0 166.25
341.0 11.5
342.0 13.75
343.0 126.25
344.0 157.5
345.0 116.5
346.0 120.25
347.0 89.625
348.0 161.25
349.0 140.0
350.0 122.25
351.0 121.0
352.0 121.875
353.0 96.125
354.0 131.25
355.0 128.75
356.0 98.5
357.0 13.0
358.0 21.75
359.0 11.25
360.0 50.5
361.0 93.875
362.0 52.5
363.0 66.625
364.0 36.5
365.0 66.625
366.0 51.75
367.0 34.125
368.0 45.375
369.0 56.5
370.0 74.5
371.0 81.75
372.0 84.375
373.0 85.125
374.0 37.5
375.0 53.0
376.0 25.5
377.0 68.125
378.0 64.75
379.0 18.5
380.0 13.25
381.0 7.5
382.0 7.0
383.0 6.0
384.0 4.25
385.0 13.0
386.0 11.0
387.0 27.5
388.0 40.875
389.0 41.125
390.0 42.625
391.0 40.75
392.0 44.375
393.0 52.25
394.0 54.875
395.0 49.875
396.0 60.125
397.0 70.75
398.0 60.75
399.0 15.0
400.0 15.125
401.0 48.25
402.0 60.5
403.0 75.25
404.0 81.0
405.0 74.25
406.0 86.5
407.0 66.625
408.0 71.875
409.0 102.625
410.0 89.375
411.0 82.375
412.0 102.375
413.0 120.0
414.0 128.75
415.0 121.625
416.0 147.5
417.0 87.375
418.0 34.375
419.0 10.375
420.0 13.375
421.0 14.875
422.0 64.25
423.0 103.375
424.0 82.0
425.0 104.75
426.0 77.375
427.0 56.25
428.0 64.75
429.0 65.75
430.0 77.875
431.0 86.0
432.0 71.875
433.0 63.625
434.0 57.125
435.0 22.375
436.0 1.125
437.0 30.75
438.0 52.75
439.0 65.875
440.0 67.25
441.0 57.125
442.0 39.625
443.0 0.25
444.0 0.25
445.0 27.375
446.0 49.125
447.0 53.875
448.0 53.25
449.0 56.5
450.0 12.125
451.0 1.0
452.0 0.375
453.0 0.75
454.0 15.125
455.0 0.25
456.0 0.0
457.0 0.0
458.0 3.375
459.0 0.0
460.0 1.375
461.0 2.625
462.0 13.5
463.0 15.25
464.0 3.25
465.0 8.625
466.0 7.75
467.0 0.75
468.0 11.25
469.0 14.25
470.0 12.5
471.0 13.125
472.0 15.25
473.0 14.0
474.0 13.75
475.0 0.375
476.0 2.875
477.0 1.875
478.0 4.75
479.0 5.375
480.0 5.875
481.0 6.875
482.0 8.0
483.0 8.75
484.0 9.25
485.0 7.25
486.0 3.0
487.0 3.75
488.0 3.5
489.0 4.125
490.0 3.375
491.0 3.625
492.0 14.875
493.0 14.125
494.0 15.0
495.0 11.125
496.0 18.5
497.0 23.125
498.0 26.25
499.0 29.75
500.0 33.375
501.0 33.125
502.0 36.25
503.0 41.25
504.0 43.625
505.0 45.75
506.0 45.625
507.0 47.25
508.0 50.5
509.0 45.875
510.0 47.125
511.0 58.625
512.0 62.5
513.0 58.875
514.0 60.875
515.0 66.5
516.0 67.25
517.0 73.0
518.0 79.25
519.0 76.875
520.0 84.5
521.0 72.25
522.0 72.25
523.0 81.375
524.0 82.75
525.0 88.375
526.0 85.0
527.0 83.375
528.0 128.75
529.0 119.25
530.0 110.375
531.0 96.125
532.0 76.0
533.0 102.625
534.0 104.375
535.0 39.375
536.0 0.375
537.0 4.375
538.0 5.5
539.0 6.375
540.0 11.625
541.0 13.25
542.0 17.625
543.0 77.125
544.0 97.75
545.0 90.5
546.0 98.25
547.0 102.75
548.0 96.75
549.0 94.875
550.0 106.5
551.0 105.25
552.0 101.125
553.0 93.125
554.0 113.125
555.0 124.625
556.0 122.625
557.0 119.375
558.0 104.375
559.0 132.5
560.0 78.25
561.0 66.375
562.0 79.125
563.0 26.25
564.0 2.125
565.0 0.125
566.0 7.125
567.0 2.375
568.0 18.5
569.0 4.875
570.0 40.125
571.0 44.125
572.0 51.5
573.0 52.625
574.0 54.5
575.0 59.125
576.0 62.5
577.0 57.5
578.0 54.25
579.0 6.25
580.0 3.875
581.0 12.875
582.0 13.0
583.0 30.75
584.0 49.625
585.0 56.25
586.0 59.75
587.0 47.25
588.0 1.75
589.0 2.625
590.0 0.0
591.0 3.875
592.0 0.375
593.0 0.25
594.0 0.375
595.0 10.125
596.0 15.625
597.0 1.5
598.0 1.25
599.0 6.5
600.0 1.0
601.0 3.5
602.0 1.625
603.0 3.625
604.0 2.375
605.0 2.25
606.0 2.125
607.0 2.875
608.0 2.875
609.0 2.75
610.0 2.375
611.0 2.375
612.0 2.25
613.0 2.75
614.0 2.875
615.0 2.625
616.0 2.5
617.0 2.375
618.0 2.375
619.0 1.5
620.0 2.5
621.0 2.375
622.0 2.0
623.0 2.5
624.0 2.625
625.0 1.25
626.0 3.875
627.0 2.25
628.0 2.625
629.0 1.75
630.0 3.625
631.0 2.25
632.0 2.25
633.0 1.75
634.0 1.0
635.0 1.75
636.0 1.375
637.0 1.5
638.0 0.625
639.0 0.625
640.0 1.125
641.0 1.25
642.0 1.5
643.0 1.5
644.0 1.375
645.0 1.25
646.0 1.375
647.0 0.875
648.0 1.0
649.0 0.375
650.0 2.375
651.0 1.75
652.0 12.25
653.0 11.75
654.0 8.125
655.0 11.875
656.0 13.625
657.0 19.875
658.0 25.5
659.0 32.375
660.0 38.875
661.0 43.125
662.0 47.5
663.0 49.75
664.0 43.125
665.0 55.75
666.0 56.375
667.0 71.5
668.0 68.875
669.0 66.75
670.0 80.75
671.0 72.5
672.0 77.875
673.0 84.625
674.0 88.875
675.0 84.375
676.0 98.5
677.0 94.125
678.0 85.375
679.0 99.125
680.0 92.875
681.0 85.375
682.0 93.75
683.0 84.625
684.0 90.75
685.0 90.875
686.0 98.25
687.0 104.375
688.0 89.25
689.0 90.375
690.0 93.0
691.0 95.75
692.0 101.0
693.0 86.5
694.0 110.125
695.0 97.125
696.0 106.0
697.0 71.125
698.0 69.375
699.0 88.75
700.0 92.5
701.0 102.375
702.0 103.5
703.0 113.125
704.0 103.625
705.0 92.5
706.0 110.625
707.0 97.625
708.0 120.75
709.0 135.0
710.0 111.75
711.0 116.125
712.0 110.25
713.0 103.625
714.0 111.75
715.0 103.125
716.0 95.125
717.0 95.125
718.0 108.0
719.0 94.75
720.0 83.75
721.0 96.125
722.0 88.625
723.0 103.25
724.0 102.375
725.0 103.125
726.0 83.375
727.0 13.0
728.0 14.5
729.0 15.375
730.0 15.375
731.0 15.25
732.0 23.875
733.0 58.75
734.0 65.5
735.0 60.875
736.0 60.25
737.0 52.375
738.0 59.625
739.0 60.75
740.0 64.125
741.0 62.5
742.0 64.875
743.0 57.125
744.0 59.125
745.0 62.625
746.0 59.75
747.0 24.625
748.0 0.125
749.0 0.5
750.0 2.25
751.0 0.625
752.0 0.25
753.0 11.75
754.0 12.5
755.0 9.75
756.0 22.875
757.0 37.25
758.0 35.875
759.0 34.75
760.0 40.5
761.0 17.0
762.0 0.625
763.0 0.0
764.0 0.0
765.0 0.0
766.0 1.75
767.0 0.125
768.0 0.25
769.0 0.125
770.0 2.625
771.0 0.375
772.0 0.125
773.0 0.0
774.0 15.5
775.0 13.125
776.0 15.625
777.0 9.75
778.0 15.625
779.0 13.25
780.0 12.375
781.0 9.75
782.0 14.125
783.0 14.0
784.0 12.625
785.0 15.5
786.0 14.125
787.0 23.125
788.0 28.875
789.0 36.375
790.0 43.75
