1.0 14.0
2.0 20.875
3.0 27.5
4.0 36.25
5.0 68.75
6.0 88.25
7.0 84.125
8.0 93.0
9.0 111.625
10.0 42.125
11.0 15.5
12.0 14.75
13.0 15.125
14.0 75.625
15.0 40.375
16.0 15.0
17.0 13.125
18.0 12.375
19.0 14.875
20.0 70.375
21.0 73.75
22.0 80.375
23.0 15.375
24.0 12.125
25.0 13.75
26.0 12.375
27.0 57.125
28.0 67.375
29.0 70.125
30.0 74.125
31.0 77.625
32.0 77.5
33.0 78.25
34.0 78.0
35.0 71.125
36.0 80.5
37.0 76.25
38.0 79.0
39.0 61.75
40.0 94.875
41.0 109.375
42.0 127.5
43.0 15.625
44.0 0.0
45.0 0.0
46.0 0.0
47.0 0.0
48.0 0.0
49.0 0.0
50.0 10.875
51.0 15.5
52.0 12.5
53.0 14.5
54.0 15.5
55.0 9.5
56.0 14.875
57.0 13.875
58.0 14.75
59.0 13.375
60.0 11.875
61.0 10.875
62.0 13.5
63.0 13.375
64.0 15.625
65.0 11.375
66.0 14.625
67.0 15.125
68.0 13.375
69.0 15.0
70.0 14.5
71.0 14.25
72.0 15.375
73.0 11.25
74.0 12.625
75.0 13.625
76.0 11.75
77.0 14.375
78.0 13.375
79.0 14.875
80.0 10.625
81.0 15.625
82.0 10.75
83.0 14.25
84.0 12.125
85.0 15.625
86.0 13.0
87.0 10.875
88.0 14.25
89.0 13.125
90.0 39.125
91.0 77.5
92.0 93.125
93.0 100.25
94.0 14.75
95.0 9.875
96.0 0.0
97.0 0.0
98.0 11.0
99.0 12.25
100.0 15.125
101.0 13.875
102.0 11.25
103.0 11.125
104.0 15.0
105.0 15.25
106.0 10.875
107.0 5.625
108.0 1.25
109.0 0.0
110.0 15.375
111.0 15.5
112.0 10.875
113.0 15.5
114.0 15.25
115.0 15.375
116.0 14.0
117.0 11.5
118.0 43.75
119.0 101.0
120.0 122.75
121.0 124.375
122.0 118.75
123.0 122.0
124.0 145.0
125.0 130.0
126.0 157.5
127.0 140.0
128.0 99.875
129.0 7.5
130.0 0.0
131.0 0.0
132.0 10.75
133.0 15.375
134.0 32.875
135.0 39.625
136.0 41.625
137.0 44.5
138.0 20.0
139.0 2.625
140.0 2.125
141.0 5.25
142.0 0.625
143.0 0.125
144.0 11.375
145.0 13.875
146.0 0.75
147.0 29.5
148.0 86.625
149.0 138.75
150.0 108.375
151.0 23.5
152.0 1.375
153.0 0.0
154.0 9.75
155.0 14.625
156.0 72.75
157.0 66.5
158.0 85.75
159.0 68.625
160.0 77.0
161.0 14.625
162.0 0.0
163.0 12.75
164.0 15.5
165.0 87.375
166.0 61.625
167.0 12.5
168.0 39.125
169.0 91.5
170.0 87.625
171.0 96.625
172.0 97.75
173.0 85.75
174.0 84.125
175.0 38.25
176.0 16.625
177.0 53.25
178.0 82.25
179.0 71.125
180.0 69.5
181.0 90.0
182.0 98.125
183.0 88.25
184.0 93.25
185.0 104.375
186.0 99.25
187.0 93.25
188.0 88.375
189.0 90.375
190.0 94.375
191.0 91.375
192.0 98.25
193.0 80.5
194.0 91.75
195.0 88.875
196.0 75.625
197.0 87.625
198.0 90.0
199.0 4.125
200.0 31.125
201.0 77.0
202.0 72.375
203.0 89.0
204.0 63.625
205.0 65.25
206.0 128.75
207.0 142.5
208.0 2.5
209.0 0.0
210.0 0.0
211.0 0.0
212.0 13.875
213.0 13.375
