1.0 12.75
2.0 38.125
3.0 57.375
4.0 46.625
5.0 22.5
6.0 15.375
7.0 13.625
8.0 14.25
9.0 10.625
10.0 9.75
11.0 13.125
12.0 11.75
13.0 12.75
14.0 15.5
15.0 11.5
16.0 11.875
17.0 15.25
18.0 15.0
19.0 15.5
20.0 15.25
21.0 4.5
22.0 7.875
23.0 12.25
24.0 17.625
25.0 4.875
26.0 0.75
27.0 14.75
28.0 10.75
29.0 20.125
30.0 20.5
31.0 29.875
32.0 32.75
33.0 36.625
34.0 41.0
35.0 30.875
36.0 10.375
37.0 0.5
38.0 0.375
39.0 14.375
40.0 14.75
41.0 12.25
42.0 42.25
43.0 89.625
44.0 91.875
45.0 91.875
46.0 95.875
47.0 103.75
48.0 13.5
49.0 15.25
50.0 11.0
51.0 58.625
52.0 30.875
53.0 39.125
54.0 22.25
55.0 23.125
56.0 25.875
57.0 26.625
58.0 24.5
59.0 20.75
60.0 16.875
61.0 11.125
62.0 13.5
63.0 15.125
64.0 14.125
65.0 14.75
66.0 14.25
67.0 12.0
68.0 12.75
69.0 21.25
70.0 64.0
71.0 37.875
72.0 54.5
73.0 78.25
74.0 81.5
75.0 85.0
76.0 89.625
77.0 83.75
78.0 27.875
79.0 13.875
80.0 34.5
81.0 54.125
82.0 14.875
83.0 12.75
84.0 80.5
85.0 84.0
86.0 64.375
87.0 14.375
88.0 16.75
89.0 12.375
90.0 10.0
91.0 13.125
92.0 13.125
93.0 15.125
94.0 12.0
95.0 15.375
96.0 14.625
97.0 79.375
98.0 80.0
99.0 59.25
100.0 53.0
101.0 54.0
102.0 33.5
103.0 11.875
104.0 26.375
105.0 63.0
106.0 65.5
107.0 77.0
108.0 75.625
109.0 81.25
110.0 87.125
111.0 94.125
112.0 79.75
113.0 93.5
114.0 92.625
115.0 92.75
116.0 107.5
117.0 102.125
118.0 105.125
119.0 98.625
120.0 117.125
121.0 106.25
122.0 110.375
123.0 132.5
124.0 120.375
125.0 126.25
126.0 112.5
127.0 121.125
128.0 153.75
129.0 156.25
130.0 162.5
131.0 158.75
132.0 152.5
133.0 162.5
134.0 121.875
135.0 142.5
136.0 146.25
137.0 124.125
138.0 150.0
139.0 105.125
140.0 13.125
141.0 12.75
142.0 12.625
143.0 28.0
144.0 10.875
145.0 12.75
146.0 10.625
147.0 69.625
148.0 83.5
149.0 61.5
150.0 25.0
151.0 14.625
152.0 35.875
153.0 75.125
154.0 79.375
155.0 80.125
156.0 50.125
157.0 25.375
158.0 15.375
159.0 16.25
160.0 15.875
161.0 14.0
162.0 16.25
163.0 15.5
164.0 16.5
165.0 17.25
166.0 11.75
167.0 22.5
168.0 15.875
169.0 17.375
170.0 18.125
171.0 18.625
172.0 15.25
173.0 4.5
174.0 1.625
175.0 11.625
176.0 6.875
177.0 3.75
178.0 11.375
179.0 15.125
180.0 40.75
181.0 44.0
182.0 21.0
183.0 14.125
184.0 9.75
185.0 5.375
186.0 7.5
187.0 0.875
188.0 11.0
189.0 14.0
190.0 16.625
191.0 22.375
192.0 38.125
193.0 35.75
194.0 15.125
195.0 0.375
196.0 0.0
197.0 0.125
198.0 0.375
199.0 14.0
200.0 13.0
201.0 14.0
202.0 36.5
203.0 14.125
204.0 11.25
205.0 23.75
206.0 50.5
207.0 51.125
208.0 12.75
209.0 11.75
210.0 33.0
211.0 65.0
212.0 42.0
213.0 29.625
214.0 26.875
215.0 24.875
216.0 24.625
217.0 60.5
218.0 62.5
219.0 67.875
220.0 63.25
221.0 67.75
222.0 43.375
223.0 59.375
224.0 29.375
225.0 59.5
226.0 57.75
227.0 54.25
228.0 65.125
229.0 62.25
230.0 52.5
231.0 58.25
232.0 63.0
233.0 63.25
234.0 72.125
235.0 66.375
236.0 77.625
237.0 68.25
238.0 87.0
239.0 80.25
240.0 37.0
241.0 26.625
242.0 14.25
243.0 12.25
244.0 8.75
245.0 4.25
246.0 0.0
247.0 15.125
248.0 24.875
249.0 41.625
250.0 49.875
