1.0 4.25
2.0 14.125
3.0 9.75
4.0 14.125
5.0 13.5
6.0 14.25
7.0 14.5
8.0 14.375
9.0 14.125
10.0 13.0
11.0 12.5
12.0 14.5
13.0 84.5
14.0 102.875
15.0 98.75
16.0 102.25
17.0 107.125
18.0 88.125
19.0 65.0
20.0 0.0
21.0 41.375
22.0 94.875
23.0 103.375
24.0 91.875
25.0 40.75
26.0 78.75
27.0 107.375
28.0 110.5
29.0 89.125
30.0 90.875
31.0 137.5
32.0 49.875
33.0 21.5
34.0 2.0
35.0 0.0
36.0 0.0
37.0 0.0
38.0 0.0
39.0 0.125
40.0 7.5
41.0 15.25
42.0 28.0
43.0 9.625
44.0 14.25
45.0 11.25
46.0 57.625
47.0 67.625
48.0 66.25
49.0 71.5
50.0 68.875
51.0 59.75
52.0 4.875
53.0 13.75
54.0 14.625
55.0 80.125
56.0 98.125
57.0 108.25
58.0 109.375
59.0 98.75
60.0 108.125
61.0 113.5
62.0 98.125
63.0 111.0
64.0 116.0
65.0 114.25
66.0 113.375
67.0 84.5
68.0 47.125
69.0 0.0
70.0 0.0
71.0 0.0
72.0 0.0
73.0 6.5
74.0 15.25
75.0 14.625
76.0 111.75
77.0 46.75
78.0 37.875
79.0 30.75
80.0 3.375
81.0 0.0
82.0 0.0
83.0 0.0
84.0 0.0
85.0 7.25
86.0 15.125
87.0 11.625
88.0 118.375
89.0 128.75
90.0 143.75
91.0 152.5
92.0 118.0
93.0 98.875
94.0 104.75
95.0 23.5
96.0 2.375
97.0 14.625
98.0 14.25
99.0 10.125
100.0 0.625
101.0 0.75
102.0 10.875
103.0 14.875
104.0 11.125
105.0 98.0
106.0 95.0
107.0 105.5
108.0 109.5
109.0 104.625
110.0 107.0
111.0 107.75
112.0 111.625
113.0 112.375
114.0 122.875
115.0 125.0
116.0 128.75
117.0 125.0
118.0 114.625
119.0 104.375
120.0 124.375
121.0 188.75
122.0 153.75
123.0 177.5
124.0 141.25
125.0 117.75
126.0 76.5
127.0 9.75
128.0 38.0
129.0 0.25
130.0 0.0
131.0 1.875
132.0 19.75
133.0 12.0
134.0 150.0
135.0 150.0
136.0 116.125
137.0 109.25
138.0 102.75
139.0 85.25
140.0 107.5
141.0 95.0
142.0 168.75
143.0 193.75
144.0 158.75
145.0 133.75
146.0 197.5
147.0 201.25
148.0 150.0
149.0 152.5
150.0 141.25
151.0 121.375
152.0 141.25
153.0 120.5
154.0 5.625
155.0 15.375
156.0 10.875
157.0 162.5
158.0 131.25
159.0 130.0
160.0 104.25
161.0 125.0
162.0 131.25
163.0 126.25
164.0 123.875
165.0 95.75
166.0 103.875
167.0 54.25
168.0 44.875
169.0 44.5
170.0 0.125
171.0 0.0
172.0 0.0
173.0 11.375
174.0 12.75
175.0 15.5
176.0 12.625
177.0 14.75
178.0 14.5
179.0 13.25
180.0 12.0
181.0 15.25
182.0 12.0
183.0 14.125
184.0 13.5
185.0 15.375
186.0 14.875
187.0 15.625
188.0 12.875
189.0 15.625
190.0 11.375
191.0 14.75
192.0 12.875
193.0 14.5
194.0 15.25
195.0 15.125
196.0 10.375
197.0 10.375
198.0 13.625
199.0 11.0
200.0 13.5
201.0 13.875
202.0 15.0
203.0 14.25
204.0 12.75
205.0 19.625
206.0 26.75
207.0 26.625
208.0 17.125
209.0 24.375
210.0 26.25
211.0 31.375
212.0 32.75
213.0 37.625
214.0 43.25
215.0 50.875
216.0 51.5
217.0 54.125
218.0 58.375
219.0 69.25
220.0 67.5
221.0 79.5
222.0 84.5
223.0 93.5
224.0 77.75
225.0 79.875
226.0 40.125
227.0 62.75
228.0 95.125
229.0 97.25
230.0 81.375
231.0 106.25
232.0 96.75
233.0 95.375
234.0 101.875
235.0 96.375
236.0 106.125
237.0 77.125
238.0 38.625
239.0 15.125
240.0 14.875
241.0 14.25
242.0 72.0
243.0 73.625
244.0 75.0
245.0 83.5
246.0 79.0
247.0 88.625
248.0 85.5
249.0 26.25
250.0 83.0
251.0 95.375
252.0 102.625
253.0 95.125
254.0 103.75
255.0 106.125
256.0 113.125
257.0 111.125
258.0 113.875
259.0 117.375
260.0 125.0
261.0 128.75
262.0 122.875
263.0 123.0
264.0 131.25
265.0 147.5
266.0 160.0
267.0 152.5
268.0 135.0
269.0 158.75
270.0 156.25
271.0 123.375
272.0 143.75
273.0 116.875
274.0 112.875
275.0 109.375
276.0 121.25
277.0 127.5
278.0 119.375
279.0 108.25
280.0 115.0
281.0 118.625
282.0 114.25
283.0 107.25
284.0 111.75
285.0 118.875
286.0 124.625
287.0 118.625
288.0 111.625
289.0 103.125
290.0 126.25
291.0 120.125
292.0 108.0
293.0 106.5
294.0 107.25
295.0 112.375
296.0 104.25
297.0 122.625
298.0 131.25
299.0 119.625
300.0 109.875
301.0 116.0
302.0 107.375
303.0 118.625
304.0 101.375
305.0 130.0
306.0 35.875
307.0 1.125
308.0 13.875
309.0 12.0
310.0 83.125
311.0 94.25
312.0 111.625
313.0 4.375
314.0 15.625
315.0 15.0
316.0 86.0
317.0 78.25
318.0 92.125
319.0 103.125
320.0 105.0
321.0 97.125
322.0 84.0
323.0 73.25
324.0 85.75
325.0 83.0
326.0 50.0
327.0 14.125
328.0 14.375
329.0 85.75
330.0 77.5
331.0 95.5
332.0 86.625
333.0 115.75
334.0 110.375
335.0 131.25
336.0 109.625
337.0 113.75
338.0 98.0
339.0 120.25
340.0 119.75
341.0 122.0
342.0 135.0
343.0 127.5
344.0 143.75
345.0 131.25
346.0 84.125
347.0 1.375
348.0 12.125
349.0 78.25
350.0 101.75
351.0 82.375
352.0 90.5
353.0 102.25
354.0 100.625
355.0 113.875
356.0 113.125
357.0 109.625
358.0 108.75
359.0 118.875
360.0 97.0
361.0 114.5
362.0 57.625
363.0 120.375
364.0 118.625
365.0 81.5
366.0 36.75
367.0 105.25
368.0 98.0
369.0 88.0
370.0 102.5
371.0 79.875
372.0 93.125
373.0 93.75
374.0 109.375
375.0 102.25
376.0 105.0
377.0 128.75
378.0 91.75
379.0 77.875
380.0 87.75
381.0 94.125
382.0 101.375
383.0 77.375
384.0 116.25
385.0 58.25
386.0 98.0
387.0 97.0
388.0 99.375
389.0 96.75
390.0 61.375
391.0 54.25
392.0 6.75
393.0 0.375
394.0 1.875
395.0 5.625
396.0 4.0
397.0 8.875
398.0 15.625
399.0 10.75
400.0 40.5
401.0 42.0
402.0 40.375
403.0 43.875
404.0 28.375
405.0 15.125
406.0 15.25
407.0 12.75
408.0 10.125
409.0 15.25
410.0 27.875
411.0 19.75
412.0 31.375
413.0 32.625
414.0 35.0
415.0 41.375
416.0 39.875
417.0 40.625
418.0 43.75
419.0 40.5
420.0 36.5
421.0 49.75
422.0 43.875
423.0 47.375
424.0 54.125
425.0 54.75
426.0 61.125
427.0 64.25
428.0 73.375
429.0 70.125
430.0 72.625
431.0 72.5
432.0 79.25
433.0 77.875
434.0 79.25
435.0 83.0
436.0 71.25
437.0 88.625
438.0 79.125
439.0 72.75
440.0 70.375
441.0 75.0
442.0 86.0
443.0 89.0
444.0 86.375
445.0 78.125
446.0 95.75
447.0 90.875
448.0 83.25
449.0 85.75
450.0 98.625
451.0 99.75
452.0 110.125
453.0 110.875
454.0 127.5
455.0 116.125
456.0 111.375
457.0 117.375
458.0 122.625
459.0 121.75
460.0 82.875
461.0 93.625
462.0 102.625
463.0 108.375
464.0 97.875
465.0 100.375
466.0 94.125
467.0 79.5
468.0 87.625
469.0 70.625
470.0 71.875
471.0 74.625
472.0 74.25
473.0 48.875
474.0 77.125
475.0 68.125
476.0 72.25
477.0 49.125
478.0 2.0
479.0 25.25
480.0 43.875
481.0 52.75
482.0 63.5
483.0 58.0
484.0 52.25
485.0 43.25
486.0 54.5
487.0 57.0
488.0 42.375
489.0 0.0
490.0 0.0
491.0 0.0
492.0 0.125
493.0 0.0
494.0 0.0
495.0 15.625
496.0 14.875
497.0 20.375
498.0 37.625
499.0 47.25
500.0 45.0
501.0 45.125
502.0 36.75
503.0 41.25
504.0 43.25
505.0 47.625
506.0 48.25
507.0 40.5
508.0 48.375
509.0 55.75
510.0 41.375
511.0 46.5
512.0 48.625
513.0 50.625
514.0 59.0
515.0 88.375
516.0 84.375
517.0 98.375
518.0 75.0
519.0 14.125
520.0 3.75
521.0 0.25
522.0 0.0
523.0 12.0
524.0 14.0
525.0 66.875
526.0 67.875
527.0 64.25
528.0 73.75
529.0 89.625
530.0 87.5
531.0 83.5
532.0 99.875
533.0 99.0
534.0 102.0
535.0 100.125
536.0 100.0
537.0 107.5
538.0 125.0
539.0 106.625
540.0 116.25
541.0 133.75
542.0 140.0
543.0 141.25
544.0 143.75
545.0 145.0
546.0 156.25
547.0 167.5
548.0 170.0
549.0 180.0
550.0 177.5
551.0 178.75
552.0 190.0
553.0 202.5
554.0 211.25
555.0 212.5
556.0 215.0
557.0 193.75
558.0 186.25
559.0 182.5
560.0 123.125
561.0 3.875
562.0 0.5
563.0 15.125
564.0 13.125
565.0 138.75
566.0 155.0
567.0 166.25
568.0 177.5
569.0 185.0
570.0 182.5
571.0 142.5
572.0 123.5
573.0 138.75
574.0 140.0
575.0 157.5
576.0 176.25
577.0 152.5
578.0 165.0
579.0 171.25
580.0 172.5
581.0 148.75
582.0 142.5
583.0 150.0
584.0 131.25
585.0 136.25
586.0 69.5
587.0 2.875
588.0 13.875
589.0 12.25
590.0 110.625
591.0 127.5
592.0 140.0
593.0 124.5
594.0 130.0
595.0 153.75
596.0 107.25
597.0 151.25
598.0 163.75
599.0 153.75
600.0 168.75
601.0 162.5
602.0 178.75
603.0 176.25
604.0 136.25
605.0 186.25
606.0 166.25
607.0 62.5
608.0 1.0
609.0 14.0
610.0 10.75
611.0 60.375
612.0 147.5
613.0 168.75
614.0 132.5
615.0 148.75
616.0 113.0
617.0 122.75
618.0 112.625
619.0 120.375
620.0 140.0
621.0 102.125
622.0 120.0
623.0 87.625
624.0 88.75
625.0 91.875
626.0 111.75
627.0 93.0
628.0 95.625
629.0 92.125
630.0 50.75
631.0 70.875
632.0 92.25
633.0 91.875
634.0 88.125
635.0 92.375
636.0 26.125
637.0 71.5
638.0 69.25
639.0 65.625
640.0 93.125
641.0 87.25
642.0 73.25
643.0 84.25
644.0 76.5
645.0 74.375
646.0 48.75
647.0 39.625
648.0 9.375
649.0 12.75
650.0 14.375
651.0 7.375
652.0 0.25
653.0 0.0
654.0 1.125
655.0 3.375
656.0 15.5
657.0 11.875
658.0 24.125
659.0 31.5
660.0 14.125
661.0 0.875
662.0 0.0
663.0 0.0
664.0 0.125
665.0 1.125
666.0 9.625
667.0 14.5
668.0 15.75
669.0 14.375
670.0 17.375
671.0 15.875
672.0 23.125
673.0 23.25
674.0 22.375
675.0 21.0
676.0 29.75
677.0 26.625
678.0 29.25
679.0 23.625
680.0 29.75
681.0 0.125
682.0 12.375
683.0 21.0
684.0 28.0
685.0 26.375
686.0 27.125
687.0 29.125
688.0 30.25
689.0 38.375
690.0 38.375
691.0 36.125
692.0 33.0
693.0 34.25
694.0 38.625
695.0 34.375
696.0 45.0
697.0 40.75
698.0 48.75
699.0 36.125
700.0 54.875
701.0 54.75
702.0 53.375
703.0 53.625
704.0 54.0
705.0 41.875
706.0 64.75
707.0 62.0
708.0 52.0
709.0 63.0
710.0 61.75
711.0 50.875
712.0 63.375
713.0 53.125
714.0 64.625
715.0 64.875
716.0 65.625
717.0 59.5
718.0 67.75
719.0 68.625
720.0 86.125
721.0 85.125
722.0 85.125
723.0 77.25
724.0 77.375
725.0 92.125
726.0 76.0
727.0 82.5
728.0 79.875
729.0 77.75
730.0 61.125
731.0 65.5
732.0 65.75
733.0 57.75
734.0 56.75
735.0 64.5
736.0 17.625
737.0 12.625
738.0 12.75
739.0 14.625
740.0 14.125
741.0 12.875
742.0 14.75
743.0 15.0
744.0 13.5
745.0 15.125
746.0 15.125
747.0 15.0
748.0 14.75
749.0 13.0
750.0 15.0
751.0 13.125
752.0 18.125
753.0 20.25
754.0 21.375
755.0 27.0
756.0 25.125
757.0 33.125
758.0 37.625
759.0 45.75
760.0 49.625
761.0 52.0
762.0 59.375
763.0 62.0
764.0 71.0
765.0 69.75
766.0 77.625
767.0 71.25
768.0 87.375
769.0 83.125
770.0 83.125
771.0 67.125
772.0 70.0
773.0 84.125
774.0 103.125
775.0 94.5
776.0 70.375
777.0 7.25
778.0 1.0
779.0 29.375
780.0 8.5
781.0 12.125
782.0 7.5
783.0 0.0
784.0 10.0
785.0 15.5
786.0 43.25
787.0 52.75
788.0 68.75
789.0 71.375
790.0 72.25
791.0 73.375
792.0 82.75
793.0 80.75
794.0 93.0
795.0 81.75
796.0 92.375
797.0 70.75
