1.0 52.875
2.0 97.625
3.0 105.5
4.0 102.875
5.0 135.0
6.0 127.5
7.0 127.5
8.0 125.0
9.0 97.75
10.0 138.75
11.0 111.5
12.0 143.75
13.0 133.75
14.0 15.25
15.0 9.5
16.0 27.625
17.0 67.25
18.0 71.25
19.0 69.75
20.0 65.375
21.0 70.0
22.0 74.125
23.0 94.0
24.0 89.375
25.0 76.625
26.0 141.25
27.0 140.0
28.0 95.875
29.0 113.75
30.0 118.375
31.0 138.75
32.0 114.25
33.0 116.25
34.0 99.75
35.0 124.875
36.0 110.5
37.0 109.0
38.0 97.75
39.0 98.75
40.0 82.0
41.0 83.375
42.0 77.0
43.0 126.25
44.0 147.5
45.0 102.75
46.0 88.5
47.0 88.125
48.0 75.625
49.0 124.25
50.0 30.75
51.0 13.25
52.0 9.5
53.0 60.875
54.0 59.625
55.0 68.875
56.0 73.5
57.0 98.75
58.0 83.75
59.0 107.0
60.0 105.0
61.0 15.0
62.0 12.375
63.0 13.0
64.0 13.25
65.0 53.75
66.0 94.625
67.0 36.0
68.0 15.375
69.0 36.875
70.0 94.75
71.0 78.625
72.0 0.25
73.0 0.625
74.0 0.0
75.0 0.0
76.0 0.0
77.0 0.0
78.0 14.0
79.0 15.0
80.0 60.0
81.0 91.625
82.0 110.0
83.0 103.0
84.0 105.875
85.0 102.625
86.0 125.0
87.0 107.625
88.0 110.25
89.0 110.625
90.0 136.25
91.0 100.625
92.0 75.0
93.0 85.5
94.0 108.875
95.0 145.0
96.0 140.0
97.0 118.25
98.0 150.0
99.0 107.625
100.0 177.5
101.0 200.0
102.0 177.5
103.0 105.875
104.0 11.25
105.0 11.625
106.0 0.0
107.0 122.125
108.0 167.5
109.0 202.5
110.0 198.75
111.0 158.75
112.0 175.0
113.0 165.0
114.0 178.75
115.0 165.0
116.0 157.5
117.0 207.5
118.0 198.75
119.0 186.25
120.0 210.0
121.0 206.25
122.0 200.0
123.0 176.25
124.0 44.625
125.0 0.0
126.0 0.0
127.0 0.0
128.0 15.625
129.0 14.875
130.0 11.625
131.0 12.25
132.0 29.375
133.0 16.375
134.0 2.25
135.0 2.25
136.0 4.125
137.0 11.375
138.0 13.125
139.0 17.0
140.0 7.875
141.0 26.25
142.0 30.5
143.0 36.5
144.0 52.625
145.0 52.375
146.0 49.0
147.0 51.625
148.0 50.5
149.0 50.875
150.0 54.75
151.0 40.0
152.0 50.875
153.0 62.0
154.0 64.75
155.0 65.75
156.0 75.5
157.0 73.25
158.0 67.875
159.0 62.25
160.0 52.5
161.0 70.75
162.0 71.875
163.0 74.625
164.0 78.75
165.0 67.25
166.0 71.25
167.0 78.625
168.0 91.5
169.0 99.25
170.0 109.0
171.0 99.0
172.0 80.25
173.0 103.875
174.0 84.0
175.0 91.5
176.0 16.75
177.0 18.125
178.0 3.125
179.0 14.875
180.0 12.625
181.0 13.5
182.0 14.375
183.0 13.875
184.0 14.0
185.0 9.625
186.0 15.0
187.0 11.375
188.0 14.0
189.0 12.375
190.0 12.5
191.0 15.125
192.0 13.625
193.0 14.5
194.0 15.375
195.0 15.125
196.0 12.125
197.0 12.875
198.0 15.625
199.0 13.375
200.0 14.0
201.0 13.125
202.0 14.625
203.0 14.375
204.0 13.375
205.0 11.625
206.0 12.625
207.0 14.25
208.0 14.75
209.0 14.375
210.0 14.375
211.0 13.375
212.0 13.375
213.0 11.75
214.0 14.0
215.0 14.25
216.0 13.75
217.0 15.625
218.0 12.625
219.0 15.625
220.0 14.25
221.0 15.5
222.0 14.875
223.0 14.375
224.0 14.75
225.0 15.5
226.0 14.0
227.0 14.75
228.0 12.25
229.0 14.0
230.0 12.75
231.0 15.0
232.0 14.75
233.0 15.375
234.0 12.125
235.0 14.375
236.0 14.625
237.0 14.625
238.0 14.375
239.0 15.375
240.0 14.0
241.0 12.75
242.0 11.0
243.0 13.125
244.0 13.5
245.0 12.875
246.0 13.625
247.0 13.75
248.0 15.5
249.0 14.875
250.0 15.375
251.0 14.625
252.0 14.0
253.0 14.375
254.0 14.0
255.0 13.25
256.0 14.125
257.0 12.625
258.0 14.375
259.0 15.375
260.0 14.0
261.0 12.875
262.0 14.125
263.0 14.125
264.0 14.0
265.0 11.125
266.0 15.5
267.0 14.625
268.0 15.0
269.0 10.625
270.0 12.625
271.0 15.5
272.0 15.25
273.0 15.125
274.0 14.375
275.0 12.625
276.0 13.25
277.0 10.625
278.0 12.625
279.0 15.625
280.0 15.375
281.0 13.25
282.0 10.625
283.0 15.625
284.0 10.75
285.0 15.0
286.0 15.5
287.0 15.125
288.0 14.625
289.0 15.5
290.0 12.0
291.0 13.875
292.0 12.25
293.0 13.875
294.0 11.25
295.0 15.25
296.0 13.375
297.0 15.625
298.0 11.125
299.0 14.375
300.0 10.375
301.0 14.625
302.0 11.875
303.0 12.375
304.0 13.375
305.0 14.875
306.0 12.875
307.0 14.25
308.0 15.25
309.0 14.5
310.0 14.875
311.0 14.5
312.0 10.125
313.0 11.375
314.0 15.125
315.0 17.5
316.0 20.625
317.0 24.625
318.0 30.375
319.0 31.75
320.0 33.25
321.0 12.0
322.0 14.625
323.0 12.875
324.0 14.75
325.0 15.25
326.0 13.75
327.0 10.875
328.0 15.0
329.0 14.125
330.0 15.625
331.0 13.0
332.0 14.0
333.0 15.625
334.0 12.25
335.0 13.125
336.0 15.125
337.0 14.375
338.0 14.25
339.0 11.375
340.0 16.625
341.0 18.375
342.0 23.125
343.0 29.875
344.0 36.875
345.0 45.0
346.0 54.0
347.0 56.25
348.0 66.0
349.0 79.625
350.0 84.5
351.0 89.75
352.0 86.75
353.0 112.25
354.0 118.25
355.0 122.375
356.0 120.625
357.0 141.25
358.0 151.25
359.0 153.75
360.0 136.25
361.0 167.5
362.0 170.0
363.0 163.75
364.0 156.25
365.0 145.0
366.0 168.75
367.0 140.0
368.0 128.75
369.0 88.75
370.0 124.25
371.0 122.5
372.0 122.625
373.0 143.75
374.0 92.25
375.0 62.875
376.0 18.75
377.0 1.625
378.0 1.125
379.0 0.25
380.0 0.375
381.0 13.125
382.0 15.125
383.0 7.0
384.0 17.625
385.0 19.625
386.0 4.25
387.0 11.25
388.0 9.125
389.0 3.875
390.0 2.5
391.0 0.375
392.0 4.125
393.0 0.625
394.0 1.5
395.0 4.5
396.0 0.5
397.0 3.625
398.0 0.25
399.0 0.75
400.0 1.875
401.0 8.25
402.0 6.0
403.0 6.25
404.0 9.75
405.0 4.25
406.0 0.375
407.0 0.0
408.0 12.0
409.0 12.625
410.0 17.125
411.0 17.75
412.0 18.125
413.0 21.25
414.0 23.875
415.0 25.0
416.0 27.375
417.0 27.875
418.0 33.625
419.0 26.0
420.0 57.0
421.0 61.125
422.0 72.25
423.0 64.75
424.0 20.25
425.0 1.5
426.0 0.0
427.0 0.0
428.0 12.625
429.0 15.0
430.0 15.125
431.0 14.125
432.0 32.75
433.0 45.0
434.0 55.625
435.0 62.875
436.0 65.25
437.0 60.0
438.0 68.375
439.0 45.5
440.0 73.125
441.0 83.5
442.0 88.0
443.0 94.375
444.0 97.625
445.0 93.875
446.0 25.625
447.0 1.0
448.0 0.875
449.0 0.125
450.0 15.375
451.0 11.5
452.0 0.0
453.0 15.625
454.0 26.625
455.0 48.0
456.0 77.625
457.0 102.75
458.0 3.125
459.0 0.0
460.0 0.0
461.0 0.0
462.0 14.375
463.0 14.5
464.0 13.125
465.0 11.375
466.0 12.0
467.0 14.875
468.0 12.5
469.0 11.0
470.0 4.5
471.0 18.375
472.0 36.5
473.0 11.0
474.0 0.625
475.0 0.125
476.0 7.125
477.0 0.125
478.0 2.25
479.0 0.25
480.0 0.375
481.0 0.5
482.0 0.125
483.0 1.5
484.0 0.5
485.0 1.375
486.0 1.25
487.0 14.625
488.0 13.125
489.0 14.125
490.0 10.375
491.0 22.625
492.0 31.75
493.0 47.375
494.0 35.375
495.0 40.25
496.0 60.125
497.0 56.25
498.0 62.5
499.0 62.5
500.0 67.875
501.0 66.5
502.0 57.25
503.0 71.75
504.0 49.5
505.0 15.375
506.0 15.375
507.0 13.375
508.0 14.25
509.0 10.5
510.0 6.25
511.0 3.875
512.0 0.0
513.0 0.0
514.0 2.75
515.0 10.5
516.0 11.875
517.0 44.125
518.0 50.125
519.0 42.375
520.0 62.5
521.0 64.0
522.0 64.125
523.0 66.75
524.0 66.0
525.0 64.5
526.0 62.75
527.0 51.875
528.0 68.125
529.0 71.625
530.0 71.25
531.0 49.625
532.0 74.125
533.0 75.75
534.0 75.0
535.0 82.375
536.0 80.125
537.0 99.0
538.0 94.875
539.0 93.875
540.0 94.125
541.0 122.375
542.0 111.0
543.0 98.125
544.0 120.5
545.0 124.5
546.0 85.375
547.0 116.125
548.0 101.25
549.0 111.5
550.0 98.5
551.0 112.0
552.0 135.0
553.0 111.125
554.0 133.75
555.0 112.375
556.0 101.375
557.0 92.75
558.0 39.125
559.0 7.5
560.0 4.25
561.0 4.0
562.0 0.25
563.0 4.0
564.0 9.375
565.0 10.625
566.0 13.5
567.0 27.125
568.0 95.125
569.0 115.125
570.0 110.0
571.0 122.5
572.0 124.25
573.0 115.125
574.0 111.5
575.0 142.5
576.0 138.75
577.0 132.5
578.0 106.875
579.0 140.0
580.0 161.25
581.0 157.5
582.0 138.75
583.0 107.75
584.0 143.75
585.0 35.75
586.0 0.25
587.0 13.875
588.0 18.125
589.0 86.375
590.0 90.875
591.0 99.0
592.0 130.0
593.0 151.25
594.0 135.0
595.0 132.5
596.0 110.875
597.0 148.75
598.0 145.0
599.0 153.75
600.0 141.25
601.0 140.0
602.0 153.75
603.0 142.5
604.0 109.0
605.0 123.625
606.0 111.125
607.0 124.0
608.0 126.25
609.0 101.0
610.0 100.0
611.0 78.375
612.0 61.0
613.0 30.5
614.0 5.875
615.0 0.25
616.0 2.5
617.0 2.875
618.0 3.5
619.0 15.0
620.0 20.75
621.0 2.25
622.0 8.375
623.0 22.5
624.0 19.25
625.0 4.75
626.0 11.75
627.0 2.5
628.0 11.0
629.0 18.125
630.0 20.125
631.0 32.125
632.0 37.5
633.0 34.625
634.0 35.625
635.0 33.0
636.0 41.75
637.0 45.75
638.0 45.75
639.0 52.75
640.0 58.125
641.0 51.75
642.0 55.625
643.0 61.5
644.0 59.375
645.0 41.0
646.0 0.0
647.0 0.0
648.0 13.125
649.0 15.625
650.0 39.875
651.0 48.75
652.0 50.125
653.0 38.875
654.0 50.5
655.0 54.5
656.0 58.75
657.0 32.75
658.0 62.5
659.0 57.875
660.0 37.125
661.0 0.0
662.0 0.0
663.0 0.0
664.0 0.0
665.0 0.0
666.0 11.875
667.0 11.0
668.0 39.375
669.0 54.0
670.0 61.625
671.0 33.25
672.0 45.75
673.0 50.375
674.0 56.25
675.0 60.875
676.0 62.5
677.0 65.25
678.0 59.625
679.0 63.25
680.0 63.25
681.0 62.375
682.0 65.125
683.0 68.25
684.0 68.625
685.0 72.125
686.0 74.75
687.0 79.375
688.0 85.75
689.0 81.875
690.0 97.75
691.0 85.5
692.0 100.75
693.0 101.5
694.0 97.375
695.0 104.5
696.0 91.625
697.0 101.125
698.0 113.875
699.0 104.875
700.0 104.25
701.0 115.125
702.0 111.375
703.0 121.375
704.0 146.25
705.0 138.75
706.0 127.5
707.0 118.75
708.0 150.0
709.0 128.75
710.0 151.25
711.0 172.5
712.0 142.5
713.0 186.25
714.0 187.5
715.0 148.75
716.0 102.75
717.0 198.75
718.0 198.75
719.0 148.75
720.0 168.75
721.0 181.25
722.0 198.75
723.0 153.75
724.0 185.0
725.0 143.75
726.0 120.5
727.0 160.0
728.0 187.5
729.0 105.875
730.0 119.25
731.0 150.0
732.0 150.0
733.0 150.0
734.0 180.0
735.0 185.0
736.0 162.5
737.0 163.75
738.0 147.5
739.0 85.375
740.0 161.25
741.0 165.0
742.0 147.5
743.0 130.0
744.0 145.0
745.0 141.25
746.0 137.5
747.0 100.375
748.0 137.5
749.0 102.625
750.0 148.75
751.0 150.0
752.0 141.25
753.0 142.5
754.0 137.5
755.0 158.75
756.0 147.5
757.0 142.5
758.0 130.0
759.0 117.75
760.0 137.5
761.0 35.875
762.0 1.0
763.0 3.25
764.0 0.0
765.0 15.5
766.0 11.625
767.0 26.0
768.0 37.625
769.0 47.875
770.0 54.25
771.0 67.125
772.0 73.125
773.0 84.25
774.0 88.125
775.0 94.125
776.0 90.75
777.0 86.375
778.0 105.625
779.0 107.0
780.0 89.875
781.0 70.0
782.0 80.125
783.0 75.0
784.0 32.0
785.0 0.125
786.0 0.0
787.0 0.0
788.0 0.375
789.0 0.0
790.0 14.625
791.0 13.125
792.0 12.0
793.0 15.125
794.0 11.375
795.0 11.375
796.0 9.875
797.0 14.75
798.0 14.875
799.0 11.0
