1.0 11.0
2.0 32.125
3.0 62.125
4.0 86.375
5.0 73.5
6.0 5.5
7.0 0.0
8.0 0.0
9.0 0.0
10.0 0.0
11.0 7.0
12.0 12.375
13.0 12.25
14.0 6.0
15.0 12.875
16.0 13.0
17.0 95.125
18.0 108.125
19.0 56.625
20.0 8.25
21.0 13.5
22.0 14.125
23.0 13.5
24.0 13.0
25.0 14.625
26.0 12.0
27.0 14.625
28.0 10.0
29.0 14.125
30.0 12.75
31.0 9.75
32.0 15.5
33.0 48.875
34.0 54.5
35.0 51.625
36.0 61.625
37.0 64.875
38.0 8.75
39.0 12.375
40.0 14.875
41.0 2.125
42.0 0.0
43.0 0.875
44.0 0.0
45.0 2.0
46.0 2.25
47.0 6.0
48.0 6.375
49.0 7.625
50.0 15.125
51.0 13.5
52.0 12.125
53.0 15.0
54.0 10.25
55.0 28.625
56.0 25.625
57.0 19.625
58.0 4.25
59.0 13.25
60.0 2.625
61.0 7.25
62.0 4.125
63.0 3.375
64.0 3.5
65.0 6.625
66.0 11.375
67.0 15.375
68.0 15.625
69.0 15.25
70.0 13.125
71.0 14.25
72.0 12.625
73.0 12.75
74.0 15.5
75.0 38.5
76.0 42.125
77.0 36.25
78.0 13.125
79.0 14.625
80.0 13.375
81.0 13.75
82.0 13.625
83.0 14.375
84.0 15.375
85.0 11.125
86.0 11.875
87.0 13.375
88.0 12.625
89.0 13.25
90.0 15.375
91.0 10.375
92.0 12.75
93.0 11.5
94.0 10.625
95.0 14.25
96.0 61.5
97.0 88.75
98.0 103.5
99.0 108.5
100.0 93.5
101.0 105.875
102.0 11.625
103.0 15.0
104.0 15.25
105.0 81.875
106.0 28.0
107.0 15.625
108.0 15.25
109.0 13.125
110.0 81.375
111.0 77.875
112.0 50.0
113.0 21.875
114.0 8.875
115.0 10.75
116.0 12.5
117.0 9.5
118.0 15.125
119.0 11.0
120.0 12.75
121.0 72.625
122.0 76.0
123.0 81.625
124.0 86.25
125.0 87.375
126.0 89.0
127.0 43.75
128.0 5.0
129.0 9.875
130.0 14.5
131.0 161.25
132.0 153.75
133.0 168.75
134.0 95.875
135.0 130.0
136.0 75.125
137.0 73.0
138.0 102.75
139.0 51.75
140.0 1.25
141.0 13.25
142.0 13.125
143.0 13.25
144.0 2.0
145.0 0.875
146.0 0.0
147.0 8.125
148.0 6.0
149.0 1.625
150.0 0.0
151.0 14.375
152.0 3.0
153.0 5.875
154.0 6.25
155.0 16.875
156.0 15.625
157.0 26.0
158.0 25.75
159.0 36.375
160.0 36.875
161.0 42.0
162.0 44.875
163.0 45.125
164.0 42.375
165.0 47.125
166.0 9.125
167.0 13.125
168.0 16.25
169.0 14.875
170.0 15.5
171.0 38.125
172.0 54.5
173.0 57.875
174.0 69.875
175.0 67.125
176.0 89.875
177.0 96.25
178.0 96.875
179.0 127.5
180.0 127.5
181.0 94.875
182.0 161.25
183.0 176.25
184.0 155.0
185.0 180.0
186.0 4.375
187.0 23.75
188.0 14.25
189.0 131.25
190.0 172.5
191.0 101.625
192.0 56.125
193.0 0.125
194.0 4.625
195.0 14.625
196.0 15.125
197.0 39.75
198.0 35.125
199.0 75.25
200.0 79.75
201.0 80.5
202.0 43.75
203.0 88.125
204.0 2.875
205.0 14.0
206.0 15.375
207.0 14.5
208.0 12.625
209.0 14.125
210.0 13.5
211.0 13.625
212.0 14.125
213.0 13.5
214.0 15.625
215.0 14.0
216.0 14.125
217.0 11.75
218.0 14.875
219.0 11.125
220.0 15.125
221.0 13.875
222.0 15.25
223.0 123.375
224.0 116.375
225.0 130.0
226.0 120.5
227.0 148.75
228.0 162.5
229.0 153.75
230.0 39.625
231.0 16.625
232.0 13.5
233.0 21.375
234.0 34.25
235.0 11.75
236.0 6.75
237.0 2.5
238.0 3.5
239.0 17.5
240.0 12.5
241.0 12.75
242.0 79.25
243.0 87.125
244.0 102.25
245.0 117.5
246.0 114.5
247.0 130.0
248.0 163.75
249.0 165.0
250.0 157.5
251.0 131.25
