1.0 13.0
2.0 36.5
3.0 52.0
4.0 61.0
5.0 62.0
6.0 60.5
7.0 50.0
8.0 62.5
9.0 54.5
10.0 48.0
11.0 61.0
12.0 53.0
13.0 49.0
14.0 58.0
15.0 54.5
16.0 45.0
17.0 53.5
18.0 61.5
19.0 61.0
20.0 52.0
21.0 59.0
22.0 48.0
23.0 24.0
24.0 29.0
25.0 32.5
26.0 38.5
27.0 25.5
28.0 8.5
29.0 10.5
30.0 62.5
31.0 45.5
32.0 55.5
33.0 27.5
34.0 34.0
35.0 40.0
36.0 43.5
37.0 47.5
38.0 55.0
39.0 63.5
40.0 82.5
41.0 92.5
42.0 79.5
43.0 20.5
44.0 3.0
45.0 7.0
46.0 6.0
47.0 6.5
48.0 52.5
49.0 53.5
50.0 40.0
51.0 54.5
52.0 53.0
53.0 60.0
54.0 59.5
55.0 47.0
56.0 54.5
57.0 52.5
58.0 51.0
59.0 61.5
60.0 59.0
61.0 48.5
62.0 59.0
63.0 178.0
64.0 167.5
65.0 202.0
66.0 185.0
67.0 201.5
68.0 192.0
69.0 224.0
70.0 231.5
71.0 143.5
72.0 135.0
73.0 60.0
74.0 69.0
75.0 72.5
76.0 79.0
77.0 50.0
78.0 62.5
79.0 57.0
80.0 62.0
81.0 49.0
82.0 121.5
83.0 201.0
84.0 223.0
85.0 228.0
86.0 242.0
87.0 223.5
88.0 221.5
89.0 235.0
90.0 54.5
91.0 52.5
92.0 60.5
93.0 49.5
94.0 60.0
95.0 56.5
96.0 62.5
97.0 56.0
98.0 44.0
99.0 55.5
100.0 56.5
101.0 59.5
102.0 52.0
103.0 58.5
104.0 60.5
105.0 57.5
106.0 52.0
107.0 267.0
108.0 340.0
109.0 428.5
110.0 371.5
111.0 390.0
112.0 441.5
113.0 53.5
114.0 56.5
115.0 320.5
116.0 388.5
117.0 363.0
118.0 384.5
119.0 173.5
120.0 336.5
121.0 234.0
122.0 272.5
123.0 214.0
124.0 55.0
125.0 54.0
126.0 58.5
127.0 50.0
128.0 43.0
129.0 59.0
130.0 58.0
131.0 32.0
132.0 172.5
133.0 319.5
134.0 102.5
135.0 22.5
136.0 10.5
137.0 0.0
138.0 2.0
139.0 44.5
140.0 57.5
141.0 100.5
142.0 73.5
143.0 30.5
144.0 32.0
145.0 15.0
146.0 31.0
147.0 39.0
148.0 33.0
149.0 7.0
150.0 0.5
151.0 10.5
152.0 0.0
153.0 2.0
154.0 53.5
155.0 61.5
156.0 63.5
157.0 132.0
158.0 147.0
159.0 164.5
160.0 192.0
161.0 226.0
162.0 265.0
163.0 238.5
164.0 57.0
165.0 71.0
166.0 174.5
167.0 195.5
168.0 199.0
169.0 191.0
170.0 72.0
171.0 22.0
172.0 17.0
173.0 26.5
174.0 26.0
175.0 22.0
176.0 19.5
177.0 11.5
178.0 45.5
179.0 58.5
180.0 35.5
181.0 44.5
182.0 42.0
183.0 57.0
184.0 61.0
185.0 62.5
186.0 60.0
187.0 59.0
188.0 60.5
189.0 57.5
190.0 45.5
191.0 62.5
192.0 61.5
193.0 62.0
194.0 61.0
195.0 54.0
196.0 60.5
197.0 47.0
198.0 141.0
199.0 195.5
200.0 183.5
201.0 152.0
202.0 46.5
203.0 49.5
204.0 31.5
205.0 9.0
206.0 42.5
207.0 28.5
208.0 62.0
209.0 46.5
210.0 107.0
211.0 107.5
212.0 96.5
213.0 96.5
214.0 105.0
215.0 103.0
216.0 102.0
217.0 90.0
218.0 100.0
219.0 97.0
220.0 88.5
