1.0 101.5
2.0 195.0
3.0 217.5
4.0 226.25
5.0 225.0
6.0 222.5
7.0 195.0
8.0 206.25
9.0 218.75
10.0 217.5
11.0 185.0
12.0 180.0
13.0 201.25
14.0 202.5
15.0 221.25
16.0 193.75
17.0 207.5
18.0 211.25
19.0 208.75
20.0 163.75
21.0 168.75
22.0 112.5
23.0 79.5
24.0 71.125
25.0 67.375
26.0 68.625
27.0 69.625
28.0 94.25
29.0 105.625
30.0 118.0
31.0 123.875
32.0 138.75
33.0 135.0
34.0 142.5
35.0 119.5
36.0 73.875
37.0 40.5
38.0 11.25
39.0 4.25
40.0 12.0
41.0 14.0
42.0 15.5
43.0 17.125
44.0 65.0
45.0 95.25
46.0 104.25
47.0 109.375
48.0 97.0
49.0 137.5
50.0 151.25
51.0 157.5
52.0 180.0
53.0 198.75
54.0 215.0
55.0 198.75
56.0 211.25
57.0 202.5
58.0 46.375
59.0 1.875
60.0 15.5
61.0 15.625
62.0 14.75
63.0 122.25
64.0 165.0
65.0 177.5
66.0 206.25
67.0 212.5
68.0 55.375
69.0 53.125
70.0 223.75
71.0 206.25
72.0 202.5
73.0 165.0
74.0 143.75
75.0 110.75
76.0 124.75
77.0 117.5
78.0 128.75
79.0 132.5
80.0 94.625
81.0 103.875
82.0 92.125
83.0 106.0
84.0 80.625
85.0 119.375
86.0 17.0
87.0 21.25
88.0 60.125
89.0 95.125
90.0 123.625
91.0 93.5
92.0 78.0
93.0 48.75
94.0 65.0
95.0 126.25
96.0 96.5
97.0 135.0
98.0 135.0
99.0 162.5
100.0 117.125
101.0 58.75
102.0 34.375
103.0 27.625
104.0 98.875
105.0 92.25
106.0 84.5
107.0 141.25
108.0 20.75
109.0 22.875
110.0 13.75
111.0 17.25
112.0 34.75
113.0 58.5
114.0 1.25
115.0 1.75
116.0 0.125
117.0 0.125
118.0 15.125
119.0 75.125
120.0 87.0
121.0 80.125
122.0 40.625
123.0 80.25
124.0 80.0
125.0 82.75
126.0 64.375
127.0 91.375
128.0 45.375
129.0 43.5
130.0 0.5
131.0 49.375
132.0 32.875
133.0 60.375
134.0 54.125
135.0 28.25
136.0 24.375
137.0 2.0
138.0 5.75
139.0 2.75
140.0 4.25
141.0 3.25
142.0 3.0
143.0 15.875
144.0 21.75
145.0 10.0
146.0 35.625
147.0 58.125
148.0 34.625
149.0 65.125
150.0 54.5
151.0 64.375
152.0 11.0
153.0 1.25
154.0 0.75
155.0 4.375
156.0 10.0
157.0 9.0
158.0 6.25
159.0 1.25
160.0 0.0
161.0 1.875
162.0 5.875
163.0 2.0
164.0 2.125
165.0 1.0
166.0 3.125
167.0 4.875
168.0 4.625
169.0 4.0
170.0 1.5
171.0 3.375
172.0 2.75
173.0 1.75
174.0 1.375
175.0 3.375
176.0 3.375
177.0 1.25
178.0 1.5
179.0 0.25
180.0 1.0
181.0 0.875
182.0 1.125
183.0 1.75
184.0 0.375
185.0 1.625
186.0 0.875
187.0 0.75
188.0 0.375
189.0 1.125
190.0 2.125
191.0 0.625
192.0 2.0
193.0 1.25
194.0 0.5
195.0 1.875
196.0 14.375
197.0 14.625
198.0 12.0
199.0 2.25
200.0 1.0
201.0 2.25
202.0 0.125
203.0 1.875
204.0 2.75
205.0 11.375
206.0 13.375
207.0 3.5
208.0 7.375
209.0 0.125
210.0 4.375
211.0 15.125
212.0 15.25
213.0 23.5
214.0 32.25
215.0 43.375
216.0 51.125
217.0 59.625
218.0 69.25
219.0 79.875
220.0 87.75
221.0 107.0
222.0 128.75
223.0 152.5
224.0 186.25
225.0 157.5
226.0 181.25
227.0 182.5
228.0 156.25
229.0 142.5
230.0 114.875
231.0 91.25
232.0 76.5
233.0 70.375
234.0 77.75
235.0 98.75
236.0 82.75
237.0 90.5
238.0 0.125
239.0 0.0
240.0 1.5
241.0 23.25
242.0 14.875
243.0 12.75
244.0 77.625
245.0 83.0
246.0 102.125
247.0 83.75
248.0 110.875
249.0 103.375
250.0 113.25
251.0 103.875
252.0 124.75
253.0 90.625
254.0 1.25
255.0 0.0
256.0 23.75
257.0 18.0
258.0 15.5
259.0 11.375
260.0 0.0
261.0 0.0
262.0 0.0
263.0 0.0
264.0 0.0
265.0 0.0
266.0 0.0
267.0 0.0
268.0 0.0
269.0 0.0
270.0 0.0
271.0 0.0
272.0 0.0
273.0 0.0
274.0 0.0
275.0 0.0
276.0 0.0
277.0 0.0
278.0 0.0
279.0 0.0
280.0 0.0
281.0 0.0
282.0 0.0
283.0 0.0
284.0 0.0
285.0 0.0
286.0 0.0
287.0 0.0
288.0 0.0
289.0 0.0
290.0 0.0
291.0 0.0
292.0 0.0
293.0 0.0
294.0 0.0
295.0 0.0
296.0 0.0
297.0 0.0
298.0 0.0
299.0 0.0
300.0 8.875
301.0 10.125
302.0 57.0
303.0 14.25
304.0 80.25
305.0 75.875
306.0 88.0
307.0 25.125
308.0 0.375
309.0 5.25
310.0 9.875
311.0 13.625
312.0 11.0
313.0 13.375
314.0 8.875
315.0 15.25
316.0 14.75
317.0 13.25
318.0 72.375
319.0 84.5
320.0 76.5
321.0 73.625
322.0 77.25
323.0 88.875
324.0 38.375
325.0 3.0
326.0 45.875
327.0 15.625
328.0 11.25
329.0 0.375
330.0 15.625
331.0 15.25
332.0 13.0
333.0 80.25
334.0 64.5
335.0 76.125
336.0 89.625
337.0 91.75
338.0 50.625
339.0 19.625
340.0 2.75
341.0 3.625
342.0 15.0
343.0 13.625
344.0 10.25
345.0 15.625
346.0 13.5
347.0 12.125
348.0 12.375
349.0 12.5
350.0 38.75
351.0 25.75
352.0 5.25
353.0 14.875
354.0 15.375
355.0 12.125
356.0 76.0
357.0 91.125
358.0 107.125
359.0 115.125
360.0 111.125
361.0 145.0
362.0 148.75
363.0 165.0
364.0 182.5
365.0 215.0
366.0 152.5
367.0 178.75
368.0 217.5
369.0 203.75
370.0 211.25
371.0 217.5
372.0 210.0
373.0 186.25
374.0 172.5
375.0 203.75
376.0 218.75
377.0 220.0
378.0 212.5
379.0 197.5
380.0 217.5
381.0 192.5
382.0 138.75
383.0 175.0
384.0 3.375
385.0 2.125
386.0 13.75
387.0 12.375
388.0 195.0
389.0 193.75
390.0 183.75
391.0 136.25
392.0 118.875
393.0 145.0
394.0 145.0
395.0 162.5
396.0 145.0
397.0 158.75
398.0 141.25
399.0 146.25
400.0 138.75
401.0 130.0
402.0 157.5
403.0 106.875
404.0 117.0
405.0 111.875
406.0 160.0
407.0 193.75
408.0 200.0
409.0 176.25
410.0 127.5
411.0 0.0
412.0 2.0
413.0 13.75
414.0 13.125
415.0 12.25
416.0 21.5
417.0 28.125
418.0 7.625
419.0 14.625
420.0 0.5
421.0 0.625
422.0 1.0
423.0 1.25
424.0 11.625
425.0 14.0
426.0 14.125
427.0 11.625
428.0 14.375
429.0 13.625
430.0 13.125
431.0 10.125
432.0 20.0
433.0 26.5
434.0 9.5
435.0 23.0
436.0 29.625
437.0 14.375
438.0 25.125
439.0 21.5
440.0 18.125
441.0 27.125
442.0 24.625
443.0 31.375
444.0 23.75
445.0 33.625
446.0 37.125
447.0 30.375
448.0 34.75
449.0 34.0
450.0 33.625
451.0 23.25
452.0 37.125
453.0 41.375
454.0 43.625
455.0 23.875
456.0 29.375
457.0 33.25
458.0 32.25
459.0 18.5
460.0 30.0
461.0 46.625
462.0 24.875
463.0 13.125
464.0 19.25
465.0 27.0
466.0 32.875
467.0 21.875
468.0 24.75
469.0 26.5
470.0 26.375
471.0 32.875
472.0 61.875
473.0 71.75
474.0 79.875
475.0 83.125
476.0 92.25
477.0 90.875
478.0 97.75
479.0 103.375
480.0 94.625
481.0 131.25
482.0 110.625
483.0 135.0
484.0 109.625
485.0 158.75
486.0 178.75
487.0 126.25
488.0 128.75
489.0 145.0
490.0 190.0
491.0 137.5
492.0 117.0
493.0 93.75
494.0 94.125
495.0 112.875
496.0 111.125
497.0 126.25
498.0 128.75
499.0 126.25
500.0 140.0
501.0 146.25
502.0 150.0
503.0 158.75
504.0 95.875
505.0 156.25
506.0 145.0
507.0 172.5
508.0 181.25
509.0 91.375
510.0 95.625
511.0 116.25
512.0 140.0
513.0 111.375
514.0 102.875
515.0 103.625
516.0 92.125
517.0 91.875
518.0 20.875
519.0 0.125
520.0 13.0
521.0 13.375
522.0 13.25
523.0 12.0
524.0 15.5
525.0 12.5
526.0 13.625
527.0 11.25
528.0 15.25
529.0 11.25
530.0 12.75
531.0 15.5
532.0 11.125
533.0 14.625
534.0 14.375
535.0 13.0
536.0 14.5
537.0 14.75
538.0 15.125
539.0 14.875
540.0 12.875
541.0 14.5
542.0 14.625
543.0 15.5
544.0 12.0
545.0 14.25
546.0 13.25
547.0 14.125
548.0 13.625
549.0 12.375
550.0 12.0
551.0 12.0
552.0 11.125
553.0 15.5
554.0 11.875
555.0 14.125
556.0 15.375
557.0 14.0
558.0 13.25
559.0 13.875
560.0 13.875
561.0 14.0
562.0 12.5
563.0 15.25
564.0 14.25
565.0 15.375
566.0 109.625
567.0 115.375
568.0 116.25
569.0 114.75
570.0 97.625
571.0 117.625
572.0 116.375
573.0 112.875
574.0 105.125
575.0 107.875
576.0 98.375
577.0 18.75
578.0 0.0
579.0 0.0
580.0 0.0
581.0 0.0
582.0 0.0
583.0 0.0
584.0 0.0
585.0 13.625
586.0 15.625
587.0 12.875
588.0 14.875
589.0 12.125
590.0 12.75
591.0 15.375
592.0 13.25
593.0 14.625
594.0 14.5
595.0 11.25
596.0 14.125
597.0 11.625
598.0 15.0
599.0 11.125
600.0 12.875
601.0 15.375
602.0 12.125
603.0 15.5
604.0 12.625
605.0 13.5
606.0 12.25
607.0 11.25
608.0 13.375
609.0 15.625
610.0 11.75
611.0 13.5
612.0 11.875
613.0 12.75
614.0 15.0
615.0 13.0
616.0 15.375
617.0 14.625
618.0 14.875
619.0 14.0
620.0 11.125
621.0 12.875
622.0 14.875
623.0 13.75
624.0 12.75
625.0 13.75
626.0 14.5
627.0 12.25
628.0 15.375
629.0 15.375
630.0 14.25
631.0 15.625
632.0 15.0
633.0 13.375
634.0 13.75
635.0 14.125
636.0 14.75
637.0 56.375
638.0 64.75
639.0 59.625
640.0 63.375
641.0 52.625
642.0 30.625
643.0 9.375
644.0 40.875
645.0 14.375
646.0 81.875
647.0 78.625
648.0 82.125
649.0 86.0
650.0 89.625
651.0 86.25
652.0 92.75
653.0 96.0
654.0 102.375
655.0 86.375
656.0 94.875
657.0 107.875
658.0 114.5
659.0 114.75
660.0 123.5
661.0 114.875
662.0 126.25
663.0 117.375
664.0 133.75
665.0 148.75
666.0 116.5
667.0 103.25
668.0 55.25
669.0 5.625
670.0 5.125
671.0 5.125
672.0 6.5
673.0 6.625
674.0 1.25
675.0 2.5
676.0 4.375
677.0 8.875
678.0 24.625
679.0 13.375
680.0 53.125
681.0 4.25
682.0 0.0
683.0 0.0
684.0 0.0
685.0 0.0
686.0 0.0
687.0 10.125
688.0 5.75
689.0 14.125
690.0 55.5
691.0 2.625
692.0 5.0
693.0 15.0
694.0 54.625
695.0 55.375
696.0 58.25
697.0 52.75
698.0 5.875
699.0 0.0
700.0 0.0
701.0 0.0
702.0 8.0
703.0 10.5
704.0 14.75
705.0 10.25
706.0 12.875
707.0 50.0
708.0 49.75
709.0 55.625
710.0 58.0
711.0 62.625
712.0 58.5
713.0 65.125
714.0 70.375
715.0 71.0
716.0 67.25
717.0 71.875
718.0 68.75
719.0 68.875
720.0 73.125
721.0 46.0
722.0 1.5
723.0 60.625
724.0 4.625
725.0 7.125
726.0 10.75
727.0 15.125
728.0 49.75
729.0 45.75
730.0 47.875
731.0 48.25
732.0 44.75
733.0 42.125
734.0 36.875
735.0 43.0
736.0 51.0
737.0 47.0
738.0 56.375
739.0 54.125
740.0 55.125
741.0 44.625
742.0 54.375
743.0 58.125
744.0 55.75
745.0 34.75
746.0 5.5
747.0 7.25
748.0 11.625
749.0 14.125
750.0 14.0
751.0 14.375
752.0 15.625
753.0 10.25
754.0 12.375
755.0 36.125
756.0 33.875
757.0 9.0
758.0 9.25
759.0 12.625
760.0 14.125
761.0 13.5
762.0 14.25
763.0 13.875
764.0 15.5
765.0 44.375
766.0 42.625
767.0 40.25
768.0 43.125
769.0 50.875
770.0 23.5
771.0 2.5
772.0 31.5
773.0 11.875
774.0 51.875
775.0 27.25
776.0 0.0
777.0 0.0
778.0 0.0
779.0 0.0
780.0 0.0
781.0 3.125
782.0 2.625
783.0 11.0
784.0 11.375
785.0 41.0
786.0 40.625
787.0 41.25
788.0 44.875
789.0 34.375
790.0 28.75
791.0 40.5
792.0 43.375
793.0 46.375
794.0 49.875
795.0 51.375
796.0 51.375
797.0 49.625
798.0 57.5
