1.0 13.125
2.0 14.75
3.0 13.5
4.0 15.625
5.0 11.875
6.0 15.625
7.0 13.625
8.0 13.875
9.0 13.0
10.0 13.0
11.0 14.0
12.0 10.0
13.0 12.5
14.0 13.0
15.0 11.5
16.0 14.625
17.0 11.75
18.0 11.625
19.0 15.5
20.0 11.875
21.0 13.5
22.0 13.875
23.0 12.625
24.0 16.875
25.0 27.875
26.0 9.75
27.0 14.375
28.0 11.875
29.0 12.625
30.0 6.0
31.0 11.375
32.0 21.25
33.0 17.75
34.0 20.0
35.0 19.5
36.0 4.0
37.0 2.0
38.0 1.375
39.0 9.625
40.0 15.0
41.0 12.875
42.0 11.375
43.0 11.75
44.0 13.625
45.0 13.5
46.0 14.25
47.0 12.5
48.0 14.875
49.0 13.5
50.0 13.5
51.0 13.875
52.0 15.625
53.0 15.625
54.0 14.75
55.0 15.25
56.0 12.875
57.0 15.25
58.0 12.375
59.0 11.75
60.0 14.375
61.0 12.125
62.0 13.375
63.0 14.125
64.0 14.0
65.0 12.25
66.0 14.625
67.0 14.0
68.0 14.875
69.0 10.125
70.0 11.375
71.0 15.25
72.0 13.25
73.0 13.125
74.0 12.5
75.0 14.0
76.0 14.25
77.0 14.0
78.0 13.75
79.0 14.75
80.0 14.875
81.0 11.375
82.0 12.25
83.0 15.375
84.0 12.75
85.0 13.125
86.0 15.125
87.0 15.25
88.0 14.0
89.0 13.125
90.0 13.125
91.0 10.625
92.0 15.0
93.0 14.375
94.0 15.5
95.0 14.875
96.0 15.0
97.0 15.625
98.0 11.0
99.0 13.625
100.0 12.875
101.0 11.875
102.0 14.25
103.0 14.375
104.0 15.125
105.0 18.25
106.0 20.0
107.0 22.75
108.0 29.625
109.0 35.625
110.0 32.75
111.0 30.75
112.0 38.875
113.0 51.375
114.0 61.125
115.0 67.875
116.0 89.25
117.0 101.0
118.0 109.25
119.0 101.25
120.0 60.5
121.0 71.375
122.0 84.875
123.0 36.875
124.0 34.125
125.0 57.5
126.0 58.375
127.0 46.75
128.0 6.25
129.0 0.125
130.0 1.75
131.0 1.125
132.0 2.25
133.0 0.375
134.0 0.375
135.0 3.25
136.0 14.75
137.0 14.0
138.0 12.875
139.0 14.25
140.0 12.375
141.0 12.75
142.0 10.625
143.0 15.125
144.0 14.5
145.0 14.125
146.0 11.875
147.0 14.625
148.0 9.375
149.0 8.625
150.0 6.875
151.0 11.125
152.0 11.5
153.0 12.75
154.0 13.875
155.0 11.375
156.0 4.25
157.0 3.375
158.0 3.125
159.0 3.125
160.0 3.0
161.0 2.75
162.0 13.25
163.0 13.5
164.0 7.375
165.0 2.75
166.0 2.875
167.0 3.375
168.0 3.0
169.0 2.625
170.0 13.375
171.0 14.625
172.0 15.5
173.0 22.125
174.0 32.75
175.0 31.875
176.0 27.625
177.0 27.875
178.0 16.625
179.0 17.5
180.0 10.0
181.0 8.375
182.0 4.125
183.0 25.375
184.0 46.75
185.0 17.0
186.0 10.625
187.0 0.0
188.0 0.0
189.0 0.0
190.0 14.875
191.0 15.375
192.0 14.0
193.0 12.0
194.0 13.75
195.0 12.125
196.0 12.375
197.0 15.375
198.0 14.125
199.0 13.5
200.0 15.0
201.0 11.375
202.0 12.125
203.0 14.0
204.0 12.75
205.0 14.0
206.0 17.875
207.0 16.75
208.0 15.625
209.0 18.25
210.0 30.75
211.0 31.875
212.0 20.25
213.0 9.75
214.0 15.375
215.0 12.375
216.0 15.625
217.0 1.375
218.0 13.5
219.0 15.75
220.0 26.125
221.0 35.625
222.0 30.25
223.0 27.5
224.0 11.75
225.0 13.25
226.0 12.75
227.0 14.25
228.0 14.375
229.0 15.0
230.0 13.75
231.0 12.75
232.0 14.5
233.0 15.25
234.0 13.875
235.0 12.25
236.0 15.625
237.0 14.375
238.0 13.0
239.0 14.125
240.0 12.0
241.0 13.0
242.0 12.75
243.0 14.5
244.0 11.875
245.0 15.375
246.0 11.375
247.0 13.875
248.0 15.375
249.0 12.875
250.0 11.875
