1.0 21.25
2.0 38.0
3.0 60.5
4.0 68.0
5.0 85.5
6.0 86.875
7.0 44.75
8.0 12.375
9.0 15.375
10.0 29.625
11.0 9.375
12.0 11.75
13.0 15.0
14.0 17.5
15.0 51.125
16.0 81.625
17.0 94.375
18.0 92.5
19.0 79.0
20.0 87.75
21.0 83.0
22.0 76.5
23.0 76.75
24.0 87.375
25.0 89.625
26.0 151.25
27.0 99.75
28.0 101.125
29.0 81.125
30.0 53.5
31.0 36.125
32.0 23.125
33.0 84.375
34.0 88.125
35.0 94.125
36.0 95.875
37.0 56.875
38.0 55.125
39.0 9.5
40.0 13.5
41.0 78.375
42.0 130.0
43.0 113.75
44.0 104.0
45.0 94.875
46.0 85.625
47.0 100.125
48.0 75.125
49.0 12.5
50.0 12.375
51.0 100.25
52.0 146.25
53.0 148.75
54.0 138.75
55.0 99.75
56.0 102.125
57.0 126.25
58.0 130.0
59.0 95.125
60.0 102.875
61.0 109.0
62.0 121.375
63.0 111.5
64.0 91.125
65.0 13.0
66.0 14.25
67.0 57.0
68.0 80.25
69.0 77.0
70.0 95.25
71.0 83.75
72.0 74.25
73.0 91.625
74.0 102.0
75.0 91.5
76.0 104.875
77.0 72.25
78.0 80.125
79.0 73.75
80.0 86.0
81.0 84.875
82.0 82.625
83.0 77.875
84.0 85.75
85.0 76.25
86.0 81.0
87.0 106.5
88.0 124.75
89.0 104.0
90.0 127.5
91.0 126.25
92.0 109.125
93.0 116.125
94.0 56.5
95.0 13.375
96.0 63.625
97.0 178.75
98.0 158.75
99.0 155.0
100.0 135.0
101.0 158.75
102.0 196.25
103.0 192.5
104.0 206.25
105.0 205.0
106.0 203.75
107.0 202.5
108.0 196.25
109.0 162.5
110.0 90.375
111.0 68.625
112.0 103.875
113.0 127.5
114.0 163.75
115.0 165.0
116.0 85.875
117.0 76.375
118.0 22.125
119.0 11.5
120.0 13.75
121.0 12.375
122.0 9.75
123.0 12.5
124.0 12.25
125.0 11.0
126.0 12.125
127.0 14.25
128.0 15.125
129.0 14.375
130.0 15.125
131.0 14.25
132.0 12.75
133.0 11.625
134.0 13.75
135.0 48.5
136.0 61.375
137.0 63.75
138.0 68.0
139.0 78.125
140.0 75.125
141.0 82.625
142.0 99.875
143.0 110.0
144.0 101.25
145.0 50.5
146.0 12.625
147.0 45.75
148.0 94.0
149.0 109.75
150.0 101.625
151.0 137.5
152.0 163.75
153.0 162.5
154.0 215.0
155.0 223.75
156.0 173.75
157.0 195.0
158.0 170.0
159.0 118.75
160.0 111.75
161.0 96.0
162.0 1.5
163.0 0.375
164.0 14.0
165.0 15.25
166.0 14.625
167.0 14.375
168.0 14.75
169.0 11.75
170.0 12.5
171.0 11.375
172.0 13.875
173.0 13.75
174.0 12.625
175.0 11.25
176.0 13.125
177.0 38.5
178.0 59.125
179.0 61.625
180.0 69.125
181.0 60.75
182.0 67.625
183.0 64.0
184.0 4.625
185.0 58.0
186.0 79.75
187.0 79.75
188.0 27.0
189.0 35.75
190.0 44.375
191.0 29.375
192.0 33.5
193.0 51.875
194.0 51.25
195.0 74.25
196.0 74.125
197.0 61.375
198.0 61.0
199.0 57.0
200.0 48.75
201.0 78.25
202.0 64.0
203.0 59.875
204.0 45.25
205.0 46.125
206.0 12.375
207.0 36.5
208.0 42.125
209.0 29.875
210.0 28.75
211.0 51.0
212.0 46.75
213.0 48.125
214.0 28.625
215.0 18.375
216.0 43.375
217.0 26.75
218.0 11.25
219.0 38.375
220.0 40.75
221.0 47.0
222.0 44.0
223.0 25.75
224.0 32.625
225.0 7.0
226.0 1.375
227.0 0.0
228.0 14.75
229.0 12.875
230.0 14.875
231.0 74.625
232.0 90.125
233.0 102.875
234.0 103.5
235.0 106.5
236.0 95.125
237.0 105.625
238.0 103.875
239.0 92.625
240.0 91.75
241.0 92.75
242.0 98.625
243.0 106.125
244.0 116.375
245.0 143.75
246.0 120.25
247.0 145.0
248.0 136.25
249.0 135.0
250.0 133.75
251.0 137.5
252.0 157.5
253.0 136.25
254.0 133.75
255.0 130.0
256.0 151.25
257.0 160.0
258.0 136.25
259.0 121.125
260.0 153.75
261.0 126.25
262.0 135.0
263.0 143.75
264.0 140.0
265.0 132.5
266.0 142.5
267.0 143.75
268.0 141.25
269.0 117.0
270.0 141.25
271.0 127.5
272.0 126.25
273.0 107.125
274.0 13.375
275.0 14.875
276.0 105.875
277.0 107.375
278.0 112.75
279.0 126.25
280.0 122.625
281.0 116.875
282.0 123.625
283.0 108.125
284.0 98.875
285.0 119.0
286.0 141.25
287.0 121.75
288.0 115.25
289.0 114.5
290.0 104.75
291.0 130.0
292.0 151.25
293.0 117.75
294.0 127.5
295.0 131.25
296.0 128.75
297.0 131.25
298.0 150.0
299.0 138.75
300.0 130.0
301.0 124.625
302.0 160.0
303.0 126.25
304.0 108.5
305.0 128.75
306.0 121.0
307.0 35.625
308.0 14.625
309.0 62.125
310.0 111.375
311.0 109.5
312.0 120.875
313.0 161.25
314.0 148.75
315.0 167.5
316.0 190.0
317.0 173.75
318.0 178.75
319.0 185.0
320.0 195.0
321.0 203.75
322.0 177.5
323.0 200.0
324.0 208.75
325.0 168.75
326.0 141.25
327.0 193.75
328.0 187.5
329.0 140.0
330.0 161.25
331.0 186.25
332.0 192.5
333.0 193.75
334.0 145.0
335.0 146.25
336.0 162.5
337.0 170.0
338.0 171.25
339.0 145.0
340.0 163.75
341.0 162.5
342.0 168.75
343.0 162.5
344.0 146.25
345.0 171.25
346.0 156.25
347.0 14.25
348.0 15.25
349.0 94.25
350.0 97.125
351.0 105.375
352.0 81.125
353.0 104.375
354.0 97.375
355.0 108.0
356.0 105.25
357.0 94.125
358.0 87.375
359.0 74.375
360.0 27.5
361.0 22.375
362.0 13.125
363.0 14.375
364.0 11.875
365.0 15.125
366.0 10.625
367.0 13.5
368.0 15.0
369.0 20.375
370.0 58.125
371.0 37.625
372.0 22.5
373.0 10.25
374.0 14.625
375.0 13.875
376.0 7.0
377.0 0.0
378.0 0.0
379.0 0.0
380.0 0.0
381.0 0.0
382.0 0.0
383.0 0.0
384.0 0.0
385.0 0.0
386.0 0.0
387.0 14.625
388.0 15.125
389.0 15.375
390.0 0.0
391.0 0.0
392.0 0.0
393.0 0.625
394.0 15.875
395.0 33.875
396.0 59.25
397.0 61.5
398.0 63.0
399.0 27.5
400.0 15.125
401.0 41.875
402.0 75.375
403.0 83.875
404.0 96.25
405.0 95.5
406.0 99.125
407.0 13.625
408.0 79.875
409.0 95.375
410.0 93.0
411.0 91.875
412.0 105.25
413.0 117.125
414.0 116.125
415.0 103.75
416.0 110.125
417.0 108.75
418.0 105.75
419.0 110.25
420.0 106.5
421.0 98.25
422.0 19.125
423.0 1.25
424.0 0.75
425.0 13.25
426.0 13.125
427.0 13.125
428.0 11.75
429.0 15.375
430.0 13.375
431.0 14.5
432.0 11.5
433.0 15.625
434.0 15.25
435.0 14.5
436.0 14.375
437.0 13.75
438.0 17.875
439.0 34.375
440.0 37.0
441.0 16.75
442.0 1.625
443.0 2.25
444.0 12.5
445.0 14.0
446.0 12.0
447.0 10.875
448.0 11.875
449.0 11.625
450.0 16.25
451.0 12.25
452.0 0.25
453.0 2.0
454.0 7.875
455.0 7.625
456.0 6.625
457.0 0.75
458.0 12.375
459.0 13.375
460.0 15.0
461.0 14.875
462.0 12.25
463.0 11.75
464.0 14.0
465.0 15.375
466.0 12.5
467.0 23.25
468.0 27.625
469.0 9.75
470.0 7.0
471.0 1.75
472.0 5.375
473.0 4.625
474.0 5.375
475.0 14.625
476.0 31.375
477.0 30.625
478.0 31.125
479.0 29.125
480.0 7.25
481.0 7.0
482.0 6.5
483.0 7.875
484.0 17.625
485.0 7.625
486.0 15.625
487.0 11.375
488.0 37.5
489.0 46.0
490.0 43.375
491.0 50.0
492.0 48.5
493.0 43.25
494.0 50.5
495.0 42.125
496.0 53.75
497.0 48.75
498.0 52.625
499.0 62.125
500.0 63.5
501.0 74.125
502.0 76.375
503.0 84.125
504.0 88.25
505.0 96.875
506.0 97.375
507.0 104.125
508.0 99.625
509.0 117.75
510.0 113.625
511.0 72.75
512.0 120.75
513.0 133.75
514.0 128.75
515.0 85.75
516.0 121.75
517.0 126.25
518.0 107.0
519.0 79.0
520.0 120.5
521.0 119.0
522.0 130.0
523.0 142.5
524.0 114.5
525.0 127.5
526.0 118.0
527.0 120.625
528.0 97.625
529.0 126.25
530.0 136.25
531.0 155.0
532.0 130.0
533.0 115.875
534.0 109.125
535.0 80.0
536.0 104.625
537.0 57.0
538.0 54.75
539.0 38.0
540.0 34.375
541.0 72.125
542.0 79.0
543.0 93.875
544.0 93.875
545.0 91.25
546.0 26.875
547.0 19.875
548.0 13.5
549.0 20.5
550.0 52.75
551.0 88.75
552.0 97.125
553.0 91.375
554.0 103.125
555.0 97.125
556.0 83.0
557.0 62.25
558.0 104.0
559.0 94.5
560.0 84.5
561.0 106.0
562.0 85.75
563.0 13.875
564.0 11.25
565.0 70.75
566.0 88.0
567.0 71.0
568.0 71.875
569.0 66.625
570.0 71.875
571.0 63.875
572.0 71.0
573.0 69.625
574.0 97.625
575.0 99.125
576.0 86.125
577.0 106.625
578.0 118.25
579.0 87.625
580.0 117.875
581.0 100.5
582.0 106.375
583.0 130.0
584.0 125.0
585.0 110.125
586.0 96.375
587.0 106.75
588.0 15.125
589.0 18.75
590.0 13.625
591.0 16.5
592.0 71.625
593.0 81.125
594.0 36.5
595.0 34.5
596.0 20.0
597.0 23.25
598.0 10.875
599.0 15.75
600.0 14.625
601.0 37.0
602.0 46.625
603.0 51.875
604.0 42.875
605.0 39.25
606.0 54.5
607.0 56.875
608.0 54.25
609.0 62.125
610.0 25.625
611.0 2.75
612.0 16.875
613.0 45.625
614.0 46.5
615.0 4.875
616.0 15.0
617.0 11.375
618.0 11.125
619.0 17.75
620.0 20.25
621.0 20.5
622.0 6.75
623.0 0.375
624.0 13.625
625.0 10.625
626.0 15.5
627.0 5.375
628.0 0.875
629.0 15.125
630.0 12.375
631.0 7.75
632.0 9.5
633.0 2.625
634.0 14.5
635.0 14.5
636.0 13.5
637.0 12.875
638.0 14.625
639.0 13.875
640.0 13.25
641.0 4.75
642.0 13.25
643.0 14.75
644.0 13.75
645.0 1.125
646.0 0.875
647.0 11.0
648.0 14.375
649.0 2.5
650.0 3.125
651.0 13.125
652.0 14.25
653.0 13.25
654.0 10.375
655.0 2.25
656.0 0.125
657.0 1.75
658.0 2.875
659.0 0.875
660.0 2.125
661.0 0.875
662.0 2.0
663.0 1.375
664.0 1.125
665.0 1.875
666.0 1.375
667.0 1.0
668.0 1.625
669.0 1.625
670.0 0.625
671.0 1.5
672.0 1.125
673.0 1.25
674.0 1.375
675.0 1.5
676.0 1.75
677.0 1.25
678.0 1.75
679.0 1.125
680.0 0.875
681.0 1.0
682.0 2.25
683.0 1.125
684.0 1.25
685.0 1.125
686.0 1.625
687.0 1.375
688.0 0.625
689.0 1.25
690.0 1.625
691.0 1.25
692.0 0.875
693.0 1.375
694.0 1.125
695.0 0.375
696.0 1.25
697.0 0.875
698.0 1.0
699.0 1.0
700.0 1.125
701.0 1.25
702.0 1.0
703.0 0.875
704.0 0.875
705.0 1.0
706.0 0.5
707.0 1.375
708.0 0.625
709.0 0.875
710.0 0.5
711.0 1.0
712.0 0.75
713.0 0.75
714.0 0.75
715.0 0.875
716.0 1.0
717.0 0.875
718.0 0.375
719.0 1.0
720.0 0.375
721.0 0.875
722.0 0.625
723.0 0.625
724.0 0.875
725.0 0.75
726.0 1.125
727.0 0.75
728.0 1.0
729.0 1.125
730.0 1.25
731.0 1.125
732.0 0.5
733.0 1.125
734.0 0.75
735.0 1.0
736.0 0.75
737.0 0.625
738.0 0.5
739.0 0.5
740.0 0.375
741.0 0.625
742.0 0.5
743.0 0.375
744.0 0.625
745.0 0.625
746.0 0.625
747.0 0.25
748.0 0.75
749.0 0.5
750.0 0.375
751.0 0.375
752.0 0.75
753.0 0.625
754.0 0.5
755.0 0.125
756.0 0.125
757.0 0.875
758.0 0.125
759.0 0.5
760.0 0.375
761.0 0.375
762.0 0.375
763.0 0.375
764.0 0.5
765.0 0.375
766.0 12.125
767.0 14.5
768.0 13.875
769.0 13.5
770.0 12.125
771.0 11.5
772.0 11.375
773.0 11.5
774.0 14.25
775.0 15.5
776.0 13.0
777.0 13.75
778.0 13.625
779.0 13.125
780.0 11.0
781.0 12.25
782.0 13.125
783.0 13.75
784.0 14.625
785.0 15.625
786.0 7.5
787.0 2.375
788.0 4.5
789.0 8.875
790.0 10.25
791.0 11.375
792.0 11.0
793.0 1.0
794.0 15.125
795.0 13.125
796.0 11.875
797.0 12.5
798.0 12.75
799.0 16.125
