1.0 13.0
2.0 12.625
3.0 15.25
4.0 11.75
5.0 15.125
6.0 13.25
7.0 14.5
8.0 15.125
9.0 15.0
10.0 14.375
11.0 15.125
12.0 12.625
13.0 12.375
14.0 15.25
15.0 13.375
16.0 13.625
17.0 13.625
18.0 14.0
19.0 13.125
20.0 14.875
21.0 15.125
22.0 11.875
23.0 14.875
24.0 15.125
25.0 15.625
26.0 15.375
27.0 14.75
28.0 15.25
29.0 13.5
30.0 15.375
31.0 12.5
32.0 14.0
33.0 12.5
34.0 14.25
35.0 11.75
36.0 12.875
37.0 13.75
38.0 15.125
39.0 7.625
40.0 10.375
41.0 14.125
42.0 15.75
43.0 9.5
44.0 25.5
45.0 34.5
46.0 45.25
47.0 50.875
48.0 68.875
49.0 77.625
50.0 96.375
51.0 89.875
52.0 61.75
53.0 93.0
54.0 90.625
55.0 94.375
56.0 105.5
57.0 98.375
58.0 101.625
59.0 100.5
60.0 100.125
61.0 103.875
62.0 100.5
63.0 105.75
64.0 47.75
65.0 73.25
66.0 62.0
67.0 48.875
68.0 7.0
69.0 0.125
70.0 16.25
71.0 82.0
72.0 50.0
73.0 9.75
74.0 0.0
75.0 0.0
76.0 0.0
77.0 0.125
78.0 0.0
79.0 11.25
80.0 12.25
81.0 43.125
82.0 75.25
83.0 94.5
84.0 89.875
85.0 89.75
86.0 75.125
87.0 26.125
88.0 94.625
89.0 82.75
90.0 80.0
91.0 100.5
92.0 96.875
93.0 97.375
94.0 93.75
95.0 79.0
96.0 0.0
97.0 0.0
98.0 0.0
99.0 0.0
100.0 0.0
101.0 0.25
102.0 13.875
103.0 62.375
104.0 150.0
105.0 160.0
106.0 143.75
107.0 146.25
108.0 141.25
109.0 157.5
110.0 103.25
111.0 0.0
112.0 0.0
113.0 0.0
114.0 0.0
115.0 0.0
116.0 0.0
117.0 0.0
118.0 15.375
119.0 15.5
120.0 11.125
121.0 14.75
122.0 15.125
123.0 13.375
124.0 14.375
125.0 11.25
126.0 13.125
127.0 13.75
128.0 14.625
129.0 15.125
130.0 15.125
131.0 14.25
132.0 13.125
133.0 12.75
134.0 12.5
135.0 15.0
136.0 14.25
137.0 15.625
138.0 15.125
139.0 15.625
140.0 13.875
141.0 15.5
142.0 148.75
143.0 127.5
144.0 68.375
145.0 90.375
146.0 76.75
147.0 118.5
148.0 138.75
149.0 143.75
150.0 123.0
151.0 99.125
152.0 114.5
153.0 142.5
154.0 146.25
155.0 182.5
156.0 166.25
157.0 145.0
158.0 140.0
159.0 81.875
160.0 21.25
161.0 31.75
162.0 77.875
163.0 125.0
164.0 96.625
165.0 126.25
166.0 100.375
167.0 140.0
168.0 119.5
169.0 182.5
170.0 216.25
171.0 160.0
172.0 173.75
173.0 14.0
174.0 13.5
175.0 14.25
176.0 78.75
177.0 72.5
178.0 22.5
179.0 46.125
180.0 61.875
181.0 63.0
182.0 71.375
183.0 68.875
184.0 85.0
185.0 49.875
186.0 22.125
187.0 34.25
188.0 16.25
189.0 52.25
190.0 70.125
191.0 52.0
192.0 34.25
193.0 74.5
194.0 71.5
195.0 41.375
196.0 33.25
197.0 1.625
198.0 4.625
199.0 28.625
200.0 7.125
201.0 0.5
202.0 36.75
203.0 54.25
204.0 18.875
205.0 36.875
206.0 38.75
207.0 4.75
208.0 31.875
209.0 44.0
210.0 38.0
211.0 7.75
212.0 27.0
213.0 47.625
214.0 49.5
215.0 34.0
216.0 10.25
217.0 28.25
218.0 23.75
219.0 13.625
220.0 16.5
221.0 28.375
222.0 4.875
223.0 5.875
224.0 16.375
225.0 14.125
226.0 40.5
227.0 10.0
228.0 2.75
229.0 15.5
230.0 11.625
231.0 13.0
232.0 44.625
233.0 48.125
234.0 56.375
235.0 60.0
236.0 64.75
237.0 67.5
238.0 75.5
239.0 82.625
240.0 72.375
241.0 67.5
242.0 111.875
243.0 135.0
244.0 147.5
245.0 143.75
246.0 158.75
247.0 124.75
248.0 165.0
249.0 127.5
250.0 118.25
251.0 86.25
252.0 75.375
253.0 4.625
254.0 0.125
255.0 0.0
256.0 8.5
257.0 0.125
258.0 34.0
259.0 16.0
260.0 0.75
261.0 0.375
262.0 13.0
263.0 23.25
264.0 107.875
265.0 126.25
266.0 102.125
267.0 103.125
268.0 60.625
269.0 50.875
270.0 16.875
271.0 0.875
272.0 0.375
273.0 9.625
274.0 12.75
275.0 90.375
276.0 132.5
277.0 170.0
278.0 148.75
279.0 127.5
280.0 132.5
281.0 120.0
282.0 146.25
283.0 153.75
284.0 123.625
285.0 131.25
286.0 118.75
287.0 115.5
288.0 107.375
289.0 130.0
290.0 116.625
291.0 141.25
292.0 110.125
293.0 112.5
294.0 141.25
295.0 117.75
296.0 113.25
297.0 151.25
298.0 157.5
299.0 135.0
300.0 185.0
301.0 161.25
302.0 150.0
303.0 110.875
304.0 128.75
305.0 148.75
306.0 147.5
307.0 123.0
308.0 163.75
309.0 150.0
310.0 130.0
311.0 136.25
312.0 157.5
313.0 137.5
314.0 133.75
315.0 151.25
316.0 168.75
317.0 157.5
318.0 76.0
319.0 0.0
320.0 0.0
321.0 0.0
322.0 0.0
323.0 0.0
324.0 0.125
325.0 14.625
326.0 9.5
327.0 19.625
328.0 25.0
329.0 25.75
330.0 25.375
331.0 24.625
332.0 24.25
333.0 28.5
334.0 29.375
335.0 35.125
336.0 43.25
337.0 99.0
338.0 106.875
339.0 113.0
340.0 146.25
341.0 125.0
342.0 143.75
343.0 138.75
344.0 128.75
345.0 131.25
346.0 136.25
347.0 131.25
348.0 140.0
349.0 117.5
350.0 122.0
351.0 88.125
352.0 38.375
353.0 0.75
354.0 0.0
355.0 0.0
356.0 0.0
357.0 0.0
358.0 0.0
359.0 0.0
360.0 0.0
361.0 0.0
362.0 0.0
363.0 0.0
364.0 0.0
365.0 0.0
366.0 0.0
367.0 0.0
368.0 0.0
369.0 0.0
370.0 0.0
371.0 14.875
372.0 11.75
373.0 12.5
374.0 15.125
375.0 165.0
376.0 113.0
377.0 155.0
378.0 131.25
379.0 137.5
380.0 146.25
381.0 178.75
382.0 177.5
383.0 125.0
384.0 165.0
385.0 198.75
386.0 166.25
387.0 182.5
388.0 173.75
389.0 158.75
390.0 151.25
391.0 147.5
392.0 145.0
393.0 143.75
394.0 126.25
395.0 138.75
396.0 143.75
397.0 160.0
398.0 155.0
399.0 146.25
400.0 178.75
401.0 119.125
402.0 173.75
403.0 137.5
404.0 137.5
405.0 98.0
406.0 30.375
407.0 25.375
408.0 92.125
409.0 76.125
410.0 71.75
411.0 79.5
412.0 89.5
413.0 61.125
414.0 44.75
415.0 43.375
416.0 35.375
417.0 78.75
418.0 54.625
419.0 74.0
420.0 15.25
421.0 0.0
422.0 0.0
423.0 1.625
424.0 11.5
425.0 15.25
426.0 2.25
427.0 6.0
428.0 10.625
429.0 9.5
430.0 77.375
431.0 122.75
432.0 152.5
433.0 140.0
434.0 152.5
435.0 118.625
436.0 128.75
437.0 61.75
438.0 2.625
439.0 18.125
440.0 5.25
441.0 4.0
442.0 3.75
443.0 39.875
444.0 57.75
445.0 23.75
446.0 16.75
447.0 48.875
448.0 34.25
449.0 12.375
450.0 10.25
451.0 63.375
452.0 84.625
453.0 88.625
454.0 83.5
455.0 77.5
456.0 78.5
457.0 68.375
458.0 10.375
459.0 83.125
460.0 89.375
461.0 74.875
462.0 85.5
463.0 113.0
464.0 114.875
465.0 113.75
466.0 113.125
467.0 112.75
468.0 116.375
469.0 117.75
470.0 114.875
471.0 88.375
472.0 132.5
473.0 163.75
474.0 166.25
475.0 192.5
476.0 187.5
477.0 165.0
478.0 202.5
479.0 190.0
480.0 208.75
481.0 230.0
482.0 197.5
483.0 202.5
484.0 171.25
485.0 185.0
486.0 225.0
487.0 228.75
488.0 226.25
489.0 206.25
490.0 203.75
491.0 136.25
492.0 121.125
493.0 126.25
494.0 136.25
495.0 136.25
496.0 142.5
497.0 133.75
498.0 133.75
499.0 130.0
500.0 143.75
501.0 137.5
502.0 136.25
503.0 140.0
504.0 121.875
505.0 126.25
506.0 156.25
507.0 116.25
508.0 130.0
509.0 103.375
510.0 92.125
511.0 96.75
512.0 101.0
513.0 106.625
514.0 110.375
515.0 143.75
516.0 136.25
517.0 118.25
518.0 119.75
519.0 90.25
520.0 103.125
521.0 125.0
522.0 121.75
523.0 120.5
524.0 101.0
525.0 92.0
526.0 85.125
527.0 83.375
528.0 84.375
529.0 0.0
530.0 12.625
531.0 20.875
532.0 100.5
533.0 117.875
534.0 41.125
535.0 45.125
536.0 53.375
537.0 57.25
538.0 0.25
539.0 0.25
540.0 1.0
541.0 32.25
542.0 17.125
543.0 0.625
544.0 0.0
545.0 13.125
546.0 7.25
547.0 0.0
548.0 1.375
549.0 11.875
550.0 49.75
551.0 57.75
552.0 95.375
553.0 92.5
554.0 85.375
555.0 109.5
556.0 0.5
557.0 0.0
558.0 0.0
559.0 0.375
560.0 0.0
561.0 13.75
562.0 13.625
563.0 15.0
564.0 13.75
565.0 7.5
566.0 10.5
567.0 1.5
568.0 0.625
569.0 0.25
570.0 0.25
571.0 2.0
572.0 10.625
573.0 26.0
574.0 5.0
575.0 0.0
576.0 0.0
577.0 1.375
578.0 1.5
579.0 1.5
580.0 0.875
581.0 0.375
582.0 0.5
583.0 1.875
584.0 0.875
585.0 0.875
586.0 2.75
587.0 15.625
588.0 14.375
589.0 15.375
590.0 15.25
591.0 12.625
592.0 12.625
593.0 14.25
594.0 14.875
595.0 10.75
596.0 15.125
597.0 14.5
598.0 14.5
599.0 14.0
600.0 15.125
601.0 15.625
602.0 15.375
603.0 15.0
604.0 14.875
605.0 13.375
606.0 15.625
607.0 13.5
608.0 12.125
609.0 11.0
610.0 14.25
611.0 10.875
612.0 13.5
613.0 15.125
614.0 13.25
615.0 11.125
616.0 10.625
617.0 15.125
618.0 15.125
619.0 13.5
620.0 14.5
621.0 14.625
622.0 13.75
623.0 12.125
624.0 11.0
625.0 14.75
626.0 15.625
627.0 11.5
628.0 12.0
629.0 15.125
630.0 15.25
631.0 12.125
632.0 14.75
633.0 15.625
634.0 13.75
635.0 14.75
636.0 13.625
637.0 14.875
638.0 12.375
639.0 10.875
640.0 12.75
641.0 15.625
642.0 13.875
643.0 14.5
644.0 12.875
645.0 15.375
646.0 12.0
647.0 15.625
648.0 14.125
649.0 13.5
650.0 12.875
651.0 15.625
652.0 41.625
653.0 43.375
654.0 45.25
655.0 49.125
656.0 52.625
657.0 57.25
658.0 42.0
659.0 73.625
660.0 78.375
661.0 104.625
662.0 100.625
663.0 127.5
664.0 133.75
665.0 166.25
666.0 126.25
667.0 152.5
668.0 177.5
669.0 150.0
670.0 119.25
671.0 109.375
672.0 120.25
673.0 114.375
674.0 109.5
675.0 109.625
676.0 112.5
677.0 125.0
678.0 104.75
679.0 105.875
680.0 107.0
681.0 117.625
682.0 123.875
683.0 91.0
684.0 74.75
685.0 86.125
686.0 46.625
687.0 21.25
688.0 0.625
689.0 1.625
690.0 0.0
691.0 3.125
692.0 0.25
693.0 0.75
694.0 4.25
695.0 1.25
696.0 2.75
697.0 2.0
698.0 1.5
699.0 1.625
700.0 1.625
701.0 0.75
702.0 15.125
703.0 15.625
704.0 12.75
705.0 15.375
706.0 14.875
707.0 36.375
708.0 54.125
709.0 68.375
710.0 78.875
711.0 93.875
712.0 92.25
713.0 106.5
714.0 87.125
715.0 123.125
716.0 77.25
717.0 34.875
718.0 2.375
719.0 0.25
720.0 9.75
721.0 15.125
722.0 14.625
723.0 14.875
724.0 14.25
725.0 13.75
726.0 11.75
727.0 12.0
728.0 14.375
729.0 13.0
730.0 11.125
731.0 14.5
732.0 13.625
733.0 13.0
734.0 14.75
735.0 13.875
736.0 10.875
737.0 13.375
738.0 12.125
739.0 12.0
740.0 11.0
741.0 11.875
742.0 13.25
743.0 11.75
744.0 14.875
745.0 12.5
746.0 12.125
747.0 13.0
748.0 12.375
749.0 15.125
750.0 13.875
751.0 12.0
752.0 15.375
753.0 15.25
754.0 10.625
755.0 14.0
756.0 14.875
757.0 11.0
758.0 13.625
759.0 15.25
760.0 11.25
761.0 10.0
762.0 12.75
763.0 11.25
764.0 12.5
765.0 15.625
766.0 13.625
767.0 15.5
768.0 15.625
769.0 15.5
770.0 10.25
771.0 12.0
772.0 13.375
773.0 13.5
774.0 15.5
775.0 14.625
776.0 12.5
777.0 15.625
778.0 14.125
779.0 12.5
780.0 14.125
781.0 15.5
782.0 14.5
783.0 15.5
784.0 11.875
785.0 15.0
786.0 10.375
787.0 10.75
788.0 15.0
789.0 13.5
790.0 15.5
791.0 11.375
792.0 12.875
793.0 12.25
794.0 12.5
795.0 14.125
796.0 12.875
797.0 12.5
798.0 11.875
799.0 10.0
