1.0 38.625
2.0 53.625
3.0 27.0
4.0 1.5
5.0 13.75
6.0 14.25
7.0 13.75
8.0 10.875
9.0 14.75
10.0 14.5
11.0 14.5
12.0 14.25
13.0 15.5
14.0 12.125
15.0 14.625
16.0 22.375
17.0 22.125
18.0 24.375
19.0 27.0
20.0 22.875
21.0 32.375
22.0 38.625
23.0 34.5
24.0 46.5
25.0 63.125
26.0 28.5
27.0 79.625
28.0 87.75
29.0 12.125
30.0 84.875
31.0 75.0
32.0 82.125
33.0 85.5
34.0 79.875
35.0 77.25
36.0 70.5
37.0 77.625
38.0 84.125
39.0 67.75
40.0 82.125
41.0 77.375
42.0 79.25
43.0 82.25
44.0 115.75
45.0 90.75
46.0 60.125
47.0 17.5
48.0 0.25
49.0 0.375
50.0 0.0
51.0 0.25
52.0 2.875
53.0 0.5
54.0 2.375
55.0 0.25
56.0 4.875
57.0 5.125
58.0 8.875
59.0 16.125
60.0 21.5
61.0 22.5
62.0 7.125
63.0 0.25
64.0 1.75
65.0 1.625
66.0 6.75
67.0 1.0
68.0 4.875
69.0 13.875
70.0 11.0
71.0 0.375
72.0 0.0
73.0 13.875
74.0 12.0
75.0 15.125
76.0 11.625
77.0 9.875
78.0 12.5
79.0 14.0
80.0 11.125
81.0 11.0
82.0 10.75
83.0 10.625
84.0 5.875
85.0 7.5
86.0 18.625
87.0 3.75
88.0 26.0
89.0 38.375
90.0 58.25
91.0 69.875
92.0 79.5
93.0 80.625
94.0 81.625
95.0 78.25
96.0 38.5
97.0 0.0
98.0 0.0
99.0 11.375
100.0 15.0
101.0 17.125
102.0 47.625
103.0 59.0
104.0 67.25
105.0 89.25
106.0 108.5
107.0 151.25
108.0 171.25
109.0 143.75
110.0 171.25
111.0 167.5
112.0 136.25
113.0 148.75
114.0 142.5
115.0 132.5
116.0 173.75
117.0 163.75
118.0 137.5
119.0 102.25
120.0 128.75
121.0 104.625
122.0 171.25
123.0 132.5
124.0 130.0
125.0 97.0
126.0 124.875
127.0 103.0
128.0 62.875
129.0 1.875
130.0 2.625
131.0 1.75
132.0 0.0
133.0 12.625
134.0 14.625
135.0 96.5
136.0 108.375
137.0 110.25
138.0 128.75
139.0 115.625
140.0 133.75
141.0 138.75
142.0 78.125
143.0 100.625
144.0 143.75
145.0 150.0
146.0 136.25
147.0 180.0
148.0 137.5
149.0 155.0
150.0 137.5
151.0 161.25
152.0 158.75
153.0 155.0
154.0 172.5
155.0 89.125
156.0 113.875
157.0 147.5
158.0 141.25
159.0 114.5
160.0 119.875
161.0 126.25
162.0 116.75
163.0 96.75
164.0 105.125
165.0 148.75
166.0 196.25
167.0 146.25
168.0 114.125
169.0 101.125
170.0 111.875
171.0 0.5
172.0 0.0
173.0 1.75
174.0 15.125
175.0 12.75
176.0 15.625
177.0 13.875
178.0 15.125
179.0 12.625
180.0 11.125
181.0 12.375
182.0 15.625
183.0 12.875
184.0 12.75
185.0 14.125
186.0 14.375
187.0 14.125
188.0 14.25
189.0 13.375
190.0 14.75
191.0 14.75
192.0 13.375
193.0 15.125
194.0 13.75
195.0 14.25
196.0 13.875
197.0 14.75
198.0 12.625
199.0 14.125
200.0 15.625
201.0 14.375
202.0 12.625
203.0 11.0
204.0 13.875
205.0 15.5
206.0 14.0
207.0 11.875
208.0 10.25
209.0 14.375
210.0 14.625
211.0 11.5
212.0 13.375
213.0 15.5
214.0 14.625
215.0 15.0
216.0 15.5
217.0 14.375
218.0 13.875
219.0 14.375
220.0 13.625
221.0 15.375
222.0 15.125
223.0 11.5
224.0 13.125
225.0 12.875
226.0 14.5
227.0 15.625
228.0 13.75
229.0 15.0
230.0 13.125
231.0 13.5
232.0 10.75
233.0 14.75
234.0 14.75
235.0 15.5
236.0 11.75
237.0 12.875
238.0 13.375
239.0 10.75
240.0 14.125
241.0 14.375
242.0 9.875
243.0 11.875
244.0 13.75
245.0 13.5
246.0 12.25
247.0 14.25
248.0 13.25
249.0 11.625
250.0 14.0
251.0 14.75
252.0 14.125
253.0 13.375
254.0 15.625
255.0 10.375
256.0 15.5
257.0 11.125
258.0 13.5
259.0 15.375
260.0 13.0
261.0 15.5
262.0 14.5
263.0 11.125
264.0 14.75
265.0 10.125
266.0 14.875
267.0 11.0
268.0 10.0
269.0 15.625
270.0 15.625
271.0 12.125
272.0 12.125
273.0 14.5
274.0 11.5
275.0 12.25
276.0 13.25
277.0 15.25
278.0 14.875
279.0 13.375
280.0 11.625
281.0 14.25
282.0 13.125
283.0 14.625
284.0 12.5
285.0 12.0
286.0 13.875
287.0 14.75
288.0 14.75
289.0 11.5
290.0 15.0
291.0 15.125
292.0 12.875
293.0 14.5
294.0 10.125
295.0 11.25
296.0 13.875
297.0 13.0
298.0 14.25
299.0 14.625
300.0 14.75
301.0 13.875
302.0 14.5
303.0 13.875
304.0 15.0
305.0 14.625
306.0 14.375
307.0 12.75
308.0 13.375
309.0 13.25
310.0 14.5
311.0 13.125
312.0 12.625
313.0 14.875
314.0 13.25
315.0 13.75
316.0 14.125
317.0 13.75
318.0 15.125
319.0 14.625
320.0 12.75
321.0 14.25
322.0 14.875
323.0 15.625
324.0 11.25
325.0 13.125
326.0 14.625
327.0 13.25
328.0 13.5
329.0 15.625
330.0 17.875
331.0 22.125
332.0 24.5
333.0 32.75
334.0 40.875
335.0 51.125
336.0 64.875
337.0 84.0
338.0 102.5
339.0 130.0
340.0 146.25
341.0 138.75
342.0 168.75
343.0 152.5
344.0 133.75
345.0 151.25
346.0 165.0
347.0 135.0
348.0 136.25
349.0 147.5
350.0 177.5
351.0 177.5
352.0 157.5
353.0 171.25
354.0 170.0
355.0 158.75
356.0 148.75
357.0 132.5
358.0 145.0
359.0 124.125
360.0 161.25
361.0 123.875
362.0 142.5
363.0 123.75
364.0 106.5
365.0 124.75
366.0 117.625
367.0 110.375
368.0 83.875
369.0 96.0
370.0 105.25
371.0 133.75
372.0 119.25
373.0 99.375
374.0 118.875
375.0 67.0
376.0 75.75
377.0 89.125
378.0 165.0
379.0 89.875
380.0 111.625
381.0 70.5
382.0 75.75
383.0 48.25
384.0 2.375
385.0 8.875
386.0 56.125
387.0 70.125
388.0 100.75
389.0 91.5
390.0 54.375
391.0 25.75
392.0 34.25
393.0 26.125
394.0 33.125
395.0 19.0
396.0 31.875
397.0 10.875
398.0 3.625
399.0 7.75
400.0 11.75
401.0 11.125
402.0 10.375
403.0 15.25
404.0 49.25
405.0 73.625
406.0 76.125
407.0 76.25
408.0 90.0
409.0 89.75
410.0 90.25
411.0 116.375
412.0 94.625
413.0 132.5
414.0 146.25
415.0 91.875
416.0 172.5
417.0 161.25
418.0 195.0
419.0 212.5
420.0 192.5
421.0 217.5
422.0 192.5
423.0 150.0
424.0 193.75
425.0 168.75
426.0 207.5
427.0 165.0
428.0 227.5
429.0 223.75
430.0 231.25
431.0 222.5
432.0 228.75
433.0 200.0
434.0 217.5
435.0 208.75
436.0 215.0
437.0 220.0
438.0 230.0
439.0 221.25
440.0 226.25
441.0 221.25
442.0 180.0
443.0 226.25
444.0 225.0
445.0 227.5
446.0 226.25
447.0 195.0
448.0 187.5
449.0 207.5
450.0 175.0
451.0 205.0
452.0 210.0
453.0 227.5
454.0 182.5
455.0 175.0
456.0 226.25
457.0 212.5
458.0 225.0
459.0 193.75
460.0 223.75
461.0 201.25
462.0 216.25
463.0 156.25
464.0 228.75
465.0 186.25
466.0 205.0
467.0 135.0
468.0 190.0
469.0 175.0
470.0 114.25
471.0 143.75
472.0 177.5
473.0 153.75
474.0 122.5
475.0 153.75
476.0 160.0
477.0 153.75
478.0 141.25
479.0 177.5
480.0 143.75
481.0 126.25
482.0 99.75
483.0 135.0
484.0 122.25
485.0 165.0
486.0 161.25
487.0 132.5
488.0 127.5
489.0 122.625
490.0 136.25
491.0 127.5
492.0 94.25
493.0 155.0
494.0 107.125
495.0 105.75
496.0 76.125
497.0 59.875
498.0 64.25
499.0 51.875
500.0 68.0
501.0 9.375
502.0 44.125
503.0 89.75
504.0 77.5
505.0 93.375
506.0 78.25
507.0 92.375
508.0 82.875
509.0 87.625
510.0 82.0
511.0 41.5
512.0 0.5
513.0 0.0
514.0 0.0
515.0 13.5
516.0 11.25
517.0 100.5
518.0 117.0
519.0 118.75
520.0 113.875
521.0 86.25
522.0 90.875
523.0 77.25
524.0 105.25
525.0 145.0
526.0 133.75
527.0 100.875
528.0 136.25
529.0 110.25
530.0 109.5
531.0 86.5
532.0 0.125
533.0 14.375
534.0 13.125
535.0 95.125
536.0 29.0
537.0 3.75
538.0 0.0
539.0 0.0
540.0 13.0
541.0 11.0
542.0 70.125
543.0 85.5
544.0 87.375
545.0 92.25
546.0 75.625
547.0 93.5
548.0 95.0
549.0 128.75
550.0 130.0
551.0 124.625
552.0 123.375
553.0 126.25
554.0 124.875
555.0 113.875
556.0 107.625
557.0 95.875
558.0 102.125
559.0 119.125
560.0 114.875
561.0 107.375
562.0 113.375
563.0 102.625
564.0 103.0
565.0 108.375
566.0 114.125
567.0 113.25
568.0 101.125
569.0 103.375
570.0 58.375
571.0 111.875
572.0 104.125
573.0 113.125
574.0 102.0
575.0 123.375
576.0 142.5
577.0 192.5
578.0 208.75
579.0 193.75
580.0 177.5
581.0 197.5
582.0 138.75
583.0 196.25
584.0 173.75
585.0 75.75
586.0 105.625
587.0 107.75
588.0 114.0
589.0 65.875
590.0 0.75
591.0 10.25
592.0 15.125
593.0 37.0
594.0 58.5
595.0 63.375
596.0 100.625
597.0 128.75
598.0 155.0
599.0 183.75
600.0 151.25
601.0 213.75
602.0 170.0
603.0 145.0
604.0 187.5
605.0 178.75
606.0 203.75
607.0 178.75
608.0 123.5
609.0 106.625
610.0 133.75
611.0 94.625
612.0 24.75
613.0 0.0
614.0 14.5
615.0 10.625
616.0 85.5
617.0 115.0
618.0 114.375
619.0 115.0
620.0 116.625
621.0 115.875
622.0 158.75
623.0 205.0
624.0 185.0
625.0 217.5
626.0 200.0
627.0 176.25
628.0 207.5
629.0 202.5
630.0 182.5
631.0 205.0
632.0 190.0
633.0 203.75
634.0 198.75
635.0 171.25
636.0 123.625
637.0 2.5
638.0 1.5
639.0 0.0
640.0 12.625
641.0 14.75
642.0 25.25
643.0 40.125
644.0 1.25
645.0 10.0
646.0 68.0
647.0 77.375
648.0 28.25
649.0 58.125
650.0 91.0
651.0 15.375
652.0 11.125
653.0 5.625
654.0 24.375
655.0 70.75
656.0 42.875
657.0 11.375
658.0 31.125
659.0 8.625
660.0 54.5
661.0 57.375
662.0 60.5
663.0 58.125
664.0 34.75
665.0 15.625
666.0 54.0
667.0 60.75
668.0 67.375
669.0 57.625
670.0 65.5
671.0 18.375
672.0 7.625
673.0 39.75
674.0 41.625
675.0 22.75
676.0 0.5
677.0 0.25
678.0 9.875
679.0 12.125
680.0 14.625
681.0 17.625
682.0 15.75
683.0 19.25
684.0 4.875
685.0 0.375
686.0 0.0
687.0 11.875
688.0 12.5
689.0 27.625
690.0 43.5
691.0 57.875
692.0 75.625
693.0 75.375
694.0 72.25
695.0 79.125
696.0 70.5
697.0 71.625
698.0 69.125
699.0 72.125
700.0 66.75
701.0 82.75
702.0 97.125
703.0 99.875
704.0 87.875
705.0 69.75
706.0 72.5
707.0 1.0
708.0 7.625
709.0 5.875
710.0 0.25
711.0 15.5
712.0 102.375
713.0 35.75
714.0 1.375
715.0 67.25
716.0 86.5
717.0 82.25
718.0 80.5
719.0 74.0
720.0 83.375
721.0 86.125
722.0 85.375
723.0 74.125
724.0 0.375
725.0 0.0
726.0 0.0
727.0 0.0
728.0 0.0
729.0 13.625
730.0 14.625
731.0 20.25
732.0 37.0
733.0 39.0
734.0 46.5
735.0 49.875
736.0 51.625
737.0 37.5
738.0 52.25
739.0 62.25
740.0 65.5
741.0 85.0
742.0 98.125
743.0 103.5
744.0 109.625
745.0 105.375
746.0 112.125
747.0 104.25
748.0 110.125
749.0 112.125
750.0 115.625
751.0 111.375
752.0 106.125
753.0 112.875
754.0 103.75
755.0 101.375
756.0 101.0
757.0 98.125
758.0 102.0
759.0 110.375
760.0 108.125
761.0 90.125
762.0 104.625
763.0 117.375
764.0 99.125
765.0 118.125
766.0 109.75
767.0 111.375
768.0 116.375
769.0 100.125
770.0 113.75
771.0 117.375
772.0 106.0
773.0 103.125
774.0 103.125
775.0 97.625
776.0 98.625
777.0 119.75
778.0 113.25
779.0 98.5
780.0 103.5
781.0 112.125
782.0 108.875
783.0 103.25
784.0 112.125
785.0 102.375
786.0 107.5
787.0 116.125
788.0 114.5
789.0 117.375
790.0 120.5
791.0 138.75
792.0 119.625
793.0 215.0
794.0 193.75
795.0 226.25
796.0 116.0
797.0 170.0
798.0 172.5
799.0 137.5
