1.0 56.5
2.0 50.0
3.0 76.5
4.0 177.5
5.0 239.5
6.0 254.0
7.0 256.5
8.0 259.0
9.0 269.0
10.0 75.5
11.0 219.5
12.0 321.5
13.0 389.5
14.0 505.0
15.0 475.0
16.0 322.5
17.0 313.5
18.0 398.5
19.0 307.5
20.0 380.5
21.0 407.5
22.0 417.5
23.0 550.0
24.0 560.0
25.0 540.0
26.0 424.5
27.0 374.0
28.0 300.0
29.0 305.0
30.0 317.5
31.0 422.0
32.0 432.0
33.0 392.5
34.0 441.5
35.0 246.5
36.0 62.0
37.0 50.5
38.0 180.5
39.0 375.5
40.0 457.0
41.0 124.0
42.0 60.5
43.0 107.5
44.0 357.5
45.0 383.5
46.0 370.0
47.0 410.0
48.0 397.0
49.0 444.5
50.0 222.5
51.0 52.0
52.0 75.5
53.0 195.0
54.0 170.0
55.0 183.0
56.0 150.5
57.0 95.0
58.0 200.5
59.0 260.5
60.0 188.0
61.0 252.5
62.0 222.0
63.0 221.0
64.0 159.5
65.0 225.5
66.0 279.5
67.0 142.5
68.0 205.0
69.0 289.5
70.0 225.0
71.0 161.0
72.0 167.0
73.0 261.5
74.0 245.5
75.0 198.5
76.0 189.5
77.0 146.0
78.0 245.0
79.0 241.0
80.0 333.5
81.0 286.0
82.0 214.0
83.0 233.5
84.0 235.0
85.0 113.5
86.0 46.0
87.0 211.0
88.0 575.0
89.0 555.0
90.0 555.0
91.0 665.0
92.0 550.0
93.0 715.0
94.0 474.5
95.0 550.0
96.0 700.0
97.0 735.0
98.0 800.0
99.0 640.0
100.0 780.0
101.0 815.0
102.0 600.0
103.0 665.0
104.0 685.0
105.0 490.5
106.0 675.0
107.0 162.0
108.0 0.0
109.0 0.0
110.0 0.0
111.0 0.0
112.0 0.0
113.0 0.0
114.0 0.0
115.0 0.0
116.0 0.0
117.0 0.0
118.0 0.0
119.0 0.0
120.0 0.0
121.0 0.0
122.0 0.0
123.0 0.0
124.0 0.0
125.0 0.0
126.0 0.0
127.0 0.0
128.0 0.0
129.0 0.0
130.0 45.0
131.0 51.0
132.0 0.0
133.0 0.0
134.0 0.0
135.0 0.0
136.0 0.0
137.0 0.0
138.0 0.0
139.0 0.0
140.0 72.0
141.0 339.0
142.0 442.0
143.0 371.0
144.0 405.5
145.0 387.5
146.0 62.0
147.0 40.0
148.0 191.0
149.0 283.0
150.0 37.0
151.0 0.0
152.0 0.0
153.0 0.0
154.0 0.0
155.0 0.0
156.0 59.0
157.0 50.0
158.0 55.0
159.0 48.0
160.0 49.0
161.0 56.5
162.0 45.5
163.0 60.5
164.0 60.5
165.0 60.0
166.0 53.0
167.0 54.0
168.0 44.0
169.0 53.5
170.0 47.0
171.0 61.5
172.0 196.0
173.0 335.0
174.0 353.5
175.0 361.5
176.0 373.0
177.0 377.0
178.0 344.5
179.0 207.0
180.0 444.5
181.0 455.0
182.0 456.5
183.0 535.0
184.0 545.0
185.0 400.5
186.0 482.5
187.0 630.0
188.0 705.0
189.0 590.0
190.0 605.0
191.0 580.0
192.0 630.0
193.0 550.0
194.0 470.5
195.0 560.0
196.0 520.0
197.0 615.0
198.0 600.0
199.0 505.0
200.0 545.0
201.0 545.0
202.0 535.0
203.0 630.0
204.0 685.0
205.0 585.0
206.0 590.0
207.0 590.0
208.0 520.0
209.0 555.0
210.0 500.0
211.0 595.0
212.0 635.0
213.0 505.0
214.0 207.0
215.0 56.0
216.0 58.5
217.0 62.5
218.0 55.5
219.0 47.5
220.0 57.5
221.0 61.5
222.0 285.5
223.0 401.5
224.0 407.0
225.0 405.5
226.0 449.5
227.0 497.5
228.0 383.5
229.0 111.5
230.0 261.5
231.0 418.5
232.0 335.5
233.0 411.0
234.0 22.5
235.0 71.5
236.0 52.5
237.0 57.0
238.0 63.0
239.0 67.0
240.0 68.5
241.0 68.0
242.0 61.5
243.0 59.5
244.0 64.5
245.0 65.5
246.0 48.5
247.0 54.0
248.0 55.0
249.0 73.5
250.0 57.0
251.0 64.0
252.0 64.0
253.0 69.0
254.0 66.0
255.0 63.5
256.0 31.0
257.0 57.5
258.0 136.0
259.0 324.0
260.0 397.0
261.0 354.5
262.0 510.0
263.0 485.5
264.0 395.0
265.0 500.0
266.0 530.0
267.0 545.0
268.0 585.0
269.0 570.0
270.0 655.0
271.0 211.0
272.0 60.5
273.0 168.0
274.0 525.0
275.0 443.0
276.0 560.0
277.0 600.0
278.0 680.0
279.0 650.0
280.0 705.0
281.0 635.0
282.0 650.0
283.0 610.0
284.0 650.0
285.0 540.0
286.0 665.0
287.0 685.0
288.0 585.0
289.0 550.0
290.0 570.0
291.0 540.0
292.0 540.0
293.0 675.0
294.0 890.0
295.0 635.0
296.0 675.0
297.0 650.0
298.0 640.0
299.0 590.0
300.0 445.0
301.0 695.0
302.0 635.0
303.0 259.0
304.0 55.5
305.0 53.0
306.0 705.0
307.0 715.0
308.0 650.0
309.0 555.0
310.0 61.5
311.0 44.5
312.0 750.0
313.0 875.0
314.0 885.0
315.0 865.0
316.0 890.0
317.0 835.0
318.0 895.0
319.0 860.0
320.0 805.0
321.0 890.0
322.0 835.0
323.0 900.0
324.0 770.0
325.0 820.0
326.0 810.0
327.0 780.0
328.0 790.0
329.0 750.0
330.0 830.0
331.0 770.0
332.0 670.0
333.0 50.5
334.0 62.0
335.0 411.5
336.0 500.0
337.0 675.0
338.0 690.0
339.0 700.0
340.0 575.0
341.0 580.0
342.0 590.0
343.0 750.0
344.0 725.0
345.0 635.0
346.0 510.0
347.0 465.5
348.0 505.0
349.0 585.0
350.0 565.0
351.0 650.0
352.0 500.0
353.0 468.5
354.0 505.0
355.0 615.0
356.0 445.0
357.0 37.0
358.0 129.5
359.0 31.0
360.0 56.5
361.0 48.5
362.0 57.0
363.0 54.5
364.0 62.5
365.0 60.5
366.0 60.5
367.0 59.0
368.0 61.5
369.0 57.0
370.0 48.5
371.0 0.5
372.0 49.5
373.0 51.5
374.0 26.5
375.0 16.5
376.0 11.0
377.0 30.0
378.0 6.0
379.0 3.5
380.0 7.0
381.0 5.0
382.0 41.5
383.0 13.0
384.0 10.0
385.0 11.5
386.0 56.0
387.0 62.0
388.0 61.5
389.0 97.5
390.0 110.5
391.0 135.0
392.0 184.0
393.0 258.0
394.0 312.0
395.0 351.5
396.0 357.0
397.0 206.5
398.0 355.5
399.0 192.5
400.0 60.5
401.0 209.5
402.0 482.0
403.0 575.0
404.0 418.0
405.0 560.0
406.0 484.5
407.0 580.0
408.0 515.0
409.0 394.5
410.0 455.0
411.0 540.0
412.0 575.0
413.0 550.0
414.0 560.0
415.0 555.0
416.0 442.0
417.0 650.0
418.0 625.0
419.0 496.0
420.0 555.0
421.0 590.0
422.0 550.0
423.0 555.0
424.0 590.0
425.0 530.0
426.0 520.0
427.0 560.0
428.0 565.0
429.0 585.0
430.0 515.0
431.0 446.0
432.0 443.0
433.0 384.0
434.0 135.0
435.0 0.0
436.0 0.0
437.0 38.0
438.0 60.0
439.0 60.0
440.0 73.0
441.0 170.5
442.0 187.0
443.0 196.5
444.0 43.0
445.0 34.0
446.0 0.0
447.0 0.0
448.0 3.5
449.0 60.0
450.0 49.0
451.0 46.0
452.0 59.5
453.0 57.5
454.0 57.5
455.0 58.5
456.0 56.5
457.0 62.5
458.0 39.5
459.0 40.5
460.0 72.5
461.0 8.0
462.0 9.5
463.0 2.5
464.0 0.5
465.0 42.5
466.0 49.5
467.0 46.5
468.0 62.5
469.0 52.5
470.0 44.5
471.0 60.0
472.0 60.5
473.0 52.5
474.0 49.0
475.0 52.5
476.0 44.0
477.0 61.0
478.0 57.0
479.0 5.5
480.0 6.0
481.0 6.0
482.0 59.0
483.0 50.5
484.0 61.5
485.0 48.0
486.0 111.0
487.0 168.5
488.0 188.0
489.0 241.0
490.0 237.0
491.0 249.0
492.0 251.5
493.0 291.0
494.0 334.5
495.0 269.5
496.0 204.5
497.0 0.0
498.0 0.0
499.0 62.0
500.0 62.0
501.0 59.0
502.0 99.0
503.0 215.5
504.0 196.0
505.0 173.0
506.0 176.0
507.0 231.5
508.0 238.5
509.0 138.0
510.0 282.0
511.0 261.0
512.0 265.5
513.0 289.5
514.0 311.0
515.0 322.5
516.0 322.0
517.0 306.0
518.0 273.0
519.0 278.5
520.0 338.0
521.0 326.5
522.0 388.0
523.0 400.0
524.0 352.5
525.0 335.5
526.0 355.0
527.0 442.5
528.0 470.0
529.0 457.0
530.0 427.5
531.0 482.5
532.0 455.0
533.0 505.0
534.0 412.5
535.0 408.5
536.0 395.5
537.0 520.0
538.0 490.0
539.0 444.5
540.0 402.0
541.0 73.5
542.0 158.0
543.0 258.0
544.0 211.0
545.0 8.0
546.0 11.5
547.0 0.0
548.0 53.5
549.0 54.5
550.0 228.5
551.0 301.5
552.0 311.0
553.0 305.5
554.0 338.5
555.0 386.0
556.0 379.0
557.0 411.0
558.0 427.0
559.0 417.5
560.0 247.0
561.0 401.0
562.0 480.5
563.0 520.0
564.0 510.0
565.0 465.5
566.0 465.0
567.0 493.5
568.0 434.5
569.0 61.0
570.0 54.0
571.0 194.0
572.0 452.5
573.0 570.0
574.0 515.0
575.0 494.5
576.0 465.5
577.0 468.0
578.0 499.0
579.0 500.0
580.0 487.0
581.0 530.0
582.0 595.0
583.0 540.0
584.0 565.0
585.0 477.5
586.0 471.5
587.0 440.5
588.0 423.0
589.0 396.5
590.0 384.5
591.0 414.0
592.0 57.5
593.0 0.0
594.0 56.0
595.0 61.0
596.0 223.0
597.0 243.0
598.0 216.5
599.0 44.5
600.0 26.0
601.0 204.5
602.0 207.0
603.0 17.5
604.0 178.0
605.0 224.0
606.0 163.5
607.0 201.0
608.0 284.0
609.0 242.5
610.0 135.5
611.0 233.0
612.0 222.0
613.0 210.5
614.0 247.5
615.0 267.5
616.0 49.0
617.0 56.5
618.0 59.5
619.0 61.5
620.0 3.0
621.0 53.5
622.0 2.5
623.0 0.0
624.0 0.0
625.0 0.0
626.0 61.0
627.0 58.0
628.0 4.5
629.0 0.0
630.0 54.0
631.0 46.5
632.0 88.0
633.0 153.5
634.0 194.0
635.0 194.0
636.0 202.5
637.0 206.5
638.0 226.5
639.0 227.5
640.0 187.0
641.0 0.0
642.0 0.0
643.0 59.5
644.0 54.0
645.0 60.5
646.0 80.5
647.0 86.5
648.0 93.0
649.0 128.0
650.0 180.5
651.0 238.5
652.0 228.5
653.0 266.0
654.0 269.0
655.0 221.5
656.0 235.5
657.0 263.5
658.0 248.0
659.0 82.0
660.0 25.0
661.0 45.5
662.0 217.5
663.0 198.0
664.0 92.0
665.0 299.5
666.0 278.0
667.0 324.5
668.0 288.0
669.0 102.0
670.0 83.5
671.0 303.5
672.0 292.5
673.0 307.0
674.0 299.0
675.0 302.5
676.0 305.5
677.0 235.0
678.0 294.0
679.0 303.5
680.0 321.5
681.0 313.0
682.0 275.5
683.0 307.0
684.0 337.0
685.0 369.5
686.0 356.5
687.0 314.0
688.0 360.5
689.0 351.0
690.0 291.0
691.0 236.0
692.0 370.5
693.0 193.5
694.0 346.5
695.0 308.0
696.0 335.0
697.0 337.0
698.0 351.0
699.0 258.5
700.0 450.5
701.0 430.5
702.0 425.5
703.0 368.5
704.0 411.0
705.0 442.5
706.0 479.5
707.0 453.0
708.0 472.0
709.0 480.5
710.0 186.5
711.0 358.5
712.0 135.0
713.0 12.0
714.0 46.0
715.0 361.5
716.0 452.5
717.0 415.5
718.0 336.5
719.0 383.0
720.0 411.5
721.0 413.0
722.0 98.0
723.0 292.5
724.0 395.0
725.0 379.0
726.0 362.0
727.0 54.0
728.0 130.0
729.0 274.0
730.0 185.5
731.0 2.5
732.0 73.5
733.0 48.5
734.0 6.0
735.0 3.5
736.0 24.5
737.0 140.5
738.0 225.0
739.0 51.0
740.0 2.0
741.0 0.0
742.0 48.5
743.0 53.5
744.0 227.0
745.0 438.0
746.0 535.0
747.0 595.0
748.0 479.0
749.0 555.0
750.0 580.0
751.0 535.0
752.0 565.0
753.0 540.0
754.0 595.0
755.0 585.0
756.0 510.0
757.0 450.5
758.0 470.0
759.0 478.0
760.0 62.5
761.0 3.0
762.0 0.0
763.0 0.0
764.0 0.0
765.0 50.0
766.0 39.5
767.0 45.5
768.0 54.5
769.0 41.0
770.0 56.0
771.0 55.5
772.0 54.5
773.0 53.0
774.0 48.5
775.0 52.0
776.0 61.0
777.0 61.0
778.0 59.0
779.0 56.0
780.0 42.5
781.0 60.0
782.0 52.0
783.0 0.0
784.0 0.0
785.0 10.5
786.0 62.5
787.0 119.5
788.0 238.0
789.0 246.0
790.0 241.0
791.0 287.0
