1.0 82.0
2.0 142.0
3.0 153.0
4.0 101.0
5.0 125.5
6.0 17.0
7.0 57.0
8.0 58.5
9.0 223.0
10.0 267.0
11.0 284.0
12.0 280.5
13.0 317.0
14.0 359.0
15.0 414.0
16.0 387.0
17.0 405.0
18.0 314.0
19.0 429.5
20.0 339.5
21.0 418.5
22.0 366.0
23.0 418.0
24.0 344.0
25.0 530.0
26.0 595.0
27.0 590.0
28.0 444.0
29.0 481.5
30.0 246.0
31.0 230.5
32.0 384.0
33.0 385.5
34.0 204.5
35.0 54.0
36.0 159.5
37.0 311.5
38.0 341.0
39.0 366.5
40.0 456.0
41.0 349.5
42.0 394.0
43.0 308.5
44.0 82.0
45.0 57.5
46.0 58.5
47.0 338.0
48.0 407.5
49.0 452.0
50.0 435.5
51.0 540.0
52.0 422.5
53.0 477.0
54.0 454.0
55.0 414.0
56.0 445.0
57.0 555.0
58.0 409.5
59.0 615.0
60.0 427.0
61.0 17.0
62.0 6.0
63.0 0.5
64.0 10.5
65.0 8.5
66.0 48.0
67.0 62.5
68.0 243.5
69.0 250.0
70.0 319.5
71.0 297.5
72.0 355.0
73.0 414.5
74.0 303.5
75.0 164.0
76.0 279.5
77.0 86.0
78.0 42.0
79.0 30.0
80.0 16.0
81.0 15.5
82.0 19.5
83.0 59.0
84.0 62.0
85.0 112.0
86.0 120.0
87.0 135.5
88.0 223.5
89.0 238.5
90.0 256.5
91.0 278.0
92.0 288.5
93.0 303.0
94.0 382.0
95.0 466.0
96.0 267.0
97.0 42.5
98.0 60.0
99.0 341.0
100.0 418.0
101.0 565.0
102.0 630.0
103.0 497.5
104.0 437.5
105.0 334.5
106.0 610.0
107.0 550.0
108.0 392.0
109.0 492.5
110.0 81.0
111.0 49.0
112.0 2.0
113.0 0.0
114.0 40.0
115.0 57.5
116.0 165.5
117.0 399.0
118.0 396.5
119.0 415.5
120.0 317.0
121.0 414.0
122.0 390.5
123.0 48.5
124.0 10.5
125.0 28.0
126.0 40.5
127.0 70.5
128.0 36.0
129.0 77.0
130.0 43.0
131.0 20.0
132.0 36.0
133.0 19.0
134.0 76.5
135.0 163.0
136.0 30.0
137.0 10.0
138.0 17.5
139.0 25.0
140.0 60.0
141.0 60.5
142.0 136.0
143.0 274.0
144.0 327.5
145.0 339.0
146.0 349.5
147.0 416.0
148.0 153.0
149.0 62.0
150.0 49.5
151.0 452.5
152.0 427.5
153.0 477.5
154.0 471.5
155.0 468.0
156.0 477.0
157.0 525.0
158.0 468.5
159.0 600.0
160.0 670.0
161.0 259.5
162.0 11.0
163.0 3.5
164.0 6.5
165.0 20.5
166.0 1.5
167.0 29.5
168.0 5.0
169.0 47.0
170.0 67.5
171.0 141.0
172.0 199.0
173.0 211.5
174.0 215.0
175.0 192.0
176.0 175.5
177.0 200.0
178.0 273.5
179.0 214.0
180.0 286.0
181.0 306.5
182.0 315.0
183.0 224.0
184.0 24.0
185.0 12.0
186.0 17.5
187.0 21.5
188.0 36.5
189.0 41.5
190.0 37.0
191.0 335.5
192.0 302.0
193.0 336.0
194.0 401.0
195.0 417.0
196.0 398.5
197.0 239.0
198.0 289.0
199.0 399.5
200.0 454.5
201.0 338.0
202.0 381.0
203.0 361.5
204.0 343.0
205.0 470.0
206.0 422.5
207.0 371.0
208.0 313.0
209.0 282.0
210.0 308.0
211.0 339.5
212.0 304.0
213.0 357.5
214.0 397.0
215.0 371.5
216.0 427.0
217.0 436.5
218.0 450.5
219.0 450.5
220.0 392.0
221.0 413.5
222.0 407.5
223.0 155.5
224.0 61.5
225.0 260.0
226.0 437.0
227.0 565.0
228.0 456.0
229.0 458.5
230.0 525.0
231.0 605.0
232.0 585.0
233.0 348.0
234.0 472.5
235.0 580.0
236.0 455.0
237.0 555.0
238.0 461.0
239.0 461.5
240.0 466.5
241.0 490.0
242.0 432.0
243.0 419.0
244.0 400.5
245.0 362.5
246.0 363.5
247.0 15.5
248.0 6.0
249.0 22.5
250.0 78.5
251.0 47.0
252.0 55.0
253.0 60.0
254.0 191.0
255.0 375.0
256.0 416.5
257.0 414.0
258.0 393.5
259.0 429.0
260.0 425.0
261.0 446.0
262.0 452.0
263.0 448.5
264.0 430.5
265.0 493.0
266.0 436.5
267.0 388.5
268.0 362.5
269.0 454.0
270.0 396.5
271.0 440.0
272.0 515.0
273.0 434.5
274.0 550.0
275.0 391.5
276.0 389.5
277.0 499.5
278.0 535.0
279.0 505.0
280.0 483.0
281.0 358.5
282.0 374.5
283.0 382.5
284.0 436.0
285.0 401.0
286.0 415.0
287.0 464.5
288.0 404.0
289.0 330.5
290.0 45.0
291.0 58.5
292.0 38.5
293.0 62.0
294.0 251.5
295.0 385.5
296.0 480.5
297.0 404.0
298.0 426.0
299.0 525.0
300.0 446.0
301.0 477.0
302.0 515.0
303.0 505.0
304.0 545.0
305.0 540.0
306.0 595.0
307.0 437.5
308.0 427.5
309.0 545.0
310.0 510.0
311.0 515.0
312.0 495.5
313.0 458.0
314.0 444.0
315.0 427.5
316.0 530.0
317.0 625.0
318.0 580.0
319.0 690.0
320.0 620.0
321.0 650.0
322.0 855.0
323.0 865.0
324.0 710.0
325.0 715.0
326.0 525.0
327.0 479.0
328.0 570.0
329.0 505.0
330.0 500.0
331.0 498.0
332.0 615.0
333.0 785.0
334.0 635.0
335.0 650.0
336.0 695.0
337.0 630.0
338.0 700.0
339.0 635.0
340.0 540.0
341.0 492.5
342.0 595.0
343.0 605.0
344.0 505.0
345.0 595.0
346.0 483.5
347.0 560.0
348.0 595.0
349.0 610.0
350.0 605.0
351.0 477.5
352.0 515.0
353.0 635.0
354.0 535.0
355.0 600.0
356.0 510.0
357.0 410.5
358.0 397.5
359.0 650.0
360.0 635.0
361.0 433.5
362.0 510.0
363.0 477.0
364.0 409.0
365.0 302.5
366.0 371.5
367.0 421.5
368.0 437.5
369.0 437.5
370.0 356.0
371.0 324.0
372.0 375.5
373.0 362.5
374.0 357.0
375.0 341.0
376.0 330.0
377.0 314.5
378.0 94.0
379.0 26.5
380.0 4.0
381.0 109.5
382.0 294.0
383.0 175.0
384.0 134.5
385.0 179.0
386.0 189.5
387.0 13.5
388.0 1.5
389.0 21.5
390.0 76.0
391.0 37.5
392.0 50.0
393.0 49.0
394.0 47.5
395.0 121.5
396.0 123.0
397.0 146.5
398.0 156.0
399.0 192.5
400.0 224.0
401.0 196.5
402.0 120.0
403.0 337.5
404.0 441.0
405.0 406.0
406.0 540.0
407.0 388.0
408.0 48.0
409.0 62.0
410.0 432.5
411.0 590.0
412.0 625.0
413.0 655.0
414.0 735.0
415.0 825.0
416.0 815.0
417.0 825.0
418.0 875.0
419.0 675.0
420.0 725.0
421.0 670.0
422.0 685.0
423.0 805.0
424.0 835.0
425.0 755.0
426.0 680.0
427.0 850.0
428.0 695.0
429.0 720.0
430.0 680.0
431.0 645.0
432.0 655.0
433.0 605.0
434.0 580.0
435.0 680.0
436.0 540.0
437.0 570.0
438.0 620.0
439.0 690.0
440.0 640.0
441.0 645.0
442.0 665.0
443.0 555.0
444.0 605.0
445.0 530.0
446.0 213.5
447.0 40.0
448.0 55.0
449.0 42.0
450.0 60.0
451.0 53.5
452.0 42.0
453.0 45.0
454.0 54.5
455.0 179.5
456.0 293.5
457.0 387.5
458.0 403.0
459.0 349.0
460.0 350.0
461.0 429.0
462.0 54.5
463.0 418.5
464.0 409.0
465.0 410.5
466.0 392.0
467.0 354.5
468.0 410.0
469.0 412.5
470.0 286.0
471.0 1.0
472.0 4.0
473.0 0.0
474.0 51.5
475.0 60.0
476.0 56.0
477.0 20.5
478.0 52.0
479.0 42.5
480.0 211.5
481.0 230.5
482.0 261.0
483.0 255.0
484.0 311.5
485.0 330.0
486.0 283.5
487.0 310.0
488.0 391.0
489.0 408.0
490.0 545.0
491.0 474.5
492.0 468.0
493.0 510.0
494.0 555.0
495.0 600.0
496.0 600.0
497.0 515.0
498.0 324.0
499.0 2.5
500.0 4.0
501.0 42.0
502.0 40.0
503.0 449.5
504.0 474.5
505.0 460.0
506.0 515.0
507.0 505.0
508.0 550.0
509.0 560.0
510.0 650.0
511.0 515.0
512.0 560.0
513.0 555.0
514.0 585.0
515.0 610.0
516.0 580.0
517.0 570.0
518.0 615.0
519.0 570.0
520.0 590.0
521.0 550.0
522.0 540.0
523.0 525.0
524.0 494.0
525.0 570.0
526.0 520.0
527.0 550.0
528.0 735.0
529.0 710.0
530.0 855.0
531.0 840.0
532.0 605.0
533.0 695.0
534.0 595.0
535.0 431.0
536.0 95.0
537.0 18.5
538.0 2.5
539.0 53.0
540.0 53.5
541.0 525.0
542.0 715.0
543.0 745.0
544.0 800.0
545.0 835.0
546.0 815.0
547.0 770.0
548.0 790.0
549.0 780.0
550.0 825.0
551.0 755.0
552.0 760.0
553.0 780.0
554.0 800.0
555.0 785.0
556.0 685.0
557.0 640.0
558.0 417.5
559.0 535.0
560.0 24.0
561.0 133.0
562.0 21.0
563.0 42.0
564.0 59.0
565.0 106.0
566.0 389.0
567.0 600.0
568.0 550.0
569.0 590.0
570.0 575.0
571.0 640.0
572.0 750.0
573.0 540.0
574.0 715.0
575.0 690.0
576.0 670.0
577.0 675.0
578.0 825.0
579.0 720.0
580.0 830.0
581.0 825.0
582.0 725.0
583.0 311.5
584.0 15.0
585.0 44.5
586.0 53.0
587.0 140.5
588.0 705.0
589.0 665.0
590.0 770.0
591.0 630.0
592.0 795.0
593.0 835.0
594.0 680.0
595.0 715.0
596.0 700.0
597.0 770.0
598.0 685.0
599.0 730.0
600.0 670.0
601.0 750.0
602.0 790.0
603.0 635.0
604.0 685.0
605.0 710.0
606.0 695.0
607.0 555.0
608.0 590.0
609.0 715.0
610.0 615.0
611.0 400.5
612.0 469.0
613.0 535.0
614.0 510.0
615.0 540.0
616.0 700.0
617.0 645.0
618.0 443.5
619.0 417.0
620.0 510.0
621.0 435.5
622.0 404.0
623.0 487.0
624.0 447.0
625.0 341.5
626.0 384.5
627.0 446.0
628.0 575.0
629.0 467.5
630.0 372.0
631.0 318.5
632.0 467.5
633.0 469.5
634.0 456.0
635.0 199.5
636.0 54.0
637.0 59.0
638.0 154.0
639.0 55.5
640.0 61.0
641.0 62.0
642.0 253.0
643.0 97.0
644.0 80.0
645.0 0.0
646.0 44.0
647.0 57.0
648.0 130.5
649.0 229.5
650.0 224.0
651.0 220.5
652.0 269.5
653.0 287.0
654.0 253.5
655.0 348.0
656.0 318.5
657.0 228.5
658.0 335.5
659.0 306.0
660.0 294.0
661.0 352.5
662.0 369.5
663.0 342.0
664.0 329.0
665.0 417.5
666.0 415.5
667.0 375.0
668.0 428.0
669.0 379.0
670.0 440.0
671.0 440.0
672.0 398.0
673.0 406.0
674.0 451.5
675.0 455.5
676.0 473.0
677.0 540.0
678.0 418.5
679.0 370.5
680.0 344.0
681.0 362.5
682.0 390.0
683.0 298.0
684.0 300.0
685.0 356.0
686.0 364.0
687.0 320.5
688.0 278.0
689.0 362.5
690.0 320.0
691.0 316.5
692.0 328.5
693.0 307.0
694.0 327.5
695.0 399.5
696.0 265.0
697.0 303.0
698.0 360.5
699.0 320.5
700.0 249.5
701.0 364.5
702.0 381.0
703.0 385.5
704.0 357.0
705.0 288.5
706.0 340.5
707.0 235.5
708.0 276.5
709.0 287.0
710.0 338.0
711.0 259.5
712.0 293.0
713.0 246.0
714.0 250.0
715.0 297.5
716.0 285.0
717.0 292.5
718.0 249.5
719.0 312.5
720.0 254.0
721.0 260.0
722.0 277.0
723.0 306.5
724.0 303.0
725.0 313.5
726.0 323.0
727.0 365.0
728.0 285.0
729.0 290.5
730.0 302.0
731.0 311.5
732.0 261.5
733.0 292.5
734.0 315.5
735.0 292.5
736.0 287.5
737.0 210.5
738.0 229.0
739.0 213.0
740.0 196.0
741.0 192.5
742.0 239.0
743.0 187.5
744.0 219.5
745.0 224.0
746.0 213.0
747.0 253.0
748.0 171.5
749.0 240.0
750.0 216.5
751.0 295.0
752.0 252.5
753.0 298.0
754.0 382.0
755.0 394.5
756.0 132.5
757.0 0.0
758.0 0.0
759.0 0.0
760.0 57.0
761.0 56.0
762.0 48.0
763.0 55.0
764.0 48.5
765.0 56.0
766.0 62.5
767.0 56.5
768.0 51.5
769.0 60.0
770.0 57.0
771.0 47.0
772.0 52.5
773.0 56.5
774.0 58.0
775.0 58.0
776.0 44.5
777.0 50.0
778.0 46.0
779.0 60.5
780.0 61.5
781.0 52.0
782.0 42.0
783.0 61.5
784.0 57.0
785.0 55.5
786.0 44.5
787.0 50.0
788.0 59.0
789.0 61.5
790.0 59.0
791.0 43.0
792.0 49.0
793.0 47.5
794.0 52.0
795.0 57.5
796.0 60.0
797.0 49.5
798.0 51.0
799.0 57.5
800.0 52.0
