1.0 51.0
2.0 59.5
3.0 49.0
4.0 53.0
5.0 59.0
6.0 58.5
7.0 55.5
8.0 60.0
9.0 54.5
10.0 48.0
11.0 51.0
12.0 46.0
13.0 55.5
14.0 45.5
15.0 51.5
16.0 52.5
17.0 62.5
18.0 61.5
19.0 54.0
20.0 45.0
21.0 62.5
22.0 56.5
23.0 50.5
24.0 40.5
25.0 59.5
26.0 46.0
27.0 52.5
28.0 54.5
29.0 54.0
30.0 62.0
31.0 49.0
32.0 57.0
33.0 60.0
34.0 51.5
35.0 62.0
36.0 54.0
37.0 59.5
38.0 61.0
39.0 62.5
40.0 44.0
41.0 54.0
42.0 58.0
43.0 54.0
44.0 58.5
45.0 39.5
46.0 15.0
47.0 23.5
48.0 31.0
49.0 25.5
50.0 53.0
51.0 65.5
52.0 84.5
53.0 92.5
54.0 121.0
55.0 154.5
56.0 147.5
57.0 178.0
58.0 273.0
59.0 288.5
60.0 349.5
61.0 288.0
62.0 490.0
63.0 285.5
64.0 270.0
65.0 361.5
66.0 339.0
67.0 297.0
68.0 297.5
69.0 311.5
70.0 331.0
71.0 294.5
72.0 288.5
73.0 349.5
74.0 352.5
75.0 311.5
76.0 392.0
77.0 339.5
78.0 291.5
79.0 253.0
80.0 247.5
81.0 279.0
82.0 382.0
83.0 395.5
84.0 372.0
85.0 398.5
86.0 354.5
87.0 29.0
88.0 4.0
89.0 71.0
90.0 237.5
91.0 334.5
92.0 315.0
93.0 344.5
94.0 254.0
95.0 311.0
96.0 3.0
97.0 197.5
98.0 71.5
99.0 65.0
100.0 117.0
101.0 51.0
102.0 2.5
103.0 64.0
104.0 109.0
105.0 112.5
106.0 34.0
107.0 3.0
108.0 3.0
109.0 10.0
110.0 16.0
111.0 31.0
112.0 17.0
113.0 69.5
114.0 3.5
115.0 2.0
116.0 2.5
117.0 7.0
118.0 10.5
119.0 8.5
120.0 6.5
121.0 4.5
122.0 46.0
123.0 59.5
124.0 53.5
125.0 61.0
126.0 71.0
127.0 94.0
128.0 114.5
129.0 109.5
130.0 159.0
131.0 168.5
132.0 209.5
133.0 238.5
134.0 267.0
135.0 277.5
136.0 322.0
137.0 302.0
138.0 314.0
139.0 379.5
140.0 430.0
141.0 443.0
142.0 437.5
143.0 434.5
144.0 483.5
145.0 545.0
146.0 570.0
147.0 505.0
148.0 545.0
149.0 484.0
150.0 620.0
151.0 650.0
152.0 555.0
153.0 525.0
154.0 590.0
155.0 685.0
156.0 810.0
157.0 630.0
158.0 565.0
159.0 655.0
160.0 570.0
161.0 645.0
162.0 645.0
163.0 605.0
164.0 635.0
165.0 685.0
166.0 620.0
167.0 730.0
168.0 535.0
169.0 715.0
170.0 740.0
171.0 715.0
172.0 770.0
173.0 770.0
174.0 870.0
175.0 630.0
176.0 820.0
177.0 835.0
178.0 740.0
179.0 715.0
180.0 685.0
181.0 720.0
182.0 755.0
183.0 770.0
184.0 740.0
185.0 815.0
186.0 720.0
187.0 745.0
188.0 815.0
189.0 780.0
190.0 810.0
191.0 810.0
192.0 780.0
193.0 780.0
194.0 800.0
195.0 815.0
196.0 765.0
197.0 885.0
198.0 905.0
199.0 885.0
200.0 930.0
201.0 885.0
202.0 885.0
203.0 895.0
204.0 900.0
205.0 885.0
206.0 890.0
207.0 825.0
208.0 750.0
209.0 885.0
210.0 845.0
211.0 715.0
212.0 302.5
213.0 8.5
214.0 2.5
215.0 61.5
216.0 59.0
217.0 860.0
218.0 750.0
219.0 835.0
220.0 870.0
221.0 865.0
222.0 890.0
223.0 885.0
224.0 825.0
225.0 830.0
226.0 730.0
227.0 690.0
228.0 730.0
229.0 765.0
230.0 825.0
231.0 745.0
232.0 775.0
233.0 715.0
234.0 600.0
235.0 340.0
236.0 352.0
237.0 53.5
238.0 158.5
239.0 250.5
240.0 402.0
241.0 283.5
242.0 351.0
243.0 259.0
244.0 26.0
245.0 171.0
246.0 18.0
247.0 7.0
248.0 35.5
249.0 205.0
250.0 330.0
251.0 222.0
252.0 295.5
253.0 308.0
254.0 356.0
255.0 353.0
256.0 28.5
257.0 192.0
258.0 260.0
259.0 137.5
260.0 60.5
261.0 15.5
262.0 30.0
263.0 19.5
264.0 62.0
265.0 56.5
266.0 238.5
267.0 236.5
268.0 274.5
269.0 263.0
270.0 287.0
271.0 322.5
272.0 327.5
273.0 398.5
274.0 394.5
275.0 404.0
276.0 439.5
277.0 484.0
278.0 655.0
279.0 790.0
280.0 705.0
281.0 875.0
282.0 840.0
283.0 765.0
284.0 860.0
285.0 800.0
286.0 830.0
287.0 845.0
288.0 880.0
289.0 885.0
290.0 870.0
291.0 830.0
292.0 820.0
293.0 720.0
294.0 820.0
295.0 745.0
296.0 650.0
297.0 740.0
298.0 735.0
299.0 785.0
300.0 755.0
301.0 710.0
302.0 760.0
303.0 422.0
304.0 21.0
305.0 55.5
306.0 61.5
307.0 432.0
308.0 384.0
309.0 399.5
310.0 478.5
311.0 228.5
312.0 6.0
313.0 0.5
314.0 56.5
315.0 45.5
316.0 367.0
317.0 383.5
318.0 488.5
319.0 392.0
320.0 2.0
321.0 0.5
322.0 0.5
323.0 7.0
324.0 0.0
325.0 12.0
326.0 136.0
327.0 197.0
328.0 244.5
329.0 242.0
330.0 217.0
331.0 256.0
332.0 286.0
333.0 264.0
334.0 263.0
335.0 392.5
336.0 323.0
337.0 307.0
338.0 317.0
339.0 346.5
340.0 330.0
341.0 401.0
342.0 411.0
343.0 442.5
344.0 390.5
345.0 344.0
346.0 470.0
347.0 540.0
348.0 352.5
349.0 340.5
350.0 372.5
351.0 438.5
352.0 448.0
353.0 505.0
354.0 530.0
355.0 485.5
356.0 525.0
357.0 580.0
358.0 550.0
359.0 530.0
360.0 575.0
361.0 435.5
362.0 560.0
363.0 469.0
364.0 510.0
365.0 585.0
366.0 750.0
367.0 720.0
368.0 785.0
369.0 655.0
370.0 725.0
371.0 850.0
372.0 830.0
373.0 625.0
374.0 795.0
375.0 790.0
376.0 580.0
377.0 800.0
378.0 750.0
379.0 540.0
380.0 630.0
381.0 740.0
382.0 730.0
383.0 690.0
384.0 755.0
385.0 685.0
386.0 685.0
387.0 830.0
388.0 765.0
389.0 765.0
390.0 590.0
391.0 640.0
392.0 730.0
393.0 875.0
394.0 745.0
395.0 860.0
396.0 780.0
397.0 421.5
398.0 630.0
399.0 715.0
400.0 705.0
401.0 850.0
402.0 800.0
403.0 865.0
404.0 770.0
405.0 810.0
406.0 870.0
407.0 770.0
408.0 765.0
409.0 730.0
410.0 785.0
411.0 590.0
412.0 710.0
413.0 645.0
414.0 645.0
415.0 655.0
416.0 675.0
417.0 670.0
418.0 560.0
419.0 590.0
420.0 735.0
421.0 585.0
422.0 535.0
423.0 132.0
424.0 31.0
425.0 72.5
426.0 41.0
427.0 17.0
428.0 9.5
429.0 18.5
430.0 22.0
431.0 22.0
432.0 15.5
433.0 48.5
434.0 47.0
435.0 53.0
436.0 51.0
437.0 54.0
438.0 56.5
439.0 53.5
440.0 83.5
441.0 88.5
442.0 92.5
443.0 112.5
444.0 92.5
445.0 111.5
446.0 123.5
447.0 137.5
448.0 133.0
449.0 199.5
450.0 272.0
451.0 244.5
452.0 290.0
453.0 365.5
454.0 451.0
455.0 505.0
456.0 470.5
457.0 499.0
458.0 535.0
459.0 615.0
460.0 635.0
461.0 650.0
462.0 700.0
463.0 625.0
464.0 466.0
465.0 705.0
466.0 770.0
467.0 575.0
468.0 473.5
469.0 615.0
470.0 600.0
471.0 700.0
472.0 645.0
473.0 610.0
474.0 580.0
475.0 498.0
476.0 404.0
477.0 432.0
478.0 6.0
479.0 4.0
480.0 0.0
481.0 15.5
482.0 20.0
483.0 41.0
484.0 332.5
485.0 423.0
486.0 451.0
487.0 535.0
488.0 460.0
489.0 434.5
490.0 535.0
491.0 620.0
492.0 560.0
493.0 600.0
494.0 775.0
495.0 780.0
496.0 660.0
497.0 430.0
498.0 675.0
499.0 610.0
500.0 600.0
501.0 695.0
502.0 710.0
503.0 690.0
504.0 605.0
505.0 610.0
506.0 620.0
507.0 510.0
508.0 430.0
509.0 402.0
510.0 257.0
511.0 423.0
512.0 378.0
513.0 276.0
514.0 343.5
515.0 369.5
516.0 301.5
517.0 317.5
518.0 317.0
519.0 281.5
520.0 226.0
521.0 30.5
522.0 60.0
523.0 62.0
524.0 59.5
525.0 60.5
526.0 56.0
527.0 59.5
528.0 43.5
529.0 580.0
530.0 625.0
531.0 620.0
532.0 625.0
533.0 560.0
534.0 620.0
535.0 555.0
536.0 0.0
537.0 309.5
538.0 491.0
539.0 670.0
540.0 590.0
541.0 570.0
542.0 655.0
543.0 760.0
544.0 545.0
545.0 635.0
546.0 660.0
547.0 424.0
548.0 560.0
549.0 208.5
550.0 149.5
551.0 49.0
552.0 44.0
553.0 62.0
554.0 48.0
555.0 300.5
556.0 395.0
557.0 421.5
558.0 449.0
559.0 452.5
560.0 436.5
561.0 44.0
562.0 36.5
563.0 122.5
564.0 94.0
565.0 245.5
566.0 106.0
567.0 109.0
568.0 24.0
569.0 33.5
570.0 247.0
571.0 330.0
572.0 393.5
573.0 441.5
574.0 445.0
575.0 499.5
576.0 455.5
577.0 575.0
578.0 625.0
579.0 640.0
580.0 565.0
581.0 695.0
582.0 590.0
583.0 565.0
584.0 590.0
585.0 680.0
586.0 570.0
587.0 620.0
588.0 600.0
589.0 645.0
590.0 640.0
591.0 74.5
592.0 58.0
593.0 62.0
594.0 58.5
595.0 57.5
596.0 59.5
597.0 56.0
598.0 60.5
599.0 60.5
600.0 56.0
601.0 51.0
602.0 61.0
603.0 49.0
604.0 49.0
605.0 62.5
606.0 52.5
607.0 54.0
608.0 47.0
609.0 62.5
610.0 62.0
611.0 62.5
612.0 59.5
613.0 57.5
614.0 49.5
615.0 57.5
616.0 51.0
617.0 59.0
618.0 62.0
619.0 48.0
620.0 58.0
621.0 55.0
622.0 54.0
623.0 297.0
624.0 374.0
625.0 376.5
626.0 388.5
627.0 394.0
628.0 424.0
629.0 366.5
630.0 440.0
631.0 456.0
632.0 416.5
633.0 484.0
634.0 442.0
635.0 279.5
636.0 41.5
637.0 57.5
638.0 441.5
639.0 361.5
640.0 462.0
641.0 452.0
642.0 356.0
643.0 405.5
644.0 498.5
645.0 575.0
646.0 560.0
647.0 395.5
648.0 414.5
649.0 437.5
650.0 485.0
651.0 450.5
652.0 505.0
653.0 406.0
654.0 462.5
655.0 505.0
656.0 432.0
657.0 391.5
658.0 465.0
659.0 484.5
660.0 500.0
661.0 383.5
662.0 275.0
663.0 191.0
664.0 454.5
665.0 461.5
666.0 270.0
667.0 6.5
668.0 0.0
669.0 51.0
670.0 3.5
671.0 0.0
672.0 0.0
673.0 18.0
674.0 0.0
675.0 13.0
676.0 19.5
677.0 55.5
678.0 65.5
679.0 16.5
680.0 32.5
681.0 93.5
682.0 18.0
683.0 15.0
684.0 14.5
685.0 62.0
686.0 48.0
687.0 48.5
688.0 54.0
689.0 50.5
690.0 127.0
691.0 116.0
692.0 189.5
693.0 211.0
694.0 165.0
695.0 216.5
696.0 239.0
697.0 282.5
698.0 228.0
699.0 107.5
700.0 64.5
701.0 91.5
702.0 151.5
703.0 246.0
704.0 265.5
705.0 261.5
706.0 152.5
707.0 210.5
708.0 270.0
709.0 247.5
710.0 264.5
711.0 206.0
712.0 164.5
713.0 237.0
714.0 289.5
715.0 332.0
716.0 292.5
717.0 135.0
718.0 179.0
719.0 176.5
720.0 223.0
721.0 227.5
722.0 246.5
723.0 188.0
724.0 127.0
725.0 194.5
726.0 114.0
727.0 133.0
728.0 7.5
729.0 0.5
730.0 10.0
731.0 11.0
732.0 1.0
733.0 54.0
734.0 58.5
735.0 109.5
736.0 205.5
737.0 243.5
738.0 165.5
739.0 0.0
740.0 1.0
741.0 62.0
742.0 101.0
743.0 179.5
744.0 204.5
745.0 243.0
746.0 200.0
747.0 31.0
748.0 8.5
749.0 0.0
750.0 15.5
751.0 9.0
752.0 5.5
753.0 1.5
754.0 60.5
755.0 41.5
756.0 64.5
757.0 74.0
758.0 93.0
759.0 143.0
760.0 163.5
761.0 81.0
762.0 7.5
763.0 1.0
764.0 0.0
765.0 0.0
766.0 61.5
767.0 61.5
768.0 83.5
769.0 137.0
770.0 57.0
771.0 95.0
772.0 89.5
773.0 179.5
774.0 181.5
775.0 67.0
776.0 87.0
777.0 79.0
778.0 102.0
779.0 80.5
780.0 130.0
781.0 141.0
782.0 174.0
783.0 151.5
784.0 19.0
785.0 6.0
786.0 16.0
787.0 13.0
788.0 14.5
789.0 16.5
790.0 53.0
791.0 56.5
792.0 62.0
793.0 131.0
794.0 45.0
795.0 49.5
796.0 58.0
797.0 52.0
798.0 119.0
799.0 136.5
800.0 115.5
