1.0 102.0
2.0 108.5
3.0 136.5
4.0 179.0
5.0 189.5
6.0 1.0
7.0 0.0
8.0 61.5
9.0 61.5
10.0 216.5
11.0 281.5
12.0 94.0
13.0 54.5
14.0 58.0
15.0 89.5
16.0 91.0
17.0 35.0
18.0 23.5
19.0 88.0
20.0 84.5
21.0 84.5
22.0 2.0
23.0 8.0
24.0 50.5
25.0 58.5
26.0 28.5
27.0 50.5
28.0 57.5
29.0 56.5
30.0 68.5
31.0 75.5
32.0 72.5
33.0 37.0
34.0 46.5
35.0 58.0
36.0 6.5
37.0 35.5
38.0 21.0
39.0 37.0
40.0 50.5
41.0 34.5
42.0 43.0
43.0 49.0
44.0 45.0
45.0 45.0
46.0 40.0
47.0 26.5
48.0 19.5
49.0 7.5
50.0 11.5
51.0 11.5
52.0 10.5
53.0 11.5
54.0 13.0
55.0 13.0
56.0 50.5
57.0 47.5
58.0 52.5
59.0 50.5
60.0 55.5
61.0 59.0
62.0 55.5
63.0 44.5
64.0 54.0
65.0 51.5
66.0 48.5
67.0 60.5
68.0 55.5
69.0 62.0
70.0 46.5
71.0 62.5
72.0 56.0
73.0 62.0
74.0 48.0
75.0 62.5
76.0 84.5
77.0 186.5
78.0 401.0
79.0 427.0
80.0 401.5
81.0 395.0
82.0 397.0
83.0 390.5
84.0 399.0
85.0 341.0
86.0 370.0
87.0 395.5
88.0 407.5
89.0 384.0
90.0 329.0
91.0 328.0
92.0 354.5
93.0 369.0
94.0 359.5
95.0 108.0
96.0 20.0
97.0 36.0
98.0 38.5
99.0 48.0
100.0 69.5
101.0 38.0
102.0 23.0
103.0 32.0
104.0 19.0
105.0 28.0
106.0 38.0
107.0 20.0
108.0 26.5
109.0 24.0
110.0 130.0
111.0 135.5
112.0 154.5
113.0 180.5
114.0 205.0
115.0 209.5
116.0 173.0
117.0 166.0
118.0 178.5
119.0 146.5
120.0 120.0
121.0 134.5
122.0 139.5
123.0 143.5
124.0 155.0
125.0 164.5
126.0 167.0
127.0 154.0
128.0 166.5
129.0 155.5
130.0 155.0
131.0 147.5
132.0 154.0
133.0 154.5
134.0 151.5
135.0 140.5
136.0 153.5
137.0 171.0
138.0 174.5
139.0 115.0
140.0 56.0
141.0 58.5
142.0 61.5
143.0 106.5
144.0 154.5
145.0 167.0
146.0 166.5
147.0 124.0
148.0 66.5
149.0 90.0
150.0 26.5
151.0 20.0
152.0 0.0
153.0 48.0
154.0 51.0
155.0 58.0
156.0 40.0
157.0 150.0
158.0 138.0
159.0 131.0
160.0 152.5
161.0 154.0
162.0 164.0
163.0 168.5
164.0 159.0
165.0 166.5
166.0 178.5
167.0 60.0
168.0 43.5
169.0 76.5
170.0 166.5
171.0 160.0
172.0 152.5
173.0 152.5
174.0 163.0
175.0 136.0
176.0 144.5
177.0 133.0
178.0 49.5
179.0 43.0
180.0 62.5
181.0 60.5
182.0 55.5
183.0 46.0
184.0 38.5
185.0 60.5
186.0 52.5
187.0 51.0
188.0 60.0
189.0 58.0
190.0 60.5
191.0 62.0
192.0 68.0
193.0 72.0
194.0 76.0
195.0 73.0
196.0 25.0
197.0 0.0
198.0 0.0
199.0 0.0
200.0 0.0
201.0 57.0
202.0 42.5
203.0 28.5
204.0 56.5
205.0 57.5
206.0 28.0
207.0 12.5
208.0 0.0
209.0 0.0
210.0 0.0
211.0 0.0
212.0 59.0
213.0 61.0
214.0 35.0
215.0 57.5
216.0 62.0
217.0 60.0
218.0 58.5
219.0 62.5
220.0 57.5
221.0 56.5
222.0 43.5
223.0 53.0
224.0 44.0
225.0 41.5
226.0 58.5
227.0 18.0
228.0 13.0
229.0 7.5
230.0 0.0
231.0 7.0
232.0 18.5
233.0 36.0
234.0 49.5
235.0 39.0
236.0 61.5
237.0 57.0
238.0 52.5
239.0 62.0
240.0 52.0
241.0 70.5
242.0 62.5
243.0 68.0
244.0 80.0
245.0 60.0
246.0 72.0
247.0 76.5
248.0 58.5
249.0 124.0
250.0 144.5
