1.0 62.0
2.0 15.0
3.0 39.5
4.0 60.0
5.0 81.5
6.0 123.0
7.0 163.0
8.0 177.0
9.0 222.5
10.0 250.5
11.0 316.5
12.0 60.0
13.0 1.0
14.0 79.5
15.0 200.0
16.0 120.5
17.0 159.5
18.0 48.0
19.0 49.0
20.0 45.5
21.0 174.0
22.0 180.0
23.0 152.5
24.0 166.0
25.0 169.5
26.0 224.0
27.0 110.0
28.0 127.5
29.0 259.5
30.0 314.5
31.0 383.0
32.0 328.5
33.0 51.0
34.0 15.0
35.0 62.0
36.0 55.5
37.0 143.5
38.0 206.0
39.0 247.0
40.0 381.0
41.0 396.0
42.0 369.0
43.0 347.0
44.0 390.5
45.0 420.5
46.0 380.5
47.0 93.0
48.0 39.0
49.0 47.5
50.0 47.5
51.0 51.0
52.0 54.0
53.0 43.5
54.0 55.0
55.0 53.5
56.0 45.5
57.0 62.5
58.0 53.0
59.0 58.0
60.0 56.5
61.0 54.5
62.0 60.0
63.0 46.5
64.0 62.0
65.0 50.5
66.0 60.5
67.0 49.5
68.0 48.5
69.0 45.0
70.0 60.0
71.0 51.5
72.0 48.5
73.0 58.5
74.0 54.0
75.0 74.0
76.0 123.5
77.0 152.5
78.0 210.5
79.0 206.0
80.0 178.0
81.0 225.5
82.0 247.0
83.0 237.5
84.0 261.5
85.0 257.5
86.0 299.5
87.0 318.5
88.0 283.0
89.0 355.5
90.0 379.5
91.0 378.5
92.0 367.0
93.0 327.5
94.0 408.0
95.0 415.0
96.0 481.0
97.0 498.5
98.0 478.0
99.0 421.5
100.0 493.0
101.0 451.0
102.0 530.0
103.0 481.5
104.0 292.5
105.0 515.0
106.0 388.0
107.0 341.0
108.0 364.0
109.0 367.0
110.0 279.5
111.0 265.5
112.0 178.0
113.0 26.5
114.0 230.0
115.0 11.0
116.0 89.5
117.0 5.0
118.0 1.0
119.0 8.5
120.0 22.5
121.0 8.0
122.0 56.5
123.0 57.5
124.0 34.5
125.0 90.0
126.0 100.5
127.0 103.5
128.0 112.0
129.0 136.0
130.0 156.5
131.0 162.0
132.0 163.0
133.0 243.0
134.0 239.5
135.0 282.5
136.0 297.0
137.0 235.0
138.0 307.0
139.0 317.0
140.0 300.5
141.0 310.5
142.0 358.0
143.0 328.5
144.0 305.5
145.0 244.0
146.0 188.5
147.0 267.5
148.0 262.5
149.0 262.5
150.0 250.5
151.0 235.0
152.0 242.5
153.0 276.5
154.0 44.0
155.0 56.0
156.0 0.0
157.0 0.0
158.0 15.5
159.0 2.5
160.0 1.5
161.0 17.0
162.0 40.5
163.0 54.0
164.0 42.5
165.0 58.5
166.0 55.5
167.0 88.5
168.0 100.0
169.0 125.0
170.0 173.5
171.0 195.5
172.0 34.0
173.0 13.0
174.0 3.0
175.0 3.0
176.0 14.5
177.0 60.5
178.0 53.5
179.0 147.0
180.0 156.0
181.0 180.0
182.0 83.5
183.0 3.5
184.0 5.0
185.0 0.0
186.0 50.5
187.0 58.5
188.0 165.0
189.0 181.5
190.0 236.0
191.0 210.0
192.0 229.0
193.0 248.0
194.0 251.5
195.0 254.5
196.0 262.0
197.0 287.0
198.0 283.5
199.0 325.5
200.0 248.5
201.0 298.0
202.0 262.5
203.0 370.5
204.0 387.5
205.0 337.5
206.0 341.0
207.0 289.0
208.0 338.5
209.0 321.5
210.0 413.0
211.0 312.5
212.0 404.0
213.0 391.0
214.0 348.5
215.0 374.0
216.0 272.5
217.0 178.0
218.0 196.5
219.0 235.0
220.0 232.0
221.0 215.0
222.0 199.0
223.0 227.0
224.0 153.0
225.0 28.0
226.0 6.0
227.0 58.5
228.0 53.5
229.0 3.5
230.0 63.0
231.0 80.5
232.0 21.0
233.0 1.5
234.0 0.0
235.0 0.0
236.0 0.5
237.0 50.0
238.0 62.0
239.0 56.0
240.0 54.5
241.0 61.5
242.0 106.0
243.0 154.0
244.0 193.0
245.0 221.0
246.0 242.5
247.0 268.0
248.0 240.5
249.0 281.0
250.0 332.0
