1.0 15.625
2.0 26.375
3.0 40.375
4.0 56.75
5.0 60.125
6.0 42.875
7.0 0.0
8.0 13.125
9.0 15.625
10.0 25.875
11.0 45.75
12.0 25.25
13.0 11.0
14.0 33.5
15.0 72.5
16.0 79.125
17.0 97.375
18.0 78.75
19.0 97.625
20.0 13.875
21.0 13.0
22.0 11.875
23.0 12.5
24.0 14.125
25.0 13.375
26.0 14.625
27.0 12.125
28.0 11.0
29.0 11.875
30.0 21.375
31.0 34.5
32.0 42.75
33.0 38.625
34.0 40.125
35.0 38.625
36.0 12.25
37.0 14.25
38.0 14.5
39.0 2.625
40.0 11.875
41.0 14.25
42.0 13.625
43.0 15.125
44.0 7.75
45.0 2.25
46.0 9.75
47.0 14.25
48.0 15.375
49.0 10.75
50.0 15.5
51.0 15.125
52.0 13.625
53.0 13.625
54.0 13.75
55.0 11.125
56.0 15.0
57.0 13.125
58.0 14.75
59.0 14.5
60.0 13.5
61.0 10.0
62.0 58.875
63.0 95.375
64.0 104.125
65.0 113.625
66.0 34.5
67.0 13.25
68.0 15.25
69.0 44.75
70.0 119.125
71.0 90.625
72.0 92.375
73.0 111.0
74.0 46.25
75.0 102.0
76.0 49.5
77.0 57.875
78.0 16.125
79.0 20.375
80.0 15.375
81.0 21.125
82.0 20.125
83.0 14.875
84.0 12.875
85.0 10.375
86.0 11.5
87.0 33.5
88.0 70.25
89.0 77.125
90.0 86.375
91.0 93.5
92.0 103.75
93.0 111.875
94.0 117.375
95.0 101.625
96.0 100.0
97.0 109.125
98.0 64.0
99.0 14.0
100.0 13.0
101.0 45.25
102.0 13.75
103.0 15.5
104.0 15.25
105.0 10.125
106.0 11.125
107.0 15.125
108.0 15.25
109.0 14.75
110.0 11.375
111.0 12.75
112.0 13.125
113.0 14.875
114.0 15.5
115.0 15.125
116.0 13.25
117.0 15.0
118.0 13.25
119.0 12.875
120.0 13.0
121.0 13.625
122.0 14.5
123.0 14.75
124.0 12.25
125.0 48.375
126.0 80.5
127.0 75.625
128.0 84.125
129.0 84.125
130.0 14.5
131.0 12.0
132.0 46.75
133.0 99.125
134.0 121.75
135.0 119.75
136.0 98.0
137.0 107.25
138.0 86.0
139.0 126.25
140.0 77.125
141.0 85.125
142.0 80.875
143.0 15.125
144.0 15.625
145.0 13.75
146.0 13.625
147.0 15.375
148.0 15.0
149.0 13.625
150.0 14.25
151.0 14.25
152.0 67.875
153.0 101.875
154.0 93.0
155.0 56.75
156.0 14.625
157.0 0.25
158.0 11.5
159.0 15.0
160.0 56.0
161.0 98.25
162.0 104.375
163.0 101.75
164.0 98.5
165.0 74.375
166.0 62.5
167.0 31.625
168.0 12.0
169.0 17.0
170.0 5.0
171.0 16.375
172.0 11.25
173.0 17.125
174.0 14.375
175.0 12.875
176.0 11.25
177.0 10.125
178.0 7.25
179.0 5.875
180.0 3.5
181.0 12.0
182.0 11.875
183.0 16.375
184.0 14.375
185.0 18.625
186.0 27.375
187.0 27.875
188.0 29.375
189.0 24.75
190.0 10.875
191.0 12.75
192.0 10.375
193.0 7.25
194.0 10.25
195.0 10.625
196.0 1.375
197.0 14.75
198.0 12.25
199.0 49.25
200.0 58.5
201.0 58.875
202.0 62.625
203.0 73.125
204.0 70.125
205.0 68.5
206.0 72.5
207.0 75.375
208.0 77.25
209.0 78.625
210.0 76.0
211.0 78.75
212.0 73.5
213.0 78.125
214.0 73.875
215.0 79.625
216.0 75.375
217.0 80.5
218.0 76.375
219.0 76.5
220.0 74.75
221.0 78.25
222.0 80.0
223.0 79.125
224.0 77.5
225.0 83.375
226.0 79.0
227.0 77.0
228.0 76.5
229.0 75.125
230.0 81.375
231.0 74.625
232.0 72.75
233.0 78.25
234.0 80.875
235.0 75.25
236.0 83.625
237.0 77.875
238.0 70.25
239.0 43.625
240.0 82.875
241.0 48.0
242.0 23.0
243.0 81.375
244.0 92.625
245.0 4.5
246.0 5.625
247.0 14.375
248.0 13.875
249.0 11.5
250.0 14.0
