1.0 9.875
2.0 19.125
3.0 18.25
4.0 7.625
5.0 20.375
6.0 24.75
7.0 26.75
8.0 24.25
9.0 27.375
10.0 24.125
11.0 27.875
12.0 29.625
13.0 19.0
14.0 11.5
15.0 13.25
16.0 25.25
17.0 39.0
18.0 47.875
19.0 55.875
20.0 61.25
21.0 55.875
22.0 61.5
23.0 74.25
24.0 81.625
25.0 73.5
26.0 68.375
27.0 77.25
28.0 77.5
29.0 100.75
30.0 105.375
31.0 94.625
32.0 76.25
33.0 107.75
34.0 53.5
35.0 28.875
36.0 53.5
37.0 72.75
38.0 85.5
39.0 89.875
40.0 44.75
41.0 82.0
42.0 38.625
43.0 12.75
44.0 12.5
45.0 73.0
46.0 40.875
47.0 22.5
48.0 52.375
49.0 55.125
50.0 49.5
51.0 40.625
52.0 12.75
53.0 11.0
54.0 50.375
55.0 56.625
56.0 52.75
57.0 64.5
58.0 68.875
59.0 66.875
60.0 80.25
61.0 75.625
62.0 85.5
63.0 92.625
64.0 93.25
65.0 96.0
66.0 99.375
67.0 86.25
68.0 70.125
69.0 10.625
70.0 3.75
71.0 2.25
72.0 0.125
73.0 2.5
74.0 11.375
75.0 14.625
76.0 96.875
77.0 114.625
78.0 106.375
79.0 30.375
80.0 2.125
81.0 0.0
82.0 3.875
83.0 15.375
84.0 12.0
85.0 95.0
86.0 88.625
87.0 111.75
88.0 109.375
89.0 112.375
90.0 120.5
91.0 117.25
92.0 119.0
93.0 131.25
94.0 110.125
95.0 105.75
96.0 84.0
97.0 132.5
98.0 136.25
99.0 136.25
100.0 133.75
101.0 157.5
102.0 72.375
103.0 10.625
104.0 14.875
105.0 146.25
106.0 160.0
107.0 156.25
108.0 121.75
109.0 114.75
110.0 74.125
111.0 119.25
112.0 76.125
113.0 37.0
114.0 3.625
115.0 12.25
116.0 39.375
117.0 12.25
118.0 0.0
119.0 96.25
120.0 137.5
121.0 151.25
122.0 107.125
123.0 48.375
124.0 8.0
125.0 6.5
126.0 8.125
127.0 9.0
128.0 10.875
129.0 11.125
130.0 9.875
131.0 8.125
132.0 13.25
133.0 13.625
134.0 13.75
135.0 45.625
136.0 51.625
137.0 34.125
138.0 57.25
139.0 28.0
140.0 47.5
141.0 48.375
142.0 59.25
143.0 68.0
144.0 67.125
145.0 77.75
146.0 85.625
147.0 58.625
148.0 4.25
149.0 13.875
150.0 15.0
151.0 54.0
152.0 52.25
153.0 56.375
154.0 59.25
155.0 59.875
156.0 62.0
157.0 23.25
158.0 8.375
159.0 65.875
160.0 64.625
161.0 67.75
162.0 67.0
163.0 1.0
164.0 2.375
165.0 3.25
166.0 15.125
167.0 10.75
168.0 27.625
169.0 54.0
170.0 63.5
171.0 67.0
172.0 63.625
173.0 63.875
174.0 71.0
175.0 68.625
176.0 71.375
177.0 73.0
178.0 72.5
179.0 82.75
180.0 78.75
181.0 84.75
182.0 87.5
183.0 102.0
184.0 93.5
185.0 89.375
186.0 109.5
187.0 112.375
188.0 97.5
189.0 113.5
190.0 116.375
191.0 116.5
192.0 104.375
193.0 118.75
194.0 128.75
195.0 107.0
196.0 109.875
197.0 113.5
198.0 116.75
199.0 126.25
200.0 109.25
201.0 107.25
202.0 122.125
203.0 110.125
204.0 131.25
205.0 121.375
206.0 121.125
207.0 115.0
208.0 125.0
209.0 131.25
210.0 121.125
211.0 118.125
212.0 108.25
213.0 117.375
214.0 119.625
215.0 121.875
216.0 125.0
217.0 127.5
218.0 116.25
219.0 108.875
220.0 111.75
221.0 137.5
222.0 121.75
223.0 104.875
224.0 51.125
225.0 15.5
226.0 13.625
227.0 119.75
228.0 117.5
229.0 137.5
230.0 126.25
231.0 124.5
232.0 135.0
233.0 118.75
234.0 119.25
235.0 113.75
236.0 102.375
237.0 103.125
238.0 97.0
239.0 35.125
240.0 10.25
241.0 30.375
242.0 13.25
243.0 12.875
244.0 117.125
245.0 123.625
246.0 127.5
247.0 126.25
248.0 124.75
249.0 114.75
250.0 120.5
251.0 128.75
252.0 145.0
253.0 137.5
254.0 146.25
255.0 143.75
256.0 123.75
257.0 135.0
258.0 143.75
259.0 111.875
260.0 110.5
261.0 107.75
262.0 131.25
263.0 98.25
264.0 95.25
265.0 127.5
266.0 117.375
267.0 128.75
268.0 122.375
269.0 119.0
270.0 125.0
271.0 130.0
272.0 110.375
273.0 104.75
274.0 120.25
275.0 108.125
276.0 103.75
277.0 122.375
278.0 131.25
279.0 137.5
280.0 120.25
281.0 111.125
282.0 115.25
283.0 107.25
284.0 120.75
285.0 114.0
286.0 120.25
287.0 117.0
288.0 88.75
289.0 10.75
290.0 11.25
291.0 15.0
292.0 121.5
293.0 111.5
294.0 119.25
295.0 111.5
296.0 126.25
297.0 135.0
298.0 120.0
299.0 117.375
300.0 103.125
301.0 116.25
302.0 125.0
303.0 155.0
304.0 175.0
305.0 166.25
306.0 185.0
307.0 166.25
308.0 166.25
309.0 156.25
310.0 160.0
311.0 135.0
312.0 87.0
313.0 82.125
314.0 74.75
315.0 85.0
316.0 80.125
317.0 83.5
318.0 81.875
319.0 68.875
320.0 49.0
321.0 0.625
322.0 0.125
323.0 0.25
324.0 44.0
325.0 56.125
326.0 56.625
327.0 67.875
328.0 68.5
329.0 59.875
330.0 12.125
331.0 12.375
332.0 35.5
333.0 48.125
334.0 0.375
335.0 13.625
336.0 32.875
337.0 43.5
338.0 53.5
339.0 67.5
340.0 67.25
341.0 74.375
342.0 67.375
343.0 74.625
344.0 67.5
345.0 72.125
346.0 80.125
347.0 74.375
348.0 80.0
349.0 77.25
350.0 92.75
351.0 104.0
352.0 95.125
353.0 100.5
354.0 90.625
355.0 69.875
356.0 87.875
357.0 93.5
358.0 120.375
359.0 110.75
360.0 106.375
361.0 133.75
362.0 141.25
363.0 155.0
364.0 140.0
365.0 146.25
366.0 162.5
367.0 152.5
368.0 138.75
369.0 138.75
370.0 131.25
371.0 122.375
372.0 127.5
373.0 136.25
374.0 141.25
375.0 131.25
376.0 119.75
377.0 114.625
378.0 141.25
379.0 138.75
380.0 137.5
381.0 140.0
382.0 140.0
383.0 131.25
384.0 133.75
385.0 128.75
386.0 111.5
387.0 113.625
388.0 107.0
389.0 110.125
390.0 112.75
391.0 111.25
392.0 115.625
393.0 110.375
394.0 97.75
395.0 126.25
396.0 88.625
397.0 105.75
398.0 8.25
399.0 94.125
400.0 84.625
401.0 69.75
402.0 104.75
403.0 92.625
404.0 91.125
405.0 74.625
406.0 74.25
407.0 71.25
408.0 84.875
409.0 7.0
410.0 64.125
411.0 36.375
412.0 55.625
413.0 50.5
414.0 3.875
415.0 10.75
416.0 28.5
417.0 17.875
418.0 50.125
419.0 57.875
420.0 50.0
421.0 9.75
422.0 27.0
423.0 9.375
424.0 6.0
425.0 3.75
426.0 24.125
427.0 4.125
428.0 13.875
429.0 14.0
430.0 15.625
431.0 29.125
432.0 25.0
433.0 32.25
434.0 35.25
435.0 36.5
436.0 39.75
437.0 30.25
438.0 42.375
439.0 49.125
440.0 46.625
441.0 53.25
442.0 52.5
443.0 54.625
444.0 47.125
445.0 62.0
446.0 37.0
447.0 12.875
448.0 15.5
449.0 55.25
450.0 64.0
451.0 65.875
452.0 70.5
453.0 70.125
454.0 64.375
455.0 71.125
456.0 76.625
457.0 66.75
458.0 79.0
459.0 84.75
460.0 75.5
461.0 85.625
462.0 85.375
463.0 85.5
464.0 85.75
465.0 90.5
466.0 88.5
467.0 76.0
468.0 94.375
469.0 88.375
470.0 101.25
471.0 92.625
472.0 94.0
473.0 107.25
474.0 101.75
475.0 93.125
476.0 105.25
477.0 94.375
478.0 99.75
479.0 109.125
480.0 112.625
481.0 98.875
482.0 107.375
483.0 127.5
484.0 118.125
485.0 135.0
486.0 109.125
487.0 117.75
488.0 100.25
489.0 116.125
490.0 108.125
491.0 119.25
492.0 113.75
493.0 130.0
494.0 98.375
495.0 15.375
496.0 11.875
497.0 15.375
498.0 12.375
499.0 12.875
500.0 64.75
501.0 37.0
502.0 11.375
503.0 13.75
504.0 26.25
505.0 17.875
506.0 3.25
507.0 0.625
508.0 3.25
509.0 4.125
510.0 2.625
511.0 13.0
512.0 12.625
513.0 31.75
514.0 33.0
515.0 36.125
516.0 39.375
517.0 44.625
518.0 49.0
519.0 53.375
520.0 49.5
521.0 51.75
522.0 55.5
523.0 6.25
524.0 25.25
525.0 40.25
526.0 10.125
527.0 17.5
528.0 15.0
529.0 49.5
530.0 37.75
531.0 7.5
532.0 6.25
533.0 7.375
534.0 16.125
535.0 14.75
536.0 14.125
537.0 40.875
538.0 39.75
539.0 44.5
540.0 50.5
541.0 51.0
542.0 42.5
543.0 54.0
544.0 59.0
545.0 55.375
546.0 63.25
547.0 62.25
548.0 73.875
549.0 81.0
550.0 88.25
551.0 81.125
552.0 93.5
553.0 101.5
554.0 98.375
555.0 100.25
556.0 99.75
557.0 112.75
558.0 109.0
559.0 120.25
560.0 123.25
561.0 124.625
562.0 125.0
563.0 121.375
564.0 125.0
565.0 128.75
566.0 138.75
567.0 138.75
568.0 123.25
569.0 138.75
570.0 116.625
571.0 122.5
572.0 106.0
573.0 11.0
574.0 45.625
575.0 32.125
576.0 12.625
577.0 6.375
578.0 28.0
579.0 11.25
580.0 15.125
581.0 43.0
582.0 54.75
583.0 53.5
584.0 62.125
585.0 62.625
586.0 56.0
587.0 61.875
588.0 60.375
589.0 70.125
590.0 72.25
591.0 77.75
592.0 17.5
593.0 13.25
594.0 12.375
595.0 68.25
596.0 75.875
597.0 74.25
598.0 85.125
599.0 76.625
600.0 72.0
601.0 83.25
602.0 92.5
603.0 91.875
604.0 86.875
605.0 98.125
606.0 98.25
607.0 102.375
608.0 100.0
609.0 98.375
610.0 117.375
611.0 100.75
612.0 113.125
613.0 110.25
614.0 112.125
615.0 5.125
616.0 1.0
617.0 8.625
618.0 34.875
619.0 13.25
620.0 103.125
621.0 105.375
622.0 110.75
623.0 91.125
624.0 108.875
625.0 113.875
626.0 99.0
627.0 110.875
628.0 103.125
629.0 99.125
630.0 111.375
631.0 115.5
632.0 125.0
633.0 133.75
634.0 133.75
635.0 107.875
636.0 103.375
637.0 100.625
638.0 90.75
639.0 107.5
640.0 105.875
641.0 98.25
642.0 120.0
643.0 73.625
644.0 109.75
645.0 97.875
646.0 109.625
647.0 85.25
648.0 28.75
649.0 13.75
650.0 13.125
651.0 36.625
652.0 48.875
653.0 68.0
654.0 9.875
655.0 0.0
656.0 3.375
657.0 11.0
658.0 11.0
659.0 15.25
660.0 39.25
661.0 37.0
662.0 14.625
663.0 12.875
664.0 0.875
665.0 0.0
666.0 2.75
667.0 2.125
668.0 1.75
669.0 0.0
670.0 15.125
671.0 15.5
672.0 32.0
673.0 35.125
674.0 42.375
675.0 38.0
676.0 33.375
677.0 32.0
678.0 36.875
679.0 43.625
680.0 46.0
681.0 46.75
682.0 50.75
683.0 50.375
684.0 52.5
685.0 45.0
686.0 57.875
687.0 27.0
688.0 55.0
689.0 56.0
690.0 63.5
691.0 58.5
692.0 52.875
693.0 57.625
694.0 54.125
695.0 49.75
696.0 62.0
697.0 61.125
698.0 69.125
699.0 73.25
700.0 76.125
701.0 71.875
702.0 54.625
703.0 53.5
704.0 76.5
705.0 57.875
706.0 72.875
707.0 75.375
708.0 81.75
709.0 85.875
710.0 88.75
711.0 91.125
712.0 82.125
713.0 72.875
714.0 70.5
715.0 67.875
716.0 69.625
717.0 74.75
718.0 66.5
719.0 66.0
720.0 86.625
721.0 69.0
722.0 74.625
723.0 71.5
724.0 61.0
725.0 82.625
726.0 68.25
727.0 37.75
728.0 29.375
729.0 46.0
730.0 63.875
731.0 60.125
732.0 57.625
733.0 47.5
734.0 55.75
735.0 62.5
736.0 50.0
737.0 59.375
738.0 53.0
739.0 47.875
740.0 52.75
741.0 63.5
742.0 52.0
743.0 59.125
744.0 52.0
745.0 66.125
746.0 29.75
747.0 53.5
748.0 42.875
749.0 41.75
750.0 50.0
751.0 48.125
752.0 42.125
753.0 40.25
754.0 21.875
755.0 0.0
756.0 0.0
757.0 0.125
758.0 0.375
759.0 0.0
760.0 1.75
761.0 0.125
762.0 0.125
763.0 0.0
764.0 11.0
765.0 12.75
766.0 11.0
767.0 6.375
768.0 5.0
769.0 6.125
770.0 7.375
771.0 6.75
772.0 7.5
773.0 1.625
774.0 14.75
775.0 12.25
776.0 14.375
777.0 14.75
778.0 15.0
779.0 14.5
780.0 12.25
781.0 13.375
782.0 12.75
783.0 12.25
784.0 15.0
785.0 14.375
786.0 16.25
787.0 17.375
788.0 18.625
789.0 22.875
790.0 24.25
791.0 28.875
792.0 30.75
793.0 36.125
794.0 42.125
795.0 40.125
796.0 48.125
797.0 47.875
798.0 42.25
799.0 2.25
800.0 13.75
