1.0 43.5
2.0 88.0
3.0 383.0
4.0 401.0
5.0 438.0
6.0 444.5
7.0 462.0
8.0 393.0
9.0 174.0
10.0 0.0
11.0 0.0
12.0 7.5
13.0 3.5
14.0 13.5
15.0 9.5
16.0 14.5
17.0 40.5
18.0 57.5
19.0 280.0
20.0 290.0
21.0 278.5
22.0 450.0
23.0 405.5
24.0 295.5
25.0 316.5
26.0 326.5
27.0 321.5
28.0 372.0
29.0 410.0
30.0 392.5
31.0 448.5
32.0 359.5
33.0 0.5
34.0 38.5
35.0 52.0
36.0 62.5
37.0 59.5
38.0 43.5
39.0 44.0
40.0 59.5
41.0 58.0
42.0 54.5
43.0 62.0
44.0 62.5
45.0 61.5
46.0 52.5
47.0 53.5
48.0 42.5
49.0 45.5
50.0 61.0
51.0 47.0
52.0 59.0
53.0 55.0
54.0 54.0
55.0 53.0
56.0 49.0
57.0 62.5
58.0 59.0
59.0 60.0
60.0 59.5
61.0 53.5
62.0 57.5
63.0 55.0
64.0 52.0
65.0 51.5
66.0 53.5
67.0 53.0
68.0 61.0
69.0 55.5
70.0 48.0
71.0 50.5
72.0 54.5
73.0 31.5
74.0 46.0
75.0 35.5
76.0 43.5
77.0 48.5
78.0 45.0
79.0 55.0
80.0 47.0
81.0 77.0
82.0 100.5
83.0 118.5
84.0 165.5
85.0 172.0
86.0 163.0
87.0 182.5
88.0 185.0
89.0 153.5
90.0 56.5
91.0 59.5
92.0 173.5
93.0 188.0
94.0 306.5
95.0 318.0
96.0 273.5
97.0 217.0
98.0 226.5
99.0 210.5
100.0 229.0
101.0 232.5
102.0 211.0
103.0 232.5
104.0 223.0
105.0 259.0
106.0 245.0
107.0 259.0
108.0 226.5
109.0 262.5
110.0 295.0
111.0 276.0
112.0 272.0
113.0 318.5
114.0 294.0
115.0 303.0
116.0 291.5
117.0 351.5
118.0 329.5
119.0 377.5
120.0 45.5
121.0 59.5
122.0 123.0
123.0 357.5
124.0 373.0
125.0 411.0
126.0 325.0
127.0 236.5
128.0 95.5
129.0 14.0
130.0 0.0
131.0 10.0
132.0 4.5
133.0 15.0
134.0 16.0
135.0 1.0
136.0 6.5
137.0 26.5
138.0 12.0
139.0 10.0
140.0 18.0
141.0 10.5
142.0 9.5
143.0 8.5
144.0 62.0
145.0 59.0
146.0 108.0
147.0 114.5
148.0 146.5
149.0 175.0
150.0 203.5
151.0 212.0
152.0 217.5
153.0 226.0
154.0 248.5
155.0 271.0
156.0 104.0
157.0 212.0
158.0 234.0
159.0 266.5
160.0 256.0
161.0 240.5
162.0 236.0
163.0 275.5
164.0 278.0
165.0 199.5
166.0 12.0
167.0 3.0
168.0 26.0
169.0 19.0
170.0 21.5
171.0 41.5
172.0 56.5
173.0 58.5
174.0 51.0
175.0 61.5
176.0 60.0
177.0 62.5
178.0 51.0
179.0 48.5
180.0 56.0
181.0 60.0
182.0 49.0
183.0 57.0
184.0 42.0
185.0 53.5
186.0 56.0
187.0 53.0
188.0 54.0
189.0 47.0
190.0 55.0
191.0 52.5
192.0 46.0
193.0 56.5
194.0 57.0
195.0 49.5
196.0 57.0
197.0 55.5
198.0 59.0
199.0 52.5
200.0 45.5
201.0 57.5
202.0 55.0
203.0 57.0
204.0 60.5
205.0 55.0
206.0 45.5
207.0 55.0
208.0 59.0
209.0 62.0
210.0 56.0
211.0 46.5
212.0 61.0
213.0 59.5
214.0 56.0
215.0 59.0
216.0 55.0
217.0 43.5
218.0 61.5
219.0 45.0
220.0 61.0
221.0 55.5
222.0 50.0
223.0 50.0
224.0 58.5
225.0 58.0
226.0 57.0
227.0 61.5
228.0 62.0
229.0 48.5
230.0 62.0
231.0 54.5
232.0 62.5
233.0 52.5
234.0 47.0
235.0 44.5
236.0 60.5
237.0 41.5
238.0 56.5
239.0 59.5
240.0 58.0
241.0 44.0
242.0 52.5
243.0 60.0
244.0 61.5
245.0 57.0
246.0 53.0
247.0 43.0
248.0 45.0
249.0 61.0
250.0 60.5
251.0 61.5
252.0 47.5
253.0 58.0
254.0 44.5
255.0 57.0
256.0 59.0
257.0 46.5
258.0 46.0
259.0 62.0
260.0 59.0
261.0 56.5
262.0 48.5
263.0 55.0
264.0 47.0
265.0 60.5
266.0 49.5
267.0 49.5
268.0 59.5
269.0 49.5
270.0 59.5
271.0 53.5
272.0 59.5
273.0 61.5
274.0 52.0
275.0 59.5
276.0 57.0
277.0 53.5
278.0 46.0
279.0 56.5
280.0 51.5
281.0 52.0
282.0 49.5
283.0 62.0
284.0 57.0
285.0 49.0
286.0 59.0
287.0 57.0
288.0 52.5
289.0 56.5
290.0 52.5
291.0 56.0
292.0 53.5
293.0 60.0
294.0 49.5
295.0 57.0
296.0 57.5
297.0 47.5
298.0 55.0
299.0 58.5
300.0 61.5
301.0 39.5
302.0 55.5
303.0 85.5
304.0 119.5
305.0 151.0
306.0 189.0
307.0 198.5
308.0 218.5
309.0 224.0
310.0 255.5
311.0 273.5
312.0 260.5
313.0 328.5
314.0 310.0
315.0 300.5
316.0 263.5
317.0 286.0
318.0 329.0
319.0 347.5
320.0 333.0
321.0 338.5
322.0 357.0
323.0 332.0
324.0 425.0
325.0 400.0
326.0 368.5
327.0 437.0
328.0 419.5
329.0 555.0
330.0 515.0
331.0 500.0
332.0 535.0
333.0 451.0
334.0 575.0
335.0 545.0
336.0 491.0
337.0 515.0
338.0 483.0
339.0 478.0
340.0 377.5
341.0 449.5
342.0 473.5
343.0 462.0
344.0 660.0
345.0 535.0
346.0 570.0
347.0 580.0
348.0 670.0
349.0 610.0
350.0 580.0
351.0 600.0
352.0 545.0
353.0 650.0
354.0 540.0
355.0 555.0
356.0 680.0
357.0 590.0
358.0 650.0
359.0 560.0
360.0 423.0
361.0 460.0
362.0 515.0
363.0 560.0
364.0 515.0
365.0 481.5
366.0 321.5
367.0 483.5
368.0 500.0
369.0 467.5
370.0 369.5
371.0 359.0
372.0 229.5
373.0 101.0
374.0 116.0
375.0 12.0
376.0 52.5
377.0 54.5
378.0 46.5
379.0 44.5
380.0 49.5
381.0 140.5
382.0 247.0
383.0 237.5
384.0 252.0
385.0 257.5
386.0 181.5
387.0 17.0
388.0 204.5
389.0 251.5
390.0 263.5
391.0 286.0
392.0 307.5
393.0 154.0
394.0 226.0
395.0 254.5
396.0 254.0
397.0 146.0
398.0 129.0
399.0 234.5
400.0 267.0
401.0 270.5
402.0 229.0
403.0 227.5
404.0 295.0
405.0 276.0
406.0 257.0
407.0 320.5
408.0 293.5
409.0 291.0
410.0 279.5
411.0 288.0
412.0 195.0
413.0 8.5
414.0 8.0
415.0 4.0
416.0 20.5
417.0 231.0
418.0 249.0
419.0 323.5
420.0 326.5
421.0 253.0
422.0 7.0
423.0 1.0
424.0 51.0
425.0 54.5
426.0 199.0
427.0 325.0
428.0 144.0
429.0 286.0
430.0 343.5
431.0 360.5
432.0 379.0
433.0 380.5
434.0 402.0
435.0 356.0
436.0 428.0
437.0 419.5
438.0 487.0
439.0 418.5
440.0 119.5
441.0 4.5
442.0 0.5
443.0 0.0
444.0 119.5
445.0 343.5
446.0 251.0
447.0 12.5
448.0 9.5
449.0 0.0
450.0 19.5
451.0 339.5
452.0 454.0
453.0 360.0
454.0 58.5
455.0 1.0
456.0 0.0
457.0 16.5
458.0 22.0
459.0 5.0
460.0 60.5
461.0 51.5
462.0 58.0
463.0 57.5
464.0 50.0
465.0 46.5
466.0 51.0
467.0 61.5
468.0 60.5
469.0 57.0
470.0 81.5
471.0 90.0
472.0 110.0
473.0 317.5
474.0 164.5
475.0 170.0
476.0 178.0
477.0 176.5
478.0 188.5
479.0 204.0
480.0 220.5
481.0 243.5
482.0 155.5
483.0 293.0
484.0 235.0
485.0 307.5
486.0 324.0
487.0 370.0
488.0 409.0
489.0 124.5
490.0 3.0
491.0 0.0
492.0 57.0
493.0 54.0
494.0 344.0
495.0 397.5
496.0 403.0
497.0 438.5
498.0 434.5
499.0 431.5
500.0 469.5
501.0 454.5
502.0 463.5
503.0 474.0
504.0 483.5
505.0 437.0
506.0 505.0
507.0 530.0
508.0 477.0
509.0 525.0
510.0 505.0
511.0 535.0
512.0 489.0
513.0 474.0
514.0 475.5
515.0 525.0
516.0 500.0
517.0 530.0
518.0 510.0
519.0 525.0
520.0 605.0
521.0 555.0
522.0 635.0
523.0 530.0
524.0 580.0
525.0 492.5
526.0 545.0
527.0 570.0
528.0 545.0
529.0 515.0
530.0 550.0
531.0 447.0
532.0 391.0
533.0 254.5
534.0 199.0
535.0 46.0
536.0 41.0
537.0 29.0
538.0 1.5
539.0 12.0
540.0 42.0
541.0 48.5
542.0 314.5
543.0 317.0
544.0 362.5
545.0 370.0
546.0 358.5
547.0 374.5
548.0 366.5
549.0 344.0
550.0 380.5
551.0 391.5
552.0 438.5
553.0 357.5
554.0 409.0
555.0 396.5
556.0 421.0
557.0 422.0
558.0 459.5
559.0 365.5
560.0 355.0
561.0 371.0
562.0 139.0
563.0 60.5
564.0 49.5
565.0 384.0
566.0 358.5
567.0 379.0
568.0 379.5
569.0 378.0
570.0 408.5
571.0 407.5
572.0 387.0
573.0 393.5
574.0 423.5
575.0 448.0
576.0 379.5
577.0 411.0
578.0 451.5
579.0 398.5
580.0 376.5
581.0 390.5
582.0 324.0
583.0 301.0
584.0 34.0
585.0 57.5
586.0 44.5
587.0 168.5
588.0 329.0
589.0 386.0
590.0 424.5
591.0 405.5
592.0 448.5
593.0 497.0
594.0 416.0
595.0 414.0
596.0 447.0
597.0 530.0
598.0 452.5
599.0 238.5
600.0 422.5
601.0 470.5
602.0 409.5
603.0 412.5
604.0 378.0
605.0 463.0
606.0 177.0
607.0 3.0
608.0 0.0
609.0 6.0
610.0 43.0
611.0 10.5
612.0 55.0
613.0 54.0
614.0 341.5
615.0 411.5
616.0 352.5
617.0 137.5
618.0 14.5
619.0 61.0
620.0 39.5
621.0 114.5
622.0 308.5
623.0 346.0
624.0 347.0
625.0 336.5
626.0 387.5
627.0 365.0
628.0 335.5
629.0 226.0
630.0 317.5
631.0 111.5
632.0 52.0
633.0 56.5
634.0 47.5
635.0 388.5
636.0 377.0
637.0 358.0
638.0 352.0
639.0 316.5
640.0 371.0
641.0 404.5
642.0 404.5
643.0 441.5
644.0 339.0
645.0 378.5
646.0 380.5
647.0 393.0
648.0 338.5
649.0 350.5
650.0 376.5
651.0 348.0
652.0 362.5
653.0 373.5
654.0 384.0
655.0 424.5
656.0 438.5
657.0 368.5
658.0 443.5
659.0 428.5
660.0 399.5
661.0 510.0
662.0 426.5
663.0 392.0
664.0 382.0
665.0 397.5
666.0 358.5
667.0 478.5
668.0 432.0
669.0 422.5
670.0 401.0
671.0 400.5
672.0 349.5
673.0 375.0
674.0 441.0
675.0 467.5
676.0 313.0
677.0 432.5
678.0 426.5
679.0 392.0
680.0 405.5
681.0 457.5
682.0 390.0
683.0 389.0
684.0 376.5
685.0 342.0
686.0 338.5
687.0 397.0
688.0 366.0
689.0 384.0
690.0 404.0
691.0 380.0
692.0 384.5
693.0 377.5
694.0 356.5
695.0 380.0
696.0 320.0
697.0 384.0
698.0 409.0
699.0 360.0
700.0 417.0
701.0 319.0
702.0 500.0
703.0 403.0
704.0 431.5
705.0 401.5
706.0 365.0
707.0 414.5
708.0 395.5
709.0 438.0
710.0 485.5
711.0 413.0
712.0 419.0
713.0 428.5
714.0 479.5
715.0 403.5
716.0 389.5
717.0 463.5
718.0 435.0
719.0 415.5
720.0 443.0
721.0 480.0
722.0 439.0
723.0 404.5
724.0 377.5
725.0 349.5
726.0 273.0
727.0 401.5
728.0 103.0
729.0 9.5
730.0 0.0
731.0 1.5
732.0 2.0
733.0 0.0
734.0 2.5
735.0 1.0
736.0 0.0
737.0 1.0
738.0 2.5
739.0 39.0
740.0 49.0
741.0 45.0
742.0 60.0
743.0 3.0
744.0 27.5
745.0 8.0
746.0 1.0
747.0 3.5
748.0 4.0
749.0 6.0
750.0 3.0
751.0 4.5
752.0 3.5
753.0 5.0
754.0 2.0
755.0 3.0
756.0 3.0
757.0 4.0
758.0 4.5
759.0 7.0
760.0 55.5
761.0 61.0
762.0 52.5
763.0 45.0
764.0 58.5
765.0 62.0
766.0 60.5
767.0 50.5
768.0 48.0
769.0 54.0
770.0 42.5
771.0 51.0
772.0 62.5
773.0 54.5
774.0 57.0
775.0 49.0
776.0 44.0
777.0 50.0
778.0 62.5
779.0 46.0
780.0 54.5
781.0 60.5
782.0 56.5
783.0 54.5
784.0 62.5
785.0 60.0
786.0 56.5
787.0 53.5
788.0 53.5
789.0 47.5
790.0 55.5
