1.0 20.125
2.0 6.5
3.0 19.625
4.0 30.625
5.0 14.25
6.0 13.75
7.0 15.625
8.0 13.75
9.0 13.25
10.0 14.0
11.0 13.75
12.0 13.125
13.0 13.5
14.0 14.0
15.0 13.125
16.0 34.375
17.0 102.625
18.0 83.0
19.0 6.0
20.0 2.25
21.0 14.25
22.0 13.0
23.0 26.5
24.0 27.125
25.0 37.75
26.0 31.75
27.0 40.75
28.0 27.25
29.0 28.625
30.0 39.125
31.0 18.75
32.0 4.875
33.0 11.5
34.0 15.375
35.0 11.25
36.0 14.75
37.0 14.875
38.0 12.875
39.0 11.375
40.0 14.5
41.0 15.5
42.0 13.75
43.0 11.75
44.0 14.375
45.0 14.875
46.0 24.375
47.0 33.875
48.0 44.75
49.0 39.25
50.0 4.875
51.0 13.375
52.0 12.625
53.0 9.125
54.0 5.625
55.0 7.0
56.0 8.25
57.0 12.375
58.0 37.625
59.0 57.25
60.0 59.875
61.0 60.5
62.0 61.5
63.0 59.25
64.0 65.875
65.0 72.375
66.0 81.25
67.0 89.125
68.0 76.0
69.0 15.25
70.0 12.25
71.0 15.625
72.0 33.25
73.0 74.75
74.0 45.5
75.0 51.75
76.0 37.5
77.0 19.25
78.0 49.25
79.0 45.0
80.0 32.5
81.0 12.375
82.0 7.75
83.0 6.875
84.0 14.75
85.0 36.625
86.0 73.375
87.0 69.5
88.0 73.75
89.0 76.5
90.0 75.0
91.0 74.625
92.0 68.375
93.0 73.25
94.0 35.75
95.0 13.25
96.0 35.25
97.0 90.375
98.0 91.25
99.0 110.0
100.0 87.0
101.0 83.125
102.0 71.125
103.0 76.875
104.0 14.0
105.0 15.0
106.0 13.5
107.0 11.5
108.0 14.375
109.0 15.125
110.0 37.625
111.0 93.875
112.0 93.375
113.0 92.625
114.0 93.25
115.0 93.625
116.0 98.625
117.0 92.25
118.0 72.5
119.0 86.875
120.0 10.375
121.0 26.25
122.0 32.875
123.0 31.375
124.0 33.5
125.0 67.875
126.0 45.625
127.0 64.0
128.0 36.5
129.0 19.625
130.0 12.375
131.0 7.0
132.0 2.625
133.0 5.625
134.0 1.5
135.0 12.625
136.0 14.5
137.0 34.375
138.0 49.0
139.0 36.375
140.0 18.75
141.0 18.625
142.0 15.75
143.0 14.75
144.0 23.375
145.0 37.0
146.0 37.625
147.0 15.125
148.0 14.5
149.0 17.0
150.0 38.375
151.0 46.5
152.0 48.5
153.0 48.5
154.0 50.25
155.0 50.375
156.0 15.5
157.0 11.625
158.0 15.25
159.0 14.25
160.0 11.375
161.0 13.5
162.0 15.0
163.0 15.625
164.0 10.75
165.0 12.5
166.0 11.75
167.0 12.625
168.0 34.5
169.0 62.0
170.0 67.5
171.0 77.0
172.0 37.625
173.0 11.0
174.0 33.125
175.0 24.875
176.0 12.0
177.0 12.25
178.0 15.375
179.0 11.75
180.0 14.125
181.0 13.625
