1.0 373.0
2.0 348.0
3.0 407.5
4.0 439.5
5.0 460.0
6.0 455.5
7.0 510.0
8.0 479.5
9.0 545.0
10.0 590.0
11.0 540.0
12.0 555.0
13.0 441.5
14.0 493.5
15.0 540.0
16.0 372.5
17.0 283.0
18.0 240.0
19.0 148.0
20.0 138.0
21.0 136.5
22.0 61.5
23.0 63.0
24.0 62.5
25.0 257.0
26.0 242.5
27.0 266.0
28.0 269.5
29.0 297.0
30.0 291.5
31.0 250.0
32.0 277.0
33.0 299.0
34.0 282.0
35.0 350.0
36.0 349.5
37.0 355.5
38.0 385.5
39.0 367.5
40.0 366.0
41.0 352.0
42.0 404.5
43.0 392.5
44.0 426.5
45.0 396.5
46.0 290.5
47.0 77.5
48.0 59.5
49.0 194.5
50.0 330.0
51.0 397.5
52.0 390.5
53.0 415.5
54.0 365.0
55.0 419.0
56.0 425.0
57.0 440.0
58.0 433.5
59.0 451.0
60.0 458.5
61.0 515.0
62.0 468.0
63.0 500.0
64.0 560.0
65.0 620.0
66.0 615.0
67.0 710.0
68.0 635.0
69.0 595.0
70.0 484.0
71.0 427.5
72.0 98.5
73.0 41.5
74.0 46.0
75.0 62.0
76.0 75.0
77.0 156.5
78.0 200.5
79.0 188.5
80.0 38.0
81.0 81.5
82.0 85.5
83.0 145.0
84.0 156.5
85.0 166.5
86.0 178.0
87.0 49.5
88.0 107.5
89.0 171.5
90.0 176.5
91.0 189.5
92.0 176.5
93.0 163.5
94.0 174.0
95.0 254.0
96.0 158.0
97.0 104.5
98.0 123.0
99.0 72.5
100.0 158.0
101.0 151.0
102.0 162.5
103.0 2.5
104.0 54.5
105.0 54.0
106.0 30.0
107.0 44.0
108.0 119.0
109.0 198.5
110.0 156.5
111.0 185.5
112.0 179.5
113.0 179.5
114.0 145.0
115.0 165.0
116.0 253.0
117.0 199.5
118.0 242.0
119.0 223.0
120.0 201.0
121.0 172.5
122.0 215.5
123.0 210.5
124.0 242.0
125.0 189.0
126.0 188.0
127.0 140.0
128.0 19.0
129.0 187.0
130.0 189.5
131.0 208.5
132.0 213.0
133.0 121.5
134.0 4.5
135.0 0.0
136.0 9.0
137.0 2.0
138.0 5.0
139.0 57.0
140.0 57.5
141.0 62.5
142.0 58.5
143.0 62.0
144.0 58.0
145.0 56.0
146.0 45.5
147.0 128.0
148.0 125.5
149.0 146.0
150.0 170.5
151.0 183.0
152.0 177.0
153.0 177.5
154.0 182.5
155.0 225.5
156.0 209.5
157.0 233.5
158.0 288.5
159.0 331.5
160.0 269.5
161.0 338.0
162.0 374.5
163.0 308.0
164.0 369.0
165.0 352.0
166.0 369.0
167.0 406.5
168.0 416.5
169.0 399.0
170.0 390.5
171.0 379.0
172.0 415.5
173.0 365.0
174.0 420.0
175.0 476.5
176.0 414.5
177.0 453.0
178.0 493.5
179.0 488.5
180.0 431.5
181.0 494.0
182.0 500.0
183.0 484.0
184.0 436.5
185.0 168.0
186.0 63.0
187.0 184.0
188.0 90.5
189.0 32.0
190.0 10.0
191.0 11.0
192.0 100.5
193.0 13.0
194.0 40.0
195.0 26.0
196.0 25.5
197.0 71.5
198.0 62.0
199.0 127.0
200.0 144.5
201.0 164.0
202.0 148.0
203.0 148.0
204.0 157.5
205.0 139.5
206.0 168.0
207.0 144.5
208.0 46.5
209.0 48.5
210.0 173.5
211.0 188.5
212.0 190.5
213.0 189.5
214.0 166.0
215.0 167.5
216.0 152.0
217.0 181.0
218.0 189.0
219.0 190.5
220.0 206.5
221.0 234.5
222.0 258.0
223.0 286.0
224.0 253.5
225.0 314.0
226.0 336.5
227.0 363.5
228.0 371.5
229.0 374.0
230.0 249.0
231.0 222.5
232.0 68.0
233.0 45.5
234.0 40.5
235.0 77.0
236.0 45.5
237.0 177.0
238.0 247.0
239.0 237.0
240.0 276.5
241.0 248.5
242.0 257.5
243.0 274.0
244.0 262.5
245.0 294.0
246.0 323.0
247.0 371.0
248.0 348.0
249.0 379.0
250.0 436.5
251.0 363.5
252.0 404.5
253.0 487.0
254.0 458.0
255.0 510.0
256.0 570.0
257.0 431.5
258.0 580.0
259.0 575.0
260.0 550.0
261.0 625.0
262.0 535.0
263.0 610.0
264.0 555.0
265.0 535.0
266.0 545.0
267.0 630.0
268.0 665.0
269.0 600.0
270.0 555.0
271.0 570.0
272.0 605.0
273.0 565.0
274.0 482.5
275.0 474.5
276.0 16.0
277.0 1.0
278.0 4.5
279.0 29.0
280.0 3.0
281.0 11.0
282.0 60.5
283.0 79.5
284.0 191.0
285.0 203.5
286.0 224.0
287.0 230.5
288.0 248.0
289.0 255.0
290.0 246.0
291.0 261.0
292.0 254.0
293.0 267.0
294.0 313.5
295.0 308.0
296.0 331.0
297.0 337.0
298.0 332.0
299.0 285.0
300.0 164.0
301.0 57.5
302.0 57.5
303.0 52.5
304.0 51.0
305.0 54.5
306.0 275.5
307.0 256.0
308.0 291.0
309.0 249.5
310.0 262.5
311.0 300.0
312.0 269.5
313.0 161.5
314.0 300.5
315.0 268.0
316.0 310.0
317.0 347.0
318.0 360.5
319.0 394.0
320.0 363.5
321.0 474.0
322.0 435.0
323.0 423.0
324.0 399.0
325.0 437.0
326.0 446.5
327.0 414.0
328.0 478.0
329.0 433.5
330.0 515.0
331.0 424.0
332.0 459.0
333.0 427.5
334.0 418.0
335.0 446.5
336.0 394.0
337.0 409.5
338.0 442.5
339.0 346.0
340.0 309.5
341.0 461.5
342.0 291.5
343.0 10.0
344.0 5.5
345.0 45.5
346.0 57.0
347.0 479.0
348.0 423.5
349.0 489.0
350.0 436.5
351.0 505.0
352.0 486.5
353.0 560.0
354.0 460.5
355.0 580.0
356.0 408.5
357.0 328.0
358.0 35.5
359.0 1.5
360.0 0.0
361.0 39.0
362.0 51.5
363.0 44.5
364.0 62.0
365.0 80.0
366.0 67.0
367.0 26.5
368.0 21.0
369.0 25.0
370.0 72.5
371.0 73.0
372.0 44.5
373.0 50.0
374.0 12.0
375.0 21.0
376.0 18.0
377.0 18.0
378.0 58.0
379.0 53.0
380.0 123.5
381.0 143.0
382.0 143.0
383.0 47.5
384.0 88.0
385.0 106.0
386.0 50.5
387.0 24.5
388.0 44.5
389.0 48.5
390.0 91.0
391.0 127.0
392.0 83.0
393.0 47.0
394.0 92.0
395.0 97.5
396.0 98.0
397.0 115.0
398.0 46.0
399.0 98.0
400.0 56.5
401.0 26.0
402.0 23.5
403.0 25.5
404.0 30.5
405.0 58.5
406.0 44.5
407.0 21.5
408.0 15.5
409.0 56.0
410.0 48.0
411.0 60.5
412.0 60.5
413.0 71.5
414.0 102.5
415.0 116.0
416.0 120.5
417.0 126.0
418.0 130.5
419.0 166.5
420.0 101.5
421.0 177.5
422.0 196.5
423.0 176.5
424.0 223.5
425.0 210.0
426.0 50.0
427.0 43.5
428.0 165.5
429.0 193.5
430.0 194.0
431.0 210.5
432.0 192.5
433.0 225.0
434.0 217.5
435.0 209.0
436.0 223.0
437.0 252.5
438.0 271.5
439.0 252.0
440.0 233.0
441.0 260.0
442.0 365.5
443.0 323.5
444.0 336.0
445.0 402.5
446.0 355.5
447.0 354.5
448.0 405.0
449.0 402.0
450.0 434.0
451.0 51.5
452.0 50.5
453.0 61.0
454.0 166.5
455.0 149.5
456.0 162.0
457.0 155.5
458.0 150.5
459.0 155.0
460.0 96.0
461.0 38.0
462.0 54.0
463.0 45.5
464.0 61.0
465.0 63.0
466.0 126.0
467.0 122.0
468.0 125.0
469.0 125.0
470.0 113.0
471.0 162.0
472.0 186.5
473.0 198.0
474.0 144.5
475.0 200.5
476.0 244.0
477.0 254.0
478.0 232.0
479.0 315.5
480.0 297.0
481.0 368.5
482.0 352.5
483.0 393.5
484.0 381.0
485.0 375.5
486.0 402.0
487.0 408.0
488.0 375.5
489.0 410.0
490.0 407.0
491.0 427.5
492.0 413.5
493.0 157.0
494.0 19.0
495.0 0.0
496.0 249.5
497.0 379.0
498.0 384.0
499.0 420.5
500.0 420.5
501.0 403.5
502.0 418.0
503.0 424.0
504.0 498.0
505.0 520.0
506.0 491.5
507.0 487.5
508.0 419.0
509.0 367.0
510.0 404.0
511.0 395.0
512.0 403.5
513.0 353.0
514.0 400.0
515.0 383.5
516.0 384.0
517.0 490.5
518.0 471.5
519.0 408.5
520.0 363.5
521.0 418.5
522.0 401.0
523.0 425.5
524.0 367.5
525.0 370.5
526.0 401.5
527.0 374.5
528.0 363.0
529.0 356.5
530.0 323.5
531.0 96.5
532.0 176.0
533.0 287.5
534.0 304.5
535.0 293.0
536.0 214.0
537.0 249.0
538.0 224.5
539.0 176.5
540.0 37.0
541.0 188.5
542.0 21.5
543.0 45.5
544.0 115.0
545.0 190.5
546.0 225.5
547.0 206.5
548.0 202.0
549.0 248.0
550.0 247.5
551.0 276.5
552.0 267.5
553.0 264.0
554.0 253.5
555.0 266.0
556.0 291.0
557.0 402.0
558.0 359.0
559.0 371.0
560.0 387.5
561.0 439.0
562.0 353.5
563.0 381.0
564.0 353.5
565.0 390.5
566.0 359.5
567.0 374.5
568.0 391.5
569.0 404.0
570.0 334.0
571.0 375.0
572.0 364.0
573.0 301.5
574.0 351.5
575.0 299.0
576.0 53.0
577.0 46.0
578.0 58.5
579.0 57.0
580.0 55.5
581.0 59.0
582.0 53.5
583.0 49.5
584.0 48.0
585.0 44.0
586.0 56.5
587.0 60.5
588.0 53.0
589.0 45.5
590.0 61.0
591.0 50.0
592.0 54.5
593.0 45.0
594.0 58.5
595.0 50.5
596.0 53.5
597.0 55.0
598.0 48.5
599.0 62.5
600.0 53.0
601.0 56.0
602.0 61.5
603.0 45.5
604.0 56.0
605.0 51.5
606.0 45.5
607.0 61.0
608.0 49.5
609.0 237.5
610.0 325.0
611.0 335.0
612.0 389.0
613.0 242.0
614.0 216.0
615.0 238.5
616.0 132.0
617.0 62.0
618.0 47.5
619.0 331.0
620.0 461.5
621.0 261.5
622.0 309.0
623.0 315.5
624.0 343.5
625.0 313.0
626.0 405.0
627.0 397.5
628.0 439.0
629.0 493.0
630.0 585.0
631.0 495.5
632.0 453.0
633.0 505.0
634.0 429.5
635.0 715.0
636.0 476.0
637.0 630.0
638.0 590.0
639.0 460.5
640.0 650.0
641.0 427.5
642.0 545.0
643.0 488.5
644.0 407.5
645.0 396.0
646.0 359.5
647.0 361.0
648.0 294.5
649.0 234.5
650.0 201.0
651.0 170.5
652.0 3.5
653.0 0.0
654.0 0.0
655.0 0.0
656.0 0.0
657.0 58.5
658.0 57.5
659.0 60.5
660.0 60.5
661.0 77.0
662.0 254.5
663.0 320.5
664.0 348.5
665.0 360.5
666.0 421.0
667.0 368.5
668.0 54.0
669.0 44.0
670.0 115.5
671.0 54.5
672.0 154.0
673.0 256.0
674.0 301.0
675.0 327.0
676.0 279.0
677.0 263.5
678.0 326.5
679.0 352.5
680.0 44.0
681.0 89.5
682.0 134.5
683.0 220.5
684.0 7.5
685.0 49.5
686.0 44.0
687.0 60.0
688.0 142.5
689.0 254.5
690.0 246.0
691.0 244.0
692.0 211.0
693.0 295.5
694.0 264.5
695.0 278.0
696.0 296.5
697.0 296.0
698.0 125.5
699.0 230.0
700.0 302.5
701.0 291.0
702.0 236.5
703.0 294.5
704.0 267.0
705.0 324.5
706.0 231.0
707.0 318.0
708.0 296.5
709.0 318.5
710.0 282.0
711.0 361.5
712.0 314.5
713.0 330.5
714.0 283.5
715.0 53.5
716.0 55.0
717.0 231.0
718.0 275.0
719.0 303.0
720.0 272.5
721.0 325.5
722.0 119.0
723.0 223.0
724.0 246.0
725.0 274.0
726.0 320.0
727.0 283.5
728.0 308.0
729.0 278.5
730.0 270.0
731.0 227.5
732.0 14.5
733.0 8.0
734.0 0.0
735.0 53.5
736.0 45.5
737.0 35.5
738.0 89.0
739.0 79.0
740.0 37.5
741.0 5.0
742.0 1.0
743.0 2.0
744.0 59.0
745.0 62.0
746.0 91.0
747.0 83.0
748.0 71.0
749.0 85.5
750.0 109.5
751.0 64.0
752.0 53.5
753.0 30.5
754.0 23.0
755.0 43.5
756.0 23.5
757.0 22.0
758.0 54.5
759.0 62.0
760.0 62.0
761.0 48.5
762.0 40.0
763.0 39.5
764.0 48.5
765.0 48.0
766.0 37.0
767.0 49.5
768.0 83.5
769.0 108.0
770.0 139.0
771.0 135.0
772.0 144.5
773.0 167.0
774.0 198.5
775.0 189.0
776.0 242.0
777.0 261.5
778.0 249.5
779.0 312.5
780.0 289.5
781.0 316.5
782.0 319.5
783.0 336.5
784.0 423.0
785.0 430.0
786.0 386.0
787.0 404.5
