1.0 31.0
2.0 65.5
3.0 112.0
4.0 174.5
5.0 221.5
6.0 304.0
7.0 270.0
8.0 27.0
9.0 57.5
10.0 55.5
11.0 81.0
12.0 186.0
13.0 48.0
14.0 62.0
15.0 60.0
16.0 53.5
17.0 62.5
18.0 54.5
19.0 45.5
20.0 57.5
21.0 47.0
22.0 55.0
23.0 56.0
24.0 45.5
25.0 62.5
26.0 15.0
27.0 28.0
28.0 1.0
29.0 49.5
30.0 58.0
31.0 79.0
32.0 98.5
33.0 75.5
34.0 112.0
35.0 82.5
36.0 99.5
37.0 91.5
38.0 99.0
39.0 114.5
40.0 35.0
41.0 2.0
42.0 0.5
43.0 2.5
44.0 6.0
45.0 21.5
46.0 62.5
47.0 54.0
48.0 58.0
49.0 51.5
50.0 54.0
51.0 57.5
52.0 44.0
53.0 55.0
54.0 53.5
55.0 54.5
56.0 42.0
57.0 57.0
58.0 45.0
59.0 62.0
60.0 58.0
61.0 39.5
62.0 54.0
63.0 53.0
64.0 39.5
65.0 52.5
66.0 52.0
67.0 52.0
68.0 61.0
69.0 48.5
70.0 59.0
71.0 61.5
72.0 62.5
73.0 60.5
74.0 61.0
75.0 62.5
76.0 59.5
77.0 56.5
78.0 61.0
79.0 61.0
80.0 55.5
81.0 58.5
82.0 44.0
83.0 62.5
84.0 62.0
85.0 44.5
86.0 44.0
87.0 50.5
88.0 55.5
89.0 59.5
90.0 62.5
91.0 48.5
92.0 52.5
93.0 56.5
94.0 49.5
95.0 54.0
96.0 49.5
97.0 58.0
98.0 53.5
99.0 42.5
100.0 53.0
101.0 59.0
102.0 53.5
103.0 59.5
104.0 53.0
105.0 43.0
106.0 60.5
107.0 52.5
108.0 51.5
109.0 39.0
110.0 62.5
111.0 48.5
112.0 56.0
113.0 43.5
114.0 60.0
115.0 56.5
116.0 59.5
117.0 46.5
118.0 55.5
119.0 55.5
120.0 51.0
121.0 62.5
122.0 61.5
123.0 57.0
124.0 17.5
125.0 25.5
126.0 34.5
127.0 39.5
128.0 66.5
129.0 102.0
130.0 36.5
131.0 106.5
132.0 232.5
133.0 195.5
134.0 22.0
135.0 1.5
136.0 26.5
137.0 30.5
138.0 57.5
139.0 43.0
140.0 250.5
141.0 239.5
142.0 271.0
143.0 302.5
144.0 354.0
145.0 230.0
146.0 258.5
147.0 288.5
148.0 287.5
149.0 341.0
150.0 335.5
151.0 256.5
152.0 245.5
153.0 380.0
154.0 265.0
155.0 249.5
156.0 306.0
157.0 0.0
158.0 47.0
159.0 54.0
160.0 58.5
161.0 55.5
162.0 45.5
163.0 85.0
164.0 101.0
165.0 141.5
166.0 147.5
167.0 159.0
168.0 222.0
169.0 254.0
170.0 234.5
171.0 324.5
172.0 275.0
173.0 202.5
174.0 240.5
175.0 16.5
176.0 6.5
177.0 46.5
178.0 15.5
179.0 23.5
180.0 12.5
181.0 53.0
182.0 61.0
183.0 116.0
184.0 127.5
185.0 114.5
186.0 140.0
187.0 153.5
188.0 183.5
189.0 157.5
190.0 195.0
191.0 112.0
192.0 5.0
193.0 46.0
194.0 55.5
195.0 168.0
196.0 175.0
197.0 216.5
198.0 210.0
199.0 268.5
200.0 255.5
201.0 214.0
202.0 239.5
203.0 251.0
204.0 243.5
205.0 286.5
206.0 301.0
207.0 267.0
208.0 281.0
209.0 263.5
210.0 250.5
211.0 276.5
212.0 256.0
213.0 229.5
214.0 166.0
215.0 112.0
216.0 169.0
217.0 131.5
218.0 116.5
219.0 62.0
220.0 64.0
221.0 61.0
222.0 49.0
223.0 51.5
224.0 57.0
225.0 52.0
226.0 50.5
227.0 59.5
228.0 50.0
229.0 59.5
230.0 53.5
231.0 62.5
232.0 61.5
233.0 59.0
234.0 62.5
235.0 62.5
236.0 52.0
