1.0 47.0
2.0 54.0
3.0 60.0
4.0 53.5
5.0 45.5
6.0 46.0
7.0 55.5
8.0 60.5
9.0 62.0
10.0 45.5
11.0 62.5
12.0 62.5
13.0 60.0
14.0 53.5
15.0 48.0
16.0 57.0
17.0 62.5
18.0 59.0
19.0 46.0
20.0 54.5
21.0 53.0
22.0 60.0
23.0 53.0
24.0 47.0
25.0 47.5
26.0 52.0
27.0 49.5
28.0 44.5
29.0 59.0
30.0 54.0
31.0 50.0
32.0 47.5
33.0 45.5
34.0 47.0
35.0 60.5
36.0 48.0
37.0 43.0
38.0 61.0
39.0 12.5
40.0 27.0
41.0 33.5
42.0 48.0
43.0 59.0
44.0 67.0
45.0 81.0
46.0 97.0
47.0 138.5
48.0 196.5
49.0 170.5
50.0 167.0
51.0 60.5
52.0 210.0
53.0 281.0
54.0 285.0
55.0 275.5
56.0 78.5
57.0 89.5
58.0 221.0
59.0 91.0
60.0 6.0
61.0 17.5
62.0 32.5
63.0 74.5
64.0 4.0
65.0 79.5
66.0 123.0
67.0 139.0
68.0 125.0
69.0 140.0
70.0 119.5
71.0 48.5
72.0 137.0
73.0 60.0
74.0 141.5
75.0 97.0
76.0 127.5
77.0 152.0
78.0 44.0
79.0 114.0
80.0 142.5
81.0 83.5
82.0 45.5
83.0 93.0
84.0 97.5
85.0 36.5
86.0 16.5
87.0 70.0
88.0 79.0
89.0 10.5
90.0 70.5
91.0 104.0
92.0 116.0
93.0 124.5
94.0 257.0
95.0 210.5
96.0 50.5
97.0 226.5
98.0 160.5
99.0 253.5
100.0 273.0
101.0 180.5
102.0 244.5
103.0 329.0
104.0 294.0
105.0 330.0
106.0 367.5
107.0 319.5
108.0 41.0
109.0 187.0
110.0 314.5
111.0 327.5
112.0 286.5
113.0 69.5
114.0 136.0
115.0 311.5
116.0 392.0
117.0 391.5
118.0 370.5
119.0 419.0
120.0 119.0
121.0 0.0
122.0 113.0
123.0 372.0
124.0 395.0
125.0 197.0
126.0 49.5
127.0 89.5
128.0 183.5
129.0 122.0
130.0 75.5
131.0 74.0
132.0 68.0
133.0 33.0
134.0 11.0
135.0 3.0
136.0 33.0
137.0 44.0
138.0 86.5
139.0 62.0
140.0 20.5
141.0 25.5
142.0 6.5
143.0 13.5
144.0 21.0
145.0 16.5
146.0 0.0
147.0 53.5
148.0 53.5
149.0 70.0
150.0 76.5
151.0 144.5
152.0 162.5
153.0 169.5
154.0 212.5
155.0 168.5
156.0 56.0
157.0 140.0
158.0 97.5
159.0 146.0
160.0 58.5
161.0 0.0
162.0 0.0
163.0 0.0
164.0 0.0
165.0 59.5
166.0 56.0
167.0 155.5
168.0 148.5
169.0 181.0
170.0 192.0
171.0 168.5
172.0 223.5
173.0 141.5
174.0 207.0
175.0 262.0
176.0 159.5
177.0 316.5
178.0 354.5
179.0 378.5
180.0 347.5
181.0 367.0
182.0 340.5
183.0 322.5
184.0 364.5
185.0 740.0
186.0 530.0
187.0 750.0
188.0 424.5
189.0 740.0
190.0 368.0
191.0 314.0
192.0 700.0
193.0 650.0
194.0 680.0
195.0 471.0
196.0 640.0
197.0 670.0
198.0 720.0
199.0 675.0
200.0 830.0
201.0 760.0
202.0 525.0
203.0 417.5
204.0 115.5
205.0 125.5
206.0 76.0
207.0 605.0
208.0 770.0
209.0 575.0
210.0 645.0
211.0 454.0
212.0 480.5
213.0 455.0
214.0 326.5
215.0 347.5
216.0 83.5
217.0 259.0
218.0 2.0
219.0 29.0
220.0 181.0
221.0 183.0
222.0 121.0
223.0 41.0
224.0 58.0
225.0 91.5
226.0 224.0
227.0 317.5
228.0 406.0
229.0 418.0
230.0 436.0
231.0 459.0
232.0 560.0
233.0 660.0
234.0 710.0
235.0 635.0
236.0 615.0
237.0 760.0
238.0 423.0
239.0 309.0
240.0 149.5
241.0 17.0
242.0 5.5
243.0 11.0
244.0 4.0
245.0 14.5
246.0 65.5
247.0 143.5
248.0 8.0
249.0 0.5
250.0 18.5
251.0 22.0
252.0 62.0
253.0 42.5
254.0 12.0
255.0 9.0
256.0 0.5
257.0 0.0
258.0 0.0
259.0 0.0
260.0 0.0
261.0 59.0
262.0 50.5
263.0 50.5
264.0 203.5
265.0 301.5
266.0 336.5
267.0 391.5
268.0 410.0
269.0 431.5
270.0 456.5
271.0 149.0
272.0 520.0
273.0 620.0
274.0 605.0
275.0 625.0
276.0 640.0
277.0 655.0
278.0 655.0
279.0 437.0
280.0 432.5
281.0 600.0
282.0 620.0
283.0 630.0
284.0 640.0
285.0 600.0
286.0 615.0
287.0 595.0
288.0 625.0
289.0 560.0
290.0 590.0
291.0 570.0
292.0 560.0
293.0 560.0
294.0 560.0
295.0 570.0
296.0 525.0
297.0 389.0
298.0 170.0
299.0 1.0
300.0 0.0
301.0 0.0
302.0 0.0
303.0 5.0
304.0 53.0
305.0 56.0
306.0 209.0
307.0 4.0
308.0 3.0
309.0 1.5
310.0 3.5
311.0 0.0
312.0 17.0
313.0 62.5
314.0 50.0
315.0 344.5
316.0 47.0
317.0 48.0
318.0 151.5
319.0 375.0
320.0 323.5
321.0 401.0
322.0 374.5
323.0 157.0
324.0 244.0
325.0 57.5
326.0 45.5
327.0 317.0
328.0 311.5
329.0 57.0
330.0 55.0
331.0 332.0
332.0 269.5
333.0 44.5
334.0 46.0
335.0 61.5
336.0 184.0
337.0 336.5
338.0 94.5
339.0 1.5
340.0 1.5
341.0 0.0
342.0 51.0
343.0 62.0
344.0 53.5
345.0 111.0
346.0 266.0
347.0 316.5
348.0 345.5
349.0 339.5
350.0 303.0
351.0 339.0
352.0 297.5
353.0 352.0
354.0 388.5
355.0 465.0
356.0 390.5
357.0 336.5
358.0 540.0
359.0 570.0
360.0 457.5
361.0 570.0
362.0 685.0
363.0 600.0
364.0 515.0
365.0 585.0
366.0 441.5
367.0 2.0
368.0 0.0
369.0 0.0
370.0 1.0
371.0 44.5
372.0 60.5
373.0 48.0
374.0 11.5
375.0 1.5
376.0 0.0
377.0 68.0
378.0 285.5
379.0 332.5
380.0 260.0
381.0 299.0
382.0 296.5
383.0 229.0
384.0 247.0
385.0 238.5
386.0 119.5
387.0 178.0
388.0 228.0
389.0 81.0
390.0 165.5
391.0 408.5
392.0 378.5
393.0 370.0
394.0 410.0
395.0 377.5
396.0 358.5
397.0 275.5
398.0 353.0
399.0 365.0
400.0 299.5
401.0 249.5
402.0 239.0
403.0 37.0
404.0 5.5
405.0 0.5
406.0 15.0
407.0 20.5
408.0 20.0
409.0 45.5
410.0 61.5
411.0 93.5
412.0 135.0
413.0 226.0
414.0 227.0
415.0 281.5
416.0 295.0
417.0 235.5
418.0 264.5
419.0 156.0
420.0 241.0
421.0 65.0
422.0 90.0
423.0 14.5
424.0 0.0
425.0 44.5
426.0 58.0
427.0 60.5
428.0 69.0
429.0 94.0
430.0 78.5
431.0 26.5
432.0 62.5
433.0 23.5
434.0 34.5
435.0 21.5
436.0 37.0
437.0 36.5
438.0 50.5
439.0 41.5
440.0 45.5
441.0 39.0
442.0 31.0
443.0 42.5
444.0 41.0
445.0 37.5
446.0 29.5
447.0 52.5
448.0 49.5
449.0 105.0
450.0 132.0
451.0 138.0
452.0 145.0
453.0 159.0
454.0 156.5
455.0 186.5
456.0 214.0
457.0 241.0
458.0 266.0
459.0 298.0
460.0 343.5
461.0 372.0
462.0 505.0
463.0 540.0
464.0 585.0
465.0 755.0
466.0 835.0
467.0 545.0
468.0 725.0
469.0 725.0
470.0 785.0
471.0 790.0
472.0 755.0
473.0 725.0
474.0 620.0
475.0 520.0
476.0 475.0
477.0 447.5
478.0 482.5
479.0 400.0
480.0 453.5
481.0 540.0
482.0 487.5
483.0 645.0
484.0 525.0
485.0 441.0
486.0 505.0
487.0 464.5
488.0 422.0
489.0 43.0
490.0 59.0
491.0 60.5
492.0 62.5
493.0 54.5
494.0 58.5
495.0 61.0
496.0 51.5
497.0 46.0
498.0 49.0
499.0 129.0
500.0 347.5
501.0 274.5
502.0 382.0
503.0 214.0
504.0 0.0
505.0 0.0
506.0 45.0
507.0 54.0
508.0 48.5
509.0 56.0
510.0 56.0
511.0 59.0
512.0 50.5
513.0 44.0
514.0 55.5
515.0 59.0
516.0 44.0
517.0 62.0
518.0 57.0
519.0 56.0
520.0 62.0
521.0 62.5
522.0 49.0
523.0 52.5
524.0 51.5
525.0 49.0
526.0 52.5
527.0 56.5
528.0 55.0
529.0 62.5
530.0 42.5
531.0 61.5
532.0 49.0
533.0 58.0
534.0 59.5
535.0 57.5
536.0 50.5
537.0 54.5
538.0 40.0
539.0 56.0
540.0 56.5
541.0 62.5
542.0 54.0
543.0 47.0
544.0 52.0
545.0 53.0
546.0 60.0
547.0 40.0
548.0 53.5
549.0 53.5
550.0 45.5
551.0 42.0
552.0 49.5
553.0 48.5
554.0 54.0
555.0 48.0
556.0 51.0
557.0 41.0
558.0 61.0
559.0 59.0
560.0 53.0
561.0 51.5
562.0 47.5
563.0 62.0
564.0 47.5
565.0 54.0
566.0 45.5
567.0 48.5
568.0 61.5
569.0 45.0
570.0 57.0
571.0 41.0
572.0 47.0
573.0 60.5
574.0 57.0
575.0 46.5
576.0 48.0
577.0 61.0
578.0 57.0
579.0 42.5
580.0 50.0
581.0 51.0
582.0 44.0
583.0 57.0
584.0 49.5
585.0 40.0
586.0 45.5
587.0 58.5
588.0 61.5
589.0 56.5
590.0 55.5
591.0 50.0
592.0 55.5
593.0 51.0
594.0 44.5
595.0 55.0
596.0 53.0
597.0 59.5
598.0 54.0
599.0 60.0
600.0 59.0
601.0 55.0
602.0 50.0
603.0 50.5
604.0 44.0
605.0 51.5
606.0 61.5
607.0 50.0
608.0 54.5
609.0 60.5
610.0 59.5
611.0 59.5
612.0 51.5
613.0 47.5
614.0 52.5
615.0 62.5
616.0 62.5
617.0 56.0
618.0 55.5
619.0 62.5
620.0 55.5
621.0 60.0
622.0 62.0
623.0 57.0
624.0 59.0
625.0 179.5
626.0 273.0
627.0 246.5
628.0 281.5
629.0 268.5
630.0 271.0
631.0 290.0
632.0 251.5
633.0 313.5
634.0 318.0
635.0 334.0
636.0 374.5
637.0 383.0
638.0 375.0
639.0 407.5
640.0 446.5
641.0 454.0
642.0 437.5
643.0 462.0
644.0 461.0
645.0 437.0
646.0 478.5
647.0 465.0
648.0 575.0
649.0 550.0
650.0 520.0
651.0 585.0
652.0 500.0
653.0 435.0
654.0 421.5
655.0 469.0
656.0 386.5
657.0 535.0
658.0 570.0
659.0 393.0
660.0 415.0
661.0 386.5
662.0 320.5
663.0 168.5
664.0 21.5
665.0 7.0
666.0 2.0
667.0 11.5
668.0 36.0
669.0 5.5
670.0 7.0
671.0 5.5
672.0 7.0
673.0 44.0
674.0 59.0
675.0 151.5
676.0 269.5
677.0 316.5
678.0 358.5
679.0 422.0
680.0 425.5
681.0 520.0
682.0 413.5
683.0 500.0
684.0 505.0
685.0 449.5
686.0 478.0
687.0 482.5
688.0 435.5
689.0 460.5
690.0 446.5
691.0 441.0
692.0 431.5
693.0 405.0
694.0 452.0
695.0 275.0
696.0 346.5
697.0 264.0
698.0 250.5
699.0 333.0
700.0 366.5
701.0 315.5
702.0 288.0
703.0 320.0
704.0 328.0
705.0 331.5
706.0 340.0
707.0 318.0
708.0 355.5
709.0 354.0
710.0 288.5
711.0 374.5
712.0 295.5
713.0 369.5
714.0 392.0
715.0 375.5
716.0 383.5
717.0 307.5
718.0 285.5
719.0 238.0
720.0 325.5
721.0 71.0
722.0 0.0
723.0 0.0
724.0 0.0
725.0 0.0
726.0 0.0
727.0 50.5
728.0 50.5
729.0 60.5
730.0 45.0
731.0 60.0
732.0 59.0
733.0 54.0
734.0 48.5
735.0 45.0
736.0 60.5
737.0 62.0
738.0 58.5
739.0 56.0
740.0 62.0
741.0 50.0
742.0 45.5
743.0 53.0
744.0 59.0
745.0 50.5
746.0 55.5
747.0 51.0
748.0 55.0
749.0 60.5
750.0 58.0
751.0 49.5
752.0 49.0
753.0 51.5
754.0 50.5
755.0 61.5
756.0 60.5
757.0 50.5
758.0 47.0
759.0 57.5
760.0 45.5
761.0 44.5
762.0 49.0
763.0 49.5
764.0 55.0
765.0 52.0
766.0 62.0
767.0 41.0
768.0 49.0
769.0 61.5
770.0 53.5
771.0 59.0
772.0 62.0
773.0 58.0
774.0 62.0
775.0 52.5
776.0 42.0
777.0 59.5
778.0 49.0
779.0 49.5
780.0 50.0
781.0 38.0
782.0 60.0
783.0 54.5
784.0 62.5
785.0 61.5
786.0 43.0
787.0 55.0
788.0 53.5
789.0 39.0
790.0 59.0
791.0 55.5
792.0 40.5
793.0 54.0
794.0 41.5
795.0 44.5
796.0 62.0
797.0 50.5
798.0 46.5
799.0 54.5
