1.0 29.625
2.0 13.5
3.0 11.875
4.0 12.5
5.0 27.375
6.0 33.5
7.0 33.0
8.0 35.25
9.0 41.125
10.0 43.625
11.0 44.0
12.0 26.875
13.0 36.5
14.0 40.125
15.0 45.125
16.0 48.125
17.0 46.375
18.0 47.375
19.0 43.875
20.0 50.875
21.0 54.0
22.0 51.125
23.0 34.25
24.0 42.25
25.0 56.0
26.0 66.25
27.0 68.625
28.0 99.0
29.0 104.25
30.0 96.0
31.0 44.375
32.0 72.75
33.0 86.25
34.0 92.375
35.0 93.0
36.0 95.625
37.0 74.125
38.0 36.0
39.0 0.0
40.0 13.5
41.0 14.5
42.0 11.875
43.0 81.125
44.0 59.125
45.0 77.125
46.0 76.625
47.0 40.125
48.0 13.625
49.0 13.625
50.0 5.0
51.0 95.5
52.0 96.875
53.0 96.375
54.0 82.75
55.0 101.125
56.0 89.75
57.0 101.75
58.0 104.25
59.0 93.0
60.0 103.625
61.0 92.75
62.0 67.75
63.0 2.75
64.0 3.5
65.0 0.0
66.0 0.75
67.0 3.875
68.0 15.125
69.0 11.5
70.0 14.75
71.0 44.0
72.0 39.5
73.0 3.5
74.0 2.75
75.0 8.375
76.0 5.0
77.0 5.875
78.0 10.5
79.0 11.875
80.0 36.375
81.0 44.625
82.0 32.375
83.0 40.25
84.0 41.25
85.0 39.5
86.0 39.25
87.0 47.125
88.0 43.5
89.0 54.375
90.0 63.125
91.0 59.375
92.0 72.5
93.0 59.625
94.0 65.5
95.0 62.875
96.0 92.75
97.0 92.0
98.0 97.75
99.0 83.5
100.0 13.0
101.0 11.375
102.0 14.5
103.0 26.625
104.0 74.75
105.0 103.0
106.0 88.75
107.0 74.75
108.0 71.0
109.0 65.75
110.0 68.75
111.0 73.875
112.0 73.375
113.0 102.25
114.0 104.875
115.0 99.875
116.0 91.0
117.0 90.875
118.0 118.375
119.0 138.75
120.0 132.5
121.0 125.0
122.0 97.625
123.0 94.875
124.0 114.25
125.0 143.75
126.0 130.0
127.0 102.25
128.0 67.75
129.0 43.25
130.0 1.625
131.0 1.0
132.0 0.0
133.0 7.25
134.0 1.375
135.0 0.5
136.0 2.375
137.0 4.875
138.0 2.875
139.0 1.875
140.0 2.125
141.0 5.0
142.0 4.375
143.0 5.375
144.0 4.25
145.0 2.75
146.0 0.25
147.0 2.375
148.0 4.0
149.0 2.5
150.0 2.375
151.0 1.875
152.0 3.25
153.0 3.125
154.0 2.625
155.0 2.0
156.0 3.875
157.0 3.375
158.0 3.375
159.0 3.625
160.0 4.375
161.0 12.0
162.0 15.125
163.0 14.75
164.0 15.625
165.0 4.5
166.0 21.75
167.0 24.0
168.0 25.125
169.0 32.375
170.0 27.375
171.0 31.125
172.0 4.875
173.0 1.0
174.0 15.25
175.0 11.875
176.0 14.625
177.0 10.875
178.0 14.875
179.0 15.0
180.0 12.625
181.0 14.875
182.0 11.5
183.0 14.625
184.0 12.375
185.0 13.0
186.0 14.0
187.0 12.125
188.0 12.75
189.0 14.5
190.0 14.375
191.0 12.25
192.0 15.375
193.0 12.625
194.0 14.25
195.0 15.375
196.0 15.375
197.0 15.0
198.0 15.0
199.0 11.25
200.0 10.125
201.0 14.25
202.0 13.125
203.0 13.375
204.0 12.75
205.0 14.75
206.0 15.0
207.0 13.75
208.0 12.375
209.0 15.625
210.0 10.5
211.0 13.125
212.0 14.375
213.0 15.5
214.0 15.125
215.0 11.875
216.0 14.0
217.0 13.75
218.0 12.625
219.0 12.25
220.0 14.5
221.0 10.625
222.0 10.875
223.0 13.75
224.0 15.125
225.0 14.875
226.0 14.25
227.0 14.5
228.0 12.0
229.0 15.0
230.0 11.5
231.0 15.625
232.0 15.25
233.0 15.625
234.0 15.375
235.0 13.875
236.0 14.75
237.0 13.875
238.0 13.375
239.0 15.0
240.0 12.125
241.0 14.125
242.0 15.125
243.0 15.0
244.0 13.75
245.0 14.75
246.0 10.875
247.0 14.25
248.0 13.0
249.0 10.5
250.0 10.125
251.0 13.625
252.0 14.5
253.0 15.5
254.0 10.0
255.0 15.5
256.0 15.5
257.0 15.5
258.0 11.625
259.0 14.125
260.0 14.25
261.0 13.125
262.0 14.0
263.0 13.75
264.0 14.375
265.0 14.75
266.0 10.5
267.0 15.25
268.0 14.625
269.0 14.875
270.0 15.0
271.0 14.5
272.0 14.125
273.0 13.625
274.0 14.625
275.0 14.0
276.0 11.625
277.0 14.625
278.0 14.75
279.0 12.25
280.0 12.875
281.0 15.5
282.0 12.5
283.0 13.625
284.0 10.875
285.0 15.0
286.0 12.5
287.0 14.75
288.0 12.0
289.0 12.125
290.0 14.375
291.0 11.0
292.0 13.0
293.0 14.0
294.0 10.625
295.0 15.25
296.0 14.125
297.0 12.75
298.0 13.25
299.0 14.375
300.0 15.25
301.0 4.75
302.0 5.25
303.0 7.625
304.0 10.375
305.0 15.25
306.0 16.75
307.0 21.875
308.0 29.75
309.0 46.375
310.0 54.5
311.0 63.125
312.0 67.75
313.0 73.625
314.0 85.625
315.0 92.125
316.0 100.875
317.0 96.125
318.0 86.0
319.0 93.625
320.0 90.5
321.0 95.25
322.0 109.125
323.0 101.0
324.0 100.25
325.0 99.625
326.0 90.375
327.0 110.5
328.0 93.25
329.0 102.375
330.0 124.125
331.0 107.25
332.0 111.5
333.0 73.25
334.0 66.5
335.0 78.625
336.0 76.875
337.0 89.625
338.0 83.0
339.0 81.125
340.0 85.25
341.0 88.0
342.0 82.375
343.0 80.75
344.0 81.75
345.0 85.875
346.0 93.625
347.0 96.625
348.0 100.875
349.0 100.0
350.0 99.0
351.0 95.0
352.0 126.25
353.0 126.25
354.0 138.75
355.0 103.375
356.0 137.5
357.0 158.75
358.0 160.0
359.0 147.5
360.0 143.75
361.0 122.25
362.0 150.0
363.0 128.75
364.0 115.875
365.0 124.625
366.0 133.75
367.0 126.25
368.0 127.5
369.0 136.25
370.0 137.5
371.0 138.75
372.0 146.25
373.0 143.75
374.0 136.25
375.0 121.25
376.0 119.875
377.0 106.75
378.0 115.625
379.0 126.25
380.0 128.75
381.0 115.875
382.0 138.75
383.0 126.25
384.0 122.625
385.0 142.5
386.0 106.25
387.0 117.125
388.0 137.5
389.0 118.75
390.0 140.0
391.0 112.375
392.0 96.75
393.0 106.875
394.0 127.5
395.0 92.5
396.0 112.625
397.0 103.0
398.0 114.125
399.0 81.25
400.0 89.125
401.0 82.5
402.0 102.75
403.0 98.25
404.0 98.875
405.0 107.375
406.0 75.125
407.0 68.0
408.0 102.75
409.0 57.625
410.0 2.25
411.0 2.375
412.0 38.125
413.0 84.125
414.0 65.625
415.0 53.625
416.0 66.5
417.0 95.125
418.0 59.375
419.0 13.5
420.0 10.625
421.0 15.75
422.0 89.625
423.0 116.875
424.0 95.75
425.0 99.125
426.0 92.5
427.0 100.75
428.0 109.125
429.0 108.875
430.0 123.0
431.0 126.25
432.0 124.625
433.0 131.25
434.0 170.0
435.0 157.5
436.0 172.5
437.0 180.0
438.0 157.5
439.0 163.75
440.0 191.25
441.0 202.5
442.0 210.0
443.0 211.25
444.0 153.75
445.0 210.0
446.0 207.5
447.0 193.75
448.0 187.5
449.0 195.0
450.0 201.25
451.0 188.75
452.0 177.5
453.0 206.25
454.0 203.75
455.0 153.75
456.0 162.5
457.0 156.25
458.0 162.5
459.0 173.75
460.0 170.0
461.0 111.375
462.0 146.25
463.0 157.5
464.0 155.0
465.0 135.0
466.0 141.25
467.0 119.0
468.0 91.0
469.0 93.625
470.0 97.0
471.0 100.375
472.0 120.75
473.0 132.5
474.0 107.5
475.0 102.375
476.0 117.125
477.0 128.75
478.0 103.125
479.0 99.375
480.0 101.375
481.0 87.25
482.0 100.375
483.0 105.125
484.0 107.125
485.0 118.125
486.0 123.0
487.0 113.0
488.0 122.25
489.0 104.5
490.0 122.875
491.0 102.125
492.0 127.5
493.0 99.375
494.0 123.75
495.0 116.625
496.0 87.875
497.0 80.0
498.0 108.625
499.0 102.375
500.0 121.375
501.0 110.0
502.0 60.75
503.0 33.125
504.0 76.75
505.0 83.625
506.0 86.0
507.0 109.875
508.0 72.25
509.0 0.375
510.0 14.375
511.0 15.625
512.0 3.625
513.0 54.5
514.0 49.125
515.0 80.125
516.0 58.75
517.0 62.875
518.0 78.125
519.0 91.375
520.0 99.875
521.0 101.875
522.0 0.625
523.0 0.0
524.0 1.25
525.0 2.5
526.0 1.875
527.0 15.0
528.0 15.0
529.0 20.625
530.0 56.125
531.0 65.875
532.0 42.25
533.0 1.125
534.0 12.625
535.0 73.0
536.0 72.0
537.0 69.75
538.0 70.875
539.0 90.875
540.0 80.625
541.0 98.0
542.0 111.5
543.0 109.75
544.0 115.375
545.0 110.125
546.0 135.0
547.0 143.75
548.0 138.75
549.0 155.0
550.0 151.25
551.0 152.5
552.0 163.75
553.0 198.75
554.0 185.0
555.0 170.0
556.0 196.25
557.0 180.0
558.0 186.25
559.0 195.0
560.0 185.0
561.0 183.75
562.0 180.0
563.0 203.75
564.0 176.25
565.0 192.5
566.0 192.5
567.0 191.25
568.0 200.0
569.0 200.0
570.0 185.0
571.0 156.25
572.0 114.125
573.0 119.75
574.0 135.0
575.0 58.0
576.0 1.25
577.0 0.0
578.0 0.0
579.0 3.625
580.0 0.75
581.0 0.0
582.0 3.875
583.0 2.625
584.0 0.0
585.0 4.625
586.0 1.75
587.0 5.375
588.0 1.375
589.0 1.375
590.0 4.125
591.0 2.125
592.0 1.125
593.0 2.375
594.0 2.5
595.0 3.625
596.0 3.375
597.0 1.625
598.0 14.875
599.0 13.25
600.0 14.0
601.0 21.5
602.0 26.5
603.0 28.5
604.0 39.5
605.0 51.25
606.0 59.75
607.0 47.5
608.0 63.375
609.0 58.5
610.0 63.125
611.0 66.75
612.0 72.125
613.0 81.0
614.0 106.0
615.0 107.875
616.0 102.75
617.0 63.25
618.0 2.75
619.0 11.625
620.0 14.125
621.0 19.875
622.0 105.75
623.0 102.375
624.0 88.5
625.0 103.125
626.0 119.625
627.0 127.5
628.0 106.875
629.0 108.5
630.0 85.25
631.0 96.75
632.0 85.75
633.0 115.0
634.0 122.25
635.0 120.5
636.0 122.5
637.0 128.75
638.0 156.25
639.0 143.75
640.0 142.5
641.0 136.25
642.0 131.25
643.0 131.25
644.0 142.5
645.0 133.75
646.0 140.0
647.0 157.5
648.0 157.5
649.0 156.25
650.0 140.0
651.0 143.75
652.0 127.5
653.0 127.5
654.0 132.5
655.0 153.75
656.0 138.75
657.0 102.875
658.0 132.5
659.0 133.75
660.0 136.25
661.0 120.0
662.0 131.25
663.0 87.5
664.0 131.25
665.0 100.375
666.0 115.25
667.0 43.5
668.0 94.5
669.0 87.375
670.0 97.75
671.0 37.25
672.0 56.0
673.0 68.875
674.0 78.5
675.0 63.875
676.0 72.375
677.0 76.875
678.0 69.25
679.0 59.75
680.0 16.0
681.0 0.125
682.0 0.0
683.0 15.625
684.0 11.25
685.0 15.5
686.0 19.5
687.0 44.25
688.0 53.25
689.0 47.125
690.0 64.125
691.0 49.5
692.0 32.375
693.0 52.875
694.0 57.0
695.0 63.625
696.0 72.25
697.0 72.875
698.0 95.375
699.0 105.5
700.0 98.5
701.0 90.625
702.0 99.5
703.0 94.25
704.0 102.875
705.0 118.625
706.0 106.5
707.0 103.25
708.0 106.25
709.0 95.25
710.0 105.25
711.0 104.5
712.0 110.75
713.0 115.625
714.0 114.75
715.0 106.5
716.0 105.5
717.0 98.125
718.0 116.25
719.0 111.375
720.0 113.25
721.0 109.375
722.0 93.0
723.0 98.125
724.0 96.25
725.0 96.625
726.0 110.625
727.0 109.75
728.0 109.625
729.0 104.75
730.0 112.125
731.0 107.5
732.0 111.25
733.0 101.25
734.0 105.0
735.0 117.125
736.0 106.875
737.0 106.125
738.0 103.625
739.0 104.125
740.0 106.5
741.0 112.125
742.0 107.125
743.0 109.5
744.0 118.125
745.0 131.25
746.0 107.75
747.0 100.375
748.0 96.25
749.0 110.25
750.0 77.5
751.0 55.75
752.0 52.0
753.0 70.375
754.0 52.0
755.0 60.875
756.0 48.0
757.0 47.125
758.0 49.0
759.0 44.375
760.0 56.75
761.0 46.875
762.0 18.5
763.0 29.75
764.0 41.75
765.0 39.875
766.0 41.125
767.0 42.625
768.0 26.375
769.0 23.0
770.0 45.875
771.0 42.5
772.0 41.25
773.0 37.25
774.0 30.0
775.0 36.125
776.0 15.5
777.0 15.25
778.0 0.125
779.0 0.125
780.0 15.375
781.0 11.75
782.0 14.125
783.0 12.625
784.0 14.75
785.0 14.75
786.0 15.125
787.0 13.0
788.0 14.25
789.0 10.875
790.0 15.25
791.0 14.125
792.0 11.875
793.0 13.25
