1.0 55.5
2.0 89.0
3.0 109.875
4.0 106.625
5.0 128.75
6.0 175.0
7.0 85.25
8.0 11.875
9.0 11.75
10.0 87.5
11.0 54.125
12.0 13.625
13.0 13.875
14.0 15.625
15.0 13.875
16.0 14.375
17.0 14.75
18.0 10.0
19.0 14.125
20.0 11.75
21.0 44.375
22.0 87.875
23.0 61.125
24.0 0.875
25.0 12.25
26.0 12.75
27.0 20.625
28.0 14.375
29.0 26.625
30.0 28.5
31.0 33.625
32.0 19.875
33.0 23.125
34.0 23.375
35.0 25.25
36.0 53.125
37.0 37.875
38.0 46.75
39.0 41.0
40.0 45.375
41.0 3.875
42.0 1.5
43.0 1.125
44.0 0.75
45.0 4.875
46.0 12.125
47.0 14.875
48.0 14.625
49.0 46.625
50.0 95.5
51.0 104.375
52.0 112.125
53.0 82.25
54.0 84.625
55.0 77.25
56.0 11.875
57.0 15.375
58.0 77.5
59.0 53.625
60.0 87.75
61.0 31.125
62.0 15.0
63.0 12.5
64.0 11.5
65.0 12.75
66.0 14.375
67.0 56.0
68.0 103.375
69.0 105.25
70.0 110.625
71.0 115.375
72.0 126.25
73.0 113.75
74.0 121.5
75.0 132.5
76.0 32.5
77.0 15.5
78.0 51.5
79.0 15.375
80.0 14.5
81.0 14.25
82.0 15.125
83.0 11.125
84.0 14.625
85.0 10.375
86.0 15.0
87.0 14.125
88.0 13.375
89.0 44.625
90.0 71.25
91.0 19.875
92.0 14.5
93.0 41.625
94.0 68.875
95.0 76.875
96.0 52.375
97.0 0.5
98.0 15.5
99.0 14.625
100.0 15.0
101.0 15.25
102.0 12.5
103.0 15.25
104.0 15.125
105.0 14.75
106.0 14.875
107.0 14.75
108.0 74.5
109.0 120.875
110.0 115.875
111.0 137.5
112.0 103.125
113.0 113.5
114.0 127.5
115.0 130.0
116.0 127.5
117.0 123.25
118.0 116.125
119.0 148.75
120.0 132.5
121.0 141.25
122.0 150.0
123.0 120.875
124.0 143.75
125.0 145.0
126.0 74.625
127.0 92.0
128.0 47.25
129.0 5.625
130.0 6.375
131.0 6.0
132.0 10.875
133.0 3.125
134.0 6.375
135.0 4.0
136.0 12.5
137.0 12.25
138.0 21.25
139.0 50.875
140.0 74.875
141.0 73.5
142.0 19.125
143.0 10.125
144.0 8.375
145.0 8.0
146.0 6.5
147.0 15.0
148.0 13.25
149.0 51.375
150.0 56.125
151.0 59.5
152.0 60.25
153.0 61.125
154.0 60.625
155.0 50.625
156.0 11.5
157.0 14.125
158.0 13.5
159.0 14.5
160.0 11.75
161.0 52.0
162.0 90.875
163.0 87.5
164.0 108.0
165.0 107.75
166.0 53.0
167.0 95.5
168.0 15.5
169.0 12.5
170.0 75.5
171.0 125.0
172.0 120.125
173.0 133.75
174.0 150.0
175.0 128.75
176.0 143.75
177.0 131.25
178.0 157.5
179.0 157.5
180.0 155.0
181.0 172.5
182.0 172.5
183.0 140.0
184.0 166.25
185.0 173.75
186.0 175.0
187.0 171.25
188.0 173.75
189.0 150.0
190.0 138.75
191.0 170.0
192.0 175.0
193.0 167.5
194.0 165.0
195.0 175.0
196.0 128.75
197.0 125.0
198.0 135.0
199.0 147.5
200.0 162.5
201.0 121.125
202.0 14.375
203.0 25.0
204.0 56.625
205.0 20.625
206.0 5.5
207.0 7.625
208.0 6.75
209.0 8.125
210.0 15.375
211.0 17.5
212.0 68.125
213.0 71.5
214.0 79.125
215.0 88.25
216.0 100.375
217.0 92.25
218.0 93.625
219.0 80.625
220.0 101.125
221.0 96.375
222.0 96.25
223.0 106.625
224.0 108.75
225.0 91.0
226.0 95.375
227.0 105.375
228.0 112.5
229.0 121.875
230.0 124.875
231.0 111.5
232.0 121.5
233.0 136.25
234.0 137.5
235.0 96.75
236.0 132.5
237.0 120.0
238.0 108.875
239.0 161.25
240.0 136.25
241.0 120.875
242.0 116.375
243.0 117.25
244.0 119.875
245.0 83.625
246.0 125.0
247.0 126.25
248.0 122.0
249.0 118.875
250.0 123.25
