1.0 10.125
2.0 19.875
3.0 77.5
4.0 87.125
5.0 95.875
6.0 104.625
7.0 102.75
8.0 109.5
9.0 41.25
10.0 0.0
11.0 37.0
12.0 136.25
13.0 147.5
14.0 161.25
15.0 181.25
16.0 185.0
17.0 177.5
18.0 147.5
19.0 161.25
20.0 141.25
21.0 112.25
22.0 135.0
23.0 150.0
24.0 166.25
25.0 142.5
26.0 123.75
27.0 142.5
28.0 157.5
29.0 90.0
30.0 89.875
31.0 25.875
32.0 43.0
33.0 20.75
34.0 16.375
35.0 3.375
36.0 4.375
37.0 13.25
38.0 13.5
39.0 13.75
40.0 15.0
41.0 88.375
42.0 161.25
43.0 165.0
44.0 122.0
45.0 133.75
46.0 155.0
47.0 177.5
48.0 116.0
49.0 102.375
50.0 122.75
51.0 124.0
52.0 112.75
53.0 107.75
54.0 13.375
55.0 13.125
56.0 20.0
57.0 98.375
58.0 147.5
59.0 145.0
60.0 91.125
61.0 91.375
62.0 93.0
63.0 98.875
64.0 95.25
65.0 85.25
66.0 121.0
67.0 105.25
68.0 119.25
69.0 86.375
70.0 87.75
71.0 105.375
72.0 113.5
73.0 94.125
74.0 94.625
75.0 94.75
76.0 95.5
77.0 97.75
78.0 100.0
79.0 102.25
80.0 97.875
81.0 58.125
82.0 3.5
83.0 39.875
84.0 38.875
85.0 14.875
86.0 15.375
87.0 11.125
88.0 35.625
89.0 73.125
90.0 99.125
91.0 83.125
92.0 0.5
93.0 0.0
94.0 10.875
95.0 13.5
96.0 78.875
97.0 118.25
98.0 123.125
99.0 137.5
100.0 118.625
101.0 108.75
102.0 84.75
103.0 82.5
104.0 123.625
105.0 95.375
106.0 108.5
107.0 86.125
108.0 66.375
109.0 122.875
110.0 140.0
111.0 141.25
112.0 166.25
113.0 163.75
114.0 142.5
115.0 148.75
116.0 127.5
117.0 150.0
118.0 122.5
119.0 114.5
120.0 117.875
121.0 102.25
122.0 97.125
123.0 93.0
124.0 49.25
125.0 67.125
126.0 107.875
127.0 99.875
128.0 85.0
129.0 98.75
130.0 116.0
131.0 148.75
132.0 97.5
133.0 93.0
134.0 88.375
135.0 19.875
136.0 63.625
137.0 55.875
138.0 114.125
139.0 114.875
140.0 69.375
141.0 13.25
142.0 9.5
143.0 45.375
144.0 7.75
145.0 57.25
146.0 32.25
147.0 33.25
148.0 11.0
149.0 15.375
150.0 14.25
151.0 36.0
152.0 63.125
153.0 57.875
154.0 27.875
155.0 15.125
156.0 11.75
157.0 13.0
158.0 15.625
159.0 13.5
160.0 11.125
161.0 12.0
162.0 22.875
163.0 2.0
164.0 0.125
165.0 2.375
166.0 9.75
167.0 14.125
168.0 5.0
169.0 25.5
170.0 50.125
171.0 54.625
172.0 57.5
173.0 47.375
174.0 57.75
175.0 27.75
176.0 20.875
177.0 44.0
178.0 8.5
179.0 31.75
180.0 12.125
181.0 48.875
182.0 54.75
183.0 52.125
184.0 61.875
185.0 66.25
186.0 31.25
187.0 56.25
188.0 31.25
189.0 35.5
190.0 63.875
191.0 71.125
192.0 72.5
193.0 73.375
194.0 73.25
195.0 76.375
196.0 70.375
197.0 61.75
198.0 71.875
199.0 73.625
200.0 69.125
201.0 47.625
202.0 2.0
203.0 6.5
204.0 7.375
205.0 4.125
206.0 1.875
207.0 2.625
208.0 15.0
209.0 13.375
210.0 10.125
211.0 25.125
212.0 26.625
213.0 31.25
214.0 35.5
215.0 40.5
216.0 42.625
217.0 46.0
218.0 51.625
219.0 54.25
220.0 60.875
221.0 76.0
222.0 81.25
223.0 83.75
224.0 92.125
225.0 114.75
226.0 70.75
227.0 67.75
228.0 113.0
229.0 102.875
230.0 38.875
231.0 0.625
232.0 3.375
233.0 9.5
234.0 10.875
235.0 5.5
236.0 2.5
237.0 7.875
238.0 18.25
239.0 28.0
240.0 68.25
241.0 1.375
242.0 9.625
243.0 10.125
244.0 9.5
245.0 77.875
246.0 89.125
247.0 107.75
248.0 126.25
249.0 124.25
250.0 147.5
251.0 127.5
252.0 114.875
253.0 124.75
254.0 131.25
255.0 127.5
256.0 142.5
257.0 115.25
258.0 119.25
259.0 124.5
260.0 126.25
261.0 114.5
262.0 123.25
263.0 110.375
264.0 145.0
265.0 138.75
266.0 112.25
267.0 117.875
268.0 137.5
269.0 140.0
270.0 160.0
271.0 111.875
272.0 132.5
273.0 137.5
274.0 102.625
275.0 118.875
276.0 119.625
277.0 124.5
278.0 127.5
279.0 115.0
280.0 119.125
281.0 131.25
282.0 127.5
283.0 94.5
284.0 130.0
285.0 78.75
286.0 122.5
287.0 123.25
288.0 128.75
289.0 138.75
290.0 117.625
291.0 104.625
292.0 120.25
293.0 130.0
294.0 145.0
295.0 172.5
296.0 100.5
297.0 73.0
298.0 101.75
299.0 124.0
300.0 84.5
301.0 34.0
302.0 70.75
303.0 97.0
304.0 64.625
305.0 3.375
306.0 28.75
307.0 13.625
308.0 0.25
309.0 14.875
310.0 14.5
311.0 12.0
312.0 73.25
313.0 75.375
314.0 98.625
315.0 91.125
316.0 104.875
317.0 117.0
318.0 145.0
319.0 165.0
320.0 148.75
321.0 147.5
322.0 160.0
323.0 203.75
324.0 190.0
325.0 222.5
326.0 176.25
327.0 175.0
328.0 114.75
329.0 106.625
330.0 137.5
331.0 141.25
332.0 89.625
333.0 142.5
334.0 152.5
335.0 145.0
336.0 156.25
337.0 128.75
338.0 160.0
339.0 116.375
340.0 148.75
341.0 157.5
342.0 141.25
343.0 131.25
344.0 106.5
345.0 117.375
346.0 127.5
347.0 103.875
348.0 113.125
349.0 104.5
350.0 121.125
351.0 109.5
352.0 105.0
353.0 119.625
354.0 83.75
355.0 113.375
356.0 151.25
357.0 192.5
358.0 176.25
359.0 145.0
360.0 187.5
361.0 150.0
362.0 150.0
363.0 103.875
364.0 131.25
365.0 170.0
366.0 117.0
367.0 126.25
368.0 160.0
369.0 51.125
370.0 37.375
371.0 100.625
372.0 114.125
373.0 145.0
374.0 136.25
375.0 135.0
376.0 142.5
377.0 140.0
378.0 147.5
379.0 135.0
380.0 156.25
381.0 162.5
382.0 147.5
383.0 138.75
384.0 135.0
385.0 127.5
386.0 146.25
387.0 137.5
388.0 132.5
389.0 148.75
390.0 142.5
391.0 127.5
392.0 122.25
393.0 143.75
394.0 126.25
395.0 148.75
396.0 142.5
397.0 136.25
398.0 140.0
399.0 99.625
400.0 117.625
401.0 132.5
402.0 124.375
403.0 128.75
404.0 115.625
405.0 106.375
406.0 107.125
407.0 103.5
408.0 95.75
409.0 88.25
410.0 75.375
411.0 85.875
412.0 47.625
413.0 4.375
414.0 0.0
415.0 0.375
416.0 10.625
417.0 15.375
418.0 15.375
419.0 14.0
420.0 57.125
421.0 112.5
422.0 109.75
423.0 109.75
424.0 119.0
425.0 101.125
426.0 57.25
427.0 15.375
428.0 28.25
429.0 0.875
430.0 37.5
431.0 50.125
432.0 28.375
433.0 4.125
434.0 1.875
435.0 1.375
436.0 15.375
437.0 14.25
438.0 11.75
439.0 43.25
440.0 58.75
441.0 64.25
442.0 53.75
443.0 60.5
444.0 57.875
445.0 72.875
446.0 67.25
447.0 56.125
448.0 69.875
449.0 75.375
450.0 92.125
451.0 78.125
452.0 103.5
453.0 83.0
454.0 75.5
455.0 119.0
456.0 115.625
457.0 107.75
458.0 116.875
459.0 87.75
460.0 118.375
461.0 136.25
462.0 130.0
463.0 98.875
464.0 127.5
465.0 165.0
466.0 150.0
467.0 123.25
468.0 181.25
469.0 178.75
470.0 183.75
471.0 121.75
472.0 124.0
473.0 111.25
474.0 108.875
475.0 165.0
476.0 133.75
477.0 124.25
478.0 138.75
479.0 124.625
480.0 110.75
481.0 131.25
482.0 111.125
483.0 120.125
484.0 102.0
485.0 92.0
486.0 98.0
487.0 85.25
488.0 88.5
489.0 94.125
490.0 98.125
491.0 90.875
492.0 87.0
493.0 99.75
494.0 80.875
495.0 68.625
496.0 85.25
497.0 91.875
498.0 92.5
499.0 61.375
500.0 91.625
501.0 62.75
502.0 91.0
503.0 73.625
504.0 24.5
505.0 8.625
506.0 74.375
507.0 79.25
508.0 86.75
509.0 14.625
510.0 13.75
511.0 12.25
512.0 12.125
513.0 15.5
514.0 13.5
515.0 13.75
516.0 15.5
517.0 14.5
518.0 14.125
519.0 15.0
520.0 15.25
521.0 14.875
522.0 13.125
523.0 11.875
524.0 15.5
525.0 13.125
526.0 12.125
527.0 13.875
528.0 12.875
529.0 15.625
530.0 14.75
531.0 14.625
532.0 14.375
533.0 12.625
534.0 11.25
535.0 13.125
536.0 14.375
537.0 2.125
538.0 9.875
539.0 11.125
540.0 9.125
541.0 10.0
542.0 6.25
543.0 14.5
544.0 0.625
545.0 2.125
546.0 9.5
547.0 35.25
548.0 2.375
549.0 8.375
550.0 0.5
551.0 0.25
552.0 1.625
553.0 0.25
554.0 0.0
555.0 1.375
556.0 2.5
557.0 1.625
558.0 1.625
559.0 1.625
560.0 10.5
561.0 15.625
562.0 10.25
563.0 13.5
564.0 13.375
565.0 12.0
566.0 13.125
567.0 14.75
568.0 14.125
569.0 11.75
570.0 14.75
571.0 15.0
572.0 14.5
573.0 12.625
574.0 13.5
575.0 10.25
576.0 15.5
577.0 15.0
578.0 14.75
579.0 14.25
580.0 12.375
581.0 11.25
582.0 15.0
583.0 11.125
584.0 15.625
585.0 15.625
586.0 14.0
587.0 11.375
588.0 10.125
589.0 13.375
590.0 15.5
591.0 15.5
592.0 12.875
593.0 13.75
594.0 13.0
595.0 15.25
596.0 12.25
597.0 11.75
598.0 13.875
599.0 12.0
600.0 15.625
601.0 15.0
602.0 15.5
603.0 13.625
604.0 12.625
605.0 13.125
606.0 15.625
607.0 9.875
608.0 11.5
609.0 14.875
610.0 14.0
611.0 14.125
612.0 15.375
613.0 14.875
614.0 12.625
615.0 12.5
616.0 14.0
617.0 13.0
618.0 13.5
619.0 14.25
620.0 14.375
621.0 12.75
622.0 13.0
623.0 15.25
624.0 10.0
625.0 9.625
626.0 22.625
627.0 28.25
628.0 28.125
629.0 35.625
630.0 43.0
631.0 44.625
632.0 44.375
633.0 51.75
634.0 47.625
635.0 45.625
636.0 61.0
637.0 64.625
638.0 53.5
639.0 54.75
640.0 71.375
641.0 61.0
642.0 83.625
643.0 91.5
644.0 61.125
645.0 96.375
646.0 105.0
647.0 66.625
648.0 84.875
649.0 107.25
650.0 89.5
651.0 81.375
652.0 66.5
653.0 76.875
654.0 84.25
655.0 91.625
656.0 95.0
657.0 130.0
658.0 133.75
659.0 133.75
660.0 101.0
661.0 93.625
662.0 103.875
663.0 76.0
664.0 79.0
665.0 63.125
666.0 52.375
667.0 34.125
668.0 2.375
669.0 0.25
670.0 1.125
671.0 0.0
672.0 2.125
673.0 1.75
674.0 10.625
675.0 13.625
676.0 13.25
677.0 12.75
678.0 0.0
679.0 15.375
680.0 44.625
681.0 61.0
682.0 62.0
683.0 68.125
684.0 65.75
685.0 62.375
686.0 71.125
687.0 65.0
688.0 80.625
689.0 73.125
690.0 70.125
691.0 68.875
692.0 50.75
693.0 17.125
694.0 2.125
695.0 0.0
696.0 0.25
697.0 0.75
698.0 1.125
699.0 15.25
700.0 12.875
701.0 10.5
702.0 10.875
703.0 10.25
704.0 11.25
705.0 14.0
706.0 12.0
707.0 11.25
708.0 13.75
709.0 13.125
710.0 10.875
711.0 13.625
712.0 14.0
713.0 14.25
714.0 15.5
715.0 15.375
716.0 15.25
717.0 14.875
718.0 15.25
719.0 11.875
720.0 13.625
721.0 12.25
722.0 14.125
723.0 12.875
724.0 15.0
725.0 11.75
726.0 15.5
727.0 11.375
728.0 11.875
729.0 14.125
730.0 15.5
731.0 10.75
732.0 14.25
733.0 15.25
734.0 14.25
735.0 14.875
736.0 13.75
737.0 15.5
738.0 15.25
739.0 14.0
740.0 14.75
741.0 14.75
742.0 12.125
743.0 12.25
744.0 11.875
745.0 15.5
746.0 14.875
747.0 14.875
748.0 13.125
749.0 14.625
750.0 12.875
751.0 14.5
752.0 14.125
753.0 14.5
754.0 15.375
755.0 12.375
756.0 13.875
757.0 15.0
758.0 12.25
759.0 13.375
760.0 11.75
761.0 14.0
762.0 12.5
763.0 13.625
764.0 13.25
765.0 15.375
766.0 15.5
767.0 13.625
768.0 11.25
769.0 14.125
770.0 13.625
771.0 15.25
772.0 12.875
773.0 13.125
774.0 15.125
775.0 15.625
776.0 13.875
777.0 7.0
778.0 4.0
779.0 0.0
780.0 0.0
781.0 0.0
782.0 0.0
783.0 10.875
784.0 13.5
785.0 9.25
786.0 17.0
787.0 19.25
