1.0 14.25
2.0 32.625
3.0 50.5
4.0 57.875
5.0 68.25
6.0 13.875
7.0 13.75
8.0 15.25
9.0 50.25
10.0 61.0
11.0 64.5
12.0 52.0
13.0 55.5
14.0 61.125
15.0 72.5
16.0 73.875
17.0 65.125
18.0 76.0
19.0 83.875
20.0 95.375
21.0 78.75
22.0 86.625
23.0 90.75
24.0 94.875
25.0 111.375
26.0 87.0
27.0 65.875
28.0 35.625
29.0 70.625
30.0 92.375
31.0 75.75
32.0 69.125
33.0 70.25
34.0 84.125
35.0 76.5
36.0 84.625
37.0 77.75
38.0 48.25
39.0 79.75
40.0 77.0
41.0 88.5
42.0 87.875
43.0 95.0
44.0 88.25
45.0 36.375
46.0 10.625
47.0 13.5
48.0 64.75
49.0 76.25
50.0 90.625
51.0 81.0
52.0 80.0
53.0 71.75
54.0 24.875
55.0 2.625
56.0 18.5
57.0 13.75
58.0 22.125
59.0 11.0
60.0 15.25
61.0 75.125
62.0 76.75
63.0 93.75
64.0 110.875
65.0 109.625
66.0 99.0
67.0 82.5
68.0 99.875
69.0 95.375
70.0 84.75
71.0 79.5
72.0 71.625
73.0 97.75
74.0 93.75
75.0 87.5
76.0 87.75
77.0 97.375
78.0 58.125
79.0 15.5
80.0 13.625
81.0 59.125
82.0 97.125
83.0 78.625
84.0 82.125
85.0 80.875
86.0 74.875
87.0 84.5
88.0 92.25
89.0 94.125
90.0 12.25
91.0 14.75
92.0 15.25
93.0 13.5
94.0 15.125
95.0 28.0
96.0 84.0
97.0 96.75
98.0 89.75
99.0 94.875
100.0 89.625
101.0 86.25
102.0 122.125
103.0 121.125
104.0 170.0
105.0 156.25
106.0 140.0
107.0 191.25
108.0 143.75
109.0 126.25
110.0 119.5
111.0 145.0
112.0 180.0
113.0 158.75
114.0 153.75
115.0 117.625
116.0 120.125
117.0 116.375
118.0 114.625
119.0 125.0
120.0 163.75
121.0 125.0
122.0 98.5
123.0 104.375
124.0 112.625
125.0 100.375
126.0 138.75
127.0 87.875
128.0 84.75
129.0 39.125
130.0 2.125
131.0 0.75
132.0 0.0
133.0 0.875
134.0 2.0
135.0 14.875
136.0 15.375
137.0 1.375
138.0 4.25
139.0 0.625
140.0 0.75
141.0 2.375
142.0 1.0
143.0 13.25
144.0 14.5
145.0 64.5
146.0 102.625
147.0 72.5
148.0 117.625
149.0 87.5
150.0 39.625
151.0 67.125
152.0 113.375
153.0 116.625
154.0 101.625
155.0 111.75
156.0 112.625
157.0 118.0
158.0 64.375
159.0 115.125
160.0 120.875
161.0 110.125
162.0 81.75
163.0 88.625
164.0 112.875
165.0 133.75
166.0 143.75
167.0 68.375
168.0 62.125
169.0 0.625
170.0 0.0
171.0 0.125
172.0 14.75
173.0 9.75
174.0 15.5
175.0 13.375
176.0 12.5
177.0 13.375
178.0 15.5
179.0 14.375
180.0 12.5
181.0 12.875
182.0 13.375
183.0 69.5
184.0 104.625
185.0 86.5
186.0 100.375
187.0 102.25
188.0 108.375
189.0 101.5
190.0 110.625
191.0 97.75
192.0 110.625
193.0 105.25
194.0 123.75
195.0 104.25
196.0 102.625
197.0 101.125
198.0 102.625
199.0 106.5
200.0 109.25
201.0 136.25
202.0 116.125
203.0 121.125
204.0 109.0
205.0 121.625
206.0 112.0
207.0 101.625
208.0 109.0
209.0 132.5
210.0 135.0
211.0 123.125
212.0 112.125
213.0 120.25
214.0 106.75
215.0 112.375
216.0 117.875
217.0 113.875
218.0 103.625
219.0 114.625
220.0 112.0
221.0 133.75
222.0 115.375
223.0 125.0
224.0 105.875
225.0 102.125
226.0 126.25
227.0 122.0
228.0 112.75
229.0 99.875
230.0 122.5
231.0 116.25
232.0 124.75
233.0 108.625
234.0 143.75
235.0 46.125
236.0 14.25
237.0 10.875
238.0 13.875
239.0 104.625
240.0 109.5
241.0 120.0
242.0 104.25
243.0 133.75
244.0 111.75
245.0 101.125
246.0 47.75
247.0 98.0
248.0 106.625
249.0 98.375
250.0 110.875
251.0 105.25
252.0 108.0
253.0 103.0
254.0 116.625
255.0 117.125
256.0 117.25
257.0 126.25
258.0 127.5
259.0 126.25
260.0 146.25
261.0 126.25
262.0 119.5
263.0 110.375
264.0 114.0
265.0 101.0
266.0 109.875
267.0 140.0
268.0 124.75
269.0 135.0
270.0 121.375
271.0 108.0
272.0 101.375
273.0 115.25
274.0 116.625
275.0 102.375
276.0 106.25
277.0 130.0
278.0 123.875
279.0 116.0
280.0 99.5
281.0 96.375
282.0 131.25
283.0 156.25
284.0 152.5
285.0 142.5
286.0 119.375
287.0 130.0
288.0 135.0
289.0 108.375
290.0 113.25
291.0 112.125
292.0 107.5
293.0 117.25
294.0 138.75
295.0 81.625
296.0 9.625
297.0 12.625
298.0 78.25
299.0 122.5
300.0 114.25
301.0 133.75
302.0 132.5
303.0 114.5
304.0 112.125
305.0 115.25
306.0 135.0
307.0 116.75
308.0 108.125
309.0 124.75
310.0 128.75
311.0 116.375
312.0 143.75
313.0 140.0
314.0 118.25
315.0 124.125
316.0 120.375
317.0 113.5
318.0 130.0
319.0 108.875
320.0 123.625
321.0 136.25
322.0 145.0
323.0 167.5
324.0 147.5
325.0 156.25
326.0 141.25
327.0 156.25
328.0 202.5
329.0 203.75
330.0 206.25
331.0 208.75
332.0 218.75
333.0 230.0
334.0 210.0
335.0 198.75
336.0 192.5
337.0 187.5
338.0 218.75
339.0 198.75
340.0 170.0
341.0 197.5
342.0 192.5
343.0 196.25
344.0 198.75
345.0 187.5
346.0 160.0
347.0 155.0
348.0 167.5
349.0 152.5
350.0 162.5
351.0 152.5
352.0 130.0
353.0 140.0
354.0 167.5
355.0 181.25
356.0 163.75
357.0 143.75
358.0 145.0
359.0 151.25
360.0 132.5
361.0 142.5
362.0 101.25
363.0 100.0
364.0 110.0
365.0 112.25
366.0 110.125
367.0 69.5
368.0 85.5
369.0 94.125
370.0 93.5
371.0 67.375
372.0 12.25
373.0 43.375
374.0 16.625
375.0 58.625
376.0 36.375
377.0 45.375
378.0 19.125
379.0 8.25
380.0 9.5
381.0 39.5
382.0 18.5
383.0 31.0
384.0 13.875
385.0 45.375
386.0 9.25
387.0 4.75
388.0 4.75
389.0 5.125
390.0 5.125
391.0 5.75
392.0 4.625
393.0 3.5
394.0 13.0
395.0 14.625
396.0 13.625
397.0 33.0
398.0 31.75
399.0 35.25
400.0 39.125
401.0 42.5
402.0 45.5
403.0 49.125
404.0 61.5
405.0 66.625
406.0 77.125
407.0 75.875
408.0 64.625
409.0 46.625
410.0 86.875
411.0 85.125
412.0 93.5
413.0 93.125
414.0 106.875
415.0 113.25
416.0 115.125
417.0 118.875
418.0 125.0
419.0 120.625
420.0 82.75
421.0 9.75
422.0 11.0
423.0 93.125
424.0 122.125
425.0 74.5
426.0 118.75
427.0 124.875
428.0 114.125
429.0 116.625
430.0 131.25
431.0 138.75
432.0 121.125
433.0 122.25
434.0 126.25
435.0 119.875
436.0 131.25
437.0 104.375
438.0 142.5
439.0 131.25
440.0 138.75
441.0 147.5
442.0 132.5
443.0 128.75
444.0 135.0
445.0 115.625
446.0 123.25
447.0 120.5
448.0 79.0
449.0 3.25
450.0 0.0
451.0 0.0
452.0 4.125
453.0 10.625
454.0 14.75
455.0 13.125
456.0 0.0
457.0 14.875
458.0 22.25
459.0 16.5
460.0 0.0
461.0 0.875
462.0 0.0
463.0 4.875
464.0 12.375
465.0 13.5
466.0 0.125
467.0 0.0
468.0 0.0
469.0 0.875
470.0 13.0
471.0 15.5
472.0 10.0
473.0 1.75
474.0 13.875
475.0 13.25
476.0 14.0
477.0 12.625
478.0 15.25
479.0 12.875
480.0 14.125
481.0 12.0
482.0 11.875
483.0 15.5
484.0 13.25
485.0 14.375
486.0 12.125
487.0 13.75
488.0 3.5
489.0 0.0
490.0 0.125
491.0 0.0
492.0 14.875
493.0 12.5
494.0 5.875
495.0 13.0
496.0 23.875
497.0 36.375
498.0 0.0
499.0 3.375
500.0 0.125
501.0 0.0
502.0 0.0
503.0 0.0
504.0 10.75
505.0 10.25
506.0 35.75
507.0 42.0
508.0 47.625
509.0 47.875
510.0 47.625
511.0 51.375
512.0 49.625
513.0 56.25
514.0 56.0
515.0 52.625
516.0 20.125
517.0 0.0
518.0 3.5
519.0 0.0
520.0 1.75
521.0 12.125
522.0 39.125
523.0 52.75
524.0 54.75
525.0 53.0
526.0 57.375
527.0 56.125
528.0 55.875
529.0 59.625
530.0 57.5
531.0 68.375
532.0 67.875
533.0 64.25
534.0 63.125
535.0 67.375
536.0 68.625
537.0 67.875
538.0 68.5
539.0 67.875
540.0 70.5
541.0 64.375
542.0 71.125
543.0 74.0
544.0 66.625
545.0 84.75
546.0 88.375
547.0 88.0
548.0 79.75
549.0 100.625
550.0 94.75
551.0 95.875
552.0 92.5
553.0 84.0
554.0 78.0
555.0 138.75
556.0 92.0
557.0 1.5
558.0 1.0
559.0 0.0
560.0 0.0
561.0 0.25
562.0 15.375
563.0 12.25
564.0 0.0
565.0 0.0
566.0 0.0
567.0 0.0
568.0 0.0
569.0 0.0
570.0 0.0
571.0 0.0
572.0 5.25
573.0 87.5
574.0 145.0
575.0 114.25
576.0 121.75
577.0 150.0
578.0 138.75
579.0 102.5
580.0 100.5
581.0 101.0
582.0 74.125
583.0 20.5
584.0 0.25
585.0 10.375
586.0 14.75
587.0 69.625
588.0 86.0
589.0 99.25
590.0 114.75
591.0 125.0
592.0 115.5
593.0 107.125
594.0 119.625
595.0 122.25
596.0 116.875
597.0 105.0
598.0 119.5
599.0 120.75
600.0 122.375
601.0 165.0
602.0 156.25
603.0 141.25
604.0 81.75
605.0 70.875
606.0 91.625
607.0 48.875
608.0 3.5
609.0 0.375
610.0 0.0
611.0 11.875
612.0 12.0
613.0 14.375
614.0 26.0
615.0 24.875
616.0 11.0
617.0 41.625
618.0 35.875
619.0 6.5
620.0 5.75
621.0 3.125
622.0 2.125
623.0 0.375
624.0 13.5
625.0 3.875
626.0 0.5
627.0 4.25
628.0 3.625
629.0 4.25
630.0 8.25
631.0 11.0
632.0 31.5
633.0 35.875
634.0 21.625
635.0 8.0
636.0 9.875
637.0 1.0
638.0 10.125
639.0 2.875
640.0 7.625
641.0 9.375
642.0 8.125
643.0 10.5
644.0 9.125
645.0 11.125
646.0 8.125
647.0 10.75
648.0 4.25
649.0 3.125
650.0 1.875
651.0 0.5
652.0 7.875
653.0 7.125
654.0 6.875
655.0 10.125
656.0 3.875
657.0 1.375
658.0 8.0
659.0 12.125
660.0 10.5
661.0 0.375
662.0 6.625
663.0 17.0
664.0 13.75
665.0 13.5
666.0 4.0
667.0 5.375
668.0 7.375
669.0 22.0
670.0 17.5
671.0 7.25
672.0 16.875
673.0 22.0
674.0 11.0
675.0 8.875
676.0 15.125
677.0 9.625
678.0 5.625
679.0 16.375
680.0 0.0
681.0 0.0
682.0 12.375
683.0 13.875
684.0 14.25
685.0 0.375
686.0 0.125
687.0 0.0
688.0 3.625
689.0 30.0
690.0 34.375
691.0 34.5
692.0 44.875
693.0 49.25
694.0 45.125
695.0 51.0
696.0 23.25
697.0 28.625
698.0 39.375
699.0 50.625
700.0 51.375
701.0 48.75
702.0 57.625
703.0 48.375
704.0 47.5
705.0 54.375
706.0 57.625
707.0 57.0
708.0 47.5
709.0 55.375
710.0 61.5
711.0 64.0
712.0 70.25
713.0 71.875
714.0 67.625
715.0 69.875
716.0 49.375
717.0 23.125
718.0 60.125
719.0 65.375
720.0 74.375
721.0 71.125
722.0 81.875
723.0 68.875
724.0 70.625
725.0 65.25
726.0 70.0
727.0 70.75
728.0 82.75
729.0 74.125
730.0 81.5
731.0 72.125
732.0 74.5
733.0 87.5
734.0 82.125
735.0 70.375
736.0 87.375
737.0 90.875
738.0 94.125
739.0 103.125
740.0 75.5
741.0 89.5
742.0 68.125
743.0 78.5
744.0 68.25
745.0 84.125
746.0 93.375
747.0 89.625
748.0 83.125
749.0 52.25
750.0 89.5
751.0 66.0
752.0 79.75
753.0 88.0
754.0 75.625
755.0 34.0
756.0 0.0
757.0 0.0
758.0 15.0
759.0 14.375
760.0 51.125
761.0 58.25
762.0 60.5
763.0 61.625
764.0 92.75
765.0 88.75
766.0 82.5
767.0 95.625
768.0 85.5
769.0 91.0
770.0 83.625
771.0 90.375
772.0 100.25
773.0 85.0
774.0 104.625
775.0 106.125
776.0 111.0
777.0 111.375
778.0 105.5
779.0 72.125
780.0 46.5
781.0 38.625
782.0 0.0
783.0 0.0
784.0 0.0
785.0 0.0
786.0 14.875
787.0 11.625
788.0 12.0
789.0 14.375
790.0 14.625
791.0 11.375
792.0 15.375
793.0 15.5
794.0 11.375
795.0 14.5
796.0 14.5
797.0 15.625
798.0 11.75
799.0 13.25
