1.0 57.5
2.0 53.5
3.0 61.5
4.0 44.5
5.0 45.0
6.0 51.0
7.0 56.0
8.0 59.5
9.0 62.0
10.0 47.0
11.0 53.0
12.0 61.5
13.0 58.0
14.0 61.5
15.0 50.0
16.0 42.5
17.0 45.0
18.0 62.0
19.0 52.0
20.0 49.5
21.0 55.0
22.0 56.5
23.0 42.5
24.0 47.0
25.0 54.5
26.0 60.0
27.0 56.0
28.0 10.5
29.0 13.0
30.0 13.5
31.0 11.5
32.0 16.0
33.0 16.5
34.0 21.5
35.0 20.5
36.0 27.0
37.0 36.0
38.0 49.5
39.0 66.5
40.0 92.5
41.0 140.5
42.0 133.0
43.0 193.0
44.0 199.5
45.0 236.5
46.0 265.5
47.0 224.0
48.0 235.5
49.0 391.5
50.0 398.0
51.0 374.0
52.0 467.5
53.0 505.0
54.0 515.0
55.0 413.0
56.0 388.0
57.0 715.0
58.0 396.0
59.0 378.5
60.0 365.0
61.0 401.5
62.0 395.5
63.0 419.5
64.0 449.0
65.0 448.0
66.0 457.0
67.0 438.5
68.0 438.0
69.0 473.5
70.0 440.5
71.0 437.5
72.0 400.5
73.0 397.0
74.0 392.0
75.0 386.0
76.0 222.0
77.0 308.5
78.0 348.5
79.0 424.5
80.0 390.0
81.0 407.0
82.0 343.0
83.0 327.0
84.0 377.5
85.0 391.0
86.0 344.5
87.0 314.5
88.0 283.0
89.0 324.5
90.0 301.0
91.0 338.5
92.0 350.0
93.0 56.5
94.0 0.5
95.0 38.0
96.0 53.0
97.0 16.5
98.0 146.5
99.0 200.5
100.0 245.5
101.0 248.0
102.0 266.5
103.0 334.0
104.0 334.0
105.0 288.0
106.0 408.5
107.0 388.0
108.0 395.0
109.0 423.5
110.0 445.5
111.0 362.0
112.0 434.5
113.0 454.0
114.0 550.0
115.0 540.0
116.0 520.0
117.0 550.0
118.0 427.0
119.0 535.0
120.0 540.0
121.0 396.5
122.0 428.0
123.0 380.0
124.0 471.0
125.0 346.5
126.0 382.5
127.0 380.0
128.0 359.5
129.0 323.0
130.0 365.0
131.0 297.5
132.0 413.0
133.0 388.5
134.0 351.5
135.0 359.5
136.0 367.5
137.0 350.0
138.0 344.5
139.0 278.0
140.0 259.5
141.0 256.5
142.0 8.0
143.0 4.5
144.0 58.0
145.0 264.0
146.0 295.0
147.0 44.5
148.0 1.5
149.0 94.0
150.0 6.5
151.0 75.5
152.0 95.5
153.0 125.5
154.0 91.0
155.0 5.0
156.0 45.5
157.0 44.0
158.0 62.0
159.0 107.5
160.0 13.5
161.0 7.5
162.0 1.0
163.0 13.5
164.0 58.5
165.0 41.5
166.0 89.5
167.0 189.5
168.0 187.5
169.0 218.0
170.0 276.5
171.0 262.0
172.0 320.0
173.0 298.0
174.0 369.5
175.0 404.0
176.0 436.0
177.0 459.5
178.0 461.5
179.0 590.0
180.0 675.0
181.0 570.0
182.0 695.0
183.0 625.0
184.0 685.0
185.0 620.0
186.0 650.0
187.0 690.0
188.0 810.0
189.0 770.0
190.0 745.0
191.0 720.0
192.0 760.0
193.0 775.0
194.0 775.0
195.0 685.0
196.0 725.0
197.0 640.0
198.0 740.0
199.0 725.0
200.0 680.0
201.0 585.0
202.0 540.0
203.0 443.0
204.0 421.5
205.0 419.0
206.0 266.0
207.0 274.0
208.0 102.0
209.0 6.5
210.0 12.0
211.0 22.5
212.0 50.5
213.0 49.5
214.0 166.0
215.0 351.0
216.0 390.5
217.0 352.0
218.0 437.5
219.0 481.0
220.0 510.0
221.0 550.0
222.0 500.0
223.0 463.5
224.0 550.0
225.0 595.0
226.0 595.0
227.0 490.0
228.0 550.0
229.0 575.0
230.0 640.0
231.0 560.0
232.0 560.0
233.0 575.0
234.0 488.5
235.0 109.5
236.0 11.5
237.0 0.5
238.0 3.0
239.0 19.5
240.0 55.0
241.0 56.5
242.0 63.5
243.0 138.5
244.0 205.0
245.0 198.5
246.0 244.0
247.0 270.5
248.0 248.5
249.0 379.0
250.0 395.5
251.0 464.0
252.0 418.5
253.0 411.0
254.0 306.5
255.0 264.5
256.0 1.5
257.0 7.0
258.0 9.5
259.0 16.0
260.0 53.0
261.0 46.0
262.0 285.0
263.0 398.0
264.0 418.5
265.0 387.5
266.0 365.0
267.0 525.0
268.0 497.0
269.0 473.0
270.0 430.0
271.0 482.0
272.0 620.0
273.0 496.0
274.0 475.0
275.0 550.0
276.0 565.0
277.0 575.0
278.0 525.0
279.0 485.5
280.0 462.5
281.0 453.0
282.0 510.0
283.0 441.0
284.0 437.0
285.0 500.0
286.0 530.0
287.0 484.5
288.0 630.0
289.0 540.0
290.0 590.0
291.0 585.0
292.0 555.0
293.0 590.0
294.0 620.0
295.0 550.0
296.0 605.0
297.0 595.0
298.0 545.0
299.0 645.0
300.0 610.0
301.0 515.0
302.0 496.5
303.0 530.0
304.0 550.0
305.0 471.5
306.0 530.0
307.0 386.5
308.0 384.0
309.0 177.0
310.0 209.0
311.0 259.0
312.0 71.5
313.0 2.5
314.0 47.5
315.0 42.5
316.0 71.5
317.0 236.0
318.0 303.0
319.0 311.5
320.0 348.0
321.0 330.0
322.0 375.5
323.0 403.0
324.0 359.0
325.0 378.0
326.0 420.0
327.0 383.5
328.0 555.0
329.0 484.0
330.0 473.0
331.0 484.0
332.0 440.0
333.0 378.5
334.0 575.0
335.0 495.5
336.0 404.0
337.0 429.0
338.0 346.0
339.0 364.5
340.0 356.0
341.0 367.5
342.0 525.0
343.0 432.0
344.0 575.0
345.0 540.0
346.0 505.0
347.0 575.0
348.0 414.5
349.0 490.5
350.0 520.0
351.0 486.0
352.0 355.0
353.0 255.0
354.0 322.5
355.0 308.5
356.0 383.5
357.0 422.5
358.0 394.0
359.0 345.0
360.0 418.0
361.0 416.5
362.0 441.5
363.0 412.0
364.0 417.0
365.0 358.5
366.0 380.5
367.0 432.5
368.0 486.0
369.0 555.0
370.0 575.0
371.0 406.5
372.0 560.0
373.0 650.0
374.0 615.0
375.0 451.5
376.0 590.0
377.0 560.0
378.0 535.0
379.0 710.0
380.0 710.0
381.0 680.0
382.0 650.0
383.0 510.0
384.0 520.0
385.0 460.0
386.0 371.5
387.0 570.0
388.0 550.0
389.0 525.0
390.0 495.5
391.0 450.0
392.0 545.0
393.0 600.0
394.0 493.0
395.0 515.0
396.0 610.0
397.0 640.0
398.0 585.0
399.0 560.0
400.0 685.0
401.0 775.0
402.0 675.0
403.0 423.5
404.0 447.5
405.0 540.0
406.0 417.5
407.0 374.0
408.0 431.5
409.0 545.0
410.0 472.0
411.0 403.5
412.0 386.0
413.0 380.0
414.0 339.5
415.0 313.0
416.0 322.0
417.0 156.0
418.0 294.5
419.0 307.0
420.0 173.0
421.0 76.0
422.0 8.5
423.0 57.5
424.0 46.5
425.0 102.0
426.0 95.5
427.0 91.0
428.0 179.0
429.0 209.5
430.0 219.5
431.0 262.0
432.0 274.0
433.0 95.5
434.0 70.5
435.0 55.5
436.0 118.5
437.0 40.0
438.0 27.0
439.0 79.0
440.0 109.5
441.0 99.5
442.0 82.0
443.0 127.5
444.0 98.5
445.0 101.0
446.0 122.5
447.0 31.0
448.0 37.5
449.0 47.5
450.0 62.0
451.0 48.0
452.0 45.5
453.0 83.5
454.0 87.0
455.0 97.5
456.0 123.5
457.0 186.0
458.0 187.5
459.0 218.0
460.0 222.0
461.0 206.0
462.0 242.0
463.0 286.0
464.0 306.5
465.0 327.0
466.0 364.0
467.0 416.5
468.0 408.0
469.0 355.0
470.0 463.0
471.0 510.0
472.0 650.0
473.0 545.0
474.0 435.0
475.0 317.5
476.0 234.0
477.0 323.5
478.0 289.0
479.0 285.5
480.0 395.5
481.0 397.0
482.0 410.5
483.0 460.0
484.0 349.5
485.0 337.5
486.0 332.5
487.0 389.0
488.0 352.5
489.0 442.0
490.0 329.5
491.0 381.0
492.0 456.5
493.0 486.0
494.0 473.0
495.0 530.0
496.0 520.0
497.0 487.5
498.0 334.5
499.0 341.5
500.0 384.5
501.0 462.0
502.0 411.0
503.0 467.5
504.0 459.0
505.0 420.5
506.0 371.5
507.0 403.0
508.0 413.5
509.0 389.0
510.0 436.5
511.0 443.5
512.0 419.0
513.0 489.5
514.0 418.0
515.0 435.0
516.0 405.0
517.0 386.0
518.0 438.0
519.0 450.5
520.0 406.5
521.0 467.0
522.0 476.5
523.0 478.5
524.0 415.0
525.0 436.0
526.0 431.0
527.0 465.5
528.0 436.5
529.0 379.0
530.0 360.0
531.0 411.5
532.0 446.0
533.0 455.5
534.0 68.0
535.0 19.5
536.0 8.5
537.0 0.0
538.0 0.0
539.0 3.5
540.0 0.0
541.0 0.0
542.0 45.0
543.0 61.5
544.0 21.5
545.0 25.0
546.0 20.0
547.0 42.5
548.0 50.5
549.0 59.5
550.0 59.0
551.0 50.5
552.0 57.0
553.0 60.0
554.0 61.5
555.0 50.5
556.0 58.5
557.0 47.0
558.0 58.5
559.0 50.5
560.0 60.0
561.0 52.0
562.0 61.0
563.0 51.0
564.0 53.5
565.0 54.0
566.0 59.5
567.0 52.0
568.0 56.5
569.0 57.0
570.0 53.0
571.0 62.5
572.0 43.5
573.0 50.5
574.0 55.5
575.0 48.5
576.0 62.0
577.0 62.5
578.0 59.5
579.0 55.5
580.0 44.5
581.0 62.0
582.0 57.5
583.0 46.0
584.0 61.5
585.0 56.5
586.0 58.5
587.0 51.0
588.0 50.5
589.0 62.0
590.0 57.5
591.0 48.0
592.0 50.0
593.0 57.5
594.0 58.0
595.0 45.0
596.0 47.5
597.0 53.5
598.0 61.0
599.0 60.5
600.0 48.0
601.0 56.5
602.0 50.5
603.0 56.5
604.0 61.5
605.0 47.5
606.0 55.0
607.0 56.5
608.0 58.5
609.0 59.0
610.0 42.0
611.0 55.5
612.0 46.0
613.0 61.5
614.0 56.5
615.0 43.0
616.0 57.5
617.0 59.0
618.0 52.5
619.0 55.5
620.0 49.0
621.0 61.5
622.0 61.5
623.0 47.5
624.0 59.5
625.0 45.0
626.0 55.0
627.0 54.5
628.0 49.5
629.0 62.5
630.0 47.5
631.0 49.5
632.0 60.0
633.0 62.5
634.0 46.5
635.0 46.5
636.0 53.5
637.0 58.5
638.0 41.0
639.0 48.0
640.0 57.0
641.0 41.0
642.0 49.5
643.0 55.5
644.0 42.0
645.0 58.5
646.0 51.5
647.0 54.0
648.0 57.0
649.0 55.5
650.0 59.0
651.0 59.0
652.0 61.0
653.0 58.5
654.0 57.0
655.0 56.5
656.0 101.5
657.0 106.0
658.0 182.5
659.0 137.5
660.0 187.5
661.0 218.5
662.0 203.5
663.0 232.5
664.0 271.5
665.0 262.5
666.0 293.5
667.0 290.0
668.0 312.0
669.0 379.5
670.0 332.0
671.0 318.0
672.0 465.0
673.0 291.5
674.0 444.5
675.0 294.5
676.0 355.5
677.0 355.5
678.0 390.5
679.0 437.0
680.0 433.0
681.0 418.0
682.0 380.5
683.0 321.5
684.0 399.5
685.0 311.5
686.0 363.0
687.0 391.0
688.0 363.0
689.0 332.0
690.0 383.5
691.0 346.5
692.0 268.5
693.0 9.5
694.0 2.0
695.0 0.0
696.0 5.0
697.0 15.0
698.0 6.5
699.0 0.5
700.0 6.0
701.0 26.0
702.0 3.0
703.0 44.5
704.0 57.5
705.0 56.0
706.0 46.0
707.0 59.5
708.0 46.0
709.0 56.0
710.0 54.0
711.0 43.0
712.0 59.5
713.0 57.5
714.0 47.5
715.0 62.5
716.0 51.5
717.0 58.0
718.0 56.5
719.0 63.0
720.0 69.5
721.0 68.5
722.0 61.0
723.0 60.0
724.0 74.5
725.0 61.0
726.0 91.0
727.0 107.5
728.0 121.5
729.0 128.5
730.0 144.0
731.0 189.0
732.0 42.5
733.0 0.5
734.0 2.0
735.0 3.0
736.0 0.5
737.0 0.0
738.0 49.0
739.0 58.5
740.0 50.5
741.0 58.0
742.0 48.5
743.0 52.5
744.0 40.5
745.0 58.5
746.0 61.5
747.0 51.0
748.0 61.5
749.0 56.0
750.0 50.5
751.0 47.5
752.0 56.0
753.0 57.0
754.0 57.5
755.0 60.5
756.0 59.0
757.0 59.5
758.0 59.0
759.0 59.0
760.0 48.0
761.0 49.0
762.0 52.5
763.0 52.0
764.0 42.0
765.0 44.0
766.0 58.0
767.0 54.0
768.0 60.0
769.0 41.5
770.0 44.0
771.0 47.0
772.0 56.5
773.0 56.0
774.0 52.5
775.0 59.5
776.0 56.5
777.0 57.0
778.0 48.5
779.0 53.0
780.0 46.5
781.0 53.5
782.0 55.0
783.0 55.5
784.0 58.5
785.0 48.5
786.0 57.5
787.0 58.0
788.0 56.0
789.0 61.5
790.0 54.5
791.0 45.0
792.0 58.0
793.0 62.5
794.0 49.5
