1.0 3.375
2.0 13.375
3.0 15.0
4.0 12.25
5.0 13.125
6.0 11.5
7.0 11.25
8.0 93.25
9.0 108.875
10.0 118.875
11.0 121.125
12.0 49.75
13.0 6.625
14.0 11.625
15.0 94.5
16.0 166.25
17.0 125.0
18.0 140.0
19.0 157.5
20.0 153.75
21.0 158.75
22.0 156.25
23.0 116.125
24.0 172.5
25.0 183.75
26.0 167.5
27.0 127.5
28.0 113.375
29.0 115.25
30.0 153.75
31.0 175.0
32.0 115.75
33.0 193.75
34.0 128.75
35.0 12.125
36.0 13.125
37.0 119.875
38.0 158.75
39.0 175.0
40.0 173.75
41.0 171.25
42.0 182.5
43.0 73.0
44.0 13.75
45.0 15.375
46.0 142.5
47.0 148.75
48.0 163.75
49.0 170.0
50.0 171.25
51.0 160.0
52.0 190.0
53.0 152.5
54.0 23.875
55.0 12.5
56.0 12.375
57.0 198.75
58.0 161.25
59.0 191.25
60.0 168.75
61.0 178.75
62.0 141.25
63.0 158.75
64.0 156.25
65.0 145.0
66.0 155.0
67.0 155.0
68.0 167.5
69.0 162.5
70.0 176.25
71.0 181.25
72.0 158.75
73.0 166.25
74.0 158.75
75.0 207.5
76.0 170.0
77.0 168.75
78.0 146.25
79.0 170.0
80.0 195.0
81.0 202.5
82.0 210.0
83.0 197.5
84.0 175.0
85.0 178.75
86.0 176.25
87.0 191.25
88.0 152.5
89.0 6.0
90.0 13.5
91.0 156.25
92.0 196.25
93.0 197.5
94.0 191.25
95.0 217.5
96.0 197.5
97.0 191.25
98.0 178.75
99.0 203.75
100.0 203.75
101.0 203.75
102.0 212.5
103.0 208.75
104.0 210.0
105.0 181.25
106.0 148.75
107.0 192.5
108.0 146.25
109.0 168.75
110.0 162.5
111.0 98.5
112.0 126.25
113.0 74.75
114.0 35.625
115.0 34.875
116.0 47.625
117.0 26.5
118.0 4.25
119.0 2.375
120.0 7.25
121.0 17.75
122.0 10.875
123.0 10.625
124.0 12.5
125.0 15.5
126.0 13.25
127.0 35.375
128.0 25.125
129.0 34.875
130.0 70.75
131.0 72.625
132.0 48.625
133.0 53.875
134.0 52.75
135.0 60.875
136.0 73.875
137.0 83.0
138.0 30.5
139.0 15.25
140.0 15.0
141.0 71.125
142.0 106.0
143.0 123.375
144.0 110.125
145.0 94.625
146.0 92.125
147.0 92.75
148.0 175.0
149.0 58.0
150.0 0.0
151.0 5.375
152.0 14.25
153.0 14.375
154.0 12.375
155.0 14.0
156.0 15.0
157.0 14.875
158.0 10.0
159.0 15.375
160.0 13.5
161.0 13.75
162.0 14.875
163.0 15.625
164.0 14.75
165.0 10.25
166.0 13.875
167.0 10.25
168.0 15.0
169.0 13.0
170.0 13.375
171.0 15.0
172.0 14.5
173.0 13.75
174.0 11.75
175.0 13.875
176.0 12.875
177.0 14.5
178.0 15.0
179.0 10.875
180.0 14.75
181.0 14.875
182.0 12.625
183.0 12.625
184.0 15.375
185.0 12.25
186.0 13.0
187.0 12.375
188.0 15.5
189.0 13.625
190.0 14.75
191.0 14.125
192.0 13.625
193.0 13.75
194.0 13.0
195.0 15.625
196.0 13.0
197.0 12.5
198.0 10.375
199.0 13.125
200.0 13.125
201.0 13.125
202.0 14.375
203.0 14.375
204.0 11.875
205.0 12.625
206.0 13.0
207.0 15.125
208.0 15.375
209.0 14.0
210.0 15.125
211.0 10.875
212.0 11.5
213.0 14.625
214.0 15.5
215.0 13.75
216.0 12.375
217.0 15.125
218.0 11.125
219.0 13.625
220.0 12.125
221.0 12.5
222.0 14.875
223.0 18.5
224.0 25.75
225.0 35.875
226.0 57.125
227.0 52.125
228.0 74.875
229.0 74.125
230.0 87.5
231.0 93.75
232.0 102.0
233.0 91.5
234.0 82.875
235.0 100.75
236.0 101.75
237.0 114.125
238.0 142.5
239.0 130.0
240.0 148.75
241.0 138.75
242.0 157.5
243.0 141.25
244.0 157.5
245.0 155.0
246.0 138.75
247.0 136.25
248.0 131.25
249.0 170.0
250.0 132.5
251.0 102.75
252.0 130.0
253.0 106.875
254.0 136.25
255.0 109.625
256.0 127.5
257.0 173.75
258.0 121.5
259.0 126.25
260.0 137.5
261.0 99.625
262.0 118.625
263.0 118.125
264.0 128.75
265.0 99.5
266.0 126.25
267.0 126.25
268.0 158.75
269.0 132.5
270.0 151.25
271.0 89.625
272.0 29.125
273.0 14.75
274.0 13.875
275.0 11.25
276.0 11.5
277.0 12.375
278.0 19.625
279.0 24.25
280.0 26.375
281.0 25.75
282.0 23.875
283.0 23.0
284.0 33.125
285.0 42.5
286.0 44.375
287.0 48.375
288.0 53.5
289.0 51.125
290.0 42.375
291.0 59.0
292.0 61.25
293.0 61.375
294.0 51.125
295.0 77.625
296.0 69.25
297.0 102.625
298.0 96.625
299.0 123.875
300.0 140.0
301.0 158.75
302.0 175.0
303.0 128.75
304.0 135.0
305.0 138.75
306.0 151.25
307.0 178.75
308.0 191.25
309.0 162.5
310.0 167.5
311.0 133.75
312.0 128.75
313.0 128.75
314.0 127.5
315.0 136.25
316.0 131.25
317.0 155.0
318.0 116.5
319.0 151.25
320.0 133.75
321.0 75.125
322.0 64.375
323.0 107.0
324.0 113.875
325.0 148.75
326.0 146.25
327.0 153.75
328.0 156.25
329.0 95.875
330.0 116.25
331.0 67.875
332.0 78.0
333.0 86.0
334.0 71.875
335.0 107.25
336.0 60.75
337.0 32.875
338.0 59.5
339.0 27.625
340.0 7.875
341.0 12.625
342.0 11.25
343.0 4.5
344.0 15.0
345.0 13.375
346.0 15.375
347.0 14.75
348.0 15.625
349.0 10.875
350.0 14.75
351.0 14.875
352.0 6.25
353.0 7.5
354.0 11.0
355.0 12.75
356.0 12.875
357.0 39.625
358.0 18.125
359.0 38.25
360.0 37.375
361.0 38.25
362.0 37.625
363.0 33.125
364.0 23.25
365.0 41.0
366.0 8.375
367.0 5.25
368.0 5.125
369.0 10.625
370.0 14.5
371.0 12.625
372.0 15.625
373.0 14.875
374.0 58.0
375.0 65.625
376.0 60.625
377.0 67.875
378.0 82.0
379.0 81.375
380.0 93.875
381.0 105.75
382.0 87.375
383.0 127.5
384.0 122.75
385.0 111.75
386.0 126.25
387.0 121.25
388.0 112.0
389.0 123.125
390.0 133.75
391.0 132.5
392.0 127.5
393.0 150.0
394.0 152.5
395.0 145.0
396.0 151.25
397.0 138.75
398.0 141.25
399.0 137.5
400.0 136.25
401.0 126.25
402.0 109.125
403.0 113.375
404.0 108.625
405.0 136.25
406.0 155.0
407.0 103.125
408.0 40.25
409.0 3.0
410.0 0.0
411.0 5.375
412.0 6.375
413.0 9.875
414.0 14.75
415.0 88.75
416.0 78.625
417.0 84.375
418.0 35.0
419.0 1.875
420.0 2.25
421.0 0.25
422.0 0.125
423.0 6.625
424.0 10.375
425.0 14.875
426.0 12.0
427.0 14.875
428.0 10.375
429.0 14.0
430.0 10.0
431.0 11.875
432.0 10.875
433.0 12.5
434.0 15.375
435.0 13.5
436.0 11.875
437.0 14.125
438.0 15.625
439.0 12.75
440.0 12.25
441.0 12.5
442.0 13.75
443.0 9.25
444.0 12.5
445.0 11.875
446.0 17.0
447.0 18.25
448.0 22.875
449.0 26.375
450.0 26.75
451.0 26.5
452.0 26.75
453.0 57.5
454.0 54.625
455.0 50.625
456.0 46.125
457.0 61.5
458.0 59.25
459.0 55.375
460.0 39.0
461.0 69.0
462.0 49.25
463.0 66.375
464.0 68.875
465.0 58.0
466.0 66.5
467.0 68.75
468.0 67.625
469.0 66.25
470.0 57.375
471.0 1.375
472.0 0.0
473.0 0.125
474.0 2.25
475.0 15.625
476.0 60.75
477.0 61.375
478.0 67.0
479.0 70.75
480.0 96.875
481.0 77.125
482.0 103.625
483.0 83.25
484.0 113.75
485.0 118.25
486.0 83.625
487.0 128.75
488.0 145.0
489.0 176.25
490.0 172.5
491.0 141.25
492.0 155.0
493.0 170.0
494.0 157.5
495.0 166.25
496.0 176.25
497.0 158.75
498.0 158.75
499.0 180.0
500.0 180.0
501.0 180.0
502.0 172.5
503.0 175.0
504.0 175.0
505.0 177.5
506.0 148.75
507.0 166.25
508.0 167.5
509.0 161.25
510.0 151.25
511.0 162.5
512.0 145.0
513.0 128.75
514.0 138.75
515.0 124.75
516.0 128.75
517.0 126.25
518.0 105.75
519.0 84.625
520.0 57.375
521.0 3.5
522.0 0.5
523.0 12.125
524.0 12.5
525.0 99.625
526.0 103.5
527.0 127.5
528.0 137.5
529.0 136.25
530.0 131.25
531.0 146.25
532.0 130.0
533.0 148.75
534.0 103.0
535.0 147.5
536.0 130.0
537.0 82.125
538.0 121.125
539.0 116.75
540.0 150.0
541.0 128.75
542.0 110.875
543.0 96.25
544.0 112.5
545.0 136.25
546.0 8.5
547.0 22.25
548.0 0.375
549.0 0.0
550.0 3.0
551.0 1.0
552.0 10.5
553.0 39.625
554.0 51.0
555.0 52.5
556.0 60.25
557.0 67.0
558.0 58.75
559.0 69.375
560.0 68.625
561.0 64.625
562.0 69.25
563.0 80.625
564.0 73.25
565.0 66.875
566.0 88.0
567.0 90.25
568.0 87.5
569.0 74.0
570.0 100.375
571.0 77.5
572.0 74.875
573.0 25.75
574.0 0.125
575.0 1.25
576.0 12.125
577.0 24.125
578.0 57.875
579.0 79.5
580.0 112.0
581.0 105.625
582.0 96.5
583.0 116.5
584.0 93.625
585.0 87.5
586.0 126.25
587.0 93.125
588.0 80.875
589.0 82.125
590.0 86.125
591.0 74.25
592.0 91.875
593.0 102.375
594.0 71.5
595.0 72.375
596.0 63.375
597.0 84.25
598.0 82.875
599.0 95.875
600.0 86.375
601.0 89.375
602.0 100.0
603.0 91.375
604.0 90.625
605.0 123.125
606.0 91.5
607.0 79.0
608.0 0.375
609.0 11.0
610.0 12.125
611.0 58.0
612.0 53.625
613.0 69.875
614.0 54.125
615.0 79.375
616.0 91.0
617.0 37.25
618.0 32.125
619.0 58.25
620.0 53.5
621.0 50.875
622.0 37.75
623.0 7.75
624.0 35.625
625.0 35.375
626.0 35.5
627.0 45.75
628.0 42.375
629.0 57.5
630.0 48.625
631.0 49.875
632.0 48.25
633.0 51.625
634.0 46.125
635.0 39.5
636.0 40.5
637.0 28.125
638.0 43.625
639.0 19.125
640.0 28.75
641.0 35.375
642.0 36.375
643.0 54.5
644.0 45.625
645.0 46.875
646.0 35.0
647.0 47.875
648.0 57.625
649.0 64.5
650.0 69.125
651.0 55.625
652.0 62.25
653.0 60.75
654.0 56.125
655.0 61.5
656.0 73.0
657.0 46.875
658.0 64.25
659.0 91.625
660.0 57.0
661.0 53.375
662.0 42.0
663.0 54.375
664.0 79.875
665.0 64.75
666.0 62.0
667.0 56.375
668.0 65.375
669.0 55.5
670.0 57.0
671.0 71.25
672.0 38.375
673.0 29.125
674.0 37.25
675.0 39.125
676.0 36.125
677.0 56.125
678.0 39.125
679.0 44.25
680.0 38.75
681.0 27.25
682.0 31.25
683.0 30.875
684.0 34.625
685.0 47.0
686.0 39.125
687.0 24.25
688.0 32.75
689.0 41.5
690.0 46.375
691.0 40.25
692.0 44.875
693.0 46.125
694.0 46.75
695.0 46.25
696.0 33.875
697.0 40.125
698.0 33.25
699.0 33.25
700.0 35.125
701.0 55.375
702.0 45.875
703.0 56.875
704.0 71.0
705.0 50.875
706.0 42.375
707.0 58.625
708.0 52.375
709.0 42.125
710.0 50.125
711.0 40.375
712.0 66.625
713.0 46.75
714.0 60.625
715.0 51.25
716.0 63.5
717.0 53.625
718.0 45.0
719.0 48.25
720.0 49.875
721.0 31.25
722.0 39.625
723.0 40.75
724.0 39.25
725.0 36.25
726.0 35.375
727.0 51.375
728.0 51.375
729.0 52.0
730.0 35.125
731.0 7.625
732.0 0.125
733.0 0.0
734.0 0.0
735.0 0.0
736.0 0.125
737.0 1.375
738.0 14.125
739.0 13.25
740.0 9.125
741.0 14.625
742.0 12.0
743.0 14.375
744.0 12.25
745.0 3.5
746.0 11.0
747.0 13.625
748.0 12.875
749.0 12.0
750.0 13.25
751.0 15.625
752.0 15.625
753.0 13.625
754.0 14.75
755.0 13.875
756.0 13.125
757.0 14.5
758.0 14.75
759.0 13.125
760.0 13.625
761.0 14.0
762.0 15.25
763.0 13.25
764.0 14.0
765.0 12.25
766.0 10.875
767.0 14.25
768.0 14.25
769.0 11.75
770.0 15.375
771.0 14.625
772.0 15.625
773.0 15.25
774.0 13.875
775.0 15.375
776.0 14.5
777.0 14.25
778.0 12.875
779.0 13.25
780.0 14.5
781.0 15.125
782.0 11.5
783.0 11.875
784.0 12.0
785.0 14.375
786.0 13.375
787.0 15.0
788.0 14.625
789.0 14.875
790.0 15.5
791.0 15.0
792.0 12.875
793.0 13.25
794.0 14.625
795.0 12.875
796.0 13.5
797.0 13.5
798.0 13.0
799.0 13.25
800.0 12.625
