1.0 14.375
2.0 14.875
3.0 15.25
4.0 14.75
5.0 10.25
6.0 11.875
7.0 12.75
8.0 14.5
9.0 15.5
10.0 12.875
11.0 14.0
12.0 10.625
13.0 15.25
14.0 14.75
15.0 13.75
16.0 14.75
17.0 13.125
18.0 14.875
19.0 13.125
20.0 12.875
21.0 11.125
22.0 14.0
23.0 2.75
24.0 1.375
25.0 0.0
26.0 0.25
27.0 0.5
28.0 0.375
29.0 0.75
30.0 0.375
31.0 0.375
32.0 0.5
33.0 0.375
34.0 1.0
35.0 1.625
36.0 0.5
37.0 0.0
38.0 0.0
39.0 15.0
40.0 11.375
41.0 4.75
42.0 12.125
43.0 26.875
44.0 52.125
45.0 71.625
46.0 87.125
47.0 97.625
48.0 86.625
49.0 97.5
50.0 87.375
51.0 105.75
52.0 87.25
53.0 117.375
54.0 93.75
55.0 87.875
56.0 72.5
57.0 30.25
58.0 90.875
59.0 88.875
60.0 51.875
61.0 76.25
62.0 83.0
63.0 86.875
64.0 78.875
65.0 77.125
66.0 74.25
67.0 83.25
68.0 71.125
69.0 68.75
70.0 19.375
71.0 0.125
72.0 0.0
73.0 3.0
74.0 14.75
75.0 12.75
76.0 45.0
77.0 66.875
78.0 77.5
79.0 95.5
80.0 95.0
81.0 96.25
82.0 103.25
83.0 79.25
84.0 78.0
85.0 104.75
86.0 106.625
87.0 91.375
88.0 64.125
89.0 26.375
90.0 65.0
91.0 92.0
92.0 83.75
93.0 85.625
94.0 75.875
95.0 100.0
96.0 83.625
97.0 111.25
98.0 83.375
99.0 80.5
100.0 87.25
101.0 90.0
102.0 69.875
103.0 99.875
104.0 107.125
105.0 98.375
106.0 78.75
107.0 86.5
108.0 91.5
109.0 109.375
110.0 116.125
111.0 68.125
112.0 90.25
113.0 110.875
114.0 115.5
115.0 14.25
116.0 2.625
117.0 14.5
118.0 14.0
119.0 36.125
120.0 0.375
121.0 0.375
122.0 1.375
123.0 2.625
124.0 13.125
125.0 26.75
126.0 54.5
127.0 17.25
128.0 0.0
129.0 9.25
130.0 11.375
131.0 0.0
132.0 1.0
133.0 2.5
134.0 17.25
135.0 3.125
136.0 10.0
137.0 19.25
138.0 13.75
139.0 3.25
140.0 9.875
141.0 0.625
142.0 3.25
143.0 1.0
144.0 12.875
145.0 8.625
146.0 8.5
147.0 9.75
148.0 10.5
149.0 11.625
150.0 12.375
151.0 15.25
152.0 17.125
153.0 15.625
154.0 10.625
155.0 5.5
156.0 9.625
157.0 0.5
158.0 1.25
159.0 3.125
160.0 0.875
161.0 0.5
162.0 2.125
163.0 0.5
164.0 1.0
165.0 1.125
166.0 1.0
167.0 0.25
168.0 0.5
169.0 0.625
170.0 0.875
171.0 1.0
172.0 0.75
173.0 1.0
174.0 0.375
175.0 0.375
176.0 0.25
177.0 0.375
178.0 0.125
179.0 0.125
180.0 0.25
181.0 0.125
182.0 0.25
183.0 0.375
184.0 0.25
185.0 0.25
186.0 0.0
187.0 1.0
188.0 0.875
189.0 0.5
190.0 0.125
191.0 0.25
192.0 0.5
193.0 0.5
194.0 0.25
195.0 0.625
196.0 0.875
197.0 0.875
198.0 1.25
199.0 2.125
200.0 2.25
201.0 1.375
202.0 1.5
203.0 1.625
204.0 5.25
205.0 8.375
206.0 8.375
207.0 7.625
208.0 6.375
209.0 6.75
210.0 7.875
211.0 5.5
212.0 7.25
213.0 6.125
214.0 2.125
215.0 0.0
216.0 11.875
217.0 14.75
218.0 5.5
219.0 8.875
220.0 11.125
221.0 12.625
222.0 15.75
223.0 19.25
224.0 18.5
225.0 21.75
226.0 26.75
227.0 32.0
228.0 40.25
229.0 50.5
230.0 65.625
231.0 77.625
232.0 43.75
233.0 75.125
234.0 90.25
235.0 102.875
236.0 98.375
237.0 37.5
238.0 1.5
239.0 0.375
240.0 12.5
241.0 53.875
242.0 29.125
243.0 0.125
244.0 0.0
245.0 0.25
246.0 42.25
247.0 0.375
248.0 0.125
249.0 0.0
250.0 0.0
251.0 10.25
252.0 13.0
253.0 79.625
254.0 89.625
255.0 80.5
256.0 25.25
257.0 0.0
258.0 0.0
259.0 11.0
260.0 14.25
261.0 13.375
262.0 19.5
263.0 21.375
264.0 26.375
265.0 25.5
266.0 27.625
267.0 27.875
268.0 58.25
269.0 85.75
270.0 95.5
271.0 100.125
272.0 105.0
273.0 116.625
274.0 127.5
275.0 132.5
276.0 102.625
277.0 133.75
278.0 124.0
279.0 85.375
280.0 96.125
281.0 115.125
282.0 113.75
283.0 126.25
284.0 112.75
285.0 119.75
286.0 109.25
287.0 118.5
288.0 120.375
289.0 133.75
290.0 136.25
291.0 106.75
292.0 115.875
293.0 111.5
294.0 118.125
295.0 148.75
296.0 152.5
297.0 138.75
298.0 128.75
299.0 161.25
300.0 157.5
301.0 150.0
302.0 137.5
303.0 135.0
304.0 147.5
305.0 167.5
306.0 104.5
307.0 15.75
308.0 0.0
309.0 0.0
310.0 0.0
311.0 13.75
312.0 13.625
313.0 1.0
314.0 1.0
315.0 0.75
316.0 1.25
317.0 3.625
318.0 5.625
319.0 6.375
320.0 7.75
321.0 22.875
322.0 45.75
323.0 43.375
324.0 67.875
325.0 90.25
326.0 93.5
327.0 90.625
328.0 93.0
329.0 163.75
330.0 123.75
331.0 76.125
332.0 106.375
333.0 100.75
334.0 82.375
335.0 78.875
336.0 77.25
337.0 64.125
338.0 111.875
339.0 116.25
340.0 97.875
341.0 106.125
342.0 126.25
343.0 126.25
344.0 127.5
345.0 115.5
346.0 131.25
347.0 136.25
348.0 138.75
349.0 88.25
350.0 111.0
351.0 100.75
352.0 137.5
353.0 152.5
354.0 165.0
355.0 88.25
356.0 160.0
357.0 161.25
358.0 142.5
359.0 121.0
360.0 175.0
361.0 180.0
362.0 150.0
363.0 124.75
364.0 113.75
365.0 146.25
366.0 145.0
367.0 132.5
368.0 150.0
369.0 118.5
370.0 98.125
371.0 118.375
372.0 130.0
373.0 126.25
374.0 98.5
375.0 93.875
376.0 127.5
377.0 115.875
378.0 96.125
379.0 117.75
380.0 95.125
381.0 122.125
382.0 123.25
383.0 115.5
384.0 132.5
385.0 132.5
386.0 137.5
387.0 123.5
388.0 145.0
389.0 128.75
390.0 167.5
391.0 171.25
392.0 176.25
393.0 178.75
394.0 146.25
395.0 181.25
396.0 176.25
397.0 177.5
398.0 172.5
399.0 156.25
400.0 133.75
401.0 157.5
402.0 120.75
403.0 172.5
404.0 153.75
405.0 142.5
406.0 161.25
407.0 131.25
408.0 107.75
409.0 136.25
410.0 153.75
411.0 128.75
412.0 175.0
413.0 152.5
414.0 166.25
415.0 152.5
416.0 155.0
417.0 85.625
418.0 133.75
419.0 145.0
420.0 147.5
421.0 117.375
422.0 112.0
423.0 94.375
424.0 80.875
425.0 31.875
426.0 14.125
427.0 48.625
428.0 53.5
429.0 29.75
430.0 30.0
431.0 34.25
432.0 5.625
433.0 20.625
434.0 18.75
435.0 10.5
436.0 0.0
437.0 0.0
438.0 0.0
439.0 0.0
440.0 0.0
441.0 14.5
442.0 12.125
443.0 21.875
444.0 28.5
445.0 30.875
446.0 32.625
447.0 35.75
448.0 29.75
449.0 30.375
450.0 29.125
451.0 26.25
452.0 26.875
453.0 29.125
454.0 32.5
455.0 35.875
456.0 42.875
457.0 50.125
458.0 58.25
459.0 61.875
460.0 69.75
461.0 95.125
462.0 108.875
463.0 110.75
464.0 130.0
465.0 151.25
466.0 160.0
467.0 158.75
468.0 161.25
469.0 158.75
470.0 141.25
471.0 170.0
472.0 165.0
473.0 98.875
474.0 124.25
475.0 112.875
476.0 117.25
477.0 138.75
478.0 171.25
479.0 152.5
480.0 180.0
481.0 168.75
482.0 165.0
483.0 101.0
484.0 148.75
485.0 135.0
486.0 121.375
487.0 158.75
488.0 150.0
489.0 130.0
490.0 142.5
491.0 155.0
492.0 125.0
493.0 131.25
494.0 114.375
495.0 136.25
496.0 122.75
497.0 156.25
498.0 118.125
499.0 119.625
500.0 114.25
501.0 152.5
502.0 128.75
503.0 116.75
504.0 108.75
505.0 100.0
506.0 92.0
507.0 114.25
508.0 119.75
509.0 102.625
510.0 90.875
511.0 105.0
512.0 136.25
513.0 100.0
514.0 46.75
515.0 13.375
516.0 15.125
517.0 13.375
518.0 11.875
519.0 14.5
520.0 15.125
521.0 12.375
522.0 14.5
523.0 12.25
524.0 12.75
525.0 12.0
526.0 13.75
527.0 13.75
528.0 15.125
529.0 14.5
530.0 14.0
531.0 13.25
532.0 11.125
533.0 14.5
534.0 13.125
535.0 10.625
536.0 14.625
537.0 13.75
538.0 10.375
539.0 11.0
540.0 10.75
541.0 14.875
542.0 10.5
543.0 13.75
544.0 15.5
545.0 14.5
546.0 15.625
547.0 12.5
548.0 13.625
549.0 15.25
550.0 11.625
551.0 15.0
552.0 13.375
553.0 10.5
554.0 15.5
555.0 12.5
556.0 11.25
557.0 13.125
558.0 14.25
559.0 14.375
560.0 10.875
561.0 15.25
562.0 11.625
563.0 12.375
564.0 12.875
565.0 11.375
566.0 13.625
567.0 14.25
568.0 12.125
569.0 15.625
570.0 15.5
571.0 15.25
572.0 12.625
573.0 11.0
574.0 15.25
575.0 11.5
576.0 14.0
577.0 14.125
578.0 13.375
579.0 15.375
580.0 13.25
581.0 15.5
582.0 15.375
583.0 14.375
584.0 11.625
585.0 10.125
586.0 14.125
587.0 13.125
588.0 10.25
589.0 15.375
590.0 12.375
591.0 14.375
592.0 11.25
593.0 12.75
594.0 13.0
595.0 13.5
596.0 10.75
597.0 13.25
598.0 11.25
599.0 13.625
600.0 13.25
601.0 15.5
602.0 11.875
603.0 13.5
604.0 13.875
605.0 10.875
606.0 13.25
607.0 14.75
608.0 9.875
609.0 13.0
610.0 10.75
611.0 12.0
612.0 14.75
613.0 13.5
614.0 13.0
615.0 11.375
616.0 14.5
617.0 10.5
618.0 15.0
619.0 15.5
620.0 15.0
621.0 14.25
622.0 14.25
623.0 11.875
624.0 10.875
625.0 10.5
626.0 13.5
627.0 12.75
628.0 13.75
629.0 15.25
630.0 15.125
631.0 15.25
632.0 15.25
633.0 13.25
634.0 13.375
635.0 21.625
636.0 19.625
637.0 20.25
638.0 21.625
639.0 25.25
640.0 28.875
641.0 33.0
642.0 37.75
643.0 43.75
644.0 49.75
645.0 54.0
646.0 50.125
647.0 66.75
648.0 82.625
649.0 100.125
650.0 113.0
651.0 133.75
652.0 137.5
653.0 141.25
654.0 153.75
655.0 142.5
656.0 115.0
657.0 111.625
658.0 128.75
659.0 152.5
660.0 140.0
661.0 126.25
662.0 106.25
663.0 121.625
664.0 140.0
665.0 118.625
666.0 133.75
667.0 99.375
668.0 78.125
669.0 54.75
670.0 96.0
671.0 72.0
672.0 38.0
673.0 7.625
674.0 0.0
675.0 1.75
676.0 6.125
677.0 4.25
678.0 1.25
679.0 2.25
680.0 5.375
681.0 4.125
682.0 0.0
683.0 2.5
684.0 11.375
685.0 14.75
686.0 14.375
687.0 14.875
688.0 13.625
689.0 16.375
690.0 18.0
691.0 3.25
692.0 0.125
693.0 0.0
694.0 0.0
695.0 0.0
696.0 0.125
697.0 13.0
698.0 15.375
699.0 10.625
700.0 13.375
701.0 3.25
702.0 3.5
703.0 0.0
704.0 0.0
705.0 0.0
706.0 0.0
707.0 0.0
708.0 11.25
709.0 13.625
710.0 10.125
711.0 5.0
712.0 0.0
713.0 0.0
714.0 0.0
715.0 0.0
716.0 10.625
717.0 12.5
718.0 9.25
719.0 12.25
720.0 10.5
721.0 0.0
722.0 0.0
723.0 0.0
724.0 0.0
725.0 0.0
726.0 9.625
727.0 14.5
728.0 13.875
729.0 11.75
730.0 11.5
731.0 14.625
732.0 15.625
733.0 15.625
734.0 10.0
735.0 14.75
736.0 15.5
737.0 12.625
738.0 13.25
739.0 15.0
740.0 11.875
741.0 11.625
742.0 12.375
743.0 14.25
744.0 13.0
745.0 12.375
746.0 13.0
747.0 14.0
748.0 10.75
749.0 15.625
750.0 11.75
751.0 13.5
752.0 14.625
753.0 11.875
754.0 15.375
755.0 14.625
756.0 11.25
757.0 14.5
758.0 11.75
759.0 15.375
760.0 14.625
761.0 10.5
762.0 15.0
763.0 15.125
764.0 13.375
765.0 13.25
766.0 14.875
767.0 15.625
768.0 14.125
769.0 15.625
770.0 13.25
771.0 12.875
772.0 14.25
773.0 13.0
774.0 14.875
775.0 14.625
776.0 14.5
777.0 15.625
778.0 14.25
779.0 13.625
780.0 14.875
781.0 14.0
782.0 15.25
783.0 14.375
784.0 14.125
785.0 12.125
786.0 14.125
787.0 13.5
788.0 13.375
789.0 13.0
