1.0 42.0
2.0 85.5
3.0 144.5
4.0 61.0
5.0 55.5
6.0 137.5
7.0 163.0
8.0 2.5
9.0 0.0
10.0 56.5
11.0 48.0
12.0 44.5
13.0 58.0
14.0 43.0
15.0 59.0
16.0 46.5
17.0 117.5
18.0 67.0
19.0 61.0
20.0 56.5
21.0 53.5
22.0 48.0
23.0 59.0
24.0 100.5
25.0 248.0
26.0 277.0
27.0 311.0
28.0 328.5
29.0 346.5
30.0 323.5
31.0 142.5
32.0 88.5
33.0 51.5
34.0 55.5
35.0 53.0
36.0 58.0
37.0 62.5
38.0 44.5
39.0 55.5
40.0 86.5
41.0 232.0
42.0 240.5
43.0 266.5
44.0 250.5
45.0 237.5
46.0 44.5
47.0 50.5
48.0 60.5
49.0 13.0
50.0 39.5
51.0 29.5
52.0 36.5
53.0 39.5
54.0 49.0
55.0 32.0
56.0 0.0
57.0 0.0
58.0 55.0
59.0 62.0
60.0 27.0
61.0 199.0
62.0 328.0
63.0 242.0
64.0 317.0
65.0 392.0
66.0 388.5
67.0 429.5
68.0 430.5
69.0 183.5
70.0 56.0
71.0 48.0
72.0 53.0
73.0 29.5
74.0 55.0
75.0 8.5
76.0 7.5
77.0 20.0
78.0 58.0
79.0 10.0
80.0 6.0
81.0 54.5
82.0 58.5
83.0 169.5
84.0 251.5
85.0 290.0
86.0 279.0
87.0 360.0
88.0 373.0
89.0 341.5
90.0 384.5
91.0 391.0
92.0 459.5
93.0 515.0
94.0 680.0
95.0 685.0
96.0 690.0
97.0 845.0
98.0 845.0
99.0 850.0
100.0 860.0
101.0 725.0
102.0 705.0
103.0 875.0
104.0 875.0
105.0 800.0
106.0 900.0
107.0 810.0
108.0 750.0
109.0 830.0
110.0 325.0
111.0 61.5
112.0 39.5
113.0 202.0
114.0 330.0
115.0 277.0
116.0 337.0
117.0 193.0
118.0 40.5
119.0 55.5
120.0 58.5
121.0 144.0
122.0 273.0
123.0 266.0
124.0 232.0
125.0 189.5
126.0 285.0
127.0 158.5
128.0 237.5
129.0 493.0
130.0 515.0
131.0 476.0
132.0 755.0
133.0 414.0
134.0 68.0
135.0 23.5
136.0 0.0
137.0 51.5
138.0 27.5
139.0 12.5
140.0 38.0
141.0 27.0
142.0 50.5
143.0 61.0
144.0 59.0
145.0 293.0
146.0 74.0
147.0 30.5
148.0 30.0
149.0 62.5
150.0 54.0
151.0 174.5
152.0 160.0
153.0 188.0
154.0 215.0
155.0 233.5
156.0 225.0
157.0 251.0
158.0 239.5
159.0 272.0
160.0 268.0
161.0 269.0
162.0 253.5
163.0 257.0
164.0 307.0
165.0 417.0
166.0 391.0
167.0 206.0
168.0 62.0
169.0 52.0
170.0 56.0
171.0 56.5
172.0 62.0
173.0 57.0
174.0 58.5
175.0 327.0
176.0 392.5
177.0 201.5
178.0 61.5
179.0 46.5
180.0 375.5
181.0 435.0
182.0 84.0
183.0 446.0
184.0 490.0
185.0 570.0
186.0 412.0
187.0 188.0
188.0 23.5
189.0 3.5
190.0 59.5
191.0 484.0
192.0 545.0
193.0 570.0
194.0 545.0
195.0 540.0
196.0 515.0
197.0 555.0
198.0 565.0
199.0 570.0
200.0 665.0
201.0 725.0
202.0 350.5
203.0 10.0
204.0 125.5
205.0 41.5
206.0 55.5
207.0 326.0
208.0 365.0
209.0 425.5
210.0 430.0
211.0 258.5
212.0 350.5
213.0 256.5
214.0 129.0
215.0 6.5
216.0 54.5
217.0 50.0
218.0 388.0
219.0 285.0
220.0 18.5
221.0 93.0
222.0 42.0
223.0 279.0
224.0 299.5
225.0 395.5
226.0 399.0
227.0 555.0
228.0 545.0
229.0 680.0
230.0 605.0
231.0 760.0
232.0 775.0
233.0 695.0
234.0 765.0
235.0 595.0
236.0 765.0
237.0 775.0
238.0 760.0
239.0 650.0
240.0 710.0
241.0 670.0
242.0 755.0
243.0 655.0
244.0 650.0
245.0 600.0
246.0 735.0
247.0 695.0
248.0 565.0
249.0 476.0
250.0 625.0
