1.0 418.0
2.0 545.0
3.0 303.0
4.0 363.0
5.0 459.0
6.0 429.0
7.0 376.5
8.0 322.5
9.0 296.0
10.0 335.0
11.0 291.5
12.0 281.0
13.0 535.0
14.0 600.0
15.0 392.0
16.0 406.5
17.0 730.0
18.0 615.0
19.0 238.5
20.0 515.0
21.0 40.5
22.0 390.5
23.0 610.0
24.0 530.0
25.0 555.0
26.0 327.0
27.0 9.5
28.0 18.5
29.0 15.0
30.0 62.5
31.0 424.5
32.0 244.0
33.0 6.0
34.0 62.5
35.0 48.0
36.0 376.5
37.0 157.0
38.0 21.5
39.0 128.5
40.0 59.0
41.0 540.0
42.0 535.0
43.0 530.0
44.0 515.0
45.0 468.0
46.0 376.0
47.0 505.0
48.0 358.5
49.0 555.0
50.0 466.5
51.0 303.5
52.0 3.5
53.0 96.0
54.0 59.5
55.0 307.5
56.0 4.0
57.0 0.0
58.0 0.0
59.0 0.0
60.0 0.0
61.0 15.0
62.0 38.0
63.0 62.0
64.0 57.0
65.0 419.5
66.0 9.5
67.0 0.0
68.0 0.0
69.0 0.0
70.0 0.0
71.0 3.0
72.0 17.5
73.0 155.0
74.0 58.5
75.0 341.5
76.0 365.0
77.0 344.5
78.0 245.0
79.0 2.5
80.0 0.0
81.0 0.0
82.0 25.5
83.0 144.5
84.0 40.5
85.0 36.0
86.0 0.0
87.0 0.0
88.0 0.0
89.0 0.0
90.0 14.0
91.0 59.5
92.0 201.5
93.0 53.0
94.0 615.0
95.0 745.0
96.0 565.0
97.0 835.0
98.0 835.0
99.0 615.0
100.0 725.0
101.0 555.0
102.0 385.0
103.0 479.0
104.0 357.5
105.0 463.5
106.0 560.0
107.0 0.0
108.0 0.0
109.0 0.0
110.0 0.0
111.0 0.0
112.0 0.0
113.0 0.0
114.0 0.0
115.0 0.0
116.0 0.0
117.0 0.0
118.0 0.0
119.0 0.0
120.0 0.0
121.0 0.0
122.0 0.0
123.0 0.0
124.0 0.0
125.0 0.0
126.0 0.0
127.0 0.0
128.0 0.5
129.0 60.5
130.0 59.0
131.0 61.5
132.0 575.0
133.0 740.0
134.0 498.0
135.0 89.5
136.0 23.5
137.0 56.0
138.0 60.0
139.0 595.0
140.0 650.0
141.0 493.5
142.0 367.0
143.0 725.0
144.0 680.0
145.0 525.0
146.0 374.5
147.0 500.0
148.0 438.0
149.0 338.5
150.0 237.0
151.0 425.0
152.0 187.5
153.0 32.0
154.0 22.0
155.0 0.0
156.0 0.0
157.0 0.0
158.0 17.5
159.0 15.5
160.0 34.5
161.0 42.5
162.0 56.0
163.0 52.0
164.0 435.0
165.0 655.0
166.0 488.5
167.0 620.0
168.0 484.0
169.0 221.5
170.0 244.5
171.0 505.0
172.0 535.0
173.0 505.0
174.0 565.0
175.0 580.0
176.0 675.0
177.0 458.0
178.0 560.0
179.0 655.0
180.0 489.5
181.0 467.0
182.0 510.0
183.0 575.0
184.0 595.0
185.0 655.0
186.0 660.0
187.0 585.0
188.0 735.0
189.0 770.0
190.0 855.0
191.0 695.0
192.0 765.0
193.0 765.0
194.0 760.0
195.0 595.0
196.0 620.0
197.0 695.0
198.0 775.0
199.0 655.0
200.0 715.0
201.0 770.0
202.0 860.0
203.0 397.0
204.0 385.5
205.0 525.0
206.0 720.0
207.0 47.5
208.0 62.5
209.0 442.5
210.0 53.0
211.0 845.0
212.0 730.0
213.0 665.0
214.0 850.0
215.0 650.0
216.0 695.0
217.0 448.0
218.0 405.0
219.0 353.5
220.0 451.0
221.0 462.0
222.0 470.0
223.0 390.0
224.0 26.0
225.0 80.0
226.0 79.0
227.0 850.0
228.0 61.5
229.0 785.0
230.0 920.0
231.0 895.0
232.0 905.0
233.0 790.0
234.0 775.0
235.0 895.0
236.0 855.0
237.0 905.0
238.0 885.0
239.0 920.0
240.0 720.0
241.0 900.0
242.0 875.0
243.0 890.0
244.0 705.0
245.0 885.0
246.0 930.0
247.0 905.0
248.0 442.0
249.0 94.0
250.0 7.5
251.0 260.0
252.0 60.5
253.0 580.0
254.0 615.0
255.0 600.0
256.0 670.0
257.0 885.0
258.0 895.0
259.0 930.0
260.0 600.0
261.0 497.5
262.0 825.0
263.0 870.0
264.0 685.0
265.0 660.0
266.0 580.0
267.0 525.0
268.0 565.0
269.0 790.0
270.0 670.0
271.0 905.0
272.0 915.0
273.0 880.0
274.0 880.0
275.0 920.0
276.0 870.0
277.0 775.0
278.0 875.0
279.0 860.0
280.0 780.0
281.0 880.0
282.0 890.0
283.0 835.0
284.0 785.0
285.0 9.0
286.0 23.5
287.0 435.0
288.0 45.0
289.0 710.0
290.0 775.0
291.0 805.0
292.0 640.0
293.0 695.0
294.0 745.0
295.0 660.0
296.0 740.0
297.0 825.0
298.0 705.0
299.0 750.0
300.0 795.0
301.0 760.0
302.0 770.0
303.0 720.0
304.0 635.0
305.0 685.0
306.0 700.0
307.0 705.0
308.0 665.0
309.0 735.0
310.0 695.0
311.0 505.0
312.0 490.0
313.0 470.0
314.0 446.5
315.0 15.0
316.0 27.5
317.0 53.0
318.0 59.0
319.0 439.0
320.0 22.0
321.0 17.5
322.0 55.0
323.0 58.0
324.0 600.0
325.0 690.0
326.0 329.0
327.0 311.5
328.0 293.5
329.0 290.0
330.0 139.0
331.0 242.0
332.0 234.5
333.0 206.0
334.0 142.0
335.0 127.0
336.0 165.5
337.0 294.0
338.0 40.0
339.0 44.0
340.0 9.0
341.0 1.5
342.0 11.0
343.0 73.0
344.0 143.0
345.0 59.0
346.0 550.0
347.0 680.0
348.0 665.0
349.0 755.0
350.0 790.0
351.0 680.0
352.0 690.0
353.0 865.0
354.0 890.0
355.0 755.0
356.0 770.0
357.0 555.0
358.0 10.0
359.0 2.0
360.0 485.0
361.0 47.0
362.0 885.0
363.0 750.0
364.0 890.0
365.0 875.0
366.0 890.0
367.0 750.0
368.0 670.0
369.0 700.0
370.0 815.0
371.0 835.0
372.0 820.0
373.0 895.0
374.0 380.0
375.0 14.5
376.0 233.0
377.0 56.0
378.0 870.0
379.0 840.0
380.0 900.0
381.0 735.0
382.0 790.0
383.0 875.0
384.0 805.0
385.0 810.0
386.0 805.0
387.0 875.0
388.0 865.0
389.0 855.0
390.0 815.0
391.0 840.0
392.0 855.0
393.0 885.0
394.0 810.0
395.0 905.0
396.0 850.0
397.0 640.0
398.0 855.0
399.0 815.0
400.0 525.0
401.0 835.0
402.0 830.0
403.0 585.0
404.0 590.0
405.0 675.0
406.0 580.0
407.0 515.0
408.0 625.0
409.0 700.0
410.0 465.0
411.0 535.0
412.0 600.0
413.0 680.0
414.0 515.0
415.0 498.0
416.0 545.0
417.0 520.0
418.0 530.0
419.0 455.0
420.0 409.0
421.0 442.5
422.0 352.5
423.0 332.0
424.0 358.5
425.0 464.0
426.0 20.5
427.0 0.0
428.0 45.0
429.0 57.0
430.0 0.0
431.0 0.0
432.0 0.0
433.0 0.0
434.0 0.0
435.0 2.0
436.0 3.5
437.0 50.0
438.0 50.5
439.0 55.0
440.0 361.5
441.0 441.0
442.0 477.5
443.0 30.0
444.0 7.0
445.0 29.0
446.0 82.5
447.0 60.0
448.0 188.0
449.0 442.5
450.0 362.5
451.0 505.0
452.0 421.5
453.0 595.0
454.0 765.0
455.0 750.0
456.0 790.0
457.0 570.0
458.0 337.0
459.0 0.0
460.0 12.0
461.0 42.5
462.0 153.0
463.0 59.0
464.0 630.0
465.0 670.0
466.0 795.0
467.0 885.0
468.0 890.0
469.0 865.0
470.0 900.0
471.0 900.0
472.0 900.0
473.0 810.0
474.0 820.0
475.0 850.0
476.0 880.0
477.0 890.0
478.0 845.0
479.0 820.0
480.0 815.0
481.0 810.0
482.0 905.0
483.0 865.0
484.0 880.0
485.0 865.0
486.0 895.0
487.0 910.0
488.0 790.0
489.0 870.0
490.0 895.0
491.0 810.0
492.0 830.0
493.0 785.0
494.0 835.0
495.0 825.0
496.0 870.0
497.0 845.0
498.0 860.0
499.0 815.0
500.0 740.0
501.0 620.0
502.0 456.0
503.0 490.0
504.0 444.5
505.0 426.5
506.0 425.0
507.0 247.5
508.0 202.5
509.0 20.5
510.0 21.0
511.0 110.0
512.0 207.0
513.0 57.0
514.0 790.0
515.0 810.0
516.0 800.0
517.0 755.0
518.0 790.0
519.0 730.0
520.0 745.0
521.0 810.0
522.0 540.0
523.0 545.0
524.0 439.0
525.0 167.0
526.0 0.0
527.0 37.5
528.0 35.0
529.0 60.5
530.0 312.5
531.0 485.0
532.0 735.0
533.0 795.0
534.0 745.0
535.0 680.0
536.0 895.0
537.0 850.0
538.0 885.0
539.0 590.0
540.0 845.0
541.0 765.0
542.0 885.0
543.0 840.0
544.0 855.0
545.0 845.0
546.0 870.0
547.0 640.0
548.0 745.0
549.0 435.5
550.0 24.0
551.0 48.5
552.0 40.0
553.0 59.0
554.0 51.0
555.0 32.0
556.0 19.5
557.0 9.0
558.0 27.5
559.0 16.5
560.0 2.5
561.0 2.5
562.0 0.5
563.0 42.5
564.0 18.0
565.0 15.0
566.0 1.5
567.0 7.5
568.0 21.0
569.0 42.0
570.0 24.0
571.0 45.5
572.0 71.0
573.0 102.0
574.0 37.5
575.0 9.0
576.0 18.0
577.0 54.5
578.0 43.5
579.0 11.0
580.0 9.0
581.0 9.5
582.0 59.0
583.0 53.0
584.0 86.5
585.0 100.0
586.0 85.5
587.0 118.5
588.0 137.5
589.0 174.0
590.0 219.5
591.0 72.5
592.0 236.5
593.0 259.5
594.0 308.0
595.0 351.5
596.0 413.5
597.0 439.5
598.0 384.0
599.0 525.0
600.0 370.5
601.0 354.0
602.0 453.0
603.0 351.0
604.0 327.5
605.0 405.0
606.0 386.5
607.0 430.0
608.0 421.5
609.0 520.0
610.0 442.5
611.0 453.5
612.0 405.0
613.0 580.0
614.0 725.0
615.0 640.0
616.0 595.0
617.0 368.5
618.0 399.0
619.0 462.0
620.0 394.0
621.0 410.5
622.0 440.0
623.0 418.5
624.0 510.0
625.0 570.0
626.0 645.0
627.0 458.0
628.0 630.0
629.0 765.0
630.0 670.0
631.0 685.0
632.0 530.0
633.0 685.0
634.0 484.5
635.0 555.0
636.0 530.0
637.0 505.0
638.0 635.0
639.0 785.0
640.0 575.0
641.0 700.0
642.0 530.0
643.0 635.0
644.0 615.0
645.0 735.0
646.0 720.0
647.0 830.0
648.0 760.0
649.0 800.0
650.0 790.0
651.0 880.0
652.0 920.0
653.0 895.0
654.0 695.0
655.0 815.0
656.0 780.0
657.0 920.0
658.0 880.0
659.0 900.0
660.0 880.0
661.0 815.0
662.0 755.0
663.0 865.0
664.0 800.0
665.0 910.0
666.0 825.0
667.0 825.0
668.0 800.0
669.0 865.0
670.0 825.0
671.0 600.0
672.0 630.0
673.0 695.0
674.0 0.0
675.0 1.0
676.0 62.0
677.0 56.5
678.0 52.5
679.0 53.5
680.0 54.5
681.0 62.0
682.0 48.5
683.0 62.5
684.0 60.5
685.0 59.0
686.0 51.0
687.0 60.0
688.0 62.5
689.0 60.5
690.0 50.0
691.0 59.0
692.0 50.5
693.0 42.5
694.0 56.0
695.0 180.5
696.0 207.0
697.0 247.0
698.0 279.0
699.0 329.0
700.0 11.5
701.0 416.0
702.0 570.0
703.0 585.0
704.0 835.0
705.0 895.0
706.0 890.0
707.0 915.0
708.0 860.0
709.0 900.0
710.0 900.0
711.0 895.0
712.0 720.0
713.0 720.0
714.0 725.0
715.0 900.0
716.0 905.0
717.0 755.0
718.0 635.0
719.0 605.0
720.0 855.0
721.0 900.0
722.0 840.0
723.0 745.0
724.0 525.0
725.0 515.0
726.0 655.0
727.0 665.0
728.0 430.5
729.0 341.5
730.0 357.0
731.0 183.0
732.0 284.0
733.0 275.5
734.0 225.5
735.0 168.0
736.0 1.0
737.0 43.0
738.0 46.5
739.0 61.5
740.0 62.5
741.0 51.0
742.0 58.5
743.0 56.5
744.0 53.5
745.0 55.0
746.0 46.0
747.0 53.0
748.0 54.0
749.0 481.0
750.0 505.0
751.0 550.0
752.0 535.0
753.0 550.0
754.0 530.0
755.0 0.0
756.0 392.5
757.0 845.0
758.0 900.0
759.0 520.0
760.0 441.5
761.0 810.0
762.0 860.0
763.0 487.5
764.0 735.0
765.0 875.0
766.0 795.0
767.0 685.0
768.0 750.0
769.0 515.0
770.0 417.0
771.0 1.0
772.0 0.0
773.0 10.0
774.0 37.5
775.0 210.0
