1.0 13.125
2.0 10.25
3.0 13.25
4.0 13.75
5.0 9.5
6.0 15.5
7.0 14.0
8.0 12.375
9.0 13.125
10.0 15.5
11.0 10.375
12.0 14.875
13.0 14.125
14.0 13.25
15.0 14.5
16.0 13.25
17.0 14.0
18.0 14.625
19.0 12.0
20.0 13.125
21.0 15.0
22.0 13.375
23.0 13.375
24.0 10.625
25.0 14.5
26.0 11.625
27.0 11.75
28.0 12.75
29.0 14.125
30.0 13.125
31.0 15.125
32.0 15.625
33.0 14.125
34.0 14.375
35.0 14.0
36.0 14.75
37.0 13.75
38.0 10.5
39.0 2.0
40.0 2.25
41.0 2.125
42.0 1.625
43.0 1.125
44.0 1.0
45.0 0.625
46.0 0.625
47.0 1.25
48.0 1.625
49.0 2.0
50.0 2.125
51.0 2.125
52.0 4.0
53.0 4.0
54.0 7.125
55.0 7.375
56.0 10.125
57.0 15.5
58.0 27.5
59.0 27.875
60.0 39.5
61.0 50.5
62.0 28.0
63.0 28.75
64.0 29.25
65.0 34.0
66.0 25.125
67.0 44.0
68.0 64.875
69.0 56.25
70.0 58.0
71.0 40.625
72.0 56.25
73.0 60.75
74.0 48.375
75.0 51.0
76.0 67.75
77.0 81.75
78.0 40.5
79.0 27.875
80.0 55.0
81.0 41.5
82.0 46.0
83.0 69.0
84.0 48.125
85.0 60.125
86.0 59.75
87.0 64.5
88.0 57.25
89.0 41.875
90.0 75.75
91.0 55.375
92.0 0.625
93.0 9.75
94.0 29.875
95.0 39.25
96.0 43.875
97.0 29.25
98.0 27.625
99.0 19.0
100.0 0.375
101.0 4.25
102.0 7.0
103.0 14.5
104.0 2.75
105.0 13.625
106.0 11.5
107.0 15.0
108.0 25.0
109.0 33.375
110.0 34.625
111.0 33.25
112.0 19.125
113.0 13.875
114.0 16.25
115.0 30.125
116.0 15.0
117.0 11.875
118.0 14.375
119.0 18.0
120.0 16.0
121.0 19.25
122.0 21.75
123.0 31.125
124.0 21.25
125.0 23.125
126.0 22.25
127.0 24.625
128.0 26.125
129.0 39.0
130.0 29.125
131.0 25.25
132.0 21.25
133.0 25.125
134.0 33.0
135.0 22.625
136.0 30.5
137.0 31.0
138.0 37.375
139.0 51.0
140.0 43.375
141.0 45.875
142.0 51.125
143.0 49.125
144.0 61.125
145.0 60.875
146.0 59.125
147.0 88.375
148.0 74.75
149.0 79.625
150.0 89.75
151.0 92.375
152.0 95.375
153.0 130.0
154.0 130.0
155.0 131.25
156.0 126.25
157.0 146.25
158.0 138.75
159.0 140.0
160.0 126.25
161.0 122.125
162.0 122.125
163.0 97.625
164.0 102.0
165.0 104.625
166.0 97.75
167.0 119.0
168.0 106.875
169.0 117.375
170.0 83.125
171.0 86.875
172.0 116.0
173.0 112.0
174.0 96.375
175.0 107.75
176.0 101.75
177.0 88.875
178.0 98.75
179.0 110.375
180.0 103.5
181.0 99.625
182.0 93.0
183.0 94.875
184.0 101.0
185.0 117.875
186.0 122.0
187.0 127.5
188.0 150.0
189.0 88.0
190.0 116.75
191.0 148.75
192.0 190.0
193.0 211.25
194.0 201.25
195.0 208.75
196.0 218.75
197.0 185.0
198.0 220.0
199.0 208.75
200.0 207.5
201.0 208.75
202.0 177.5
203.0 212.5
204.0 210.0
205.0 185.0
206.0 187.5
207.0 198.75
208.0 135.0
209.0 157.5
210.0 97.75
211.0 1.625
212.0 15.125
213.0 13.125
214.0 116.75
215.0 187.5
216.0 193.75
217.0 202.5
218.0 195.0
219.0 196.25
220.0 188.75
221.0 197.5
222.0 196.25
223.0 190.0
224.0 190.0
225.0 196.25
226.0 215.0
227.0 202.5
228.0 197.5
229.0 172.5
230.0 170.0
231.0 176.25
232.0 181.25
233.0 176.25
234.0 123.625
235.0 29.0
236.0 10.0
237.0 11.75
238.0 37.5
239.0 52.125
240.0 51.375
241.0 57.75
242.0 79.375
243.0 112.625
244.0 102.25
245.0 98.0
246.0 99.875
247.0 86.125
248.0 100.125
249.0 101.0
250.0 113.75
251.0 104.75
252.0 128.75
253.0 137.5
254.0 133.75
255.0 142.5
256.0 200.0
257.0 151.25
258.0 158.75
259.0 71.625
260.0 1.875
261.0 0.0
262.0 0.0
263.0 2.75
264.0 13.875
265.0 12.375
266.0 12.0
267.0 41.875
268.0 70.375
269.0 93.125
270.0 114.625
271.0 113.875
272.0 113.375
273.0 155.0
274.0 137.5
275.0 162.5
276.0 136.25
277.0 110.75
278.0 130.0
279.0 146.25
280.0 163.75
281.0 157.5
282.0 161.25
283.0 155.0
284.0 170.0
285.0 167.5
286.0 195.0
287.0 185.0
288.0 168.75
289.0 160.0
290.0 191.25
291.0 157.5
292.0 161.25
293.0 145.0
294.0 155.0
295.0 161.25
296.0 162.5
297.0 197.5
298.0 167.5
299.0 181.25
300.0 206.25
301.0 186.25
302.0 155.0
303.0 157.5
304.0 163.75
305.0 196.25
306.0 160.0
307.0 185.0
308.0 188.75
309.0 200.0
310.0 188.75
311.0 207.5
312.0 114.25
313.0 162.5
314.0 141.25
315.0 91.375
316.0 109.75
317.0 60.5
318.0 12.875
319.0 7.625
320.0 2.5
321.0 13.375
322.0 13.375
323.0 23.125
324.0 73.375
325.0 66.25
326.0 72.375
327.0 76.375
328.0 67.5
329.0 80.125
330.0 107.625
331.0 88.75
332.0 106.75
333.0 87.0
334.0 68.375
335.0 55.75
336.0 72.75
337.0 66.0
338.0 74.25
339.0 85.125
340.0 88.375
341.0 93.0
342.0 59.25
343.0 66.0
344.0 75.625
345.0 79.625
346.0 70.625
347.0 71.25
348.0 82.0
349.0 109.375
350.0 79.375
351.0 62.0
352.0 85.25
353.0 75.5
354.0 72.125
355.0 85.625
356.0 95.75
357.0 75.375
358.0 84.5
359.0 82.0
360.0 85.375
361.0 86.875
362.0 78.25
363.0 85.0
364.0 83.625
365.0 85.125
366.0 85.875
367.0 85.375
368.0 76.625
369.0 78.75
370.0 74.0
371.0 110.25
372.0 82.375
373.0 111.375
374.0 91.5
375.0 88.25
376.0 94.625
377.0 81.375
378.0 81.875
379.0 86.375
380.0 88.125
381.0 86.0
382.0 81.25
383.0 89.625
384.0 79.875
385.0 86.125
386.0 101.0
387.0 93.25
388.0 74.625
389.0 71.0
390.0 27.125
391.0 75.125
392.0 76.625
393.0 72.5
394.0 79.625
395.0 81.625
396.0 15.625
397.0 13.0
398.0 20.0
399.0 38.5
400.0 55.25
401.0 60.125
402.0 33.125
403.0 12.5
404.0 12.25
405.0 42.5
406.0 54.0
407.0 55.875
408.0 51.125
409.0 67.0
410.0 69.5
411.0 65.875
412.0 57.25
413.0 62.625
414.0 64.125
415.0 65.125
416.0 91.625
417.0 78.125
418.0 92.75
419.0 86.875
420.0 88.875
421.0 83.75
422.0 110.0
423.0 135.0
424.0 92.875
425.0 100.625
426.0 104.125
427.0 120.25
428.0 97.5
429.0 116.375
430.0 103.625
431.0 89.875
432.0 62.375
433.0 89.125
434.0 77.75
435.0 61.25
436.0 15.875
437.0 15.125
438.0 7.25
439.0 10.375
440.0 30.25
441.0 11.625
442.0 18.125
443.0 8.75
444.0 1.0
445.0 7.375
446.0 0.25
447.0 13.625
448.0 11.375
449.0 9.5
450.0 8.75
451.0 14.625
452.0 15.625
453.0 21.625
454.0 19.125
455.0 22.125
456.0 29.875
457.0 37.625
458.0 34.5
459.0 41.0
460.0 49.0
461.0 56.875
462.0 59.875
463.0 66.375
464.0 73.625
465.0 73.875
466.0 68.0
467.0 64.125
468.0 75.0
469.0 68.125
470.0 97.625
471.0 101.875
472.0 67.25
473.0 69.625
474.0 67.25
475.0 68.5
476.0 76.5
477.0 84.625
478.0 74.875
479.0 103.625
480.0 111.5
481.0 112.75
482.0 104.625
483.0 105.75
484.0 99.25
485.0 116.5
486.0 114.5
487.0 82.5
488.0 69.375
489.0 83.625
490.0 105.0
491.0 102.875
492.0 111.625
493.0 107.375
494.0 116.5
495.0 125.0
496.0 127.5
497.0 148.75
498.0 158.75
499.0 142.5
500.0 131.25
501.0 153.75
502.0 119.75
503.0 112.375
504.0 92.375
505.0 86.875
506.0 81.25
507.0 101.875
508.0 117.5
509.0 117.0
510.0 131.25
511.0 126.25
512.0 138.75
513.0 142.5
514.0 128.75
515.0 127.5
516.0 133.75
517.0 113.125
518.0 128.75
519.0 103.0
520.0 102.375
521.0 165.0
522.0 103.875
523.0 136.25
524.0 93.25
525.0 54.625
526.0 94.5
527.0 75.375
528.0 81.75
529.0 35.25
530.0 15.25
531.0 14.75
532.0 13.875
533.0 10.625
534.0 11.75
535.0 12.625
536.0 12.125
537.0 13.5
538.0 11.25
539.0 12.5
540.0 15.375
541.0 11.375
542.0 11.25
543.0 13.0
544.0 11.25
545.0 13.375
546.0 13.0
547.0 13.75
548.0 10.625
549.0 13.125
550.0 14.25
551.0 13.375
552.0 12.875
553.0 13.75
554.0 15.625
555.0 14.5
556.0 11.5
557.0 13.25
558.0 13.25
559.0 14.375
560.0 13.0
561.0 15.125
562.0 14.5
563.0 10.625
564.0 10.0
565.0 14.5
566.0 11.625
567.0 12.875
568.0 15.625
569.0 12.875
570.0 11.0
571.0 15.25
572.0 12.375
573.0 9.75
574.0 11.5
575.0 15.25
576.0 13.625
577.0 11.375
578.0 11.875
579.0 15.625
580.0 10.375
581.0 14.0
582.0 11.0
583.0 15.0
584.0 11.25
585.0 11.125
586.0 14.875
587.0 15.375
588.0 10.125
589.0 11.125
590.0 14.5
591.0 12.0
592.0 12.125
593.0 12.25
594.0 14.5
595.0 13.375
596.0 12.5
597.0 13.25
598.0 11.625
599.0 14.625
600.0 14.25
601.0 14.25
602.0 12.25
603.0 10.75
604.0 12.375
605.0 12.0
606.0 13.375
607.0 11.5
608.0 14.75
609.0 10.25
610.0 15.125
611.0 12.25
612.0 12.875
613.0 15.25
614.0 12.5
615.0 12.5
616.0 14.5
617.0 15.25
618.0 13.75
619.0 10.5
620.0 12.5
621.0 15.625
622.0 13.5
623.0 14.75
624.0 13.625
625.0 11.875
626.0 14.75
627.0 13.0
628.0 14.125
629.0 15.375
630.0 13.0
631.0 13.375
632.0 14.125
633.0 13.375
634.0 13.125
635.0 14.875
636.0 15.5
637.0 13.625
638.0 13.875
639.0 12.75
640.0 55.125
641.0 74.875
642.0 85.125
643.0 42.5
644.0 2.25
645.0 42.375
646.0 56.5
647.0 97.0
648.0 103.875
649.0 135.0
650.0 160.0
651.0 161.25
652.0 127.5
653.0 140.0
654.0 130.0
655.0 147.5
656.0 162.5
657.0 207.5
658.0 138.75
659.0 185.0
660.0 193.75
661.0 128.75
662.0 188.75
663.0 168.75
664.0 211.25
665.0 163.75
666.0 183.75
667.0 201.25
668.0 162.5
669.0 167.5
670.0 165.0
671.0 175.0
672.0 177.5
673.0 158.75
674.0 192.5
675.0 107.5
676.0 177.5
677.0 175.0
678.0 162.5
679.0 167.5
680.0 156.25
681.0 156.25
682.0 146.25
683.0 61.75
684.0 45.0
685.0 12.375
686.0 11.5
687.0 38.375
688.0 1.125
689.0 0.0
690.0 1.875
691.0 1.125
692.0 11.375
693.0 14.0
694.0 86.25
695.0 114.75
696.0 130.0
697.0 5.25
698.0 13.875
699.0 13.75
700.0 22.5
701.0 59.0
702.0 13.875
703.0 3.375
704.0 0.0
705.0 0.0
706.0 0.0
707.0 1.375
708.0 12.25
709.0 13.5
710.0 14.0
711.0 12.25
712.0 12.875
713.0 15.0
714.0 12.75
715.0 14.125
716.0 15.25
717.0 11.875
718.0 13.5
719.0 36.875
720.0 44.625
721.0 39.5
722.0 38.25
723.0 0.0
724.0 0.0
725.0 0.0
726.0 0.0
727.0 0.0
728.0 11.75
729.0 14.0
730.0 12.625
731.0 11.5
732.0 0.75
733.0 1.625
734.0 2.125
735.0 2.25
736.0 7.625
737.0 8.25
738.0 14.75
739.0 25.875
740.0 38.25
741.0 42.25
742.0 74.0
743.0 87.375
744.0 57.625
745.0 90.375
746.0 88.625
747.0 123.375
748.0 15.125
749.0 0.0
750.0 0.0
751.0 11.25
752.0 13.875
753.0 15.375
754.0 15.125
755.0 15.5
756.0 11.875
757.0 14.875
758.0 11.5
759.0 12.875
760.0 15.625
761.0 14.5
762.0 12.625
763.0 13.5
764.0 14.125
765.0 13.875
766.0 11.125
767.0 15.375
768.0 13.0
769.0 12.125
770.0 11.875
771.0 14.125
772.0 14.5
773.0 12.375
774.0 15.375
775.0 15.0
776.0 14.5
777.0 15.375
778.0 14.0
779.0 15.375
780.0 14.5
781.0 13.875
782.0 12.0
783.0 13.5
784.0 14.375
785.0 12.125
786.0 12.625
787.0 12.75
788.0 11.125
789.0 13.75
790.0 11.875
791.0 11.125
792.0 15.625
793.0 11.5
794.0 13.75
795.0 13.125
796.0 11.875
797.0 14.875
798.0 12.125
799.0 12.875
