1.0 12.25
2.0 15.0
3.0 35.25
4.0 60.5
5.0 68.125
6.0 72.375
7.0 83.25
8.0 92.625
9.0 40.5
10.0 6.375
11.0 38.375
12.0 62.25
13.0 77.75
14.0 114.625
15.0 112.5
16.0 121.0
17.0 105.375
18.0 111.0
19.0 106.75
20.0 124.875
21.0 130.0
22.0 130.0
23.0 120.25
24.0 113.125
25.0 64.375
26.0 118.125
27.0 83.5
28.0 170.0
29.0 94.625
30.0 133.75
31.0 92.0
32.0 16.5
33.0 110.625
34.0 106.125
35.0 96.75
36.0 89.375
37.0 105.375
38.0 111.5
39.0 132.5
40.0 106.5
41.0 98.75
42.0 74.375
43.0 74.375
44.0 73.375
45.0 79.0
46.0 82.0
47.0 67.125
48.0 41.625
49.0 61.5
50.0 14.375
51.0 14.5
52.0 61.25
53.0 92.125
54.0 89.5
55.0 99.625
56.0 116.875
57.0 33.75
58.0 11.125
59.0 14.5
60.0 89.125
61.0 92.125
62.0 97.25
63.0 107.75
64.0 111.5
65.0 99.125
66.0 115.375
67.0 115.75
68.0 108.875
69.0 100.5
70.0 50.0
71.0 14.625
72.0 14.125
73.0 39.375
74.0 8.0
75.0 0.0
76.0 0.0
77.0 0.0
78.0 0.0
79.0 1.125
80.0 12.625
81.0 12.0
82.0 14.875
83.0 11.0
84.0 4.625
85.0 1.375
86.0 0.75
87.0 0.125
88.0 0.0
89.0 0.0
90.0 0.0
91.0 0.0
92.0 10.375
93.0 12.625
94.0 26.5
95.0 23.75
96.0 20.625
97.0 17.875
98.0 2.75
99.0 16.25
100.0 19.625
101.0 28.125
102.0 23.875
103.0 9.125
104.0 22.75
105.0 26.75
106.0 10.625
107.0 14.375
108.0 9.375
109.0 87.125
110.0 113.625
111.0 128.75
112.0 146.25
113.0 160.0
114.0 156.25
115.0 177.5
116.0 205.0
117.0 185.0
118.0 162.5
119.0 187.5
120.0 172.5
121.0 147.5
122.0 17.0
123.0 0.0
124.0 0.0
125.0 0.0
126.0 0.0
127.0 0.0
128.0 0.0
129.0 0.0
130.0 0.0
131.0 0.0
132.0 0.0
133.0 0.0
134.0 0.0
135.0 0.0
136.0 0.0
137.0 0.0
138.0 0.0
139.0 0.0
140.0 0.0
141.0 0.0
142.0 0.0
143.0 12.75
144.0 14.375
145.0 14.5
146.0 14.5
147.0 0.0
148.0 0.0
149.0 0.0
150.0 0.0
151.0 0.0
152.0 0.0
153.0 0.0
154.0 0.0
155.0 23.125
156.0 125.0
157.0 151.25
158.0 133.75
159.0 15.125
160.0 12.625
161.0 102.5
162.0 142.5
163.0 147.5
164.0 147.5
165.0 132.5
166.0 131.25
167.0 112.375
168.0 45.75
169.0 0.875
170.0 0.375
171.0 1.375
172.0 11.25
173.0 13.375
174.0 11.875
175.0 12.125
176.0 12.625
177.0 11.625
178.0 13.625
179.0 15.25
180.0 14.75
181.0 12.75
182.0 12.125
183.0 15.5
184.0 15.0
185.0 102.5
186.0 107.25
187.0 102.625
188.0 94.125
189.0 100.125
190.0 91.625
191.0 64.125
192.0 78.25
193.0 98.875
194.0 99.25
195.0 110.125
196.0 120.0
197.0 100.875
198.0 99.25
199.0 132.5
200.0 150.0
201.0 102.625
202.0 133.75
203.0 124.75
204.0 111.125
205.0 109.125
206.0 106.5
207.0 153.75
208.0 172.5
209.0 112.5
210.0 113.625
211.0 101.25
212.0 105.5
213.0 107.875
214.0 118.625
215.0 127.5
216.0 109.375
217.0 120.875
218.0 120.5
219.0 120.125
220.0 107.5
221.0 120.875
222.0 136.25
223.0 153.75
224.0 136.25
225.0 133.75
226.0 143.75
227.0 109.25
228.0 112.375
229.0 103.875
230.0 132.5
231.0 116.625
232.0 26.25
233.0 15.25
234.0 75.875
235.0 102.125
236.0 135.0
237.0 114.75
238.0 143.75
239.0 157.5
240.0 108.875
241.0 157.5
242.0 161.25
243.0 191.25
244.0 161.25
245.0 196.25
246.0 79.5
247.0 121.25
248.0 108.375
249.0 133.75
250.0 132.5
251.0 128.75
252.0 67.125
253.0 5.625
254.0 6.875
255.0 29.125
256.0 62.625
257.0 88.0
258.0 87.0
259.0 3.5
260.0 2.625
261.0 4.375
262.0 4.75
263.0 16.875
264.0 3.625
265.0 8.375
266.0 7.5
267.0 12.375
268.0 9.5
269.0 6.625
270.0 9.25
271.0 4.25
272.0 8.75
273.0 6.625
274.0 10.375
275.0 13.25
276.0 30.625
277.0 49.375
278.0 61.125
279.0 62.875
280.0 74.375
281.0 81.75
282.0 91.25
283.0 80.5
284.0 107.75
285.0 102.375
286.0 108.5
287.0 34.625
288.0 14.0
289.0 29.875
290.0 62.875
291.0 67.75
292.0 91.125
293.0 99.75
294.0 103.25
295.0 107.375
296.0 91.75
297.0 84.5
298.0 92.0
299.0 91.125
300.0 87.75
301.0 88.75
302.0 90.0
303.0 95.125
304.0 72.0
305.0 75.625
306.0 133.75
307.0 110.625
308.0 92.875
309.0 89.0
310.0 95.0
311.0 97.125
312.0 19.25
313.0 10.0
314.0 11.5
315.0 48.875
316.0 9.875
317.0 10.5
318.0 111.0
319.0 101.375
320.0 113.375
321.0 114.25
322.0 102.125
323.0 102.25
324.0 99.375
325.0 97.875
326.0 96.125
327.0 113.25
328.0 99.375
329.0 137.5
330.0 109.875
331.0 175.0
332.0 151.25
333.0 127.5
334.0 124.375
335.0 157.5
336.0 180.0
337.0 187.5
338.0 165.0
339.0 166.25
340.0 171.25
341.0 162.5
342.0 123.875
343.0 136.25
344.0 133.75
345.0 166.25
346.0 157.5
347.0 173.75
348.0 172.5
349.0 152.5
350.0 153.75
351.0 171.25
352.0 156.25
353.0 150.0
354.0 145.0
355.0 17.5
356.0 11.0
357.0 12.625
358.0 14.875
359.0 14.875
360.0 80.5
361.0 147.5
362.0 128.75
363.0 166.25
364.0 113.625
365.0 160.0
366.0 131.25
367.0 175.0
368.0 158.75
369.0 114.75
370.0 111.0
371.0 167.5
372.0 170.0
373.0 126.25
374.0 153.75
375.0 128.75
376.0 95.0
377.0 101.25
378.0 147.5
379.0 137.5
380.0 138.75
381.0 141.25
382.0 117.375
383.0 93.25
384.0 16.75
385.0 81.25
386.0 109.5
387.0 103.125
388.0 132.5
389.0 140.0
390.0 131.25
391.0 152.5
392.0 132.5
393.0 1.375
394.0 12.0
395.0 10.75
396.0 125.0
397.0 160.0
398.0 157.5
399.0 176.25
400.0 180.0
401.0 122.125
402.0 135.0
403.0 138.75
404.0 126.25
405.0 192.5
406.0 170.0
407.0 191.25
408.0 161.25
409.0 163.75
410.0 166.25
411.0 156.25
412.0 157.5
413.0 146.25
414.0 152.5
415.0 155.0
416.0 173.75
417.0 132.5
418.0 156.25
419.0 155.0
420.0 157.5
421.0 163.75
422.0 161.25
423.0 9.75
424.0 15.0
425.0 95.5
426.0 140.0
427.0 114.625
428.0 132.5
429.0 162.5
430.0 146.25
431.0 193.75
432.0 172.5
433.0 157.5
434.0 163.75
435.0 137.5
436.0 147.5
437.0 142.5
438.0 156.25
439.0 150.0
440.0 131.25
441.0 166.25
442.0 118.875
443.0 121.125
444.0 124.125
445.0 114.375
446.0 128.75
447.0 123.875
448.0 116.75
449.0 140.0
450.0 131.25
451.0 113.625
452.0 111.375
453.0 102.0
454.0 116.875
455.0 130.0
456.0 121.875
457.0 15.625
458.0 14.875
459.0 15.25
460.0 26.875
461.0 43.75
462.0 3.75
463.0 14.5
464.0 85.875
465.0 98.5
466.0 97.75
467.0 101.375
468.0 116.875
469.0 112.625
470.0 94.125
471.0 109.125
472.0 112.75
473.0 115.0
474.0 70.25
475.0 17.875
476.0 12.25
477.0 11.375
478.0 14.25
479.0 12.5
480.0 14.375
481.0 13.25
482.0 14.5
483.0 14.125
484.0 9.875
485.0 15.25
486.0 17.625
487.0 36.75
488.0 27.25
489.0 0.0
490.0 0.125
491.0 0.0
492.0 1.875
493.0 13.25
494.0 15.125
495.0 91.125
496.0 91.125
497.0 101.875
498.0 87.25
499.0 95.5
500.0 98.75
501.0 90.25
502.0 89.625
503.0 91.5
504.0 86.25
505.0 75.125
506.0 80.25
507.0 80.625
508.0 91.75
509.0 110.625
510.0 89.25
511.0 91.25
512.0 92.75
513.0 98.25
514.0 78.875
515.0 89.875
516.0 8.75
517.0 3.375
518.0 15.125
519.0 14.5
520.0 47.375
521.0 76.625
522.0 80.625
523.0 82.125
524.0 80.125
525.0 83.75
526.0 72.75
527.0 63.875
528.0 72.125
529.0 95.375
530.0 92.625
531.0 103.625
532.0 83.75
533.0 95.125
534.0 85.875
535.0 76.125
536.0 108.375
537.0 105.625
538.0 100.0
539.0 71.875
540.0 117.5
541.0 122.375
542.0 122.875
543.0 128.75
544.0 111.125
545.0 105.5
546.0 133.75
547.0 131.25
548.0 122.625
549.0 133.75
550.0 115.625
551.0 90.75
552.0 143.75
553.0 148.75
554.0 133.75
555.0 138.75
556.0 161.25
557.0 135.0
558.0 130.0
559.0 155.0
560.0 70.75
561.0 102.75
562.0 114.25
563.0 88.25
564.0 88.75
565.0 71.625
566.0 27.125
567.0 0.5
568.0 1.125
569.0 0.625
570.0 21.375
571.0 15.0
572.0 64.0
573.0 62.875
574.0 103.25
575.0 105.75
576.0 113.625
577.0 103.625
578.0 122.375
579.0 120.875
580.0 121.5
581.0 114.625
582.0 113.875
583.0 118.75
584.0 117.375
585.0 121.125
586.0 137.5
587.0 49.75
588.0 11.125
589.0 100.625
590.0 104.0
591.0 100.0
592.0 0.0
593.0 14.25
594.0 15.5
595.0 51.25
596.0 68.5
597.0 77.375
598.0 84.0
599.0 82.25
600.0 65.25
601.0 69.125
602.0 55.75
603.0 67.5
604.0 82.125
605.0 78.75
606.0 64.375
607.0 79.25
608.0 93.5
609.0 84.875
610.0 81.75
611.0 70.375
612.0 75.875
613.0 87.125
614.0 46.375
615.0 1.5
616.0 0.375
617.0 0.0
618.0 0.875
619.0 15.5
620.0 10.625
621.0 3.75
622.0 5.375
623.0 7.625
624.0 6.375
625.0 9.25
626.0 8.875
627.0 37.125
628.0 43.0
629.0 18.125
630.0 25.25
631.0 25.75
632.0 1.25
633.0 7.0
634.0 9.875
635.0 1.625
636.0 5.0
637.0 2.0
638.0 7.0
639.0 3.625
640.0 0.375
641.0 0.125
642.0 3.75
643.0 2.625
644.0 1.0
645.0 2.875
646.0 3.5
647.0 2.125
648.0 2.25
649.0 1.75
650.0 1.75
651.0 4.75
652.0 6.375
653.0 5.875
654.0 5.5
655.0 13.375
656.0 16.5
657.0 21.75
658.0 12.25
659.0 3.75
660.0 1.375
661.0 6.0
662.0 19.375
663.0 14.875
664.0 1.5
665.0 16.5
666.0 16.875
667.0 16.75
668.0 1.875
669.0 26.0
670.0 29.375
671.0 30.875
672.0 18.5
673.0 41.375
674.0 58.75
675.0 32.25
676.0 3.875
677.0 25.0
678.0 45.0
679.0 20.5
680.0 8.625
681.0 16.75
682.0 25.875
683.0 19.875
684.0 0.0
685.0 0.0
686.0 11.0
687.0 15.625
688.0 15.625
689.0 12.875
690.0 23.75
691.0 28.125
692.0 48.875
693.0 69.625
694.0 60.5
695.0 53.0
696.0 58.5
697.0 54.0
698.0 7.5
699.0 37.0
700.0 55.0
701.0 61.0
702.0 52.875
703.0 53.625
704.0 66.0
705.0 57.875
706.0 29.5
707.0 75.375
708.0 82.75
709.0 77.625
710.0 73.875
711.0 87.375
712.0 89.0
713.0 83.875
714.0 87.875
715.0 63.875
716.0 28.625
717.0 36.25
718.0 63.0
719.0 67.0
720.0 65.125
721.0 65.875
722.0 77.25
723.0 66.25
724.0 69.875
725.0 77.75
726.0 85.125
727.0 81.0
728.0 86.75
729.0 80.625
730.0 82.625
731.0 73.375
732.0 74.125
733.0 64.75
734.0 77.5
735.0 78.375
736.0 75.375
737.0 86.125
738.0 108.25
739.0 86.875
740.0 100.375
741.0 127.5
742.0 130.0
743.0 89.75
744.0 85.625
745.0 99.375
746.0 121.875
747.0 82.5
748.0 101.0
749.0 120.0
750.0 1.375
751.0 14.125
752.0 14.25
753.0 13.0
754.0 11.625
755.0 15.0
756.0 15.25
757.0 12.75
758.0 13.75
759.0 9.875
760.0 10.75
761.0 13.375
762.0 14.5
763.0 14.75
764.0 12.625
765.0 11.375
766.0 12.25
767.0 12.875
768.0 15.5
769.0 11.5
770.0 14.5
771.0 14.625
772.0 13.125
773.0 11.375
774.0 11.5
775.0 14.5
776.0 13.0
777.0 13.25
778.0 14.125
779.0 13.5
780.0 14.0
781.0 14.25
782.0 14.0
783.0 15.25
784.0 15.375
785.0 13.375
786.0 13.875
787.0 14.25
788.0 12.625
789.0 14.5
790.0 12.875
791.0 14.75
792.0 12.375
793.0 11.125
794.0 14.75
795.0 12.5
796.0 10.0
797.0 13.375
798.0 15.0
799.0 15.25
