1.0 35.0
2.0 45.5
3.0 74.0
4.0 32.5
5.0 59.5
6.0 55.0
7.0 56.5
8.0 115.0
9.0 113.5
10.0 125.0
11.0 115.5
12.0 179.0
13.0 199.0
14.0 226.0
15.0 3.5
16.0 226.5
17.0 352.0
18.0 340.5
19.0 272.0
20.0 324.5
21.0 409.5
22.0 470.5
23.0 372.0
24.0 530.0
25.0 440.0
26.0 409.0
27.0 530.0
28.0 510.0
29.0 473.0
30.0 530.0
31.0 575.0
32.0 510.0
33.0 464.5
34.0 472.5
35.0 373.0
36.0 399.0
37.0 570.0
38.0 295.0
39.0 37.5
40.0 61.5
41.0 52.5
42.0 313.0
43.0 14.5
44.0 7.5
45.0 203.0
46.0 340.5
47.0 344.0
48.0 362.0
49.0 27.5
50.0 62.0
51.0 56.5
52.0 420.0
53.0 288.5
54.0 380.0
55.0 371.5
56.0 318.5
57.0 344.0
58.0 371.0
59.0 153.5
60.0 17.0
61.0 3.0
62.0 24.5
63.0 16.5
64.0 6.5
65.0 34.0
66.0 61.0
67.0 59.0
68.0 24.0
69.0 43.0
70.0 29.0
71.0 35.5
72.0 38.0
73.0 21.0
74.0 52.0
75.0 41.0
76.0 222.0
77.0 213.0
78.0 157.5
79.0 213.5
80.0 204.5
81.0 189.5
82.0 217.5
83.0 249.0
84.0 230.5
85.0 204.5
86.0 212.5
87.0 173.0
88.0 40.5
89.0 59.0
90.0 293.0
91.0 289.5
92.0 231.0
93.0 337.0
94.0 319.0
95.0 276.0
96.0 361.0
97.0 373.5
98.0 183.5
99.0 187.5
100.0 357.5
101.0 33.5
102.0 0.0
103.0 0.0
104.0 1.5
105.0 55.5
106.0 61.5
107.0 56.0
108.0 126.5
109.0 414.0
110.0 237.0
111.0 78.0
112.0 27.0
113.0 14.0
114.0 69.0
115.0 52.5
116.0 408.0
117.0 401.5
118.0 327.0
119.0 360.0
120.0 323.0
121.0 167.0
122.0 419.5
123.0 415.0
124.0 448.5
125.0 318.0
126.0 358.0
127.0 198.0
128.0 249.0
129.0 48.5
130.0 222.5
131.0 210.5
132.0 309.5
133.0 319.0
134.0 333.0
135.0 333.5
136.0 35.5
137.0 55.0
138.0 58.5
139.0 368.5
140.0 403.0
141.0 349.0
142.0 283.5
143.0 373.5
144.0 392.5
145.0 443.5
146.0 362.0
147.0 330.5
148.0 63.0
149.0 14.0
150.0 0.0
151.0 19.5
152.0 63.0
153.0 55.0
154.0 45.0
155.0 58.5
156.0 55.0
157.0 148.5
158.0 310.0
159.0 299.0
160.0 396.0
161.0 372.0
162.0 387.0
163.0 389.0
164.0 204.5
165.0 282.5
166.0 477.0
167.0 440.0
168.0 360.0
169.0 373.5
170.0 499.0
171.0 500.0
172.0 327.5
173.0 449.5
174.0 251.5
175.0 216.5
176.0 443.0
177.0 494.5
178.0 462.0
179.0 505.0
180.0 500.0
181.0 474.5
182.0 465.0
183.0 451.5
184.0 430.0
185.0 496.0
186.0 416.0
187.0 473.0
188.0 441.5
189.0 472.5
190.0 505.0
191.0 515.0
192.0 464.5
193.0 414.5
194.0 430.0
195.0 472.5
196.0 453.0
197.0 530.0
198.0 515.0
199.0 645.0
200.0 550.0
201.0 615.0
202.0 605.0
203.0 500.0
204.0 525.0
205.0 505.0
206.0 449.5
207.0 496.5
208.0 198.0
209.0 77.5
210.0 44.5
211.0 489.5
212.0 570.0
213.0 369.5
214.0 453.5
215.0 464.0
216.0 413.5
217.0 520.0
218.0 479.0
219.0 364.5
220.0 102.5
221.0 425.5
222.0 369.0
223.0 350.5
224.0 272.5
225.0 343.5
226.0 181.0
227.0 118.0
228.0 19.5
229.0 27.0
230.0 37.0
231.0 53.5
232.0 30.0
233.0 31.5
234.0 34.5
235.0 142.5
236.0 123.5
237.0 31.5
238.0 32.0
239.0 176.0
240.0 141.0
241.0 61.5
242.0 44.5
243.0 23.0
244.0 13.5
245.0 26.5
246.0 19.5
247.0 7.0
248.0 18.0
249.0 6.0
250.0 15.0
251.0 10.5
252.0 11.0
253.0 9.0
254.0 8.5
255.0 10.5
256.0 10.0
257.0 10.0
258.0 5.5
259.0 12.0
260.0 9.0
261.0 3.5
262.0 11.5
263.0 9.5
264.0 14.5
265.0 45.5
266.0 58.5
267.0 58.0
268.0 52.5
269.0 62.0
270.0 69.0
271.0 56.0
272.0 70.0
273.0 67.5
274.0 76.0
275.0 75.5
276.0 84.5
277.0 110.0
278.0 104.5
279.0 149.0
280.0 162.5
281.0 186.5
282.0 185.0
283.0 255.5
284.0 350.5
285.0 296.0
286.0 324.0
287.0 291.5
288.0 18.0
289.0 57.0
290.0 387.5
291.0 339.0
292.0 400.5
293.0 545.0
294.0 585.0
295.0 635.0
296.0 765.0
297.0 840.0
298.0 875.0
299.0 850.0
300.0 860.0
301.0 795.0
302.0 890.0
303.0 820.0
304.0 840.0
305.0 725.0
306.0 745.0
307.0 820.0
308.0 775.0
309.0 111.0
310.0 57.0
311.0 40.5
312.0 680.0
313.0 690.0
314.0 725.0
315.0 715.0
316.0 750.0
317.0 700.0
318.0 645.0
319.0 625.0
320.0 590.0
321.0 590.0
322.0 515.0
323.0 705.0
324.0 500.0
325.0 735.0
326.0 615.0
327.0 441.5
328.0 535.0
329.0 495.0
330.0 489.0
331.0 470.5
332.0 467.0
333.0 520.0
334.0 505.0
335.0 368.0
336.0 203.0
337.0 312.0
338.0 410.0
339.0 311.0
340.0 367.5
341.0 350.0
342.0 384.0
343.0 382.5
344.0 479.5
345.0 419.5
346.0 367.0
347.0 382.5
348.0 371.0
349.0 377.0
350.0 67.5
351.0 143.5
352.0 125.5
353.0 296.0
354.0 108.5
355.0 8.0
356.0 0.0
357.0 54.0
358.0 60.0
359.0 44.0
360.0 59.5
361.0 55.0
362.0 192.0
363.0 51.0
364.0 57.0
365.0 241.5
366.0 326.5
367.0 407.0
368.0 450.5
369.0 382.0
370.0 545.0
371.0 525.0
372.0 492.5
373.0 615.0
374.0 595.0
375.0 630.0
376.0 625.0
377.0 465.0
378.0 700.0
379.0 685.0
380.0 705.0
381.0 770.0
382.0 840.0
383.0 610.0
384.0 760.0
385.0 775.0
386.0 830.0
387.0 760.0
388.0 655.0
389.0 775.0
390.0 755.0
391.0 785.0
392.0 800.0
393.0 685.0
394.0 730.0
395.0 700.0
396.0 710.0
397.0 740.0
398.0 720.0
399.0 655.0
400.0 680.0
401.0 650.0
402.0 620.0
403.0 489.5
404.0 580.0
405.0 635.0
406.0 600.0
407.0 670.0
408.0 610.0
409.0 525.0
410.0 635.0
411.0 720.0
412.0 700.0
413.0 655.0
414.0 555.0
415.0 630.0
416.0 555.0
417.0 690.0
418.0 615.0
419.0 655.0
420.0 600.0
421.0 645.0
422.0 253.0
423.0 54.5
424.0 56.5
425.0 45.0
426.0 42.0
427.0 55.5
428.0 61.0
429.0 44.0
430.0 71.0
431.0 118.5
432.0 124.5
433.0 150.0
434.0 186.5
435.0 195.5
436.0 199.5
437.0 148.5
438.0 201.0
439.0 121.5
440.0 117.0
441.0 199.5
442.0 105.0
443.0 107.0
444.0 107.5
445.0 85.5
446.0 140.5
447.0 131.5
448.0 162.5
449.0 142.5
450.0 186.5
451.0 172.5
452.0 186.0
453.0 177.0
454.0 92.0
455.0 191.5
456.0 74.0
457.0 5.5
458.0 7.0
459.0 27.0
460.0 23.5
461.0 49.5
462.0 56.0
463.0 146.5
464.0 223.0
465.0 243.5
466.0 247.0
467.0 155.5
468.0 284.0
469.0 314.5
470.0 342.5
471.0 370.0
472.0 387.5
473.0 423.0
474.0 453.0
475.0 470.0
476.0 495.0
477.0 530.0
478.0 525.0
479.0 585.0
480.0 530.0
481.0 535.0
482.0 600.0
483.0 565.0
484.0 730.0
485.0 735.0
486.0 650.0
487.0 750.0
488.0 815.0
489.0 675.0
490.0 710.0
491.0 730.0
492.0 835.0
493.0 755.0
494.0 930.0
495.0 915.0
496.0 905.0
497.0 845.0
498.0 705.0
499.0 540.0
500.0 530.0
501.0 496.0
502.0 540.0
503.0 398.0
504.0 170.5
505.0 158.5
506.0 362.0
507.0 191.5
508.0 312.5
509.0 100.5
510.0 68.0
511.0 73.5
512.0 61.5
513.0 71.0
514.0 67.0
515.0 103.5
516.0 87.5
517.0 46.5
518.0 61.0
519.0 55.0
520.0 356.0
521.0 121.5
522.0 52.0
523.0 50.5
524.0 344.5
525.0 355.0
526.0 412.5
527.0 464.0
528.0 446.5
529.0 482.5
530.0 452.0
531.0 464.5
532.0 525.0
533.0 575.0
534.0 610.0
535.0 625.0
536.0 655.0
537.0 550.0
538.0 710.0
539.0 690.0
540.0 835.0
541.0 725.0
542.0 850.0
543.0 850.0
544.0 750.0
545.0 570.0
546.0 560.0
547.0 63.0
548.0 93.5
549.0 93.5
550.0 53.5
551.0 457.5
552.0 555.0
553.0 510.0
554.0 725.0
555.0 605.0
556.0 695.0
557.0 745.0
558.0 715.0
559.0 750.0
560.0 805.0
561.0 795.0
562.0 745.0
563.0 745.0
564.0 775.0
565.0 650.0
566.0 615.0
567.0 670.0
568.0 660.0
569.0 590.0
570.0 670.0
571.0 690.0
572.0 760.0
573.0 660.0
574.0 645.0
575.0 645.0
576.0 620.0
577.0 555.0
578.0 585.0
579.0 6.0
580.0 60.0
581.0 44.0
582.0 60.0
583.0 53.0
584.0 57.0
585.0 220.0
586.0 309.0
587.0 373.0
588.0 413.5
589.0 440.0
590.0 473.5
591.0 282.0
592.0 403.0
593.0 655.0
594.0 610.0
595.0 640.0
596.0 610.0
597.0 765.0
598.0 725.0
599.0 715.0
600.0 545.0
601.0 545.0
602.0 550.0
603.0 540.0
604.0 525.0
605.0 299.0
606.0 535.0
607.0 450.0
608.0 443.0
609.0 550.0
610.0 487.5
611.0 510.0
612.0 540.0
613.0 442.5
614.0 585.0
615.0 660.0
616.0 645.0
617.0 670.0
618.0 560.0
619.0 510.0
620.0 445.0
621.0 376.0
622.0 382.0
623.0 323.0
624.0 348.5
625.0 368.5
626.0 400.0
627.0 371.5
628.0 520.0
629.0 472.5
630.0 416.0
631.0 477.5
632.0 457.0
633.0 410.5
634.0 440.5
635.0 353.5
636.0 321.0
637.0 382.5
638.0 436.5
639.0 370.0
640.0 383.5
641.0 439.0
642.0 438.0
643.0 440.0
644.0 443.5
645.0 419.5
646.0 451.0
647.0 325.0
648.0 302.5
649.0 336.0
650.0 457.0
651.0 375.0
652.0 347.5
653.0 460.0
654.0 384.0
655.0 409.0
656.0 319.0
657.0 297.0
658.0 287.5
659.0 319.0
660.0 371.5
661.0 349.5
662.0 359.0
663.0 386.5
664.0 235.0
665.0 304.5
666.0 353.5
667.0 360.5
668.0 329.5
669.0 325.5
670.0 384.5
671.0 399.5
672.0 316.0
673.0 174.0
674.0 81.5
675.0 349.0
676.0 287.0
677.0 256.0
678.0 59.5
679.0 98.5
680.0 49.5
681.0 58.5
682.0 57.5
683.0 62.5
684.0 47.5
685.0 62.0
686.0 51.0
687.0 50.5
688.0 52.0
689.0 55.5
690.0 55.0
691.0 57.5
692.0 45.5
693.0 48.0
694.0 54.0
695.0 50.0
696.0 91.0
697.0 130.5
698.0 177.0
699.0 212.5
700.0 224.0
701.0 232.5
702.0 249.0
703.0 248.5
704.0 289.0
705.0 285.0
706.0 286.0
707.0 331.0
708.0 332.0
709.0 308.0
710.0 294.5
711.0 388.0
712.0 404.5
713.0 397.5
714.0 397.5
715.0 379.5
716.0 405.5
717.0 449.5
718.0 362.0
719.0 354.5
720.0 412.5
721.0 415.0
722.0 298.0
723.0 347.0
724.0 358.5
725.0 296.5
726.0 311.0
727.0 215.5
728.0 286.0
729.0 291.5
730.0 294.5
731.0 296.0
732.0 300.0
733.0 296.0
734.0 344.5
735.0 344.5
736.0 345.0
737.0 314.5
738.0 367.0
739.0 369.0
740.0 346.5
741.0 349.5
742.0 347.0
743.0 386.5
744.0 330.0
745.0 367.5
746.0 397.5
747.0 406.5
748.0 101.5
749.0 52.5
750.0 60.0
751.0 48.5
752.0 60.5
753.0 58.0
754.0 49.5
755.0 314.5
756.0 322.0
