1.0 5.0
2.0 2.125
3.0 1.875
4.0 2.0
5.0 13.5
6.0 12.75
7.0 11.5
8.0 13.0
9.0 12.5
10.0 13.75
11.0 12.75
12.0 12.5
13.0 15.25
14.0 15.0
15.0 13.625
16.0 11.375
17.0 13.75
18.0 10.75
19.0 15.5
20.0 15.375
21.0 15.625
22.0 12.25
23.0 13.75
24.0 14.25
25.0 12.5
26.0 13.25
27.0 15.25
28.0 10.875
29.0 9.75
30.0 14.75
31.0 15.25
32.0 12.375
33.0 13.5
34.0 11.75
35.0 14.0
36.0 15.125
37.0 15.625
38.0 13.625
39.0 12.75
40.0 12.0
41.0 14.625
42.0 15.375
43.0 11.625
44.0 13.625
45.0 14.5
46.0 11.375
47.0 13.5
48.0 12.625
49.0 14.875
50.0 13.25
51.0 15.5
52.0 10.125
53.0 10.0
54.0 5.875
55.0 7.5
56.0 8.875
57.0 10.75
58.0 12.5
59.0 20.75
60.0 24.5
61.0 35.125
62.0 38.75
63.0 52.5
64.0 66.5
65.0 51.0
66.0 53.75
67.0 65.0
68.0 64.625
69.0 53.75
70.0 55.5
71.0 57.125
72.0 75.375
73.0 50.375
74.0 60.0
75.0 70.625
76.0 65.625
77.0 71.625
78.0 66.875
79.0 81.75
80.0 58.75
81.0 73.5
82.0 82.5
83.0 84.0
84.0 84.5
85.0 72.625
86.0 93.0
87.0 74.125
88.0 95.625
89.0 63.25
90.0 78.625
91.0 102.0
92.0 108.375
93.0 96.25
94.0 84.0
95.0 78.5
96.0 58.125
97.0 36.375
98.0 52.875
99.0 63.625
100.0 58.0
101.0 64.5
102.0 65.875
103.0 70.625
104.0 15.125
105.0 50.625
106.0 44.375
107.0 56.5
108.0 60.25
109.0 62.375
110.0 52.625
111.0 56.0
112.0 70.875
113.0 62.25
114.0 54.625
115.0 65.25
116.0 48.5
117.0 50.25
118.0 19.5
119.0 19.375
120.0 40.5
121.0 24.625
122.0 14.25
123.0 25.25
124.0 27.5
125.0 31.0
126.0 34.375
127.0 34.375
128.0 41.625
129.0 36.125
130.0 26.0
131.0 18.875
132.0 5.125
133.0 0.75
134.0 12.375
135.0 12.75
136.0 10.125
137.0 24.25
138.0 24.875
139.0 28.875
140.0 24.375
141.0 33.875
142.0 35.875
143.0 37.375
144.0 42.625
145.0 41.0
146.0 44.25
147.0 38.5
148.0 56.125
149.0 57.0
150.0 59.25
151.0 71.75
152.0 87.5
153.0 90.0
154.0 84.875
155.0 91.875
156.0 70.25
157.0 87.375
158.0 92.0
159.0 91.625
160.0 109.125
161.0 99.375
162.0 92.75
163.0 99.0
164.0 94.625
165.0 110.75
166.0 90.125
167.0 100.0
168.0 96.25
169.0 79.75
170.0 94.0
171.0 96.125
172.0 88.875
173.0 93.125
174.0 94.875
175.0 108.25
176.0 113.0
177.0 105.625
178.0 97.5
179.0 85.0
180.0 90.625
181.0 103.375
182.0 91.375
183.0 106.5
184.0 118.25
185.0 127.5
186.0 150.0
187.0 115.125
188.0 125.0
189.0 116.875
190.0 111.375
191.0 93.875
192.0 123.0
193.0 123.875
194.0 116.875
195.0 87.125
196.0 102.75
197.0 122.0
198.0 121.5
199.0 112.75
200.0 123.875
201.0 126.25
202.0 115.5
203.0 106.25
204.0 117.125
205.0 126.25
206.0 113.125
207.0 102.375
208.0 132.5
209.0 124.125
210.0 126.25
211.0 132.5
212.0 140.0
213.0 142.5
214.0 138.75
215.0 142.5
216.0 148.75
217.0 113.5
218.0 168.75
219.0 122.375
220.0 106.5
221.0 113.25
222.0 68.375
223.0 1.5
224.0 12.125
225.0 19.375
226.0 2.125
227.0 0.125
228.0 14.75
229.0 79.375
230.0 122.5
231.0 132.5
232.0 141.25
233.0 157.5
234.0 165.0
235.0 181.25
236.0 196.25
237.0 186.25
238.0 131.25
239.0 183.75
240.0 180.0
241.0 187.5
242.0 170.0
243.0 147.5
244.0 50.875
245.0 80.75
246.0 71.5
247.0 81.125
248.0 86.375
249.0 71.625
250.0 73.125
251.0 59.5
252.0 81.25
253.0 29.125
254.0 2.0
255.0 56.125
256.0 54.875
257.0 66.125
258.0 49.125
259.0 45.625
260.0 75.75
261.0 72.0
262.0 61.25
263.0 60.5
264.0 19.0
265.0 29.75
266.0 43.5
267.0 16.625
268.0 22.375
269.0 2.125
270.0 0.375
271.0 5.5
272.0 5.25
273.0 1.875
274.0 14.25
275.0 15.25
276.0 30.125
277.0 34.0
278.0 38.625
279.0 51.875
280.0 53.875
281.0 50.25
282.0 62.5
283.0 64.625
284.0 75.125
285.0 73.875
286.0 74.25
287.0 70.0
288.0 84.375
289.0 105.0
290.0 104.0
291.0 112.5
292.0 135.0
293.0 131.25
294.0 158.75
295.0 170.0
296.0 147.5
297.0 160.0
298.0 185.0
299.0 176.25
300.0 168.75
301.0 168.75
302.0 151.25
303.0 143.75
304.0 126.25
305.0 118.5
306.0 143.75
307.0 138.75
308.0 121.125
309.0 97.5
310.0 104.125
311.0 115.625
312.0 116.875
313.0 70.625
314.0 13.625
315.0 3.0
316.0 15.125
317.0 49.625
318.0 79.25
319.0 55.875
320.0 53.125
321.0 59.625
322.0 66.125
323.0 62.625
324.0 59.0
325.0 41.0
326.0 3.75
327.0 0.125
328.0 15.0
329.0 12.75
330.0 41.875
331.0 56.25
332.0 49.0
333.0 62.25
334.0 51.125
335.0 56.625
336.0 57.25
337.0 55.875
338.0 44.0
339.0 63.375
340.0 60.5
341.0 85.0
342.0 62.875
343.0 73.125
344.0 65.0
345.0 77.5
346.0 64.375
347.0 56.75
348.0 68.375
349.0 69.625
350.0 51.25
351.0 81.375
352.0 60.125
353.0 67.75
354.0 80.0
355.0 81.125
356.0 76.375
357.0 68.125
358.0 73.25
359.0 64.375
360.0 91.5
361.0 71.625
362.0 73.0
363.0 76.125
364.0 73.75
365.0 88.0
366.0 69.5
367.0 80.125
368.0 68.375
369.0 85.375
370.0 75.875
371.0 55.0
372.0 74.5
373.0 74.625
374.0 79.5
375.0 86.625
376.0 79.25
377.0 90.0
378.0 93.75
379.0 119.625
380.0 85.375
381.0 65.75
382.0 76.375
383.0 62.75
384.0 75.125
385.0 86.75
386.0 105.625
387.0 80.75
388.0 79.0
389.0 68.375
390.0 77.625
391.0 74.625
392.0 78.5
393.0 88.75
394.0 88.5
395.0 71.625
396.0 94.125
397.0 101.25
398.0 95.125
399.0 97.625
400.0 82.875
401.0 68.25
402.0 74.75
403.0 76.125
404.0 88.75
405.0 77.625
406.0 88.25
407.0 104.75
408.0 91.75
409.0 95.25
410.0 79.25
411.0 101.75
412.0 77.875
413.0 79.25
414.0 93.625
415.0 95.5
416.0 109.125
417.0 106.75
418.0 112.5
419.0 98.5
420.0 106.5
421.0 124.875
422.0 106.25
423.0 115.0
424.0 95.75
425.0 100.5
426.0 82.5
427.0 92.875
428.0 103.25
429.0 97.0
430.0 87.25
431.0 79.375
432.0 95.25
433.0 99.125
434.0 77.125
435.0 71.125
436.0 6.0
437.0 49.875
438.0 43.875
439.0 39.5
440.0 0.5
441.0 0.0
442.0 9.625
443.0 14.125
444.0 11.25
445.0 27.0
446.0 25.125
447.0 38.375
448.0 41.125
449.0 36.125
450.0 52.5
451.0 38.25
452.0 38.0
453.0 46.125
454.0 43.0
455.0 55.75
456.0 50.75
457.0 60.0
458.0 56.375
459.0 76.25
460.0 83.5
461.0 105.125
462.0 90.25
463.0 106.625
464.0 110.5
465.0 136.25
466.0 147.5
467.0 135.0
468.0 123.625
469.0 125.0
470.0 137.5
471.0 126.25
472.0 138.75
473.0 156.25
474.0 165.0
475.0 172.5
476.0 138.75
477.0 173.75
478.0 171.25
479.0 141.25
480.0 120.0
481.0 122.25
482.0 122.875
483.0 128.75
484.0 123.125
485.0 132.5
486.0 171.25
487.0 151.25
488.0 142.5
489.0 152.5
490.0 138.75
491.0 135.0
492.0 135.0
493.0 140.0
494.0 133.75
495.0 155.0
496.0 175.0
497.0 146.25
498.0 153.75
499.0 141.25
500.0 158.75
501.0 151.25
502.0 141.25
503.0 141.25
504.0 115.75
505.0 130.0
506.0 150.0
507.0 163.75
508.0 131.25
509.0 135.0
510.0 151.25
511.0 132.5
512.0 163.75
513.0 147.5
514.0 133.75
515.0 98.875
516.0 103.625
517.0 103.375
518.0 157.5
519.0 132.5
520.0 96.625
521.0 109.5
522.0 127.5
523.0 105.5
524.0 109.25
525.0 145.0
526.0 121.0
527.0 113.75
528.0 131.25
529.0 138.75
530.0 143.75
531.0 118.25
532.0 124.375
533.0 107.0
534.0 124.125
535.0 92.5
536.0 41.875
537.0 62.875
538.0 73.375
539.0 65.875
540.0 77.5
541.0 92.25
542.0 41.375
543.0 0.75
544.0 13.125
545.0 14.25
546.0 13.875
547.0 15.375
548.0 15.625
549.0 13.875
550.0 12.625
551.0 13.375
552.0 12.75
553.0 15.125
554.0 14.875
555.0 13.75
556.0 14.75
557.0 15.25
558.0 13.875
559.0 14.125
560.0 10.25
561.0 11.125
562.0 15.5
563.0 11.875
564.0 15.5
565.0 15.5
566.0 13.5
567.0 15.625
568.0 13.625
569.0 13.0
570.0 15.375
571.0 15.0
572.0 15.125
573.0 13.75
574.0 10.75
575.0 11.625
576.0 12.25
577.0 10.125
578.0 12.875
579.0 14.875
580.0 13.0
581.0 14.25
582.0 13.25
583.0 15.625
584.0 10.5
585.0 13.125
586.0 14.25
587.0 13.375
588.0 12.125
589.0 15.375
590.0 14.0
591.0 14.875
592.0 13.625
593.0 14.25
594.0 12.5
595.0 11.625
596.0 13.375
597.0 14.0
598.0 15.125
599.0 10.75
600.0 14.125
601.0 14.0
602.0 14.0
603.0 14.75
604.0 14.0
605.0 11.5
606.0 13.5
607.0 13.5
608.0 12.5
609.0 11.375
610.0 14.625
611.0 11.375
612.0 15.25
613.0 12.875
614.0 11.875
615.0 13.25
616.0 14.625
617.0 10.875
618.0 13.75
619.0 15.375
620.0 10.25
621.0 11.625
622.0 15.5
623.0 15.25
624.0 12.0
625.0 14.375
626.0 12.625
627.0 15.625
628.0 11.875
629.0 13.625
630.0 13.75
631.0 11.75
632.0 13.25
633.0 11.5
634.0 11.75
635.0 10.875
636.0 12.125
637.0 12.75
638.0 15.0
639.0 13.25
640.0 15.375
641.0 14.0
642.0 14.5
643.0 15.0
644.0 14.875
645.0 13.625
646.0 14.875
647.0 13.75
648.0 14.875
649.0 15.375
650.0 14.75
651.0 10.375
652.0 15.0
653.0 15.625
654.0 15.625
655.0 12.25
656.0 14.0
657.0 12.25
658.0 12.875
659.0 28.125
660.0 32.375
661.0 45.5
662.0 46.875
663.0 49.875
664.0 52.375
665.0 29.875
666.0 82.5
667.0 114.375
668.0 128.75
669.0 135.0
670.0 133.75
671.0 166.25
672.0 157.5
673.0 165.0
674.0 171.25
675.0 168.75
676.0 176.25
677.0 205.0
678.0 213.75
679.0 207.5
680.0 188.75
681.0 158.75
682.0 128.75
683.0 200.0
684.0 163.75
685.0 155.0
686.0 192.5
687.0 205.0
688.0 142.5
689.0 106.875
690.0 143.75
691.0 111.625
692.0 141.25
693.0 104.0
694.0 58.875
695.0 37.625
696.0 71.625
697.0 5.5
698.0 2.875
699.0 0.875
700.0 0.0
701.0 12.25
702.0 12.875
703.0 12.625
704.0 15.0
705.0 13.25
706.0 12.875
707.0 11.0
708.0 13.5
709.0 42.25
710.0 105.125
711.0 67.75
712.0 0.0
713.0 0.0
714.0 2.0
715.0 14.625
716.0 15.5
717.0 14.0
718.0 14.5
719.0 1.875
720.0 0.5
721.0 0.0
722.0 0.375
723.0 1.25
724.0 11.0
725.0 10.125
726.0 14.625
727.0 11.625
728.0 13.875
729.0 12.875
730.0 13.75
731.0 26.875
732.0 55.25
733.0 86.25
734.0 3.625
735.0 0.0
736.0 9.375
737.0 12.125
738.0 15.5
739.0 12.25
740.0 12.5
741.0 15.125
742.0 14.875
743.0 11.75
744.0 114.75
745.0 122.75
746.0 133.75
747.0 130.0
748.0 127.5
749.0 116.125
750.0 77.75
751.0 107.25
752.0 36.75
753.0 47.625
754.0 56.75
755.0 18.625
756.0 0.125
757.0 0.125
758.0 0.0
759.0 0.0
760.0 0.0
761.0 0.0
762.0 0.125
763.0 10.25
764.0 15.0
765.0 11.75
766.0 12.125
767.0 15.125
768.0 14.875
769.0 14.875
770.0 14.375
771.0 12.0
772.0 13.875
773.0 14.125
774.0 15.375
775.0 15.5
776.0 14.25
777.0 13.25
778.0 12.625
779.0 15.625
780.0 15.375
781.0 14.25
782.0 14.125
783.0 14.125
784.0 15.625
785.0 15.0
786.0 12.75
787.0 14.25
788.0 11.125
789.0 13.375
790.0 14.5
791.0 11.25
792.0 12.0
793.0 14.25
794.0 12.75
795.0 13.625
