1.0 137.5
2.0 155.0
3.0 152.5
4.0 161.25
5.0 157.5
6.0 163.75
7.0 176.25
8.0 172.5
9.0 158.75
10.0 192.5
11.0 182.5
12.0 158.75
13.0 160.0
14.0 165.0
15.0 182.5
16.0 187.5
17.0 135.0
18.0 140.0
19.0 176.25
20.0 146.25
21.0 84.625
22.0 51.375
23.0 39.375
24.0 75.0
25.0 72.25
26.0 55.75
27.0 39.5
28.0 20.5
29.0 14.625
30.0 10.625
31.0 14.625
32.0 14.875
33.0 42.625
34.0 89.375
35.0 98.875
36.0 117.5
37.0 105.125
38.0 98.875
39.0 89.25
40.0 102.75
41.0 117.375
42.0 98.625
43.0 103.25
44.0 122.625
45.0 108.375
46.0 13.25
47.0 14.125
48.0 86.625
49.0 145.0
50.0 171.25
51.0 170.0
52.0 180.0
53.0 175.0
54.0 177.5
55.0 141.25
56.0 173.75
57.0 151.25
58.0 165.0
59.0 147.5
60.0 152.5
61.0 160.0
62.0 192.5
63.0 177.5
64.0 203.75
65.0 177.5
66.0 147.5
67.0 171.25
68.0 180.0
69.0 115.875
70.0 101.5
71.0 119.875
72.0 118.125
73.0 110.375
74.0 104.625
75.0 106.125
76.0 104.375
77.0 111.375
78.0 119.75
79.0 109.875
80.0 116.0
81.0 105.5
82.0 128.75
83.0 127.5
84.0 125.0
85.0 110.375
86.0 120.75
87.0 109.25
88.0 111.75
89.0 94.5
90.0 113.25
91.0 106.625
92.0 99.375
93.0 136.25
94.0 107.0
95.0 85.625
96.0 74.5
97.0 40.625
98.0 104.0
99.0 66.25
100.0 15.125
101.0 14.0
102.0 96.5
103.0 117.0
104.0 127.5
105.0 133.75
106.0 166.25
107.0 110.5
108.0 124.875
109.0 156.25
110.0 163.75
111.0 160.0
112.0 140.0
113.0 122.125
114.0 143.75
115.0 108.5
116.0 63.375
117.0 183.75
118.0 172.5
119.0 162.5
120.0 128.75
121.0 161.25
122.0 150.0
123.0 170.0
124.0 158.75
125.0 153.75
126.0 128.75
127.0 131.25
128.0 152.5
129.0 153.75
130.0 126.25
131.0 160.0
132.0 150.0
133.0 136.25
134.0 166.25
135.0 116.125
136.0 117.0
137.0 104.25
138.0 126.25
139.0 126.25
140.0 75.75
141.0 97.625
142.0 92.5
143.0 86.125
144.0 86.75
145.0 79.25
146.0 79.125
147.0 74.875
148.0 62.625
149.0 47.625
150.0 18.0
151.0 23.25
152.0 45.25
153.0 27.25
154.0 13.75
155.0 10.5
156.0 11.625
157.0 12.875
158.0 7.875
159.0 34.0
160.0 40.5
161.0 45.5
162.0 49.0
163.0 70.0
164.0 64.5
165.0 65.625
166.0 69.875
167.0 96.875
168.0 80.625
169.0 103.375
170.0 85.25
171.0 95.375
172.0 107.5
173.0 81.25
174.0 103.875
175.0 67.0
176.0 79.25
177.0 93.625
178.0 92.125
179.0 119.25
180.0 78.0
181.0 95.75
182.0 107.125
183.0 113.25
184.0 103.375
185.0 127.5
186.0 112.875
187.0 94.375
188.0 94.875
189.0 103.25
190.0 123.375
191.0 130.0
192.0 132.5
193.0 150.0
194.0 151.25
195.0 166.25
196.0 188.75
197.0 181.25
198.0 151.25
199.0 127.5
200.0 112.375
201.0 98.0
202.0 99.125
203.0 92.375
204.0 81.375
205.0 79.0
206.0 64.375
207.0 2.875
208.0 14.375
209.0 13.375
210.0 21.5
211.0 142.5
212.0 170.0
213.0 182.5
214.0 186.25
215.0 178.75
216.0 160.0
217.0 171.25
218.0 190.0
219.0 176.25
220.0 148.75
221.0 170.0
222.0 147.5
223.0 145.0
224.0 171.25
225.0 166.25
226.0 192.5
227.0 175.0
228.0 150.0
229.0 152.5
230.0 150.0
231.0 74.5
232.0 51.5
233.0 31.875
234.0 22.75
235.0 2.625
236.0 30.625
237.0 82.75
238.0 23.75
239.0 56.625
240.0 27.0
241.0 2.625
242.0 3.125
243.0 19.0
244.0 24.875
245.0 50.5
246.0 15.875
247.0 3.5
248.0 10.5
249.0 9.5
250.0 33.125
251.0 53.875
252.0 60.75
253.0 67.5
254.0 77.75
255.0 83.5
256.0 92.5
257.0 101.875
258.0 98.125
259.0 93.5
260.0 107.625
261.0 130.0
262.0 142.5
263.0 141.25
264.0 131.25
265.0 156.25
266.0 126.25
267.0 124.5
268.0 131.25
269.0 123.125
270.0 133.75
271.0 120.125
272.0 122.375
273.0 126.25
274.0 131.25
275.0 124.125
276.0 158.75
277.0 120.875
278.0 120.75
279.0 120.625
280.0 117.75
281.0 124.375
282.0 118.875
283.0 120.5
284.0 123.25
285.0 119.375
286.0 123.625
287.0 123.5
288.0 131.25
289.0 106.5
290.0 109.875
291.0 140.0
292.0 111.5
293.0 114.75
294.0 130.0
295.0 148.75
296.0 153.75
297.0 152.5
298.0 136.25
299.0 122.75
300.0 74.25
301.0 1.125
302.0 0.0
303.0 1.375
304.0 13.375
305.0 14.125
306.0 31.875
307.0 92.375
308.0 109.25
309.0 115.75
310.0 103.625
311.0 106.75
312.0 106.375
313.0 112.125
314.0 99.25
315.0 99.5
316.0 95.25
317.0 110.375
318.0 102.0
319.0 121.0
320.0 97.875
321.0 93.625
322.0 96.5
323.0 120.875
324.0 106.75
325.0 92.375
326.0 92.875
327.0 84.0
328.0 102.875
329.0 102.125
330.0 119.875
331.0 99.125
332.0 120.125
333.0 130.0
334.0 117.125
335.0 118.5
336.0 126.25
337.0 137.5
338.0 123.75
339.0 114.0
340.0 130.0
341.0 117.125
342.0 141.25
343.0 114.5
344.0 96.375
345.0 43.875
346.0 116.75
347.0 123.75
348.0 130.0
349.0 122.125
350.0 135.0
351.0 158.75
352.0 140.0
353.0 135.0
354.0 109.25
355.0 146.25
356.0 122.875
357.0 140.0
358.0 140.0
359.0 175.0
360.0 155.0
361.0 157.5
362.0 153.75
363.0 160.0
364.0 193.75
365.0 177.5
366.0 135.0
367.0 147.5
368.0 151.25
369.0 147.5
370.0 146.25
371.0 153.75
372.0 162.5
373.0 173.75
374.0 170.0
375.0 180.0
376.0 168.75
377.0 185.0
378.0 165.0
379.0 171.25
380.0 153.75
381.0 126.25
382.0 107.625
383.0 109.125
384.0 111.0
385.0 125.0
386.0 110.125
387.0 135.0
388.0 123.875
389.0 84.375
390.0 98.875
391.0 97.125
392.0 89.0
393.0 74.0
394.0 95.25
395.0 12.75
396.0 0.25
397.0 1.0
398.0 15.5
399.0 14.375
400.0 15.375
401.0 15.125
402.0 13.375
403.0 10.75
404.0 5.625
405.0 6.0
406.0 12.875
407.0 7.125
408.0 12.75
409.0 15.625
410.0 13.875
411.0 58.125
412.0 66.5
413.0 89.875
414.0 88.375
415.0 83.625
416.0 105.375
417.0 83.5
418.0 89.0
419.0 94.875
420.0 96.5
421.0 25.375
422.0 14.125
423.0 14.875
424.0 60.25
425.0 111.125
426.0 123.5
427.0 123.0
428.0 112.625
429.0 112.125
430.0 143.75
431.0 127.5
432.0 15.0
433.0 13.75
434.0 51.75
435.0 121.625
436.0 137.5
437.0 121.25
438.0 133.75
439.0 150.0
440.0 119.625
441.0 14.75
442.0 14.25
443.0 10.375
444.0 10.75
445.0 9.375
446.0 26.5
447.0 52.5
448.0 67.625
449.0 77.125
450.0 79.25
451.0 88.5
452.0 114.0
453.0 116.25
454.0 128.75
455.0 138.75
456.0 163.75
457.0 163.75
458.0 188.75
459.0 201.25
460.0 163.75
461.0 212.5
462.0 217.5
463.0 207.5
464.0 205.0
465.0 176.25
466.0 196.25
467.0 193.75
468.0 166.25
469.0 133.75
470.0 138.75
471.0 207.5
472.0 14.875
473.0 14.25
474.0 59.0
475.0 138.75
476.0 153.75
477.0 152.5
478.0 133.75
479.0 126.25
480.0 161.25
481.0 118.875
482.0 57.75
483.0 12.0
484.0 27.75
485.0 140.0
486.0 131.25
487.0 153.75
488.0 142.5
489.0 142.5
490.0 142.5
491.0 140.0
492.0 132.5
493.0 118.75
494.0 150.0
495.0 148.75
496.0 84.125
497.0 14.25
498.0 14.75
499.0 42.875
500.0 84.25
501.0 62.625
502.0 56.25
503.0 16.125
504.0 5.375
505.0 9.0
506.0 4.0
507.0 5.875
508.0 8.5
509.0 10.875
510.0 14.125
511.0 21.25
512.0 83.75
513.0 92.5
514.0 105.75
515.0 107.125
516.0 103.5
517.0 108.5
518.0 97.375
519.0 93.375
520.0 118.625
521.0 130.0
522.0 121.75
523.0 135.0
524.0 114.25
525.0 124.625
526.0 11.875
527.0 8.875
528.0 9.0
529.0 85.125
530.0 114.625
531.0 122.0
532.0 124.5
533.0 127.5
534.0 112.25
535.0 117.875
536.0 66.25
537.0 124.125
538.0 130.0
539.0 122.0
540.0 130.0
541.0 124.25
542.0 141.25
543.0 123.25
544.0 110.875
545.0 99.25
546.0 81.625
547.0 84.125
548.0 94.25
549.0 108.25
550.0 50.875
551.0 53.375
552.0 116.5
553.0 51.125
554.0 92.25
555.0 104.75
556.0 104.375
557.0 115.375
558.0 100.125
559.0 101.375
560.0 96.375
561.0 92.125
562.0 36.25
563.0 30.625
564.0 89.375
565.0 110.875
566.0 108.0
567.0 87.375
568.0 14.375
569.0 36.375
570.0 94.25
571.0 110.125
572.0 108.0
573.0 118.75
574.0 101.5
575.0 111.125
576.0 120.125
577.0 105.625
578.0 104.875
579.0 100.75
580.0 101.375
581.0 109.25
582.0 108.375
583.0 106.625
584.0 116.125
585.0 123.125
586.0 115.625
587.0 113.375
588.0 113.875
589.0 109.75
590.0 104.25
591.0 92.625
592.0 111.25
593.0 118.75
594.0 59.75
595.0 12.5
596.0 14.5
597.0 14.75
598.0 12.5
599.0 9.875
600.0 14.875
601.0 13.25
602.0 13.5
603.0 14.125
604.0 13.75
605.0 12.25
606.0 13.5
607.0 14.75
608.0 14.875
609.0 11.375
610.0 10.75
611.0 12.0
612.0 11.875
613.0 13.25
614.0 14.0
615.0 11.25
616.0 14.625
617.0 15.625
618.0 13.125
619.0 9.75
620.0 13.25
621.0 13.375
622.0 14.125
623.0 15.5
624.0 13.5
625.0 15.375
626.0 14.125
627.0 12.625
628.0 15.625
629.0 12.375
630.0 15.125
631.0 15.25
632.0 13.375
633.0 85.5
634.0 109.125
635.0 106.125
636.0 101.5
637.0 101.5
638.0 101.125
639.0 102.75
640.0 0.5
641.0 34.75
642.0 13.25
643.0 14.375
644.0 93.375
645.0 126.25
646.0 146.25
647.0 142.5
648.0 152.5
649.0 150.0
650.0 168.75
651.0 202.5
652.0 160.0
653.0 185.0
654.0 162.5
655.0 152.5
656.0 132.5
657.0 137.5
658.0 156.25
659.0 131.25
660.0 145.0
661.0 116.875
662.0 117.375
663.0 111.75
664.0 115.375
665.0 133.75
666.0 105.375
667.0 99.625
668.0 96.375
669.0 81.875
670.0 68.625
671.0 52.375
672.0 24.0
673.0 4.375
674.0 8.0
675.0 7.375
676.0 0.5
677.0 2.75
678.0 7.5
679.0 19.25
680.0 16.0
681.0 8.875
682.0 11.5
683.0 5.625
684.0 4.625
685.0 15.125
686.0 14.75
687.0 15.125
688.0 11.25
689.0 38.25
690.0 63.25
691.0 60.625
692.0 44.75
693.0 46.25
694.0 60.0
695.0 59.625
696.0 21.75
697.0 52.75
698.0 112.5
699.0 99.125
700.0 61.875
701.0 79.75
702.0 106.875
703.0 123.75
704.0 130.0
705.0 109.5
706.0 87.625
707.0 46.125
708.0 19.375
709.0 8.5
710.0 17.625
711.0 0.0
712.0 14.375
713.0 12.875
714.0 12.75
715.0 46.625
716.0 60.0
717.0 74.0
718.0 71.0
719.0 74.75
720.0 14.625
721.0 12.125
722.0 59.0
723.0 78.625
724.0 91.25
725.0 76.75
726.0 81.125
727.0 82.125
728.0 61.5
729.0 84.0
730.0 78.125
731.0 86.75
732.0 89.75
733.0 90.5
734.0 63.5
735.0 80.0
736.0 11.625
737.0 15.375
738.0 33.125
739.0 79.75
740.0 79.375
741.0 89.875
742.0 108.75
743.0 84.375
744.0 96.25
745.0 14.0
746.0 14.875
747.0 15.5
748.0 11.5
749.0 13.5
750.0 14.25
751.0 15.625
752.0 34.625
753.0 47.375
754.0 60.0
755.0 59.125
756.0 61.25
757.0 69.125
758.0 55.875
759.0 71.875
760.0 70.25
761.0 72.625
762.0 62.5
763.0 78.5
764.0 95.375
765.0 93.875
766.0 110.0
767.0 124.75
768.0 71.75
769.0 105.5
770.0 107.75
771.0 99.5
772.0 89.375
773.0 91.125
774.0 130.0
775.0 126.25
776.0 14.25
777.0 13.625
778.0 49.375
779.0 95.125
780.0 96.25
781.0 102.375
782.0 100.25
783.0 110.25
784.0 93.875
785.0 111.5
786.0 87.5
787.0 105.125
788.0 117.875
789.0 99.625
790.0 127.5
791.0 100.25
