1.0 53.0
2.0 59.5
3.0 62.5
4.0 52.5
5.0 57.5
6.0 53.0
7.0 56.0
8.0 57.5
9.0 54.0
10.0 45.5
11.0 43.0
12.0 62.0
13.0 48.0
14.0 47.5
15.0 49.5
16.0 43.0
17.0 60.0
18.0 62.0
19.0 62.0
20.0 58.0
21.0 54.5
22.0 57.0
23.0 57.0
24.0 44.5
25.0 58.0
26.0 44.5
27.0 56.5
28.0 41.0
29.0 60.0
30.0 56.0
31.0 62.5
32.0 53.0
33.0 40.0
34.0 59.5
35.0 54.0
36.0 49.0
37.0 57.0
38.0 47.0
39.0 62.5
40.0 47.5
41.0 18.5
42.0 21.5
43.0 28.0
44.0 27.5
45.0 31.5
46.0 42.5
47.0 61.0
48.0 58.5
49.0 97.5
50.0 101.0
51.0 158.5
52.0 270.0
53.0 230.5
54.0 220.5
55.0 287.5
56.0 330.5
57.0 275.0
58.0 352.5
59.0 306.0
60.0 378.0
61.0 379.5
62.0 346.5
63.0 416.0
64.0 337.0
65.0 283.5
66.0 290.5
67.0 319.5
68.0 286.5
69.0 360.0
70.0 296.0
71.0 317.5
72.0 338.0
73.0 271.5
74.0 338.5
75.0 325.5
76.0 330.5
77.0 309.0
78.0 325.0
79.0 299.0
80.0 411.5
81.0 363.0
82.0 341.0
83.0 435.0
84.0 405.0
85.0 366.5
86.0 384.5
87.0 525.0
88.0 448.0
89.0 310.0
90.0 309.5
91.0 269.0
92.0 340.0
93.0 352.5
94.0 273.5
95.0 340.5
96.0 383.5
97.0 320.0
98.0 483.5
99.0 303.0
100.0 304.5
101.0 355.0
102.0 331.0
103.0 340.0
104.0 321.5
105.0 398.5
106.0 409.5
107.0 386.0
108.0 417.0
109.0 449.5
110.0 303.0
111.0 332.0
112.0 382.0
113.0 347.0
114.0 473.5
115.0 332.0
116.0 340.5
117.0 374.5
118.0 403.0
119.0 325.0
120.0 273.0
121.0 358.5
122.0 323.5
123.0 349.5
124.0 407.0
125.0 323.5
126.0 283.0
127.0 342.5
128.0 405.5
129.0 303.5
130.0 391.0
131.0 309.5
132.0 364.5
133.0 342.0
134.0 299.5
135.0 346.0
136.0 189.0
137.0 228.0
138.0 259.0
139.0 191.0
140.0 267.0
141.0 147.5
142.0 211.0
143.0 189.0
144.0 2.0
145.0 2.0
146.0 2.0
147.0 2.5
148.0 7.0
149.0 4.0
150.0 4.5
151.0 4.0
152.0 7.0
153.0 11.5
154.0 10.0
155.0 7.5
156.0 8.0
157.0 3.0
158.0 7.5
159.0 10.5
160.0 53.0
161.0 42.0
162.0 53.5
163.0 63.5
164.0 77.5
165.0 88.0
166.0 122.5
167.0 169.5
168.0 290.5
169.0 257.5
170.0 393.0
171.0 404.0
172.0 505.0
173.0 471.5
174.0 545.0
175.0 545.0
176.0 575.0
177.0 590.0
178.0 655.0
179.0 715.0
180.0 505.0
181.0 505.0
182.0 605.0
183.0 720.0
184.0 700.0
185.0 710.0
186.0 585.0
187.0 640.0
188.0 870.0
189.0 640.0
190.0 695.0
191.0 705.0
192.0 840.0
193.0 675.0
194.0 825.0
195.0 680.0
196.0 740.0
197.0 840.0
198.0 895.0
199.0 760.0
200.0 815.0
201.0 915.0
202.0 900.0
203.0 770.0
204.0 890.0
205.0 850.0
206.0 825.0
207.0 705.0
208.0 675.0
209.0 820.0
210.0 805.0
211.0 650.0
212.0 790.0
213.0 845.0
214.0 860.0
215.0 650.0
216.0 245.0
217.0 22.5
218.0 103.0
219.0 21.5
220.0 0.5
221.0 88.0
222.0 25.0
223.0 6.0
224.0 34.5
225.0 39.0
226.0 56.5
227.0 59.0
228.0 136.5
229.0 182.0
230.0 230.0
231.0 216.5
232.0 251.0
233.0 229.0
234.0 270.5
235.0 290.5
236.0 280.0
237.0 297.5
238.0 315.0
239.0 321.5
240.0 335.5
241.0 468.0
242.0 373.0
243.0 302.5
244.0 291.5
245.0 11.5
246.0 4.0
247.0 44.5
248.0 106.5
249.0 355.5
250.0 469.5
251.0 485.5
252.0 431.5
253.0 490.0
254.0 500.0
255.0 630.0
256.0 560.0
257.0 505.0
258.0 595.0
259.0 620.0
260.0 545.0
261.0 715.0
262.0 705.0
263.0 555.0
264.0 67.0
265.0 4.0
266.0 43.0
267.0 47.0
268.0 320.5
269.0 439.0
270.0 478.0
271.0 500.0
272.0 670.0
273.0 640.0
274.0 640.0
275.0 645.0
276.0 720.0
277.0 730.0
278.0 780.0
279.0 665.0
280.0 765.0
281.0 845.0
282.0 885.0
283.0 730.0
284.0 845.0
285.0 895.0
286.0 895.0
287.0 845.0
288.0 860.0
289.0 905.0
290.0 865.0
291.0 825.0
292.0 885.0
293.0 910.0
294.0 820.0
295.0 865.0
296.0 885.0
297.0 855.0
298.0 870.0
299.0 800.0
300.0 920.0
301.0 835.0
302.0 870.0
303.0 880.0
304.0 730.0
305.0 740.0
306.0 790.0
307.0 825.0
308.0 840.0
309.0 495.0
310.0 492.5
311.0 193.0
312.0 41.0
313.0 61.0
314.0 16.5
315.0 53.5
316.0 21.0
317.0 58.0
318.0 53.5
319.0 146.0
320.0 295.5
321.0 294.5
322.0 328.0
323.0 117.5
324.0 1.0
325.0 2.5
326.0 5.5
327.0 37.5
328.0 49.0
329.0 106.0
330.0 124.5
331.0 1.5
332.0 0.5
333.0 6.0
334.0 38.5
335.0 59.0
336.0 82.0
337.0 44.0
338.0 33.0
339.0 44.0
340.0 43.0
341.0 46.0
342.0 10.5
343.0 57.5
344.0 39.5
345.0 25.5
346.0 51.5
347.0 51.0
348.0 41.0
349.0 55.0
350.0 53.5
351.0 55.5
352.0 57.5
353.0 57.0
354.0 67.0
355.0 82.5
356.0 90.5
357.0 104.0
358.0 175.5
359.0 168.0
360.0 197.5
361.0 191.0
362.0 189.5
363.0 240.0
364.0 258.0
365.0 263.0
366.0 303.5
367.0 280.0
368.0 467.0
369.0 324.5
370.0 315.0
371.0 300.0
372.0 396.0
373.0 442.0
374.0 414.0
375.0 329.0
376.0 369.5
377.0 285.5
378.0 482.5
379.0 404.5
380.0 419.5
381.0 348.5
382.0 366.0
383.0 409.5
384.0 430.0
385.0 458.0
386.0 481.5
387.0 464.5
388.0 450.0
389.0 580.0
390.0 438.5
391.0 620.0
392.0 665.0
393.0 610.0
394.0 755.0
395.0 585.0
396.0 650.0
397.0 630.0
398.0 446.0
399.0 600.0
400.0 482.5
401.0 610.0
402.0 600.0
403.0 600.0
404.0 685.0
405.0 625.0
406.0 555.0
407.0 675.0
408.0 690.0
409.0 620.0
410.0 725.0
411.0 489.5
412.0 730.0
413.0 600.0
414.0 560.0
415.0 685.0
416.0 515.0
417.0 489.5
418.0 333.0
419.0 227.5
420.0 238.5
421.0 460.5
422.0 363.0
423.0 399.5
424.0 297.0
425.0 216.0
426.0 196.0
427.0 271.0
428.0 241.0
429.0 12.5
430.0 6.0
431.0 6.0
432.0 57.5
433.0 55.5
434.0 53.5
435.0 47.0
436.0 46.5
437.0 59.5
438.0 56.0
439.0 65.0
440.0 115.5
441.0 150.0
442.0 183.0
443.0 142.0
444.0 92.0
445.0 176.0
446.0 111.5
447.0 179.0
448.0 183.0
449.0 220.0
450.0 339.0
451.0 340.0
452.0 380.5
453.0 312.0
454.0 395.0
455.0 416.0
456.0 530.0
457.0 510.0
458.0 600.0
459.0 505.0
460.0 480.0
461.0 496.5
462.0 540.0
463.0 730.0
464.0 535.0
465.0 535.0
466.0 520.0
467.0 535.0
468.0 595.0
469.0 705.0
470.0 730.0
471.0 750.0
472.0 725.0
473.0 645.0
474.0 670.0
475.0 795.0
476.0 680.0
477.0 500.0
478.0 545.0
479.0 610.0
480.0 570.0
481.0 550.0
482.0 530.0
483.0 520.0
484.0 600.0
485.0 472.5
486.0 565.0
487.0 481.0
488.0 390.5
489.0 454.0
490.0 505.0
491.0 395.5
492.0 403.5
493.0 492.5
494.0 358.0
495.0 444.5
496.0 442.0
497.0 469.0
498.0 493.5
499.0 525.0
500.0 431.5
501.0 491.0
502.0 488.0
503.0 392.5
504.0 565.0
505.0 735.0
506.0 530.0
507.0 483.5
508.0 570.0
509.0 565.0
510.0 590.0
511.0 423.5
512.0 425.5
513.0 393.0
514.0 530.0
515.0 575.0
516.0 443.5
517.0 361.0
518.0 369.0
519.0 363.5
520.0 363.5
521.0 373.0
522.0 270.5
523.0 131.5
524.0 201.0
525.0 1.5
526.0 3.0
527.0 4.5
528.0 0.0
529.0 5.5
530.0 1.5
531.0 2.0
532.0 49.5
533.0 58.5
534.0 61.0
535.0 57.5
536.0 57.0
537.0 60.5
538.0 56.0
539.0 57.0
540.0 49.0
541.0 51.0
542.0 60.5
543.0 57.0
544.0 61.0
545.0 56.0
546.0 58.5
547.0 53.5
548.0 56.0
549.0 44.0
550.0 62.0
551.0 56.0
552.0 48.0
553.0 49.5
554.0 54.0
555.0 52.5
556.0 42.5
557.0 51.0
558.0 46.5
559.0 51.0
560.0 55.0
561.0 57.0
562.0 50.5
563.0 51.5
564.0 58.0
565.0 55.5
566.0 59.5
567.0 57.5
568.0 61.0
569.0 62.5
570.0 51.0
571.0 62.0
572.0 56.5
573.0 42.0
574.0 56.0
575.0 56.0
576.0 48.5
577.0 45.0
578.0 57.5
579.0 53.0
580.0 62.0
581.0 52.0
582.0 55.5
583.0 60.0
584.0 53.0
585.0 52.5
586.0 52.0
587.0 62.0
588.0 61.5
589.0 57.5
590.0 55.0
591.0 59.0
592.0 51.5
593.0 46.5
594.0 58.5
595.0 47.5
596.0 52.0
597.0 50.5
598.0 43.5
599.0 54.0
600.0 56.0
601.0 46.0
602.0 55.0
603.0 47.5
604.0 58.0
605.0 50.5
606.0 58.5
607.0 41.5
608.0 58.5
609.0 45.0
610.0 57.5
611.0 53.0
612.0 61.0
613.0 55.0
614.0 46.0
615.0 57.0
616.0 57.5
617.0 45.0
618.0 44.0
619.0 50.5
620.0 42.5
621.0 44.5
622.0 56.5
623.0 57.5
624.0 54.5
625.0 59.5
626.0 51.5
627.0 46.5
628.0 54.5
629.0 59.5
630.0 52.0
631.0 62.5
632.0 60.5
633.0 61.0
634.0 54.5
635.0 46.0
636.0 62.5
637.0 42.5
638.0 52.5
639.0 40.5
640.0 51.0
641.0 45.5
642.0 39.0
643.0 149.0
644.0 166.5
645.0 172.5
646.0 191.5
647.0 174.5
648.0 169.5
649.0 181.5
650.0 209.5
651.0 198.0
652.0 268.5
653.0 287.5
654.0 307.5
655.0 349.0
656.0 426.5
657.0 384.0
658.0 436.5
659.0 510.0
660.0 525.0
661.0 575.0
662.0 640.0
663.0 585.0
664.0 560.0
665.0 485.0
666.0 620.0
667.0 580.0
668.0 550.0
669.0 650.0
670.0 620.0
671.0 700.0
672.0 590.0
673.0 463.0
674.0 458.5
675.0 655.0
676.0 550.0
677.0 364.0
678.0 368.0
679.0 289.5
680.0 276.0
681.0 229.5
682.0 7.0
683.0 6.0
684.0 38.5
685.0 62.5
686.0 62.5
687.0 47.0
688.0 53.5
689.0 48.0
690.0 55.0
691.0 54.0
692.0 60.0
693.0 274.0
694.0 285.5
695.0 277.5
696.0 312.0
697.0 311.5
698.0 285.5
699.0 212.5
700.0 0.0
701.0 38.0
702.0 2.0
703.0 220.5
704.0 5.0
705.0 2.5
706.0 6.0
707.0 13.5
708.0 56.5
709.0 59.5
710.0 44.0
711.0 55.0
712.0 58.0
713.0 51.0
714.0 62.5
715.0 59.5
716.0 56.5
717.0 52.0
718.0 61.5
719.0 56.0
720.0 59.0
721.0 56.0
722.0 57.5
723.0 58.5
724.0 59.5
725.0 58.0
726.0 50.5
727.0 55.5
728.0 54.5
729.0 52.0
730.0 49.0
731.0 24.5
732.0 28.5
733.0 34.0
734.0 44.0
735.0 56.0
736.0 75.5
737.0 57.0
738.0 92.0
739.0 44.0
740.0 0.0
741.0 52.5
742.0 62.0
743.0 49.0
744.0 42.5
745.0 59.5
746.0 62.0
747.0 49.0
748.0 47.5
749.0 54.0
750.0 61.0
751.0 45.0
752.0 53.5
753.0 47.0
754.0 55.0
755.0 59.5
756.0 50.5
757.0 61.5
758.0 54.0
759.0 60.5
760.0 51.5
761.0 56.0
762.0 57.0
763.0 58.0
764.0 59.0
765.0 54.5
766.0 46.0
767.0 56.0
768.0 50.0
769.0 59.5
770.0 57.5
771.0 58.0
772.0 60.0
773.0 45.0
774.0 40.5
775.0 47.0
776.0 59.0
777.0 60.0
778.0 55.0
779.0 47.0
780.0 57.5
781.0 49.0
782.0 48.5
783.0 61.5
784.0 56.5
785.0 59.5
786.0 57.0
787.0 58.0
788.0 48.0
789.0 51.5
790.0 50.5
791.0 52.5
792.0 53.0
793.0 62.0
794.0 50.0
795.0 53.0
796.0 58.5
797.0 54.0
798.0 61.5
799.0 57.0
800.0 59.5
